send out message: 24 37 /home/lchen/MAGMA/magma-1.6.1/results
send out message: 20 26 MAGMA_LU_GPUDVFS.total.pwr
MAGMA 1.6.1  compiled for CUDA capability >= 3.0
CUDA runtime 5000, driver 6050. MAGMA not compiled with OpenMP. 
ndevices 1
device 0: Tesla K20c, 705.5 MHz clock, 4799.6 MB memory, capability 3.5
Usage: /home/lchen/MAGMA/magma-1.6.1/testing/testing_dgetrf [options] [-h|--help]

ngpu 1
    M     N   CPU GFlop/s (sec)   GPU GFlop/s (sec)   |PA-LU|/(N*|A|)
=========================================================================
init_time = 0.822217
iter 0: slack_cuda = 0.000000
iter 0: cpu_time_cuda = 0.000000
iter 0: gpu_time_cuda = 0.000000
iter 0: download_copy_time_cuda = 0.000000
iter 0: upload_copy_time_cuda = 0.009894
iter 0: per_iter_time_cuda = 0.010373

iter 1: slack_cuda = 0.006782
iter 1: cpu_time_cuda = 0.014925
iter 1: gpu_time_cuda = 0.008144
iter 1: download_copy_time_cuda = 0.000724
iter 1: upload_copy_time_cuda = 0.009715
iter 1: per_iter_time_cuda = 0.033969

iter 2: slack_cuda = 0.006713
iter 2: cpu_time_cuda = 0.014610
iter 2: gpu_time_cuda = 0.007897
iter 2: download_copy_time_cuda = 0.000708
iter 2: upload_copy_time_cuda = 0.009742
iter 2: per_iter_time_cuda = 0.033439

iter 3: slack_cuda = 0.006810
iter 3: cpu_time_cuda = 0.014365
iter 3: gpu_time_cuda = 0.007555
iter 3: download_copy_time_cuda = 0.000683
iter 3: upload_copy_time_cuda = 0.009773
iter 3: per_iter_time_cuda = 0.032838

iter 4: slack_cuda = 0.006675
iter 4: cpu_time_cuda = 0.014007
iter 4: gpu_time_cuda = 0.007332
iter 4: download_copy_time_cuda = 0.000668
iter 4: upload_copy_time_cuda = 0.009705
iter 4: per_iter_time_cuda = 0.032186

iter 5: slack_cuda = 0.006646
iter 5: cpu_time_cuda = 0.013673
iter 5: gpu_time_cuda = 0.007027
iter 5: download_copy_time_cuda = 0.000662
iter 5: upload_copy_time_cuda = 0.009764
iter 5: per_iter_time_cuda = 0.031588

iter 6: slack_cuda = 0.006656
iter 6: cpu_time_cuda = 0.013495
iter 6: gpu_time_cuda = 0.006839
iter 6: download_copy_time_cuda = 0.000648
iter 6: upload_copy_time_cuda = 0.009876
iter 6: per_iter_time_cuda = 0.031333

iter 7: slack_cuda = 0.006848
iter 7: cpu_time_cuda = 0.013192
iter 7: gpu_time_cuda = 0.006343
iter 7: download_copy_time_cuda = 0.000633
iter 7: upload_copy_time_cuda = 0.009774
iter 7: per_iter_time_cuda = 0.030396

iter 8: slack_cuda = 0.006646
iter 8: cpu_time_cuda = 0.012901
iter 8: gpu_time_cuda = 0.006255
iter 8: download_copy_time_cuda = 0.000621
iter 8: upload_copy_time_cuda = 0.017549
iter 8: per_iter_time_cuda = 0.037794

iter 9: slack_cuda = 0.006570
iter 9: cpu_time_cuda = 0.012510
iter 9: gpu_time_cuda = 0.005940
iter 9: download_copy_time_cuda = 0.000614
iter 9: upload_copy_time_cuda = 0.009610
iter 9: per_iter_time_cuda = 0.029118

iter 10: slack_cuda = 0.006425
iter 10: cpu_time_cuda = 0.012108
iter 10: gpu_time_cuda = 0.005683
iter 10: download_copy_time_cuda = 0.000597
iter 10: upload_copy_time_cuda = 0.009639
iter 10: per_iter_time_cuda = 0.028483

iter 11: slack_cuda = 0.006420
iter 11: cpu_time_cuda = 0.011820
iter 11: gpu_time_cuda = 0.005400
iter 11: download_copy_time_cuda = 0.000576
iter 11: upload_copy_time_cuda = 0.009710
iter 11: per_iter_time_cuda = 0.027929

iter 12: slack_cuda = 0.006334
iter 12: cpu_time_cuda = 0.011637
iter 12: gpu_time_cuda = 0.005302
iter 12: download_copy_time_cuda = 0.000562
iter 12: upload_copy_time_cuda = 0.013965
iter 12: per_iter_time_cuda = 0.031906

iter 13: slack_cuda = 0.006331
iter 13: cpu_time_cuda = 0.011393
iter 13: gpu_time_cuda = 0.005062
iter 13: download_copy_time_cuda = 0.000551
iter 13: upload_copy_time_cuda = 0.010216
iter 13: per_iter_time_cuda = 0.027643

iter 14: slack_cuda = 0.006249
iter 14: cpu_time_cuda = 0.011090
iter 14: gpu_time_cuda = 0.004841
iter 14: download_copy_time_cuda = 0.000542
iter 14: upload_copy_time_cuda = 0.009769
iter 14: per_iter_time_cuda = 0.026675

iter 15: slack_cuda = 0.006276
iter 15: cpu_time_cuda = 0.010800
iter 15: gpu_time_cuda = 0.004523
iter 15: download_copy_time_cuda = 0.000529
iter 15: upload_copy_time_cuda = 0.009712
iter 15: per_iter_time_cuda = 0.025975

iter 16: slack_cuda = 0.006197
iter 16: cpu_time_cuda = 0.010523
iter 16: gpu_time_cuda = 0.004325
iter 16: download_copy_time_cuda = 0.000510
iter 16: upload_copy_time_cuda = 0.016488
iter 16: per_iter_time_cuda = 0.032265

iter 17: slack_cuda = 0.006064
iter 17: cpu_time_cuda = 0.010229
iter 17: gpu_time_cuda = 0.004165
iter 17: download_copy_time_cuda = 0.000496
iter 17: upload_copy_time_cuda = 0.009921
iter 17: per_iter_time_cuda = 0.025195

iter 18: slack_cuda = 0.006024
iter 18: cpu_time_cuda = 0.009934
iter 18: gpu_time_cuda = 0.003910
iter 18: download_copy_time_cuda = 0.000493
iter 18: upload_copy_time_cuda = 0.009745
iter 18: per_iter_time_cuda = 0.024479

iter 19: slack_cuda = 0.006002
iter 19: cpu_time_cuda = 0.009641
iter 19: gpu_time_cuda = 0.003639
iter 19: download_copy_time_cuda = 0.000476
iter 19: upload_copy_time_cuda = 0.009787
iter 19: per_iter_time_cuda = 0.023921

iter 20: slack_cuda = 0.005885
iter 20: cpu_time_cuda = 0.009360
iter 20: gpu_time_cuda = 0.003474
iter 20: download_copy_time_cuda = 0.000456
iter 20: upload_copy_time_cuda = 0.010216
iter 20: per_iter_time_cuda = 0.023892

iter 21: slack_cuda = 0.005688
iter 21: cpu_time_cuda = 0.008960
iter 21: gpu_time_cuda = 0.003272
iter 21: download_copy_time_cuda = 0.000442
iter 21: upload_copy_time_cuda = 0.009666
iter 21: per_iter_time_cuda = 0.022712

iter 22: slack_cuda = 0.005635
iter 22: cpu_time_cuda = 0.008774
iter 22: gpu_time_cuda = 0.003139
iter 22: download_copy_time_cuda = 0.000427
iter 22: upload_copy_time_cuda = 0.009713
iter 22: per_iter_time_cuda = 0.022441

iter 23: slack_cuda = 0.005536
iter 23: cpu_time_cuda = 0.008513
iter 23: gpu_time_cuda = 0.002977
iter 23: download_copy_time_cuda = 0.000427
iter 23: upload_copy_time_cuda = 0.009674
iter 23: per_iter_time_cuda = 0.021961

iter 24: slack_cuda = 0.005339
iter 24: cpu_time_cuda = 0.008132
iter 24: gpu_time_cuda = 0.002793
iter 24: download_copy_time_cuda = 0.000405
iter 24: upload_copy_time_cuda = 0.009612
iter 24: per_iter_time_cuda = 0.021323

iter 25: slack_cuda = 0.005342
iter 25: cpu_time_cuda = 0.007868
iter 25: gpu_time_cuda = 0.002526
iter 25: download_copy_time_cuda = 0.000390
iter 25: upload_copy_time_cuda = 0.010069
iter 25: per_iter_time_cuda = 0.021215

iter 26: slack_cuda = 0.004943
iter 26: cpu_time_cuda = 0.007432
iter 26: gpu_time_cuda = 0.002489
iter 26: download_copy_time_cuda = 0.000372
iter 26: upload_copy_time_cuda = 0.009716
iter 26: per_iter_time_cuda = 0.020376

iter 27: slack_cuda = 0.004981
iter 27: cpu_time_cuda = 0.007172
iter 27: gpu_time_cuda = 0.002191
iter 27: download_copy_time_cuda = 0.000369
iter 27: upload_copy_time_cuda = 0.009539
iter 27: per_iter_time_cuda = 0.019614

iter 28: slack_cuda = 0.004727
iter 28: cpu_time_cuda = 0.006883
iter 28: gpu_time_cuda = 0.002156
iter 28: download_copy_time_cuda = 0.000351
iter 28: upload_copy_time_cuda = 0.009511
iter 28: per_iter_time_cuda = 0.019257

iter 29: slack_cuda = 0.004567
iter 29: cpu_time_cuda = 0.006596
iter 29: gpu_time_cuda = 0.002029
iter 29: download_copy_time_cuda = 0.000340
iter 29: upload_copy_time_cuda = 0.009670
iter 29: per_iter_time_cuda = 0.018976

iter 30: slack_cuda = 0.004499
iter 30: cpu_time_cuda = 0.006422
iter 30: gpu_time_cuda = 0.001923
iter 30: download_copy_time_cuda = 0.000325
iter 30: upload_copy_time_cuda = 0.009681
iter 30: per_iter_time_cuda = 0.018702

iter 31: slack_cuda = 0.004319
iter 31: cpu_time_cuda = 0.006024
iter 31: gpu_time_cuda = 0.001705
iter 31: download_copy_time_cuda = 0.000307
iter 31: upload_copy_time_cuda = 0.017708
iter 31: per_iter_time_cuda = 0.026086

iter 32: slack_cuda = 0.004215
iter 32: cpu_time_cuda = 0.005814
iter 32: gpu_time_cuda = 0.001599
iter 32: download_copy_time_cuda = 0.000298
iter 32: upload_copy_time_cuda = 0.009692
iter 32: per_iter_time_cuda = 0.017743

iter 33: slack_cuda = 0.004039
iter 33: cpu_time_cuda = 0.005515
iter 33: gpu_time_cuda = 0.001476
iter 33: download_copy_time_cuda = 0.000285
iter 33: upload_copy_time_cuda = 0.009545
iter 33: per_iter_time_cuda = 0.017138

iter 34: slack_cuda = 0.003891
iter 34: cpu_time_cuda = 0.005207
iter 34: gpu_time_cuda = 0.001316
iter 34: download_copy_time_cuda = 0.000267
iter 34: upload_copy_time_cuda = 0.009742
iter 34: per_iter_time_cuda = 0.016839

iter 35: slack_cuda = 0.003712
iter 35: cpu_time_cuda = 0.004923
iter 35: gpu_time_cuda = 0.001211
iter 35: download_copy_time_cuda = 0.000255
iter 35: upload_copy_time_cuda = 0.009671
iter 35: per_iter_time_cuda = 0.016361

iter 36: slack_cuda = 0.003475
iter 36: cpu_time_cuda = 0.004580
iter 36: gpu_time_cuda = 0.001105
iter 36: download_copy_time_cuda = 0.000247
iter 36: upload_copy_time_cuda = 0.009678
iter 36: per_iter_time_cuda = 0.015910

iter 37: slack_cuda = 0.003304
iter 37: cpu_time_cuda = 0.004308
iter 37: gpu_time_cuda = 0.001004
iter 37: download_copy_time_cuda = 0.000232
iter 37: upload_copy_time_cuda = 0.009646
iter 37: per_iter_time_cuda = 0.015485

iter 38: slack_cuda = 0.003031
iter 38: cpu_time_cuda = 0.003950
iter 38: gpu_time_cuda = 0.000919
iter 38: download_copy_time_cuda = 0.000222
iter 38: upload_copy_time_cuda = 0.017259
iter 38: per_iter_time_cuda = 0.022648

iter 39: slack_cuda = 0.002899
iter 39: cpu_time_cuda = 0.003706
iter 39: gpu_time_cuda = 0.000807
iter 39: download_copy_time_cuda = 0.000200
iter 39: upload_copy_time_cuda = 0.009750
iter 39: per_iter_time_cuda = 0.014749

iter 40: slack_cuda = 0.002659
iter 40: cpu_time_cuda = 0.003381
iter 40: gpu_time_cuda = 0.000722
iter 40: download_copy_time_cuda = 0.000188
iter 40: upload_copy_time_cuda = 0.009696
iter 40: per_iter_time_cuda = 0.014280

iter 41: slack_cuda = 0.002468
iter 41: cpu_time_cuda = 0.003089
iter 41: gpu_time_cuda = 0.000621
iter 41: download_copy_time_cuda = 0.000179
iter 41: upload_copy_time_cuda = 0.009802
iter 41: per_iter_time_cuda = 0.013975

iter 42: slack_cuda = 0.002287
iter 42: cpu_time_cuda = 0.002828
iter 42: gpu_time_cuda = 0.000541
iter 42: download_copy_time_cuda = 0.000161
iter 42: upload_copy_time_cuda = 0.010188
iter 42: per_iter_time_cuda = 0.014008

iter 43: slack_cuda = 0.002258
iter 43: cpu_time_cuda = 0.002739
iter 43: gpu_time_cuda = 0.000482
iter 43: download_copy_time_cuda = 0.000146
iter 43: upload_copy_time_cuda = 0.009947
iter 43: per_iter_time_cuda = 0.013584

iter 44: slack_cuda = 0.001987
iter 44: cpu_time_cuda = 0.002428
iter 44: gpu_time_cuda = 0.000441
iter 44: download_copy_time_cuda = 0.000132
iter 44: upload_copy_time_cuda = 0.009937
iter 44: per_iter_time_cuda = 0.013203

iter 45: slack_cuda = 0.001874
iter 45: cpu_time_cuda = 0.002247
iter 45: gpu_time_cuda = 0.000373
iter 45: download_copy_time_cuda = 0.000124
iter 45: upload_copy_time_cuda = 0.010849
iter 45: per_iter_time_cuda = 0.013853

iter 46: slack_cuda = 0.001535
iter 46: cpu_time_cuda = 0.001851
iter 46: gpu_time_cuda = 0.000316
iter 46: download_copy_time_cuda = 0.000108
iter 46: upload_copy_time_cuda = 0.015175
iter 46: per_iter_time_cuda = 0.017719

iter 47: slack_cuda = 0.001376
iter 47: cpu_time_cuda = 0.001623
iter 47: gpu_time_cuda = 0.000246
iter 47: download_copy_time_cuda = 0.000094
iter 47: upload_copy_time_cuda = 0.010141
iter 47: per_iter_time_cuda = 0.012367

iter 48: slack_cuda = 0.001091
iter 48: cpu_time_cuda = 0.001315
iter 48: gpu_time_cuda = 0.000224
iter 48: download_copy_time_cuda = 0.000085
iter 48: upload_copy_time_cuda = 0.009918
iter 48: per_iter_time_cuda = 0.011803

iter 49: slack_cuda = 0.000946
iter 49: cpu_time_cuda = 0.001148
iter 49: gpu_time_cuda = 0.000202
iter 49: download_copy_time_cuda = 0.000081
iter 49: upload_copy_time_cuda = 0.009944
iter 49: per_iter_time_cuda = 0.011632

iter 50: slack_cuda = 0.000438
iter 50: cpu_time_cuda = 0.000622
iter 50: gpu_time_cuda = 0.000185
iter 50: download_copy_time_cuda = 0.000080
iter 50: upload_copy_time_cuda = 0.010227
iter 50: per_iter_time_cuda = 0.011355

total_slack_overflow = 0.000000
total_cpu_time_cuda = 0.386260
total_gpu_time_cuda = 0.154647
total_copy_time_cuda = 0.559221
main_loop_time_cuda = 1.122862
Normalized difference of predicted CPU runtime per iteration is: 0.000000%
Normalized difference of predicted GPU runtime per iteration is: 0.000000%
Normalized difference of predicted slack per iteration is: 0.000000%
 5120  5120     ---   (  ---  )     74.13 (   1.21)     ---   
total_time = 2.161198
1.58user 0.77system 0:03.46elapsed 68%CPU (0avgtext+0avgdata 358516maxresident)k
3920inputs+0outputs (1major+71934minor)pagefaults 0swaps
send out message: 22 3 log
