send out message: 24 37 /home/lchen/MAGMA/magma-1.6.1/results
send out message: 20 26 MAGMA_LU_GPUDVFS.total.pwr
MAGMA 1.6.1  compiled for CUDA capability >= 3.0
CUDA runtime 5000, driver 6050. MAGMA not compiled with OpenMP. 
ndevices 1
device 0: Tesla K20c, 705.5 MHz clock, 4799.6 MB memory, capability 3.5
Usage: /home/lchen/MAGMA/magma-1.6.1/testing/testing_dgetrf [options] [-h|--help]

ngpu 1
    M     N   CPU GFlop/s (sec)   GPU GFlop/s (sec)   |PA-LU|/(N*|A|)
=========================================================================
init_time = 2.497355
iter 0: slack_cuda = 0.000000
iter 0: cpu_time_cuda = 0.000000
iter 0: gpu_time_cuda = 0.000000
iter 0: download_copy_time_cuda = 0.000000
iter 0: upload_copy_time_cuda = 0.001505
iter 0: per_iter_time_cuda = 0.002219

iter 1: slack_cuda = -0.006690
iter 1: cpu_time_cuda = 0.022901
iter 1: gpu_time_cuda = 0.029591
iter 1: download_copy_time_cuda = 0.001438
iter 1: upload_copy_time_cuda = 0.001496
iter 1: per_iter_time_cuda = 0.056103

iter 2: slack_cuda = -0.006215
iter 2: cpu_time_cuda = 0.022578
iter 2: gpu_time_cuda = 0.028794
iter 2: download_copy_time_cuda = 0.001419
iter 2: upload_copy_time_cuda = 0.001479
iter 2: per_iter_time_cuda = 0.054997

iter 3: slack_cuda = -0.005481
iter 3: cpu_time_cuda = 0.022399
iter 3: gpu_time_cuda = 0.027880
iter 3: download_copy_time_cuda = 0.001383
iter 3: upload_copy_time_cuda = 0.001485
iter 3: per_iter_time_cuda = 0.053813

iter 4: slack_cuda = -0.005836
iter 4: cpu_time_cuda = 0.022102
iter 4: gpu_time_cuda = 0.027937
iter 4: download_copy_time_cuda = 0.001371
iter 4: upload_copy_time_cuda = 0.001434
iter 4: per_iter_time_cuda = 0.053567

iter 5: slack_cuda = -0.005429
iter 5: cpu_time_cuda = 0.021925
iter 5: gpu_time_cuda = 0.027354
iter 5: download_copy_time_cuda = 0.001374
iter 5: upload_copy_time_cuda = 0.001436
iter 5: per_iter_time_cuda = 0.052759

iter 6: slack_cuda = -0.005329
iter 6: cpu_time_cuda = 0.021603
iter 6: gpu_time_cuda = 0.026932
iter 6: download_copy_time_cuda = 0.001342
iter 6: upload_copy_time_cuda = 0.001420
iter 6: per_iter_time_cuda = 0.052007

iter 7: slack_cuda = -0.004416
iter 7: cpu_time_cuda = 0.021446
iter 7: gpu_time_cuda = 0.025862
iter 7: download_copy_time_cuda = 0.001329
iter 7: upload_copy_time_cuda = 0.001409
iter 7: per_iter_time_cuda = 0.050693

iter 8: slack_cuda = -0.004727
iter 8: cpu_time_cuda = 0.021167
iter 8: gpu_time_cuda = 0.025894
iter 8: download_copy_time_cuda = 0.001312
iter 8: upload_copy_time_cuda = 0.001376
iter 8: per_iter_time_cuda = 0.050444

iter 9: slack_cuda = -0.004142
iter 9: cpu_time_cuda = 0.021064
iter 9: gpu_time_cuda = 0.025206
iter 9: download_copy_time_cuda = 0.001322
iter 9: upload_copy_time_cuda = 0.001382
iter 9: per_iter_time_cuda = 0.049610

iter 10: slack_cuda = -0.003796
iter 10: cpu_time_cuda = 0.020788
iter 10: gpu_time_cuda = 0.024584
iter 10: download_copy_time_cuda = 0.001299
iter 10: upload_copy_time_cuda = 0.001376
iter 10: per_iter_time_cuda = 0.048734

iter 11: slack_cuda = -0.002875
iter 11: cpu_time_cuda = 0.020711
iter 11: gpu_time_cuda = 0.023586
iter 11: download_copy_time_cuda = 0.001312
iter 11: upload_copy_time_cuda = 0.001349
iter 11: per_iter_time_cuda = 0.047593

iter 12: slack_cuda = -0.002890
iter 12: cpu_time_cuda = 0.020937
iter 12: gpu_time_cuda = 0.023826
iter 12: download_copy_time_cuda = 0.001288
iter 12: upload_copy_time_cuda = 0.001319
iter 12: per_iter_time_cuda = 0.048070

iter 13: slack_cuda = -0.003176
iter 13: cpu_time_cuda = 0.020164
iter 13: gpu_time_cuda = 0.023340
iter 13: download_copy_time_cuda = 0.001283
iter 13: upload_copy_time_cuda = 0.001322
iter 13: per_iter_time_cuda = 0.046725

iter 14: slack_cuda = -0.002698
iter 14: cpu_time_cuda = 0.019989
iter 14: gpu_time_cuda = 0.022687
iter 14: download_copy_time_cuda = 0.001235
iter 14: upload_copy_time_cuda = 0.001305
iter 14: per_iter_time_cuda = 0.045877

iter 15: slack_cuda = -0.002124
iter 15: cpu_time_cuda = 0.019750
iter 15: gpu_time_cuda = 0.021874
iter 15: download_copy_time_cuda = 0.001231
iter 15: upload_copy_time_cuda = 0.001289
iter 15: per_iter_time_cuda = 0.044743

iter 16: slack_cuda = -0.002169
iter 16: cpu_time_cuda = 0.019534
iter 16: gpu_time_cuda = 0.021703
iter 16: download_copy_time_cuda = 0.001213
iter 16: upload_copy_time_cuda = 0.001258
iter 16: per_iter_time_cuda = 0.044356

iter 17: slack_cuda = -0.001973
iter 17: cpu_time_cuda = 0.019327
iter 17: gpu_time_cuda = 0.021299
iter 17: download_copy_time_cuda = 0.001213
iter 17: upload_copy_time_cuda = 0.001262
iter 17: per_iter_time_cuda = 0.043703

iter 18: slack_cuda = -0.001503
iter 18: cpu_time_cuda = 0.019143
iter 18: gpu_time_cuda = 0.020646
iter 18: download_copy_time_cuda = 0.001230
iter 18: upload_copy_time_cuda = 0.001249
iter 18: per_iter_time_cuda = 0.042913

iter 19: slack_cuda = -0.000889
iter 19: cpu_time_cuda = 0.018854
iter 19: gpu_time_cuda = 0.019743
iter 19: download_copy_time_cuda = 0.001186
iter 19: upload_copy_time_cuda = 0.001251
iter 19: per_iter_time_cuda = 0.041627

iter 20: slack_cuda = -0.001162
iter 20: cpu_time_cuda = 0.018749
iter 20: gpu_time_cuda = 0.019911
iter 20: download_copy_time_cuda = 0.001151
iter 20: upload_copy_time_cuda = 0.001205
iter 20: per_iter_time_cuda = 0.041643

iter 21: slack_cuda = -0.001063
iter 21: cpu_time_cuda = 0.018448
iter 21: gpu_time_cuda = 0.019511
iter 21: download_copy_time_cuda = 0.001145
iter 21: upload_copy_time_cuda = 0.001221
iter 21: per_iter_time_cuda = 0.040909

iter 22: slack_cuda = -0.000594
iter 22: cpu_time_cuda = 0.018291
iter 22: gpu_time_cuda = 0.018885
iter 22: download_copy_time_cuda = 0.001135
iter 22: upload_copy_time_cuda = 0.001195
iter 22: per_iter_time_cuda = 0.040128

iter 23: slack_cuda = 0.000251
iter 23: cpu_time_cuda = 0.018179
iter 23: gpu_time_cuda = 0.017929
iter 23: download_copy_time_cuda = 0.001120
iter 23: upload_copy_time_cuda = 0.001180
iter 23: per_iter_time_cuda = 0.038984

iter 24: slack_cuda = -0.000088
iter 24: cpu_time_cuda = 0.017955
iter 24: gpu_time_cuda = 0.018043
iter 24: download_copy_time_cuda = 0.001109
iter 24: upload_copy_time_cuda = 0.001150
iter 24: per_iter_time_cuda = 0.038878

iter 25: slack_cuda = 0.000189
iter 25: cpu_time_cuda = 0.017650
iter 25: gpu_time_cuda = 0.017461
iter 25: download_copy_time_cuda = 0.001096
iter 25: upload_copy_time_cuda = 0.001150
iter 25: per_iter_time_cuda = 0.037919

iter 26: slack_cuda = 0.000405
iter 26: cpu_time_cuda = 0.017571
iter 26: gpu_time_cuda = 0.017167
iter 26: download_copy_time_cuda = 0.001079
iter 26: upload_copy_time_cuda = 0.001135
iter 26: per_iter_time_cuda = 0.037562

iter 27: slack_cuda = 0.001080
iter 27: cpu_time_cuda = 0.017469
iter 27: gpu_time_cuda = 0.016389
iter 27: download_copy_time_cuda = 0.001060
iter 27: upload_copy_time_cuda = 0.001123
iter 27: per_iter_time_cuda = 0.036593

iter 28: slack_cuda = 0.000735
iter 28: cpu_time_cuda = 0.017070
iter 28: gpu_time_cuda = 0.016335
iter 28: download_copy_time_cuda = 0.001043
iter 28: upload_copy_time_cuda = 0.001091
iter 28: per_iter_time_cuda = 0.036160

iter 29: slack_cuda = 0.001030
iter 29: cpu_time_cuda = 0.016878
iter 29: gpu_time_cuda = 0.015847
iter 29: download_copy_time_cuda = 0.001034
iter 29: upload_copy_time_cuda = 0.001094
iter 29: per_iter_time_cuda = 0.035400

iter 30: slack_cuda = 0.001068
iter 30: cpu_time_cuda = 0.016669
iter 30: gpu_time_cuda = 0.015601
iter 30: download_copy_time_cuda = 0.001032
iter 30: upload_copy_time_cuda = 0.001076
iter 30: per_iter_time_cuda = 0.034984

iter 31: slack_cuda = 0.001768
iter 31: cpu_time_cuda = 0.016442
iter 31: gpu_time_cuda = 0.014674
iter 31: download_copy_time_cuda = 0.001022
iter 31: upload_copy_time_cuda = 0.001068
iter 31: per_iter_time_cuda = 0.033751

iter 32: slack_cuda = 0.001556
iter 32: cpu_time_cuda = 0.016228
iter 32: gpu_time_cuda = 0.014671
iter 32: download_copy_time_cuda = 0.001005
iter 32: upload_copy_time_cuda = 0.001032
iter 32: per_iter_time_cuda = 0.033519

iter 33: slack_cuda = 0.001725
iter 33: cpu_time_cuda = 0.016008
iter 33: gpu_time_cuda = 0.014284
iter 33: download_copy_time_cuda = 0.000985
iter 33: upload_copy_time_cuda = 0.001035
iter 33: per_iter_time_cuda = 0.032840

iter 34: slack_cuda = 0.001736
iter 34: cpu_time_cuda = 0.015648
iter 34: gpu_time_cuda = 0.013912
iter 34: download_copy_time_cuda = 0.000996
iter 34: upload_copy_time_cuda = 0.001018
iter 34: per_iter_time_cuda = 0.032142

iter 35: slack_cuda = 0.002387
iter 35: cpu_time_cuda = 0.015606
iter 35: gpu_time_cuda = 0.013219
iter 35: download_copy_time_cuda = 0.000959
iter 35: upload_copy_time_cuda = 0.001005
iter 35: per_iter_time_cuda = 0.031305

iter 36: slack_cuda = 0.002938
iter 36: cpu_time_cuda = 0.016112
iter 36: gpu_time_cuda = 0.013173
iter 36: download_copy_time_cuda = 0.000940
iter 36: upload_copy_time_cuda = 0.000999
iter 36: per_iter_time_cuda = 0.031771

iter 37: slack_cuda = 0.002341
iter 37: cpu_time_cuda = 0.015032
iter 37: gpu_time_cuda = 0.012691
iter 37: download_copy_time_cuda = 0.000928
iter 37: upload_copy_time_cuda = 0.000977
iter 37: per_iter_time_cuda = 0.030134

iter 38: slack_cuda = 0.002443
iter 38: cpu_time_cuda = 0.014864
iter 38: gpu_time_cuda = 0.012421
iter 38: download_copy_time_cuda = 0.000939
iter 38: upload_copy_time_cuda = 0.000962
iter 38: per_iter_time_cuda = 0.029738

iter 39: slack_cuda = 0.002813
iter 39: cpu_time_cuda = 0.014693
iter 39: gpu_time_cuda = 0.011880
iter 39: download_copy_time_cuda = 0.000912
iter 39: upload_copy_time_cuda = 0.000945
iter 39: per_iter_time_cuda = 0.028932

iter 40: slack_cuda = 0.002634
iter 40: cpu_time_cuda = 0.014419
iter 40: gpu_time_cuda = 0.011785
iter 40: download_copy_time_cuda = 0.000896
iter 40: upload_copy_time_cuda = 0.000918
iter 40: per_iter_time_cuda = 0.028558

iter 41: slack_cuda = 0.002870
iter 41: cpu_time_cuda = 0.014213
iter 41: gpu_time_cuda = 0.011343
iter 41: download_copy_time_cuda = 0.000880
iter 41: upload_copy_time_cuda = 0.000917
iter 41: per_iter_time_cuda = 0.027841

iter 42: slack_cuda = 0.003055
iter 42: cpu_time_cuda = 0.013981
iter 42: gpu_time_cuda = 0.010926
iter 42: download_copy_time_cuda = 0.000859
iter 42: upload_copy_time_cuda = 0.000902
iter 42: per_iter_time_cuda = 0.027191

iter 43: slack_cuda = 0.003297
iter 43: cpu_time_cuda = 0.013959
iter 43: gpu_time_cuda = 0.010662
iter 43: download_copy_time_cuda = 0.000856
iter 43: upload_copy_time_cuda = 0.000886
iter 43: per_iter_time_cuda = 0.026847

iter 44: slack_cuda = 0.003171
iter 44: cpu_time_cuda = 0.013548
iter 44: gpu_time_cuda = 0.010377
iter 44: download_copy_time_cuda = 0.000838
iter 44: upload_copy_time_cuda = 0.000864
iter 44: per_iter_time_cuda = 0.026141

iter 45: slack_cuda = 0.003256
iter 45: cpu_time_cuda = 0.013269
iter 45: gpu_time_cuda = 0.010013
iter 45: download_copy_time_cuda = 0.000828
iter 45: upload_copy_time_cuda = 0.000856
iter 45: per_iter_time_cuda = 0.025438

iter 46: slack_cuda = 0.003309
iter 46: cpu_time_cuda = 0.013118
iter 46: gpu_time_cuda = 0.009809
iter 46: download_copy_time_cuda = 0.000809
iter 46: upload_copy_time_cuda = 0.000843
iter 46: per_iter_time_cuda = 0.025083

iter 47: slack_cuda = 0.003877
iter 47: cpu_time_cuda = 0.012917
iter 47: gpu_time_cuda = 0.009039
iter 47: download_copy_time_cuda = 0.000792
iter 47: upload_copy_time_cuda = 0.000827
iter 47: per_iter_time_cuda = 0.024030

iter 48: slack_cuda = 0.003617
iter 48: cpu_time_cuda = 0.012633
iter 48: gpu_time_cuda = 0.009017
iter 48: download_copy_time_cuda = 0.000776
iter 48: upload_copy_time_cuda = 0.000804
iter 48: per_iter_time_cuda = 0.023718

iter 49: slack_cuda = 0.003638
iter 49: cpu_time_cuda = 0.012348
iter 49: gpu_time_cuda = 0.008709
iter 49: download_copy_time_cuda = 0.000771
iter 49: upload_copy_time_cuda = 0.000799
iter 49: per_iter_time_cuda = 0.023085

iter 50: slack_cuda = 0.003817
iter 50: cpu_time_cuda = 0.012236
iter 50: gpu_time_cuda = 0.008419
iter 50: download_copy_time_cuda = 0.000754
iter 50: upload_copy_time_cuda = 0.000786
iter 50: per_iter_time_cuda = 0.022669

iter 51: slack_cuda = 0.003953
iter 51: cpu_time_cuda = 0.011955
iter 51: gpu_time_cuda = 0.008001
iter 51: download_copy_time_cuda = 0.000738
iter 51: upload_copy_time_cuda = 0.000772
iter 51: per_iter_time_cuda = 0.021911

iter 52: slack_cuda = 0.003945
iter 52: cpu_time_cuda = 0.011709
iter 52: gpu_time_cuda = 0.007765
iter 52: download_copy_time_cuda = 0.000723
iter 52: upload_copy_time_cuda = 0.000747
iter 52: per_iter_time_cuda = 0.021402

iter 53: slack_cuda = 0.003935
iter 53: cpu_time_cuda = 0.011537
iter 53: gpu_time_cuda = 0.007601
iter 53: download_copy_time_cuda = 0.000712
iter 53: upload_copy_time_cuda = 0.000739
iter 53: per_iter_time_cuda = 0.021028

iter 54: slack_cuda = 0.003930
iter 54: cpu_time_cuda = 0.011230
iter 54: gpu_time_cuda = 0.007300
iter 54: download_copy_time_cuda = 0.000706
iter 54: upload_copy_time_cuda = 0.000727
iter 54: per_iter_time_cuda = 0.020422

iter 55: slack_cuda = 0.004153
iter 55: cpu_time_cuda = 0.011133
iter 55: gpu_time_cuda = 0.006980
iter 55: download_copy_time_cuda = 0.000686
iter 55: upload_copy_time_cuda = 0.000710
iter 55: per_iter_time_cuda = 0.019934

iter 56: slack_cuda = 0.004149
iter 56: cpu_time_cuda = 0.010878
iter 56: gpu_time_cuda = 0.006730
iter 56: download_copy_time_cuda = 0.000667
iter 56: upload_copy_time_cuda = 0.000686
iter 56: per_iter_time_cuda = 0.019407

iter 57: slack_cuda = 0.004124
iter 57: cpu_time_cuda = 0.010635
iter 57: gpu_time_cuda = 0.006510
iter 57: download_copy_time_cuda = 0.000661
iter 57: upload_copy_time_cuda = 0.000685
iter 57: per_iter_time_cuda = 0.018913

iter 58: slack_cuda = 0.004170
iter 58: cpu_time_cuda = 0.010461
iter 58: gpu_time_cuda = 0.006291
iter 58: download_copy_time_cuda = 0.000655
iter 58: upload_copy_time_cuda = 0.000667
iter 58: per_iter_time_cuda = 0.018511

iter 59: slack_cuda = 0.004492
iter 59: cpu_time_cuda = 0.010236
iter 59: gpu_time_cuda = 0.005744
iter 59: download_copy_time_cuda = 0.000645
iter 59: upload_copy_time_cuda = 0.000655
iter 59: per_iter_time_cuda = 0.017702

iter 60: slack_cuda = 0.004157
iter 60: cpu_time_cuda = 0.009847
iter 60: gpu_time_cuda = 0.005691
iter 60: download_copy_time_cuda = 0.000618
iter 60: upload_copy_time_cuda = 0.000632
iter 60: per_iter_time_cuda = 0.017237

iter 61: slack_cuda = 0.004149
iter 61: cpu_time_cuda = 0.009649
iter 61: gpu_time_cuda = 0.005501
iter 61: download_copy_time_cuda = 0.000619
iter 61: upload_copy_time_cuda = 0.000626
iter 61: per_iter_time_cuda = 0.016801

iter 62: slack_cuda = 0.004018
iter 62: cpu_time_cuda = 0.009403
iter 62: gpu_time_cuda = 0.005385
iter 62: download_copy_time_cuda = 0.000589
iter 62: upload_copy_time_cuda = 0.000608
iter 62: per_iter_time_cuda = 0.016412

iter 63: slack_cuda = 0.004391
iter 63: cpu_time_cuda = 0.009277
iter 63: gpu_time_cuda = 0.004885
iter 63: download_copy_time_cuda = 0.000583
iter 63: upload_copy_time_cuda = 0.000594
iter 63: per_iter_time_cuda = 0.015735

iter 64: slack_cuda = 0.004303
iter 64: cpu_time_cuda = 0.008997
iter 64: gpu_time_cuda = 0.004694
iter 64: download_copy_time_cuda = 0.000572
iter 64: upload_copy_time_cuda = 0.000573
iter 64: per_iter_time_cuda = 0.015241

iter 65: slack_cuda = 0.004304
iter 65: cpu_time_cuda = 0.008814
iter 65: gpu_time_cuda = 0.004510
iter 65: download_copy_time_cuda = 0.000551
iter 65: upload_copy_time_cuda = 0.000566
iter 65: per_iter_time_cuda = 0.014825

iter 66: slack_cuda = 0.004251
iter 66: cpu_time_cuda = 0.008601
iter 66: gpu_time_cuda = 0.004349
iter 66: download_copy_time_cuda = 0.000548
iter 66: upload_copy_time_cuda = 0.000552
iter 66: per_iter_time_cuda = 0.014441

iter 67: slack_cuda = 0.004196
iter 67: cpu_time_cuda = 0.008256
iter 67: gpu_time_cuda = 0.004060
iter 67: download_copy_time_cuda = 0.000523
iter 67: upload_copy_time_cuda = 0.000537
iter 67: per_iter_time_cuda = 0.013752

iter 68: slack_cuda = 0.004062
iter 68: cpu_time_cuda = 0.008054
iter 68: gpu_time_cuda = 0.003992
iter 68: download_copy_time_cuda = 0.000509
iter 68: upload_copy_time_cuda = 0.000517
iter 68: per_iter_time_cuda = 0.013460

iter 69: slack_cuda = 0.004238
iter 69: cpu_time_cuda = 0.007983
iter 69: gpu_time_cuda = 0.003745
iter 69: download_copy_time_cuda = 0.000503
iter 69: upload_copy_time_cuda = 0.000510
iter 69: per_iter_time_cuda = 0.013099

iter 70: slack_cuda = 0.004213
iter 70: cpu_time_cuda = 0.007709
iter 70: gpu_time_cuda = 0.003497
iter 70: download_copy_time_cuda = 0.000485
iter 70: upload_copy_time_cuda = 0.000494
iter 70: per_iter_time_cuda = 0.012560

iter 71: slack_cuda = 0.004051
iter 71: cpu_time_cuda = 0.007396
iter 71: gpu_time_cuda = 0.003345
iter 71: download_copy_time_cuda = 0.000481
iter 71: upload_copy_time_cuda = 0.000482
iter 71: per_iter_time_cuda = 0.012053

iter 72: slack_cuda = 0.004105
iter 72: cpu_time_cuda = 0.007256
iter 72: gpu_time_cuda = 0.003151
iter 72: download_copy_time_cuda = 0.000457
iter 72: upload_copy_time_cuda = 0.000459
iter 72: per_iter_time_cuda = 0.011691

iter 73: slack_cuda = 0.003990
iter 73: cpu_time_cuda = 0.007012
iter 73: gpu_time_cuda = 0.003022
iter 73: download_copy_time_cuda = 0.000451
iter 73: upload_copy_time_cuda = 0.000451
iter 73: per_iter_time_cuda = 0.011279

iter 74: slack_cuda = 0.003863
iter 74: cpu_time_cuda = 0.006758
iter 74: gpu_time_cuda = 0.002896
iter 74: download_copy_time_cuda = 0.000431
iter 74: upload_copy_time_cuda = 0.000448
iter 74: per_iter_time_cuda = 0.010894

iter 75: slack_cuda = 0.003845
iter 75: cpu_time_cuda = 0.006541
iter 75: gpu_time_cuda = 0.002696
iter 75: download_copy_time_cuda = 0.000424
iter 75: upload_copy_time_cuda = 0.000451
iter 75: per_iter_time_cuda = 0.010452

iter 76: slack_cuda = 0.003741
iter 76: cpu_time_cuda = 0.006208
iter 76: gpu_time_cuda = 0.002467
iter 76: download_copy_time_cuda = 0.000402
iter 76: upload_copy_time_cuda = 0.000433
iter 76: per_iter_time_cuda = 0.009868

iter 77: slack_cuda = 0.003631
iter 77: cpu_time_cuda = 0.006023
iter 77: gpu_time_cuda = 0.002391
iter 77: download_copy_time_cuda = 0.000392
iter 77: upload_copy_time_cuda = 0.000434
iter 77: per_iter_time_cuda = 0.009571

iter 78: slack_cuda = 0.003611
iter 78: cpu_time_cuda = 0.005817
iter 78: gpu_time_cuda = 0.002205
iter 78: download_copy_time_cuda = 0.000393
iter 78: upload_copy_time_cuda = 0.000442
iter 78: per_iter_time_cuda = 0.009200

iter 79: slack_cuda = 0.003503
iter 79: cpu_time_cuda = 0.005571
iter 79: gpu_time_cuda = 0.002067
iter 79: download_copy_time_cuda = 0.000357
iter 79: upload_copy_time_cuda = 0.000436
iter 79: per_iter_time_cuda = 0.008762

iter 80: slack_cuda = 0.003413
iter 80: cpu_time_cuda = 0.005351
iter 80: gpu_time_cuda = 0.001938
iter 80: download_copy_time_cuda = 0.000348
iter 80: upload_copy_time_cuda = 0.000416
iter 80: per_iter_time_cuda = 0.008379

iter 81: slack_cuda = 0.003519
iter 81: cpu_time_cuda = 0.005255
iter 81: gpu_time_cuda = 0.001736
iter 81: download_copy_time_cuda = 0.000333
iter 81: upload_copy_time_cuda = 0.000433
iter 81: per_iter_time_cuda = 0.008068

iter 82: slack_cuda = 0.003284
iter 82: cpu_time_cuda = 0.004901
iter 82: gpu_time_cuda = 0.001618
iter 82: download_copy_time_cuda = 0.000311
iter 82: upload_copy_time_cuda = 0.000431
iter 82: per_iter_time_cuda = 0.007581

iter 83: slack_cuda = 0.003194
iter 83: cpu_time_cuda = 0.004730
iter 83: gpu_time_cuda = 0.001535
iter 83: download_copy_time_cuda = 0.000292
iter 83: upload_copy_time_cuda = 0.000423
iter 83: per_iter_time_cuda = 0.007297

iter 84: slack_cuda = 0.003037
iter 84: cpu_time_cuda = 0.004477
iter 84: gpu_time_cuda = 0.001440
iter 84: download_copy_time_cuda = 0.000276
iter 84: upload_copy_time_cuda = 0.000422
iter 84: per_iter_time_cuda = 0.006932

iter 85: slack_cuda = 0.002940
iter 85: cpu_time_cuda = 0.004264
iter 85: gpu_time_cuda = 0.001324
iter 85: download_copy_time_cuda = 0.000263
iter 85: upload_copy_time_cuda = 0.000404
iter 85: per_iter_time_cuda = 0.006535

iter 86: slack_cuda = 0.002834
iter 86: cpu_time_cuda = 0.004029
iter 86: gpu_time_cuda = 0.001196
iter 86: download_copy_time_cuda = 0.000257
iter 86: upload_copy_time_cuda = 0.000412
iter 86: per_iter_time_cuda = 0.006183

iter 87: slack_cuda = 0.002720
iter 87: cpu_time_cuda = 0.003784
iter 87: gpu_time_cuda = 0.001064
iter 87: download_copy_time_cuda = 0.000238
iter 87: upload_copy_time_cuda = 0.000407
iter 87: per_iter_time_cuda = 0.005765

iter 88: slack_cuda = 0.002556
iter 88: cpu_time_cuda = 0.003527
iter 88: gpu_time_cuda = 0.000971
iter 88: download_copy_time_cuda = 0.000222
iter 88: upload_copy_time_cuda = 0.000419
iter 88: per_iter_time_cuda = 0.005415

iter 89: slack_cuda = 0.002445
iter 89: cpu_time_cuda = 0.003346
iter 89: gpu_time_cuda = 0.000901
iter 89: download_copy_time_cuda = 0.000234
iter 89: upload_copy_time_cuda = 0.000393
iter 89: per_iter_time_cuda = 0.005142

iter 90: slack_cuda = 0.002193
iter 90: cpu_time_cuda = 0.003005
iter 90: gpu_time_cuda = 0.000812
iter 90: download_copy_time_cuda = 0.000203
iter 90: upload_copy_time_cuda = 0.000397
iter 90: per_iter_time_cuda = 0.004686

iter 91: slack_cuda = 0.002155
iter 91: cpu_time_cuda = 0.002812
iter 91: gpu_time_cuda = 0.000657
iter 91: download_copy_time_cuda = 0.000188
iter 91: upload_copy_time_cuda = 0.000390
iter 91: per_iter_time_cuda = 0.004311

iter 92: slack_cuda = 0.001928
iter 92: cpu_time_cuda = 0.002595
iter 92: gpu_time_cuda = 0.000666
iter 92: download_copy_time_cuda = 0.000177
iter 92: upload_copy_time_cuda = 0.000396
iter 92: per_iter_time_cuda = 0.004104

iter 93: slack_cuda = 0.001812
iter 93: cpu_time_cuda = 0.002385
iter 93: gpu_time_cuda = 0.000573
iter 93: download_copy_time_cuda = 0.000157
iter 93: upload_copy_time_cuda = 0.000390
iter 93: per_iter_time_cuda = 0.003771

iter 94: slack_cuda = 0.001773
iter 94: cpu_time_cuda = 0.002268
iter 94: gpu_time_cuda = 0.000495
iter 94: download_copy_time_cuda = 0.000147
iter 94: upload_copy_time_cuda = 0.000386
iter 94: per_iter_time_cuda = 0.003543

iter 95: slack_cuda = 0.001576
iter 95: cpu_time_cuda = 0.001974
iter 95: gpu_time_cuda = 0.000398
iter 95: download_copy_time_cuda = 0.000149
iter 95: upload_copy_time_cuda = 0.000397
iter 95: per_iter_time_cuda = 0.003166

iter 96: slack_cuda = 0.001176
iter 96: cpu_time_cuda = 0.001534
iter 96: gpu_time_cuda = 0.000357
iter 96: download_copy_time_cuda = 0.000136
iter 96: upload_copy_time_cuda = 0.000387
iter 96: per_iter_time_cuda = 0.002660

iter 97: slack_cuda = 0.001016
iter 97: cpu_time_cuda = 0.001312
iter 97: gpu_time_cuda = 0.000297
iter 97: download_copy_time_cuda = 0.000127
iter 97: upload_copy_time_cuda = 0.000384
iter 97: per_iter_time_cuda = 0.002360

iter 98: slack_cuda = 0.000857
iter 98: cpu_time_cuda = 0.001096
iter 98: gpu_time_cuda = 0.000239
iter 98: download_copy_time_cuda = 0.000116
iter 98: upload_copy_time_cuda = 0.000381
iter 98: per_iter_time_cuda = 0.002071

iter 99: slack_cuda = 0.000699
iter 99: cpu_time_cuda = 0.000910
iter 99: gpu_time_cuda = 0.000212
iter 99: download_copy_time_cuda = 0.000109
iter 99: upload_copy_time_cuda = 0.000378
iter 99: per_iter_time_cuda = 0.001843

iter 100: slack_cuda = 0.000502
iter 100: cpu_time_cuda = 0.000699
iter 100: gpu_time_cuda = 0.000198
iter 100: download_copy_time_cuda = 0.000108
iter 100: upload_copy_time_cuda = 0.000370
iter 100: per_iter_time_cuda = 0.001611

iter 101: slack_cuda = 0.000315
iter 101: cpu_time_cuda = 0.000490
iter 101: gpu_time_cuda = 0.000175
iter 101: download_copy_time_cuda = 0.000096
iter 101: upload_copy_time_cuda = 0.000380
iter 101: per_iter_time_cuda = 0.001364

total_cpu_time_cuda = 1.198274
total_gpu_time_cuda = 1.049118
total_copy_time_cuda = 0.158994
main_loop_time_cuda = 2.460675
Normalized difference of predicted CPU runtime per iteration is: 0.000000%
Normalized difference of predicted GPU runtime per iteration is: 0.000000%
Normalized difference of predicted slack per iteration is: 0.000000%
10240 10240     ---   (  ---  )    259.45 (   2.76)     ---   
total_time = 5.683466
5.00user 0.97system 0:06.83elapsed 87%CPU (0avgtext+0avgdata 972912maxresident)k
0inputs+0outputs (0major+225541minor)pagefaults 0swaps
send out message: 22 3 log
