send out message: 24 37 /home/lchen/MAGMA/magma-1.6.1/results
send out message: 20 26 MAGMA_LU_GPUDVFS.total.pwr
MAGMA 1.6.1  compiled for CUDA capability >= 3.0
CUDA runtime 5000, driver 6050. MAGMA not compiled with OpenMP. 
ndevices 1
device 0: Tesla K20c, 705.5 MHz clock, 4799.6 MB memory, capability 3.5
Usage: /home/lchen/MAGMA/magma-1.6.1/testing/testing_dgeqrf [options] [-h|--help]

ngpu 1
    M     N   CPU GFlop/s (sec)   GPU GFlop/s (sec)   |R - Q^H*A|   |I - Q^H*Q|
===============================================================================
init_time = 8.128891
iter 0: slack_cuda = 459727377904386193752064.000000
iter 0: cpu_time_cuda = 0.000005
iter 0: gpu_time1_cuda = -459727377904386193752064.000000
iter 0: gpu_time2_cuda = 0.016801
iter 0: upload_copy_time1_cuda = 0.004758
iter 0: download_copy_time_cuda = -459727377904386193752064.000000
iter 0: upload_copy_time2_cuda = 0.000106
iter 0: download_copy_time_cuda = 0.000000

iter 1: slack_cuda = -0.488338
iter 1: cpu_time_cuda = 0.217814
iter 1: gpu_time1_cuda = 0.689468
iter 1: gpu_time2_cuda = 0.016684
iter 1: upload_copy_time1_cuda = 0.005046
iter 1: download_copy_time_cuda = 0.004425
iter 1: upload_copy_time2_cuda = 0.000097
iter 1: download_copy_time_cuda = 0.000245

iter 2: slack_cuda = -0.525217
iter 2: cpu_time_cuda = 0.216302
iter 2: gpu_time1_cuda = 0.725045
iter 2: gpu_time2_cuda = 0.016473
iter 2: upload_copy_time1_cuda = 0.004988
iter 2: download_copy_time_cuda = 0.004688
iter 2: upload_copy_time2_cuda = 0.000101
iter 2: download_copy_time_cuda = 0.000261

iter 3: slack_cuda = -0.459168
iter 3: cpu_time_cuda = 0.214623
iter 3: gpu_time1_cuda = 0.657386
iter 3: gpu_time2_cuda = 0.016405
iter 3: upload_copy_time1_cuda = 0.004923
iter 3: download_copy_time_cuda = 0.004651
iter 3: upload_copy_time2_cuda = 0.000101
iter 3: download_copy_time_cuda = 0.000282

iter 4: slack_cuda = -0.469622
iter 4: cpu_time_cuda = 0.213220
iter 4: gpu_time1_cuda = 0.666659
iter 4: gpu_time2_cuda = 0.016184
iter 4: upload_copy_time1_cuda = 0.004933
iter 4: download_copy_time_cuda = 0.004675
iter 4: upload_copy_time2_cuda = 0.000103
iter 4: download_copy_time_cuda = 0.000304

iter 5: slack_cuda = -0.452441
iter 5: cpu_time_cuda = 0.211080
iter 5: gpu_time1_cuda = 0.647453
iter 5: gpu_time2_cuda = 0.016069
iter 5: upload_copy_time1_cuda = 0.004857
iter 5: download_copy_time_cuda = 0.004581
iter 5: upload_copy_time2_cuda = 0.000101
iter 5: download_copy_time_cuda = 0.000331

iter 6: slack_cuda = -0.473217
iter 6: cpu_time_cuda = 0.209350
iter 6: gpu_time1_cuda = 0.666805
iter 6: gpu_time2_cuda = 0.015762
iter 6: upload_copy_time1_cuda = 0.004846
iter 6: download_copy_time_cuda = 0.004547
iter 6: upload_copy_time2_cuda = 0.000101
iter 6: download_copy_time_cuda = 0.000347

iter 7: slack_cuda = -0.424643
iter 7: cpu_time_cuda = 0.208364
iter 7: gpu_time1_cuda = 0.617147
iter 7: gpu_time2_cuda = 0.015860
iter 7: upload_copy_time1_cuda = 0.004803
iter 7: download_copy_time_cuda = 0.004508
iter 7: upload_copy_time2_cuda = 0.000101
iter 7: download_copy_time_cuda = 0.000375

iter 8: slack_cuda = -0.452400
iter 8: cpu_time_cuda = 0.205619
iter 8: gpu_time1_cuda = 0.642323
iter 8: gpu_time2_cuda = 0.015696
iter 8: upload_copy_time1_cuda = 0.004780
iter 8: download_copy_time_cuda = 0.004498
iter 8: upload_copy_time2_cuda = 0.000100
iter 8: download_copy_time_cuda = 0.000399

iter 9: slack_cuda = -0.428079
iter 9: cpu_time_cuda = 0.203893
iter 9: gpu_time1_cuda = 0.616357
iter 9: gpu_time2_cuda = 0.015614
iter 9: upload_copy_time1_cuda = 0.004762
iter 9: download_copy_time_cuda = 0.004474
iter 9: upload_copy_time2_cuda = 0.000098
iter 9: download_copy_time_cuda = 0.000455

iter 10: slack_cuda = -0.442834
iter 10: cpu_time_cuda = 0.202332
iter 10: gpu_time1_cuda = 0.629750
iter 10: gpu_time2_cuda = 0.015415
iter 10: upload_copy_time1_cuda = 0.004691
iter 10: download_copy_time_cuda = 0.004413
iter 10: upload_copy_time2_cuda = 0.000100
iter 10: download_copy_time_cuda = 0.000783

iter 11: slack_cuda = -0.407308
iter 11: cpu_time_cuda = 0.201335
iter 11: gpu_time1_cuda = 0.593221
iter 11: gpu_time2_cuda = 0.015422
iter 11: upload_copy_time1_cuda = 0.004658
iter 11: download_copy_time_cuda = 0.004367
iter 11: upload_copy_time2_cuda = 0.000101
iter 11: download_copy_time_cuda = 0.000809

iter 12: slack_cuda = -0.435057
iter 12: cpu_time_cuda = 0.198707
iter 12: gpu_time1_cuda = 0.618532
iter 12: gpu_time2_cuda = 0.015231
iter 12: upload_copy_time1_cuda = 0.004633
iter 12: download_copy_time_cuda = 0.004335
iter 12: upload_copy_time2_cuda = 0.000104
iter 12: download_copy_time_cuda = 0.000843

iter 13: slack_cuda = -0.372761
iter 13: cpu_time_cuda = 0.197486
iter 13: gpu_time1_cuda = 0.555105
iter 13: gpu_time2_cuda = 0.015143
iter 13: upload_copy_time1_cuda = 0.004600
iter 13: download_copy_time_cuda = 0.004334
iter 13: upload_copy_time2_cuda = 0.000102
iter 13: download_copy_time_cuda = 0.000847

iter 14: slack_cuda = -0.393792
iter 14: cpu_time_cuda = 0.195277
iter 14: gpu_time1_cuda = 0.574185
iter 14: gpu_time2_cuda = 0.014883
iter 14: upload_copy_time1_cuda = 0.004516
iter 14: download_copy_time_cuda = 0.004293
iter 14: upload_copy_time2_cuda = 0.000099
iter 14: download_copy_time_cuda = 0.000898

iter 15: slack_cuda = -0.368530
iter 15: cpu_time_cuda = 0.193524
iter 15: gpu_time1_cuda = 0.547156
iter 15: gpu_time2_cuda = 0.014898
iter 15: upload_copy_time1_cuda = 0.004532
iter 15: download_copy_time_cuda = 0.004236
iter 15: upload_copy_time2_cuda = 0.000100
iter 15: download_copy_time_cuda = 0.000611

iter 16: slack_cuda = -0.385478
iter 16: cpu_time_cuda = 0.191957
iter 16: gpu_time1_cuda = 0.562692
iter 16: gpu_time2_cuda = 0.014743
iter 16: upload_copy_time1_cuda = 0.004457
iter 16: download_copy_time_cuda = 0.004200
iter 16: upload_copy_time2_cuda = 0.000099
iter 16: download_copy_time_cuda = 0.000932

iter 17: slack_cuda = -0.353301
iter 17: cpu_time_cuda = 0.190235
iter 17: gpu_time1_cuda = 0.528944
iter 17: gpu_time2_cuda = 0.014593
iter 17: upload_copy_time1_cuda = 0.004414
iter 17: download_copy_time_cuda = 0.004183
iter 17: upload_copy_time2_cuda = 0.000100
iter 17: download_copy_time_cuda = 0.000961

iter 18: slack_cuda = -0.364611
iter 18: cpu_time_cuda = 0.189453
iter 18: gpu_time1_cuda = 0.539705
iter 18: gpu_time2_cuda = 0.014359
iter 18: upload_copy_time1_cuda = 0.004383
iter 18: download_copy_time_cuda = 0.004159
iter 18: upload_copy_time2_cuda = 0.000096
iter 18: download_copy_time_cuda = 0.001006

iter 19: slack_cuda = -0.322775
iter 19: cpu_time_cuda = 0.186596
iter 19: gpu_time1_cuda = 0.495071
iter 19: gpu_time2_cuda = 0.014300
iter 19: upload_copy_time1_cuda = 0.004354
iter 19: download_copy_time_cuda = 0.004122
iter 19: upload_copy_time2_cuda = 0.000100
iter 19: download_copy_time_cuda = 0.001045

iter 20: slack_cuda = -0.349332
iter 20: cpu_time_cuda = 0.185071
iter 20: gpu_time1_cuda = 0.520254
iter 20: gpu_time2_cuda = 0.014149
iter 20: upload_copy_time1_cuda = 0.004301
iter 20: download_copy_time_cuda = 0.004079
iter 20: upload_copy_time2_cuda = 0.000104
iter 20: download_copy_time_cuda = 0.001084

iter 21: slack_cuda = -0.322993
iter 21: cpu_time_cuda = 0.183053
iter 21: gpu_time1_cuda = 0.492018
iter 21: gpu_time2_cuda = 0.014029
iter 21: upload_copy_time1_cuda = 0.004282
iter 21: download_copy_time_cuda = 0.004057
iter 21: upload_copy_time2_cuda = 0.000099
iter 21: download_copy_time_cuda = 0.001102

iter 22: slack_cuda = -0.332211
iter 22: cpu_time_cuda = 0.181297
iter 22: gpu_time1_cuda = 0.499643
iter 22: gpu_time2_cuda = 0.013865
iter 22: upload_copy_time1_cuda = 0.004223
iter 22: download_copy_time_cuda = 0.004081
iter 22: upload_copy_time2_cuda = 0.000095
iter 22: download_copy_time_cuda = 0.001140

iter 23: slack_cuda = -0.298429
iter 23: cpu_time_cuda = 0.179965
iter 23: gpu_time1_cuda = 0.464634
iter 23: gpu_time2_cuda = 0.013760
iter 23: upload_copy_time1_cuda = 0.004227
iter 23: download_copy_time_cuda = 0.003978
iter 23: upload_copy_time2_cuda = 0.000100
iter 23: download_copy_time_cuda = 0.001160

iter 24: slack_cuda = -0.325220
iter 24: cpu_time_cuda = 0.179134
iter 24: gpu_time1_cuda = 0.490676
iter 24: gpu_time2_cuda = 0.013678
iter 24: upload_copy_time1_cuda = 0.004171
iter 24: download_copy_time_cuda = 0.003945
iter 24: upload_copy_time2_cuda = 0.000100
iter 24: download_copy_time_cuda = 0.001173

iter 25: slack_cuda = -0.301003
iter 25: cpu_time_cuda = 0.176172
iter 25: gpu_time1_cuda = 0.463614
iter 25: gpu_time2_cuda = 0.013560
iter 25: upload_copy_time1_cuda = 0.004135
iter 25: download_copy_time_cuda = 0.003900
iter 25: upload_copy_time2_cuda = 0.000099
iter 25: download_copy_time_cuda = 0.001232

iter 26: slack_cuda = -0.303125
iter 26: cpu_time_cuda = 0.174315
iter 26: gpu_time1_cuda = 0.463987
iter 26: gpu_time2_cuda = 0.013453
iter 26: upload_copy_time1_cuda = 0.004120
iter 26: download_copy_time_cuda = 0.003838
iter 26: upload_copy_time2_cuda = 0.000103
iter 26: download_copy_time_cuda = 0.001266

iter 27: slack_cuda = -0.283794
iter 27: cpu_time_cuda = 0.172686
iter 27: gpu_time1_cuda = 0.443128
iter 27: gpu_time2_cuda = 0.013353
iter 27: upload_copy_time1_cuda = 0.004062
iter 27: download_copy_time_cuda = 0.003843
iter 27: upload_copy_time2_cuda = 0.000099
iter 27: download_copy_time_cuda = 0.001280

iter 28: slack_cuda = -0.294264
iter 28: cpu_time_cuda = 0.170928
iter 28: gpu_time1_cuda = 0.451971
iter 28: gpu_time2_cuda = 0.013221
iter 28: upload_copy_time1_cuda = 0.004011
iter 28: download_copy_time_cuda = 0.003800
iter 28: upload_copy_time2_cuda = 0.000097
iter 28: download_copy_time_cuda = 0.001341

iter 29: slack_cuda = -0.277973
iter 29: cpu_time_cuda = 0.169473
iter 29: gpu_time1_cuda = 0.434355
iter 29: gpu_time2_cuda = 0.013091
iter 29: upload_copy_time1_cuda = 0.003992
iter 29: download_copy_time_cuda = 0.003754
iter 29: upload_copy_time2_cuda = 0.000100
iter 29: download_copy_time_cuda = 0.001364

iter 30: slack_cuda = -0.276633
iter 30: cpu_time_cuda = 0.167609
iter 30: gpu_time1_cuda = 0.431292
iter 30: gpu_time2_cuda = 0.012949
iter 30: upload_copy_time1_cuda = 0.003958
iter 30: download_copy_time_cuda = 0.003762
iter 30: upload_copy_time2_cuda = 0.000096
iter 30: download_copy_time_cuda = 0.001373

iter 31: slack_cuda = -0.233504
iter 31: cpu_time_cuda = 0.165880
iter 31: gpu_time1_cuda = 0.386733
iter 31: gpu_time2_cuda = 0.012651
iter 31: upload_copy_time1_cuda = 0.003934
iter 31: download_copy_time_cuda = 0.003711
iter 31: upload_copy_time2_cuda = 0.000094
iter 31: download_copy_time_cuda = 0.001405

iter 32: slack_cuda = -0.255301
iter 32: cpu_time_cuda = 0.164233
iter 32: gpu_time1_cuda = 0.406888
iter 32: gpu_time2_cuda = 0.012646
iter 32: upload_copy_time1_cuda = 0.003879
iter 32: download_copy_time_cuda = 0.003667
iter 32: upload_copy_time2_cuda = 0.000099
iter 32: download_copy_time_cuda = 0.001432

iter 33: slack_cuda = -0.242630
iter 33: cpu_time_cuda = 0.162513
iter 33: gpu_time1_cuda = 0.392621
iter 33: gpu_time2_cuda = 0.012523
iter 33: upload_copy_time1_cuda = 0.003851
iter 33: download_copy_time_cuda = 0.003616
iter 33: upload_copy_time2_cuda = 0.000097
iter 33: download_copy_time_cuda = 0.001466

iter 34: slack_cuda = -0.249707
iter 34: cpu_time_cuda = 0.160654
iter 34: gpu_time1_cuda = 0.397997
iter 34: gpu_time2_cuda = 0.012364
iter 34: upload_copy_time1_cuda = 0.003794
iter 34: download_copy_time_cuda = 0.003576
iter 34: upload_copy_time2_cuda = 0.000099
iter 34: download_copy_time_cuda = 0.001529

iter 35: slack_cuda = -0.223009
iter 35: cpu_time_cuda = 0.159002
iter 35: gpu_time1_cuda = 0.369764
iter 35: gpu_time2_cuda = 0.012248
iter 35: upload_copy_time1_cuda = 0.003783
iter 35: download_copy_time_cuda = 0.003571
iter 35: upload_copy_time2_cuda = 0.000096
iter 35: download_copy_time_cuda = 0.001570

iter 36: slack_cuda = -0.230613
iter 36: cpu_time_cuda = 0.157298
iter 36: gpu_time1_cuda = 0.375720
iter 36: gpu_time2_cuda = 0.012191
iter 36: upload_copy_time1_cuda = 0.003725
iter 36: download_copy_time_cuda = 0.003522
iter 36: upload_copy_time2_cuda = 0.000099
iter 36: download_copy_time_cuda = 0.001578

iter 37: slack_cuda = -0.211906
iter 37: cpu_time_cuda = 0.155600
iter 37: gpu_time1_cuda = 0.355499
iter 37: gpu_time2_cuda = 0.012007
iter 37: upload_copy_time1_cuda = 0.003717
iter 37: download_copy_time_cuda = 0.003504
iter 37: upload_copy_time2_cuda = 0.000098
iter 37: download_copy_time_cuda = 0.001624

iter 38: slack_cuda = -0.222747
iter 38: cpu_time_cuda = 0.154015
iter 38: gpu_time1_cuda = 0.364898
iter 38: gpu_time2_cuda = 0.011864
iter 38: upload_copy_time1_cuda = 0.003661
iter 38: download_copy_time_cuda = 0.003452
iter 38: upload_copy_time2_cuda = 0.000101
iter 38: download_copy_time_cuda = 0.001656

iter 39: slack_cuda = -0.201154
iter 39: cpu_time_cuda = 0.152075
iter 39: gpu_time1_cuda = 0.341529
iter 39: gpu_time2_cuda = 0.011700
iter 39: upload_copy_time1_cuda = 0.003607
iter 39: download_copy_time_cuda = 0.003435
iter 39: upload_copy_time2_cuda = 0.000098
iter 39: download_copy_time_cuda = 0.001699

iter 40: slack_cuda = -0.213428
iter 40: cpu_time_cuda = 0.150389
iter 40: gpu_time1_cuda = 0.352135
iter 40: gpu_time2_cuda = 0.011682
iter 40: upload_copy_time1_cuda = 0.003594
iter 40: download_copy_time_cuda = 0.003416
iter 40: upload_copy_time2_cuda = 0.000099
iter 40: download_copy_time_cuda = 0.001704

iter 41: slack_cuda = -0.194454
iter 41: cpu_time_cuda = 0.148835
iter 41: gpu_time1_cuda = 0.331777
iter 41: gpu_time2_cuda = 0.011511
iter 41: upload_copy_time1_cuda = 0.003534
iter 41: download_copy_time_cuda = 0.003356
iter 41: upload_copy_time2_cuda = 0.000098
iter 41: download_copy_time_cuda = 0.001768

iter 42: slack_cuda = -0.207436
iter 42: cpu_time_cuda = 0.147096
iter 42: gpu_time1_cuda = 0.343112
iter 42: gpu_time2_cuda = 0.011420
iter 42: upload_copy_time1_cuda = 0.003516
iter 42: download_copy_time_cuda = 0.003333
iter 42: upload_copy_time2_cuda = 0.000095
iter 42: download_copy_time_cuda = 0.001785

iter 43: slack_cuda = -0.181262
iter 43: cpu_time_cuda = 0.145746
iter 43: gpu_time1_cuda = 0.315687
iter 43: gpu_time2_cuda = 0.011321
iter 43: upload_copy_time1_cuda = 0.003502
iter 43: download_copy_time_cuda = 0.003293
iter 43: upload_copy_time2_cuda = 0.000101
iter 43: download_copy_time_cuda = 0.001862

iter 44: slack_cuda = -0.186796
iter 44: cpu_time_cuda = 0.143480
iter 44: gpu_time1_cuda = 0.319039
iter 44: gpu_time2_cuda = 0.011236
iter 44: upload_copy_time1_cuda = 0.003446
iter 44: download_copy_time_cuda = 0.003231
iter 44: upload_copy_time2_cuda = 0.000100
iter 44: download_copy_time_cuda = 0.001865

iter 45: slack_cuda = -0.168602
iter 45: cpu_time_cuda = 0.141962
iter 45: gpu_time1_cuda = 0.299618
iter 45: gpu_time2_cuda = 0.010946
iter 45: upload_copy_time1_cuda = 0.003393
iter 45: download_copy_time_cuda = 0.003207
iter 45: upload_copy_time2_cuda = 0.000097
iter 45: download_copy_time_cuda = 0.001888

iter 46: slack_cuda = -0.174374
iter 46: cpu_time_cuda = 0.140323
iter 46: gpu_time1_cuda = 0.303868
iter 46: gpu_time2_cuda = 0.010829
iter 46: upload_copy_time1_cuda = 0.003359
iter 46: download_copy_time_cuda = 0.003172
iter 46: upload_copy_time2_cuda = 0.000100
iter 46: download_copy_time_cuda = 0.001932

iter 47: slack_cuda = -0.147997
iter 47: cpu_time_cuda = 0.138379
iter 47: gpu_time1_cuda = 0.275741
iter 47: gpu_time2_cuda = 0.010635
iter 47: upload_copy_time1_cuda = 0.003340
iter 47: download_copy_time_cuda = 0.003149
iter 47: upload_copy_time2_cuda = 0.000097
iter 47: download_copy_time_cuda = 0.001975

iter 48: slack_cuda = -0.157591
iter 48: cpu_time_cuda = 0.136533
iter 48: gpu_time1_cuda = 0.283503
iter 48: gpu_time2_cuda = 0.010621
iter 48: upload_copy_time1_cuda = 0.003299
iter 48: download_copy_time_cuda = 0.003116
iter 48: upload_copy_time2_cuda = 0.000096
iter 48: download_copy_time_cuda = 0.001996

iter 49: slack_cuda = -0.140548
iter 49: cpu_time_cuda = 0.134977
iter 49: gpu_time1_cuda = 0.265055
iter 49: gpu_time2_cuda = 0.010471
iter 49: upload_copy_time1_cuda = 0.003301
iter 49: download_copy_time_cuda = 0.003089
iter 49: upload_copy_time2_cuda = 0.000097
iter 49: download_copy_time_cuda = 0.002045

iter 50: slack_cuda = -0.149594
iter 50: cpu_time_cuda = 0.133338
iter 50: gpu_time1_cuda = 0.272613
iter 50: gpu_time2_cuda = 0.010319
iter 50: upload_copy_time1_cuda = 0.003228
iter 50: download_copy_time_cuda = 0.003028
iter 50: upload_copy_time2_cuda = 0.000096
iter 50: download_copy_time_cuda = 0.002068

iter 51: slack_cuda = -0.131099
iter 51: cpu_time_cuda = 0.131437
iter 51: gpu_time1_cuda = 0.252283
iter 51: gpu_time2_cuda = 0.010253
iter 51: upload_copy_time1_cuda = 0.003173
iter 51: download_copy_time_cuda = 0.003025
iter 51: upload_copy_time2_cuda = 0.000099
iter 51: download_copy_time_cuda = 0.002083

iter 52: slack_cuda = -0.142691
iter 52: cpu_time_cuda = 0.129793
iter 52: gpu_time1_cuda = 0.262325
iter 52: gpu_time2_cuda = 0.010158
iter 52: upload_copy_time1_cuda = 0.003131
iter 52: download_copy_time_cuda = 0.002961
iter 52: upload_copy_time2_cuda = 0.000093
iter 52: download_copy_time_cuda = 0.002113

iter 53: slack_cuda = -0.128801
iter 53: cpu_time_cuda = 0.128346
iter 53: gpu_time1_cuda = 0.247119
iter 53: gpu_time2_cuda = 0.010029
iter 53: upload_copy_time1_cuda = 0.003120
iter 53: download_copy_time_cuda = 0.002946
iter 53: upload_copy_time2_cuda = 0.000098
iter 53: download_copy_time_cuda = 0.002156

iter 54: slack_cuda = -0.129088
iter 54: cpu_time_cuda = 0.126531
iter 54: gpu_time1_cuda = 0.245786
iter 54: gpu_time2_cuda = 0.009833
iter 54: upload_copy_time1_cuda = 0.003079
iter 54: download_copy_time_cuda = 0.002915
iter 54: upload_copy_time2_cuda = 0.000096
iter 54: download_copy_time_cuda = 0.002210

iter 55: slack_cuda = -0.110467
iter 55: cpu_time_cuda = 0.124731
iter 55: gpu_time1_cuda = 0.225468
iter 55: gpu_time2_cuda = 0.009730
iter 55: upload_copy_time1_cuda = 0.003044
iter 55: download_copy_time_cuda = 0.002866
iter 55: upload_copy_time2_cuda = 0.000097
iter 55: download_copy_time_cuda = 0.002244

iter 56: slack_cuda = -0.125438
iter 56: cpu_time_cuda = 0.123085
iter 56: gpu_time1_cuda = 0.238938
iter 56: gpu_time2_cuda = 0.009585
iter 56: upload_copy_time1_cuda = 0.003008
iter 56: download_copy_time_cuda = 0.002830
iter 56: upload_copy_time2_cuda = 0.000098
iter 56: download_copy_time_cuda = 0.002255

iter 57: slack_cuda = -0.107523
iter 57: cpu_time_cuda = 0.121374
iter 57: gpu_time1_cuda = 0.219363
iter 57: gpu_time2_cuda = 0.009535
iter 57: upload_copy_time1_cuda = 0.002948
iter 57: download_copy_time_cuda = 0.002790
iter 57: upload_copy_time2_cuda = 0.000097
iter 57: download_copy_time_cuda = 0.002306

iter 58: slack_cuda = -0.107466
iter 58: cpu_time_cuda = 0.119731
iter 58: gpu_time1_cuda = 0.217823
iter 58: gpu_time2_cuda = 0.009374
iter 58: upload_copy_time1_cuda = 0.002926
iter 58: download_copy_time_cuda = 0.002778
iter 58: upload_copy_time2_cuda = 0.000097
iter 58: download_copy_time_cuda = 0.002344

iter 59: slack_cuda = -0.095314
iter 59: cpu_time_cuda = 0.117890
iter 59: gpu_time1_cuda = 0.203990
iter 59: gpu_time2_cuda = 0.009214
iter 59: upload_copy_time1_cuda = 0.002879
iter 59: download_copy_time_cuda = 0.002769
iter 59: upload_copy_time2_cuda = 0.000099
iter 59: download_copy_time_cuda = 0.002382

iter 60: slack_cuda = -0.102754
iter 60: cpu_time_cuda = 0.116027
iter 60: gpu_time1_cuda = 0.209750
iter 60: gpu_time2_cuda = 0.009030
iter 60: upload_copy_time1_cuda = 0.002842
iter 60: download_copy_time_cuda = 0.002721
iter 60: upload_copy_time2_cuda = 0.000097
iter 60: download_copy_time_cuda = 0.002408

iter 61: slack_cuda = -0.088498
iter 61: cpu_time_cuda = 0.114291
iter 61: gpu_time1_cuda = 0.193851
iter 61: gpu_time2_cuda = 0.008938
iter 61: upload_copy_time1_cuda = 0.002784
iter 61: download_copy_time_cuda = 0.002676
iter 61: upload_copy_time2_cuda = 0.000097
iter 61: download_copy_time_cuda = 0.002422

iter 62: slack_cuda = -0.091533
iter 62: cpu_time_cuda = 0.112704
iter 62: gpu_time1_cuda = 0.195479
iter 62: gpu_time2_cuda = 0.008757
iter 62: upload_copy_time1_cuda = 0.002770
iter 62: download_copy_time_cuda = 0.002639
iter 62: upload_copy_time2_cuda = 0.000099
iter 62: download_copy_time_cuda = 0.002467

iter 63: slack_cuda = -0.077004
iter 63: cpu_time_cuda = 0.111044
iter 63: gpu_time1_cuda = 0.179339
iter 63: gpu_time2_cuda = 0.008709
iter 63: upload_copy_time1_cuda = 0.002753
iter 63: download_copy_time_cuda = 0.002621
iter 63: upload_copy_time2_cuda = 0.000096
iter 63: download_copy_time_cuda = 0.002495

iter 64: slack_cuda = -0.085296
iter 64: cpu_time_cuda = 0.109204
iter 64: gpu_time1_cuda = 0.185998
iter 64: gpu_time2_cuda = 0.008502
iter 64: upload_copy_time1_cuda = 0.002714
iter 64: download_copy_time_cuda = 0.002578
iter 64: upload_copy_time2_cuda = 0.000092
iter 64: download_copy_time_cuda = 0.002561

iter 65: slack_cuda = -0.072967
iter 65: cpu_time_cuda = 0.107650
iter 65: gpu_time1_cuda = 0.172144
iter 65: gpu_time2_cuda = 0.008472
iter 65: upload_copy_time1_cuda = 0.002664
iter 65: download_copy_time_cuda = 0.002517
iter 65: upload_copy_time2_cuda = 0.000098
iter 65: download_copy_time_cuda = 0.002567

iter 66: slack_cuda = -0.076569
iter 66: cpu_time_cuda = 0.106039
iter 66: gpu_time1_cuda = 0.174289
iter 66: gpu_time2_cuda = 0.008318
iter 66: upload_copy_time1_cuda = 0.002610
iter 66: download_copy_time_cuda = 0.002484
iter 66: upload_copy_time2_cuda = 0.000097
iter 66: download_copy_time_cuda = 0.002604

iter 67: slack_cuda = -0.061939
iter 67: cpu_time_cuda = 0.104296
iter 67: gpu_time1_cuda = 0.157999
iter 67: gpu_time2_cuda = 0.008235
iter 67: upload_copy_time1_cuda = 0.002608
iter 67: download_copy_time_cuda = 0.002440
iter 67: upload_copy_time2_cuda = 0.000098
iter 67: download_copy_time_cuda = 0.002654

iter 68: slack_cuda = -0.069976
iter 68: cpu_time_cuda = 0.102515
iter 68: gpu_time1_cuda = 0.164401
iter 68: gpu_time2_cuda = 0.008090
iter 68: upload_copy_time1_cuda = 0.002550
iter 68: download_copy_time_cuda = 0.002407
iter 68: upload_copy_time2_cuda = 0.000096
iter 68: download_copy_time_cuda = 0.002678

iter 69: slack_cuda = -0.057441
iter 69: cpu_time_cuda = 0.100901
iter 69: gpu_time1_cuda = 0.150337
iter 69: gpu_time2_cuda = 0.008005
iter 69: upload_copy_time1_cuda = 0.002521
iter 69: download_copy_time_cuda = 0.002383
iter 69: upload_copy_time2_cuda = 0.000098
iter 69: download_copy_time_cuda = 0.002705

iter 70: slack_cuda = -0.064063
iter 70: cpu_time_cuda = 0.098990
iter 70: gpu_time1_cuda = 0.155245
iter 70: gpu_time2_cuda = 0.007808
iter 70: upload_copy_time1_cuda = 0.002468
iter 70: download_copy_time_cuda = 0.002375
iter 70: upload_copy_time2_cuda = 0.000098
iter 70: download_copy_time_cuda = 0.002749

iter 71: slack_cuda = -0.052248
iter 71: cpu_time_cuda = 0.097272
iter 71: gpu_time1_cuda = 0.141802
iter 71: gpu_time2_cuda = 0.007718
iter 71: upload_copy_time1_cuda = 0.002435
iter 71: download_copy_time_cuda = 0.002323
iter 71: upload_copy_time2_cuda = 0.000096
iter 71: download_copy_time_cuda = 0.002765

iter 72: slack_cuda = -0.051174
iter 72: cpu_time_cuda = 0.095674
iter 72: gpu_time1_cuda = 0.139266
iter 72: gpu_time2_cuda = 0.007582
iter 72: upload_copy_time1_cuda = 0.002404
iter 72: download_copy_time_cuda = 0.002296
iter 72: upload_copy_time2_cuda = 0.000098
iter 72: download_copy_time_cuda = 0.002817

iter 73: slack_cuda = -0.045329
iter 73: cpu_time_cuda = 0.093857
iter 73: gpu_time1_cuda = 0.131771
iter 73: gpu_time2_cuda = 0.007415
iter 73: upload_copy_time1_cuda = 0.002350
iter 73: download_copy_time_cuda = 0.002235
iter 73: upload_copy_time2_cuda = 0.000097
iter 73: download_copy_time_cuda = 0.002861

iter 74: slack_cuda = -0.050524
iter 74: cpu_time_cuda = 0.092055
iter 74: gpu_time1_cuda = 0.135327
iter 74: gpu_time2_cuda = 0.007252
iter 74: upload_copy_time1_cuda = 0.002320
iter 74: download_copy_time_cuda = 0.002220
iter 74: upload_copy_time2_cuda = 0.000096
iter 74: download_copy_time_cuda = 0.002898

iter 75: slack_cuda = -0.038337
iter 75: cpu_time_cuda = 0.090516
iter 75: gpu_time1_cuda = 0.121694
iter 75: gpu_time2_cuda = 0.007158
iter 75: upload_copy_time1_cuda = 0.002306
iter 75: download_copy_time_cuda = 0.002198
iter 75: upload_copy_time2_cuda = 0.000096
iter 75: download_copy_time_cuda = 0.002929

iter 76: slack_cuda = -0.043570
iter 76: cpu_time_cuda = 0.088920
iter 76: gpu_time1_cuda = 0.125479
iter 76: gpu_time2_cuda = 0.007012
iter 76: upload_copy_time1_cuda = 0.002267
iter 76: download_copy_time_cuda = 0.002168
iter 76: upload_copy_time2_cuda = 0.000096
iter 76: download_copy_time_cuda = 0.002966

iter 77: slack_cuda = -0.035522
iter 77: cpu_time_cuda = 0.087061
iter 77: gpu_time1_cuda = 0.115666
iter 77: gpu_time2_cuda = 0.006917
iter 77: upload_copy_time1_cuda = 0.002219
iter 77: download_copy_time_cuda = 0.002124
iter 77: upload_copy_time2_cuda = 0.000097
iter 77: download_copy_time_cuda = 0.002993

iter 78: slack_cuda = -0.036542
iter 78: cpu_time_cuda = 0.085412
iter 78: gpu_time1_cuda = 0.115192
iter 78: gpu_time2_cuda = 0.006762
iter 78: upload_copy_time1_cuda = 0.002191
iter 78: download_copy_time_cuda = 0.002069
iter 78: upload_copy_time2_cuda = 0.000096
iter 78: download_copy_time_cuda = 0.003021

iter 79: slack_cuda = -0.028193
iter 79: cpu_time_cuda = 0.083806
iter 79: gpu_time1_cuda = 0.105343
iter 79: gpu_time2_cuda = 0.006656
iter 79: upload_copy_time1_cuda = 0.002146
iter 79: download_copy_time_cuda = 0.002065
iter 79: upload_copy_time2_cuda = 0.000097
iter 79: download_copy_time_cuda = 0.003069

iter 80: slack_cuda = -0.032492
iter 80: cpu_time_cuda = 0.082202
iter 80: gpu_time1_cuda = 0.108186
iter 80: gpu_time2_cuda = 0.006508
iter 80: upload_copy_time1_cuda = 0.002153
iter 80: download_copy_time_cuda = 0.001987
iter 80: upload_copy_time2_cuda = 0.000094
iter 80: download_copy_time_cuda = 0.003122

iter 81: slack_cuda = -0.023543
iter 81: cpu_time_cuda = 0.080222
iter 81: gpu_time1_cuda = 0.097330
iter 81: gpu_time2_cuda = 0.006435
iter 81: upload_copy_time1_cuda = 0.002083
iter 81: download_copy_time_cuda = 0.002013
iter 81: upload_copy_time2_cuda = 0.000093
iter 81: download_copy_time_cuda = 0.003120

iter 82: slack_cuda = -0.027679
iter 82: cpu_time_cuda = 0.078499
iter 82: gpu_time1_cuda = 0.099844
iter 82: gpu_time2_cuda = 0.006334
iter 82: upload_copy_time1_cuda = 0.002032
iter 82: download_copy_time_cuda = 0.001939
iter 82: upload_copy_time2_cuda = 0.000093
iter 82: download_copy_time_cuda = 0.003144

iter 83: slack_cuda = -0.021327
iter 83: cpu_time_cuda = 0.076845
iter 83: gpu_time1_cuda = 0.091950
iter 83: gpu_time2_cuda = 0.006222
iter 83: upload_copy_time1_cuda = 0.002008
iter 83: download_copy_time_cuda = 0.001913
iter 83: upload_copy_time2_cuda = 0.000095
iter 83: download_copy_time_cuda = 0.003198

iter 84: slack_cuda = -0.024946
iter 84: cpu_time_cuda = 0.075140
iter 84: gpu_time1_cuda = 0.094018
iter 84: gpu_time2_cuda = 0.006068
iter 84: upload_copy_time1_cuda = 0.001977
iter 84: download_copy_time_cuda = 0.001850
iter 84: upload_copy_time2_cuda = 0.000092
iter 84: download_copy_time_cuda = 0.003256

iter 85: slack_cuda = -0.019977
iter 85: cpu_time_cuda = 0.073256
iter 85: gpu_time1_cuda = 0.087250
iter 85: gpu_time2_cuda = 0.005983
iter 85: upload_copy_time1_cuda = 0.001917
iter 85: download_copy_time_cuda = 0.001840
iter 85: upload_copy_time2_cuda = 0.000093
iter 85: download_copy_time_cuda = 0.003257

iter 86: slack_cuda = -0.012021
iter 86: cpu_time_cuda = 0.071650
iter 86: gpu_time1_cuda = 0.077856
iter 86: gpu_time2_cuda = 0.005815
iter 86: upload_copy_time1_cuda = 0.001902
iter 86: download_copy_time_cuda = 0.001803
iter 86: upload_copy_time2_cuda = 0.000092
iter 86: download_copy_time_cuda = 0.003321

iter 87: slack_cuda = -0.005930
iter 87: cpu_time_cuda = 0.069905
iter 87: gpu_time1_cuda = 0.070209
iter 87: gpu_time2_cuda = 0.005627
iter 87: upload_copy_time1_cuda = 0.001922
iter 87: download_copy_time_cuda = 0.001766
iter 87: upload_copy_time2_cuda = 0.000092
iter 87: download_copy_time_cuda = 0.003328

iter 88: slack_cuda = -0.010002
iter 88: cpu_time_cuda = 0.068212
iter 88: gpu_time1_cuda = 0.072728
iter 88: gpu_time2_cuda = 0.005486
iter 88: upload_copy_time1_cuda = 0.001809
iter 88: download_copy_time_cuda = 0.001731
iter 88: upload_copy_time2_cuda = 0.000092
iter 88: download_copy_time_cuda = 0.003353

iter 89: slack_cuda = -0.006177
iter 89: cpu_time_cuda = 0.066586
iter 89: gpu_time1_cuda = 0.067389
iter 89: gpu_time2_cuda = 0.005374
iter 89: upload_copy_time1_cuda = 0.001790
iter 89: download_copy_time_cuda = 0.001705
iter 89: upload_copy_time2_cuda = 0.000092
iter 89: download_copy_time_cuda = 0.003384

iter 90: slack_cuda = -0.008978
iter 90: cpu_time_cuda = 0.064627
iter 90: gpu_time1_cuda = 0.068370
iter 90: gpu_time2_cuda = 0.005235
iter 90: upload_copy_time1_cuda = 0.001762
iter 90: download_copy_time_cuda = 0.001662
iter 90: upload_copy_time2_cuda = 0.000092
iter 90: download_copy_time_cuda = 0.003449

iter 91: slack_cuda = -0.002387
iter 91: cpu_time_cuda = 0.063053
iter 91: gpu_time1_cuda = 0.060298
iter 91: gpu_time2_cuda = 0.005141
iter 91: upload_copy_time1_cuda = 0.001728
iter 91: download_copy_time_cuda = 0.001638
iter 91: upload_copy_time2_cuda = 0.000093
iter 91: download_copy_time_cuda = 0.003476

iter 92: slack_cuda = -0.004826
iter 92: cpu_time_cuda = 0.061449
iter 92: gpu_time1_cuda = 0.061257
iter 92: gpu_time2_cuda = 0.005018
iter 92: upload_copy_time1_cuda = 0.001710
iter 92: download_copy_time_cuda = 0.001577
iter 92: upload_copy_time2_cuda = 0.000092
iter 92: download_copy_time_cuda = 0.003486

iter 93: slack_cuda = -0.001298
iter 93: cpu_time_cuda = 0.059703
iter 93: gpu_time1_cuda = 0.056115
iter 93: gpu_time2_cuda = 0.004887
iter 93: upload_copy_time1_cuda = 0.001625
iter 93: download_copy_time_cuda = 0.001546
iter 93: upload_copy_time2_cuda = 0.000092
iter 93: download_copy_time_cuda = 0.003552

iter 94: slack_cuda = -0.002085
iter 94: cpu_time_cuda = 0.057744
iter 94: gpu_time1_cuda = 0.055058
iter 94: gpu_time2_cuda = 0.004772
iter 94: upload_copy_time1_cuda = 0.001586
iter 94: download_copy_time_cuda = 0.001517
iter 94: upload_copy_time2_cuda = 0.000091
iter 94: download_copy_time_cuda = 0.003613

iter 95: slack_cuda = 0.002808
iter 95: cpu_time_cuda = 0.056099
iter 95: gpu_time1_cuda = 0.048638
iter 95: gpu_time2_cuda = 0.004653
iter 95: upload_copy_time1_cuda = 0.001571
iter 95: download_copy_time_cuda = 0.001507
iter 95: upload_copy_time2_cuda = 0.000095
iter 95: download_copy_time_cuda = 0.003611

iter 96: slack_cuda = -0.000049
iter 96: cpu_time_cuda = 0.054447
iter 96: gpu_time1_cuda = 0.049936
iter 96: gpu_time2_cuda = 0.004560
iter 96: upload_copy_time1_cuda = 0.001539
iter 96: download_copy_time_cuda = 0.001463
iter 96: upload_copy_time2_cuda = 0.000098
iter 96: download_copy_time_cuda = 0.003651

iter 97: slack_cuda = 0.002967
iter 97: cpu_time_cuda = 0.052825
iter 97: gpu_time1_cuda = 0.045473
iter 97: gpu_time2_cuda = 0.004385
iter 97: upload_copy_time1_cuda = 0.001475
iter 97: download_copy_time_cuda = 0.001416
iter 97: upload_copy_time2_cuda = 0.000096
iter 97: download_copy_time_cuda = 0.003675

iter 98: slack_cuda = 0.001615
iter 98: cpu_time_cuda = 0.050991
iter 98: gpu_time1_cuda = 0.045076
iter 98: gpu_time2_cuda = 0.004300
iter 98: upload_copy_time1_cuda = 0.001459
iter 98: download_copy_time_cuda = 0.001405
iter 98: upload_copy_time2_cuda = 0.000095
iter 98: download_copy_time_cuda = 0.003745

iter 99: slack_cuda = 0.005188
iter 99: cpu_time_cuda = 0.049309
iter 99: gpu_time1_cuda = 0.039935
iter 99: gpu_time2_cuda = 0.004186
iter 99: upload_copy_time1_cuda = 0.001430
iter 99: download_copy_time_cuda = 0.001386
iter 99: upload_copy_time2_cuda = 0.000096
iter 99: download_copy_time_cuda = 0.003742

iter 100: slack_cuda = 0.006581
iter 100: cpu_time_cuda = 0.047697
iter 100: gpu_time1_cuda = 0.037079
iter 100: gpu_time2_cuda = 0.004037
iter 100: upload_copy_time1_cuda = 0.001374
iter 100: download_copy_time_cuda = 0.001350
iter 100: upload_copy_time2_cuda = 0.000096
iter 100: download_copy_time_cuda = 0.003792

iter 101: slack_cuda = 0.008845
iter 101: cpu_time_cuda = 0.045831
iter 101: gpu_time1_cuda = 0.033167
iter 101: gpu_time2_cuda = 0.003818
iter 101: upload_copy_time1_cuda = 0.001326
iter 101: download_copy_time_cuda = 0.001317
iter 101: upload_copy_time2_cuda = 0.000094
iter 101: download_copy_time_cuda = 0.003805

iter 102: slack_cuda = 0.008173
iter 102: cpu_time_cuda = 0.044101
iter 102: gpu_time1_cuda = 0.032237
iter 102: gpu_time2_cuda = 0.003692
iter 102: upload_copy_time1_cuda = 0.001309
iter 102: download_copy_time_cuda = 0.001263
iter 102: upload_copy_time2_cuda = 0.000095
iter 102: download_copy_time_cuda = 0.003834

iter 103: slack_cuda = 0.009574
iter 103: cpu_time_cuda = 0.042241
iter 103: gpu_time1_cuda = 0.029073
iter 103: gpu_time2_cuda = 0.003593
iter 103: upload_copy_time1_cuda = 0.001255
iter 103: download_copy_time_cuda = 0.001243
iter 103: upload_copy_time2_cuda = 0.000095
iter 103: download_copy_time_cuda = 0.003874

iter 104: slack_cuda = 0.010249
iter 104: cpu_time_cuda = 0.040570
iter 104: gpu_time1_cuda = 0.026839
iter 104: gpu_time2_cuda = 0.003481
iter 104: upload_copy_time1_cuda = 0.001235
iter 104: download_copy_time_cuda = 0.001219
iter 104: upload_copy_time2_cuda = 0.000094
iter 104: download_copy_time_cuda = 0.003930

iter 105: slack_cuda = 0.011313
iter 105: cpu_time_cuda = 0.038843
iter 105: gpu_time1_cuda = 0.024189
iter 105: gpu_time2_cuda = 0.003341
iter 105: upload_copy_time1_cuda = 0.001180
iter 105: download_copy_time_cuda = 0.001193
iter 105: upload_copy_time2_cuda = 0.000095
iter 105: download_copy_time_cuda = 0.003962

iter 106: slack_cuda = 0.009301
iter 106: cpu_time_cuda = 0.037244
iter 106: gpu_time1_cuda = 0.024712
iter 106: gpu_time2_cuda = 0.003230
iter 106: upload_copy_time1_cuda = 0.001165
iter 106: download_copy_time_cuda = 0.001153
iter 106: upload_copy_time2_cuda = 0.000094
iter 106: download_copy_time_cuda = 0.003999

iter 107: slack_cuda = 0.011053
iter 107: cpu_time_cuda = 0.035477
iter 107: gpu_time1_cuda = 0.021294
iter 107: gpu_time2_cuda = 0.003130
iter 107: upload_copy_time1_cuda = 0.001176
iter 107: download_copy_time_cuda = 0.001104
iter 107: upload_copy_time2_cuda = 0.000092
iter 107: download_copy_time_cuda = 0.004003

iter 108: slack_cuda = 0.010555
iter 108: cpu_time_cuda = 0.033806
iter 108: gpu_time1_cuda = 0.020265
iter 108: gpu_time2_cuda = 0.002985
iter 108: upload_copy_time1_cuda = 0.001070
iter 108: download_copy_time_cuda = 0.001074
iter 108: upload_copy_time2_cuda = 0.000095
iter 108: download_copy_time_cuda = 0.004061

iter 109: slack_cuda = 0.011056
iter 109: cpu_time_cuda = 0.032201
iter 109: gpu_time1_cuda = 0.018274
iter 109: gpu_time2_cuda = 0.002870
iter 109: upload_copy_time1_cuda = 0.001056
iter 109: download_copy_time_cuda = 0.001040
iter 109: upload_copy_time2_cuda = 0.000091
iter 109: download_copy_time_cuda = 0.004099

iter 110: slack_cuda = 0.011291
iter 110: cpu_time_cuda = 0.030541
iter 110: gpu_time1_cuda = 0.016500
iter 110: gpu_time2_cuda = 0.002749
iter 110: upload_copy_time1_cuda = 0.001041
iter 110: download_copy_time_cuda = 0.001052
iter 110: upload_copy_time2_cuda = 0.000095
iter 110: download_copy_time_cuda = 0.004117

iter 111: slack_cuda = 0.011610
iter 111: cpu_time_cuda = 0.028718
iter 111: gpu_time1_cuda = 0.014503
iter 111: gpu_time2_cuda = 0.002605
iter 111: upload_copy_time1_cuda = 0.001001
iter 111: download_copy_time_cuda = 0.000999
iter 111: upload_copy_time2_cuda = 0.000092
iter 111: download_copy_time_cuda = 0.004171

iter 112: slack_cuda = 0.010452
iter 112: cpu_time_cuda = 0.027013
iter 112: gpu_time1_cuda = 0.014065
iter 112: gpu_time2_cuda = 0.002496
iter 112: upload_copy_time1_cuda = 0.000945
iter 112: download_copy_time_cuda = 0.000966
iter 112: upload_copy_time2_cuda = 0.000095
iter 112: download_copy_time_cuda = 0.004186

iter 113: slack_cuda = 0.010627
iter 113: cpu_time_cuda = 0.025427
iter 113: gpu_time1_cuda = 0.012432
iter 113: gpu_time2_cuda = 0.002368
iter 113: upload_copy_time1_cuda = 0.000942
iter 113: download_copy_time_cuda = 0.000948
iter 113: upload_copy_time2_cuda = 0.000095
iter 113: download_copy_time_cuda = 0.004230

iter 114: slack_cuda = 0.011974
iter 114: cpu_time_cuda = 0.023706
iter 114: gpu_time1_cuda = 0.009751
iter 114: gpu_time2_cuda = 0.001981
iter 114: upload_copy_time1_cuda = 0.000931
iter 114: download_copy_time_cuda = 0.000906
iter 114: upload_copy_time2_cuda = 0.000095
iter 114: download_copy_time_cuda = 0.004253

iter 115: slack_cuda = 0.012912
iter 115: cpu_time_cuda = 0.021953
iter 115: gpu_time1_cuda = 0.007246
iter 115: gpu_time2_cuda = 0.001795
iter 115: upload_copy_time1_cuda = 0.000901
iter 115: download_copy_time_cuda = 0.000900
iter 115: upload_copy_time2_cuda = 0.000094
iter 115: download_copy_time_cuda = 0.004284

iter 116: slack_cuda = 0.011576
iter 116: cpu_time_cuda = 0.020126
iter 116: gpu_time1_cuda = 0.006866
iter 116: gpu_time2_cuda = 0.001683
iter 116: upload_copy_time1_cuda = 0.000863
iter 116: download_copy_time_cuda = 0.000857
iter 116: upload_copy_time2_cuda = 0.000093
iter 116: download_copy_time_cuda = 0.004326

iter 117: slack_cuda = 0.010884
iter 117: cpu_time_cuda = 0.018398
iter 117: gpu_time1_cuda = 0.005935
iter 117: gpu_time2_cuda = 0.001580
iter 117: upload_copy_time1_cuda = 0.000820
iter 117: download_copy_time_cuda = 0.000830
iter 117: upload_copy_time2_cuda = 0.000094
iter 117: download_copy_time_cuda = 0.004390

iter 118: slack_cuda = 0.010088
iter 118: cpu_time_cuda = 0.016770
iter 118: gpu_time1_cuda = 0.005200
iter 118: gpu_time2_cuda = 0.001483
iter 118: upload_copy_time1_cuda = 0.000787
iter 118: download_copy_time_cuda = 0.000814
iter 118: upload_copy_time2_cuda = 0.000094
iter 118: download_copy_time_cuda = 0.004411

iter 119: slack_cuda = 0.009662
iter 119: cpu_time_cuda = 0.015129
iter 119: gpu_time1_cuda = 0.004092
iter 119: gpu_time2_cuda = 0.001375
iter 119: upload_copy_time1_cuda = 0.000787
iter 119: download_copy_time_cuda = 0.000782
iter 119: upload_copy_time2_cuda = 0.000095
iter 119: download_copy_time_cuda = 0.004406

iter 120: slack_cuda = 0.008547
iter 120: cpu_time_cuda = 0.013429
iter 120: gpu_time1_cuda = 0.003618
iter 120: gpu_time2_cuda = 0.001264
iter 120: upload_copy_time1_cuda = 0.000714
iter 120: download_copy_time_cuda = 0.000704
iter 120: upload_copy_time2_cuda = 0.000094
iter 120: download_copy_time_cuda = 0.004454

iter 121: slack_cuda = 0.007712
iter 121: cpu_time_cuda = 0.011835
iter 121: gpu_time1_cuda = 0.002953
iter 121: gpu_time2_cuda = 0.001171
iter 121: upload_copy_time1_cuda = 0.000712
iter 121: download_copy_time_cuda = 0.000709
iter 121: upload_copy_time2_cuda = 0.000091
iter 121: download_copy_time_cuda = 0.004494

iter 122: slack_cuda = 0.006932
iter 122: cpu_time_cuda = 0.010211
iter 122: gpu_time1_cuda = 0.002261
iter 122: gpu_time2_cuda = 0.001017
iter 122: upload_copy_time1_cuda = 0.000665
iter 122: download_copy_time_cuda = 0.000666
iter 122: upload_copy_time2_cuda = 0.000098
iter 122: download_copy_time_cuda = 0.004527

iter 123: slack_cuda = 0.005957
iter 123: cpu_time_cuda = 0.008673
iter 123: gpu_time1_cuda = 0.001798
iter 123: gpu_time2_cuda = 0.000918
iter 123: upload_copy_time1_cuda = 0.000651
iter 123: download_copy_time_cuda = 0.000661
iter 123: upload_copy_time2_cuda = 0.000094
iter 123: download_copy_time_cuda = 0.004563

iter 124: slack_cuda = 0.004848
iter 124: cpu_time_cuda = 0.006951
iter 124: gpu_time1_cuda = 0.001310
iter 124: gpu_time2_cuda = 0.000794
iter 124: upload_copy_time1_cuda = 0.000626
iter 124: download_copy_time_cuda = 0.000604
iter 124: upload_copy_time2_cuda = 0.000095
iter 124: download_copy_time_cuda = 0.004624

iter 125: slack_cuda = 0.003725
iter 125: cpu_time_cuda = 0.005345
iter 125: gpu_time1_cuda = 0.000926
iter 125: gpu_time2_cuda = 0.000694
iter 125: upload_copy_time1_cuda = 0.000604
iter 125: download_copy_time_cuda = 0.000606
iter 125: upload_copy_time2_cuda = 0.000095
iter 125: download_copy_time_cuda = 0.004654

iter 126: slack_cuda = 0.002432
iter 126: cpu_time_cuda = 0.003720
iter 126: gpu_time1_cuda = 0.000706
iter 126: gpu_time2_cuda = 0.000581
iter 126: upload_copy_time1_cuda = 0.000565
iter 126: download_copy_time_cuda = 0.000597
iter 126: upload_copy_time2_cuda = 0.000094
iter 126: download_copy_time_cuda = 0.004668

total_slack_overflow = -17.399948
total_cpu_time_cuda = 13.899076
total_gpu_time_cuda = 31.543653
total_copy_time_cuda = 1.005801
main_loop_time_cuda = 47.075798
Normalized difference of predicted CPU runtime per iteration is: 0.000000%
Normalized difference of predicted GPU runtime1 per iteration is: 0.000000%
Normalized difference of predicted GPU runtime2 per iteration is: 0.000000%
Normalized difference of predicted slack per iteration is: 0.000000%
15360 15360     ---   (  ---  )    102.63 (  47.09)       ---
total_time = 56.047587
48.07user 8.61system 0:58.05elapsed 97%CPU (0avgtext+0avgdata 3840108maxresident)k
3856inputs+0outputs (1major+482963minor)pagefaults 0swaps
send out message: 22 3 log
