send out message: 24 37 /home/lchen/MAGMA/magma-1.6.1/results
send out message: 20 26 MAGMA_LU_GPUDVFS.total.pwr
MAGMA 1.6.1  compiled for CUDA capability >= 3.0
CUDA runtime 5000, driver 6050. MAGMA not compiled with OpenMP. 
ndevices 1
device 0: Tesla K20c, 705.5 MHz clock, 4799.6 MB memory, capability 3.5
Usage: /home/lchen/MAGMA/magma-1.6.1/testing/testing_dgeqrf [options] [-h|--help]

ngpu 1
    M     N   CPU GFlop/s (sec)   GPU GFlop/s (sec)   |R - Q^H*A|   |I - Q^H*Q|
===============================================================================
init_time = 6.323255
iter 0: slack_cuda = -0.005649
iter 0: cpu_time_cuda = 0.000002
iter 0: gpu_time1_cuda = 0.000000
iter 0: gpu_time2_cuda = 0.005651
iter 0: upload_copy_time1_cuda = 0.002416
iter 0: download_copy_time_cuda = -0.000000
iter 0: upload_copy_time2_cuda = 0.000074
iter 0: download_copy_time_cuda = 0.000000

iter 1: slack_cuda = 0.013728
iter 1: cpu_time_cuda = 0.165094
iter 1: gpu_time1_cuda = 0.145756
iter 1: gpu_time2_cuda = 0.005610
iter 1: upload_copy_time1_cuda = 0.002384
iter 1: download_copy_time_cuda = 0.002259
iter 1: upload_copy_time2_cuda = 0.000068
iter 1: download_copy_time_cuda = 0.000070

iter 2: slack_cuda = 0.011910
iter 2: cpu_time_cuda = 0.164122
iter 2: gpu_time1_cuda = 0.146689
iter 2: gpu_time2_cuda = 0.005523
iter 2: upload_copy_time1_cuda = 0.002568
iter 2: download_copy_time_cuda = 0.002230
iter 2: upload_copy_time2_cuda = 0.000070
iter 2: download_copy_time_cuda = 0.000086

iter 3: slack_cuda = 0.018555
iter 3: cpu_time_cuda = 0.163153
iter 3: gpu_time1_cuda = 0.139056
iter 3: gpu_time2_cuda = 0.005541
iter 3: upload_copy_time1_cuda = 0.002560
iter 3: download_copy_time_cuda = 0.002408
iter 3: upload_copy_time2_cuda = 0.000070
iter 3: download_copy_time_cuda = 0.000095

iter 4: slack_cuda = 0.022133
iter 4: cpu_time_cuda = 0.161362
iter 4: gpu_time1_cuda = 0.133765
iter 4: gpu_time2_cuda = 0.005463
iter 4: upload_copy_time1_cuda = 0.002581
iter 4: download_copy_time_cuda = 0.002470
iter 4: upload_copy_time2_cuda = 0.000071
iter 4: download_copy_time_cuda = 0.000108

iter 5: slack_cuda = 0.023166
iter 5: cpu_time_cuda = 0.159896
iter 5: gpu_time1_cuda = 0.131299
iter 5: gpu_time2_cuda = 0.005431
iter 5: upload_copy_time1_cuda = 0.002521
iter 5: download_copy_time_cuda = 0.002387
iter 5: upload_copy_time2_cuda = 0.000070
iter 5: download_copy_time_cuda = 0.000113

iter 6: slack_cuda = 0.020358
iter 6: cpu_time_cuda = 0.158775
iter 6: gpu_time1_cuda = 0.133064
iter 6: gpu_time2_cuda = 0.005353
iter 6: upload_copy_time1_cuda = 0.002495
iter 6: download_copy_time_cuda = 0.002356
iter 6: upload_copy_time2_cuda = 0.000069
iter 6: download_copy_time_cuda = 0.000126

iter 7: slack_cuda = 0.022213
iter 7: cpu_time_cuda = 0.157560
iter 7: gpu_time1_cuda = 0.129987
iter 7: gpu_time2_cuda = 0.005360
iter 7: upload_copy_time1_cuda = 0.002469
iter 7: download_copy_time_cuda = 0.002316
iter 7: upload_copy_time2_cuda = 0.000070
iter 7: download_copy_time_cuda = 0.000135

iter 8: slack_cuda = 0.019068
iter 8: cpu_time_cuda = 0.156005
iter 8: gpu_time1_cuda = 0.131639
iter 8: gpu_time2_cuda = 0.005298
iter 8: upload_copy_time1_cuda = 0.002446
iter 8: download_copy_time_cuda = 0.002337
iter 8: upload_copy_time2_cuda = 0.000063
iter 8: download_copy_time_cuda = 0.000161

iter 9: slack_cuda = 0.022288
iter 9: cpu_time_cuda = 0.154759
iter 9: gpu_time1_cuda = 0.127193
iter 9: gpu_time2_cuda = 0.005278
iter 9: upload_copy_time1_cuda = 0.002430
iter 9: download_copy_time_cuda = 0.002311
iter 9: upload_copy_time2_cuda = 0.000070
iter 9: download_copy_time_cuda = 0.000173

iter 10: slack_cuda = 0.018369
iter 10: cpu_time_cuda = 0.154025
iter 10: gpu_time1_cuda = 0.130450
iter 10: gpu_time2_cuda = 0.005206
iter 10: upload_copy_time1_cuda = 0.002432
iter 10: download_copy_time_cuda = 0.002289
iter 10: upload_copy_time2_cuda = 0.000069
iter 10: download_copy_time_cuda = 0.000189

iter 11: slack_cuda = 0.020689
iter 11: cpu_time_cuda = 0.152101
iter 11: gpu_time1_cuda = 0.126230
iter 11: gpu_time2_cuda = 0.005182
iter 11: upload_copy_time1_cuda = 0.002389
iter 11: download_copy_time_cuda = 0.002297
iter 11: upload_copy_time2_cuda = 0.000064
iter 11: download_copy_time_cuda = 0.000208

iter 12: slack_cuda = 0.021096
iter 12: cpu_time_cuda = 0.150919
iter 12: gpu_time1_cuda = 0.124705
iter 12: gpu_time2_cuda = 0.005117
iter 12: upload_copy_time1_cuda = 0.002364
iter 12: download_copy_time_cuda = 0.002243
iter 12: upload_copy_time2_cuda = 0.000069
iter 12: download_copy_time_cuda = 0.000223

iter 13: slack_cuda = 0.029954
iter 13: cpu_time_cuda = 0.149518
iter 13: gpu_time1_cuda = 0.114465
iter 13: gpu_time2_cuda = 0.005099
iter 13: upload_copy_time1_cuda = 0.002368
iter 13: download_copy_time_cuda = 0.002197
iter 13: upload_copy_time2_cuda = 0.000065
iter 13: download_copy_time_cuda = 0.000237

iter 14: slack_cuda = 0.026789
iter 14: cpu_time_cuda = 0.148200
iter 14: gpu_time1_cuda = 0.116374
iter 14: gpu_time2_cuda = 0.005038
iter 14: upload_copy_time1_cuda = 0.002379
iter 14: download_copy_time_cuda = 0.002171
iter 14: upload_copy_time2_cuda = 0.000068
iter 14: download_copy_time_cuda = 0.000257

iter 15: slack_cuda = 0.025539
iter 15: cpu_time_cuda = 0.146702
iter 15: gpu_time1_cuda = 0.116163
iter 15: gpu_time2_cuda = 0.005000
iter 15: upload_copy_time1_cuda = 0.002326
iter 15: download_copy_time_cuda = 0.002161
iter 15: upload_copy_time2_cuda = 0.000066
iter 15: download_copy_time_cuda = 0.000279

iter 16: slack_cuda = 0.022681
iter 16: cpu_time_cuda = 0.145647
iter 16: gpu_time1_cuda = 0.118010
iter 16: gpu_time2_cuda = 0.004957
iter 16: upload_copy_time1_cuda = 0.002322
iter 16: download_copy_time_cuda = 0.002140
iter 16: upload_copy_time2_cuda = 0.000069
iter 16: download_copy_time_cuda = 0.000296

iter 17: slack_cuda = 0.029519
iter 17: cpu_time_cuda = 0.144435
iter 17: gpu_time1_cuda = 0.109973
iter 17: gpu_time2_cuda = 0.004943
iter 17: upload_copy_time1_cuda = 0.002288
iter 17: download_copy_time_cuda = 0.002152
iter 17: upload_copy_time2_cuda = 0.000072
iter 17: download_copy_time_cuda = 0.000311

iter 18: slack_cuda = 0.030115
iter 18: cpu_time_cuda = 0.142623
iter 18: gpu_time1_cuda = 0.107632
iter 18: gpu_time2_cuda = 0.004876
iter 18: upload_copy_time1_cuda = 0.002261
iter 18: download_copy_time_cuda = 0.002113
iter 18: upload_copy_time2_cuda = 0.000064
iter 18: download_copy_time_cuda = 0.000338

iter 19: slack_cuda = 0.032234
iter 19: cpu_time_cuda = 0.141903
iter 19: gpu_time1_cuda = 0.104821
iter 19: gpu_time2_cuda = 0.004848
iter 19: upload_copy_time1_cuda = 0.002253
iter 19: download_copy_time_cuda = 0.002101
iter 19: upload_copy_time2_cuda = 0.000069
iter 19: download_copy_time_cuda = 0.000345

iter 20: slack_cuda = 0.029600
iter 20: cpu_time_cuda = 0.140451
iter 20: gpu_time1_cuda = 0.106053
iter 20: gpu_time2_cuda = 0.004799
iter 20: upload_copy_time1_cuda = 0.002247
iter 20: download_copy_time_cuda = 0.002122
iter 20: upload_copy_time2_cuda = 0.000064
iter 20: download_copy_time_cuda = 0.000362

iter 21: slack_cuda = 0.032437
iter 21: cpu_time_cuda = 0.139107
iter 21: gpu_time1_cuda = 0.101895
iter 21: gpu_time2_cuda = 0.004775
iter 21: upload_copy_time1_cuda = 0.002209
iter 21: download_copy_time_cuda = 0.002048
iter 21: upload_copy_time2_cuda = 0.000069
iter 21: download_copy_time_cuda = 0.000377

iter 22: slack_cuda = 0.032688
iter 22: cpu_time_cuda = 0.137653
iter 22: gpu_time1_cuda = 0.100256
iter 22: gpu_time2_cuda = 0.004709
iter 22: upload_copy_time1_cuda = 0.002186
iter 22: download_copy_time_cuda = 0.002109
iter 22: upload_copy_time2_cuda = 0.000070
iter 22: download_copy_time_cuda = 0.000396

iter 23: slack_cuda = 0.033158
iter 23: cpu_time_cuda = 0.136388
iter 23: gpu_time1_cuda = 0.098590
iter 23: gpu_time2_cuda = 0.004640
iter 23: upload_copy_time1_cuda = 0.002163
iter 23: download_copy_time_cuda = 0.002021
iter 23: upload_copy_time2_cuda = 0.000068
iter 23: download_copy_time_cuda = 0.000411

iter 24: slack_cuda = 0.030023
iter 24: cpu_time_cuda = 0.135209
iter 24: gpu_time1_cuda = 0.100565
iter 24: gpu_time2_cuda = 0.004622
iter 24: upload_copy_time1_cuda = 0.001956
iter 24: download_copy_time_cuda = 0.001805
iter 24: upload_copy_time2_cuda = 0.000063
iter 24: download_copy_time_cuda = 0.000425

iter 25: slack_cuda = 0.031809
iter 25: cpu_time_cuda = 0.133886
iter 25: gpu_time1_cuda = 0.097503
iter 25: gpu_time2_cuda = 0.004574
iter 25: upload_copy_time1_cuda = 0.001944
iter 25: download_copy_time_cuda = 0.001800
iter 25: upload_copy_time2_cuda = 0.000068
iter 25: download_copy_time_cuda = 0.000448

iter 26: slack_cuda = 0.031002
iter 26: cpu_time_cuda = 0.132402
iter 26: gpu_time1_cuda = 0.096870
iter 26: gpu_time2_cuda = 0.004530
iter 26: upload_copy_time1_cuda = 0.001915
iter 26: download_copy_time_cuda = 0.001783
iter 26: upload_copy_time2_cuda = 0.000068
iter 26: download_copy_time_cuda = 0.000470

iter 27: slack_cuda = 0.032738
iter 27: cpu_time_cuda = 0.131144
iter 27: gpu_time1_cuda = 0.093894
iter 27: gpu_time2_cuda = 0.004512
iter 27: upload_copy_time1_cuda = 0.001894
iter 27: download_copy_time_cuda = 0.001760
iter 27: upload_copy_time2_cuda = 0.000068
iter 27: download_copy_time_cuda = 0.000499

iter 28: slack_cuda = 0.031460
iter 28: cpu_time_cuda = 0.129937
iter 28: gpu_time1_cuda = 0.094026
iter 28: gpu_time2_cuda = 0.004451
iter 28: upload_copy_time1_cuda = 0.001875
iter 28: download_copy_time_cuda = 0.001745
iter 28: upload_copy_time2_cuda = 0.000066
iter 28: download_copy_time_cuda = 0.000498

iter 29: slack_cuda = 0.032762
iter 29: cpu_time_cuda = 0.128641
iter 29: gpu_time1_cuda = 0.091488
iter 29: gpu_time2_cuda = 0.004390
iter 29: upload_copy_time1_cuda = 0.001857
iter 29: download_copy_time_cuda = 0.001726
iter 29: upload_copy_time2_cuda = 0.000068
iter 29: download_copy_time_cuda = 0.000513

iter 30: slack_cuda = 0.036349
iter 30: cpu_time_cuda = 0.127239
iter 30: gpu_time1_cuda = 0.086526
iter 30: gpu_time2_cuda = 0.004364
iter 30: upload_copy_time1_cuda = 0.001837
iter 30: download_copy_time_cuda = 0.001709
iter 30: upload_copy_time2_cuda = 0.000068
iter 30: download_copy_time_cuda = 0.000529

iter 31: slack_cuda = 0.041990
iter 31: cpu_time_cuda = 0.125860
iter 31: gpu_time1_cuda = 0.079589
iter 31: gpu_time2_cuda = 0.004280
iter 31: upload_copy_time1_cuda = 0.001816
iter 31: download_copy_time_cuda = 0.001692
iter 31: upload_copy_time2_cuda = 0.000066
iter 31: download_copy_time_cuda = 0.000545

iter 32: slack_cuda = 0.036894
iter 32: cpu_time_cuda = 0.124366
iter 32: gpu_time1_cuda = 0.083180
iter 32: gpu_time2_cuda = 0.004292
iter 32: upload_copy_time1_cuda = 0.001994
iter 32: download_copy_time_cuda = 0.001675
iter 32: upload_copy_time2_cuda = 0.000068
iter 32: download_copy_time_cuda = 0.000562

iter 33: slack_cuda = 0.038200
iter 33: cpu_time_cuda = 0.123393
iter 33: gpu_time1_cuda = 0.080970
iter 33: gpu_time2_cuda = 0.004223
iter 33: upload_copy_time1_cuda = 0.001977
iter 33: download_copy_time_cuda = 0.001851
iter 33: upload_copy_time2_cuda = 0.000068
iter 33: download_copy_time_cuda = 0.000590

iter 34: slack_cuda = 0.037525
iter 34: cpu_time_cuda = 0.122330
iter 34: gpu_time1_cuda = 0.080609
iter 34: gpu_time2_cuda = 0.004195
iter 34: upload_copy_time1_cuda = 0.001970
iter 34: download_copy_time_cuda = 0.001824
iter 34: upload_copy_time2_cuda = 0.000070
iter 34: download_copy_time_cuda = 0.000607

iter 35: slack_cuda = 0.038275
iter 35: cpu_time_cuda = 0.120698
iter 35: gpu_time1_cuda = 0.078291
iter 35: gpu_time2_cuda = 0.004131
iter 35: upload_copy_time1_cuda = 0.001940
iter 35: download_copy_time_cuda = 0.001840
iter 35: upload_copy_time2_cuda = 0.000067
iter 35: download_copy_time_cuda = 0.000623

iter 36: slack_cuda = 0.038189
iter 36: cpu_time_cuda = 0.119315
iter 36: gpu_time1_cuda = 0.077011
iter 36: gpu_time2_cuda = 0.004114
iter 36: upload_copy_time1_cuda = 0.001994
iter 36: download_copy_time_cuda = 0.001794
iter 36: upload_copy_time2_cuda = 0.000071
iter 36: download_copy_time_cuda = 0.000636

iter 37: slack_cuda = 0.039127
iter 37: cpu_time_cuda = 0.117954
iter 37: gpu_time1_cuda = 0.074779
iter 37: gpu_time2_cuda = 0.004048
iter 37: upload_copy_time1_cuda = 0.001907
iter 37: download_copy_time_cuda = 0.001787
iter 37: upload_copy_time2_cuda = 0.000070
iter 37: download_copy_time_cuda = 0.000650

iter 38: slack_cuda = 0.037132
iter 38: cpu_time_cuda = 0.116764
iter 38: gpu_time1_cuda = 0.075603
iter 38: gpu_time2_cuda = 0.004030
iter 38: upload_copy_time1_cuda = 0.001888
iter 38: download_copy_time_cuda = 0.001763
iter 38: upload_copy_time2_cuda = 0.000067
iter 38: download_copy_time_cuda = 0.000666

iter 39: slack_cuda = 0.039994
iter 39: cpu_time_cuda = 0.115962
iter 39: gpu_time1_cuda = 0.072012
iter 39: gpu_time2_cuda = 0.003956
iter 39: upload_copy_time1_cuda = 0.001904
iter 39: download_copy_time_cuda = 0.001782
iter 39: upload_copy_time2_cuda = 0.000070
iter 39: download_copy_time_cuda = 0.000686

iter 40: slack_cuda = 0.036798
iter 40: cpu_time_cuda = 0.114145
iter 40: gpu_time1_cuda = 0.073409
iter 40: gpu_time2_cuda = 0.003938
iter 40: upload_copy_time1_cuda = 0.001945
iter 40: download_copy_time_cuda = 0.001777
iter 40: upload_copy_time2_cuda = 0.000067
iter 40: download_copy_time_cuda = 0.000703

iter 41: slack_cuda = 0.039086
iter 41: cpu_time_cuda = 0.112820
iter 41: gpu_time1_cuda = 0.069834
iter 41: gpu_time2_cuda = 0.003900
iter 41: upload_copy_time1_cuda = 0.001832
iter 41: download_copy_time_cuda = 0.001708
iter 41: upload_copy_time2_cuda = 0.000069
iter 41: download_copy_time_cuda = 0.000720

iter 42: slack_cuda = 0.037995
iter 42: cpu_time_cuda = 0.111298
iter 42: gpu_time1_cuda = 0.069455
iter 42: gpu_time2_cuda = 0.003847
iter 42: upload_copy_time1_cuda = 0.001622
iter 42: download_copy_time_cuda = 0.001772
iter 42: upload_copy_time2_cuda = 0.000066
iter 42: download_copy_time_cuda = 0.000744

iter 43: slack_cuda = 0.038429
iter 43: cpu_time_cuda = 0.110295
iter 43: gpu_time1_cuda = 0.068058
iter 43: gpu_time2_cuda = 0.003808
iter 43: upload_copy_time1_cuda = 0.001604
iter 43: download_copy_time_cuda = 0.001480
iter 43: upload_copy_time2_cuda = 0.000066
iter 43: download_copy_time_cuda = 0.000759

iter 44: slack_cuda = 0.041440
iter 44: cpu_time_cuda = 0.109179
iter 44: gpu_time1_cuda = 0.063951
iter 44: gpu_time2_cuda = 0.003789
iter 44: upload_copy_time1_cuda = 0.001590
iter 44: download_copy_time_cuda = 0.001460
iter 44: upload_copy_time2_cuda = 0.000068
iter 44: download_copy_time_cuda = 0.000773

iter 45: slack_cuda = 0.042303
iter 45: cpu_time_cuda = 0.107716
iter 45: gpu_time1_cuda = 0.061701
iter 45: gpu_time2_cuda = 0.003713
iter 45: upload_copy_time1_cuda = 0.001563
iter 45: download_copy_time_cuda = 0.001444
iter 45: upload_copy_time2_cuda = 0.000066
iter 45: download_copy_time_cuda = 0.000790

iter 46: slack_cuda = 0.041844
iter 46: cpu_time_cuda = 0.106361
iter 46: gpu_time1_cuda = 0.060841
iter 46: gpu_time2_cuda = 0.003676
iter 46: upload_copy_time1_cuda = 0.001540
iter 46: download_copy_time_cuda = 0.001430
iter 46: upload_copy_time2_cuda = 0.000066
iter 46: download_copy_time_cuda = 0.000804

iter 47: slack_cuda = 0.043346
iter 47: cpu_time_cuda = 0.104958
iter 47: gpu_time1_cuda = 0.057988
iter 47: gpu_time2_cuda = 0.003624
iter 47: upload_copy_time1_cuda = 0.001539
iter 47: download_copy_time_cuda = 0.001410
iter 47: upload_copy_time2_cuda = 0.000062
iter 47: download_copy_time_cuda = 0.000820

iter 48: slack_cuda = 0.041592
iter 48: cpu_time_cuda = 0.103653
iter 48: gpu_time1_cuda = 0.058451
iter 48: gpu_time2_cuda = 0.003610
iter 48: upload_copy_time1_cuda = 0.001502
iter 48: download_copy_time_cuda = 0.001392
iter 48: upload_copy_time2_cuda = 0.000065
iter 48: download_copy_time_cuda = 0.000840

iter 49: slack_cuda = 0.044545
iter 49: cpu_time_cuda = 0.102402
iter 49: gpu_time1_cuda = 0.054303
iter 49: gpu_time2_cuda = 0.003554
iter 49: upload_copy_time1_cuda = 0.001485
iter 49: download_copy_time_cuda = 0.001378
iter 49: upload_copy_time2_cuda = 0.000067
iter 49: download_copy_time_cuda = 0.000854

iter 50: slack_cuda = 0.042266
iter 50: cpu_time_cuda = 0.102808
iter 50: gpu_time1_cuda = 0.057022
iter 50: gpu_time2_cuda = 0.003520
iter 50: upload_copy_time1_cuda = 0.001484
iter 50: download_copy_time_cuda = 0.001360
iter 50: upload_copy_time2_cuda = 0.000069
iter 50: download_copy_time_cuda = 0.000879

iter 51: slack_cuda = 0.041265
iter 51: cpu_time_cuda = 0.099642
iter 51: gpu_time1_cuda = 0.054908
iter 51: gpu_time2_cuda = 0.003470
iter 51: upload_copy_time1_cuda = 0.001455
iter 51: download_copy_time_cuda = 0.001356
iter 51: upload_copy_time2_cuda = 0.000067
iter 51: download_copy_time_cuda = 0.000898

iter 52: slack_cuda = 0.040349
iter 52: cpu_time_cuda = 0.098366
iter 52: gpu_time1_cuda = 0.054577
iter 52: gpu_time2_cuda = 0.003441
iter 52: upload_copy_time1_cuda = 0.001436
iter 52: download_copy_time_cuda = 0.001330
iter 52: upload_copy_time2_cuda = 0.000065
iter 52: download_copy_time_cuda = 0.000912

iter 53: slack_cuda = 0.042171
iter 53: cpu_time_cuda = 0.097192
iter 53: gpu_time1_cuda = 0.051642
iter 53: gpu_time2_cuda = 0.003379
iter 53: upload_copy_time1_cuda = 0.001419
iter 53: download_copy_time_cuda = 0.001322
iter 53: upload_copy_time2_cuda = 0.000062
iter 53: download_copy_time_cuda = 0.000926

iter 54: slack_cuda = 0.040776
iter 54: cpu_time_cuda = 0.096114
iter 54: gpu_time1_cuda = 0.052015
iter 54: gpu_time2_cuda = 0.003323
iter 54: upload_copy_time1_cuda = 0.001406
iter 54: download_copy_time_cuda = 0.001288
iter 54: upload_copy_time2_cuda = 0.000064
iter 54: download_copy_time_cuda = 0.000940

iter 55: slack_cuda = 0.042254
iter 55: cpu_time_cuda = 0.094632
iter 55: gpu_time1_cuda = 0.049071
iter 55: gpu_time2_cuda = 0.003307
iter 55: upload_copy_time1_cuda = 0.001377
iter 55: download_copy_time_cuda = 0.001272
iter 55: upload_copy_time2_cuda = 0.000067
iter 55: download_copy_time_cuda = 0.000960

iter 56: slack_cuda = 0.039430
iter 56: cpu_time_cuda = 0.093478
iter 56: gpu_time1_cuda = 0.050814
iter 56: gpu_time2_cuda = 0.003234
iter 56: upload_copy_time1_cuda = 0.001356
iter 56: download_copy_time_cuda = 0.001254
iter 56: upload_copy_time2_cuda = 0.000067
iter 56: download_copy_time_cuda = 0.000977

iter 57: slack_cuda = 0.041780
iter 57: cpu_time_cuda = 0.092036
iter 57: gpu_time1_cuda = 0.047047
iter 57: gpu_time2_cuda = 0.003210
iter 57: upload_copy_time1_cuda = 0.001338
iter 57: download_copy_time_cuda = 0.001237
iter 57: upload_copy_time2_cuda = 0.000066
iter 57: download_copy_time_cuda = 0.000992

iter 58: slack_cuda = 0.043847
iter 58: cpu_time_cuda = 0.090798
iter 58: gpu_time1_cuda = 0.043797
iter 58: gpu_time2_cuda = 0.003155
iter 58: upload_copy_time1_cuda = 0.001318
iter 58: download_copy_time_cuda = 0.001221
iter 58: upload_copy_time2_cuda = 0.000065
iter 58: download_copy_time_cuda = 0.001019

iter 59: slack_cuda = 0.043287
iter 59: cpu_time_cuda = 0.089397
iter 59: gpu_time1_cuda = 0.042987
iter 59: gpu_time2_cuda = 0.003124
iter 59: upload_copy_time1_cuda = 0.001301
iter 59: download_copy_time_cuda = 0.001208
iter 59: upload_copy_time2_cuda = 0.000068
iter 59: download_copy_time_cuda = 0.001047

iter 60: slack_cuda = 0.042273
iter 60: cpu_time_cuda = 0.087938
iter 60: gpu_time1_cuda = 0.042602
iter 60: gpu_time2_cuda = 0.003063
iter 60: upload_copy_time1_cuda = 0.001280
iter 60: download_copy_time_cuda = 0.001190
iter 60: upload_copy_time2_cuda = 0.000064
iter 60: download_copy_time_cuda = 0.001048

iter 61: slack_cuda = 0.043717
iter 61: cpu_time_cuda = 0.086690
iter 61: gpu_time1_cuda = 0.039931
iter 61: gpu_time2_cuda = 0.003042
iter 61: upload_copy_time1_cuda = 0.001270
iter 61: download_copy_time_cuda = 0.001174
iter 61: upload_copy_time2_cuda = 0.000067
iter 61: download_copy_time_cuda = 0.001066

iter 62: slack_cuda = 0.042944
iter 62: cpu_time_cuda = 0.085423
iter 62: gpu_time1_cuda = 0.039485
iter 62: gpu_time2_cuda = 0.002994
iter 62: upload_copy_time1_cuda = 0.001250
iter 62: download_copy_time_cuda = 0.001160
iter 62: upload_copy_time2_cuda = 0.000065
iter 62: download_copy_time_cuda = 0.001089

iter 63: slack_cuda = 0.043201
iter 63: cpu_time_cuda = 0.084160
iter 63: gpu_time1_cuda = 0.037984
iter 63: gpu_time2_cuda = 0.002975
iter 63: upload_copy_time1_cuda = 0.001234
iter 63: download_copy_time_cuda = 0.001134
iter 63: upload_copy_time2_cuda = 0.000066
iter 63: download_copy_time_cuda = 0.001097

iter 64: slack_cuda = 0.042878
iter 64: cpu_time_cuda = 0.083590
iter 64: gpu_time1_cuda = 0.037798
iter 64: gpu_time2_cuda = 0.002914
iter 64: upload_copy_time1_cuda = 0.001218
iter 64: download_copy_time_cuda = 0.001161
iter 64: upload_copy_time2_cuda = 0.000066
iter 64: download_copy_time_cuda = 0.001132

iter 65: slack_cuda = 0.042528
iter 65: cpu_time_cuda = 0.081609
iter 65: gpu_time1_cuda = 0.036196
iter 65: gpu_time2_cuda = 0.002884
iter 65: upload_copy_time1_cuda = 0.001191
iter 65: download_copy_time_cuda = 0.001101
iter 65: upload_copy_time2_cuda = 0.000067
iter 65: download_copy_time_cuda = 0.001128

iter 66: slack_cuda = 0.041503
iter 66: cpu_time_cuda = 0.080342
iter 66: gpu_time1_cuda = 0.036026
iter 66: gpu_time2_cuda = 0.002814
iter 66: upload_copy_time1_cuda = 0.001173
iter 66: download_copy_time_cuda = 0.001083
iter 66: upload_copy_time2_cuda = 0.000065
iter 66: download_copy_time_cuda = 0.001149

iter 67: slack_cuda = 0.043261
iter 67: cpu_time_cuda = 0.079084
iter 67: gpu_time1_cuda = 0.033014
iter 67: gpu_time2_cuda = 0.002808
iter 67: upload_copy_time1_cuda = 0.001151
iter 67: download_copy_time_cuda = 0.001068
iter 67: upload_copy_time2_cuda = 0.000066
iter 67: download_copy_time_cuda = 0.001173

iter 68: slack_cuda = 0.041151
iter 68: cpu_time_cuda = 0.077741
iter 68: gpu_time1_cuda = 0.033846
iter 68: gpu_time2_cuda = 0.002744
iter 68: upload_copy_time1_cuda = 0.001133
iter 68: download_copy_time_cuda = 0.001055
iter 68: upload_copy_time2_cuda = 0.000065
iter 68: download_copy_time_cuda = 0.001186

iter 69: slack_cuda = 0.041222
iter 69: cpu_time_cuda = 0.076574
iter 69: gpu_time1_cuda = 0.032641
iter 69: gpu_time2_cuda = 0.002712
iter 69: upload_copy_time1_cuda = 0.001113
iter 69: download_copy_time_cuda = 0.001039
iter 69: upload_copy_time2_cuda = 0.000066
iter 69: download_copy_time_cuda = 0.001206

iter 70: slack_cuda = 0.040209
iter 70: cpu_time_cuda = 0.075170
iter 70: gpu_time1_cuda = 0.032319
iter 70: gpu_time2_cuda = 0.002642
iter 70: upload_copy_time1_cuda = 0.001095
iter 70: download_copy_time_cuda = 0.001014
iter 70: upload_copy_time2_cuda = 0.000066
iter 70: download_copy_time_cuda = 0.001219

iter 71: slack_cuda = 0.040204
iter 71: cpu_time_cuda = 0.073848
iter 71: gpu_time1_cuda = 0.031031
iter 71: gpu_time2_cuda = 0.002613
iter 71: upload_copy_time1_cuda = 0.001085
iter 71: download_copy_time_cuda = 0.000996
iter 71: upload_copy_time2_cuda = 0.000065
iter 71: download_copy_time_cuda = 0.001237

iter 72: slack_cuda = 0.041491
iter 72: cpu_time_cuda = 0.072615
iter 72: gpu_time1_cuda = 0.028569
iter 72: gpu_time2_cuda = 0.002554
iter 72: upload_copy_time1_cuda = 0.001065
iter 72: download_copy_time_cuda = 0.000979
iter 72: upload_copy_time2_cuda = 0.000064
iter 72: download_copy_time_cuda = 0.001257

iter 73: slack_cuda = 0.041137
iter 73: cpu_time_cuda = 0.071241
iter 73: gpu_time1_cuda = 0.027581
iter 73: gpu_time2_cuda = 0.002523
iter 73: upload_copy_time1_cuda = 0.001048
iter 73: download_copy_time_cuda = 0.000963
iter 73: upload_copy_time2_cuda = 0.000067
iter 73: download_copy_time_cuda = 0.001270

iter 74: slack_cuda = 0.039860
iter 74: cpu_time_cuda = 0.069827
iter 74: gpu_time1_cuda = 0.027505
iter 74: gpu_time2_cuda = 0.002462
iter 74: upload_copy_time1_cuda = 0.001029
iter 74: download_copy_time_cuda = 0.000948
iter 74: upload_copy_time2_cuda = 0.000065
iter 74: download_copy_time_cuda = 0.001283

iter 75: slack_cuda = 0.040569
iter 75: cpu_time_cuda = 0.068756
iter 75: gpu_time1_cuda = 0.025743
iter 75: gpu_time2_cuda = 0.002444
iter 75: upload_copy_time1_cuda = 0.001010
iter 75: download_copy_time_cuda = 0.000932
iter 75: upload_copy_time2_cuda = 0.000066
iter 75: download_copy_time_cuda = 0.001303

iter 76: slack_cuda = 0.039327
iter 76: cpu_time_cuda = 0.067402
iter 76: gpu_time1_cuda = 0.025684
iter 76: gpu_time2_cuda = 0.002390
iter 76: upload_copy_time1_cuda = 0.000984
iter 76: download_copy_time_cuda = 0.000927
iter 76: upload_copy_time2_cuda = 0.000065
iter 76: download_copy_time_cuda = 0.001324

iter 77: slack_cuda = 0.039535
iter 77: cpu_time_cuda = 0.066177
iter 77: gpu_time1_cuda = 0.024287
iter 77: gpu_time2_cuda = 0.002356
iter 77: upload_copy_time1_cuda = 0.000986
iter 77: download_copy_time_cuda = 0.000899
iter 77: upload_copy_time2_cuda = 0.000066
iter 77: download_copy_time_cuda = 0.001342

iter 78: slack_cuda = 0.038266
iter 78: cpu_time_cuda = 0.064785
iter 78: gpu_time1_cuda = 0.024214
iter 78: gpu_time2_cuda = 0.002305
iter 78: upload_copy_time1_cuda = 0.000950
iter 78: download_copy_time_cuda = 0.000884
iter 78: upload_copy_time2_cuda = 0.000060
iter 78: download_copy_time_cuda = 0.001355

iter 79: slack_cuda = 0.038339
iter 79: cpu_time_cuda = 0.063622
iter 79: gpu_time1_cuda = 0.023009
iter 79: gpu_time2_cuda = 0.002274
iter 79: upload_copy_time1_cuda = 0.000929
iter 79: download_copy_time_cuda = 0.000858
iter 79: upload_copy_time2_cuda = 0.000066
iter 79: download_copy_time_cuda = 0.001372

iter 80: slack_cuda = 0.037810
iter 80: cpu_time_cuda = 0.062310
iter 80: gpu_time1_cuda = 0.022260
iter 80: gpu_time2_cuda = 0.002239
iter 80: upload_copy_time1_cuda = 0.000919
iter 80: download_copy_time_cuda = 0.000842
iter 80: upload_copy_time2_cuda = 0.000066
iter 80: download_copy_time_cuda = 0.001386

iter 81: slack_cuda = 0.038020
iter 81: cpu_time_cuda = 0.060891
iter 81: gpu_time1_cuda = 0.020667
iter 81: gpu_time2_cuda = 0.002204
iter 81: upload_copy_time1_cuda = 0.000893
iter 81: download_copy_time_cuda = 0.000825
iter 81: upload_copy_time2_cuda = 0.000065
iter 81: download_copy_time_cuda = 0.001406

iter 82: slack_cuda = 0.036768
iter 82: cpu_time_cuda = 0.059659
iter 82: gpu_time1_cuda = 0.020729
iter 82: gpu_time2_cuda = 0.002162
iter 82: upload_copy_time1_cuda = 0.000882
iter 82: download_copy_time_cuda = 0.000807
iter 82: upload_copy_time2_cuda = 0.000064
iter 82: download_copy_time_cuda = 0.001421

iter 83: slack_cuda = 0.036459
iter 83: cpu_time_cuda = 0.058548
iter 83: gpu_time1_cuda = 0.020004
iter 83: gpu_time2_cuda = 0.002085
iter 83: upload_copy_time1_cuda = 0.000863
iter 83: download_copy_time_cuda = 0.000793
iter 83: upload_copy_time2_cuda = 0.000062
iter 83: download_copy_time_cuda = 0.001441

iter 84: slack_cuda = 0.034893
iter 84: cpu_time_cuda = 0.056958
iter 84: gpu_time1_cuda = 0.020030
iter 84: gpu_time2_cuda = 0.002034
iter 84: upload_copy_time1_cuda = 0.000843
iter 84: download_copy_time_cuda = 0.000775
iter 84: upload_copy_time2_cuda = 0.000064
iter 84: download_copy_time_cuda = 0.001463

iter 85: slack_cuda = 0.034571
iter 85: cpu_time_cuda = 0.055605
iter 85: gpu_time1_cuda = 0.019028
iter 85: gpu_time2_cuda = 0.002006
iter 85: upload_copy_time1_cuda = 0.000824
iter 85: download_copy_time_cuda = 0.000762
iter 85: upload_copy_time2_cuda = 0.000061
iter 85: download_copy_time_cuda = 0.001478

iter 86: slack_cuda = 0.036183
iter 86: cpu_time_cuda = 0.054275
iter 86: gpu_time1_cuda = 0.016127
iter 86: gpu_time2_cuda = 0.001965
iter 86: upload_copy_time1_cuda = 0.000800
iter 86: download_copy_time_cuda = 0.000747
iter 86: upload_copy_time2_cuda = 0.000065
iter 86: download_copy_time_cuda = 0.001494

iter 87: slack_cuda = 0.036447
iter 87: cpu_time_cuda = 0.053576
iter 87: gpu_time1_cuda = 0.015215
iter 87: gpu_time2_cuda = 0.001914
iter 87: upload_copy_time1_cuda = 0.000784
iter 87: download_copy_time_cuda = 0.000722
iter 87: upload_copy_time2_cuda = 0.000066
iter 87: download_copy_time_cuda = 0.001525

iter 88: slack_cuda = 0.034487
iter 88: cpu_time_cuda = 0.051722
iter 88: gpu_time1_cuda = 0.015363
iter 88: gpu_time2_cuda = 0.001873
iter 88: upload_copy_time1_cuda = 0.000764
iter 88: download_copy_time_cuda = 0.000705
iter 88: upload_copy_time2_cuda = 0.000065
iter 88: download_copy_time_cuda = 0.001525

iter 89: slack_cuda = 0.033984
iter 89: cpu_time_cuda = 0.050450
iter 89: gpu_time1_cuda = 0.014636
iter 89: gpu_time2_cuda = 0.001830
iter 89: upload_copy_time1_cuda = 0.000743
iter 89: download_copy_time_cuda = 0.000686
iter 89: upload_copy_time2_cuda = 0.000065
iter 89: download_copy_time_cuda = 0.001541

iter 90: slack_cuda = 0.033214
iter 90: cpu_time_cuda = 0.049064
iter 90: gpu_time1_cuda = 0.014065
iter 90: gpu_time2_cuda = 0.001786
iter 90: upload_copy_time1_cuda = 0.000733
iter 90: download_copy_time_cuda = 0.000671
iter 90: upload_copy_time2_cuda = 0.000065
iter 90: download_copy_time_cuda = 0.001583

iter 91: slack_cuda = 0.032532
iter 91: cpu_time_cuda = 0.047857
iter 91: gpu_time1_cuda = 0.013569
iter 91: gpu_time2_cuda = 0.001756
iter 91: upload_copy_time1_cuda = 0.000716
iter 91: download_copy_time_cuda = 0.000656
iter 91: upload_copy_time2_cuda = 0.000065
iter 91: download_copy_time_cuda = 0.001595

iter 92: slack_cuda = 0.031863
iter 92: cpu_time_cuda = 0.046716
iter 92: gpu_time1_cuda = 0.013146
iter 92: gpu_time2_cuda = 0.001707
iter 92: upload_copy_time1_cuda = 0.000704
iter 92: download_copy_time_cuda = 0.000640
iter 92: upload_copy_time2_cuda = 0.000066
iter 92: download_copy_time_cuda = 0.001594

iter 93: slack_cuda = 0.030900
iter 93: cpu_time_cuda = 0.045261
iter 93: gpu_time1_cuda = 0.012695
iter 93: gpu_time2_cuda = 0.001666
iter 93: upload_copy_time1_cuda = 0.000679
iter 93: download_copy_time_cuda = 0.000617
iter 93: upload_copy_time2_cuda = 0.000066
iter 93: download_copy_time_cuda = 0.001632

iter 94: slack_cuda = 0.030119
iter 94: cpu_time_cuda = 0.043820
iter 94: gpu_time1_cuda = 0.012088
iter 94: gpu_time2_cuda = 0.001613
iter 94: upload_copy_time1_cuda = 0.000658
iter 94: download_copy_time_cuda = 0.000609
iter 94: upload_copy_time2_cuda = 0.000064
iter 94: download_copy_time_cuda = 0.001939

iter 95: slack_cuda = 0.029947
iter 95: cpu_time_cuda = 0.042496
iter 95: gpu_time1_cuda = 0.010974
iter 95: gpu_time2_cuda = 0.001575
iter 95: upload_copy_time1_cuda = 0.000640
iter 95: download_copy_time_cuda = 0.000585
iter 95: upload_copy_time2_cuda = 0.000066
iter 95: download_copy_time_cuda = 0.001655

iter 96: slack_cuda = 0.029300
iter 96: cpu_time_cuda = 0.041365
iter 96: gpu_time1_cuda = 0.010520
iter 96: gpu_time2_cuda = 0.001545
iter 96: upload_copy_time1_cuda = 0.000616
iter 96: download_copy_time_cuda = 0.000572
iter 96: upload_copy_time2_cuda = 0.000064
iter 96: download_copy_time_cuda = 0.001922

iter 97: slack_cuda = 0.028253
iter 97: cpu_time_cuda = 0.039977
iter 97: gpu_time1_cuda = 0.010235
iter 97: gpu_time2_cuda = 0.001489
iter 97: upload_copy_time1_cuda = 0.000601
iter 97: download_copy_time_cuda = 0.000550
iter 97: upload_copy_time2_cuda = 0.000065
iter 97: download_copy_time_cuda = 0.001957

iter 98: slack_cuda = 0.027203
iter 98: cpu_time_cuda = 0.038654
iter 98: gpu_time1_cuda = 0.009992
iter 98: gpu_time2_cuda = 0.001459
iter 98: upload_copy_time1_cuda = 0.000579
iter 98: download_copy_time_cuda = 0.000533
iter 98: upload_copy_time2_cuda = 0.000064
iter 98: download_copy_time_cuda = 0.001954

iter 99: slack_cuda = 0.026707
iter 99: cpu_time_cuda = 0.037397
iter 99: gpu_time1_cuda = 0.009274
iter 99: gpu_time2_cuda = 0.001416
iter 99: upload_copy_time1_cuda = 0.000559
iter 99: download_copy_time_cuda = 0.000516
iter 99: upload_copy_time2_cuda = 0.000066
iter 99: download_copy_time_cuda = 0.001952

iter 100: slack_cuda = 0.026874
iter 100: cpu_time_cuda = 0.036121
iter 100: gpu_time1_cuda = 0.007877
iter 100: gpu_time2_cuda = 0.001370
iter 100: upload_copy_time1_cuda = 0.000541
iter 100: download_copy_time_cuda = 0.000502
iter 100: upload_copy_time2_cuda = 0.000065
iter 100: download_copy_time_cuda = 0.001959

iter 101: slack_cuda = 0.026259
iter 101: cpu_time_cuda = 0.034837
iter 101: gpu_time1_cuda = 0.007270
iter 101: gpu_time2_cuda = 0.001307
iter 101: upload_copy_time1_cuda = 0.000522
iter 101: download_copy_time_cuda = 0.000486
iter 101: upload_copy_time2_cuda = 0.000066
iter 101: download_copy_time_cuda = 0.001966

iter 102: slack_cuda = 0.025238
iter 102: cpu_time_cuda = 0.033379
iter 102: gpu_time1_cuda = 0.006874
iter 102: gpu_time2_cuda = 0.001268
iter 102: upload_copy_time1_cuda = 0.000512
iter 102: download_copy_time_cuda = 0.000471
iter 102: upload_copy_time2_cuda = 0.000064
iter 102: download_copy_time_cuda = 0.002003

iter 103: slack_cuda = 0.024557
iter 103: cpu_time_cuda = 0.031999
iter 103: gpu_time1_cuda = 0.006220
iter 103: gpu_time2_cuda = 0.001223
iter 103: upload_copy_time1_cuda = 0.000485
iter 103: download_copy_time_cuda = 0.000454
iter 103: upload_copy_time2_cuda = 0.000065
iter 103: download_copy_time_cuda = 0.001987

iter 104: slack_cuda = 0.023859
iter 104: cpu_time_cuda = 0.030884
iter 104: gpu_time1_cuda = 0.005830
iter 104: gpu_time2_cuda = 0.001195
iter 104: upload_copy_time1_cuda = 0.000490
iter 104: download_copy_time_cuda = 0.000430
iter 104: upload_copy_time2_cuda = 0.000063
iter 104: download_copy_time_cuda = 0.001997

iter 105: slack_cuda = 0.022637
iter 105: cpu_time_cuda = 0.029428
iter 105: gpu_time1_cuda = 0.005637
iter 105: gpu_time2_cuda = 0.001154
iter 105: upload_copy_time1_cuda = 0.000456
iter 105: download_copy_time_cuda = 0.000412
iter 105: upload_copy_time2_cuda = 0.000061
iter 105: download_copy_time_cuda = 0.002018

iter 106: slack_cuda = 0.021601
iter 106: cpu_time_cuda = 0.028174
iter 106: gpu_time1_cuda = 0.005460
iter 106: gpu_time2_cuda = 0.001113
iter 106: upload_copy_time1_cuda = 0.000436
iter 106: download_copy_time_cuda = 0.000395
iter 106: upload_copy_time2_cuda = 0.000063
iter 106: download_copy_time_cuda = 0.002048

iter 107: slack_cuda = 0.020945
iter 107: cpu_time_cuda = 0.026838
iter 107: gpu_time1_cuda = 0.004824
iter 107: gpu_time2_cuda = 0.001069
iter 107: upload_copy_time1_cuda = 0.000415
iter 107: download_copy_time_cuda = 0.000379
iter 107: upload_copy_time2_cuda = 0.000065
iter 107: download_copy_time_cuda = 0.002040

iter 108: slack_cuda = 0.019930
iter 108: cpu_time_cuda = 0.025572
iter 108: gpu_time1_cuda = 0.004623
iter 108: gpu_time2_cuda = 0.001019
iter 108: upload_copy_time1_cuda = 0.000396
iter 108: download_copy_time_cuda = 0.000363
iter 108: upload_copy_time2_cuda = 0.000060
iter 108: download_copy_time_cuda = 0.002081

iter 109: slack_cuda = 0.018935
iter 109: cpu_time_cuda = 0.024176
iter 109: gpu_time1_cuda = 0.004262
iter 109: gpu_time2_cuda = 0.000978
iter 109: upload_copy_time1_cuda = 0.000374
iter 109: download_copy_time_cuda = 0.000348
iter 109: upload_copy_time2_cuda = 0.000066
iter 109: download_copy_time_cuda = 0.002108

iter 110: slack_cuda = 0.018246
iter 110: cpu_time_cuda = 0.023131
iter 110: gpu_time1_cuda = 0.003948
iter 110: gpu_time2_cuda = 0.000937
iter 110: upload_copy_time1_cuda = 0.000356
iter 110: download_copy_time_cuda = 0.000332
iter 110: upload_copy_time2_cuda = 0.000064
iter 110: download_copy_time_cuda = 0.002115

iter 111: slack_cuda = 0.017142
iter 111: cpu_time_cuda = 0.021682
iter 111: gpu_time1_cuda = 0.003645
iter 111: gpu_time2_cuda = 0.000894
iter 111: upload_copy_time1_cuda = 0.000337
iter 111: download_copy_time_cuda = 0.000316
iter 111: upload_copy_time2_cuda = 0.000065
iter 111: download_copy_time_cuda = 0.002162

iter 112: slack_cuda = 0.016244
iter 112: cpu_time_cuda = 0.020454
iter 112: gpu_time1_cuda = 0.003350
iter 112: gpu_time2_cuda = 0.000860
iter 112: upload_copy_time1_cuda = 0.000326
iter 112: download_copy_time_cuda = 0.000300
iter 112: upload_copy_time2_cuda = 0.000067
iter 112: download_copy_time_cuda = 0.002162

iter 113: slack_cuda = 0.015354
iter 113: cpu_time_cuda = 0.019256
iter 113: gpu_time1_cuda = 0.003083
iter 113: gpu_time2_cuda = 0.000820
iter 113: upload_copy_time1_cuda = 0.000307
iter 113: download_copy_time_cuda = 0.000283
iter 113: upload_copy_time2_cuda = 0.000065
iter 113: download_copy_time_cuda = 0.002185

iter 114: slack_cuda = 0.015022
iter 114: cpu_time_cuda = 0.017908
iter 114: gpu_time1_cuda = 0.002215
iter 114: gpu_time2_cuda = 0.000670
iter 114: upload_copy_time1_cuda = 0.000288
iter 114: download_copy_time_cuda = 0.000258
iter 114: upload_copy_time2_cuda = 0.000064
iter 114: download_copy_time_cuda = 0.002203

iter 115: slack_cuda = 0.014264
iter 115: cpu_time_cuda = 0.016632
iter 115: gpu_time1_cuda = 0.001760
iter 115: gpu_time2_cuda = 0.000608
iter 115: upload_copy_time1_cuda = 0.000270
iter 115: download_copy_time_cuda = 0.000241
iter 115: upload_copy_time2_cuda = 0.000065
iter 115: download_copy_time_cuda = 0.002213

iter 116: slack_cuda = 0.013007
iter 116: cpu_time_cuda = 0.015229
iter 116: gpu_time1_cuda = 0.001649
iter 116: gpu_time2_cuda = 0.000573
iter 116: upload_copy_time1_cuda = 0.000251
iter 116: download_copy_time_cuda = 0.000226
iter 116: upload_copy_time2_cuda = 0.000060
iter 116: download_copy_time_cuda = 0.002211

iter 117: slack_cuda = 0.011912
iter 117: cpu_time_cuda = 0.013869
iter 117: gpu_time1_cuda = 0.001415
iter 117: gpu_time2_cuda = 0.000541
iter 117: upload_copy_time1_cuda = 0.000227
iter 117: download_copy_time_cuda = 0.000199
iter 117: upload_copy_time2_cuda = 0.000069
iter 117: download_copy_time_cuda = 0.002235

iter 118: slack_cuda = 0.010866
iter 118: cpu_time_cuda = 0.012675
iter 118: gpu_time1_cuda = 0.001295
iter 118: gpu_time2_cuda = 0.000514
iter 118: upload_copy_time1_cuda = 0.000209
iter 118: download_copy_time_cuda = 0.000195
iter 118: upload_copy_time2_cuda = 0.000065
iter 118: download_copy_time_cuda = 0.002320

iter 119: slack_cuda = 0.009845
iter 119: cpu_time_cuda = 0.011420
iter 119: gpu_time1_cuda = 0.001097
iter 119: gpu_time2_cuda = 0.000478
iter 119: upload_copy_time1_cuda = 0.000189
iter 119: download_copy_time_cuda = 0.000178
iter 119: upload_copy_time2_cuda = 0.000064
iter 119: download_copy_time_cuda = 0.002270

iter 120: slack_cuda = 0.008629
iter 120: cpu_time_cuda = 0.010101
iter 120: gpu_time1_cuda = 0.001023
iter 120: gpu_time2_cuda = 0.000448
iter 120: upload_copy_time1_cuda = 0.000170
iter 120: download_copy_time_cuda = 0.000163
iter 120: upload_copy_time2_cuda = 0.000064
iter 120: download_copy_time_cuda = 0.002287

iter 121: slack_cuda = 0.007666
iter 121: cpu_time_cuda = 0.008891
iter 121: gpu_time1_cuda = 0.000810
iter 121: gpu_time2_cuda = 0.000415
iter 121: upload_copy_time1_cuda = 0.000151
iter 121: download_copy_time_cuda = 0.000138
iter 121: upload_copy_time2_cuda = 0.000065
iter 121: download_copy_time_cuda = 0.002312

iter 122: slack_cuda = 0.006699
iter 122: cpu_time_cuda = 0.007670
iter 122: gpu_time1_cuda = 0.000607
iter 122: gpu_time2_cuda = 0.000364
iter 122: upload_copy_time1_cuda = 0.000132
iter 122: download_copy_time_cuda = 0.000126
iter 122: upload_copy_time2_cuda = 0.000064
iter 122: download_copy_time_cuda = 0.002311

iter 123: slack_cuda = 0.005679
iter 123: cpu_time_cuda = 0.006527
iter 123: gpu_time1_cuda = 0.000517
iter 123: gpu_time2_cuda = 0.000331
iter 123: upload_copy_time1_cuda = 0.000118
iter 123: download_copy_time_cuda = 0.000116
iter 123: upload_copy_time2_cuda = 0.000060
iter 123: download_copy_time_cuda = 0.002326

iter 124: slack_cuda = 0.004449
iter 124: cpu_time_cuda = 0.005154
iter 124: gpu_time1_cuda = 0.000412
iter 124: gpu_time2_cuda = 0.000293
iter 124: upload_copy_time1_cuda = 0.000107
iter 124: download_copy_time_cuda = 0.000108
iter 124: upload_copy_time2_cuda = 0.000060
iter 124: download_copy_time_cuda = 0.002357

iter 125: slack_cuda = 0.003397
iter 125: cpu_time_cuda = 0.003997
iter 125: gpu_time1_cuda = 0.000334
iter 125: gpu_time2_cuda = 0.000265
iter 125: upload_copy_time1_cuda = 0.000098
iter 125: download_copy_time_cuda = 0.000098
iter 125: upload_copy_time2_cuda = 0.000061
iter 125: download_copy_time_cuda = 0.002441

iter 126: slack_cuda = 0.002202
iter 126: cpu_time_cuda = 0.002702
iter 126: gpu_time1_cuda = 0.000264
iter 126: gpu_time2_cuda = 0.000237
iter 126: upload_copy_time1_cuda = 0.000086
iter 126: download_copy_time_cuda = 0.000086
iter 126: upload_copy_time2_cuda = 0.000060
iter 126: download_copy_time_cuda = 0.002394

total_cpu_time_cuda = 10.544690
total_gpu_time_cuda = 6.699041
total_copy_time_cuda = 0.467916
main_loop_time_cuda = 18.148943
Normalized difference of predicted CPU runtime per iteration is: 0.000000%
Normalized difference of predicted GPU runtime1 per iteration is: 0.000000%
Normalized difference of predicted GPU runtime2 per iteration is: 0.000000%
Normalized difference of predicted slack per iteration is: 0.000000%
15360 15360     ---   (  ---  )    266.17 (  18.15)       ---
total_time = 25.165023
22.52user 3.14system 0:26.82elapsed 95%CPU (0avgtext+0avgdata 3840080maxresident)k
3856inputs+0outputs (1major+482963minor)pagefaults 0swaps
send out message: 22 3 log
