send out message: 24 37 /home/lchen/MAGMA/magma-1.6.1/results
send out message: 20 26 MAGMA_LU_GPUDVFS.total.pwr
MAGMA 1.6.1  compiled for CUDA capability >= 3.0
CUDA runtime 5000, driver 6050. MAGMA not compiled with OpenMP. 
ndevices 1
device 0: Tesla K20c, 705.5 MHz clock, 4799.6 MB memory, capability 3.5
Usage: /home/lchen/MAGMA/magma-1.6.1/testing/testing_dgetrf [options] [-h|--help]

ngpu 1
    M     N   CPU GFlop/s (sec)   GPU GFlop/s (sec)   |PA-LU|/(N*|A|)
=========================================================================
init_time = 3.266355
iter 0: slack_cuda = 0.000000
iter 0: cpu_time_cuda = 0.000000
iter 0: gpu_time_cuda = 0.000000
iter 0: download_copy_time_cuda = 0.000000
iter 0: upload_copy_time_cuda = 0.001495
iter 0: per_iter_time_cuda = 0.002268

iter 1: slack_cuda = -0.001686
iter 1: cpu_time_cuda = 0.029539
iter 1: gpu_time_cuda = 0.031224
iter 1: download_copy_time_cuda = 0.001418
iter 1: upload_copy_time_cuda = 0.001490
iter 1: per_iter_time_cuda = 0.064399

iter 2: slack_cuda = -0.001378
iter 2: cpu_time_cuda = 0.029228
iter 2: gpu_time_cuda = 0.030606
iter 2: download_copy_time_cuda = 0.001390
iter 2: upload_copy_time_cuda = 0.001471
iter 2: per_iter_time_cuda = 0.063463

iter 3: slack_cuda = -0.000808
iter 3: cpu_time_cuda = 0.028951
iter 3: gpu_time_cuda = 0.029758
iter 3: download_copy_time_cuda = 0.001372
iter 3: upload_copy_time_cuda = 0.001460
iter 3: per_iter_time_cuda = 0.062248

iter 4: slack_cuda = -0.000925
iter 4: cpu_time_cuda = 0.028674
iter 4: gpu_time_cuda = 0.029600
iter 4: download_copy_time_cuda = 0.001352
iter 4: upload_copy_time_cuda = 0.001426
iter 4: per_iter_time_cuda = 0.061816

iter 5: slack_cuda = -0.000403
iter 5: cpu_time_cuda = 0.028382
iter 5: gpu_time_cuda = 0.028785
iter 5: download_copy_time_cuda = 0.001350
iter 5: upload_copy_time_cuda = 0.001437
iter 5: per_iter_time_cuda = 0.060661

iter 6: slack_cuda = -0.014116
iter 6: cpu_time_cuda = 0.028049
iter 6: gpu_time_cuda = 0.042165
iter 6: download_copy_time_cuda = 0.001334
iter 6: upload_copy_time_cuda = 0.001428
iter 6: per_iter_time_cuda = 0.073739

iter 7: slack_cuda = -0.005653
iter 7: cpu_time_cuda = 0.027729
iter 7: gpu_time_cuda = 0.033382
iter 7: download_copy_time_cuda = 0.001320
iter 7: upload_copy_time_cuda = 0.001418
iter 7: per_iter_time_cuda = 0.064552

iter 8: slack_cuda = -0.006346
iter 8: cpu_time_cuda = 0.027460
iter 8: gpu_time_cuda = 0.033806
iter 8: download_copy_time_cuda = 0.001298
iter 8: upload_copy_time_cuda = 0.001383
iter 8: per_iter_time_cuda = 0.064705

iter 9: slack_cuda = -0.006095
iter 9: cpu_time_cuda = 0.027276
iter 9: gpu_time_cuda = 0.033371
iter 9: download_copy_time_cuda = 0.001294
iter 9: upload_copy_time_cuda = 0.001388
iter 9: per_iter_time_cuda = 0.064016

iter 10: slack_cuda = -0.006215
iter 10: cpu_time_cuda = 0.026925
iter 10: gpu_time_cuda = 0.033140
iter 10: download_copy_time_cuda = 0.001278
iter 10: upload_copy_time_cuda = 0.001374
iter 10: per_iter_time_cuda = 0.063455

iter 11: slack_cuda = -0.005748
iter 11: cpu_time_cuda = 0.026623
iter 11: gpu_time_cuda = 0.032371
iter 11: download_copy_time_cuda = 0.001268
iter 11: upload_copy_time_cuda = 0.001365
iter 11: per_iter_time_cuda = 0.062302

iter 12: slack_cuda = -0.006663
iter 12: cpu_time_cuda = 0.026322
iter 12: gpu_time_cuda = 0.032985
iter 12: download_copy_time_cuda = 0.001246
iter 12: upload_copy_time_cuda = 0.001322
iter 12: per_iter_time_cuda = 0.062619

iter 13: slack_cuda = -0.013420
iter 13: cpu_time_cuda = 0.026262
iter 13: gpu_time_cuda = 0.039682
iter 13: download_copy_time_cuda = 0.001237
iter 13: upload_copy_time_cuda = 0.001334
iter 13: per_iter_time_cuda = 0.069181

iter 14: slack_cuda = -0.006449
iter 14: cpu_time_cuda = 0.025950
iter 14: gpu_time_cuda = 0.032399
iter 14: download_copy_time_cuda = 0.001242
iter 14: upload_copy_time_cuda = 0.001321
iter 14: per_iter_time_cuda = 0.061616

iter 15: slack_cuda = -0.005764
iter 15: cpu_time_cuda = 0.025687
iter 15: gpu_time_cuda = 0.031450
iter 15: download_copy_time_cuda = 0.001218
iter 15: upload_copy_time_cuda = 0.001295
iter 15: per_iter_time_cuda = 0.060306

iter 16: slack_cuda = -0.006382
iter 16: cpu_time_cuda = 0.025439
iter 16: gpu_time_cuda = 0.031821
iter 16: download_copy_time_cuda = 0.001198
iter 16: upload_copy_time_cuda = 0.001261
iter 16: per_iter_time_cuda = 0.060423

iter 17: slack_cuda = -0.006407
iter 17: cpu_time_cuda = 0.025160
iter 17: gpu_time_cuda = 0.031567
iter 17: download_copy_time_cuda = 0.001185
iter 17: upload_copy_time_cuda = 0.001263
iter 17: per_iter_time_cuda = 0.059821

iter 18: slack_cuda = -0.006469
iter 18: cpu_time_cuda = 0.024891
iter 18: gpu_time_cuda = 0.031360
iter 18: download_copy_time_cuda = 0.001178
iter 18: upload_copy_time_cuda = 0.001252
iter 18: per_iter_time_cuda = 0.059375

iter 19: slack_cuda = -0.006012
iter 19: cpu_time_cuda = 0.024569
iter 19: gpu_time_cuda = 0.030581
iter 19: download_copy_time_cuda = 0.001164
iter 19: upload_copy_time_cuda = 0.001253
iter 19: per_iter_time_cuda = 0.058209

iter 20: slack_cuda = -0.006724
iter 20: cpu_time_cuda = 0.024243
iter 20: gpu_time_cuda = 0.030967
iter 20: download_copy_time_cuda = 0.001147
iter 20: upload_copy_time_cuda = 0.001209
iter 20: per_iter_time_cuda = 0.058247

iter 21: slack_cuda = -0.006815
iter 21: cpu_time_cuda = 0.023918
iter 21: gpu_time_cuda = 0.030733
iter 21: download_copy_time_cuda = 0.001133
iter 21: upload_copy_time_cuda = 0.001226
iter 21: per_iter_time_cuda = 0.057635

iter 22: slack_cuda = -0.007024
iter 22: cpu_time_cuda = 0.023655
iter 22: gpu_time_cuda = 0.030679
iter 22: download_copy_time_cuda = 0.001123
iter 22: upload_copy_time_cuda = 0.001194
iter 22: per_iter_time_cuda = 0.057337

iter 23: slack_cuda = -0.006210
iter 23: cpu_time_cuda = 0.023455
iter 23: gpu_time_cuda = 0.029665
iter 23: download_copy_time_cuda = 0.001104
iter 23: upload_copy_time_cuda = 0.001186
iter 23: per_iter_time_cuda = 0.056018

iter 24: slack_cuda = -0.006745
iter 24: cpu_time_cuda = 0.023073
iter 24: gpu_time_cuda = 0.029818
iter 24: download_copy_time_cuda = 0.001092
iter 24: upload_copy_time_cuda = 0.001152
iter 24: per_iter_time_cuda = 0.055796

iter 25: slack_cuda = -0.006658
iter 25: cpu_time_cuda = 0.022883
iter 25: gpu_time_cuda = 0.029541
iter 25: download_copy_time_cuda = 0.001077
iter 25: upload_copy_time_cuda = 0.001150
iter 25: per_iter_time_cuda = 0.055265

iter 26: slack_cuda = -0.006878
iter 26: cpu_time_cuda = 0.022518
iter 26: gpu_time_cuda = 0.029396
iter 26: download_copy_time_cuda = 0.001063
iter 26: upload_copy_time_cuda = 0.001149
iter 26: per_iter_time_cuda = 0.054802

iter 27: slack_cuda = -0.006364
iter 27: cpu_time_cuda = 0.022278
iter 27: gpu_time_cuda = 0.028642
iter 27: download_copy_time_cuda = 0.001050
iter 27: upload_copy_time_cuda = 0.001122
iter 27: per_iter_time_cuda = 0.053702

iter 28: slack_cuda = -0.006930
iter 28: cpu_time_cuda = 0.021951
iter 28: gpu_time_cuda = 0.028880
iter 28: download_copy_time_cuda = 0.001041
iter 28: upload_copy_time_cuda = 0.001094
iter 28: per_iter_time_cuda = 0.053618

iter 29: slack_cuda = -0.007042
iter 29: cpu_time_cuda = 0.021697
iter 29: gpu_time_cuda = 0.028738
iter 29: download_copy_time_cuda = 0.001028
iter 29: upload_copy_time_cuda = 0.001103
iter 29: per_iter_time_cuda = 0.053158

iter 30: slack_cuda = -0.007002
iter 30: cpu_time_cuda = 0.021436
iter 30: gpu_time_cuda = 0.028437
iter 30: download_copy_time_cuda = 0.001011
iter 30: upload_copy_time_cuda = 0.001086
iter 30: per_iter_time_cuda = 0.052596

iter 31: slack_cuda = -0.006474
iter 31: cpu_time_cuda = 0.021120
iter 31: gpu_time_cuda = 0.027594
iter 31: download_copy_time_cuda = 0.000998
iter 31: upload_copy_time_cuda = 0.001078
iter 31: per_iter_time_cuda = 0.051372

iter 32: slack_cuda = -0.006937
iter 32: cpu_time_cuda = 0.020837
iter 32: gpu_time_cuda = 0.027773
iter 32: download_copy_time_cuda = 0.000987
iter 32: upload_copy_time_cuda = 0.001042
iter 32: per_iter_time_cuda = 0.051262

iter 33: slack_cuda = -0.007060
iter 33: cpu_time_cuda = 0.020540
iter 33: gpu_time_cuda = 0.027599
iter 33: download_copy_time_cuda = 0.000973
iter 33: upload_copy_time_cuda = 0.001045
iter 33: per_iter_time_cuda = 0.050736

iter 34: slack_cuda = -0.007094
iter 34: cpu_time_cuda = 0.020266
iter 34: gpu_time_cuda = 0.027359
iter 34: download_copy_time_cuda = 0.000961
iter 34: upload_copy_time_cuda = 0.001026
iter 34: per_iter_time_cuda = 0.050224

iter 35: slack_cuda = -0.006703
iter 35: cpu_time_cuda = 0.019956
iter 35: gpu_time_cuda = 0.026659
iter 35: download_copy_time_cuda = 0.000942
iter 35: upload_copy_time_cuda = 0.001012
iter 35: per_iter_time_cuda = 0.049130

iter 36: slack_cuda = -0.007217
iter 36: cpu_time_cuda = 0.019633
iter 36: gpu_time_cuda = 0.026850
iter 36: download_copy_time_cuda = 0.000924
iter 36: upload_copy_time_cuda = 0.000987
iter 36: per_iter_time_cuda = 0.048999

iter 37: slack_cuda = -0.016695
iter 37: cpu_time_cuda = 0.019374
iter 37: gpu_time_cuda = 0.036070
iter 37: download_copy_time_cuda = 0.000923
iter 37: upload_copy_time_cuda = 0.000983
iter 37: per_iter_time_cuda = 0.057906

iter 38: slack_cuda = -0.007239
iter 38: cpu_time_cuda = 0.019199
iter 38: gpu_time_cuda = 0.026439
iter 38: download_copy_time_cuda = 0.000906
iter 38: upload_copy_time_cuda = 0.000961
iter 38: per_iter_time_cuda = 0.048095

iter 39: slack_cuda = -0.013504
iter 39: cpu_time_cuda = 0.018791
iter 39: gpu_time_cuda = 0.032295
iter 39: download_copy_time_cuda = 0.000894
iter 39: upload_copy_time_cuda = 0.000956
iter 39: per_iter_time_cuda = 0.053487

iter 40: slack_cuda = -0.007355
iter 40: cpu_time_cuda = 0.018498
iter 40: gpu_time_cuda = 0.025853
iter 40: download_copy_time_cuda = 0.000870
iter 40: upload_copy_time_cuda = 0.000929
iter 40: per_iter_time_cuda = 0.046735

iter 41: slack_cuda = -0.007099
iter 41: cpu_time_cuda = 0.018342
iter 41: gpu_time_cuda = 0.025441
iter 41: download_copy_time_cuda = 0.000870
iter 41: upload_copy_time_cuda = 0.000921
iter 41: per_iter_time_cuda = 0.046104

iter 42: slack_cuda = -0.007286
iter 42: cpu_time_cuda = 0.017947
iter 42: gpu_time_cuda = 0.025234
iter 42: download_copy_time_cuda = 0.000853
iter 42: upload_copy_time_cuda = 0.000907
iter 42: per_iter_time_cuda = 0.045525

iter 43: slack_cuda = -0.006722
iter 43: cpu_time_cuda = 0.017763
iter 43: gpu_time_cuda = 0.024485
iter 43: download_copy_time_cuda = 0.000839
iter 43: upload_copy_time_cuda = 0.000891
iter 43: per_iter_time_cuda = 0.044514

iter 44: slack_cuda = -0.008335
iter 44: cpu_time_cuda = 0.017569
iter 44: gpu_time_cuda = 0.025903
iter 44: download_copy_time_cuda = 0.000822
iter 44: upload_copy_time_cuda = 0.000864
iter 44: per_iter_time_cuda = 0.045712

iter 45: slack_cuda = -0.007321
iter 45: cpu_time_cuda = 0.017255
iter 45: gpu_time_cuda = 0.024576
iter 45: download_copy_time_cuda = 0.000807
iter 45: upload_copy_time_cuda = 0.000866
iter 45: per_iter_time_cuda = 0.044035

iter 46: slack_cuda = -0.007579
iter 46: cpu_time_cuda = 0.016831
iter 46: gpu_time_cuda = 0.024410
iter 46: download_copy_time_cuda = 0.000802
iter 46: upload_copy_time_cuda = 0.000854
iter 46: per_iter_time_cuda = 0.043451

iter 47: slack_cuda = -0.007342
iter 47: cpu_time_cuda = 0.016625
iter 47: gpu_time_cuda = 0.023967
iter 47: download_copy_time_cuda = 0.000784
iter 47: upload_copy_time_cuda = 0.000835
iter 47: per_iter_time_cuda = 0.042712

iter 48: slack_cuda = -0.007366
iter 48: cpu_time_cuda = 0.016439
iter 48: gpu_time_cuda = 0.023805
iter 48: download_copy_time_cuda = 0.000768
iter 48: upload_copy_time_cuda = 0.000808
iter 48: per_iter_time_cuda = 0.042350

iter 49: slack_cuda = -0.007596
iter 49: cpu_time_cuda = 0.015891
iter 49: gpu_time_cuda = 0.023487
iter 49: download_copy_time_cuda = 0.000758
iter 49: upload_copy_time_cuda = 0.000809
iter 49: per_iter_time_cuda = 0.041432

iter 50: slack_cuda = -0.007298
iter 50: cpu_time_cuda = 0.015761
iter 50: gpu_time_cuda = 0.023059
iter 50: download_copy_time_cuda = 0.000742
iter 50: upload_copy_time_cuda = 0.000796
iter 50: per_iter_time_cuda = 0.040877

iter 51: slack_cuda = -0.007302
iter 51: cpu_time_cuda = 0.015481
iter 51: gpu_time_cuda = 0.022783
iter 51: download_copy_time_cuda = 0.000732
iter 51: upload_copy_time_cuda = 0.000782
iter 51: per_iter_time_cuda = 0.040263

iter 52: slack_cuda = -0.010739
iter 52: cpu_time_cuda = 0.015188
iter 52: gpu_time_cuda = 0.025927
iter 52: download_copy_time_cuda = 0.000715
iter 52: upload_copy_time_cuda = 0.000757
iter 52: per_iter_time_cuda = 0.043087

iter 53: slack_cuda = -0.007481
iter 53: cpu_time_cuda = 0.014903
iter 53: gpu_time_cuda = 0.022384
iter 53: download_copy_time_cuda = 0.000702
iter 53: upload_copy_time_cuda = 0.000748
iter 53: per_iter_time_cuda = 0.039208

iter 54: slack_cuda = -0.007453
iter 54: cpu_time_cuda = 0.014652
iter 54: gpu_time_cuda = 0.022106
iter 54: download_copy_time_cuda = 0.000689
iter 54: upload_copy_time_cuda = 0.000734
iter 54: per_iter_time_cuda = 0.038685

iter 55: slack_cuda = -0.009001
iter 55: cpu_time_cuda = 0.014209
iter 55: gpu_time_cuda = 0.023210
iter 55: download_copy_time_cuda = 0.000683
iter 55: upload_copy_time_cuda = 0.000719
iter 55: per_iter_time_cuda = 0.039284

iter 56: slack_cuda = -0.007561
iter 56: cpu_time_cuda = 0.013871
iter 56: gpu_time_cuda = 0.021432
iter 56: download_copy_time_cuda = 0.000661
iter 56: upload_copy_time_cuda = 0.000696
iter 56: per_iter_time_cuda = 0.037150

iter 57: slack_cuda = -0.007509
iter 57: cpu_time_cuda = 0.013759
iter 57: gpu_time_cuda = 0.021268
iter 57: download_copy_time_cuda = 0.000650
iter 57: upload_copy_time_cuda = 0.000687
iter 57: per_iter_time_cuda = 0.036817

iter 58: slack_cuda = -0.012557
iter 58: cpu_time_cuda = 0.013367
iter 58: gpu_time_cuda = 0.025925
iter 58: download_copy_time_cuda = 0.000635
iter 58: upload_copy_time_cuda = 0.000676
iter 58: per_iter_time_cuda = 0.041081

iter 59: slack_cuda = -0.007228
iter 59: cpu_time_cuda = 0.013032
iter 59: gpu_time_cuda = 0.020260
iter 59: download_copy_time_cuda = 0.000621
iter 59: upload_copy_time_cuda = 0.000659
iter 59: per_iter_time_cuda = 0.035019

iter 60: slack_cuda = -0.007385
iter 60: cpu_time_cuda = 0.012797
iter 60: gpu_time_cuda = 0.020181
iter 60: download_copy_time_cuda = 0.000613
iter 60: upload_copy_time_cuda = 0.000642
iter 60: per_iter_time_cuda = 0.034717

iter 61: slack_cuda = -0.007543
iter 61: cpu_time_cuda = 0.012430
iter 61: gpu_time_cuda = 0.019972
iter 61: download_copy_time_cuda = 0.000596
iter 61: upload_copy_time_cuda = 0.000631
iter 61: per_iter_time_cuda = 0.034079

iter 62: slack_cuda = -0.007612
iter 62: cpu_time_cuda = 0.012097
iter 62: gpu_time_cuda = 0.019709
iter 62: download_copy_time_cuda = 0.000579
iter 62: upload_copy_time_cuda = 0.000615
iter 62: per_iter_time_cuda = 0.033472

iter 63: slack_cuda = -0.007227
iter 63: cpu_time_cuda = 0.011805
iter 63: gpu_time_cuda = 0.019032
iter 63: download_copy_time_cuda = 0.000565
iter 63: upload_copy_time_cuda = 0.000606
iter 63: per_iter_time_cuda = 0.032439

iter 64: slack_cuda = -0.007537
iter 64: cpu_time_cuda = 0.011565
iter 64: gpu_time_cuda = 0.019102
iter 64: download_copy_time_cuda = 0.000559
iter 64: upload_copy_time_cuda = 0.000586
iter 64: per_iter_time_cuda = 0.032263

iter 65: slack_cuda = -0.015285
iter 65: cpu_time_cuda = 0.011273
iter 65: gpu_time_cuda = 0.026559
iter 65: download_copy_time_cuda = 0.000545
iter 65: upload_copy_time_cuda = 0.000575
iter 65: per_iter_time_cuda = 0.039378

iter 66: slack_cuda = -0.007586
iter 66: cpu_time_cuda = 0.010956
iter 66: gpu_time_cuda = 0.018542
iter 66: download_copy_time_cuda = 0.000527
iter 66: upload_copy_time_cuda = 0.000562
iter 66: per_iter_time_cuda = 0.031027

iter 67: slack_cuda = -0.007377
iter 67: cpu_time_cuda = 0.010690
iter 67: gpu_time_cuda = 0.018067
iter 67: download_copy_time_cuda = 0.000510
iter 67: upload_copy_time_cuda = 0.000547
iter 67: per_iter_time_cuda = 0.030221

iter 68: slack_cuda = -0.007672
iter 68: cpu_time_cuda = 0.010343
iter 68: gpu_time_cuda = 0.018016
iter 68: download_copy_time_cuda = 0.000498
iter 68: upload_copy_time_cuda = 0.000529
iter 68: per_iter_time_cuda = 0.030313

iter 69: slack_cuda = -0.007617
iter 69: cpu_time_cuda = 0.010073
iter 69: gpu_time_cuda = 0.017690
iter 69: download_copy_time_cuda = 0.000493
iter 69: upload_copy_time_cuda = 0.000515
iter 69: per_iter_time_cuda = 0.029328

iter 70: slack_cuda = -0.007538
iter 70: cpu_time_cuda = 0.009880
iter 70: gpu_time_cuda = 0.017418
iter 70: download_copy_time_cuda = 0.000477
iter 70: upload_copy_time_cuda = 0.000508
iter 70: per_iter_time_cuda = 0.029165

iter 71: slack_cuda = -0.007603
iter 71: cpu_time_cuda = 0.009589
iter 71: gpu_time_cuda = 0.017192
iter 71: download_copy_time_cuda = 0.000459
iter 71: upload_copy_time_cuda = 0.000491
iter 71: per_iter_time_cuda = 0.028827

iter 72: slack_cuda = -0.012154
iter 72: cpu_time_cuda = 0.009057
iter 72: gpu_time_cuda = 0.021211
iter 72: download_copy_time_cuda = 0.000452
iter 72: upload_copy_time_cuda = 0.000469
iter 72: per_iter_time_cuda = 0.038260

iter 73: slack_cuda = -0.007858
iter 73: cpu_time_cuda = 0.008674
iter 73: gpu_time_cuda = 0.016532
iter 73: download_copy_time_cuda = 0.000440
iter 73: upload_copy_time_cuda = 0.000464
iter 73: per_iter_time_cuda = 0.027623

iter 74: slack_cuda = -0.007676
iter 74: cpu_time_cuda = 0.008519
iter 74: gpu_time_cuda = 0.016196
iter 74: download_copy_time_cuda = 0.000420
iter 74: upload_copy_time_cuda = 0.000458
iter 74: per_iter_time_cuda = 0.027213

iter 75: slack_cuda = -0.007510
iter 75: cpu_time_cuda = 0.008162
iter 75: gpu_time_cuda = 0.015672
iter 75: download_copy_time_cuda = 0.000407
iter 75: upload_copy_time_cuda = 0.000449
iter 75: per_iter_time_cuda = 0.026665

iter 76: slack_cuda = -0.009627
iter 76: cpu_time_cuda = 0.007748
iter 76: gpu_time_cuda = 0.017375
iter 76: download_copy_time_cuda = 0.000390
iter 76: upload_copy_time_cuda = 0.000444
iter 76: per_iter_time_cuda = 0.034736

iter 77: slack_cuda = -0.007726
iter 77: cpu_time_cuda = 0.007496
iter 77: gpu_time_cuda = 0.015222
iter 77: download_copy_time_cuda = 0.000387
iter 77: upload_copy_time_cuda = 0.000449
iter 77: per_iter_time_cuda = 0.025556

iter 78: slack_cuda = -0.007783
iter 78: cpu_time_cuda = 0.007291
iter 78: gpu_time_cuda = 0.015074
iter 78: download_copy_time_cuda = 0.000369
iter 78: upload_copy_time_cuda = 0.000441
iter 78: per_iter_time_cuda = 0.025278

iter 79: slack_cuda = -0.006680
iter 79: cpu_time_cuda = 0.007028
iter 79: gpu_time_cuda = 0.013708
iter 79: download_copy_time_cuda = 0.000354
iter 79: upload_copy_time_cuda = 0.000437
iter 79: per_iter_time_cuda = 0.024699

iter 80: slack_cuda = -0.007097
iter 80: cpu_time_cuda = 0.006653
iter 80: gpu_time_cuda = 0.013750
iter 80: download_copy_time_cuda = 0.000337
iter 80: upload_copy_time_cuda = 0.000436
iter 80: per_iter_time_cuda = 0.024210

iter 81: slack_cuda = -0.010581
iter 81: cpu_time_cuda = 0.006370
iter 81: gpu_time_cuda = 0.016951
iter 81: download_copy_time_cuda = 0.000325
iter 81: upload_copy_time_cuda = 0.000427
iter 81: per_iter_time_cuda = 0.027236

iter 82: slack_cuda = -0.005906
iter 82: cpu_time_cuda = 0.006149
iter 82: gpu_time_cuda = 0.012055
iter 82: download_copy_time_cuda = 0.000314
iter 82: upload_copy_time_cuda = 0.000434
iter 82: per_iter_time_cuda = 0.023012

iter 83: slack_cuda = -0.005250
iter 83: cpu_time_cuda = 0.005821
iter 83: gpu_time_cuda = 0.011071
iter 83: download_copy_time_cuda = 0.000299
iter 83: upload_copy_time_cuda = 0.000434
iter 83: per_iter_time_cuda = 0.022589

iter 84: slack_cuda = -0.005735
iter 84: cpu_time_cuda = 0.005558
iter 84: gpu_time_cuda = 0.011292
iter 84: download_copy_time_cuda = 0.000282
iter 84: upload_copy_time_cuda = 0.000431
iter 84: per_iter_time_cuda = 0.022048

iter 85: slack_cuda = -0.005329
iter 85: cpu_time_cuda = 0.005236
iter 85: gpu_time_cuda = 0.010565
iter 85: download_copy_time_cuda = 0.000275
iter 85: upload_copy_time_cuda = 0.000428
iter 85: per_iter_time_cuda = 0.021046

iter 86: slack_cuda = -0.010398
iter 86: cpu_time_cuda = 0.004847
iter 86: gpu_time_cuda = 0.015245
iter 86: download_copy_time_cuda = 0.000264
iter 86: upload_copy_time_cuda = 0.000416
iter 86: per_iter_time_cuda = 0.025584

iter 87: slack_cuda = -0.004339
iter 87: cpu_time_cuda = 0.004623
iter 87: gpu_time_cuda = 0.008962
iter 87: download_copy_time_cuda = 0.000244
iter 87: upload_copy_time_cuda = 0.000413
iter 87: per_iter_time_cuda = 0.019561

iter 88: slack_cuda = -0.004451
iter 88: cpu_time_cuda = 0.004271
iter 88: gpu_time_cuda = 0.008722
iter 88: download_copy_time_cuda = 0.000226
iter 88: upload_copy_time_cuda = 0.000419
iter 88: per_iter_time_cuda = 0.018872

iter 89: slack_cuda = 0.001046
iter 89: cpu_time_cuda = 0.009246
iter 89: gpu_time_cuda = 0.008199
iter 89: download_copy_time_cuda = 0.000213
iter 89: upload_copy_time_cuda = 0.000423
iter 89: per_iter_time_cuda = 0.018376

iter 90: slack_cuda = 0.001238
iter 90: cpu_time_cuda = 0.008891
iter 90: gpu_time_cuda = 0.007652
iter 90: download_copy_time_cuda = 0.000209
iter 90: upload_copy_time_cuda = 0.000424
iter 90: per_iter_time_cuda = 0.017486

iter 91: slack_cuda = 0.002082
iter 91: cpu_time_cuda = 0.009102
iter 91: gpu_time_cuda = 0.007020
iter 91: download_copy_time_cuda = 0.000193
iter 91: upload_copy_time_cuda = 0.000407
iter 91: per_iter_time_cuda = 0.017013

iter 92: slack_cuda = -0.005113
iter 92: cpu_time_cuda = 0.008406
iter 92: gpu_time_cuda = 0.013518
iter 92: download_copy_time_cuda = 0.000171
iter 92: upload_copy_time_cuda = 0.000408
iter 92: per_iter_time_cuda = 0.022809

iter 93: slack_cuda = 0.001424
iter 93: cpu_time_cuda = 0.008121
iter 93: gpu_time_cuda = 0.006697
iter 93: download_copy_time_cuda = 0.000162
iter 93: upload_copy_time_cuda = 0.000407
iter 93: per_iter_time_cuda = 0.015670

iter 94: slack_cuda = 0.001486
iter 94: cpu_time_cuda = 0.007897
iter 94: gpu_time_cuda = 0.006411
iter 94: download_copy_time_cuda = 0.000154
iter 94: upload_copy_time_cuda = 0.000405
iter 94: per_iter_time_cuda = 0.015150

iter 95: slack_cuda = 0.001606
iter 95: cpu_time_cuda = 0.007612
iter 95: gpu_time_cuda = 0.006006
iter 95: download_copy_time_cuda = 0.000146
iter 95: upload_copy_time_cuda = 0.000398
iter 95: per_iter_time_cuda = 0.014438

iter 96: slack_cuda = 0.001440
iter 96: cpu_time_cuda = 0.007392
iter 96: gpu_time_cuda = 0.005952
iter 96: download_copy_time_cuda = 0.000141
iter 96: upload_copy_time_cuda = 0.000400
iter 96: per_iter_time_cuda = 0.014163

iter 97: slack_cuda = 0.001331
iter 97: cpu_time_cuda = 0.006964
iter 97: gpu_time_cuda = 0.005633
iter 97: download_copy_time_cuda = 0.000125
iter 97: upload_copy_time_cuda = 0.000396
iter 97: per_iter_time_cuda = 0.013392

iter 98: slack_cuda = 0.001327
iter 98: cpu_time_cuda = 0.006770
iter 98: gpu_time_cuda = 0.005442
iter 98: download_copy_time_cuda = 0.000122
iter 98: upload_copy_time_cuda = 0.000380
iter 98: per_iter_time_cuda = 0.012982

iter 99: slack_cuda = -0.006459
iter 99: cpu_time_cuda = 0.001173
iter 99: gpu_time_cuda = 0.007632
iter 99: download_copy_time_cuda = 0.000106
iter 99: upload_copy_time_cuda = 0.000390
iter 99: per_iter_time_cuda = 0.024688

iter 100: slack_cuda = -0.004591
iter 100: cpu_time_cuda = 0.000663
iter 100: gpu_time_cuda = 0.005254
iter 100: download_copy_time_cuda = 0.000103
iter 100: upload_copy_time_cuda = 0.000385
iter 100: per_iter_time_cuda = 0.011546

iter 101: slack_cuda = -0.004814
iter 101: cpu_time_cuda = 0.000396
iter 101: gpu_time_cuda = 0.005210
iter 101: download_copy_time_cuda = 0.000091
iter 101: upload_copy_time_cuda = 0.000385
iter 101: per_iter_time_cuda = 0.011220

total_slack_overflow = -0.663441
total_cpu_time_cuda = 1.590955
total_gpu_time_cuda = 2.241413
total_copy_time_cuda = 0.158462
main_loop_time_cuda = 4.139052
Normalized difference of predicted CPU runtime per iteration is: 0.000000%
Normalized difference of predicted GPU runtime per iteration is: 0.000000%
Normalized difference of predicted slack per iteration is: 0.000000%
10240 10240     ---   (  ---  )    161.12 (   4.44)     ---   
total_time = 8.230020
6.50user 1.76system 0:09.91elapsed 83%CPU (0avgtext+0avgdata 972896maxresident)k
3928inputs+0outputs (1major+225534minor)pagefaults 0swaps
send out message: 22 3 log
