send out message: 24 37 /home/lchen/MAGMA/magma-1.6.1/results
send out message: 20 26 MAGMA_LU_GPUDVFS.total.pwr
MAGMA 1.6.1  compiled for CUDA capability >= 3.0
CUDA runtime 5000, driver 6050. MAGMA not compiled with OpenMP. 
ndevices 1
device 0: Tesla K20c, 705.5 MHz clock, 4799.6 MB memory, capability 3.5
Usage: /home/lchen/MAGMA/magma-1.6.1/testing/testing_dgetrf [options] [-h|--help]

ngpu 1
    M     N   CPU GFlop/s (sec)   GPU GFlop/s (sec)   |PA-LU|/(N*|A|)
=========================================================================
init_time = 9.915347
iter 0: slack_cuda = 0.000000
iter 0: cpu_time_cuda = 0.000000
iter 0: gpu_time_cuda = 0.000000
iter 0: download_copy_time_cuda = 0.000000
iter 0: upload_copy_time_cuda = 0.003182
iter 0: per_iter_time_cuda = 0.004833

iter 1: slack_cuda = -0.033728
iter 1: cpu_time_cuda = 0.084517
iter 1: gpu_time_cuda = 0.118245
iter 1: download_copy_time_cuda = 0.002923
iter 1: upload_copy_time_cuda = 0.003457
iter 1: per_iter_time_cuda = 0.215114

iter 2: slack_cuda = -0.030405
iter 2: cpu_time_cuda = 0.086001
iter 2: gpu_time_cuda = 0.116406
iter 2: download_copy_time_cuda = 0.003134
iter 2: upload_copy_time_cuda = 0.003394
iter 2: per_iter_time_cuda = 0.210558

iter 3: slack_cuda = -0.026767
iter 3: cpu_time_cuda = 0.085594
iter 3: gpu_time_cuda = 0.112361
iter 3: download_copy_time_cuda = 0.003074
iter 3: upload_copy_time_cuda = 0.003401
iter 3: per_iter_time_cuda = 0.205819

iter 4: slack_cuda = -0.029342
iter 4: cpu_time_cuda = 0.085155
iter 4: gpu_time_cuda = 0.114497
iter 4: download_copy_time_cuda = 0.003126
iter 4: upload_copy_time_cuda = 0.003353
iter 4: per_iter_time_cuda = 0.207698

iter 5: slack_cuda = -0.028546
iter 5: cpu_time_cuda = 0.084845
iter 5: gpu_time_cuda = 0.113392
iter 5: download_copy_time_cuda = 0.003076
iter 5: upload_copy_time_cuda = 0.003370
iter 5: per_iter_time_cuda = 0.206082

iter 6: slack_cuda = -0.028198
iter 6: cpu_time_cuda = 0.084429
iter 6: gpu_time_cuda = 0.112627
iter 6: download_copy_time_cuda = 0.003097
iter 6: upload_copy_time_cuda = 0.003345
iter 6: per_iter_time_cuda = 0.205096

iter 7: slack_cuda = -0.024115
iter 7: cpu_time_cuda = 0.083898
iter 7: gpu_time_cuda = 0.108013
iter 7: download_copy_time_cuda = 0.003046
iter 7: upload_copy_time_cuda = 0.003344
iter 7: per_iter_time_cuda = 0.199641

iter 8: slack_cuda = -0.027066
iter 8: cpu_time_cuda = 0.083578
iter 8: gpu_time_cuda = 0.110644
iter 8: download_copy_time_cuda = 0.003007
iter 8: upload_copy_time_cuda = 0.003262
iter 8: per_iter_time_cuda = 0.202085

iter 9: slack_cuda = -0.025610
iter 9: cpu_time_cuda = 0.083265
iter 9: gpu_time_cuda = 0.108874
iter 9: download_copy_time_cuda = 0.003021
iter 9: upload_copy_time_cuda = 0.003308
iter 9: per_iter_time_cuda = 0.200058

iter 10: slack_cuda = -0.028079
iter 10: cpu_time_cuda = 0.080085
iter 10: gpu_time_cuda = 0.108163
iter 10: download_copy_time_cuda = 0.003005
iter 10: upload_copy_time_cuda = 0.003287
iter 10: per_iter_time_cuda = 0.196147

iter 11: slack_cuda = -0.021356
iter 11: cpu_time_cuda = 0.082131
iter 11: gpu_time_cuda = 0.103487
iter 11: download_copy_time_cuda = 0.003016
iter 11: upload_copy_time_cuda = 0.003295
iter 11: per_iter_time_cuda = 0.193208

iter 12: slack_cuda = -0.024016
iter 12: cpu_time_cuda = 0.081947
iter 12: gpu_time_cuda = 0.105963
iter 12: download_copy_time_cuda = 0.002943
iter 12: upload_copy_time_cuda = 0.003200
iter 12: per_iter_time_cuda = 0.195704

iter 13: slack_cuda = -0.023294
iter 13: cpu_time_cuda = 0.081427
iter 13: gpu_time_cuda = 0.104721
iter 13: download_copy_time_cuda = 0.002978
iter 13: upload_copy_time_cuda = 0.003239
iter 13: per_iter_time_cuda = 0.193657

iter 14: slack_cuda = -0.022770
iter 14: cpu_time_cuda = 0.081052
iter 14: gpu_time_cuda = 0.103822
iter 14: download_copy_time_cuda = 0.002932
iter 14: upload_copy_time_cuda = 0.003243
iter 14: per_iter_time_cuda = 0.192695

iter 15: slack_cuda = -0.018089
iter 15: cpu_time_cuda = 0.080700
iter 15: gpu_time_cuda = 0.098789
iter 15: download_copy_time_cuda = 0.002965
iter 15: upload_copy_time_cuda = 0.003247
iter 15: per_iter_time_cuda = 0.187012

iter 16: slack_cuda = -0.021576
iter 16: cpu_time_cuda = 0.080267
iter 16: gpu_time_cuda = 0.101842
iter 16: download_copy_time_cuda = 0.002922
iter 16: upload_copy_time_cuda = 0.003162
iter 16: per_iter_time_cuda = 0.189783

iter 17: slack_cuda = -0.020888
iter 17: cpu_time_cuda = 0.079853
iter 17: gpu_time_cuda = 0.100741
iter 17: download_copy_time_cuda = 0.002895
iter 17: upload_copy_time_cuda = 0.003169
iter 17: per_iter_time_cuda = 0.187959

iter 18: slack_cuda = -0.020380
iter 18: cpu_time_cuda = 0.078881
iter 18: gpu_time_cuda = 0.099261
iter 18: download_copy_time_cuda = 0.002917
iter 18: upload_copy_time_cuda = 0.003172
iter 18: per_iter_time_cuda = 0.185745

iter 19: slack_cuda = -0.016161
iter 19: cpu_time_cuda = 0.078954
iter 19: gpu_time_cuda = 0.095115
iter 19: download_copy_time_cuda = 0.002853
iter 19: upload_copy_time_cuda = 0.003135
iter 19: per_iter_time_cuda = 0.181537

iter 20: slack_cuda = -0.018872
iter 20: cpu_time_cuda = 0.078461
iter 20: gpu_time_cuda = 0.097333
iter 20: download_copy_time_cuda = 0.003157
iter 20: upload_copy_time_cuda = 0.003067
iter 20: per_iter_time_cuda = 0.183821

iter 21: slack_cuda = -0.018287
iter 21: cpu_time_cuda = 0.078036
iter 21: gpu_time_cuda = 0.096322
iter 21: download_copy_time_cuda = 0.002838
iter 21: upload_copy_time_cuda = 0.003141
iter 21: per_iter_time_cuda = 0.181662

iter 22: slack_cuda = -0.017551
iter 22: cpu_time_cuda = 0.077888
iter 22: gpu_time_cuda = 0.095439
iter 22: download_copy_time_cuda = 0.002867
iter 22: upload_copy_time_cuda = 0.003092
iter 22: per_iter_time_cuda = 0.180759

iter 23: slack_cuda = -0.013600
iter 23: cpu_time_cuda = 0.077373
iter 23: gpu_time_cuda = 0.090973
iter 23: download_copy_time_cuda = 0.002821
iter 23: upload_copy_time_cuda = 0.003071
iter 23: per_iter_time_cuda = 0.175482

iter 24: slack_cuda = -0.016825
iter 24: cpu_time_cuda = 0.076828
iter 24: gpu_time_cuda = 0.093653
iter 24: download_copy_time_cuda = 0.002795
iter 24: upload_copy_time_cuda = 0.003017
iter 24: per_iter_time_cuda = 0.177779

iter 25: slack_cuda = -0.015765
iter 25: cpu_time_cuda = 0.076295
iter 25: gpu_time_cuda = 0.092060
iter 25: download_copy_time_cuda = 0.002812
iter 25: upload_copy_time_cuda = 0.003053
iter 25: per_iter_time_cuda = 0.175441

iter 26: slack_cuda = -0.015256
iter 26: cpu_time_cuda = 0.076149
iter 26: gpu_time_cuda = 0.091405
iter 26: download_copy_time_cuda = 0.002773
iter 26: upload_copy_time_cuda = 0.003035
iter 26: per_iter_time_cuda = 0.174889

iter 27: slack_cuda = -0.011872
iter 27: cpu_time_cuda = 0.075537
iter 27: gpu_time_cuda = 0.087409
iter 27: download_copy_time_cuda = 0.002789
iter 27: upload_copy_time_cuda = 0.003023
iter 27: per_iter_time_cuda = 0.169955

iter 28: slack_cuda = -0.014063
iter 28: cpu_time_cuda = 0.075268
iter 28: gpu_time_cuda = 0.089330
iter 28: download_copy_time_cuda = 0.002717
iter 28: upload_copy_time_cuda = 0.002945
iter 28: per_iter_time_cuda = 0.171789

iter 29: slack_cuda = -0.013453
iter 29: cpu_time_cuda = 0.074682
iter 29: gpu_time_cuda = 0.088136
iter 29: download_copy_time_cuda = 0.002750
iter 29: upload_copy_time_cuda = 0.002987
iter 29: per_iter_time_cuda = 0.169765

iter 30: slack_cuda = -0.013494
iter 30: cpu_time_cuda = 0.074343
iter 30: gpu_time_cuda = 0.087838
iter 30: download_copy_time_cuda = 0.002757
iter 30: upload_copy_time_cuda = 0.002987
iter 30: per_iter_time_cuda = 0.169460

iter 31: slack_cuda = -0.008771
iter 31: cpu_time_cuda = 0.073925
iter 31: gpu_time_cuda = 0.082695
iter 31: download_copy_time_cuda = 0.002747
iter 31: upload_copy_time_cuda = 0.002957
iter 31: per_iter_time_cuda = 0.163507

iter 32: slack_cuda = -0.011675
iter 32: cpu_time_cuda = 0.073455
iter 32: gpu_time_cuda = 0.085130
iter 32: download_copy_time_cuda = 0.002725
iter 32: upload_copy_time_cuda = 0.002889
iter 32: per_iter_time_cuda = 0.165665

iter 33: slack_cuda = -0.011341
iter 33: cpu_time_cuda = 0.073071
iter 33: gpu_time_cuda = 0.084412
iter 33: download_copy_time_cuda = 0.002708
iter 33: upload_copy_time_cuda = 0.002931
iter 33: per_iter_time_cuda = 0.164333

iter 34: slack_cuda = -0.010642
iter 34: cpu_time_cuda = 0.072831
iter 34: gpu_time_cuda = 0.083473
iter 34: download_copy_time_cuda = 0.002684
iter 34: upload_copy_time_cuda = 0.002899
iter 34: per_iter_time_cuda = 0.163314

iter 35: slack_cuda = -0.007524
iter 35: cpu_time_cuda = 0.072203
iter 35: gpu_time_cuda = 0.079727
iter 35: download_copy_time_cuda = 0.002633
iter 35: upload_copy_time_cuda = 0.002914
iter 35: per_iter_time_cuda = 0.158696

iter 36: slack_cuda = -0.009433
iter 36: cpu_time_cuda = 0.071943
iter 36: gpu_time_cuda = 0.081376
iter 36: download_copy_time_cuda = 0.002650
iter 36: upload_copy_time_cuda = 0.002823
iter 36: per_iter_time_cuda = 0.160179

iter 37: slack_cuda = -0.009312
iter 37: cpu_time_cuda = 0.071574
iter 37: gpu_time_cuda = 0.080886
iter 37: download_copy_time_cuda = 0.002720
iter 37: upload_copy_time_cuda = 0.002861
iter 37: per_iter_time_cuda = 0.159245

iter 38: slack_cuda = -0.008592
iter 38: cpu_time_cuda = 0.071206
iter 38: gpu_time_cuda = 0.079798
iter 38: download_copy_time_cuda = 0.002927
iter 38: upload_copy_time_cuda = 0.002844
iter 38: per_iter_time_cuda = 0.158173

iter 39: slack_cuda = -0.005381
iter 39: cpu_time_cuda = 0.070716
iter 39: gpu_time_cuda = 0.076097
iter 39: download_copy_time_cuda = 0.002618
iter 39: upload_copy_time_cuda = 0.002829
iter 39: per_iter_time_cuda = 0.153465

iter 40: slack_cuda = -0.008634
iter 40: cpu_time_cuda = 0.069961
iter 40: gpu_time_cuda = 0.078595
iter 40: download_copy_time_cuda = 0.002589
iter 40: upload_copy_time_cuda = 0.002783
iter 40: per_iter_time_cuda = 0.155704

iter 41: slack_cuda = -0.006939
iter 41: cpu_time_cuda = 0.069876
iter 41: gpu_time_cuda = 0.076815
iter 41: download_copy_time_cuda = 0.002597
iter 41: upload_copy_time_cuda = 0.002810
iter 41: per_iter_time_cuda = 0.153237

iter 42: slack_cuda = -0.010204
iter 42: cpu_time_cuda = 0.065688
iter 42: gpu_time_cuda = 0.075892
iter 42: download_copy_time_cuda = 0.002551
iter 42: upload_copy_time_cuda = 0.002790
iter 42: per_iter_time_cuda = 0.148282

iter 43: slack_cuda = -0.003727
iter 43: cpu_time_cuda = 0.068784
iter 43: gpu_time_cuda = 0.072511
iter 43: download_copy_time_cuda = 0.002667
iter 43: upload_copy_time_cuda = 0.002763
iter 43: per_iter_time_cuda = 0.147842

iter 44: slack_cuda = -0.006097
iter 44: cpu_time_cuda = 0.068595
iter 44: gpu_time_cuda = 0.074692
iter 44: download_copy_time_cuda = 0.002512
iter 44: upload_copy_time_cuda = 0.002695
iter 44: per_iter_time_cuda = 0.149886

iter 45: slack_cuda = -0.006493
iter 45: cpu_time_cuda = 0.066743
iter 45: gpu_time_cuda = 0.073236
iter 45: download_copy_time_cuda = 0.002524
iter 45: upload_copy_time_cuda = 0.002819
iter 45: per_iter_time_cuda = 0.146422

iter 46: slack_cuda = -0.004813
iter 46: cpu_time_cuda = 0.067630
iter 46: gpu_time_cuda = 0.072443
iter 46: download_copy_time_cuda = 0.002539
iter 46: upload_copy_time_cuda = 0.002731
iter 46: per_iter_time_cuda = 0.146733

iter 47: slack_cuda = -0.001789
iter 47: cpu_time_cuda = 0.067406
iter 47: gpu_time_cuda = 0.069194
iter 47: download_copy_time_cuda = 0.002500
iter 47: upload_copy_time_cuda = 0.002699
iter 47: per_iter_time_cuda = 0.142866

iter 48: slack_cuda = -0.003658
iter 48: cpu_time_cuda = 0.066896
iter 48: gpu_time_cuda = 0.070554
iter 48: download_copy_time_cuda = 0.002492
iter 48: upload_copy_time_cuda = 0.002662
iter 48: per_iter_time_cuda = 0.143955

iter 49: slack_cuda = -0.003161
iter 49: cpu_time_cuda = 0.066597
iter 49: gpu_time_cuda = 0.069758
iter 49: download_copy_time_cuda = 0.002473
iter 49: upload_copy_time_cuda = 0.002696
iter 49: per_iter_time_cuda = 0.142620

iter 50: slack_cuda = -0.002760
iter 50: cpu_time_cuda = 0.065956
iter 50: gpu_time_cuda = 0.068717
iter 50: download_copy_time_cuda = 0.002721
iter 50: upload_copy_time_cuda = 0.002669
iter 50: per_iter_time_cuda = 0.141377

iter 51: slack_cuda = -0.000041
iter 51: cpu_time_cuda = 0.065780
iter 51: gpu_time_cuda = 0.065821
iter 51: download_copy_time_cuda = 0.002414
iter 51: upload_copy_time_cuda = 0.002738
iter 51: per_iter_time_cuda = 0.144392

iter 52: slack_cuda = -0.021911
iter 52: cpu_time_cuda = 0.045027
iter 52: gpu_time_cuda = 0.066938
iter 52: download_copy_time_cuda = 0.002402
iter 52: upload_copy_time_cuda = 0.002575
iter 52: per_iter_time_cuda = 0.118185

iter 53: slack_cuda = -0.022101
iter 53: cpu_time_cuda = 0.044487
iter 53: gpu_time_cuda = 0.066588
iter 53: download_copy_time_cuda = 0.002388
iter 53: upload_copy_time_cuda = 0.002586
iter 53: per_iter_time_cuda = 0.117129

iter 54: slack_cuda = -0.020993
iter 54: cpu_time_cuda = 0.044437
iter 54: gpu_time_cuda = 0.065430
iter 54: download_copy_time_cuda = 0.002381
iter 54: upload_copy_time_cuda = 0.002607
iter 54: per_iter_time_cuda = 0.116080

iter 55: slack_cuda = -0.018165
iter 55: cpu_time_cuda = 0.044075
iter 55: gpu_time_cuda = 0.062240
iter 55: download_copy_time_cuda = 0.002353
iter 55: upload_copy_time_cuda = 0.002563
iter 55: per_iter_time_cuda = 0.112271

iter 56: slack_cuda = -0.020097
iter 56: cpu_time_cuda = 0.043791
iter 56: gpu_time_cuda = 0.063888
iter 56: download_copy_time_cuda = 0.002332
iter 56: upload_copy_time_cuda = 0.002530
iter 56: per_iter_time_cuda = 0.113755

iter 57: slack_cuda = -0.019250
iter 57: cpu_time_cuda = 0.043533
iter 57: gpu_time_cuda = 0.062784
iter 57: download_copy_time_cuda = 0.002437
iter 57: upload_copy_time_cuda = 0.002538
iter 57: per_iter_time_cuda = 0.112342

iter 58: slack_cuda = -0.018935
iter 58: cpu_time_cuda = 0.043344
iter 58: gpu_time_cuda = 0.062280
iter 58: download_copy_time_cuda = 0.002301
iter 58: upload_copy_time_cuda = 0.002719
iter 58: per_iter_time_cuda = 0.111880

iter 59: slack_cuda = -0.016185
iter 59: cpu_time_cuda = 0.042993
iter 59: gpu_time_cuda = 0.059178
iter 59: download_copy_time_cuda = 0.002310
iter 59: upload_copy_time_cuda = 0.002496
iter 59: per_iter_time_cuda = 0.107967

iter 60: slack_cuda = -0.017913
iter 60: cpu_time_cuda = 0.042698
iter 60: gpu_time_cuda = 0.060611
iter 60: download_copy_time_cuda = 0.002270
iter 60: upload_copy_time_cuda = 0.002433
iter 60: per_iter_time_cuda = 0.109557

iter 61: slack_cuda = -0.026877
iter 61: cpu_time_cuda = 0.032551
iter 61: gpu_time_cuda = 0.059428
iter 61: download_copy_time_cuda = 0.002289
iter 61: upload_copy_time_cuda = 0.002453
iter 61: per_iter_time_cuda = 0.097829

iter 62: slack_cuda = -0.026821
iter 62: cpu_time_cuda = 0.032072
iter 62: gpu_time_cuda = 0.058893
iter 62: download_copy_time_cuda = 0.002274
iter 62: upload_copy_time_cuda = 0.002435
iter 62: per_iter_time_cuda = 0.096943

iter 63: slack_cuda = -0.023787
iter 63: cpu_time_cuda = 0.031993
iter 63: gpu_time_cuda = 0.055780
iter 63: download_copy_time_cuda = 0.002266
iter 63: upload_copy_time_cuda = 0.002427
iter 63: per_iter_time_cuda = 0.093418

iter 64: slack_cuda = -0.025493
iter 64: cpu_time_cuda = 0.031619
iter 64: gpu_time_cuda = 0.057112
iter 64: download_copy_time_cuda = 0.002270
iter 64: upload_copy_time_cuda = 0.002427
iter 64: per_iter_time_cuda = 0.094614

iter 65: slack_cuda = -0.024887
iter 65: cpu_time_cuda = 0.031609
iter 65: gpu_time_cuda = 0.056496
iter 65: download_copy_time_cuda = 0.002255
iter 65: upload_copy_time_cuda = 0.002407
iter 65: per_iter_time_cuda = 0.093727

iter 66: slack_cuda = -0.023919
iter 66: cpu_time_cuda = 0.031464
iter 66: gpu_time_cuda = 0.055382
iter 66: download_copy_time_cuda = 0.002294
iter 66: upload_copy_time_cuda = 0.002363
iter 66: per_iter_time_cuda = 0.092658

iter 67: slack_cuda = -0.022023
iter 67: cpu_time_cuda = 0.031301
iter 67: gpu_time_cuda = 0.053323
iter 67: download_copy_time_cuda = 0.002167
iter 67: upload_copy_time_cuda = 0.002344
iter 67: per_iter_time_cuda = 0.090085

iter 68: slack_cuda = -0.022928
iter 68: cpu_time_cuda = 0.030976
iter 68: gpu_time_cuda = 0.053905
iter 68: download_copy_time_cuda = 0.002186
iter 68: upload_copy_time_cuda = 0.002283
iter 68: per_iter_time_cuda = 0.090468

iter 69: slack_cuda = -0.022589
iter 69: cpu_time_cuda = 0.030592
iter 69: gpu_time_cuda = 0.053181
iter 69: download_copy_time_cuda = 0.002139
iter 69: upload_copy_time_cuda = 0.002306
iter 69: per_iter_time_cuda = 0.089215

iter 70: slack_cuda = -0.022392
iter 70: cpu_time_cuda = 0.030212
iter 70: gpu_time_cuda = 0.052604
iter 70: download_copy_time_cuda = 0.002169
iter 70: upload_copy_time_cuda = 0.002293
iter 70: per_iter_time_cuda = 0.088406

iter 71: slack_cuda = -0.020306
iter 71: cpu_time_cuda = 0.030289
iter 71: gpu_time_cuda = 0.050595
iter 71: download_copy_time_cuda = 0.002170
iter 71: upload_copy_time_cuda = 0.002305
iter 71: per_iter_time_cuda = 0.086309

iter 72: slack_cuda = -0.021120
iter 72: cpu_time_cuda = 0.030042
iter 72: gpu_time_cuda = 0.051162
iter 72: download_copy_time_cuda = 0.002145
iter 72: upload_copy_time_cuda = 0.002227
iter 72: per_iter_time_cuda = 0.086682

iter 73: slack_cuda = -0.020356
iter 73: cpu_time_cuda = 0.029837
iter 73: gpu_time_cuda = 0.050192
iter 73: download_copy_time_cuda = 0.002128
iter 73: upload_copy_time_cuda = 0.002251
iter 73: per_iter_time_cuda = 0.085330

iter 74: slack_cuda = -0.019962
iter 74: cpu_time_cuda = 0.029665
iter 74: gpu_time_cuda = 0.049627
iter 74: download_copy_time_cuda = 0.002075
iter 74: upload_copy_time_cuda = 0.002229
iter 74: per_iter_time_cuda = 0.084694

iter 75: slack_cuda = -0.017813
iter 75: cpu_time_cuda = 0.029455
iter 75: gpu_time_cuda = 0.047268
iter 75: download_copy_time_cuda = 0.002107
iter 75: upload_copy_time_cuda = 0.002263
iter 75: per_iter_time_cuda = 0.081979

iter 76: slack_cuda = -0.019013
iter 76: cpu_time_cuda = 0.029182
iter 76: gpu_time_cuda = 0.048195
iter 76: download_copy_time_cuda = 0.002049
iter 76: upload_copy_time_cuda = 0.002178
iter 76: per_iter_time_cuda = 0.082735

iter 77: slack_cuda = -0.018529
iter 77: cpu_time_cuda = 0.028981
iter 77: gpu_time_cuda = 0.047510
iter 77: download_copy_time_cuda = 0.002064
iter 77: upload_copy_time_cuda = 0.002186
iter 77: per_iter_time_cuda = 0.081641

iter 78: slack_cuda = -0.017936
iter 78: cpu_time_cuda = 0.028758
iter 78: gpu_time_cuda = 0.046694
iter 78: download_copy_time_cuda = 0.002025
iter 78: upload_copy_time_cuda = 0.002180
iter 78: per_iter_time_cuda = 0.080771

iter 79: slack_cuda = -0.015702
iter 79: cpu_time_cuda = 0.028561
iter 79: gpu_time_cuda = 0.044263
iter 79: download_copy_time_cuda = 0.002039
iter 79: upload_copy_time_cuda = 0.002178
iter 79: per_iter_time_cuda = 0.077903

iter 80: slack_cuda = -0.017020
iter 80: cpu_time_cuda = 0.028362
iter 80: gpu_time_cuda = 0.045383
iter 80: download_copy_time_cuda = 0.002104
iter 80: upload_copy_time_cuda = 0.002096
iter 80: per_iter_time_cuda = 0.079097

iter 81: slack_cuda = -0.016532
iter 81: cpu_time_cuda = 0.028041
iter 81: gpu_time_cuda = 0.044572
iter 81: download_copy_time_cuda = 0.001994
iter 81: upload_copy_time_cuda = 0.002123
iter 81: per_iter_time_cuda = 0.077767

iter 82: slack_cuda = -0.015713
iter 82: cpu_time_cuda = 0.027851
iter 82: gpu_time_cuda = 0.043564
iter 82: download_copy_time_cuda = 0.001995
iter 82: upload_copy_time_cuda = 0.002142
iter 82: per_iter_time_cuda = 0.076617

iter 83: slack_cuda = -0.013757
iter 83: cpu_time_cuda = 0.027879
iter 83: gpu_time_cuda = 0.041636
iter 83: download_copy_time_cuda = 0.001996
iter 83: upload_copy_time_cuda = 0.002090
iter 83: per_iter_time_cuda = 0.074503

iter 84: slack_cuda = -0.015153
iter 84: cpu_time_cuda = 0.027433
iter 84: gpu_time_cuda = 0.042586
iter 84: download_copy_time_cuda = 0.001957
iter 84: upload_copy_time_cuda = 0.002041
iter 84: per_iter_time_cuda = 0.075058

iter 85: slack_cuda = -0.014686
iter 85: cpu_time_cuda = 0.027075
iter 85: gpu_time_cuda = 0.041760
iter 85: download_copy_time_cuda = 0.001917
iter 85: upload_copy_time_cuda = 0.002087
iter 85: per_iter_time_cuda = 0.073753

iter 86: slack_cuda = -0.014096
iter 86: cpu_time_cuda = 0.027041
iter 86: gpu_time_cuda = 0.041137
iter 86: download_copy_time_cuda = 0.001951
iter 86: upload_copy_time_cuda = 0.002049
iter 86: per_iter_time_cuda = 0.073205

iter 87: slack_cuda = -0.013960
iter 87: cpu_time_cuda = 0.026760
iter 87: gpu_time_cuda = 0.040720
iter 87: download_copy_time_cuda = 0.001911
iter 87: upload_copy_time_cuda = 0.002136
iter 87: per_iter_time_cuda = 0.072399

iter 88: slack_cuda = -0.013451
iter 88: cpu_time_cuda = 0.026544
iter 88: gpu_time_cuda = 0.039995
iter 88: download_copy_time_cuda = 0.001951
iter 88: upload_copy_time_cuda = 0.001995
iter 88: per_iter_time_cuda = 0.071540

iter 89: slack_cuda = -0.012438
iter 89: cpu_time_cuda = 0.026372
iter 89: gpu_time_cuda = 0.038810
iter 89: download_copy_time_cuda = 0.001898
iter 89: upload_copy_time_cuda = 0.002021
iter 89: per_iter_time_cuda = 0.069955

iter 90: slack_cuda = -0.012583
iter 90: cpu_time_cuda = 0.026137
iter 90: gpu_time_cuda = 0.038720
iter 90: download_copy_time_cuda = 0.001871
iter 90: upload_copy_time_cuda = 0.001982
iter 90: per_iter_time_cuda = 0.069771

iter 91: slack_cuda = -0.010580
iter 91: cpu_time_cuda = 0.025974
iter 91: gpu_time_cuda = 0.036555
iter 91: download_copy_time_cuda = 0.001870
iter 91: upload_copy_time_cuda = 0.001971
iter 91: per_iter_time_cuda = 0.067186

iter 92: slack_cuda = -0.011238
iter 92: cpu_time_cuda = 0.025842
iter 92: gpu_time_cuda = 0.037080
iter 92: download_copy_time_cuda = 0.001804
iter 92: upload_copy_time_cuda = 0.001941
iter 92: per_iter_time_cuda = 0.067723

iter 93: slack_cuda = -0.011243
iter 93: cpu_time_cuda = 0.025360
iter 93: gpu_time_cuda = 0.036603
iter 93: download_copy_time_cuda = 0.001827
iter 93: upload_copy_time_cuda = 0.001971
iter 93: per_iter_time_cuda = 0.066593

iter 94: slack_cuda = -0.011175
iter 94: cpu_time_cuda = 0.025295
iter 94: gpu_time_cuda = 0.036471
iter 94: download_copy_time_cuda = 0.001812
iter 94: upload_copy_time_cuda = 0.001917
iter 94: per_iter_time_cuda = 0.066553

iter 95: slack_cuda = -0.008683
iter 95: cpu_time_cuda = 0.024993
iter 95: gpu_time_cuda = 0.033676
iter 95: download_copy_time_cuda = 0.001845
iter 95: upload_copy_time_cuda = 0.001907
iter 95: per_iter_time_cuda = 0.063252

iter 96: slack_cuda = -0.009634
iter 96: cpu_time_cuda = 0.024850
iter 96: gpu_time_cuda = 0.034484
iter 96: download_copy_time_cuda = 0.001770
iter 96: upload_copy_time_cuda = 0.001863
iter 96: per_iter_time_cuda = 0.063970

iter 97: slack_cuda = -0.009589
iter 97: cpu_time_cuda = 0.024567
iter 97: gpu_time_cuda = 0.034156
iter 97: download_copy_time_cuda = 0.001739
iter 97: upload_copy_time_cuda = 0.001876
iter 97: per_iter_time_cuda = 0.063181

iter 98: slack_cuda = -0.009067
iter 98: cpu_time_cuda = 0.024283
iter 98: gpu_time_cuda = 0.033350
iter 98: download_copy_time_cuda = 0.001749
iter 98: upload_copy_time_cuda = 0.001884
iter 98: per_iter_time_cuda = 0.062225

iter 99: slack_cuda = -0.007715
iter 99: cpu_time_cuda = 0.024139
iter 99: gpu_time_cuda = 0.031854
iter 99: download_copy_time_cuda = 0.001747
iter 99: upload_copy_time_cuda = 0.001883
iter 99: per_iter_time_cuda = 0.060439

iter 100: slack_cuda = -0.008509
iter 100: cpu_time_cuda = 0.023820
iter 100: gpu_time_cuda = 0.032328
iter 100: download_copy_time_cuda = 0.001734
iter 100: upload_copy_time_cuda = 0.001800
iter 100: per_iter_time_cuda = 0.060620

iter 101: slack_cuda = -0.008220
iter 101: cpu_time_cuda = 0.023559
iter 101: gpu_time_cuda = 0.031779
iter 101: download_copy_time_cuda = 0.001703
iter 101: upload_copy_time_cuda = 0.001622
iter 101: per_iter_time_cuda = 0.059624

iter 102: slack_cuda = -0.007540
iter 102: cpu_time_cuda = 0.023469
iter 102: gpu_time_cuda = 0.031009
iter 102: download_copy_time_cuda = 0.001503
iter 102: upload_copy_time_cuda = 0.001602
iter 102: per_iter_time_cuda = 0.058680

iter 103: slack_cuda = -0.006180
iter 103: cpu_time_cuda = 0.023331
iter 103: gpu_time_cuda = 0.029512
iter 103: download_copy_time_cuda = 0.001481
iter 103: upload_copy_time_cuda = 0.001589
iter 103: per_iter_time_cuda = 0.056699

iter 104: slack_cuda = -0.007175
iter 104: cpu_time_cuda = 0.022979
iter 104: gpu_time_cuda = 0.030153
iter 104: download_copy_time_cuda = 0.001465
iter 104: upload_copy_time_cuda = 0.001541
iter 104: per_iter_time_cuda = 0.057090

iter 105: slack_cuda = -0.006429
iter 105: cpu_time_cuda = 0.022866
iter 105: gpu_time_cuda = 0.029295
iter 105: download_copy_time_cuda = 0.001466
iter 105: upload_copy_time_cuda = 0.001579
iter 105: per_iter_time_cuda = 0.055970

iter 106: slack_cuda = -0.006030
iter 106: cpu_time_cuda = 0.022651
iter 106: gpu_time_cuda = 0.028680
iter 106: download_copy_time_cuda = 0.001424
iter 106: upload_copy_time_cuda = 0.001539
iter 106: per_iter_time_cuda = 0.055219

iter 107: slack_cuda = -0.004732
iter 107: cpu_time_cuda = 0.022393
iter 107: gpu_time_cuda = 0.027125
iter 107: download_copy_time_cuda = 0.001432
iter 107: upload_copy_time_cuda = 0.001533
iter 107: per_iter_time_cuda = 0.053212

iter 108: slack_cuda = -0.005806
iter 108: cpu_time_cuda = 0.022154
iter 108: gpu_time_cuda = 0.027961
iter 108: download_copy_time_cuda = 0.001395
iter 108: upload_copy_time_cuda = 0.001479
iter 108: per_iter_time_cuda = 0.053924

iter 109: slack_cuda = -0.005102
iter 109: cpu_time_cuda = 0.022000
iter 109: gpu_time_cuda = 0.027102
iter 109: download_copy_time_cuda = 0.001408
iter 109: upload_copy_time_cuda = 0.001517
iter 109: per_iter_time_cuda = 0.052774

iter 110: slack_cuda = -0.005093
iter 110: cpu_time_cuda = 0.021654
iter 110: gpu_time_cuda = 0.026747
iter 110: download_copy_time_cuda = 0.001414
iter 110: upload_copy_time_cuda = 0.001483
iter 110: per_iter_time_cuda = 0.052254

iter 111: slack_cuda = -0.003648
iter 111: cpu_time_cuda = 0.021566
iter 111: gpu_time_cuda = 0.025214
iter 111: download_copy_time_cuda = 0.001380
iter 111: upload_copy_time_cuda = 0.001471
iter 111: per_iter_time_cuda = 0.050411

iter 112: slack_cuda = -0.004456
iter 112: cpu_time_cuda = 0.021108
iter 112: gpu_time_cuda = 0.025564
iter 112: download_copy_time_cuda = 0.001355
iter 112: upload_copy_time_cuda = 0.001424
iter 112: per_iter_time_cuda = 0.050337

iter 113: slack_cuda = -0.003786
iter 113: cpu_time_cuda = 0.021033
iter 113: gpu_time_cuda = 0.024819
iter 113: download_copy_time_cuda = 0.001339
iter 113: upload_copy_time_cuda = 0.001437
iter 113: per_iter_time_cuda = 0.049402

iter 114: slack_cuda = -0.003495
iter 114: cpu_time_cuda = 0.020902
iter 114: gpu_time_cuda = 0.024397
iter 114: download_copy_time_cuda = 0.001337
iter 114: upload_copy_time_cuda = 0.001423
iter 114: per_iter_time_cuda = 0.048907

iter 115: slack_cuda = -0.002740
iter 115: cpu_time_cuda = 0.020664
iter 115: gpu_time_cuda = 0.023405
iter 115: download_copy_time_cuda = 0.001304
iter 115: upload_copy_time_cuda = 0.001410
iter 115: per_iter_time_cuda = 0.047528

iter 116: slack_cuda = -0.002833
iter 116: cpu_time_cuda = 0.020490
iter 116: gpu_time_cuda = 0.023323
iter 116: download_copy_time_cuda = 0.001300
iter 116: upload_copy_time_cuda = 0.001365
iter 116: per_iter_time_cuda = 0.047303

iter 117: slack_cuda = -0.002734
iter 117: cpu_time_cuda = 0.020286
iter 117: gpu_time_cuda = 0.023020
iter 117: download_copy_time_cuda = 0.001280
iter 117: upload_copy_time_cuda = 0.001376
iter 117: per_iter_time_cuda = 0.046708

iter 118: slack_cuda = -0.002507
iter 118: cpu_time_cuda = 0.020028
iter 118: gpu_time_cuda = 0.022535
iter 118: download_copy_time_cuda = 0.001273
iter 118: upload_copy_time_cuda = 0.001371
iter 118: per_iter_time_cuda = 0.046031

iter 119: slack_cuda = -0.001510
iter 119: cpu_time_cuda = 0.019676
iter 119: gpu_time_cuda = 0.021186
iter 119: download_copy_time_cuda = 0.001260
iter 119: upload_copy_time_cuda = 0.001347
iter 119: per_iter_time_cuda = 0.044196

iter 120: slack_cuda = -0.002054
iter 120: cpu_time_cuda = 0.019560
iter 120: gpu_time_cuda = 0.021615
iter 120: download_copy_time_cuda = 0.001239
iter 120: upload_copy_time_cuda = 0.001302
iter 120: per_iter_time_cuda = 0.044536

iter 121: slack_cuda = -0.001694
iter 121: cpu_time_cuda = 0.019311
iter 121: gpu_time_cuda = 0.021005
iter 121: download_copy_time_cuda = 0.001241
iter 121: upload_copy_time_cuda = 0.001319
iter 121: per_iter_time_cuda = 0.043605

iter 122: slack_cuda = -0.001474
iter 122: cpu_time_cuda = 0.019093
iter 122: gpu_time_cuda = 0.020566
iter 122: download_copy_time_cuda = 0.001224
iter 122: upload_copy_time_cuda = 0.001298
iter 122: per_iter_time_cuda = 0.043174

iter 123: slack_cuda = -0.000513
iter 123: cpu_time_cuda = 0.018931
iter 123: gpu_time_cuda = 0.019443
iter 123: download_copy_time_cuda = 0.001218
iter 123: upload_copy_time_cuda = 0.001304
iter 123: per_iter_time_cuda = 0.041550

iter 124: slack_cuda = -0.001212
iter 124: cpu_time_cuda = 0.018392
iter 124: gpu_time_cuda = 0.019604
iter 124: download_copy_time_cuda = 0.001171
iter 124: upload_copy_time_cuda = 0.001254
iter 124: per_iter_time_cuda = 0.041201

iter 125: slack_cuda = -0.000712
iter 125: cpu_time_cuda = 0.018427
iter 125: gpu_time_cuda = 0.019139
iter 125: download_copy_time_cuda = 0.001176
iter 125: upload_copy_time_cuda = 0.001275
iter 125: per_iter_time_cuda = 0.040660

iter 126: slack_cuda = -0.000594
iter 126: cpu_time_cuda = 0.018175
iter 126: gpu_time_cuda = 0.018769
iter 126: download_copy_time_cuda = 0.001153
iter 126: upload_copy_time_cuda = 0.001234
iter 126: per_iter_time_cuda = 0.040145

iter 127: slack_cuda = 0.000622
iter 127: cpu_time_cuda = 0.017940
iter 127: gpu_time_cuda = 0.017317
iter 127: download_copy_time_cuda = 0.001158
iter 127: upload_copy_time_cuda = 0.001222
iter 127: per_iter_time_cuda = 0.038263

iter 128: slack_cuda = -0.000097
iter 128: cpu_time_cuda = 0.017788
iter 128: gpu_time_cuda = 0.017885
iter 128: download_copy_time_cuda = 0.001131
iter 128: upload_copy_time_cuda = 0.001182
iter 128: per_iter_time_cuda = 0.038743

iter 129: slack_cuda = 0.000319
iter 129: cpu_time_cuda = 0.017556
iter 129: gpu_time_cuda = 0.017237
iter 129: download_copy_time_cuda = 0.001110
iter 129: upload_copy_time_cuda = 0.001187
iter 129: per_iter_time_cuda = 0.037711

iter 130: slack_cuda = 0.000468
iter 130: cpu_time_cuda = 0.017278
iter 130: gpu_time_cuda = 0.016810
iter 130: download_copy_time_cuda = 0.001104
iter 130: upload_copy_time_cuda = 0.001180
iter 130: per_iter_time_cuda = 0.037116

iter 131: slack_cuda = 0.000902
iter 131: cpu_time_cuda = 0.017227
iter 131: gpu_time_cuda = 0.016325
iter 131: download_copy_time_cuda = 0.001082
iter 131: upload_copy_time_cuda = 0.001156
iter 131: per_iter_time_cuda = 0.036410

iter 132: slack_cuda = 0.000995
iter 132: cpu_time_cuda = 0.017098
iter 132: gpu_time_cuda = 0.016103
iter 132: download_copy_time_cuda = 0.001071
iter 132: upload_copy_time_cuda = 0.001139
iter 132: per_iter_time_cuda = 0.036111

iter 133: slack_cuda = 0.001091
iter 133: cpu_time_cuda = 0.016690
iter 133: gpu_time_cuda = 0.015598
iter 133: download_copy_time_cuda = 0.001052
iter 133: upload_copy_time_cuda = 0.001130
iter 133: per_iter_time_cuda = 0.035101

iter 134: slack_cuda = 0.001059
iter 134: cpu_time_cuda = 0.016485
iter 134: gpu_time_cuda = 0.015426
iter 134: download_copy_time_cuda = 0.001049
iter 134: upload_copy_time_cuda = 0.001114
iter 134: per_iter_time_cuda = 0.034764

iter 135: slack_cuda = 0.001877
iter 135: cpu_time_cuda = 0.016278
iter 135: gpu_time_cuda = 0.014401
iter 135: download_copy_time_cuda = 0.001031
iter 135: upload_copy_time_cuda = 0.001102
iter 135: per_iter_time_cuda = 0.033417

iter 136: slack_cuda = 0.001303
iter 136: cpu_time_cuda = 0.015845
iter 136: gpu_time_cuda = 0.014542
iter 136: download_copy_time_cuda = 0.001017
iter 136: upload_copy_time_cuda = 0.001059
iter 136: per_iter_time_cuda = 0.033152

iter 137: slack_cuda = 0.001633
iter 137: cpu_time_cuda = 0.015774
iter 137: gpu_time_cuda = 0.014141
iter 137: download_copy_time_cuda = 0.001009
iter 137: upload_copy_time_cuda = 0.001070
iter 137: per_iter_time_cuda = 0.032585

iter 138: slack_cuda = 0.001796
iter 138: cpu_time_cuda = 0.015519
iter 138: gpu_time_cuda = 0.013723
iter 138: download_copy_time_cuda = 0.000979
iter 138: upload_copy_time_cuda = 0.001050
iter 138: per_iter_time_cuda = 0.031959

iter 139: slack_cuda = 0.002558
iter 139: cpu_time_cuda = 0.015347
iter 139: gpu_time_cuda = 0.012789
iter 139: download_copy_time_cuda = 0.000979
iter 139: upload_copy_time_cuda = 0.001038
iter 139: per_iter_time_cuda = 0.030726

iter 140: slack_cuda = 0.002012
iter 140: cpu_time_cuda = 0.015122
iter 140: gpu_time_cuda = 0.013110
iter 140: download_copy_time_cuda = 0.000946
iter 140: upload_copy_time_cuda = 0.000999
iter 140: per_iter_time_cuda = 0.030866

iter 141: slack_cuda = 0.002215
iter 141: cpu_time_cuda = 0.014891
iter 141: gpu_time_cuda = 0.012676
iter 141: download_copy_time_cuda = 0.000958
iter 141: upload_copy_time_cuda = 0.001012
iter 141: per_iter_time_cuda = 0.030092

iter 142: slack_cuda = 0.002525
iter 142: cpu_time_cuda = 0.014668
iter 142: gpu_time_cuda = 0.012143
iter 142: download_copy_time_cuda = 0.000927
iter 142: upload_copy_time_cuda = 0.000989
iter 142: per_iter_time_cuda = 0.029526

iter 143: slack_cuda = 0.002858
iter 143: cpu_time_cuda = 0.014281
iter 143: gpu_time_cuda = 0.011423
iter 143: download_copy_time_cuda = 0.000925
iter 143: upload_copy_time_cuda = 0.000979
iter 143: per_iter_time_cuda = 0.028190

iter 144: slack_cuda = 0.002733
iter 144: cpu_time_cuda = 0.014225
iter 144: gpu_time_cuda = 0.011491
iter 144: download_copy_time_cuda = 0.000914
iter 144: upload_copy_time_cuda = 0.000943
iter 144: per_iter_time_cuda = 0.028216

iter 145: slack_cuda = 0.002783
iter 145: cpu_time_cuda = 0.014022
iter 145: gpu_time_cuda = 0.011239
iter 145: download_copy_time_cuda = 0.000893
iter 145: upload_copy_time_cuda = 0.000943
iter 145: per_iter_time_cuda = 0.027637

iter 146: slack_cuda = 0.003144
iter 146: cpu_time_cuda = 0.013823
iter 146: gpu_time_cuda = 0.010679
iter 146: download_copy_time_cuda = 0.000881
iter 146: upload_copy_time_cuda = 0.000928
iter 146: per_iter_time_cuda = 0.026934

iter 147: slack_cuda = 0.003483
iter 147: cpu_time_cuda = 0.013494
iter 147: gpu_time_cuda = 0.010011
iter 147: download_copy_time_cuda = 0.000859
iter 147: upload_copy_time_cuda = 0.000912
iter 147: per_iter_time_cuda = 0.025826

iter 148: slack_cuda = 0.003153
iter 148: cpu_time_cuda = 0.013348
iter 148: gpu_time_cuda = 0.010194
iter 148: download_copy_time_cuda = 0.000855
iter 148: upload_copy_time_cuda = 0.000887
iter 148: per_iter_time_cuda = 0.025879

iter 149: slack_cuda = 0.003250
iter 149: cpu_time_cuda = 0.013092
iter 149: gpu_time_cuda = 0.009842
iter 149: download_copy_time_cuda = 0.000835
iter 149: upload_copy_time_cuda = 0.000882
iter 149: per_iter_time_cuda = 0.025183

iter 150: slack_cuda = 0.003513
iter 150: cpu_time_cuda = 0.012955
iter 150: gpu_time_cuda = 0.009442
iter 150: download_copy_time_cuda = 0.000841
iter 150: upload_copy_time_cuda = 0.000877
iter 150: per_iter_time_cuda = 0.024709

iter 151: slack_cuda = 0.003885
iter 151: cpu_time_cuda = 0.012701
iter 151: gpu_time_cuda = 0.008816
iter 151: download_copy_time_cuda = 0.000806
iter 151: upload_copy_time_cuda = 0.000882
iter 151: per_iter_time_cuda = 0.023713

iter 152: slack_cuda = 0.003542
iter 152: cpu_time_cuda = 0.012341
iter 152: gpu_time_cuda = 0.008799
iter 152: download_copy_time_cuda = 0.000787
iter 152: upload_copy_time_cuda = 0.000861
iter 152: per_iter_time_cuda = 0.023361

iter 153: slack_cuda = 0.003797
iter 153: cpu_time_cuda = 0.012182
iter 153: gpu_time_cuda = 0.008384
iter 153: download_copy_time_cuda = 0.000779
iter 153: upload_copy_time_cuda = 0.000875
iter 153: per_iter_time_cuda = 0.022711

iter 154: slack_cuda = 0.003618
iter 154: cpu_time_cuda = 0.011954
iter 154: gpu_time_cuda = 0.008337
iter 154: download_copy_time_cuda = 0.000766
iter 154: upload_copy_time_cuda = 0.000866
iter 154: per_iter_time_cuda = 0.022507

iter 155: slack_cuda = 0.003982
iter 155: cpu_time_cuda = 0.011765
iter 155: gpu_time_cuda = 0.007783
iter 155: download_copy_time_cuda = 0.000761
iter 155: upload_copy_time_cuda = 0.000868
iter 155: per_iter_time_cuda = 0.021653

iter 156: slack_cuda = 0.003946
iter 156: cpu_time_cuda = 0.011496
iter 156: gpu_time_cuda = 0.007550
iter 156: download_copy_time_cuda = 0.000731
iter 156: upload_copy_time_cuda = 0.000850
iter 156: per_iter_time_cuda = 0.021204

iter 157: slack_cuda = 0.003906
iter 157: cpu_time_cuda = 0.011215
iter 157: gpu_time_cuda = 0.007309
iter 157: download_copy_time_cuda = 0.000729
iter 157: upload_copy_time_cuda = 0.000858
iter 157: per_iter_time_cuda = 0.020587

iter 158: slack_cuda = 0.003826
iter 158: cpu_time_cuda = 0.011068
iter 158: gpu_time_cuda = 0.007242
iter 158: download_copy_time_cuda = 0.000710
iter 158: upload_copy_time_cuda = 0.000849
iter 158: per_iter_time_cuda = 0.020444

iter 159: slack_cuda = 0.004429
iter 159: cpu_time_cuda = 0.010840
iter 159: gpu_time_cuda = 0.006411
iter 159: download_copy_time_cuda = 0.000700
iter 159: upload_copy_time_cuda = 0.000851
iter 159: per_iter_time_cuda = 0.019284

iter 160: slack_cuda = 0.004211
iter 160: cpu_time_cuda = 0.010664
iter 160: gpu_time_cuda = 0.006453
iter 160: download_copy_time_cuda = 0.000686
iter 160: upload_copy_time_cuda = 0.000846
iter 160: per_iter_time_cuda = 0.019197

iter 161: slack_cuda = 0.003999
iter 161: cpu_time_cuda = 0.010397
iter 161: gpu_time_cuda = 0.006398
iter 161: download_copy_time_cuda = 0.000659
iter 161: upload_copy_time_cuda = 0.000835
iter 161: per_iter_time_cuda = 0.018754

iter 162: slack_cuda = 0.004143
iter 162: cpu_time_cuda = 0.010118
iter 162: gpu_time_cuda = 0.005975
iter 162: download_copy_time_cuda = 0.000656
iter 162: upload_copy_time_cuda = 0.000842
iter 162: per_iter_time_cuda = 0.018157

iter 163: slack_cuda = 0.004366
iter 163: cpu_time_cuda = 0.009900
iter 163: gpu_time_cuda = 0.005534
iter 163: download_copy_time_cuda = 0.000645
iter 163: upload_copy_time_cuda = 0.000834
iter 163: per_iter_time_cuda = 0.017406

iter 164: slack_cuda = 0.004160
iter 164: cpu_time_cuda = 0.009678
iter 164: gpu_time_cuda = 0.005518
iter 164: download_copy_time_cuda = 0.000635
iter 164: upload_copy_time_cuda = 0.000817
iter 164: per_iter_time_cuda = 0.017171

iter 165: slack_cuda = 0.004040
iter 165: cpu_time_cuda = 0.009421
iter 165: gpu_time_cuda = 0.005382
iter 165: download_copy_time_cuda = 0.000622
iter 165: upload_copy_time_cuda = 0.000828
iter 165: per_iter_time_cuda = 0.016708

iter 166: slack_cuda = 0.004160
iter 166: cpu_time_cuda = 0.009156
iter 166: gpu_time_cuda = 0.004996
iter 166: download_copy_time_cuda = 0.000600
iter 166: upload_copy_time_cuda = 0.000827
iter 166: per_iter_time_cuda = 0.016113

iter 167: slack_cuda = 0.004319
iter 167: cpu_time_cuda = 0.009005
iter 167: gpu_time_cuda = 0.004686
iter 167: download_copy_time_cuda = 0.000585
iter 167: upload_copy_time_cuda = 0.000826
iter 167: per_iter_time_cuda = 0.015544

iter 168: slack_cuda = 0.003938
iter 168: cpu_time_cuda = 0.008725
iter 168: gpu_time_cuda = 0.004787
iter 168: download_copy_time_cuda = 0.000576
iter 168: upload_copy_time_cuda = 0.000804
iter 168: per_iter_time_cuda = 0.015409

iter 169: slack_cuda = 0.003996
iter 169: cpu_time_cuda = 0.008399
iter 169: gpu_time_cuda = 0.004403
iter 169: download_copy_time_cuda = 0.000560
iter 169: upload_copy_time_cuda = 0.000824
iter 169: per_iter_time_cuda = 0.014604

iter 170: slack_cuda = 0.004144
iter 170: cpu_time_cuda = 0.008352
iter 170: gpu_time_cuda = 0.004208
iter 170: download_copy_time_cuda = 0.000539
iter 170: upload_copy_time_cuda = 0.000804
iter 170: per_iter_time_cuda = 0.014409

iter 171: slack_cuda = 0.004281
iter 171: cpu_time_cuda = 0.008047
iter 171: gpu_time_cuda = 0.003766
iter 171: download_copy_time_cuda = 0.000531
iter 171: upload_copy_time_cuda = 0.000811
iter 171: per_iter_time_cuda = 0.013560

iter 172: slack_cuda = 0.004187
iter 172: cpu_time_cuda = 0.007910
iter 172: gpu_time_cuda = 0.003723
iter 172: download_copy_time_cuda = 0.000514
iter 172: upload_copy_time_cuda = 0.000789
iter 172: per_iter_time_cuda = 0.013426

iter 173: slack_cuda = 0.004109
iter 173: cpu_time_cuda = 0.007579
iter 173: gpu_time_cuda = 0.003471
iter 173: download_copy_time_cuda = 0.000520
iter 173: upload_copy_time_cuda = 0.000799
iter 173: per_iter_time_cuda = 0.012771

iter 174: slack_cuda = 0.004039
iter 174: cpu_time_cuda = 0.007379
iter 174: gpu_time_cuda = 0.003341
iter 174: download_copy_time_cuda = 0.000491
iter 174: upload_copy_time_cuda = 0.000790
iter 174: per_iter_time_cuda = 0.012477

iter 175: slack_cuda = 0.003960
iter 175: cpu_time_cuda = 0.007161
iter 175: gpu_time_cuda = 0.003200
iter 175: download_copy_time_cuda = 0.000476
iter 175: upload_copy_time_cuda = 0.000797
iter 175: per_iter_time_cuda = 0.012033

iter 176: slack_cuda = 0.003880
iter 176: cpu_time_cuda = 0.006897
iter 176: gpu_time_cuda = 0.003016
iter 176: download_copy_time_cuda = 0.000475
iter 176: upload_copy_time_cuda = 0.000784
iter 176: per_iter_time_cuda = 0.011616

iter 177: slack_cuda = 0.004142
iter 177: cpu_time_cuda = 0.006942
iter 177: gpu_time_cuda = 0.002801
iter 177: download_copy_time_cuda = 0.000446
iter 177: upload_copy_time_cuda = 0.000786
iter 177: per_iter_time_cuda = 0.011366

iter 178: slack_cuda = 0.003666
iter 178: cpu_time_cuda = 0.006412
iter 178: gpu_time_cuda = 0.002746
iter 178: download_copy_time_cuda = 0.000449
iter 178: upload_copy_time_cuda = 0.000786
iter 178: per_iter_time_cuda = 0.010807

iter 179: slack_cuda = 0.003816
iter 179: cpu_time_cuda = 0.006174
iter 179: gpu_time_cuda = 0.002358
iter 179: download_copy_time_cuda = 0.000407
iter 179: upload_copy_time_cuda = 0.000788
iter 179: per_iter_time_cuda = 0.010103

iter 180: slack_cuda = 0.003632
iter 180: cpu_time_cuda = 0.005973
iter 180: gpu_time_cuda = 0.002341
iter 180: download_copy_time_cuda = 0.000403
iter 180: upload_copy_time_cuda = 0.000780
iter 180: per_iter_time_cuda = 0.009924

iter 181: slack_cuda = 0.003635
iter 181: cpu_time_cuda = 0.005831
iter 181: gpu_time_cuda = 0.002195
iter 181: download_copy_time_cuda = 0.000384
iter 181: upload_copy_time_cuda = 0.000773
iter 181: per_iter_time_cuda = 0.009560

iter 182: slack_cuda = 0.003471
iter 182: cpu_time_cuda = 0.005527
iter 182: gpu_time_cuda = 0.002056
iter 182: download_copy_time_cuda = 0.000381
iter 182: upload_copy_time_cuda = 0.000774
iter 182: per_iter_time_cuda = 0.009151

iter 183: slack_cuda = 0.003437
iter 183: cpu_time_cuda = 0.005290
iter 183: gpu_time_cuda = 0.001853
iter 183: download_copy_time_cuda = 0.000343
iter 183: upload_copy_time_cuda = 0.000769
iter 183: per_iter_time_cuda = 0.008618

iter 184: slack_cuda = 0.003274
iter 184: cpu_time_cuda = 0.005031
iter 184: gpu_time_cuda = 0.001758
iter 184: download_copy_time_cuda = 0.000330
iter 184: upload_copy_time_cuda = 0.000762
iter 184: per_iter_time_cuda = 0.008305

iter 185: slack_cuda = 0.003166
iter 185: cpu_time_cuda = 0.004825
iter 185: gpu_time_cuda = 0.001658
iter 185: download_copy_time_cuda = 0.000316
iter 185: upload_copy_time_cuda = 0.000767
iter 185: per_iter_time_cuda = 0.007899

iter 186: slack_cuda = 0.002969
iter 186: cpu_time_cuda = 0.004597
iter 186: gpu_time_cuda = 0.001628
iter 186: download_copy_time_cuda = 0.000299
iter 186: upload_copy_time_cuda = 0.000754
iter 186: per_iter_time_cuda = 0.007670

iter 187: slack_cuda = 0.002987
iter 187: cpu_time_cuda = 0.004378
iter 187: gpu_time_cuda = 0.001391
iter 187: download_copy_time_cuda = 0.000293
iter 187: upload_copy_time_cuda = 0.000757
iter 187: per_iter_time_cuda = 0.007154

iter 188: slack_cuda = 0.002867
iter 188: cpu_time_cuda = 0.004166
iter 188: gpu_time_cuda = 0.001300
iter 188: download_copy_time_cuda = 0.000281
iter 188: upload_copy_time_cuda = 0.000739
iter 188: per_iter_time_cuda = 0.006826

iter 189: slack_cuda = 0.002790
iter 189: cpu_time_cuda = 0.003928
iter 189: gpu_time_cuda = 0.001138
iter 189: download_copy_time_cuda = 0.000257
iter 189: upload_copy_time_cuda = 0.000755
iter 189: per_iter_time_cuda = 0.006377

iter 190: slack_cuda = 0.002667
iter 190: cpu_time_cuda = 0.003707
iter 190: gpu_time_cuda = 0.001040
iter 190: download_copy_time_cuda = 0.000241
iter 190: upload_copy_time_cuda = 0.000744
iter 190: per_iter_time_cuda = 0.006058

iter 191: slack_cuda = 0.002519
iter 191: cpu_time_cuda = 0.003377
iter 191: gpu_time_cuda = 0.000858
iter 191: download_copy_time_cuda = 0.000242
iter 191: upload_copy_time_cuda = 0.000729
iter 191: per_iter_time_cuda = 0.005493

iter 192: slack_cuda = 0.002302
iter 192: cpu_time_cuda = 0.003181
iter 192: gpu_time_cuda = 0.000879
iter 192: download_copy_time_cuda = 0.000213
iter 192: upload_copy_time_cuda = 0.000736
iter 192: per_iter_time_cuda = 0.005311

iter 193: slack_cuda = 0.002179
iter 193: cpu_time_cuda = 0.002969
iter 193: gpu_time_cuda = 0.000790
iter 193: download_copy_time_cuda = 0.000192
iter 193: upload_copy_time_cuda = 0.000737
iter 193: per_iter_time_cuda = 0.004959

iter 194: slack_cuda = 0.002018
iter 194: cpu_time_cuda = 0.002744
iter 194: gpu_time_cuda = 0.000725
iter 194: download_copy_time_cuda = 0.000197
iter 194: upload_copy_time_cuda = 0.000729
iter 194: per_iter_time_cuda = 0.004685

iter 195: slack_cuda = 0.001906
iter 195: cpu_time_cuda = 0.002516
iter 195: gpu_time_cuda = 0.000610
iter 195: download_copy_time_cuda = 0.000184
iter 195: upload_copy_time_cuda = 0.000728
iter 195: per_iter_time_cuda = 0.004305

iter 196: slack_cuda = 0.001866
iter 196: cpu_time_cuda = 0.002377
iter 196: gpu_time_cuda = 0.000511
iter 196: download_copy_time_cuda = 0.000166
iter 196: upload_copy_time_cuda = 0.000714
iter 196: per_iter_time_cuda = 0.004038

iter 197: slack_cuda = 0.001627
iter 197: cpu_time_cuda = 0.002077
iter 197: gpu_time_cuda = 0.000450
iter 197: download_copy_time_cuda = 0.000162
iter 197: upload_copy_time_cuda = 0.000719
iter 197: per_iter_time_cuda = 0.003656

iter 198: slack_cuda = 0.001207
iter 198: cpu_time_cuda = 0.001644
iter 198: gpu_time_cuda = 0.000437
iter 198: download_copy_time_cuda = 0.000147
iter 198: upload_copy_time_cuda = 0.000708
iter 198: per_iter_time_cuda = 0.003464

iter 199: slack_cuda = 0.001099
iter 199: cpu_time_cuda = 0.001424
iter 199: gpu_time_cuda = 0.000326
iter 199: download_copy_time_cuda = 0.000134
iter 199: upload_copy_time_cuda = 0.000714
iter 199: per_iter_time_cuda = 0.002842

iter 200: slack_cuda = 0.000951
iter 200: cpu_time_cuda = 0.001200
iter 200: gpu_time_cuda = 0.000249
iter 200: download_copy_time_cuda = 0.000121
iter 200: upload_copy_time_cuda = 0.000704
iter 200: per_iter_time_cuda = 0.002525

iter 201: slack_cuda = 0.000758
iter 201: cpu_time_cuda = 0.000986
iter 201: gpu_time_cuda = 0.000228
iter 201: download_copy_time_cuda = 0.000113
iter 201: upload_copy_time_cuda = 0.000696
iter 201: per_iter_time_cuda = 0.002262

iter 202: slack_cuda = 0.000585
iter 202: cpu_time_cuda = 0.000783
iter 202: gpu_time_cuda = 0.000198
iter 202: download_copy_time_cuda = 0.000107
iter 202: upload_copy_time_cuda = 0.000697
iter 202: per_iter_time_cuda = 0.002024

iter 203: slack_cuda = 0.000378
iter 203: cpu_time_cuda = 0.000567
iter 203: gpu_time_cuda = 0.000188
iter 203: download_copy_time_cuda = 0.000097
iter 203: upload_copy_time_cuda = 0.000702
iter 203: per_iter_time_cuda = 0.001798

total_cpu_time_cuda = 6.658854
total_gpu_time_cuda = 8.165391
total_copy_time_cuda = 0.696794
main_loop_time_cuda = 15.725723
Normalized difference of predicted CPU runtime per iteration is: 0.000000%
Normalized difference of predicted GPU runtime per iteration is: 0.000000%
Normalized difference of predicted slack per iteration is: 0.000000%
20480 20480     ---   (  ---  )    338.08 (  16.94)     ---   
total_time = 28.493423
24.77user 3.99system 0:29.83elapsed 96%CPU (0avgtext+0avgdata 3430732maxresident)k
3920inputs+0outputs (1major+841414minor)pagefaults 0swaps
send out message: 22 3 log
