send out message: 24 37 /home/lchen/MAGMA/magma-1.6.1/results
send out message: 20 26 MAGMA_LU_GPUDVFS.total.pwr
MAGMA 1.6.1  compiled for CUDA capability >= 3.0
CUDA runtime 5000, driver 6050. MAGMA not compiled with OpenMP. 
ndevices 1
device 0: Tesla K20c, 705.5 MHz clock, 4799.6 MB memory, capability 3.5
Usage: /home/lchen/MAGMA/magma-1.6.1/testing/testing_dgetrf [options] [-h|--help]

ngpu 1
    M     N   CPU GFlop/s (sec)   GPU GFlop/s (sec)   |PA-LU|/(N*|A|)
=========================================================================
init_time = 0.815966
iter 0: slack_cuda = 0.000000
iter 0: cpu_time_cuda = 0.000000
iter 0: gpu_time_cuda = 0.000000
iter 0: download_copy_time_cuda = 0.000000
iter 0: upload_copy_time_cuda = 0.009424
iter 0: per_iter_time_cuda = 0.009902

iter 1: slack_cuda = 0.006732
iter 1: cpu_time_cuda = 0.014930
iter 1: gpu_time_cuda = 0.008198
iter 1: download_copy_time_cuda = 0.000728
iter 1: upload_copy_time_cuda = 0.009260
iter 1: per_iter_time_cuda = 0.033583

iter 2: slack_cuda = 0.006719
iter 2: cpu_time_cuda = 0.014628
iter 2: gpu_time_cuda = 0.007909
iter 2: download_copy_time_cuda = 0.000701
iter 2: upload_copy_time_cuda = 0.009246
iter 2: per_iter_time_cuda = 0.032961

iter 3: slack_cuda = 0.006743
iter 3: cpu_time_cuda = 0.014317
iter 3: gpu_time_cuda = 0.007574
iter 3: download_copy_time_cuda = 0.000683
iter 3: upload_copy_time_cuda = 0.009297
iter 3: per_iter_time_cuda = 0.032336

iter 4: slack_cuda = 0.006817
iter 4: cpu_time_cuda = 0.014128
iter 4: gpu_time_cuda = 0.007311
iter 4: download_copy_time_cuda = 0.000670
iter 4: upload_copy_time_cuda = 0.009213
iter 4: per_iter_time_cuda = 0.031799

iter 5: slack_cuda = 0.006704
iter 5: cpu_time_cuda = 0.013794
iter 5: gpu_time_cuda = 0.007090
iter 5: download_copy_time_cuda = 0.000663
iter 5: upload_copy_time_cuda = 0.009222
iter 5: per_iter_time_cuda = 0.031220

iter 6: slack_cuda = 0.006554
iter 6: cpu_time_cuda = 0.013427
iter 6: gpu_time_cuda = 0.006873
iter 6: download_copy_time_cuda = 0.000647
iter 6: upload_copy_time_cuda = 0.017078
iter 6: per_iter_time_cuda = 0.038498

iter 7: slack_cuda = 0.006644
iter 7: cpu_time_cuda = 0.013038
iter 7: gpu_time_cuda = 0.006394
iter 7: download_copy_time_cuda = 0.000632
iter 7: upload_copy_time_cuda = 0.009126
iter 7: per_iter_time_cuda = 0.029634

iter 8: slack_cuda = 0.006514
iter 8: cpu_time_cuda = 0.012799
iter 8: gpu_time_cuda = 0.006285
iter 8: download_copy_time_cuda = 0.000615
iter 8: upload_copy_time_cuda = 0.009210
iter 8: per_iter_time_cuda = 0.029367

iter 9: slack_cuda = 0.006630
iter 9: cpu_time_cuda = 0.012496
iter 9: gpu_time_cuda = 0.005866
iter 9: download_copy_time_cuda = 0.000614
iter 9: upload_copy_time_cuda = 0.009167
iter 9: per_iter_time_cuda = 0.028587

iter 10: slack_cuda = 0.006355
iter 10: cpu_time_cuda = 0.012105
iter 10: gpu_time_cuda = 0.005750
iter 10: download_copy_time_cuda = 0.000600
iter 10: upload_copy_time_cuda = 0.009122
iter 10: per_iter_time_cuda = 0.028024

iter 11: slack_cuda = 0.006412
iter 11: cpu_time_cuda = 0.011805
iter 11: gpu_time_cuda = 0.005393
iter 11: download_copy_time_cuda = 0.000576
iter 11: upload_copy_time_cuda = 0.009087
iter 11: per_iter_time_cuda = 0.027301

iter 12: slack_cuda = 0.006359
iter 12: cpu_time_cuda = 0.011634
iter 12: gpu_time_cuda = 0.005275
iter 12: download_copy_time_cuda = 0.000559
iter 12: upload_copy_time_cuda = 0.009113
iter 12: per_iter_time_cuda = 0.027029

iter 13: slack_cuda = 0.006149
iter 13: cpu_time_cuda = 0.011221
iter 13: gpu_time_cuda = 0.005072
iter 13: download_copy_time_cuda = 0.000558
iter 13: upload_copy_time_cuda = 0.009144
iter 13: per_iter_time_cuda = 0.026405

iter 14: slack_cuda = 0.006095
iter 14: cpu_time_cuda = 0.010917
iter 14: gpu_time_cuda = 0.004822
iter 14: download_copy_time_cuda = 0.000543
iter 14: upload_copy_time_cuda = 0.010841
iter 14: per_iter_time_cuda = 0.027555

iter 15: slack_cuda = 0.006106
iter 15: cpu_time_cuda = 0.010631
iter 15: gpu_time_cuda = 0.004526
iter 15: download_copy_time_cuda = 0.000528
iter 15: upload_copy_time_cuda = 0.009131
iter 15: per_iter_time_cuda = 0.025221

iter 16: slack_cuda = 0.006128
iter 16: cpu_time_cuda = 0.010465
iter 16: gpu_time_cuda = 0.004337
iter 16: download_copy_time_cuda = 0.000508
iter 16: upload_copy_time_cuda = 0.009201
iter 16: per_iter_time_cuda = 0.024932

iter 17: slack_cuda = 0.005977
iter 17: cpu_time_cuda = 0.010207
iter 17: gpu_time_cuda = 0.004230
iter 17: download_copy_time_cuda = 0.000496
iter 17: upload_copy_time_cuda = 0.009276
iter 17: per_iter_time_cuda = 0.024596

iter 18: slack_cuda = 0.006060
iter 18: cpu_time_cuda = 0.009938
iter 18: gpu_time_cuda = 0.003877
iter 18: download_copy_time_cuda = 0.000492
iter 18: upload_copy_time_cuda = 0.009225
iter 18: per_iter_time_cuda = 0.023927

iter 19: slack_cuda = 0.005904
iter 19: cpu_time_cuda = 0.009559
iter 19: gpu_time_cuda = 0.003655
iter 19: download_copy_time_cuda = 0.000475
iter 19: upload_copy_time_cuda = 0.009143
iter 19: per_iter_time_cuda = 0.023210

iter 20: slack_cuda = 0.005830
iter 20: cpu_time_cuda = 0.009303
iter 20: gpu_time_cuda = 0.003473
iter 20: download_copy_time_cuda = 0.000456
iter 20: upload_copy_time_cuda = 0.009170
iter 20: per_iter_time_cuda = 0.022793

iter 21: slack_cuda = 0.005805
iter 21: cpu_time_cuda = 0.009043
iter 21: gpu_time_cuda = 0.003238
iter 21: download_copy_time_cuda = 0.000463
iter 21: upload_copy_time_cuda = 0.009196
iter 21: per_iter_time_cuda = 0.022322

iter 22: slack_cuda = 0.005606
iter 22: cpu_time_cuda = 0.008741
iter 22: gpu_time_cuda = 0.003135
iter 22: download_copy_time_cuda = 0.000432
iter 22: upload_copy_time_cuda = 0.009190
iter 22: per_iter_time_cuda = 0.021889

iter 23: slack_cuda = 0.005439
iter 23: cpu_time_cuda = 0.008426
iter 23: gpu_time_cuda = 0.002987
iter 23: download_copy_time_cuda = 0.000424
iter 23: upload_copy_time_cuda = 0.009190
iter 23: per_iter_time_cuda = 0.021395

iter 24: slack_cuda = 0.005503
iter 24: cpu_time_cuda = 0.008210
iter 24: gpu_time_cuda = 0.002708
iter 24: download_copy_time_cuda = 0.000406
iter 24: upload_copy_time_cuda = 0.009736
iter 24: per_iter_time_cuda = 0.021447

iter 25: slack_cuda = 0.005529
iter 25: cpu_time_cuda = 0.008037
iter 25: gpu_time_cuda = 0.002508
iter 25: download_copy_time_cuda = 0.000388
iter 25: upload_copy_time_cuda = 0.009641
iter 25: per_iter_time_cuda = 0.020943

iter 26: slack_cuda = 0.005360
iter 26: cpu_time_cuda = 0.007768
iter 26: gpu_time_cuda = 0.002408
iter 26: download_copy_time_cuda = 0.000375
iter 26: upload_copy_time_cuda = 0.009578
iter 26: per_iter_time_cuda = 0.020486

iter 27: slack_cuda = 0.005180
iter 27: cpu_time_cuda = 0.007429
iter 27: gpu_time_cuda = 0.002249
iter 27: download_copy_time_cuda = 0.000362
iter 27: upload_copy_time_cuda = 0.009549
iter 27: per_iter_time_cuda = 0.019938

iter 28: slack_cuda = 0.005016
iter 28: cpu_time_cuda = 0.007154
iter 28: gpu_time_cuda = 0.002138
iter 28: download_copy_time_cuda = 0.000372
iter 28: upload_copy_time_cuda = 0.009543
iter 28: per_iter_time_cuda = 0.019576

iter 29: slack_cuda = 0.004829
iter 29: cpu_time_cuda = 0.006879
iter 29: gpu_time_cuda = 0.002050
iter 29: download_copy_time_cuda = 0.000340
iter 29: upload_copy_time_cuda = 0.018287
iter 29: per_iter_time_cuda = 0.027914

iter 30: slack_cuda = 0.004786
iter 30: cpu_time_cuda = 0.006599
iter 30: gpu_time_cuda = 0.001812
iter 30: download_copy_time_cuda = 0.000324
iter 30: upload_copy_time_cuda = 0.009610
iter 30: per_iter_time_cuda = 0.018697

iter 31: slack_cuda = 0.004505
iter 31: cpu_time_cuda = 0.006203
iter 31: gpu_time_cuda = 0.001699
iter 31: download_copy_time_cuda = 0.000307
iter 31: upload_copy_time_cuda = 0.009462
iter 31: per_iter_time_cuda = 0.018002

iter 32: slack_cuda = 0.004400
iter 32: cpu_time_cuda = 0.005998
iter 32: gpu_time_cuda = 0.001598
iter 32: download_copy_time_cuda = 0.000299
iter 32: upload_copy_time_cuda = 0.009496
iter 32: per_iter_time_cuda = 0.017735

iter 33: slack_cuda = 0.004165
iter 33: cpu_time_cuda = 0.005639
iter 33: gpu_time_cuda = 0.001474
iter 33: download_copy_time_cuda = 0.000283
iter 33: upload_copy_time_cuda = 0.009526
iter 33: per_iter_time_cuda = 0.017255

iter 34: slack_cuda = 0.004139
iter 34: cpu_time_cuda = 0.005422
iter 34: gpu_time_cuda = 0.001283
iter 34: download_copy_time_cuda = 0.000269
iter 34: upload_copy_time_cuda = 0.009559
iter 34: per_iter_time_cuda = 0.016844

iter 35: slack_cuda = 0.003980
iter 35: cpu_time_cuda = 0.005203
iter 35: gpu_time_cuda = 0.001223
iter 35: download_copy_time_cuda = 0.000255
iter 35: upload_copy_time_cuda = 0.023473
iter 35: per_iter_time_cuda = 0.030461

iter 36: slack_cuda = 0.003711
iter 36: cpu_time_cuda = 0.004823
iter 36: gpu_time_cuda = 0.001111
iter 36: download_copy_time_cuda = 0.000247
iter 36: upload_copy_time_cuda = 0.009578
iter 36: per_iter_time_cuda = 0.016057

iter 37: slack_cuda = 0.003442
iter 37: cpu_time_cuda = 0.004438
iter 37: gpu_time_cuda = 0.000996
iter 37: download_copy_time_cuda = 0.000231
iter 37: upload_copy_time_cuda = 0.009503
iter 37: per_iter_time_cuda = 0.015465

iter 38: slack_cuda = 0.003244
iter 38: cpu_time_cuda = 0.004173
iter 38: gpu_time_cuda = 0.000928
iter 38: download_copy_time_cuda = 0.000217
iter 38: upload_copy_time_cuda = 0.009695
iter 38: per_iter_time_cuda = 0.015315

iter 39: slack_cuda = 0.003089
iter 39: cpu_time_cuda = 0.003887
iter 39: gpu_time_cuda = 0.000798
iter 39: download_copy_time_cuda = 0.000200
iter 39: upload_copy_time_cuda = 0.009721
iter 39: per_iter_time_cuda = 0.014897

iter 40: slack_cuda = 0.002876
iter 40: cpu_time_cuda = 0.003598
iter 40: gpu_time_cuda = 0.000723
iter 40: download_copy_time_cuda = 0.000187
iter 40: upload_copy_time_cuda = 0.009638
iter 40: per_iter_time_cuda = 0.014437

iter 41: slack_cuda = 0.002660
iter 41: cpu_time_cuda = 0.003308
iter 41: gpu_time_cuda = 0.000648
iter 41: download_copy_time_cuda = 0.000176
iter 41: upload_copy_time_cuda = 0.009643
iter 41: per_iter_time_cuda = 0.014061

iter 42: slack_cuda = 0.002431
iter 42: cpu_time_cuda = 0.002996
iter 42: gpu_time_cuda = 0.000565
iter 42: download_copy_time_cuda = 0.000164
iter 42: upload_copy_time_cuda = 0.009622
iter 42: per_iter_time_cuda = 0.013638

iter 43: slack_cuda = 0.002217
iter 43: cpu_time_cuda = 0.002701
iter 43: gpu_time_cuda = 0.000484
iter 43: download_copy_time_cuda = 0.000146
iter 43: upload_copy_time_cuda = 0.016818
iter 43: per_iter_time_cuda = 0.020413

iter 44: slack_cuda = 0.002013
iter 44: cpu_time_cuda = 0.002451
iter 44: gpu_time_cuda = 0.000438
iter 44: download_copy_time_cuda = 0.000138
iter 44: upload_copy_time_cuda = 0.009470
iter 44: per_iter_time_cuda = 0.012767

iter 45: slack_cuda = 0.001780
iter 45: cpu_time_cuda = 0.002147
iter 45: gpu_time_cuda = 0.000367
iter 45: download_copy_time_cuda = 0.000126
iter 45: upload_copy_time_cuda = 0.009449
iter 45: per_iter_time_cuda = 0.012348

iter 46: slack_cuda = 0.001562
iter 46: cpu_time_cuda = 0.001875
iter 46: gpu_time_cuda = 0.000313
iter 46: download_copy_time_cuda = 0.000109
iter 46: upload_copy_time_cuda = 0.009464
iter 46: per_iter_time_cuda = 0.012024

iter 47: slack_cuda = 0.001362
iter 47: cpu_time_cuda = 0.001604
iter 47: gpu_time_cuda = 0.000242
iter 47: download_copy_time_cuda = 0.000091
iter 47: upload_copy_time_cuda = 0.009468
iter 47: per_iter_time_cuda = 0.011660

iter 48: slack_cuda = 0.001117
iter 48: cpu_time_cuda = 0.001340
iter 48: gpu_time_cuda = 0.000223
iter 48: download_copy_time_cuda = 0.000084
iter 48: upload_copy_time_cuda = 0.009493
iter 48: per_iter_time_cuda = 0.011401

iter 49: slack_cuda = 0.000957
iter 49: cpu_time_cuda = 0.001158
iter 49: gpu_time_cuda = 0.000201
iter 49: download_copy_time_cuda = 0.000084
iter 49: upload_copy_time_cuda = 0.009660
iter 49: per_iter_time_cuda = 0.011364

iter 50: slack_cuda = 0.000441
iter 50: cpu_time_cuda = 0.000625
iter 50: gpu_time_cuda = 0.000183
iter 50: download_copy_time_cuda = 0.000073
iter 50: upload_copy_time_cuda = 0.009558
iter 50: per_iter_time_cuda = 0.010683

total_slack_overflow = 0.000000
total_cpu_time_cuda = 0.389213
total_gpu_time_cuda = 0.154639
total_copy_time_cuda = 0.537829
main_loop_time_cuda = 1.104521
Normalized difference of predicted CPU runtime per iteration is: 0.000000%
Normalized difference of predicted GPU runtime per iteration is: 0.000000%
Normalized difference of predicted slack per iteration is: 0.000000%
 5120  5120     ---   (  ---  )     75.23 (   1.19)     ---   
total_time = 2.137494
1.58user 0.75system 0:03.75elapsed 62%CPU (0avgtext+0avgdata 358532maxresident)k
3920inputs+0outputs (1major+71939minor)pagefaults 0swaps
send out message: 22 3 log
