send out message: 24 37 /home/lchen/MAGMA/magma-1.6.1/results
send out message: 20 26 MAGMA_LU_GPUDVFS.total.pwr
MAGMA 1.6.1  compiled for CUDA capability >= 3.0
CUDA runtime 5000, driver 6050. MAGMA not compiled with OpenMP. 
ndevices 1
device 0: Tesla K20c, 705.5 MHz clock, 4799.6 MB memory, capability 3.5
Usage: /home/lchen/MAGMA/magma-1.6.1/testing/testing_dgeqrf [options] [-h|--help]

ngpu 1
    M     N   CPU GFlop/s (sec)   GPU GFlop/s (sec)   |R - Q^H*A|   |I - Q^H*Q|
===============================================================================
init_time = 6.350785
iter 0: cpu_time_cuda = 0.000002
iter 0: gpu_time1_cuda = 0.000000
iter 0: gpu_time2_cuda = 0.005657
iter 0: upload_copy_time1_cuda = 0.002390
iter 0: download_copy_time_cuda = -6965353651383655333447564525568.000000
iter 0: upload_copy_time2_cuda = 0.000073
iter 0: download_copy_time_cuda = 0.000000

iter 1: cpu_time_cuda = 0.165274
iter 1: gpu_time1_cuda = 0.145768
iter 1: gpu_time2_cuda = 0.005610
iter 1: upload_copy_time1_cuda = 0.002370
iter 1: download_copy_time_cuda = 0.002254
iter 1: upload_copy_time2_cuda = 0.000068
iter 1: download_copy_time_cuda = 0.000073

iter 2: cpu_time_cuda = 0.164193
iter 2: gpu_time1_cuda = 0.147002
iter 2: gpu_time2_cuda = 0.005535
iter 2: upload_copy_time1_cuda = 0.002554
iter 2: download_copy_time_cuda = 0.002228
iter 2: upload_copy_time2_cuda = 0.000068
iter 2: download_copy_time_cuda = 0.000086

iter 3: cpu_time_cuda = 0.163959
iter 3: gpu_time1_cuda = 0.164151
iter 3: gpu_time2_cuda = 0.006674
iter 3: upload_copy_time1_cuda = 0.002553
iter 3: download_copy_time_cuda = 0.002392
iter 3: upload_copy_time2_cuda = 0.000070
iter 3: download_copy_time_cuda = 0.000107

iter 4: cpu_time_cuda = 0.162051
iter 4: gpu_time1_cuda = 0.158213
iter 4: gpu_time2_cuda = 0.006627
iter 4: upload_copy_time1_cuda = 0.002568
iter 4: download_copy_time_cuda = 0.002374
iter 4: upload_copy_time2_cuda = 0.000073
iter 4: download_copy_time_cuda = 0.000123

iter 5: cpu_time_cuda = 0.159841
iter 5: gpu_time1_cuda = 0.156783
iter 5: gpu_time2_cuda = 0.006582
iter 5: upload_copy_time1_cuda = 0.002535
iter 5: download_copy_time_cuda = 0.002339
iter 5: upload_copy_time2_cuda = 0.000069
iter 5: download_copy_time_cuda = 0.000138

iter 6: cpu_time_cuda = 0.158931
iter 6: gpu_time1_cuda = 0.156586
iter 6: gpu_time2_cuda = 0.006521
iter 6: upload_copy_time1_cuda = 0.002493
iter 6: download_copy_time_cuda = 0.002325
iter 6: upload_copy_time2_cuda = 0.000069
iter 6: download_copy_time_cuda = 0.000147

iter 7: cpu_time_cuda = 0.157536
iter 7: gpu_time1_cuda = 0.153944
iter 7: gpu_time2_cuda = 0.006486
iter 7: upload_copy_time1_cuda = 0.002487
iter 7: download_copy_time_cuda = 0.002333
iter 7: upload_copy_time2_cuda = 0.000069
iter 7: download_copy_time_cuda = 0.000164

iter 8: cpu_time_cuda = 0.156218
iter 8: gpu_time1_cuda = 0.155438
iter 8: gpu_time2_cuda = 0.006442
iter 8: upload_copy_time1_cuda = 0.002469
iter 8: download_copy_time_cuda = 0.002390
iter 8: upload_copy_time2_cuda = 0.000069
iter 8: download_copy_time_cuda = 0.000181

iter 9: cpu_time_cuda = 0.154857
iter 9: gpu_time1_cuda = 0.151661
iter 9: gpu_time2_cuda = 0.006387
iter 9: upload_copy_time1_cuda = 0.002449
iter 9: download_copy_time_cuda = 0.002309
iter 9: upload_copy_time2_cuda = 0.000068
iter 9: download_copy_time_cuda = 0.000193

iter 10: cpu_time_cuda = 0.153402
iter 10: gpu_time1_cuda = 0.151852
iter 10: gpu_time2_cuda = 0.006329
iter 10: upload_copy_time1_cuda = 0.002450
iter 10: download_copy_time_cuda = 0.002249
iter 10: upload_copy_time2_cuda = 0.000069
iter 10: download_copy_time_cuda = 0.000208

iter 11: cpu_time_cuda = 0.152103
iter 11: gpu_time1_cuda = 0.149779
iter 11: gpu_time2_cuda = 0.006264
iter 11: upload_copy_time1_cuda = 0.002404
iter 11: download_copy_time_cuda = 0.002258
iter 11: upload_copy_time2_cuda = 0.000069
iter 11: download_copy_time_cuda = 0.000224

iter 12: cpu_time_cuda = 0.151096
iter 12: gpu_time1_cuda = 0.148751
iter 12: gpu_time2_cuda = 0.006231
iter 12: upload_copy_time1_cuda = 0.002404
iter 12: download_copy_time_cuda = 0.002246
iter 12: upload_copy_time2_cuda = 0.000068
iter 12: download_copy_time_cuda = 0.000233

iter 13: cpu_time_cuda = 0.149677
iter 13: gpu_time1_cuda = 0.138125
iter 13: gpu_time2_cuda = 0.006174
iter 13: upload_copy_time1_cuda = 0.002367
iter 13: download_copy_time_cuda = 0.002216
iter 13: upload_copy_time2_cuda = 0.000069
iter 13: download_copy_time_cuda = 0.000246

iter 14: cpu_time_cuda = 0.148059
iter 14: gpu_time1_cuda = 0.138388
iter 14: gpu_time2_cuda = 0.006129
iter 14: upload_copy_time1_cuda = 0.002346
iter 14: download_copy_time_cuda = 0.002192
iter 14: upload_copy_time2_cuda = 0.000070
iter 14: download_copy_time_cuda = 0.000266

iter 15: cpu_time_cuda = 0.147083
iter 15: gpu_time1_cuda = 0.136688
iter 15: gpu_time2_cuda = 0.006073
iter 15: upload_copy_time1_cuda = 0.002346
iter 15: download_copy_time_cuda = 0.002185
iter 15: upload_copy_time2_cuda = 0.000069
iter 15: download_copy_time_cuda = 0.000272

iter 16: cpu_time_cuda = 0.145683
iter 16: gpu_time1_cuda = 0.138598
iter 16: gpu_time2_cuda = 0.006020
iter 16: upload_copy_time1_cuda = 0.002319
iter 16: download_copy_time_cuda = 0.002209
iter 16: upload_copy_time2_cuda = 0.000068
iter 16: download_copy_time_cuda = 0.000291

iter 17: cpu_time_cuda = 0.144449
iter 17: gpu_time1_cuda = 0.131307
iter 17: gpu_time2_cuda = 0.005963
iter 17: upload_copy_time1_cuda = 0.002304
iter 17: download_copy_time_cuda = 0.002158
iter 17: upload_copy_time2_cuda = 0.000068
iter 17: download_copy_time_cuda = 0.000314

iter 18: cpu_time_cuda = 0.142933
iter 18: gpu_time1_cuda = 0.126972
iter 18: gpu_time2_cuda = 0.005889
iter 18: upload_copy_time1_cuda = 0.002270
iter 18: download_copy_time_cuda = 0.002126
iter 18: upload_copy_time2_cuda = 0.000070
iter 18: download_copy_time_cuda = 0.000322

iter 19: cpu_time_cuda = 0.142017
iter 19: gpu_time1_cuda = 0.124108
iter 19: gpu_time2_cuda = 0.005851
iter 19: upload_copy_time1_cuda = 0.002255
iter 19: download_copy_time_cuda = 0.002106
iter 19: upload_copy_time2_cuda = 0.000069
iter 19: download_copy_time_cuda = 0.000344

iter 20: cpu_time_cuda = 0.140478
iter 20: gpu_time1_cuda = 0.124507
iter 20: gpu_time2_cuda = 0.005808
iter 20: upload_copy_time1_cuda = 0.002342
iter 20: download_copy_time_cuda = 0.002093
iter 20: upload_copy_time2_cuda = 0.000067
iter 20: download_copy_time_cuda = 0.000361

iter 21: cpu_time_cuda = 0.139223
iter 21: gpu_time1_cuda = 0.121279
iter 21: gpu_time2_cuda = 0.005759
iter 21: upload_copy_time1_cuda = 0.002227
iter 21: download_copy_time_cuda = 0.002070
iter 21: upload_copy_time2_cuda = 0.000068
iter 21: download_copy_time_cuda = 0.000378

iter 22: cpu_time_cuda = 0.137687
iter 22: gpu_time1_cuda = 0.118972
iter 22: gpu_time2_cuda = 0.005709
iter 22: upload_copy_time1_cuda = 0.001994
iter 22: download_copy_time_cuda = 0.002052
iter 22: upload_copy_time2_cuda = 0.000067
iter 22: download_copy_time_cuda = 0.000391

iter 23: cpu_time_cuda = 0.136555
iter 23: gpu_time1_cuda = 0.116134
iter 23: gpu_time2_cuda = 0.005668
iter 23: upload_copy_time1_cuda = 0.001969
iter 23: download_copy_time_cuda = 0.001834
iter 23: upload_copy_time2_cuda = 0.000068
iter 23: download_copy_time_cuda = 0.000421

iter 24: cpu_time_cuda = 0.135535
iter 24: gpu_time1_cuda = 0.117626
iter 24: gpu_time2_cuda = 0.005610
iter 24: upload_copy_time1_cuda = 0.001963
iter 24: download_copy_time_cuda = 0.001817
iter 24: upload_copy_time2_cuda = 0.000068
iter 24: download_copy_time_cuda = 0.000437

iter 25: cpu_time_cuda = 0.133335
iter 25: gpu_time1_cuda = 0.115097
iter 25: gpu_time2_cuda = 0.005523
iter 25: upload_copy_time1_cuda = 0.002159
iter 25: download_copy_time_cuda = 0.001802
iter 25: upload_copy_time2_cuda = 0.000068
iter 25: download_copy_time_cuda = 0.000446

iter 26: cpu_time_cuda = 0.132418
iter 26: gpu_time1_cuda = 0.113765
iter 26: gpu_time2_cuda = 0.005489
iter 26: upload_copy_time1_cuda = 0.002130
iter 26: download_copy_time_cuda = 0.001979
iter 26: upload_copy_time2_cuda = 0.000071
iter 26: download_copy_time_cuda = 0.000466

iter 27: cpu_time_cuda = 0.131751
iter 27: gpu_time1_cuda = 0.110772
iter 27: gpu_time2_cuda = 0.005438
iter 27: upload_copy_time1_cuda = 0.002135
iter 27: download_copy_time_cuda = 0.001978
iter 27: upload_copy_time2_cuda = 0.000069
iter 27: download_copy_time_cuda = 0.000481

iter 28: cpu_time_cuda = 0.129852
iter 28: gpu_time1_cuda = 0.111068
iter 28: gpu_time2_cuda = 0.005407
iter 28: upload_copy_time1_cuda = 0.002096
iter 28: download_copy_time_cuda = 0.001966
iter 28: upload_copy_time2_cuda = 0.000068
iter 28: download_copy_time_cuda = 0.000499

iter 29: cpu_time_cuda = 0.128535
iter 29: gpu_time1_cuda = 0.108393
iter 29: gpu_time2_cuda = 0.005351
iter 29: upload_copy_time1_cuda = 0.002095
iter 29: download_copy_time_cuda = 0.001934
iter 29: upload_copy_time2_cuda = 0.000069
iter 29: download_copy_time_cuda = 0.000512

iter 30: cpu_time_cuda = 0.127379
iter 30: gpu_time1_cuda = 0.101650
iter 30: gpu_time2_cuda = 0.005299
iter 30: upload_copy_time1_cuda = 0.002053
iter 30: download_copy_time_cuda = 0.001930
iter 30: upload_copy_time2_cuda = 0.000068
iter 30: download_copy_time_cuda = 0.000532

iter 31: cpu_time_cuda = 0.125970
iter 31: gpu_time1_cuda = 0.094790
iter 31: gpu_time2_cuda = 0.005222
iter 31: upload_copy_time1_cuda = 0.002038
iter 31: download_copy_time_cuda = 0.001922
iter 31: upload_copy_time2_cuda = 0.000067
iter 31: download_copy_time_cuda = 0.000549

iter 32: cpu_time_cuda = 0.124595
iter 32: gpu_time1_cuda = 0.097505
iter 32: gpu_time2_cuda = 0.005173
iter 32: upload_copy_time1_cuda = 0.002034
iter 32: download_copy_time_cuda = 0.001910
iter 32: upload_copy_time2_cuda = 0.000068
iter 32: download_copy_time_cuda = 0.000566

iter 33: cpu_time_cuda = 0.123420
iter 33: gpu_time1_cuda = 0.095962
iter 33: gpu_time2_cuda = 0.005125
iter 33: upload_copy_time1_cuda = 0.002019
iter 33: download_copy_time_cuda = 0.001866
iter 33: upload_copy_time2_cuda = 0.000067
iter 33: download_copy_time_cuda = 0.000590

iter 34: cpu_time_cuda = 0.121988
iter 34: gpu_time1_cuda = 0.094906
iter 34: gpu_time2_cuda = 0.005063
iter 34: upload_copy_time1_cuda = 0.001993
iter 34: download_copy_time_cuda = 0.001866
iter 34: upload_copy_time2_cuda = 0.000068
iter 34: download_copy_time_cuda = 0.000608

iter 35: cpu_time_cuda = 0.120779
iter 35: gpu_time1_cuda = 0.092922
iter 35: gpu_time2_cuda = 0.005031
iter 35: upload_copy_time1_cuda = 0.001971
iter 35: download_copy_time_cuda = 0.001847
iter 35: upload_copy_time2_cuda = 0.000074
iter 35: download_copy_time_cuda = 0.000621

iter 36: cpu_time_cuda = 0.119357
iter 36: gpu_time1_cuda = 0.090947
iter 36: gpu_time2_cuda = 0.004978
iter 36: upload_copy_time1_cuda = 0.001957
iter 36: download_copy_time_cuda = 0.001822
iter 36: upload_copy_time2_cuda = 0.000063
iter 36: download_copy_time_cuda = 0.000636

iter 37: cpu_time_cuda = 0.118251
iter 37: gpu_time1_cuda = 0.089526
iter 37: gpu_time2_cuda = 0.004935
iter 37: upload_copy_time1_cuda = 0.001941
iter 37: download_copy_time_cuda = 0.001824
iter 37: upload_copy_time2_cuda = 0.000065
iter 37: download_copy_time_cuda = 0.000651

iter 38: cpu_time_cuda = 0.116392
iter 38: gpu_time1_cuda = 0.087883
iter 38: gpu_time2_cuda = 0.004885
iter 38: upload_copy_time1_cuda = 0.001899
iter 38: download_copy_time_cuda = 0.001778
iter 38: upload_copy_time2_cuda = 0.000069
iter 38: download_copy_time_cuda = 0.000669

iter 39: cpu_time_cuda = 0.115473
iter 39: gpu_time1_cuda = 0.085093
iter 39: gpu_time2_cuda = 0.004826
iter 39: upload_copy_time1_cuda = 0.001904
iter 39: download_copy_time_cuda = 0.001862
iter 39: upload_copy_time2_cuda = 0.000068
iter 39: download_copy_time_cuda = 0.000893

iter 40: cpu_time_cuda = 0.114246
iter 40: gpu_time1_cuda = 0.084899
iter 40: gpu_time2_cuda = 0.004776
iter 40: upload_copy_time1_cuda = 0.001883
iter 40: download_copy_time_cuda = 0.001740
iter 40: upload_copy_time2_cuda = 0.000071
iter 40: download_copy_time_cuda = 0.000987

iter 41: cpu_time_cuda = 0.112909
iter 41: gpu_time1_cuda = 0.082862
iter 41: gpu_time2_cuda = 0.004721
iter 41: upload_copy_time1_cuda = 0.001888
iter 41: download_copy_time_cuda = 0.001721
iter 41: upload_copy_time2_cuda = 0.000068
iter 41: download_copy_time_cuda = 0.000943

iter 42: cpu_time_cuda = 0.111821
iter 42: gpu_time1_cuda = 0.082325
iter 42: gpu_time2_cuda = 0.004663
iter 42: upload_copy_time1_cuda = 0.001853
iter 42: download_copy_time_cuda = 0.001704
iter 42: upload_copy_time2_cuda = 0.000068
iter 42: download_copy_time_cuda = 0.000969

iter 43: cpu_time_cuda = 0.110499
iter 43: gpu_time1_cuda = 0.080278
iter 43: gpu_time2_cuda = 0.004643
iter 43: upload_copy_time1_cuda = 0.001826
iter 43: download_copy_time_cuda = 0.001695
iter 43: upload_copy_time2_cuda = 0.000069
iter 43: download_copy_time_cuda = 0.000970

iter 44: cpu_time_cuda = 0.108706
iter 44: gpu_time1_cuda = 0.075310
iter 44: gpu_time2_cuda = 0.004577
iter 44: upload_copy_time1_cuda = 0.001818
iter 44: download_copy_time_cuda = 0.001698
iter 44: upload_copy_time2_cuda = 0.000067
iter 44: download_copy_time_cuda = 0.000975

iter 45: cpu_time_cuda = 0.107781
iter 45: gpu_time1_cuda = 0.072316
iter 45: gpu_time2_cuda = 0.004500
iter 45: upload_copy_time1_cuda = 0.001792
iter 45: download_copy_time_cuda = 0.001668
iter 45: upload_copy_time2_cuda = 0.000070
iter 45: download_copy_time_cuda = 0.001093

iter 46: cpu_time_cuda = 0.106477
iter 46: gpu_time1_cuda = 0.071092
iter 46: gpu_time2_cuda = 0.004435
iter 46: upload_copy_time1_cuda = 0.001753
iter 46: download_copy_time_cuda = 0.001659
iter 46: upload_copy_time2_cuda = 0.000067
iter 46: download_copy_time_cuda = 0.001013

iter 47: cpu_time_cuda = 0.105238
iter 47: gpu_time1_cuda = 0.068264
iter 47: gpu_time2_cuda = 0.004394
iter 47: upload_copy_time1_cuda = 0.001747
iter 47: download_copy_time_cuda = 0.001663
iter 47: upload_copy_time2_cuda = 0.000067
iter 47: download_copy_time_cuda = 0.001027

iter 48: cpu_time_cuda = 0.103364
iter 48: gpu_time1_cuda = 0.067966
iter 48: gpu_time2_cuda = 0.004344
iter 48: upload_copy_time1_cuda = 0.001504
iter 48: download_copy_time_cuda = 0.001632
iter 48: upload_copy_time2_cuda = 0.000065
iter 48: download_copy_time_cuda = 0.001044

iter 49: cpu_time_cuda = 0.102501
iter 49: gpu_time1_cuda = 0.065240
iter 49: gpu_time2_cuda = 0.004299
iter 49: upload_copy_time1_cuda = 0.001485
iter 49: download_copy_time_cuda = 0.001380
iter 49: upload_copy_time2_cuda = 0.000065
iter 49: download_copy_time_cuda = 0.000854

iter 50: cpu_time_cuda = 0.101288
iter 50: gpu_time1_cuda = 0.066857
iter 50: gpu_time2_cuda = 0.004243
iter 50: upload_copy_time1_cuda = 0.001483
iter 50: download_copy_time_cuda = 0.001364
iter 50: upload_copy_time2_cuda = 0.000063
iter 50: download_copy_time_cuda = 0.000882

iter 51: cpu_time_cuda = 0.099771
iter 51: gpu_time1_cuda = 0.064524
iter 51: gpu_time2_cuda = 0.004205
iter 51: upload_copy_time1_cuda = 0.001449
iter 51: download_copy_time_cuda = 0.001356
iter 51: upload_copy_time2_cuda = 0.000066
iter 51: download_copy_time_cuda = 0.000894

iter 52: cpu_time_cuda = 0.099209
iter 52: gpu_time1_cuda = 0.063799
iter 52: gpu_time2_cuda = 0.004157
iter 52: upload_copy_time1_cuda = 0.001442
iter 52: download_copy_time_cuda = 0.001324
iter 52: upload_copy_time2_cuda = 0.000069
iter 52: download_copy_time_cuda = 0.000909

iter 53: cpu_time_cuda = 0.097398
iter 53: gpu_time1_cuda = 0.062211
iter 53: gpu_time2_cuda = 0.004086
iter 53: upload_copy_time1_cuda = 0.001419
iter 53: download_copy_time_cuda = 0.001307
iter 53: upload_copy_time2_cuda = 0.000066
iter 53: download_copy_time_cuda = 0.000926

iter 54: cpu_time_cuda = 0.095960
iter 54: gpu_time1_cuda = 0.060304
iter 54: gpu_time2_cuda = 0.004038
iter 54: upload_copy_time1_cuda = 0.001399
iter 54: download_copy_time_cuda = 0.001290
iter 54: upload_copy_time2_cuda = 0.000066
iter 54: download_copy_time_cuda = 0.000941

iter 55: cpu_time_cuda = 0.094660
iter 55: gpu_time1_cuda = 0.057821
iter 55: gpu_time2_cuda = 0.003994
iter 55: upload_copy_time1_cuda = 0.001380
iter 55: download_copy_time_cuda = 0.001271
iter 55: upload_copy_time2_cuda = 0.000065
iter 55: download_copy_time_cuda = 0.000958

iter 56: cpu_time_cuda = 0.093476
iter 56: gpu_time1_cuda = 0.057923
iter 56: gpu_time2_cuda = 0.003957
iter 56: upload_copy_time1_cuda = 0.001373
iter 56: download_copy_time_cuda = 0.001263
iter 56: upload_copy_time2_cuda = 0.000066
iter 56: download_copy_time_cuda = 0.000977

iter 57: cpu_time_cuda = 0.092204
iter 57: gpu_time1_cuda = 0.056295
iter 57: gpu_time2_cuda = 0.003895
iter 57: upload_copy_time1_cuda = 0.001377
iter 57: download_copy_time_cuda = 0.001240
iter 57: upload_copy_time2_cuda = 0.000066
iter 57: download_copy_time_cuda = 0.000996

iter 58: cpu_time_cuda = 0.090796
iter 58: gpu_time1_cuda = 0.051966
iter 58: gpu_time2_cuda = 0.003838
iter 58: upload_copy_time1_cuda = 0.001321
iter 58: download_copy_time_cuda = 0.001225
iter 58: upload_copy_time2_cuda = 0.000067
iter 58: download_copy_time_cuda = 0.001017

iter 59: cpu_time_cuda = 0.089486
iter 59: gpu_time1_cuda = 0.050604
iter 59: gpu_time2_cuda = 0.003770
iter 59: upload_copy_time1_cuda = 0.001300
iter 59: download_copy_time_cuda = 0.001209
iter 59: upload_copy_time2_cuda = 0.000066
iter 59: download_copy_time_cuda = 0.001034

iter 60: cpu_time_cuda = 0.088032
iter 60: gpu_time1_cuda = 0.049590
iter 60: gpu_time2_cuda = 0.003727
iter 60: upload_copy_time1_cuda = 0.001282
iter 60: download_copy_time_cuda = 0.001186
iter 60: upload_copy_time2_cuda = 0.000066
iter 60: download_copy_time_cuda = 0.001047

iter 61: cpu_time_cuda = 0.086778
iter 61: gpu_time1_cuda = 0.047188
iter 61: gpu_time2_cuda = 0.003670
iter 61: upload_copy_time1_cuda = 0.001264
iter 61: download_copy_time_cuda = 0.001178
iter 61: upload_copy_time2_cuda = 0.000066
iter 61: download_copy_time_cuda = 0.001067

iter 62: cpu_time_cuda = 0.085512
iter 62: gpu_time1_cuda = 0.046994
iter 62: gpu_time2_cuda = 0.003629
iter 62: upload_copy_time1_cuda = 0.001253
iter 62: download_copy_time_cuda = 0.001161
iter 62: upload_copy_time2_cuda = 0.000066
iter 62: download_copy_time_cuda = 0.001078

iter 63: cpu_time_cuda = 0.084324
iter 63: gpu_time1_cuda = 0.045242
iter 63: gpu_time2_cuda = 0.003579
iter 63: upload_copy_time1_cuda = 0.001236
iter 63: download_copy_time_cuda = 0.001138
iter 63: upload_copy_time2_cuda = 0.000065
iter 63: download_copy_time_cuda = 0.001094

iter 64: cpu_time_cuda = 0.082912
iter 64: gpu_time1_cuda = 0.045153
iter 64: gpu_time2_cuda = 0.003521
iter 64: upload_copy_time1_cuda = 0.001230
iter 64: download_copy_time_cuda = 0.001148
iter 64: upload_copy_time2_cuda = 0.000066
iter 64: download_copy_time_cuda = 0.001122

iter 65: cpu_time_cuda = 0.081659
iter 65: gpu_time1_cuda = 0.042702
iter 65: gpu_time2_cuda = 0.003481
iter 65: upload_copy_time1_cuda = 0.001195
iter 65: download_copy_time_cuda = 0.001102
iter 65: upload_copy_time2_cuda = 0.000065
iter 65: download_copy_time_cuda = 0.001142

iter 66: cpu_time_cuda = 0.080535
iter 66: gpu_time1_cuda = 0.042193
iter 66: gpu_time2_cuda = 0.003411
iter 66: upload_copy_time1_cuda = 0.001188
iter 66: download_copy_time_cuda = 0.001084
iter 66: upload_copy_time2_cuda = 0.000062
iter 66: download_copy_time_cuda = 0.001150

iter 67: cpu_time_cuda = 0.079137
iter 67: gpu_time1_cuda = 0.039802
iter 67: gpu_time2_cuda = 0.003395
iter 67: upload_copy_time1_cuda = 0.001153
iter 67: download_copy_time_cuda = 0.001068
iter 67: upload_copy_time2_cuda = 0.000062
iter 67: download_copy_time_cuda = 0.001171

iter 68: cpu_time_cuda = 0.077678
iter 68: gpu_time1_cuda = 0.040239
iter 68: gpu_time2_cuda = 0.003348
iter 68: upload_copy_time1_cuda = 0.001134
iter 68: download_copy_time_cuda = 0.001055
iter 68: upload_copy_time2_cuda = 0.000066
iter 68: download_copy_time_cuda = 0.001185

iter 69: cpu_time_cuda = 0.076538
iter 69: gpu_time1_cuda = 0.038903
iter 69: gpu_time2_cuda = 0.003276
iter 69: upload_copy_time1_cuda = 0.001116
iter 69: download_copy_time_cuda = 0.001040
iter 69: upload_copy_time2_cuda = 0.000066
iter 69: download_copy_time_cuda = 0.001216

iter 70: cpu_time_cuda = 0.075124
iter 70: gpu_time1_cuda = 0.037893
iter 70: gpu_time2_cuda = 0.003209
iter 70: upload_copy_time1_cuda = 0.001096
iter 70: download_copy_time_cuda = 0.001023
iter 70: upload_copy_time2_cuda = 0.000064
iter 70: download_copy_time_cuda = 0.001232

iter 71: cpu_time_cuda = 0.073846
iter 71: gpu_time1_cuda = 0.037321
iter 71: gpu_time2_cuda = 0.003176
iter 71: upload_copy_time1_cuda = 0.001077
iter 71: download_copy_time_cuda = 0.000997
iter 71: upload_copy_time2_cuda = 0.000065
iter 71: download_copy_time_cuda = 0.001259

iter 72: cpu_time_cuda = 0.072666
iter 72: gpu_time1_cuda = 0.033368
iter 72: gpu_time2_cuda = 0.003128
iter 72: upload_copy_time1_cuda = 0.001067
iter 72: download_copy_time_cuda = 0.000980
iter 72: upload_copy_time2_cuda = 0.000065
iter 72: download_copy_time_cuda = 0.001249

iter 73: cpu_time_cuda = 0.071313
iter 73: gpu_time1_cuda = 0.032731
iter 73: gpu_time2_cuda = 0.003039
iter 73: upload_copy_time1_cuda = 0.001049
iter 73: download_copy_time_cuda = 0.001005
iter 73: upload_copy_time2_cuda = 0.000065
iter 73: download_copy_time_cuda = 0.001273

iter 74: cpu_time_cuda = 0.070352
iter 74: gpu_time1_cuda = 0.031846
iter 74: gpu_time2_cuda = 0.002996
iter 74: upload_copy_time1_cuda = 0.001031
iter 74: download_copy_time_cuda = 0.000949
iter 74: upload_copy_time2_cuda = 0.000066
iter 74: download_copy_time_cuda = 0.001287

iter 75: cpu_time_cuda = 0.068717
iter 75: gpu_time1_cuda = 0.030992
iter 75: gpu_time2_cuda = 0.002944
iter 75: upload_copy_time1_cuda = 0.001010
iter 75: download_copy_time_cuda = 0.000934
iter 75: upload_copy_time2_cuda = 0.000065
iter 75: download_copy_time_cuda = 0.001308

iter 76: cpu_time_cuda = 0.067389
iter 76: gpu_time1_cuda = 0.030647
iter 76: gpu_time2_cuda = 0.002900
iter 76: upload_copy_time1_cuda = 0.000991
iter 76: download_copy_time_cuda = 0.000919
iter 76: upload_copy_time2_cuda = 0.000065
iter 76: download_copy_time_cuda = 0.001328

iter 77: cpu_time_cuda = 0.066208
iter 77: gpu_time1_cuda = 0.029343
iter 77: gpu_time2_cuda = 0.002841
iter 77: upload_copy_time1_cuda = 0.000969
iter 77: download_copy_time_cuda = 0.000894
iter 77: upload_copy_time2_cuda = 0.000064
iter 77: download_copy_time_cuda = 0.001343

iter 78: cpu_time_cuda = 0.064930
iter 78: gpu_time1_cuda = 0.028449
iter 78: gpu_time2_cuda = 0.002795
iter 78: upload_copy_time1_cuda = 0.000950
iter 78: download_copy_time_cuda = 0.000877
iter 78: upload_copy_time2_cuda = 0.000063
iter 78: download_copy_time_cuda = 0.001352

iter 79: cpu_time_cuda = 0.063737
iter 79: gpu_time1_cuda = 0.026686
iter 79: gpu_time2_cuda = 0.002751
iter 79: upload_copy_time1_cuda = 0.000932
iter 79: download_copy_time_cuda = 0.000860
iter 79: upload_copy_time2_cuda = 0.000064
iter 79: download_copy_time_cuda = 0.001371

iter 80: cpu_time_cuda = 0.062468
iter 80: gpu_time1_cuda = 0.026380
iter 80: gpu_time2_cuda = 0.002711
iter 80: upload_copy_time1_cuda = 0.000919
iter 80: download_copy_time_cuda = 0.000841
iter 80: upload_copy_time2_cuda = 0.000065
iter 80: download_copy_time_cuda = 0.001386

iter 81: cpu_time_cuda = 0.061003
iter 81: gpu_time1_cuda = 0.025708
iter 81: gpu_time2_cuda = 0.002656
iter 81: upload_copy_time1_cuda = 0.000897
iter 81: download_copy_time_cuda = 0.000826
iter 81: upload_copy_time2_cuda = 0.000065
iter 81: download_copy_time_cuda = 0.001407

iter 82: cpu_time_cuda = 0.059569
iter 82: gpu_time1_cuda = 0.024880
iter 82: gpu_time2_cuda = 0.002594
iter 82: upload_copy_time1_cuda = 0.000874
iter 82: download_copy_time_cuda = 0.000809
iter 82: upload_copy_time2_cuda = 0.000065
iter 82: download_copy_time_cuda = 0.001437

iter 83: cpu_time_cuda = 0.058273
iter 83: gpu_time1_cuda = 0.023532
iter 83: gpu_time2_cuda = 0.002570
iter 83: upload_copy_time1_cuda = 0.000855
iter 83: download_copy_time_cuda = 0.000795
iter 83: upload_copy_time2_cuda = 0.000065
iter 83: download_copy_time_cuda = 0.001446

iter 84: cpu_time_cuda = 0.057043
iter 84: gpu_time1_cuda = 0.023491
iter 84: gpu_time2_cuda = 0.002488
iter 84: upload_copy_time1_cuda = 0.000844
iter 84: download_copy_time_cuda = 0.000779
iter 84: upload_copy_time2_cuda = 0.000065
iter 84: download_copy_time_cuda = 0.001466

iter 85: cpu_time_cuda = 0.056138
iter 85: gpu_time1_cuda = 0.022602
iter 85: gpu_time2_cuda = 0.002450
iter 85: upload_copy_time1_cuda = 0.000826
iter 85: download_copy_time_cuda = 0.000763
iter 85: upload_copy_time2_cuda = 0.000064
iter 85: download_copy_time_cuda = 0.001481

iter 86: cpu_time_cuda = 0.054363
iter 86: gpu_time1_cuda = 0.019338
iter 86: gpu_time2_cuda = 0.002391
iter 86: upload_copy_time1_cuda = 0.000807
iter 86: download_copy_time_cuda = 0.000747
iter 86: upload_copy_time2_cuda = 0.000065
iter 86: download_copy_time_cuda = 0.001491

iter 87: cpu_time_cuda = 0.053006
iter 87: gpu_time1_cuda = 0.018375
iter 87: gpu_time2_cuda = 0.002303
iter 87: upload_copy_time1_cuda = 0.000782
iter 87: download_copy_time_cuda = 0.000730
iter 87: upload_copy_time2_cuda = 0.000065
iter 87: download_copy_time_cuda = 0.001510

iter 88: cpu_time_cuda = 0.051788
iter 88: gpu_time1_cuda = 0.017859
iter 88: gpu_time2_cuda = 0.002266
iter 88: upload_copy_time1_cuda = 0.000769
iter 88: download_copy_time_cuda = 0.000704
iter 88: upload_copy_time2_cuda = 0.000065
iter 88: download_copy_time_cuda = 0.001535

iter 89: cpu_time_cuda = 0.050546
iter 89: gpu_time1_cuda = 0.017040
iter 89: gpu_time2_cuda = 0.002217
iter 89: upload_copy_time1_cuda = 0.000746
iter 89: download_copy_time_cuda = 0.000688
iter 89: upload_copy_time2_cuda = 0.000065
iter 89: download_copy_time_cuda = 0.001552

iter 90: cpu_time_cuda = 0.049059
iter 90: gpu_time1_cuda = 0.016917
iter 90: gpu_time2_cuda = 0.002178
iter 90: upload_copy_time1_cuda = 0.000734
iter 90: download_copy_time_cuda = 0.000671
iter 90: upload_copy_time2_cuda = 0.000064
iter 90: download_copy_time_cuda = 0.001579

iter 91: cpu_time_cuda = 0.047821
iter 91: gpu_time1_cuda = 0.015838
iter 91: gpu_time2_cuda = 0.002117
iter 91: upload_copy_time1_cuda = 0.000707
iter 91: download_copy_time_cuda = 0.000657
iter 91: upload_copy_time2_cuda = 0.000064
iter 91: download_copy_time_cuda = 0.001585

iter 92: cpu_time_cuda = 0.046584
iter 92: gpu_time1_cuda = 0.015724
iter 92: gpu_time2_cuda = 0.002077
iter 92: upload_copy_time1_cuda = 0.000689
iter 92: download_copy_time_cuda = 0.000641
iter 92: upload_copy_time2_cuda = 0.000066
iter 92: download_copy_time_cuda = 0.001607

iter 93: cpu_time_cuda = 0.045297
iter 93: gpu_time1_cuda = 0.014625
iter 93: gpu_time2_cuda = 0.002031
iter 93: upload_copy_time1_cuda = 0.000671
iter 93: download_copy_time_cuda = 0.000626
iter 93: upload_copy_time2_cuda = 0.000065
iter 93: download_copy_time_cuda = 0.001621

iter 94: cpu_time_cuda = 0.043844
iter 94: gpu_time1_cuda = 0.014094
iter 94: gpu_time2_cuda = 0.001959
iter 94: upload_copy_time1_cuda = 0.000660
iter 94: download_copy_time_cuda = 0.000610
iter 94: upload_copy_time2_cuda = 0.000064
iter 94: download_copy_time_cuda = 0.001644

iter 95: cpu_time_cuda = 0.042539
iter 95: gpu_time1_cuda = 0.012872
iter 95: gpu_time2_cuda = 0.001919
iter 95: upload_copy_time1_cuda = 0.000641
iter 95: download_copy_time_cuda = 0.000596
iter 95: upload_copy_time2_cuda = 0.000064
iter 95: download_copy_time_cuda = 0.001658

iter 96: cpu_time_cuda = 0.041495
iter 96: gpu_time1_cuda = 0.012698
iter 96: gpu_time2_cuda = 0.001869
iter 96: upload_copy_time1_cuda = 0.000623
iter 96: download_copy_time_cuda = 0.000568
iter 96: upload_copy_time2_cuda = 0.000061
iter 96: download_copy_time_cuda = 0.001978

iter 97: cpu_time_cuda = 0.040027
iter 97: gpu_time1_cuda = 0.012154
iter 97: gpu_time2_cuda = 0.001823
iter 97: upload_copy_time1_cuda = 0.000601
iter 97: download_copy_time_cuda = 0.000551
iter 97: upload_copy_time2_cuda = 0.000061
iter 97: download_copy_time_cuda = 0.001950

iter 98: cpu_time_cuda = 0.038657
iter 98: gpu_time1_cuda = 0.011618
iter 98: gpu_time2_cuda = 0.001753
iter 98: upload_copy_time1_cuda = 0.000583
iter 98: download_copy_time_cuda = 0.000533
iter 98: upload_copy_time2_cuda = 0.000060
iter 98: download_copy_time_cuda = 0.001971

iter 99: cpu_time_cuda = 0.037371
iter 99: gpu_time1_cuda = 0.011094
iter 99: gpu_time2_cuda = 0.001722
iter 99: upload_copy_time1_cuda = 0.000561
iter 99: download_copy_time_cuda = 0.000517
iter 99: upload_copy_time2_cuda = 0.000065
iter 99: download_copy_time_cuda = 0.001972

iter 100: cpu_time_cuda = 0.036132
iter 100: gpu_time1_cuda = 0.009203
iter 100: gpu_time2_cuda = 0.001657
iter 100: upload_copy_time1_cuda = 0.000540
iter 100: download_copy_time_cuda = 0.000534
iter 100: upload_copy_time2_cuda = 0.000060
iter 100: download_copy_time_cuda = 0.001981

iter 101: cpu_time_cuda = 0.034714
iter 101: gpu_time1_cuda = 0.008407
iter 101: gpu_time2_cuda = 0.001589
iter 101: upload_copy_time1_cuda = 0.000522
iter 101: download_copy_time_cuda = 0.000483
iter 101: upload_copy_time2_cuda = 0.000065
iter 101: download_copy_time_cuda = 0.001984

iter 102: cpu_time_cuda = 0.033427
iter 102: gpu_time1_cuda = 0.008245
iter 102: gpu_time2_cuda = 0.001537
iter 102: upload_copy_time1_cuda = 0.000511
iter 102: download_copy_time_cuda = 0.000472
iter 102: upload_copy_time2_cuda = 0.000065
iter 102: download_copy_time_cuda = 0.002019

iter 103: cpu_time_cuda = 0.032082
iter 103: gpu_time1_cuda = 0.007587
iter 103: gpu_time2_cuda = 0.001494
iter 103: upload_copy_time1_cuda = 0.000493
iter 103: download_copy_time_cuda = 0.000455
iter 103: upload_copy_time2_cuda = 0.000065
iter 103: download_copy_time_cuda = 0.002002

iter 104: cpu_time_cuda = 0.030564
iter 104: gpu_time1_cuda = 0.007112
iter 104: gpu_time2_cuda = 0.001437
iter 104: upload_copy_time1_cuda = 0.000475
iter 104: download_copy_time_cuda = 0.000431
iter 104: upload_copy_time2_cuda = 0.000065
iter 104: download_copy_time_cuda = 0.002009

iter 105: cpu_time_cuda = 0.029391
iter 105: gpu_time1_cuda = 0.006753
iter 105: gpu_time2_cuda = 0.001405
iter 105: upload_copy_time1_cuda = 0.000460
iter 105: download_copy_time_cuda = 0.000413
iter 105: upload_copy_time2_cuda = 0.000060
iter 105: download_copy_time_cuda = 0.002057

iter 106: cpu_time_cuda = 0.028204
iter 106: gpu_time1_cuda = 0.006343
iter 106: gpu_time2_cuda = 0.001355
iter 106: upload_copy_time1_cuda = 0.000436
iter 106: download_copy_time_cuda = 0.000396
iter 106: upload_copy_time2_cuda = 0.000064
iter 106: download_copy_time_cuda = 0.002050

iter 107: cpu_time_cuda = 0.026857
iter 107: gpu_time1_cuda = 0.005743
iter 107: gpu_time2_cuda = 0.001290
iter 107: upload_copy_time1_cuda = 0.000411
iter 107: download_copy_time_cuda = 0.000379
iter 107: upload_copy_time2_cuda = 0.000064
iter 107: download_copy_time_cuda = 0.002145

iter 108: cpu_time_cuda = 0.025625
iter 108: gpu_time1_cuda = 0.005367
iter 108: gpu_time2_cuda = 0.001233
iter 108: upload_copy_time1_cuda = 0.000396
iter 108: download_copy_time_cuda = 0.000362
iter 108: upload_copy_time2_cuda = 0.000065
iter 108: download_copy_time_cuda = 0.002074

iter 109: cpu_time_cuda = 0.024355
iter 109: gpu_time1_cuda = 0.005049
iter 109: gpu_time2_cuda = 0.001182
iter 109: upload_copy_time1_cuda = 0.000374
iter 109: download_copy_time_cuda = 0.000345
iter 109: upload_copy_time2_cuda = 0.000065
iter 109: download_copy_time_cuda = 0.002103

iter 110: cpu_time_cuda = 0.023105
iter 110: gpu_time1_cuda = 0.004687
iter 110: gpu_time2_cuda = 0.001129
iter 110: upload_copy_time1_cuda = 0.000356
iter 110: download_copy_time_cuda = 0.000328
iter 110: upload_copy_time2_cuda = 0.000065
iter 110: download_copy_time_cuda = 0.002118

iter 111: cpu_time_cuda = 0.021718
iter 111: gpu_time1_cuda = 0.004276
iter 111: gpu_time2_cuda = 0.001084
iter 111: upload_copy_time1_cuda = 0.000337
iter 111: download_copy_time_cuda = 0.000316
iter 111: upload_copy_time2_cuda = 0.000063
iter 111: download_copy_time_cuda = 0.002134

iter 112: cpu_time_cuda = 0.020405
iter 112: gpu_time1_cuda = 0.004035
iter 112: gpu_time2_cuda = 0.001040
iter 112: upload_copy_time1_cuda = 0.000318
iter 112: download_copy_time_cuda = 0.000293
iter 112: upload_copy_time2_cuda = 0.000059
iter 112: download_copy_time_cuda = 0.002163

iter 113: cpu_time_cuda = 0.019205
iter 113: gpu_time1_cuda = 0.003588
iter 113: gpu_time2_cuda = 0.000993
iter 113: upload_copy_time1_cuda = 0.000307
iter 113: download_copy_time_cuda = 0.000277
iter 113: upload_copy_time2_cuda = 0.000060
iter 113: download_copy_time_cuda = 0.002162

iter 114: cpu_time_cuda = 0.017928
iter 114: gpu_time1_cuda = 0.002614
iter 114: gpu_time2_cuda = 0.000812
iter 114: upload_copy_time1_cuda = 0.000288
iter 114: download_copy_time_cuda = 0.000266
iter 114: upload_copy_time2_cuda = 0.000060
iter 114: download_copy_time_cuda = 0.002176

iter 115: cpu_time_cuda = 0.016642
iter 115: gpu_time1_cuda = 0.002141
iter 115: gpu_time2_cuda = 0.000736
iter 115: upload_copy_time1_cuda = 0.000271
iter 115: download_copy_time_cuda = 0.000250
iter 115: upload_copy_time2_cuda = 0.000060
iter 115: download_copy_time_cuda = 0.002216

iter 116: cpu_time_cuda = 0.015245
iter 116: gpu_time1_cuda = 0.001988
iter 116: gpu_time2_cuda = 0.000702
iter 116: upload_copy_time1_cuda = 0.000247
iter 116: download_copy_time_cuda = 0.000232
iter 116: upload_copy_time2_cuda = 0.000060
iter 116: download_copy_time_cuda = 0.002231

iter 117: cpu_time_cuda = 0.013894
iter 117: gpu_time1_cuda = 0.001762
iter 117: gpu_time2_cuda = 0.000654
iter 117: upload_copy_time1_cuda = 0.000227
iter 117: download_copy_time_cuda = 0.000223
iter 117: upload_copy_time2_cuda = 0.000065
iter 117: download_copy_time_cuda = 0.002252

iter 118: cpu_time_cuda = 0.012645
iter 118: gpu_time1_cuda = 0.001574
iter 118: gpu_time2_cuda = 0.000613
iter 118: upload_copy_time1_cuda = 0.000227
iter 118: download_copy_time_cuda = 0.000216
iter 118: upload_copy_time2_cuda = 0.000072
iter 118: download_copy_time_cuda = 0.002277

iter 119: cpu_time_cuda = 0.011435
iter 119: gpu_time1_cuda = 0.001326
iter 119: gpu_time2_cuda = 0.000588
iter 119: upload_copy_time1_cuda = 0.000200
iter 119: download_copy_time_cuda = 0.000213
iter 119: upload_copy_time2_cuda = 0.000065
iter 119: download_copy_time_cuda = 0.002332

iter 120: cpu_time_cuda = 0.010105
iter 120: gpu_time1_cuda = 0.001243
iter 120: gpu_time2_cuda = 0.000544
iter 120: upload_copy_time1_cuda = 0.000178
iter 120: download_copy_time_cuda = 0.000184
iter 120: upload_copy_time2_cuda = 0.000065
iter 120: download_copy_time_cuda = 0.002290

iter 121: cpu_time_cuda = 0.008914
iter 121: gpu_time1_cuda = 0.000933
iter 121: gpu_time2_cuda = 0.000510
iter 121: upload_copy_time1_cuda = 0.000165
iter 121: download_copy_time_cuda = 0.000166
iter 121: upload_copy_time2_cuda = 0.000061
iter 121: download_copy_time_cuda = 0.002329

iter 122: cpu_time_cuda = 0.007673
iter 122: gpu_time1_cuda = 0.000786
iter 122: gpu_time2_cuda = 0.000442
iter 122: upload_copy_time1_cuda = 0.000154
iter 122: download_copy_time_cuda = 0.000142
iter 122: upload_copy_time2_cuda = 0.000064
iter 122: download_copy_time_cuda = 0.002428

iter 123: cpu_time_cuda = 0.006490
iter 123: gpu_time1_cuda = 0.000623
iter 123: gpu_time2_cuda = 0.000399
iter 123: upload_copy_time1_cuda = 0.000140
iter 123: download_copy_time_cuda = 0.000138
iter 123: upload_copy_time2_cuda = 0.000064
iter 123: download_copy_time_cuda = 0.002365

iter 124: cpu_time_cuda = 0.005166
iter 124: gpu_time1_cuda = 0.000507
iter 124: gpu_time2_cuda = 0.000358
iter 124: upload_copy_time1_cuda = 0.000126
iter 124: download_copy_time_cuda = 0.000125
iter 124: upload_copy_time2_cuda = 0.000063
iter 124: download_copy_time_cuda = 0.002363

iter 125: cpu_time_cuda = 0.003942
iter 125: gpu_time1_cuda = 0.000405
iter 125: gpu_time2_cuda = 0.000326
iter 125: upload_copy_time1_cuda = 0.000112
iter 125: download_copy_time_cuda = 0.000112
iter 125: upload_copy_time2_cuda = 0.000064
iter 125: download_copy_time_cuda = 0.002402

iter 126: cpu_time_cuda = 0.002709
iter 126: gpu_time1_cuda = 0.000316
iter 126: gpu_time2_cuda = 0.000283
iter 126: upload_copy_time1_cuda = 0.000100
iter 126: download_copy_time_cuda = 0.000099
iter 126: upload_copy_time2_cuda = 0.000065
iter 126: download_copy_time_cuda = 0.002400

total_cpu_time_cuda = 10.548976
total_gpu_time_cuda = 7.872074
total_copy_time_cuda = 0.476710
main_loop_time_cuda = 19.359737
15360 15360     ---   (  ---  )    249.53 (  19.37)       ---
total_time = 26.401470
23.43user 3.44system 0:27.98elapsed 96%CPU (0avgtext+0avgdata 3840076maxresident)k
3856inputs+0outputs (1major+482960minor)pagefaults 0swaps
send out message: 22 3 log
