send out message: 24 37 /home/lchen/MAGMA/magma-1.6.1/results
send out message: 20 26 MAGMA_LU_GPUDVFS.total.pwr
MAGMA 1.6.1  compiled for CUDA capability >= 3.0
CUDA runtime 5000, driver 6050. MAGMA not compiled with OpenMP. 
ndevices 1
device 0: Tesla K20c, 705.5 MHz clock, 4799.6 MB memory, capability 3.5
Usage: /home/lchen/MAGMA/magma-1.6.1/testing/testing_dgetrf [options] [-h|--help]

ngpu 1
    M     N   CPU GFlop/s (sec)   GPU GFlop/s (sec)   |PA-LU|/(N*|A|)
=========================================================================
init_time = 3.301619
iter 0: slack_cuda = 0.000000
iter 0: cpu_time_cuda = 0.000000
iter 0: gpu_time_cuda = 0.000000
iter 0: download_copy_time_cuda = 0.000000
iter 0: upload_copy_time_cuda = 0.001502
iter 0: per_iter_time_cuda = 0.002269

iter 1: cpu_time_pred = 0.000000
iter 1: gpu_time_pred = 0.000000
iter 1: slack_pred = 0.000000
iter 1: ratio_split_freq = -nan
iter 1: seconds_until_interrupt = -nan
iter 1: slack_cuda = -0.146722
iter 1: cpu_time_cuda = 0.029826
iter 1: gpu_time_cuda = 0.176547
iter 1: download_copy_time_cuda = 0.001436
iter 1: upload_copy_time_cuda = 0.005260
iter 1: per_iter_time_cuda = 0.215973

iter 2: cpu_time_pred = 0.029500
iter 2: gpu_time_pred = 0.030709
iter 2: slack_pred = -0.001209
iter 2: ratio_split_freq = -0.008559
iter 2: seconds_until_interrupt = -0.001443
iter 2: slack_cuda = -0.142882
iter 2: cpu_time_cuda = 0.029530
iter 2: gpu_time_cuda = 0.172412
iter 2: download_copy_time_cuda = 0.003648
iter 2: upload_copy_time_cuda = 0.005203
iter 2: per_iter_time_cuda = 0.214058

iter 3: cpu_time_pred = 0.029203
iter 3: gpu_time_pred = 0.030094
iter 3: slack_pred = -0.000891
iter 3: ratio_split_freq = -0.006437
iter 3: seconds_until_interrupt = -0.001063
iter 3: slack_cuda = -0.121327
iter 3: cpu_time_cuda = 0.029158
iter 3: gpu_time_cuda = 0.150486
iter 3: download_copy_time_cuda = 0.003623
iter 3: upload_copy_time_cuda = 0.005176
iter 3: per_iter_time_cuda = 0.191274

iter 4: cpu_time_pred = 0.028907
iter 4: gpu_time_pred = 0.029486
iter 4: slack_pred = -0.000579
iter 4: ratio_split_freq = -0.004270
iter 4: seconds_until_interrupt = -0.000691
iter 4: slack_cuda = -0.137583
iter 4: cpu_time_cuda = 0.029352
iter 4: gpu_time_cuda = 0.166935
iter 4: download_copy_time_cuda = 0.003512
iter 4: upload_copy_time_cuda = 0.005376
iter 4: per_iter_time_cuda = 0.208374

iter 5: cpu_time_pred = 0.028610
iter 5: gpu_time_pred = 0.028883
iter 5: slack_pred = -0.000273
iter 5: ratio_split_freq = -0.002059
iter 5: seconds_until_interrupt = -0.000326
iter 5: slack_cuda = -0.133540
iter 5: cpu_time_cuda = 0.029086
iter 5: gpu_time_cuda = 0.162626
iter 5: download_copy_time_cuda = 0.003874
iter 5: upload_copy_time_cuda = 0.005454
iter 5: per_iter_time_cuda = 0.203849

iter 6: cpu_time_pred = 0.028313
iter 6: gpu_time_pred = 0.028287
iter 6: slack_pred = 0.000026
iter 6: ratio_split_freq = 0.000199
iter 6: seconds_until_interrupt = 0.000031
iter 6: slack_cuda = -0.013958
iter 6: cpu_time_cuda = 0.028254
iter 6: gpu_time_cuda = 0.042212
iter 6: download_copy_time_cuda = 0.003834
iter 6: upload_copy_time_cuda = 0.001660
iter 6: per_iter_time_cuda = 0.076728

iter 7: cpu_time_pred = 0.028016
iter 7: gpu_time_pred = 0.027697
iter 7: slack_pred = 0.000319
iter 7: ratio_split_freq = 0.002505
iter 7: seconds_until_interrupt = 0.000381
iter 7: slack_cuda = -0.005397
iter 7: cpu_time_cuda = 0.028045
iter 7: gpu_time_cuda = 0.033441
iter 7: download_copy_time_cuda = 0.001523
iter 7: upload_copy_time_cuda = 0.001685
iter 7: per_iter_time_cuda = 0.065389

iter 8: cpu_time_pred = 0.027720
iter 8: gpu_time_pred = 0.027114
iter 8: slack_pred = 0.000606
iter 8: ratio_split_freq = 0.004860
iter 8: seconds_until_interrupt = 0.000723
iter 8: slack_cuda = -0.006068
iter 8: cpu_time_cuda = 0.027680
iter 8: gpu_time_cuda = 0.033748
iter 8: download_copy_time_cuda = 0.001527
iter 8: upload_copy_time_cuda = 0.001603
iter 8: per_iter_time_cuda = 0.065310

iter 9: cpu_time_pred = 0.027423
iter 9: gpu_time_pred = 0.026536
iter 9: slack_pred = 0.000887
iter 9: ratio_split_freq = 0.007266
iter 9: seconds_until_interrupt = 0.001058
iter 9: slack_cuda = -0.006033
iter 9: cpu_time_cuda = 0.027428
iter 9: gpu_time_cuda = 0.033461
iter 9: download_copy_time_cuda = 0.001486
iter 9: upload_copy_time_cuda = 0.001586
iter 9: per_iter_time_cuda = 0.064650

iter 10: cpu_time_pred = 0.027126
iter 10: gpu_time_pred = 0.025965
iter 10: slack_pred = 0.001161
iter 10: ratio_split_freq = 0.009724
iter 10: seconds_until_interrupt = 0.001386
iter 10: slack_cuda = -0.005749
iter 10: cpu_time_cuda = 0.027405
iter 10: gpu_time_cuda = 0.033154
iter 10: download_copy_time_cuda = 0.001471
iter 10: upload_copy_time_cuda = 0.001600
iter 10: per_iter_time_cuda = 0.064386

iter 11: cpu_time_pred = 0.026829
iter 11: gpu_time_pred = 0.025400
iter 11: slack_pred = 0.001429
iter 11: ratio_split_freq = 0.012237
iter 11: seconds_until_interrupt = 0.001706
iter 11: slack_cuda = -0.013533
iter 11: cpu_time_cuda = 0.026871
iter 11: gpu_time_cuda = 0.040404
iter 11: download_copy_time_cuda = 0.001636
iter 11: upload_copy_time_cuda = 0.001586
iter 11: per_iter_time_cuda = 0.071187

iter 12: cpu_time_pred = 0.026532
iter 12: gpu_time_pred = 0.024841
iter 12: slack_pred = 0.001691
iter 12: ratio_split_freq = 0.014807
iter 12: seconds_until_interrupt = 0.002019
iter 12: slack_cuda = -0.005906
iter 12: cpu_time_cuda = 0.026851
iter 12: gpu_time_cuda = 0.032757
iter 12: download_copy_time_cuda = 0.001441
iter 12: upload_copy_time_cuda = 0.001550
iter 12: per_iter_time_cuda = 0.063326

iter 13: cpu_time_pred = 0.026236
iter 13: gpu_time_pred = 0.024288
iter 13: slack_pred = 0.001947
iter 13: ratio_split_freq = 0.017434
iter 13: seconds_until_interrupt = 0.002324
iter 13: slack_cuda = -0.006017
iter 13: cpu_time_cuda = 0.026537
iter 13: gpu_time_cuda = 0.032555
iter 13: download_copy_time_cuda = 0.001464
iter 13: upload_copy_time_cuda = 0.001533
iter 13: per_iter_time_cuda = 0.062750

iter 14: cpu_time_pred = 0.025939
iter 14: gpu_time_pred = 0.023742
iter 14: slack_pred = 0.002197
iter 14: ratio_split_freq = 0.020121
iter 14: seconds_until_interrupt = 0.002622
iter 14: slack_cuda = -0.005967
iter 14: cpu_time_cuda = 0.026319
iter 14: gpu_time_cuda = 0.032286
iter 14: download_copy_time_cuda = 0.001436
iter 14: upload_copy_time_cuda = 0.001537
iter 14: per_iter_time_cuda = 0.062301

iter 15: cpu_time_pred = 0.025642
iter 15: gpu_time_pred = 0.023202
iter 15: slack_pred = 0.002440
iter 15: ratio_split_freq = 0.022871
iter 15: seconds_until_interrupt = 0.002913
iter 15: slack_cuda = -0.005440
iter 15: cpu_time_cuda = 0.026057
iter 15: gpu_time_cuda = 0.031497
iter 15: download_copy_time_cuda = 0.001461
iter 15: upload_copy_time_cuda = 0.001524
iter 15: per_iter_time_cuda = 0.061194

iter 16: cpu_time_pred = 0.025345
iter 16: gpu_time_pred = 0.022668
iter 16: slack_pred = 0.002677
iter 16: ratio_split_freq = 0.025685
iter 16: seconds_until_interrupt = 0.003196
iter 16: slack_cuda = -0.005975
iter 16: cpu_time_cuda = 0.025626
iter 16: gpu_time_cuda = 0.031601
iter 16: download_copy_time_cuda = 0.001449
iter 16: upload_copy_time_cuda = 0.001496
iter 16: per_iter_time_cuda = 0.060869

iter 17: cpu_time_pred = 0.025048
iter 17: gpu_time_pred = 0.022140
iter 17: slack_pred = 0.002908
iter 17: ratio_split_freq = 0.028566
iter 17: seconds_until_interrupt = 0.003471
iter 17: slack_cuda = -0.006085
iter 17: cpu_time_cuda = 0.025436
iter 17: gpu_time_cuda = 0.031521
iter 17: download_copy_time_cuda = 0.001423
iter 17: upload_copy_time_cuda = 0.001498
iter 17: per_iter_time_cuda = 0.060516

iter 18: cpu_time_pred = 0.024752
iter 18: gpu_time_pred = 0.021618
iter 18: slack_pred = 0.003133
iter 18: ratio_split_freq = 0.031516
iter 18: seconds_until_interrupt = 0.003740
iter 18: slack_cuda = -0.006219
iter 18: cpu_time_cuda = 0.024899
iter 18: gpu_time_cuda = 0.031118
iter 18: download_copy_time_cuda = 0.001392
iter 18: upload_copy_time_cuda = 0.001463
iter 18: per_iter_time_cuda = 0.059552

iter 19: cpu_time_pred = 0.024455
iter 19: gpu_time_pred = 0.021103
iter 19: slack_pred = 0.003352
iter 19: ratio_split_freq = 0.034537
iter 19: seconds_until_interrupt = 0.004001
iter 19: slack_cuda = -0.005510
iter 19: cpu_time_cuda = 0.024894
iter 19: gpu_time_cuda = 0.030405
iter 19: download_copy_time_cuda = 0.001459
iter 19: upload_copy_time_cuda = 0.001446
iter 19: per_iter_time_cuda = 0.058849

iter 20: cpu_time_pred = 0.024158
iter 20: gpu_time_pred = 0.020594
iter 20: slack_pred = 0.003564
iter 20: ratio_split_freq = 0.037633
iter 20: seconds_until_interrupt = 0.004254
iter 20: slack_cuda = -0.011533
iter 20: cpu_time_cuda = 0.024554
iter 20: gpu_time_cuda = 0.036087
iter 20: download_copy_time_cuda = 0.001382
iter 20: upload_copy_time_cuda = 0.001434
iter 20: per_iter_time_cuda = 0.064139

iter 21: cpu_time_pred = 0.023861
iter 21: gpu_time_pred = 0.020091
iter 21: slack_pred = 0.003770
iter 21: ratio_split_freq = 0.040806
iter 21: seconds_until_interrupt = 0.004500
iter 21: slack_cuda = -0.006602
iter 21: cpu_time_cuda = 0.024032
iter 21: gpu_time_cuda = 0.030633
iter 21: download_copy_time_cuda = 0.001371
iter 21: upload_copy_time_cuda = 0.001438
iter 21: per_iter_time_cuda = 0.058105

iter 22: cpu_time_pred = 0.023565
iter 22: gpu_time_pred = 0.019594
iter 22: slack_pred = 0.003970
iter 22: ratio_split_freq = 0.044058
iter 22: seconds_until_interrupt = 0.004739
iter 22: slack_cuda = -0.016191
iter 22: cpu_time_cuda = 0.023741
iter 22: gpu_time_cuda = 0.039931
iter 22: download_copy_time_cuda = 0.001318
iter 22: upload_copy_time_cuda = 0.001405
iter 22: per_iter_time_cuda = 0.067082

iter 23: cpu_time_pred = 0.023268
iter 23: gpu_time_pred = 0.019104
iter 23: slack_pred = 0.004164
iter 23: ratio_split_freq = 0.047394
iter 23: seconds_until_interrupt = 0.004970
iter 23: slack_cuda = -0.005862
iter 23: cpu_time_cuda = 0.023471
iter 23: gpu_time_cuda = 0.029333
iter 23: download_copy_time_cuda = 0.001305
iter 23: upload_copy_time_cuda = 0.001382
iter 23: per_iter_time_cuda = 0.056103

iter 24: cpu_time_pred = 0.022971
iter 24: gpu_time_pred = 0.018620
iter 24: slack_pred = 0.004351
iter 24: ratio_split_freq = 0.050816
iter 24: seconds_until_interrupt = 0.005193
iter 24: slack_cuda = -0.011139
iter 24: cpu_time_cuda = 0.023147
iter 24: gpu_time_cuda = 0.034287
iter 24: download_copy_time_cuda = 0.001311
iter 24: upload_copy_time_cuda = 0.001368
iter 24: per_iter_time_cuda = 0.060781

iter 25: cpu_time_pred = 0.022674
iter 25: gpu_time_pred = 0.018142
iter 25: slack_pred = 0.004532
iter 25: ratio_split_freq = 0.054327
iter 25: seconds_until_interrupt = 0.005410
iter 25: slack_cuda = -0.006248
iter 25: cpu_time_cuda = 0.022904
iter 25: gpu_time_cuda = 0.029152
iter 25: download_copy_time_cuda = 0.001270
iter 25: upload_copy_time_cuda = 0.001380
iter 25: per_iter_time_cuda = 0.055313

iter 26: cpu_time_pred = 0.022377
iter 26: gpu_time_pred = 0.017670
iter 26: slack_pred = 0.004707
iter 26: ratio_split_freq = 0.057931
iter 26: seconds_until_interrupt = 0.005619
iter 26: slack_cuda = -0.011508
iter 26: cpu_time_cuda = 0.022858
iter 26: gpu_time_cuda = 0.034366
iter 26: download_copy_time_cuda = 0.001265
iter 26: upload_copy_time_cuda = 0.001335
iter 26: per_iter_time_cuda = 0.060486

iter 27: cpu_time_pred = 0.022081
iter 27: gpu_time_pred = 0.017204
iter 27: slack_pred = 0.004876
iter 27: ratio_split_freq = 0.061633
iter 27: seconds_until_interrupt = 0.005820
iter 27: slack_cuda = -0.005868
iter 27: cpu_time_cuda = 0.022330
iter 27: gpu_time_cuda = 0.028198
iter 27: download_copy_time_cuda = 0.001295
iter 27: upload_copy_time_cuda = 0.001364
iter 27: per_iter_time_cuda = 0.053776

iter 28: cpu_time_pred = 0.021784
iter 28: gpu_time_pred = 0.016745
iter 28: slack_pred = 0.005039
iter 28: ratio_split_freq = 0.065435
iter 28: seconds_until_interrupt = 0.006014
iter 28: slack_cuda = -0.014477
iter 28: cpu_time_cuda = 0.022012
iter 28: gpu_time_cuda = 0.036490
iter 28: download_copy_time_cuda = 0.001226
iter 28: upload_copy_time_cuda = 0.001324
iter 28: per_iter_time_cuda = 0.061700

iter 29: cpu_time_pred = 0.021487
iter 29: gpu_time_pred = 0.016292
iter 29: slack_pred = 0.005195
iter 29: ratio_split_freq = 0.069342
iter 29: seconds_until_interrupt = 0.006201
iter 29: slack_cuda = -0.006081
iter 29: cpu_time_cuda = 0.022045
iter 29: gpu_time_cuda = 0.028126
iter 29: download_copy_time_cuda = 0.001223
iter 29: upload_copy_time_cuda = 0.001306
iter 29: per_iter_time_cuda = 0.053297

iter 30: cpu_time_pred = 0.021190
iter 30: gpu_time_pred = 0.015845
iter 30: slack_pred = 0.005345
iter 30: ratio_split_freq = 0.073359
iter 30: seconds_until_interrupt = 0.006380
iter 30: slack_cuda = -0.017824
iter 30: cpu_time_cuda = 0.021706
iter 30: gpu_time_cuda = 0.039530
iter 30: download_copy_time_cuda = 0.001236
iter 30: upload_copy_time_cuda = 0.001384
iter 30: per_iter_time_cuda = 0.064506

iter 31: cpu_time_pred = 0.020894
iter 31: gpu_time_pred = 0.015404
iter 31: slack_pred = 0.005489
iter 31: ratio_split_freq = 0.077490
iter 31: seconds_until_interrupt = 0.006552
iter 31: slack_cuda = -0.006126
iter 31: cpu_time_cuda = 0.021166
iter 31: gpu_time_cuda = 0.027292
iter 31: download_copy_time_cuda = 0.001290
iter 31: upload_copy_time_cuda = 0.001272
iter 31: per_iter_time_cuda = 0.051605

iter 32: cpu_time_pred = 0.020597
iter 32: gpu_time_pred = 0.014970
iter 32: slack_pred = 0.005627
iter 32: ratio_split_freq = 0.081740
iter 32: seconds_until_interrupt = 0.006716
iter 32: slack_cuda = -0.009511
iter 32: cpu_time_cuda = 0.021040
iter 32: gpu_time_cuda = 0.030551
iter 32: download_copy_time_cuda = 0.001181
iter 32: upload_copy_time_cuda = 0.001248
iter 32: per_iter_time_cuda = 0.054637

iter 33: cpu_time_pred = 0.020300
iter 33: gpu_time_pred = 0.014541
iter 33: slack_pred = 0.005759
iter 33: ratio_split_freq = 0.086114
iter 33: seconds_until_interrupt = 0.006873
iter 33: slack_cuda = -0.006341
iter 33: cpu_time_cuda = 0.020654
iter 33: gpu_time_cuda = 0.026996
iter 33: download_copy_time_cuda = 0.001167
iter 33: upload_copy_time_cuda = 0.001267
iter 33: per_iter_time_cuda = 0.050669

iter 34: cpu_time_pred = 0.020003
iter 34: gpu_time_pred = 0.014119
iter 34: slack_pred = 0.005884
iter 34: ratio_split_freq = 0.090618
iter 34: seconds_until_interrupt = 0.007023
iter 34: slack_cuda = -0.006321
iter 34: cpu_time_cuda = 0.020452
iter 34: gpu_time_cuda = 0.026773
iter 34: download_copy_time_cuda = 0.001150
iter 34: upload_copy_time_cuda = 0.001254
iter 34: per_iter_time_cuda = 0.050234

iter 35: cpu_time_pred = 0.019706
iter 35: gpu_time_pred = 0.013703
iter 35: slack_pred = 0.006003
iter 35: ratio_split_freq = 0.095257
iter 35: seconds_until_interrupt = 0.007165
iter 35: slack_cuda = -0.005979
iter 35: cpu_time_cuda = 0.020248
iter 35: gpu_time_cuda = 0.026227
iter 35: download_copy_time_cuda = 0.001180
iter 35: upload_copy_time_cuda = 0.001207
iter 35: per_iter_time_cuda = 0.049439

iter 36: cpu_time_pred = 0.019410
iter 36: gpu_time_pred = 0.013294
iter 36: slack_pred = 0.006116
iter 36: ratio_split_freq = 0.100039
iter 36: seconds_until_interrupt = 0.007300
iter 36: slack_cuda = -0.006368
iter 36: cpu_time_cuda = 0.019989
iter 36: gpu_time_cuda = 0.026357
iter 36: download_copy_time_cuda = 0.001144
iter 36: upload_copy_time_cuda = 0.001382
iter 36: per_iter_time_cuda = 0.049475

iter 37: cpu_time_pred = 0.019113
iter 37: gpu_time_pred = 0.012890
iter 37: slack_pred = 0.006222
iter 37: ratio_split_freq = 0.104969
iter 37: seconds_until_interrupt = 0.007427
iter 37: slack_cuda = -0.006371
iter 37: cpu_time_cuda = 0.019659
iter 37: gpu_time_cuda = 0.026030
iter 37: download_copy_time_cuda = 0.001122
iter 37: upload_copy_time_cuda = 0.001182
iter 37: per_iter_time_cuda = 0.048553

iter 38: cpu_time_pred = 0.018816
iter 38: gpu_time_pred = 0.012493
iter 38: slack_pred = 0.006323
iter 38: ratio_split_freq = 0.110054
iter 38: seconds_until_interrupt = 0.007547
iter 38: slack_cuda = -0.006389
iter 38: cpu_time_cuda = 0.019458
iter 38: gpu_time_cuda = 0.025847
iter 38: download_copy_time_cuda = 0.001129
iter 38: upload_copy_time_cuda = 0.001269
iter 38: per_iter_time_cuda = 0.048291

iter 39: cpu_time_pred = 0.018519
iter 39: gpu_time_pred = 0.012102
iter 39: slack_pred = 0.006417
iter 39: ratio_split_freq = 0.115303
iter 39: seconds_until_interrupt = 0.007659
iter 39: slack_cuda = -0.009139
iter 39: cpu_time_cuda = 0.019089
iter 39: gpu_time_cuda = 0.028227
iter 39: download_copy_time_cuda = 0.001197
iter 39: upload_copy_time_cuda = 0.001157
iter 39: per_iter_time_cuda = 0.050221

iter 40: cpu_time_pred = 0.018222
iter 40: gpu_time_pred = 0.011717
iter 40: slack_pred = 0.006505
iter 40: ratio_split_freq = 0.120722
iter 40: seconds_until_interrupt = 0.007764
iter 40: slack_cuda = -0.006453
iter 40: cpu_time_cuda = 0.018794
iter 40: gpu_time_cuda = 0.025247
iter 40: download_copy_time_cuda = 0.001091
iter 40: upload_copy_time_cuda = 0.001121
iter 40: per_iter_time_cuda = 0.046852

iter 41: cpu_time_pred = 0.017926
iter 41: gpu_time_pred = 0.011339
iter 41: slack_pred = 0.006587
iter 41: ratio_split_freq = 0.126321
iter 41: seconds_until_interrupt = 0.007862
iter 41: slack_cuda = -0.007787
iter 41: cpu_time_cuda = 0.018242
iter 41: gpu_time_cuda = 0.026030
iter 41: download_copy_time_cuda = 0.001105
iter 41: upload_copy_time_cuda = 0.001139
iter 41: per_iter_time_cuda = 0.048836

iter 42: cpu_time_pred = 0.017629
iter 42: gpu_time_pred = 0.010966
iter 42: slack_pred = 0.006662
iter 42: ratio_split_freq = 0.132109
iter 42: seconds_until_interrupt = 0.007952
iter 42: slack_cuda = -0.006356
iter 42: cpu_time_cuda = 0.018253
iter 42: gpu_time_cuda = 0.024609
iter 42: download_copy_time_cuda = 0.001070
iter 42: upload_copy_time_cuda = 0.001104
iter 42: per_iter_time_cuda = 0.045617

iter 43: cpu_time_pred = 0.017332
iter 43: gpu_time_pred = 0.010600
iter 43: slack_pred = 0.006732
iter 43: ratio_split_freq = 0.138094
iter 43: seconds_until_interrupt = 0.008035
iter 43: slack_cuda = -0.006080
iter 43: cpu_time_cuda = 0.017867
iter 43: gpu_time_cuda = 0.023946
iter 43: download_copy_time_cuda = 0.001058
iter 43: upload_copy_time_cuda = 0.001086
iter 43: per_iter_time_cuda = 0.044496

iter 44: cpu_time_pred = 0.017035
iter 44: gpu_time_pred = 0.010240
iter 44: slack_pred = 0.006795
iter 44: ratio_split_freq = 0.144288
iter 44: seconds_until_interrupt = 0.008110
iter 44: slack_cuda = -0.008110
iter 44: cpu_time_cuda = 0.017457
iter 44: gpu_time_cuda = 0.025567
iter 44: download_copy_time_cuda = 0.001028
iter 44: upload_copy_time_cuda = 0.001057
iter 44: per_iter_time_cuda = 0.045684

iter 45: cpu_time_pred = 0.016739
iter 45: gpu_time_pred = 0.009887
iter 45: slack_pred = 0.006852
iter 45: ratio_split_freq = 0.150702
iter 45: seconds_until_interrupt = 0.008178
iter 45: slack_cuda = -0.006616
iter 45: cpu_time_cuda = 0.017188
iter 45: gpu_time_cuda = 0.023804
iter 45: download_copy_time_cuda = 0.001024
iter 45: upload_copy_time_cuda = 0.001065
iter 45: per_iter_time_cuda = 0.043613

iter 46: cpu_time_pred = 0.016442
iter 46: gpu_time_pred = 0.009539
iter 46: slack_pred = 0.006903
iter 46: ratio_split_freq = 0.157348
iter 46: seconds_until_interrupt = 0.008239
iter 46: slack_cuda = -0.006642
iter 46: cpu_time_cuda = 0.016842
iter 46: gpu_time_cuda = 0.023485
iter 46: download_copy_time_cuda = 0.000992
iter 46: upload_copy_time_cuda = 0.001047
iter 46: per_iter_time_cuda = 0.042912

iter 47: cpu_time_pred = 0.016145
iter 47: gpu_time_pred = 0.009198
iter 47: slack_pred = 0.006947
iter 47: ratio_split_freq = 0.164237
iter 47: seconds_until_interrupt = 0.008292
iter 47: slack_cuda = -0.006296
iter 47: cpu_time_cuda = 0.016580
iter 47: gpu_time_cuda = 0.022876
iter 47: download_copy_time_cuda = 0.000975
iter 47: upload_copy_time_cuda = 0.001034
iter 47: per_iter_time_cuda = 0.041966

iter 48: cpu_time_pred = 0.015848
iter 48: gpu_time_pred = 0.008863
iter 48: slack_pred = 0.006985
iter 48: ratio_split_freq = 0.171385
iter 48: seconds_until_interrupt = 0.008337
iter 48: slack_cuda = -0.006822
iter 48: cpu_time_cuda = 0.016418
iter 48: gpu_time_cuda = 0.023240
iter 48: download_copy_time_cuda = 0.001075
iter 48: upload_copy_time_cuda = 0.001009
iter 48: per_iter_time_cuda = 0.042277

iter 49: cpu_time_pred = 0.015551
iter 49: gpu_time_pred = 0.008534
iter 49: slack_pred = 0.007017
iter 49: ratio_split_freq = 0.178806
iter 49: seconds_until_interrupt = 0.008376
iter 49: slack_cuda = -0.008630
iter 49: cpu_time_cuda = 0.016130
iter 49: gpu_time_cuda = 0.024760
iter 49: download_copy_time_cuda = 0.000957
iter 49: upload_copy_time_cuda = 0.001008
iter 49: per_iter_time_cuda = 0.043350

iter 50: cpu_time_pred = 0.015255
iter 50: gpu_time_pred = 0.008211
iter 50: slack_pred = 0.007043
iter 50: ratio_split_freq = 0.186515
iter 50: seconds_until_interrupt = 0.008406
iter 50: slack_cuda = -0.006683
iter 50: cpu_time_cuda = 0.015681
iter 50: gpu_time_cuda = 0.022365
iter 50: download_copy_time_cuda = 0.000951
iter 50: upload_copy_time_cuda = 0.001006
iter 50: per_iter_time_cuda = 0.040531

iter 51: cpu_time_pred = 0.014958
iter 51: gpu_time_pred = 0.007895
iter 51: slack_pred = 0.007063
iter 51: ratio_split_freq = 0.194530
iter 51: seconds_until_interrupt = 0.008430
iter 51: slack_cuda = -0.006637
iter 51: cpu_time_cuda = 0.015537
iter 51: gpu_time_cuda = 0.022174
iter 51: download_copy_time_cuda = 0.000917
iter 51: upload_copy_time_cuda = 0.000976
iter 51: per_iter_time_cuda = 0.040088

iter 52: cpu_time_pred = 0.014661
iter 52: gpu_time_pred = 0.007585
iter 52: slack_pred = 0.007076
iter 52: ratio_split_freq = 0.202870
iter 52: seconds_until_interrupt = 0.008446
iter 52: slack_cuda = -0.016014
iter 52: cpu_time_cuda = 0.015341
iter 52: gpu_time_cuda = 0.031356
iter 52: download_copy_time_cuda = 0.000906
iter 52: upload_copy_time_cuda = 0.000961
iter 52: per_iter_time_cuda = 0.049070

iter 53: cpu_time_pred = 0.014364
iter 53: gpu_time_pred = 0.007281
iter 53: slack_pred = 0.007083
iter 53: ratio_split_freq = 0.211554
iter 53: seconds_until_interrupt = 0.008454
iter 53: slack_cuda = -0.006746
iter 53: cpu_time_cuda = 0.014963
iter 53: gpu_time_cuda = 0.021709
iter 53: download_copy_time_cuda = 0.000918
iter 53: upload_copy_time_cuda = 0.000941
iter 53: per_iter_time_cuda = 0.039008

iter 54: cpu_time_pred = 0.014068
iter 54: gpu_time_pred = 0.006983
iter 54: slack_pred = 0.007084
iter 54: ratio_split_freq = 0.220605
iter 54: seconds_until_interrupt = 0.008456
iter 54: slack_cuda = -0.006776
iter 54: cpu_time_cuda = 0.014596
iter 54: gpu_time_cuda = 0.021372
iter 54: download_copy_time_cuda = 0.000895
iter 54: upload_copy_time_cuda = 0.000933
iter 54: per_iter_time_cuda = 0.038296

iter 55: cpu_time_pred = 0.013771
iter 55: gpu_time_pred = 0.006692
iter 55: slack_pred = 0.007079
iter 55: ratio_split_freq = 0.230046
iter 55: seconds_until_interrupt = 0.008449
iter 55: slack_cuda = -0.007954
iter 55: cpu_time_cuda = 0.014419
iter 55: gpu_time_cuda = 0.022373
iter 55: download_copy_time_cuda = 0.000899
iter 55: upload_copy_time_cuda = 0.000923
iter 55: per_iter_time_cuda = 0.039079

iter 56: cpu_time_pred = 0.013474
iter 56: gpu_time_pred = 0.006406
iter 56: slack_pred = 0.007068
iter 56: ratio_split_freq = 0.239903
iter 56: seconds_until_interrupt = 0.008436
iter 56: slack_cuda = -0.006660
iter 56: cpu_time_cuda = 0.014145
iter 56: gpu_time_cuda = 0.020805
iter 56: download_copy_time_cuda = 0.000871
iter 56: upload_copy_time_cuda = 0.000898
iter 56: per_iter_time_cuda = 0.037210

iter 57: cpu_time_pred = 0.013177
iter 57: gpu_time_pred = 0.006127
iter 57: slack_pred = 0.007050
iter 57: ratio_split_freq = 0.250203
iter 57: seconds_until_interrupt = 0.008415
iter 57: slack_cuda = -0.006687
iter 57: cpu_time_cuda = 0.013839
iter 57: gpu_time_cuda = 0.020526
iter 57: download_copy_time_cuda = 0.000667
iter 57: upload_copy_time_cuda = 0.000684
iter 57: per_iter_time_cuda = 0.036171

iter 58: cpu_time_pred = 0.012880
iter 58: gpu_time_pred = 0.005854
iter 58: slack_pred = 0.007026
iter 58: ratio_split_freq = 0.260979
iter 58: seconds_until_interrupt = 0.008386
iter 58: slack_cuda = -0.011975
iter 58: cpu_time_cuda = 0.013371
iter 58: gpu_time_cuda = 0.025346
iter 58: download_copy_time_cuda = 0.000632
iter 58: upload_copy_time_cuda = 0.000672
iter 58: per_iter_time_cuda = 0.040508

iter 59: cpu_time_pred = 0.012584
iter 59: gpu_time_pred = 0.005588
iter 59: slack_pred = 0.006996
iter 59: ratio_split_freq = 0.272263
iter 59: seconds_until_interrupt = 0.008350
iter 59: slack_cuda = -0.006344
iter 59: cpu_time_cuda = 0.013165
iter 59: gpu_time_cuda = 0.019508
iter 59: download_copy_time_cuda = 0.000624
iter 59: upload_copy_time_cuda = 0.000661
iter 59: per_iter_time_cuda = 0.034409

iter 60: cpu_time_pred = 0.012287
iter 60: gpu_time_pred = 0.005327
iter 60: slack_pred = 0.006960
iter 60: ratio_split_freq = 0.284091
iter 60: seconds_until_interrupt = 0.008307
iter 60: slack_cuda = -0.006763
iter 60: cpu_time_cuda = 0.012777
iter 60: gpu_time_cuda = 0.019540
iter 60: download_copy_time_cuda = 0.000611
iter 60: upload_copy_time_cuda = 0.000639
iter 60: per_iter_time_cuda = 0.034042

iter 61: cpu_time_pred = 0.011990
iter 61: gpu_time_pred = 0.005073
iter 61: slack_pred = 0.006917
iter 61: ratio_split_freq = 0.296506
iter 61: seconds_until_interrupt = 0.008256
iter 61: slack_cuda = -0.009224
iter 61: cpu_time_cuda = 0.012436
iter 61: gpu_time_cuda = 0.021661
iter 61: download_copy_time_cuda = 0.000593
iter 61: upload_copy_time_cuda = 0.000633
iter 61: per_iter_time_cuda = 0.035766

iter 62: cpu_time_pred = 0.011693
iter 62: gpu_time_pred = 0.004825
iter 62: slack_pred = 0.006868
iter 62: ratio_split_freq = 0.309550
iter 62: seconds_until_interrupt = 0.008198
iter 62: slack_cuda = -0.006918
iter 62: cpu_time_cuda = 0.012141
iter 62: gpu_time_cuda = 0.019059
iter 62: download_copy_time_cuda = 0.000579
iter 62: upload_copy_time_cuda = 0.000611
iter 62: per_iter_time_cuda = 0.032852

iter 63: cpu_time_pred = 0.011396
iter 63: gpu_time_pred = 0.004583
iter 63: slack_pred = 0.006813
iter 63: ratio_split_freq = 0.323274
iter 63: seconds_until_interrupt = 0.008132
iter 63: slack_cuda = -0.006547
iter 63: cpu_time_cuda = 0.011972
iter 63: gpu_time_cuda = 0.018519
iter 63: download_copy_time_cuda = 0.000566
iter 63: upload_copy_time_cuda = 0.000606
iter 63: per_iter_time_cuda = 0.032107

iter 64: cpu_time_pred = 0.011100
iter 64: gpu_time_pred = 0.004347
iter 64: slack_pred = 0.006752
iter 64: ratio_split_freq = 0.337732
iter 64: seconds_until_interrupt = 0.008059
iter 64: slack_cuda = -0.007132
iter 64: cpu_time_cuda = 0.011609
iter 64: gpu_time_cuda = 0.018741
iter 64: download_copy_time_cuda = 0.000575
iter 64: upload_copy_time_cuda = 0.000585
iter 64: per_iter_time_cuda = 0.031964

iter 65: cpu_time_pred = 0.010803
iter 65: gpu_time_pred = 0.004118
iter 65: slack_pred = 0.006685
iter 65: ratio_split_freq = 0.352985
iter 65: seconds_until_interrupt = 0.007979
iter 65: slack_cuda = -0.008148
iter 65: cpu_time_cuda = 0.011404
iter 65: gpu_time_cuda = 0.019552
iter 65: download_copy_time_cuda = 0.000546
iter 65: upload_copy_time_cuda = 0.000578
iter 65: per_iter_time_cuda = 0.032498

iter 66: cpu_time_pred = 0.010506
iter 66: gpu_time_pred = 0.003895
iter 66: slack_pred = 0.006611
iter 66: ratio_split_freq = 0.369099
iter 66: seconds_until_interrupt = 0.007891
iter 66: slack_cuda = -0.007048
iter 66: cpu_time_cuda = 0.010980
iter 66: gpu_time_cuda = 0.018028
iter 66: download_copy_time_cuda = 0.000544
iter 66: upload_copy_time_cuda = 0.000560
iter 66: per_iter_time_cuda = 0.030550

iter 67: cpu_time_pred = 0.010209
iter 67: gpu_time_pred = 0.003678
iter 67: slack_pred = 0.006531
iter 67: ratio_split_freq = 0.386150
iter 67: seconds_until_interrupt = 0.007796
iter 67: slack_cuda = -0.006704
iter 67: cpu_time_cuda = 0.010876
iter 67: gpu_time_cuda = 0.017580
iter 67: download_copy_time_cuda = 0.000512
iter 67: upload_copy_time_cuda = 0.000544
iter 67: per_iter_time_cuda = 0.029928

iter 68: cpu_time_pred = 0.009913
iter 68: gpu_time_pred = 0.003467
iter 68: slack_pred = 0.006445
iter 68: ratio_split_freq = 0.404221
iter 68: seconds_until_interrupt = 0.007693
iter 68: slack_cuda = -0.007062
iter 68: cpu_time_cuda = 0.010414
iter 68: gpu_time_cuda = 0.017476
iter 68: download_copy_time_cuda = 0.000512
iter 68: upload_copy_time_cuda = 0.000528
iter 68: per_iter_time_cuda = 0.029766

iter 69: cpu_time_pred = 0.009616
iter 69: gpu_time_pred = 0.003263
iter 69: slack_pred = 0.006353
iter 69: ratio_split_freq = 0.423409
iter 69: seconds_until_interrupt = 0.007583
iter 69: slack_cuda = -0.006911
iter 69: cpu_time_cuda = 0.010130
iter 69: gpu_time_cuda = 0.017041
iter 69: download_copy_time_cuda = 0.000492
iter 69: upload_copy_time_cuda = 0.000513
iter 69: per_iter_time_cuda = 0.028606

iter 70: cpu_time_pred = 0.009319
iter 70: gpu_time_pred = 0.003064
iter 70: slack_pred = 0.006255
iter 70: ratio_split_freq = 0.443819
iter 70: seconds_until_interrupt = 0.007465
iter 70: slack_cuda = -0.006842
iter 70: cpu_time_cuda = 0.010001
iter 70: gpu_time_cuda = 0.016843
iter 70: download_copy_time_cuda = 0.000477
iter 70: upload_copy_time_cuda = 0.000502
iter 70: per_iter_time_cuda = 0.028480

iter 71: cpu_time_pred = 0.009022
iter 71: gpu_time_pred = 0.002872
iter 71: slack_pred = 0.006150
iter 71: ratio_split_freq = 0.465571
iter 71: seconds_until_interrupt = 0.007340
iter 71: slack_cuda = -0.006807
iter 71: cpu_time_cuda = 0.009659
iter 71: gpu_time_cuda = 0.016467
iter 71: download_copy_time_cuda = 0.000478
iter 71: upload_copy_time_cuda = 0.000492
iter 71: per_iter_time_cuda = 0.028073

iter 72: cpu_time_pred = 0.008725
iter 72: gpu_time_pred = 0.002687
iter 72: slack_pred = 0.006039
iter 72: ratio_split_freq = 0.488803
iter 72: seconds_until_interrupt = 0.007208
iter 72: slack_cuda = -0.007266
iter 72: cpu_time_cuda = 0.009029
iter 72: gpu_time_cuda = 0.016296
iter 72: download_copy_time_cuda = 0.000469
iter 72: upload_copy_time_cuda = 0.000471
iter 72: per_iter_time_cuda = 0.027828

iter 73: cpu_time_pred = 0.008429
iter 73: gpu_time_pred = 0.002507
iter 73: slack_pred = 0.005922
iter 73: ratio_split_freq = 0.513671
iter 73: seconds_until_interrupt = 0.007068
iter 73: slack_cuda = -0.007370
iter 73: cpu_time_cuda = 0.008973
iter 73: gpu_time_cuda = 0.016343
iter 73: download_copy_time_cuda = 0.000436
iter 73: upload_copy_time_cuda = 0.000460
iter 73: per_iter_time_cuda = 0.027315

iter 74: cpu_time_pred = 0.008132
iter 74: gpu_time_pred = 0.002333
iter 74: slack_pred = 0.005798
iter 74: ratio_split_freq = 0.540354
iter 74: seconds_until_interrupt = 0.006921
iter 74: slack_cuda = -0.007201
iter 74: cpu_time_cuda = 0.008496
iter 74: gpu_time_cuda = 0.015698
iter 74: download_copy_time_cuda = 0.000419
iter 74: upload_copy_time_cuda = 0.000462
iter 74: per_iter_time_cuda = 0.026619

iter 75: cpu_time_pred = 0.007835
iter 75: gpu_time_pred = 0.002166
iter 75: slack_pred = 0.005669
iter 75: ratio_split_freq = 0.569059
iter 75: seconds_until_interrupt = 0.006766
iter 75: slack_cuda = -0.006962
iter 75: cpu_time_cuda = 0.008228
iter 75: gpu_time_cuda = 0.015190
iter 75: download_copy_time_cuda = 0.000415
iter 75: upload_copy_time_cuda = 0.000451
iter 75: per_iter_time_cuda = 0.026118

iter 76: cpu_time_pred = 0.007538
iter 76: gpu_time_pred = 0.002005
iter 76: slack_pred = 0.005533
iter 76: ratio_split_freq = 0.600024
iter 76: seconds_until_interrupt = 0.006604
iter 76: slack_cuda = -0.007211
iter 76: cpu_time_cuda = 0.007902
iter 76: gpu_time_cuda = 0.015114
iter 76: download_copy_time_cuda = 0.000407
iter 76: upload_copy_time_cuda = 0.000446
iter 76: per_iter_time_cuda = 0.025568

iter 77: cpu_time_pred = 0.007242
iter 77: gpu_time_pred = 0.001850
iter 77: slack_pred = 0.005391
iter 77: ratio_split_freq = 0.633527
iter 77: seconds_until_interrupt = 0.006435
iter 77: slack_cuda = -0.013040
iter 77: cpu_time_cuda = 0.007657
iter 77: gpu_time_cuda = 0.020697
iter 77: download_copy_time_cuda = 0.000383
iter 77: upload_copy_time_cuda = 0.000441
iter 77: per_iter_time_cuda = 0.031147

iter 78: cpu_time_pred = 0.006945
iter 78: gpu_time_pred = 0.001702
iter 78: slack_pred = 0.005243
iter 78: ratio_split_freq = 0.669894
iter 78: seconds_until_interrupt = 0.006258
iter 78: slack_cuda = -0.007330
iter 78: cpu_time_cuda = 0.007178
iter 78: gpu_time_cuda = 0.014508
iter 78: download_copy_time_cuda = 0.000387
iter 78: upload_copy_time_cuda = 0.000444
iter 78: per_iter_time_cuda = 0.024621

iter 79: cpu_time_pred = 0.006648
iter 79: gpu_time_pred = 0.001560
iter 79: slack_pred = 0.005088
iter 79: ratio_split_freq = 0.709507
iter 79: seconds_until_interrupt = 0.006073
iter 79: slack_cuda = -0.006611
iter 79: cpu_time_cuda = 0.007035
iter 79: gpu_time_cuda = 0.013645
iter 79: download_copy_time_cuda = 0.000354
iter 79: upload_copy_time_cuda = 0.000446
iter 79: per_iter_time_cuda = 0.024065

iter 80: cpu_time_pred = 0.006351
iter 80: gpu_time_pred = 0.001423
iter 80: slack_pred = 0.004928
iter 80: ratio_split_freq = 0.752823
iter 80: seconds_until_interrupt = 0.005882
iter 80: slack_cuda = -0.007277
iter 80: cpu_time_cuda = 0.006652
iter 80: gpu_time_cuda = 0.013929
iter 80: download_copy_time_cuda = 0.000345
iter 80: upload_copy_time_cuda = 0.000439
iter 80: per_iter_time_cuda = 0.023628

iter 81: cpu_time_pred = 0.006054
iter 81: gpu_time_pred = 0.001293
iter 81: slack_pred = 0.004761
iter 81: ratio_split_freq = 0.800386
iter 81: seconds_until_interrupt = 0.005682
iter 81: slack_cuda = -0.006789
iter 81: cpu_time_cuda = 0.006380
iter 81: gpu_time_cuda = 0.013169
iter 81: download_copy_time_cuda = 0.000332
iter 81: upload_copy_time_cuda = 0.000440
iter 81: per_iter_time_cuda = 0.032831

iter 82: cpu_time_pred = 0.005758
iter 82: gpu_time_pred = 0.001170
iter 82: slack_pred = 0.004588
iter 82: ratio_split_freq = 0.852852
iter 82: seconds_until_interrupt = 0.005476
iter 82: slack_cuda = -0.006229
iter 82: cpu_time_cuda = 0.006077
iter 82: gpu_time_cuda = 0.012306
iter 82: download_copy_time_cuda = 0.000315
iter 82: upload_copy_time_cuda = 0.000436
iter 82: per_iter_time_cuda = 0.022465

iter 83: cpu_time_pred = 0.005461
iter 83: gpu_time_pred = 0.001052
iter 83: slack_pred = 0.004409
iter 83: ratio_split_freq = 0.911020
iter 83: seconds_until_interrupt = 0.005262
iter 83: slack_cuda = -0.005373
iter 83: cpu_time_cuda = 0.005886
iter 83: gpu_time_cuda = 0.011259
iter 83: download_copy_time_cuda = 0.000318
iter 83: upload_copy_time_cuda = 0.000429
iter 83: per_iter_time_cuda = 0.022208

iter 84: cpu_time_pred = 0.005164
iter 84: gpu_time_pred = 0.000941
iter 84: slack_pred = 0.004223
iter 84: ratio_split_freq = 0.975875
iter 84: seconds_until_interrupt = 0.005040
iter 84: slack_cuda = -0.005713
iter 84: cpu_time_cuda = 0.005512
iter 84: gpu_time_cuda = 0.011224
iter 84: download_copy_time_cuda = 0.000308
iter 84: upload_copy_time_cuda = 0.000420
iter 84: per_iter_time_cuda = 0.021574

iter 85: cpu_time_pred = 0.004867
iter 85: gpu_time_pred = 0.000836
iter 85: slack_pred = 0.004031
iter 85: ratio_split_freq = 1.048639
iter 85: seconds_until_interrupt = 0.004812
iter 85: slack_cuda = -0.005122
iter 85: cpu_time_cuda = 0.005377
iter 85: gpu_time_cuda = 0.010499
iter 85: download_copy_time_cuda = 0.000269
iter 85: upload_copy_time_cuda = 0.000427
iter 85: per_iter_time_cuda = 0.021145

iter 86: cpu_time_pred = 0.004570
iter 86: gpu_time_pred = 0.000737
iter 86: slack_pred = 0.003833
iter 86: ratio_split_freq = 1.130852
iter 86: seconds_until_interrupt = 0.004575
iter 86: slack_cuda = -0.005026
iter 86: cpu_time_cuda = 0.005009
iter 86: gpu_time_cuda = 0.010035
iter 86: download_copy_time_cuda = 0.000265
iter 86: upload_copy_time_cuda = 0.000426
iter 86: per_iter_time_cuda = 0.029653

iter 87: cpu_time_pred = 0.004274
iter 87: gpu_time_pred = 0.000644
iter 87: slack_pred = 0.003629
iter 87: ratio_split_freq = 1.224485
iter 87: seconds_until_interrupt = 0.004332
iter 87: slack_cuda = -0.004549
iter 87: cpu_time_cuda = 0.004633
iter 87: gpu_time_cuda = 0.009181
iter 87: download_copy_time_cuda = 0.000243
iter 87: upload_copy_time_cuda = 0.000424
iter 87: per_iter_time_cuda = 0.019820

iter 88: cpu_time_pred = 0.003977
iter 88: gpu_time_pred = 0.000558
iter 88: slack_pred = 0.003419
iter 88: ratio_split_freq = 1.332092
iter 88: seconds_until_interrupt = 0.004081
iter 88: slack_cuda = -0.004466
iter 88: cpu_time_cuda = 0.004310
iter 88: gpu_time_cuda = 0.008776
iter 88: download_copy_time_cuda = 0.000226
iter 88: upload_copy_time_cuda = 0.000417
iter 88: per_iter_time_cuda = 0.019012

iter 89: cpu_time_pred = 0.003680
iter 89: gpu_time_pred = 0.000478
iter 89: slack_pred = 0.003202
iter 89: ratio_split_freq = 1.457055
iter 89: seconds_until_interrupt = 0.003822
iter 89: slack_cuda = -0.004272
iter 89: cpu_time_cuda = 0.004004
iter 89: gpu_time_cuda = 0.008277
iter 89: download_copy_time_cuda = 0.000214
iter 89: upload_copy_time_cuda = 0.000419
iter 89: per_iter_time_cuda = 0.018345

iter 90: cpu_time_pred = 0.003383
iter 90: gpu_time_pred = 0.000404
iter 90: slack_pred = 0.002979
iter 90: ratio_split_freq = 1.603942
iter 90: seconds_until_interrupt = 0.003556
iter 90: slack_cuda = 0.001070
iter 90: cpu_time_cuda = 0.008929
iter 90: gpu_time_cuda = 0.007859
iter 90: download_copy_time_cuda = 0.000208
iter 90: upload_copy_time_cuda = 0.000421
iter 90: per_iter_time_cuda = 0.017724

iter 91: cpu_time_pred = 0.003087
iter 91: gpu_time_pred = 0.000336
iter 91: slack_pred = 0.002750
iter 91: ratio_split_freq = 1.779076
iter 91: seconds_until_interrupt = 0.003283
iter 91: slack_cuda = 0.001903
iter 91: cpu_time_cuda = 0.008861
iter 91: gpu_time_cuda = 0.006957
iter 91: download_copy_time_cuda = 0.000193
iter 91: upload_copy_time_cuda = 0.000412
iter 91: per_iter_time_cuda = 0.016720

iter 92: cpu_time_pred = 0.002790
iter 92: gpu_time_pred = 0.000275
iter 92: slack_pred = 0.002515
iter 92: ratio_split_freq = 1.991472
iter 92: seconds_until_interrupt = 0.003002
iter 92: slack_cuda = 0.008356
iter 92: cpu_time_cuda = 0.016344
iter 92: gpu_time_cuda = 0.007988
iter 92: download_copy_time_cuda = 0.000183
iter 92: upload_copy_time_cuda = 0.000413
iter 92: per_iter_time_cuda = 0.025228

iter 93: cpu_time_pred = 0.002493
iter 93: gpu_time_pred = 0.000219
iter 93: slack_pred = 0.002274
iter 93: ratio_split_freq = 2.254439
iter 93: seconds_until_interrupt = 0.002714
iter 93: slack_cuda = 0.001453
iter 93: cpu_time_cuda = 0.008197
iter 93: gpu_time_cuda = 0.006744
iter 93: download_copy_time_cuda = 0.000169
iter 93: upload_copy_time_cuda = 0.000409
iter 93: per_iter_time_cuda = 0.015809

iter 94: cpu_time_pred = 0.002196
iter 94: gpu_time_pred = 0.000170
iter 94: slack_pred = 0.002026
iter 94: ratio_split_freq = 2.588479
iter 94: seconds_until_interrupt = 0.002418
iter 94: slack_cuda = 0.001581
iter 94: cpu_time_cuda = 0.007957
iter 94: gpu_time_cuda = 0.006376
iter 94: download_copy_time_cuda = 0.000153
iter 94: upload_copy_time_cuda = 0.000397
iter 94: per_iter_time_cuda = 0.015171

iter 95: cpu_time_pred = 0.001899
iter 95: gpu_time_pred = 0.000127
iter 95: slack_pred = 0.001772
iter 95: ratio_split_freq = 3.026905
iter 95: seconds_until_interrupt = 0.002115
iter 95: slack_cuda = 0.001550
iter 95: cpu_time_cuda = 0.007598
iter 95: gpu_time_cuda = 0.006048
iter 95: download_copy_time_cuda = 0.000150
iter 95: upload_copy_time_cuda = 0.000409
iter 95: per_iter_time_cuda = 0.014483

iter 96: cpu_time_pred = 0.001603
iter 96: gpu_time_pred = 0.000091
iter 96: slack_pred = 0.001512
iter 96: ratio_split_freq = 3.627712
iter 96: seconds_until_interrupt = 0.001805
iter 96: slack_cuda = 0.001461
iter 96: cpu_time_cuda = 0.007434
iter 96: gpu_time_cuda = 0.005973
iter 96: download_copy_time_cuda = 0.000144
iter 96: upload_copy_time_cuda = 0.000398
iter 96: per_iter_time_cuda = 0.014233

iter 97: cpu_time_pred = 0.001306
iter 97: gpu_time_pred = 0.000060
iter 97: slack_pred = 0.001246
iter 97: ratio_split_freq = 4.501613
iter 97: seconds_until_interrupt = 0.001487
iter 97: slack_cuda = 0.001256
iter 97: cpu_time_cuda = 0.006942
iter 97: gpu_time_cuda = 0.005686
iter 97: download_copy_time_cuda = 0.000143
iter 97: upload_copy_time_cuda = 0.000403
iter 97: per_iter_time_cuda = 0.013442

iter 98: cpu_time_pred = 0.001009
iter 98: gpu_time_pred = 0.000036
iter 98: slack_pred = 0.000973
iter 98: ratio_split_freq = 5.889573
iter 98: seconds_until_interrupt = 0.001161
iter 98: slack_cuda = 0.001258
iter 98: cpu_time_cuda = 0.006721
iter 98: gpu_time_cuda = 0.005463
iter 98: download_copy_time_cuda = 0.000127
iter 98: upload_copy_time_cuda = 0.000394
iter 98: per_iter_time_cuda = 0.012974

iter 99: cpu_time_pred = 0.000712
iter 99: gpu_time_pred = 0.000018
iter 99: slack_pred = 0.000694
iter 99: ratio_split_freq = 8.434166
iter 99: seconds_until_interrupt = 0.000829
iter 99: slack_cuda = -0.004123
iter 99: cpu_time_cuda = 0.001247
iter 99: gpu_time_cuda = 0.005371
iter 99: download_copy_time_cuda = 0.000115
iter 99: upload_copy_time_cuda = 0.000386
iter 99: per_iter_time_cuda = 0.012602

iter 100: cpu_time_pred = 0.000415
iter 100: gpu_time_pred = 0.000006
iter 100: slack_pred = 0.000409
iter 100: ratio_split_freq = 14.613894
iter 100: seconds_until_interrupt = 0.000489
iter 100: slack_cuda = -0.016836
iter 100: cpu_time_cuda = 0.000693
iter 100: gpu_time_cuda = 0.017529
iter 100: download_copy_time_cuda = 0.000100
iter 100: upload_copy_time_cuda = 0.000387
iter 100: per_iter_time_cuda = 0.025137

iter 101: cpu_time_pred = 0.000119
iter 101: gpu_time_pred = 0.000000
iter 101: slack_pred = 0.000118
iter 101: ratio_split_freq = 51.692257
iter 101: seconds_until_interrupt = 0.000141
iter 101: slack_cuda = -0.004893
iter 101: cpu_time_cuda = 0.000392
iter 101: gpu_time_cuda = 0.005285
iter 101: download_copy_time_cuda = 0.000089
iter 101: upload_copy_time_cuda = 0.000384
iter 101: per_iter_time_cuda = 0.011166

total_slack_overflow = -1.337824
total_cpu_time_cuda = 1.606691
total_gpu_time_cuda = 2.924628
total_copy_time_cuda = 0.211802
main_loop_time_cuda = 4.902080
Normalized difference of predicted CPU runtime per iteration is: 0.000000%
Normalized difference of predicted GPU runtime per iteration is: 0.000000%
Normalized difference of predicted slack per iteration is: 0.000000%
10240 10240     ---   (  ---  )    137.50 (   5.21)     ---   
total_time = 9.029918
7.10user 1.90system 0:10.70elapsed 84%CPU (0avgtext+0avgdata 972924maxresident)k
3928inputs+0outputs (1major+225543minor)pagefaults 0swaps
send out message: 22 3 log
