send out message: 24 37 /home/lchen/MAGMA/magma-1.6.1/results
send out message: 20 26 MAGMA_LU_GPUDVFS.total.pwr
MAGMA 1.6.1  compiled for CUDA capability >= 3.0
CUDA runtime 5000, driver 6050. MAGMA not compiled with OpenMP. 
ndevices 1
device 0: Tesla K20c, 705.5 MHz clock, 4799.6 MB memory, capability 3.5
Usage: /home/lchen/MAGMA/magma-1.6.1/testing/testing_dgeqrf [options] [-h|--help]

ngpu 1
    M     N   CPU GFlop/s (sec)   GPU GFlop/s (sec)   |R - Q^H*A|   |I - Q^H*Q|
===============================================================================
init_time = 2.804253
iter 0: cpu_time_cuda = 0.000002
iter 0: gpu_time1_cuda = 0.000000
iter 0: gpu_time2_cuda = 0.003818
iter 0: upload_copy_time1_cuda = 0.001630
iter 0: download_copy_time_cuda = 0.000000
iter 0: upload_copy_time2_cuda = 0.000074
iter 0: download_copy_time_cuda = 0.000000

iter 1: cpu_time_cuda = 0.109659
iter 1: gpu_time1_cuda = 0.058603
iter 1: gpu_time2_cuda = 0.003755
iter 1: upload_copy_time1_cuda = 0.001586
iter 1: download_copy_time_cuda = 0.001517
iter 1: upload_copy_time2_cuda = 0.000065
iter 1: download_copy_time_cuda = 0.000073

iter 2: cpu_time_cuda = 0.108342
iter 2: gpu_time1_cuda = 0.055855
iter 2: gpu_time2_cuda = 0.003689
iter 2: upload_copy_time1_cuda = 0.001567
iter 2: download_copy_time_cuda = 0.001492
iter 2: upload_copy_time2_cuda = 0.000068
iter 2: download_copy_time_cuda = 0.000082

iter 3: cpu_time_cuda = 0.107356
iter 3: gpu_time1_cuda = 0.053828
iter 3: gpu_time2_cuda = 0.003664
iter 3: upload_copy_time1_cuda = 0.001557
iter 3: download_copy_time_cuda = 0.001474
iter 3: upload_copy_time2_cuda = 0.000070
iter 3: download_copy_time_cuda = 0.000111

iter 4: cpu_time_cuda = 0.105656
iter 4: gpu_time1_cuda = 0.054526
iter 4: gpu_time2_cuda = 0.003626
iter 4: upload_copy_time1_cuda = 0.001538
iter 4: download_copy_time_cuda = 0.001459
iter 4: upload_copy_time2_cuda = 0.000065
iter 4: download_copy_time_cuda = 0.000109

iter 5: cpu_time_cuda = 0.104240
iter 5: gpu_time1_cuda = 0.051717
iter 5: gpu_time2_cuda = 0.003577
iter 5: upload_copy_time1_cuda = 0.001509
iter 5: download_copy_time_cuda = 0.001433
iter 5: upload_copy_time2_cuda = 0.000067
iter 5: download_copy_time_cuda = 0.000119

iter 6: cpu_time_cuda = 0.103690
iter 6: gpu_time1_cuda = 0.051095
iter 6: gpu_time2_cuda = 0.003526
iter 6: upload_copy_time1_cuda = 0.001502
iter 6: download_copy_time_cuda = 0.001413
iter 6: upload_copy_time2_cuda = 0.000065
iter 6: download_copy_time_cuda = 0.000123

iter 7: cpu_time_cuda = 0.101768
iter 7: gpu_time1_cuda = 0.049558
iter 7: gpu_time2_cuda = 0.003500
iter 7: upload_copy_time1_cuda = 0.001480
iter 7: download_copy_time_cuda = 0.001403
iter 7: upload_copy_time2_cuda = 0.000066
iter 7: download_copy_time_cuda = 0.000140

iter 8: cpu_time_cuda = 0.100408
iter 8: gpu_time1_cuda = 0.049842
iter 8: gpu_time2_cuda = 0.003445
iter 8: upload_copy_time1_cuda = 0.001461
iter 8: download_copy_time_cuda = 0.001370
iter 8: upload_copy_time2_cuda = 0.000065
iter 8: download_copy_time_cuda = 0.000161

iter 9: cpu_time_cuda = 0.099303
iter 9: gpu_time1_cuda = 0.046780
iter 9: gpu_time2_cuda = 0.003393
iter 9: upload_copy_time1_cuda = 0.001442
iter 9: download_copy_time_cuda = 0.001370
iter 9: upload_copy_time2_cuda = 0.000067
iter 9: download_copy_time_cuda = 0.000175

iter 10: cpu_time_cuda = 0.097985
iter 10: gpu_time1_cuda = 0.047255
iter 10: gpu_time2_cuda = 0.003353
iter 10: upload_copy_time1_cuda = 0.001422
iter 10: download_copy_time_cuda = 0.001360
iter 10: upload_copy_time2_cuda = 0.000065
iter 10: download_copy_time_cuda = 0.000187

iter 11: cpu_time_cuda = 0.096708
iter 11: gpu_time1_cuda = 0.045149
iter 11: gpu_time2_cuda = 0.003317
iter 11: upload_copy_time1_cuda = 0.001399
iter 11: download_copy_time_cuda = 0.001328
iter 11: upload_copy_time2_cuda = 0.000067
iter 11: download_copy_time_cuda = 0.000204

iter 12: cpu_time_cuda = 0.095496
iter 12: gpu_time1_cuda = 0.045613
iter 12: gpu_time2_cuda = 0.003276
iter 12: upload_copy_time1_cuda = 0.001381
iter 12: download_copy_time_cuda = 0.001309
iter 12: upload_copy_time2_cuda = 0.000065
iter 12: download_copy_time_cuda = 0.000220

iter 13: cpu_time_cuda = 0.094096
iter 13: gpu_time1_cuda = 0.043273
iter 13: gpu_time2_cuda = 0.003231
iter 13: upload_copy_time1_cuda = 0.001379
iter 13: download_copy_time_cuda = 0.001292
iter 13: upload_copy_time2_cuda = 0.000073
iter 13: download_copy_time_cuda = 0.000236

iter 14: cpu_time_cuda = 0.092809
iter 14: gpu_time1_cuda = 0.043430
iter 14: gpu_time2_cuda = 0.003181
iter 14: upload_copy_time1_cuda = 0.001343
iter 14: download_copy_time_cuda = 0.001278
iter 14: upload_copy_time2_cuda = 0.000065
iter 14: download_copy_time_cuda = 0.000255

iter 15: cpu_time_cuda = 0.091460
iter 15: gpu_time1_cuda = 0.039089
iter 15: gpu_time2_cuda = 0.003153
iter 15: upload_copy_time1_cuda = 0.001325
iter 15: download_copy_time_cuda = 0.001264
iter 15: upload_copy_time2_cuda = 0.000065
iter 15: download_copy_time_cuda = 0.000270

iter 16: cpu_time_cuda = 0.090109
iter 16: gpu_time1_cuda = 0.039176
iter 16: gpu_time2_cuda = 0.003092
iter 16: upload_copy_time1_cuda = 0.001327
iter 16: download_copy_time_cuda = 0.001245
iter 16: upload_copy_time2_cuda = 0.000060
iter 16: download_copy_time_cuda = 0.000286

iter 17: cpu_time_cuda = 0.088662
iter 17: gpu_time1_cuda = 0.037863
iter 17: gpu_time2_cuda = 0.003070
iter 17: upload_copy_time1_cuda = 0.001297
iter 17: download_copy_time_cuda = 0.001223
iter 17: upload_copy_time2_cuda = 0.000066
iter 17: download_copy_time_cuda = 0.000314

iter 18: cpu_time_cuda = 0.087363
iter 18: gpu_time1_cuda = 0.037335
iter 18: gpu_time2_cuda = 0.003013
iter 18: upload_copy_time1_cuda = 0.001280
iter 18: download_copy_time_cuda = 0.001214
iter 18: upload_copy_time2_cuda = 0.000065
iter 18: download_copy_time_cuda = 0.000328

iter 19: cpu_time_cuda = 0.086067
iter 19: gpu_time1_cuda = 0.035702
iter 19: gpu_time2_cuda = 0.002985
iter 19: upload_copy_time1_cuda = 0.001257
iter 19: download_copy_time_cuda = 0.001194
iter 19: upload_copy_time2_cuda = 0.000064
iter 19: download_copy_time_cuda = 0.000343

iter 20: cpu_time_cuda = 0.084711
iter 20: gpu_time1_cuda = 0.035562
iter 20: gpu_time2_cuda = 0.002952
iter 20: upload_copy_time1_cuda = 0.001236
iter 20: download_copy_time_cuda = 0.001180
iter 20: upload_copy_time2_cuda = 0.000065
iter 20: download_copy_time_cuda = 0.000361

iter 21: cpu_time_cuda = 0.083485
iter 21: gpu_time1_cuda = 0.034332
iter 21: gpu_time2_cuda = 0.002896
iter 21: upload_copy_time1_cuda = 0.001215
iter 21: download_copy_time_cuda = 0.001157
iter 21: upload_copy_time2_cuda = 0.000068
iter 21: download_copy_time_cuda = 0.000376

iter 22: cpu_time_cuda = 0.082204
iter 22: gpu_time1_cuda = 0.033390
iter 22: gpu_time2_cuda = 0.002853
iter 22: upload_copy_time1_cuda = 0.001207
iter 22: download_copy_time_cuda = 0.001152
iter 22: upload_copy_time2_cuda = 0.000060
iter 22: download_copy_time_cuda = 0.000390

iter 23: cpu_time_cuda = 0.080879
iter 23: gpu_time1_cuda = 0.032145
iter 23: gpu_time2_cuda = 0.002827
iter 23: upload_copy_time1_cuda = 0.001175
iter 23: download_copy_time_cuda = 0.001118
iter 23: upload_copy_time2_cuda = 0.000064
iter 23: download_copy_time_cuda = 0.000407

iter 24: cpu_time_cuda = 0.079638
iter 24: gpu_time1_cuda = 0.032059
iter 24: gpu_time2_cuda = 0.002776
iter 24: upload_copy_time1_cuda = 0.001157
iter 24: download_copy_time_cuda = 0.001102
iter 24: upload_copy_time2_cuda = 0.000063
iter 24: download_copy_time_cuda = 0.000424

iter 25: cpu_time_cuda = 0.078444
iter 25: gpu_time1_cuda = 0.030818
iter 25: gpu_time2_cuda = 0.002747
iter 25: upload_copy_time1_cuda = 0.001138
iter 25: download_copy_time_cuda = 0.001088
iter 25: upload_copy_time2_cuda = 0.000065
iter 25: download_copy_time_cuda = 0.000453

iter 26: cpu_time_cuda = 0.077085
iter 26: gpu_time1_cuda = 0.030215
iter 26: gpu_time2_cuda = 0.002665
iter 26: upload_copy_time1_cuda = 0.001128
iter 26: download_copy_time_cuda = 0.001075
iter 26: upload_copy_time2_cuda = 0.000064
iter 26: download_copy_time_cuda = 0.000465

iter 27: cpu_time_cuda = 0.076080
iter 27: gpu_time1_cuda = 0.029332
iter 27: gpu_time2_cuda = 0.002633
iter 27: upload_copy_time1_cuda = 0.001109
iter 27: download_copy_time_cuda = 0.001065
iter 27: upload_copy_time2_cuda = 0.000064
iter 27: download_copy_time_cuda = 0.000482

iter 28: cpu_time_cuda = 0.074554
iter 28: gpu_time1_cuda = 0.028646
iter 28: gpu_time2_cuda = 0.002610
iter 28: upload_copy_time1_cuda = 0.001121
iter 28: download_copy_time_cuda = 0.001035
iter 28: upload_copy_time2_cuda = 0.000067
iter 28: download_copy_time_cuda = 0.000495

iter 29: cpu_time_cuda = 0.073146
iter 29: gpu_time1_cuda = 0.025798
iter 29: gpu_time2_cuda = 0.002560
iter 29: upload_copy_time1_cuda = 0.001072
iter 29: download_copy_time_cuda = 0.001045
iter 29: upload_copy_time2_cuda = 0.000064
iter 29: download_copy_time_cuda = 0.000521

iter 30: cpu_time_cuda = 0.071578
iter 30: gpu_time1_cuda = 0.025621
iter 30: gpu_time2_cuda = 0.002501
iter 30: upload_copy_time1_cuda = 0.001052
iter 30: download_copy_time_cuda = 0.001009
iter 30: upload_copy_time2_cuda = 0.000077
iter 30: download_copy_time_cuda = 0.000527

iter 31: cpu_time_cuda = 0.070282
iter 31: gpu_time1_cuda = 0.024262
iter 31: gpu_time2_cuda = 0.002466
iter 31: upload_copy_time1_cuda = 0.001034
iter 31: download_copy_time_cuda = 0.000989
iter 31: upload_copy_time2_cuda = 0.000059
iter 31: download_copy_time_cuda = 0.000547

iter 32: cpu_time_cuda = 0.069011
iter 32: gpu_time1_cuda = 0.023965
iter 32: gpu_time2_cuda = 0.002415
iter 32: upload_copy_time1_cuda = 0.001030
iter 32: download_copy_time_cuda = 0.000973
iter 32: upload_copy_time2_cuda = 0.000064
iter 32: download_copy_time_cuda = 0.000564

iter 33: cpu_time_cuda = 0.067808
iter 33: gpu_time1_cuda = 0.022838
iter 33: gpu_time2_cuda = 0.002391
iter 33: upload_copy_time1_cuda = 0.000993
iter 33: download_copy_time_cuda = 0.000950
iter 33: upload_copy_time2_cuda = 0.000065
iter 33: download_copy_time_cuda = 0.000588

iter 34: cpu_time_cuda = 0.066473
iter 34: gpu_time1_cuda = 0.022608
iter 34: gpu_time2_cuda = 0.002342
iter 34: upload_copy_time1_cuda = 0.000973
iter 34: download_copy_time_cuda = 0.000931
iter 34: upload_copy_time2_cuda = 0.000067
iter 34: download_copy_time_cuda = 0.000604

iter 35: cpu_time_cuda = 0.065113
iter 35: gpu_time1_cuda = 0.021360
iter 35: gpu_time2_cuda = 0.002310
iter 35: upload_copy_time1_cuda = 0.000954
iter 35: download_copy_time_cuda = 0.000925
iter 35: upload_copy_time2_cuda = 0.000064
iter 35: download_copy_time_cuda = 0.000617

iter 36: cpu_time_cuda = 0.063966
iter 36: gpu_time1_cuda = 0.020383
iter 36: gpu_time2_cuda = 0.002269
iter 36: upload_copy_time1_cuda = 0.000942
iter 36: download_copy_time_cuda = 0.000897
iter 36: upload_copy_time2_cuda = 0.000064
iter 36: download_copy_time_cuda = 0.000636

iter 37: cpu_time_cuda = 0.064190
iter 37: gpu_time1_cuda = 0.019718
iter 37: gpu_time2_cuda = 0.002233
iter 37: upload_copy_time1_cuda = 0.000926
iter 37: download_copy_time_cuda = 0.000879
iter 37: upload_copy_time2_cuda = 0.000066
iter 37: download_copy_time_cuda = 0.000651

iter 38: cpu_time_cuda = 0.061202
iter 38: gpu_time1_cuda = 0.019507
iter 38: gpu_time2_cuda = 0.002186
iter 38: upload_copy_time1_cuda = 0.000906
iter 38: download_copy_time_cuda = 0.000863
iter 38: upload_copy_time2_cuda = 0.000064
iter 38: download_copy_time_cuda = 0.000664

iter 39: cpu_time_cuda = 0.059816
iter 39: gpu_time1_cuda = 0.019115
iter 39: gpu_time2_cuda = 0.002149
iter 39: upload_copy_time1_cuda = 0.000887
iter 39: download_copy_time_cuda = 0.000849
iter 39: upload_copy_time2_cuda = 0.000063
iter 39: download_copy_time_cuda = 0.000685

iter 40: cpu_time_cuda = 0.058681
iter 40: gpu_time1_cuda = 0.018451
iter 40: gpu_time2_cuda = 0.002107
iter 40: upload_copy_time1_cuda = 0.000868
iter 40: download_copy_time_cuda = 0.000832
iter 40: upload_copy_time2_cuda = 0.000065
iter 40: download_copy_time_cuda = 0.000700

iter 41: cpu_time_cuda = 0.057356
iter 41: gpu_time1_cuda = 0.017371
iter 41: gpu_time2_cuda = 0.002042
iter 41: upload_copy_time1_cuda = 0.000849
iter 41: download_copy_time_cuda = 0.000828
iter 41: upload_copy_time2_cuda = 0.000064
iter 41: download_copy_time_cuda = 0.000719

iter 42: cpu_time_cuda = 0.056157
iter 42: gpu_time1_cuda = 0.017485
iter 42: gpu_time2_cuda = 0.001996
iter 42: upload_copy_time1_cuda = 0.000828
iter 42: download_copy_time_cuda = 0.000811
iter 42: upload_copy_time2_cuda = 0.000064
iter 42: download_copy_time_cuda = 0.000744

iter 43: cpu_time_cuda = 0.054593
iter 43: gpu_time1_cuda = 0.014871
iter 43: gpu_time2_cuda = 0.001961
iter 43: upload_copy_time1_cuda = 0.000807
iter 43: download_copy_time_cuda = 0.000778
iter 43: upload_copy_time2_cuda = 0.000063
iter 43: download_copy_time_cuda = 0.000760

iter 44: cpu_time_cuda = 0.053350
iter 44: gpu_time1_cuda = 0.014493
iter 44: gpu_time2_cuda = 0.001904
iter 44: upload_copy_time1_cuda = 0.000788
iter 44: download_copy_time_cuda = 0.000767
iter 44: upload_copy_time2_cuda = 0.000064
iter 44: download_copy_time_cuda = 0.000775

iter 45: cpu_time_cuda = 0.052087
iter 45: gpu_time1_cuda = 0.014047
iter 45: gpu_time2_cuda = 0.001860
iter 45: upload_copy_time1_cuda = 0.000767
iter 45: download_copy_time_cuda = 0.000746
iter 45: upload_copy_time2_cuda = 0.000064
iter 45: download_copy_time_cuda = 0.000786

iter 46: cpu_time_cuda = 0.051056
iter 46: gpu_time1_cuda = 0.013112
iter 46: gpu_time2_cuda = 0.001819
iter 46: upload_copy_time1_cuda = 0.000749
iter 46: download_copy_time_cuda = 0.000727
iter 46: upload_copy_time2_cuda = 0.000063
iter 46: download_copy_time_cuda = 0.000802

iter 47: cpu_time_cuda = 0.049393
iter 47: gpu_time1_cuda = 0.012563
iter 47: gpu_time2_cuda = 0.001785
iter 47: upload_copy_time1_cuda = 0.000743
iter 47: download_copy_time_cuda = 0.000713
iter 47: upload_copy_time2_cuda = 0.000060
iter 47: download_copy_time_cuda = 0.000819

iter 48: cpu_time_cuda = 0.048183
iter 48: gpu_time1_cuda = 0.012296
iter 48: gpu_time2_cuda = 0.001741
iter 48: upload_copy_time1_cuda = 0.000721
iter 48: download_copy_time_cuda = 0.000708
iter 48: upload_copy_time2_cuda = 0.000064
iter 48: download_copy_time_cuda = 0.000837

iter 49: cpu_time_cuda = 0.046948
iter 49: gpu_time1_cuda = 0.011944
iter 49: gpu_time2_cuda = 0.001718
iter 49: upload_copy_time1_cuda = 0.000701
iter 49: download_copy_time_cuda = 0.000688
iter 49: upload_copy_time2_cuda = 0.000064
iter 49: download_copy_time_cuda = 0.000862

iter 50: cpu_time_cuda = 0.045632
iter 50: gpu_time1_cuda = 0.011297
iter 50: gpu_time2_cuda = 0.001668
iter 50: upload_copy_time1_cuda = 0.000684
iter 50: download_copy_time_cuda = 0.000657
iter 50: upload_copy_time2_cuda = 0.000065
iter 50: download_copy_time_cuda = 0.000879

iter 51: cpu_time_cuda = 0.044141
iter 51: gpu_time1_cuda = 0.010411
iter 51: gpu_time2_cuda = 0.001634
iter 51: upload_copy_time1_cuda = 0.000662
iter 51: download_copy_time_cuda = 0.000640
iter 51: upload_copy_time2_cuda = 0.000063
iter 51: download_copy_time_cuda = 0.000895

iter 52: cpu_time_cuda = 0.042810
iter 52: gpu_time1_cuda = 0.010237
iter 52: gpu_time2_cuda = 0.001579
iter 52: upload_copy_time1_cuda = 0.000644
iter 52: download_copy_time_cuda = 0.000627
iter 52: upload_copy_time2_cuda = 0.000064
iter 52: download_copy_time_cuda = 0.000911

iter 53: cpu_time_cuda = 0.041639
iter 53: gpu_time1_cuda = 0.009730
iter 53: gpu_time2_cuda = 0.001536
iter 53: upload_copy_time1_cuda = 0.000620
iter 53: download_copy_time_cuda = 0.000606
iter 53: upload_copy_time2_cuda = 0.000063
iter 53: download_copy_time_cuda = 0.000927

iter 54: cpu_time_cuda = 0.040415
iter 54: gpu_time1_cuda = 0.009237
iter 54: gpu_time2_cuda = 0.001496
iter 54: upload_copy_time1_cuda = 0.000601
iter 54: download_copy_time_cuda = 0.000593
iter 54: upload_copy_time2_cuda = 0.000065
iter 54: download_copy_time_cuda = 0.000944

iter 55: cpu_time_cuda = 0.039123
iter 55: gpu_time1_cuda = 0.008951
iter 55: gpu_time2_cuda = 0.001453
iter 55: upload_copy_time1_cuda = 0.000583
iter 55: download_copy_time_cuda = 0.000595
iter 55: upload_copy_time2_cuda = 0.000064
iter 55: download_copy_time_cuda = 0.000968

iter 56: cpu_time_cuda = 0.037793
iter 56: gpu_time1_cuda = 0.008560
iter 56: gpu_time2_cuda = 0.001413
iter 56: upload_copy_time1_cuda = 0.000573
iter 56: download_copy_time_cuda = 0.000566
iter 56: upload_copy_time2_cuda = 0.000064
iter 56: download_copy_time_cuda = 0.000974

iter 57: cpu_time_cuda = 0.036535
iter 57: gpu_time1_cuda = 0.007028
iter 57: gpu_time2_cuda = 0.001383
iter 57: upload_copy_time1_cuda = 0.000556
iter 57: download_copy_time_cuda = 0.000536
iter 57: upload_copy_time2_cuda = 0.000063
iter 57: download_copy_time_cuda = 0.000999

iter 58: cpu_time_cuda = 0.035170
iter 58: gpu_time1_cuda = 0.006763
iter 58: gpu_time2_cuda = 0.001308
iter 58: upload_copy_time1_cuda = 0.000534
iter 58: download_copy_time_cuda = 0.000528
iter 58: upload_copy_time2_cuda = 0.000064
iter 58: download_copy_time_cuda = 0.001018

iter 59: cpu_time_cuda = 0.033920
iter 59: gpu_time1_cuda = 0.006314
iter 59: gpu_time2_cuda = 0.001267
iter 59: upload_copy_time1_cuda = 0.000515
iter 59: download_copy_time_cuda = 0.000514
iter 59: upload_copy_time2_cuda = 0.000063
iter 59: download_copy_time_cuda = 0.001035

iter 60: cpu_time_cuda = 0.032479
iter 60: gpu_time1_cuda = 0.005888
iter 60: gpu_time2_cuda = 0.001243
iter 60: upload_copy_time1_cuda = 0.000492
iter 60: download_copy_time_cuda = 0.000485
iter 60: upload_copy_time2_cuda = 0.000064
iter 60: download_copy_time_cuda = 0.001049

iter 61: cpu_time_cuda = 0.031292
iter 61: gpu_time1_cuda = 0.005697
iter 61: gpu_time2_cuda = 0.001190
iter 61: upload_copy_time1_cuda = 0.000477
iter 61: download_copy_time_cuda = 0.000467
iter 61: upload_copy_time2_cuda = 0.000063
iter 61: download_copy_time_cuda = 0.001062

iter 62: cpu_time_cuda = 0.029915
iter 62: gpu_time1_cuda = 0.005393
iter 62: gpu_time2_cuda = 0.001147
iter 62: upload_copy_time1_cuda = 0.000457
iter 62: download_copy_time_cuda = 0.000450
iter 62: upload_copy_time2_cuda = 0.000059
iter 62: download_copy_time_cuda = 0.001078

iter 63: cpu_time_cuda = 0.028710
iter 63: gpu_time1_cuda = 0.005048
iter 63: gpu_time2_cuda = 0.001115
iter 63: upload_copy_time1_cuda = 0.000436
iter 63: download_copy_time_cuda = 0.000431
iter 63: upload_copy_time2_cuda = 0.000064
iter 63: download_copy_time_cuda = 0.001094

iter 64: cpu_time_cuda = 0.027315
iter 64: gpu_time1_cuda = 0.004650
iter 64: gpu_time2_cuda = 0.001074
iter 64: upload_copy_time1_cuda = 0.000426
iter 64: download_copy_time_cuda = 0.000413
iter 64: upload_copy_time2_cuda = 0.000063
iter 64: download_copy_time_cuda = 0.001114

iter 65: cpu_time_cuda = 0.026033
iter 65: gpu_time1_cuda = 0.004212
iter 65: gpu_time2_cuda = 0.001020
iter 65: upload_copy_time1_cuda = 0.000405
iter 65: download_copy_time_cuda = 0.000393
iter 65: upload_copy_time2_cuda = 0.000059
iter 65: download_copy_time_cuda = 0.001140

iter 66: cpu_time_cuda = 0.024761
iter 66: gpu_time1_cuda = 0.003926
iter 66: gpu_time2_cuda = 0.000979
iter 66: upload_copy_time1_cuda = 0.000386
iter 66: download_copy_time_cuda = 0.000366
iter 66: upload_copy_time2_cuda = 0.000063
iter 66: download_copy_time_cuda = 0.001157

iter 67: cpu_time_cuda = 0.023641
iter 67: gpu_time1_cuda = 0.003604
iter 67: gpu_time2_cuda = 0.000938
iter 67: upload_copy_time1_cuda = 0.000370
iter 67: download_copy_time_cuda = 0.000362
iter 67: upload_copy_time2_cuda = 0.000064
iter 67: download_copy_time_cuda = 0.001181

iter 68: cpu_time_cuda = 0.022244
iter 68: gpu_time1_cuda = 0.003415
iter 68: gpu_time2_cuda = 0.000899
iter 68: upload_copy_time1_cuda = 0.000352
iter 68: download_copy_time_cuda = 0.000336
iter 68: upload_copy_time2_cuda = 0.000063
iter 68: download_copy_time_cuda = 0.001190

iter 69: cpu_time_cuda = 0.020926
iter 69: gpu_time1_cuda = 0.003075
iter 69: gpu_time2_cuda = 0.000862
iter 69: upload_copy_time1_cuda = 0.000339
iter 69: download_copy_time_cuda = 0.000318
iter 69: upload_copy_time2_cuda = 0.000063
iter 69: download_copy_time_cuda = 0.001203

iter 70: cpu_time_cuda = 0.019647
iter 70: gpu_time1_cuda = 0.002920
iter 70: gpu_time2_cuda = 0.000821
iter 70: upload_copy_time1_cuda = 0.000312
iter 70: download_copy_time_cuda = 0.000310
iter 70: upload_copy_time2_cuda = 0.000068
iter 70: download_copy_time_cuda = 0.001219

iter 71: cpu_time_cuda = 0.018390
iter 71: gpu_time1_cuda = 0.002070
iter 71: gpu_time2_cuda = 0.000688
iter 71: upload_copy_time1_cuda = 0.000292
iter 71: download_copy_time_cuda = 0.000283
iter 71: upload_copy_time2_cuda = 0.000064
iter 71: download_copy_time_cuda = 0.001234

iter 72: cpu_time_cuda = 0.017055
iter 72: gpu_time1_cuda = 0.001920
iter 72: gpu_time2_cuda = 0.000612
iter 72: upload_copy_time1_cuda = 0.000273
iter 72: download_copy_time_cuda = 0.000262
iter 72: upload_copy_time2_cuda = 0.000063
iter 72: download_copy_time_cuda = 0.001251

iter 73: cpu_time_cuda = 0.015710
iter 73: gpu_time1_cuda = 0.001681
iter 73: gpu_time2_cuda = 0.000585
iter 73: upload_copy_time1_cuda = 0.000250
iter 73: download_copy_time_cuda = 0.000253
iter 73: upload_copy_time2_cuda = 0.000064
iter 73: download_copy_time_cuda = 0.001277

iter 74: cpu_time_cuda = 0.014334
iter 74: gpu_time1_cuda = 0.001448
iter 74: gpu_time2_cuda = 0.000550
iter 74: upload_copy_time1_cuda = 0.000240
iter 74: download_copy_time_cuda = 0.000227
iter 74: upload_copy_time2_cuda = 0.000059
iter 74: download_copy_time_cuda = 0.001285

iter 75: cpu_time_cuda = 0.013072
iter 75: gpu_time1_cuda = 0.001284
iter 75: gpu_time2_cuda = 0.000521
iter 75: upload_copy_time1_cuda = 0.000213
iter 75: download_copy_time_cuda = 0.000208
iter 75: upload_copy_time2_cuda = 0.000066
iter 75: download_copy_time_cuda = 0.001311

iter 76: cpu_time_cuda = 0.011938
iter 76: gpu_time1_cuda = 0.001213
iter 76: gpu_time2_cuda = 0.000484
iter 76: upload_copy_time1_cuda = 0.000203
iter 76: download_copy_time_cuda = 0.000205
iter 76: upload_copy_time2_cuda = 0.000064
iter 76: download_copy_time_cuda = 0.001326

iter 77: cpu_time_cuda = 0.010581
iter 77: gpu_time1_cuda = 0.001038
iter 77: gpu_time2_cuda = 0.000455
iter 77: upload_copy_time1_cuda = 0.000175
iter 77: download_copy_time_cuda = 0.000182
iter 77: upload_copy_time2_cuda = 0.000064
iter 77: download_copy_time_cuda = 0.001337

iter 78: cpu_time_cuda = 0.009331
iter 78: gpu_time1_cuda = 0.000772
iter 78: gpu_time2_cuda = 0.000417
iter 78: upload_copy_time1_cuda = 0.000165
iter 78: download_copy_time_cuda = 0.000163
iter 78: upload_copy_time2_cuda = 0.000066
iter 78: download_copy_time_cuda = 0.001354

iter 79: cpu_time_cuda = 0.008090
iter 79: gpu_time1_cuda = 0.000645
iter 79: gpu_time2_cuda = 0.000372
iter 79: upload_copy_time1_cuda = 0.000147
iter 79: download_copy_time_cuda = 0.000158
iter 79: upload_copy_time2_cuda = 0.000064
iter 79: download_copy_time_cuda = 0.001379

iter 80: cpu_time_cuda = 0.006907
iter 80: gpu_time1_cuda = 0.000567
iter 80: gpu_time2_cuda = 0.000336
iter 80: upload_copy_time1_cuda = 0.000128
iter 80: download_copy_time_cuda = 0.000139
iter 80: upload_copy_time2_cuda = 0.000063
iter 80: download_copy_time_cuda = 0.001393

iter 81: cpu_time_cuda = 0.005593
iter 81: gpu_time1_cuda = 0.000437
iter 81: gpu_time2_cuda = 0.000310
iter 81: upload_copy_time1_cuda = 0.000117
iter 81: download_copy_time_cuda = 0.000127
iter 81: upload_copy_time2_cuda = 0.000063
iter 81: download_copy_time_cuda = 0.001402

iter 82: cpu_time_cuda = 0.004355
iter 82: gpu_time1_cuda = 0.000363
iter 82: gpu_time2_cuda = 0.000277
iter 82: upload_copy_time1_cuda = 0.000101
iter 82: download_copy_time_cuda = 0.000115
iter 82: upload_copy_time2_cuda = 0.000062
iter 82: download_copy_time_cuda = 0.001422

iter 83: cpu_time_cuda = 0.003103
iter 83: gpu_time1_cuda = 0.000296
iter 83: gpu_time2_cuda = 0.000245
iter 83: upload_copy_time1_cuda = 0.000088
iter 83: download_copy_time_cuda = 0.000095
iter 83: upload_copy_time2_cuda = 0.000063
iter 83: download_copy_time_cuda = 0.001445

iter 84: cpu_time_cuda = 0.001962
iter 84: gpu_time1_cuda = 0.000225
iter 84: gpu_time2_cuda = 0.000210
iter 84: upload_copy_time1_cuda = 0.000073
iter 84: download_copy_time_cuda = 0.000081
iter 84: upload_copy_time2_cuda = 0.000059
iter 84: download_copy_time_cuda = 0.001477

total_cpu_time_cuda = 4.663213
total_gpu_time_cuda = 1.883781
total_copy_time_cuda = 0.205259
main_loop_time_cuda = 6.896801
10240 10240     ---   (  ---  )    207.40 (   6.90)       ---
total_time = 10.019925
9.09user 1.32system 0:11.47elapsed 90%CPU (0avgtext+0avgdata 1792208maxresident)k
0inputs+0outputs (0major+226450minor)pagefaults 0swaps
send out message: 22 3 log
