send out message: 24 37 /home/lchen/MAGMA/magma-1.6.1/results
send out message: 20 26 MAGMA_LU_GPUDVFS.total.pwr
MAGMA 1.6.1  compiled for CUDA capability >= 3.0
CUDA runtime 5000, driver 6050. MAGMA not compiled with OpenMP. 
ndevices 1
device 0: Tesla K20c, 705.5 MHz clock, 4799.6 MB memory, capability 3.5
Usage: /home/lchen/MAGMA/magma-1.6.1/testing/testing_dgeqrf [options] [-h|--help]

ngpu 1
    M     N   CPU GFlop/s (sec)   GPU GFlop/s (sec)   |R - Q^H*A|   |I - Q^H*Q|
===============================================================================
init_time = 11.239708
iter 0: cpu_time_cuda = 0.000002
iter 0: gpu_time1_cuda = 0.000000
iter 0: gpu_time2_cuda = 0.007522
iter 0: upload_copy_time1_cuda = 0.003379
iter 0: download_copy_time_cuda = 126931944243638923693768921675988992.000000
iter 0: upload_copy_time2_cuda = 0.000075
iter 0: download_copy_time_cuda = 0.000000

iter 1: cpu_time_cuda = 0.225923
iter 1: gpu_time1_cuda = 0.284582
iter 1: gpu_time2_cuda = 0.007449
iter 1: upload_copy_time1_cuda = 0.003369
iter 1: download_copy_time_cuda = 0.003164
iter 1: upload_copy_time2_cuda = 0.000070
iter 1: download_copy_time_cuda = 0.000073

iter 2: cpu_time_cuda = 0.223398
iter 2: gpu_time1_cuda = 0.274410
iter 2: gpu_time2_cuda = 0.007382
iter 2: upload_copy_time1_cuda = 0.003367
iter 2: download_copy_time_cuda = 0.003209
iter 2: upload_copy_time2_cuda = 0.000070
iter 2: download_copy_time_cuda = 0.000082

iter 3: cpu_time_cuda = 0.221835
iter 3: gpu_time1_cuda = 0.279060
iter 3: gpu_time2_cuda = 0.007360
iter 3: upload_copy_time1_cuda = 0.003314
iter 3: download_copy_time_cuda = 0.003149
iter 3: upload_copy_time2_cuda = 0.000070
iter 3: download_copy_time_cuda = 0.000096

iter 4: cpu_time_cuda = 0.220728
iter 4: gpu_time1_cuda = 0.273759
iter 4: gpu_time2_cuda = 0.007311
iter 4: upload_copy_time1_cuda = 0.003310
iter 4: download_copy_time_cuda = 0.003112
iter 4: upload_copy_time2_cuda = 0.000070
iter 4: download_copy_time_cuda = 0.000110

iter 5: cpu_time_cuda = 0.225067
iter 5: gpu_time1_cuda = 0.267081
iter 5: gpu_time2_cuda = 0.007292
iter 5: upload_copy_time1_cuda = 0.003305
iter 5: download_copy_time_cuda = 0.003091
iter 5: upload_copy_time2_cuda = 0.000071
iter 5: download_copy_time_cuda = 0.000113

iter 6: cpu_time_cuda = 0.217489
iter 6: gpu_time1_cuda = 0.269094
iter 6: gpu_time2_cuda = 0.007203
iter 6: upload_copy_time1_cuda = 0.003283
iter 6: download_copy_time_cuda = 0.003101
iter 6: upload_copy_time2_cuda = 0.000070
iter 6: download_copy_time_cuda = 0.000123

iter 7: cpu_time_cuda = 0.218389
iter 7: gpu_time1_cuda = 0.253797
iter 7: gpu_time2_cuda = 0.007203
iter 7: upload_copy_time1_cuda = 0.003278
iter 7: download_copy_time_cuda = 0.003088
iter 7: upload_copy_time2_cuda = 0.000072
iter 7: download_copy_time_cuda = 0.000134

iter 8: cpu_time_cuda = 0.214460
iter 8: gpu_time1_cuda = 0.261350
iter 8: gpu_time2_cuda = 0.007133
iter 8: upload_copy_time1_cuda = 0.003247
iter 8: download_copy_time_cuda = 0.003065
iter 8: upload_copy_time2_cuda = 0.000070
iter 8: download_copy_time_cuda = 0.000161

iter 9: cpu_time_cuda = 0.213213
iter 9: gpu_time1_cuda = 0.252325
iter 9: gpu_time2_cuda = 0.007106
iter 9: upload_copy_time1_cuda = 0.003210
iter 9: download_copy_time_cuda = 0.003021
iter 9: upload_copy_time2_cuda = 0.000069
iter 9: download_copy_time_cuda = 0.000177

iter 10: cpu_time_cuda = 0.211753
iter 10: gpu_time1_cuda = 0.254366
iter 10: gpu_time2_cuda = 0.007043
iter 10: upload_copy_time1_cuda = 0.003217
iter 10: download_copy_time_cuda = 0.003153
iter 10: upload_copy_time2_cuda = 0.000069
iter 10: download_copy_time_cuda = 0.000186

iter 11: cpu_time_cuda = 0.212162
iter 11: gpu_time1_cuda = 0.243819
iter 11: gpu_time2_cuda = 0.007039
iter 11: upload_copy_time1_cuda = 0.003195
iter 11: download_copy_time_cuda = 0.002991
iter 11: upload_copy_time2_cuda = 0.000071
iter 11: download_copy_time_cuda = 0.000208

iter 12: cpu_time_cuda = 0.208885
iter 12: gpu_time1_cuda = 0.251169
iter 12: gpu_time2_cuda = 0.006977
iter 12: upload_copy_time1_cuda = 0.003148
iter 12: download_copy_time_cuda = 0.002972
iter 12: upload_copy_time2_cuda = 0.000069
iter 12: download_copy_time_cuda = 0.000222

iter 13: cpu_time_cuda = 0.208694
iter 13: gpu_time1_cuda = 0.245192
iter 13: gpu_time2_cuda = 0.006921
iter 13: upload_copy_time1_cuda = 0.003144
iter 13: download_copy_time_cuda = 0.002942
iter 13: upload_copy_time2_cuda = 0.000070
iter 13: download_copy_time_cuda = 0.000239

iter 14: cpu_time_cuda = 0.206130
iter 14: gpu_time1_cuda = 0.235606
iter 14: gpu_time2_cuda = 0.006894
iter 14: upload_copy_time1_cuda = 0.003107
iter 14: download_copy_time_cuda = 0.002933
iter 14: upload_copy_time2_cuda = 0.000068
iter 14: download_copy_time_cuda = 0.000254

iter 15: cpu_time_cuda = 0.205040
iter 15: gpu_time1_cuda = 0.229900
iter 15: gpu_time2_cuda = 0.006853
iter 15: upload_copy_time1_cuda = 0.003106
iter 15: download_copy_time_cuda = 0.002948
iter 15: upload_copy_time2_cuda = 0.000070
iter 15: download_copy_time_cuda = 0.000270

iter 16: cpu_time_cuda = 0.203163
iter 16: gpu_time1_cuda = 0.229479
iter 16: gpu_time2_cuda = 0.006779
iter 16: upload_copy_time1_cuda = 0.003102
iter 16: download_copy_time_cuda = 0.002945
iter 16: upload_copy_time2_cuda = 0.000064
iter 16: download_copy_time_cuda = 0.000299

iter 17: cpu_time_cuda = 0.202170
iter 17: gpu_time1_cuda = 0.235005
iter 17: gpu_time2_cuda = 0.006779
iter 17: upload_copy_time1_cuda = 0.003110
iter 17: download_copy_time_cuda = 0.002894
iter 17: upload_copy_time2_cuda = 0.000069
iter 17: download_copy_time_cuda = 0.000316

iter 18: cpu_time_cuda = 0.200579
iter 18: gpu_time1_cuda = 0.224450
iter 18: gpu_time2_cuda = 0.006720
iter 18: upload_copy_time1_cuda = 0.003066
iter 18: download_copy_time_cuda = 0.002867
iter 18: upload_copy_time2_cuda = 0.000071
iter 18: download_copy_time_cuda = 0.000329

iter 19: cpu_time_cuda = 0.206244
iter 19: gpu_time1_cuda = 0.222639
iter 19: gpu_time2_cuda = 0.006685
iter 19: upload_copy_time1_cuda = 0.003025
iter 19: download_copy_time_cuda = 0.002854
iter 19: upload_copy_time2_cuda = 0.000070
iter 19: download_copy_time_cuda = 0.000347

iter 20: cpu_time_cuda = 0.199339
iter 20: gpu_time1_cuda = 0.223671
iter 20: gpu_time2_cuda = 0.006611
iter 20: upload_copy_time1_cuda = 0.003042
iter 20: download_copy_time_cuda = 0.002838
iter 20: upload_copy_time2_cuda = 0.000070
iter 20: download_copy_time_cuda = 0.000363

iter 21: cpu_time_cuda = 0.197352
iter 21: gpu_time1_cuda = 0.216852
iter 21: gpu_time2_cuda = 0.006593
iter 21: upload_copy_time1_cuda = 0.003024
iter 21: download_copy_time_cuda = 0.002832
iter 21: upload_copy_time2_cuda = 0.000064
iter 21: download_copy_time_cuda = 0.000377

iter 22: cpu_time_cuda = 0.197072
iter 22: gpu_time1_cuda = 0.220892
iter 22: gpu_time2_cuda = 0.006515
iter 22: upload_copy_time1_cuda = 0.002976
iter 22: download_copy_time_cuda = 0.002958
iter 22: upload_copy_time2_cuda = 0.000070
iter 22: download_copy_time_cuda = 0.000392

iter 23: cpu_time_cuda = 0.194186
iter 23: gpu_time1_cuda = 0.212841
iter 23: gpu_time2_cuda = 0.006510
iter 23: upload_copy_time1_cuda = 0.002942
iter 23: download_copy_time_cuda = 0.002807
iter 23: upload_copy_time2_cuda = 0.000070
iter 23: download_copy_time_cuda = 0.000408

iter 24: cpu_time_cuda = 0.192792
iter 24: gpu_time1_cuda = 0.212881
iter 24: gpu_time2_cuda = 0.006446
iter 24: upload_copy_time1_cuda = 0.002929
iter 24: download_copy_time_cuda = 0.002786
iter 24: upload_copy_time2_cuda = 0.000071
iter 24: download_copy_time_cuda = 0.000634

iter 25: cpu_time_cuda = 0.191715
iter 25: gpu_time1_cuda = 0.206640
iter 25: gpu_time2_cuda = 0.006445
iter 25: upload_copy_time1_cuda = 0.002948
iter 25: download_copy_time_cuda = 0.002824
iter 25: upload_copy_time2_cuda = 0.000069
iter 25: download_copy_time_cuda = 0.000631

iter 26: cpu_time_cuda = 0.190007
iter 26: gpu_time1_cuda = 0.207137
iter 26: gpu_time2_cuda = 0.006345
iter 26: upload_copy_time1_cuda = 0.002945
iter 26: download_copy_time_cuda = 0.002744
iter 26: upload_copy_time2_cuda = 0.000064
iter 26: download_copy_time_cuda = 0.000669

iter 27: cpu_time_cuda = 0.188989
iter 27: gpu_time1_cuda = 0.200481
iter 27: gpu_time2_cuda = 0.006362
iter 27: upload_copy_time1_cuda = 0.002877
iter 27: download_copy_time_cuda = 0.002729
iter 27: upload_copy_time2_cuda = 0.000070
iter 27: download_copy_time_cuda = 0.000667

iter 28: cpu_time_cuda = 0.186769
iter 28: gpu_time1_cuda = 0.202989
iter 28: gpu_time2_cuda = 0.006263
iter 28: upload_copy_time1_cuda = 0.002853
iter 28: download_copy_time_cuda = 0.002705
iter 28: upload_copy_time2_cuda = 0.000069
iter 28: download_copy_time_cuda = 0.000684

iter 29: cpu_time_cuda = 0.186019
iter 29: gpu_time1_cuda = 0.196359
iter 29: gpu_time2_cuda = 0.006218
iter 29: upload_copy_time1_cuda = 0.002859
iter 29: download_copy_time_cuda = 0.002702
iter 29: upload_copy_time2_cuda = 0.000070
iter 29: download_copy_time_cuda = 0.000515

iter 30: cpu_time_cuda = 0.183762
iter 30: gpu_time1_cuda = 0.200076
iter 30: gpu_time2_cuda = 0.006185
iter 30: upload_copy_time1_cuda = 0.002830
iter 30: download_copy_time_cuda = 0.002681
iter 30: upload_copy_time2_cuda = 0.000072
iter 30: download_copy_time_cuda = 0.000557

iter 31: cpu_time_cuda = 0.182872
iter 31: gpu_time1_cuda = 0.188336
iter 31: gpu_time2_cuda = 0.006180
iter 31: upload_copy_time1_cuda = 0.002801
iter 31: download_copy_time_cuda = 0.002663
iter 31: upload_copy_time2_cuda = 0.000070
iter 31: download_copy_time_cuda = 0.000751

iter 32: cpu_time_cuda = 0.182685
iter 32: gpu_time1_cuda = 0.185124
iter 32: gpu_time2_cuda = 0.006106
iter 32: upload_copy_time1_cuda = 0.002850
iter 32: download_copy_time_cuda = 0.002724
iter 32: upload_copy_time2_cuda = 0.000070
iter 32: download_copy_time_cuda = 0.000754

iter 33: cpu_time_cuda = 0.180740
iter 33: gpu_time1_cuda = 0.183479
iter 33: gpu_time2_cuda = 0.006082
iter 33: upload_copy_time1_cuda = 0.002775
iter 33: download_copy_time_cuda = 0.002605
iter 33: upload_copy_time2_cuda = 0.000068
iter 33: download_copy_time_cuda = 0.000768

iter 34: cpu_time_cuda = 0.179113
iter 34: gpu_time1_cuda = 0.180151
iter 34: gpu_time2_cuda = 0.006018
iter 34: upload_copy_time1_cuda = 0.002770
iter 34: download_copy_time_cuda = 0.002617
iter 34: upload_copy_time2_cuda = 0.000069
iter 34: download_copy_time_cuda = 0.000805

iter 35: cpu_time_cuda = 0.178591
iter 35: gpu_time1_cuda = 0.178646
iter 35: gpu_time2_cuda = 0.006012
iter 35: upload_copy_time1_cuda = 0.002752
iter 35: download_copy_time_cuda = 0.002582
iter 35: upload_copy_time2_cuda = 0.000070
iter 35: download_copy_time_cuda = 0.000827

iter 36: cpu_time_cuda = 0.175651
iter 36: gpu_time1_cuda = 0.178638
iter 36: gpu_time2_cuda = 0.005929
iter 36: upload_copy_time1_cuda = 0.002707
iter 36: download_copy_time_cuda = 0.002674
iter 36: upload_copy_time2_cuda = 0.000069
iter 36: download_copy_time_cuda = 0.000819

iter 37: cpu_time_cuda = 0.175095
iter 37: gpu_time1_cuda = 0.174791
iter 37: gpu_time2_cuda = 0.005925
iter 37: upload_copy_time1_cuda = 0.002714
iter 37: download_copy_time_cuda = 0.002524
iter 37: upload_copy_time2_cuda = 0.000068
iter 37: download_copy_time_cuda = 0.000654

iter 38: cpu_time_cuda = 0.173643
iter 38: gpu_time1_cuda = 0.174374
iter 38: gpu_time2_cuda = 0.005844
iter 38: upload_copy_time1_cuda = 0.002694
iter 38: download_copy_time_cuda = 0.002544
iter 38: upload_copy_time2_cuda = 0.000069
iter 38: download_copy_time_cuda = 0.000673

iter 39: cpu_time_cuda = 0.171918
iter 39: gpu_time1_cuda = 0.168985
iter 39: gpu_time2_cuda = 0.005824
iter 39: upload_copy_time1_cuda = 0.002644
iter 39: download_copy_time_cuda = 0.002510
iter 39: upload_copy_time2_cuda = 0.000068
iter 39: download_copy_time_cuda = 0.000685

iter 40: cpu_time_cuda = 0.171332
iter 40: gpu_time1_cuda = 0.169733
iter 40: gpu_time2_cuda = 0.005777
iter 40: upload_copy_time1_cuda = 0.002654
iter 40: download_copy_time_cuda = 0.002491
iter 40: upload_copy_time2_cuda = 0.000069
iter 40: download_copy_time_cuda = 0.000888

iter 41: cpu_time_cuda = 0.169378
iter 41: gpu_time1_cuda = 0.165327
iter 41: gpu_time2_cuda = 0.005734
iter 41: upload_copy_time1_cuda = 0.002672
iter 41: download_copy_time_cuda = 0.002486
iter 41: upload_copy_time2_cuda = 0.000064
iter 41: download_copy_time_cuda = 0.000910

iter 42: cpu_time_cuda = 0.168451
iter 42: gpu_time1_cuda = 0.166373
iter 42: gpu_time2_cuda = 0.005668
iter 42: upload_copy_time1_cuda = 0.002606
iter 42: download_copy_time_cuda = 0.002459
iter 42: upload_copy_time2_cuda = 0.000069
iter 42: download_copy_time_cuda = 0.000938

iter 43: cpu_time_cuda = 0.167962
iter 43: gpu_time1_cuda = 0.160599
iter 43: gpu_time2_cuda = 0.005675
iter 43: upload_copy_time1_cuda = 0.002586
iter 43: download_copy_time_cuda = 0.002445
iter 43: upload_copy_time2_cuda = 0.000070
iter 43: download_copy_time_cuda = 0.000942

iter 44: cpu_time_cuda = 0.165419
iter 44: gpu_time1_cuda = 0.161720
iter 44: gpu_time2_cuda = 0.005583
iter 44: upload_copy_time1_cuda = 0.002563
iter 44: download_copy_time_cuda = 0.002428
iter 44: upload_copy_time2_cuda = 0.000068
iter 44: download_copy_time_cuda = 0.000960

iter 45: cpu_time_cuda = 0.164890
iter 45: gpu_time1_cuda = 0.153223
iter 45: gpu_time2_cuda = 0.005549
iter 45: upload_copy_time1_cuda = 0.002544
iter 45: download_copy_time_cuda = 0.002402
iter 45: upload_copy_time2_cuda = 0.000069
iter 45: download_copy_time_cuda = 0.000981

iter 46: cpu_time_cuda = 0.163843
iter 46: gpu_time1_cuda = 0.153451
iter 46: gpu_time2_cuda = 0.005543
iter 46: upload_copy_time1_cuda = 0.002531
iter 46: download_copy_time_cuda = 0.002392
iter 46: upload_copy_time2_cuda = 0.000072
iter 46: download_copy_time_cuda = 0.001019

iter 47: cpu_time_cuda = 0.161459
iter 47: gpu_time1_cuda = 0.147827
iter 47: gpu_time2_cuda = 0.005482
iter 47: upload_copy_time1_cuda = 0.002522
iter 47: download_copy_time_cuda = 0.002405
iter 47: upload_copy_time2_cuda = 0.000068
iter 47: download_copy_time_cuda = 0.001005

iter 48: cpu_time_cuda = 0.160136
iter 48: gpu_time1_cuda = 0.148754
iter 48: gpu_time2_cuda = 0.005417
iter 48: upload_copy_time1_cuda = 0.002478
iter 48: download_copy_time_cuda = 0.002356
iter 48: upload_copy_time2_cuda = 0.000069
iter 48: download_copy_time_cuda = 0.001077

iter 49: cpu_time_cuda = 0.159615
iter 49: gpu_time1_cuda = 0.143478
iter 49: gpu_time2_cuda = 0.005401
iter 49: upload_copy_time1_cuda = 0.002471
iter 49: download_copy_time_cuda = 0.002366
iter 49: upload_copy_time2_cuda = 0.000062
iter 49: download_copy_time_cuda = 0.001065

iter 50: cpu_time_cuda = 0.157576
iter 50: gpu_time1_cuda = 0.143332
iter 50: gpu_time2_cuda = 0.005329
iter 50: upload_copy_time1_cuda = 0.002452
iter 50: download_copy_time_cuda = 0.002346
iter 50: upload_copy_time2_cuda = 0.000069
iter 50: download_copy_time_cuda = 0.001082

iter 51: cpu_time_cuda = 0.156503
iter 51: gpu_time1_cuda = 0.138782
iter 51: gpu_time2_cuda = 0.005326
iter 51: upload_copy_time1_cuda = 0.002435
iter 51: download_copy_time_cuda = 0.002337
iter 51: upload_copy_time2_cuda = 0.000068
iter 51: download_copy_time_cuda = 0.001094

iter 52: cpu_time_cuda = 0.154794
iter 52: gpu_time1_cuda = 0.142075
iter 52: gpu_time2_cuda = 0.005258
iter 52: upload_copy_time1_cuda = 0.002515
iter 52: download_copy_time_cuda = 0.002429
iter 52: upload_copy_time2_cuda = 0.000066
iter 52: download_copy_time_cuda = 0.001095

iter 53: cpu_time_cuda = 0.154641
iter 53: gpu_time1_cuda = 0.136945
iter 53: gpu_time2_cuda = 0.005251
iter 53: upload_copy_time1_cuda = 0.002500
iter 53: download_copy_time_cuda = 0.002289
iter 53: upload_copy_time2_cuda = 0.000070
iter 53: download_copy_time_cuda = 0.001120

iter 54: cpu_time_cuda = 0.152243
iter 54: gpu_time1_cuda = 0.137413
iter 54: gpu_time2_cuda = 0.005152
iter 54: upload_copy_time1_cuda = 0.002454
iter 54: download_copy_time_cuda = 0.002279
iter 54: upload_copy_time2_cuda = 0.000068
iter 54: download_copy_time_cuda = 0.001138

iter 55: cpu_time_cuda = 0.151420
iter 55: gpu_time1_cuda = 0.132857
iter 55: gpu_time2_cuda = 0.005124
iter 55: upload_copy_time1_cuda = 0.002362
iter 55: download_copy_time_cuda = 0.002239
iter 55: upload_copy_time2_cuda = 0.000068
iter 55: download_copy_time_cuda = 0.001146

iter 56: cpu_time_cuda = 0.151254
iter 56: gpu_time1_cuda = 0.134883
iter 56: gpu_time2_cuda = 0.005094
iter 56: upload_copy_time1_cuda = 0.002350
iter 56: download_copy_time_cuda = 0.002240
iter 56: upload_copy_time2_cuda = 0.000069
iter 56: download_copy_time_cuda = 0.001165

iter 57: cpu_time_cuda = 0.148409
iter 57: gpu_time1_cuda = 0.128810
iter 57: gpu_time2_cuda = 0.005054
iter 57: upload_copy_time1_cuda = 0.002314
iter 57: download_copy_time_cuda = 0.002295
iter 57: upload_copy_time2_cuda = 0.000067
iter 57: download_copy_time_cuda = 0.001181

iter 58: cpu_time_cuda = 0.147247
iter 58: gpu_time1_cuda = 0.128712
iter 58: gpu_time2_cuda = 0.005007
iter 58: upload_copy_time1_cuda = 0.002326
iter 58: download_copy_time_cuda = 0.002187
iter 58: upload_copy_time2_cuda = 0.000067
iter 58: download_copy_time_cuda = 0.001197

iter 59: cpu_time_cuda = 0.146630
iter 59: gpu_time1_cuda = 0.120992
iter 59: gpu_time2_cuda = 0.004976
iter 59: upload_copy_time1_cuda = 0.002312
iter 59: download_copy_time_cuda = 0.002163
iter 59: upload_copy_time2_cuda = 0.000067
iter 59: download_copy_time_cuda = 0.001323

iter 60: cpu_time_cuda = 0.144213
iter 60: gpu_time1_cuda = 0.120845
iter 60: gpu_time2_cuda = 0.004907
iter 60: upload_copy_time1_cuda = 0.002291
iter 60: download_copy_time_cuda = 0.002143
iter 60: upload_copy_time2_cuda = 0.000071
iter 60: download_copy_time_cuda = 0.001268

iter 61: cpu_time_cuda = 0.143125
iter 61: gpu_time1_cuda = 0.116387
iter 61: gpu_time2_cuda = 0.004839
iter 61: upload_copy_time1_cuda = 0.002325
iter 61: download_copy_time_cuda = 0.002152
iter 61: upload_copy_time2_cuda = 0.000063
iter 61: download_copy_time_cuda = 0.001273

iter 62: cpu_time_cuda = 0.141922
iter 62: gpu_time1_cuda = 0.116982
iter 62: gpu_time2_cuda = 0.004811
iter 62: upload_copy_time1_cuda = 0.002222
iter 62: download_copy_time_cuda = 0.002203
iter 62: upload_copy_time2_cuda = 0.000069
iter 62: download_copy_time_cuda = 0.001277

iter 63: cpu_time_cuda = 0.140914
iter 63: gpu_time1_cuda = 0.114482
iter 63: gpu_time2_cuda = 0.004833
iter 63: upload_copy_time1_cuda = 0.002219
iter 63: download_copy_time_cuda = 0.002104
iter 63: upload_copy_time2_cuda = 0.000070
iter 63: download_copy_time_cuda = 0.001288

iter 64: cpu_time_cuda = 0.139708
iter 64: gpu_time1_cuda = 0.113891
iter 64: gpu_time2_cuda = 0.004750
iter 64: upload_copy_time1_cuda = 0.002193
iter 64: download_copy_time_cuda = 0.002170
iter 64: upload_copy_time2_cuda = 0.000068
iter 64: download_copy_time_cuda = 0.001305

iter 65: cpu_time_cuda = 0.138249
iter 65: gpu_time1_cuda = 0.109723
iter 65: gpu_time2_cuda = 0.004699
iter 65: upload_copy_time1_cuda = 0.001985
iter 65: download_copy_time_cuda = 0.002123
iter 65: upload_copy_time2_cuda = 0.000066
iter 65: download_copy_time_cuda = 0.001323

iter 66: cpu_time_cuda = 0.136696
iter 66: gpu_time1_cuda = 0.110047
iter 66: gpu_time2_cuda = 0.004659
iter 66: upload_copy_time1_cuda = 0.001967
iter 66: download_copy_time_cuda = 0.001854
iter 66: upload_copy_time2_cuda = 0.000062
iter 66: download_copy_time_cuda = 0.001145

iter 67: cpu_time_cuda = 0.135861
iter 67: gpu_time1_cuda = 0.106385
iter 67: gpu_time2_cuda = 0.004638
iter 67: upload_copy_time1_cuda = 0.001947
iter 67: download_copy_time_cuda = 0.001827
iter 67: upload_copy_time2_cuda = 0.000068
iter 67: download_copy_time_cuda = 0.001170

iter 68: cpu_time_cuda = 0.133995
iter 68: gpu_time1_cuda = 0.107573
iter 68: gpu_time2_cuda = 0.004544
iter 68: upload_copy_time1_cuda = 0.001925
iter 68: download_copy_time_cuda = 0.001819
iter 68: upload_copy_time2_cuda = 0.000067
iter 68: download_copy_time_cuda = 0.001191

iter 69: cpu_time_cuda = 0.132417
iter 69: gpu_time1_cuda = 0.101537
iter 69: gpu_time2_cuda = 0.004531
iter 69: upload_copy_time1_cuda = 0.002093
iter 69: download_copy_time_cuda = 0.001788
iter 69: upload_copy_time2_cuda = 0.000068
iter 69: download_copy_time_cuda = 0.001204

iter 70: cpu_time_cuda = 0.131791
iter 70: gpu_time1_cuda = 0.104258
iter 70: gpu_time2_cuda = 0.004466
iter 70: upload_copy_time1_cuda = 0.002206
iter 70: download_copy_time_cuda = 0.001968
iter 70: upload_copy_time2_cuda = 0.000060
iter 70: download_copy_time_cuda = 0.001404

iter 71: cpu_time_cuda = 0.130672
iter 71: gpu_time1_cuda = 0.099549
iter 71: gpu_time2_cuda = 0.004453
iter 71: upload_copy_time1_cuda = 0.002085
iter 71: download_copy_time_cuda = 0.001964
iter 71: upload_copy_time2_cuda = 0.000070
iter 71: download_copy_time_cuda = 0.001422

iter 72: cpu_time_cuda = 0.128849
iter 72: gpu_time1_cuda = 0.100685
iter 72: gpu_time2_cuda = 0.004395
iter 72: upload_copy_time1_cuda = 0.002060
iter 72: download_copy_time_cuda = 0.001939
iter 72: upload_copy_time2_cuda = 0.000068
iter 72: download_copy_time_cuda = 0.001444

iter 73: cpu_time_cuda = 0.127411
iter 73: gpu_time1_cuda = 0.094000
iter 73: gpu_time2_cuda = 0.004359
iter 73: upload_copy_time1_cuda = 0.002033
iter 73: download_copy_time_cuda = 0.001922
iter 73: upload_copy_time2_cuda = 0.000067
iter 73: download_copy_time_cuda = 0.001457

iter 74: cpu_time_cuda = 0.126359
iter 74: gpu_time1_cuda = 0.092961
iter 74: gpu_time2_cuda = 0.004287
iter 74: upload_copy_time1_cuda = 0.002006
iter 74: download_copy_time_cuda = 0.001905
iter 74: upload_copy_time2_cuda = 0.000066
iter 74: download_copy_time_cuda = 0.001478

iter 75: cpu_time_cuda = 0.125119
iter 75: gpu_time1_cuda = 0.089122
iter 75: gpu_time2_cuda = 0.004277
iter 75: upload_copy_time1_cuda = 0.001986
iter 75: download_copy_time_cuda = 0.001904
iter 75: upload_copy_time2_cuda = 0.000066
iter 75: download_copy_time_cuda = 0.001507

iter 76: cpu_time_cuda = 0.124299
iter 76: gpu_time1_cuda = 0.089064
iter 76: gpu_time2_cuda = 0.004255
iter 76: upload_copy_time1_cuda = 0.001967
iter 76: download_copy_time_cuda = 0.001867
iter 76: upload_copy_time2_cuda = 0.000068
iter 76: download_copy_time_cuda = 0.001506

iter 77: cpu_time_cuda = 0.122231
iter 77: gpu_time1_cuda = 0.086275
iter 77: gpu_time2_cuda = 0.004181
iter 77: upload_copy_time1_cuda = 0.001973
iter 77: download_copy_time_cuda = 0.001847
iter 77: upload_copy_time2_cuda = 0.000068
iter 77: download_copy_time_cuda = 0.001523

iter 78: cpu_time_cuda = 0.120910
iter 78: gpu_time1_cuda = 0.085040
iter 78: gpu_time2_cuda = 0.004140
iter 78: upload_copy_time1_cuda = 0.001926
iter 78: download_copy_time_cuda = 0.001851
iter 78: upload_copy_time2_cuda = 0.000067
iter 78: download_copy_time_cuda = 0.001627

iter 79: cpu_time_cuda = 0.119535
iter 79: gpu_time1_cuda = 0.083812
iter 79: gpu_time2_cuda = 0.004110
iter 79: upload_copy_time1_cuda = 0.001937
iter 79: download_copy_time_cuda = 0.001861
iter 79: upload_copy_time2_cuda = 0.000067
iter 79: download_copy_time_cuda = 0.001590

iter 80: cpu_time_cuda = 0.118740
iter 80: gpu_time1_cuda = 0.082925
iter 80: gpu_time2_cuda = 0.004057
iter 80: upload_copy_time1_cuda = 0.001912
iter 80: download_copy_time_cuda = 0.001801
iter 80: upload_copy_time2_cuda = 0.000068
iter 80: download_copy_time_cuda = 0.001577

iter 81: cpu_time_cuda = 0.116911
iter 81: gpu_time1_cuda = 0.077729
iter 81: gpu_time2_cuda = 0.004027
iter 81: upload_copy_time1_cuda = 0.001889
iter 81: download_copy_time_cuda = 0.001785
iter 81: upload_copy_time2_cuda = 0.000067
iter 81: download_copy_time_cuda = 0.001593

iter 82: cpu_time_cuda = 0.115747
iter 82: gpu_time1_cuda = 0.080920
iter 82: gpu_time2_cuda = 0.003976
iter 82: upload_copy_time1_cuda = 0.001875
iter 82: download_copy_time_cuda = 0.001773
iter 82: upload_copy_time2_cuda = 0.000068
iter 82: download_copy_time_cuda = 0.001611

iter 83: cpu_time_cuda = 0.114634
iter 83: gpu_time1_cuda = 0.077277
iter 83: gpu_time2_cuda = 0.003937
iter 83: upload_copy_time1_cuda = 0.001840
iter 83: download_copy_time_cuda = 0.001750
iter 83: upload_copy_time2_cuda = 0.000067
iter 83: download_copy_time_cuda = 0.001646

iter 84: cpu_time_cuda = 0.113224
iter 84: gpu_time1_cuda = 0.075607
iter 84: gpu_time2_cuda = 0.003890
iter 84: upload_copy_time1_cuda = 0.001813
iter 84: download_copy_time_cuda = 0.001752
iter 84: upload_copy_time2_cuda = 0.000066
iter 84: download_copy_time_cuda = 0.001669

iter 85: cpu_time_cuda = 0.112199
iter 85: gpu_time1_cuda = 0.073924
iter 85: gpu_time2_cuda = 0.003847
iter 85: upload_copy_time1_cuda = 0.001812
iter 85: download_copy_time_cuda = 0.001711
iter 85: upload_copy_time2_cuda = 0.000067
iter 85: download_copy_time_cuda = 0.001676

iter 86: cpu_time_cuda = 0.110434
iter 86: gpu_time1_cuda = 0.075047
iter 86: gpu_time2_cuda = 0.003777
iter 86: upload_copy_time1_cuda = 0.001797
iter 86: download_copy_time_cuda = 0.001707
iter 86: upload_copy_time2_cuda = 0.000067
iter 86: download_copy_time_cuda = 0.001690

iter 87: cpu_time_cuda = 0.109248
iter 87: gpu_time1_cuda = 0.069227
iter 87: gpu_time2_cuda = 0.003771
iter 87: upload_copy_time1_cuda = 0.001760
iter 87: download_copy_time_cuda = 0.001672
iter 87: upload_copy_time2_cuda = 0.000067
iter 87: download_copy_time_cuda = 0.001691

iter 88: cpu_time_cuda = 0.108106
iter 88: gpu_time1_cuda = 0.068480
iter 88: gpu_time2_cuda = 0.003707
iter 88: upload_copy_time1_cuda = 0.001544
iter 88: download_copy_time_cuda = 0.001654
iter 88: upload_copy_time2_cuda = 0.000064
iter 88: download_copy_time_cuda = 0.001532

iter 89: cpu_time_cuda = 0.106748
iter 89: gpu_time1_cuda = 0.064706
iter 89: gpu_time2_cuda = 0.003680
iter 89: upload_copy_time1_cuda = 0.001534
iter 89: download_copy_time_cuda = 0.001461
iter 89: upload_copy_time2_cuda = 0.000065
iter 89: download_copy_time_cuda = 0.001543

iter 90: cpu_time_cuda = 0.105221
iter 90: gpu_time1_cuda = 0.064901
iter 90: gpu_time2_cuda = 0.003634
iter 90: upload_copy_time1_cuda = 0.001558
iter 90: download_copy_time_cuda = 0.001443
iter 90: upload_copy_time2_cuda = 0.000066
iter 90: download_copy_time_cuda = 0.001571

iter 91: cpu_time_cuda = 0.103800
iter 91: gpu_time1_cuda = 0.063257
iter 91: gpu_time2_cuda = 0.003602
iter 91: upload_copy_time1_cuda = 0.001498
iter 91: download_copy_time_cuda = 0.001420
iter 91: upload_copy_time2_cuda = 0.000069
iter 91: download_copy_time_cuda = 0.001578

iter 92: cpu_time_cuda = 0.102460
iter 92: gpu_time1_cuda = 0.061988
iter 92: gpu_time2_cuda = 0.003529
iter 92: upload_copy_time1_cuda = 0.001477
iter 92: download_copy_time_cuda = 0.001407
iter 92: upload_copy_time2_cuda = 0.000061
iter 92: download_copy_time_cuda = 0.001605

iter 93: cpu_time_cuda = 0.101100
iter 93: gpu_time1_cuda = 0.060192
iter 93: gpu_time2_cuda = 0.003510
iter 93: upload_copy_time1_cuda = 0.001457
iter 93: download_copy_time_cuda = 0.001381
iter 93: upload_copy_time2_cuda = 0.000065
iter 93: download_copy_time_cuda = 0.001619

iter 94: cpu_time_cuda = 0.100035
iter 94: gpu_time1_cuda = 0.059973
iter 94: gpu_time2_cuda = 0.003443
iter 94: upload_copy_time1_cuda = 0.001458
iter 94: download_copy_time_cuda = 0.001365
iter 94: upload_copy_time2_cuda = 0.000060
iter 94: download_copy_time_cuda = 0.001631

iter 95: cpu_time_cuda = 0.098475
iter 95: gpu_time1_cuda = 0.057770
iter 95: gpu_time2_cuda = 0.003454
iter 95: upload_copy_time1_cuda = 0.001419
iter 95: download_copy_time_cuda = 0.001369
iter 95: upload_copy_time2_cuda = 0.000064
iter 95: download_copy_time_cuda = 0.001659

iter 96: cpu_time_cuda = 0.097593
iter 96: gpu_time1_cuda = 0.058118
iter 96: gpu_time2_cuda = 0.003377
iter 96: upload_copy_time1_cuda = 0.001439
iter 96: download_copy_time_cuda = 0.001334
iter 96: upload_copy_time2_cuda = 0.000073
iter 96: download_copy_time_cuda = 0.001933

iter 97: cpu_time_cuda = 0.096511
iter 97: gpu_time1_cuda = 0.055151
iter 97: gpu_time2_cuda = 0.003333
iter 97: upload_copy_time1_cuda = 0.001380
iter 97: download_copy_time_cuda = 0.001329
iter 97: upload_copy_time2_cuda = 0.000064
iter 97: download_copy_time_cuda = 0.001969

iter 98: cpu_time_cuda = 0.094731
iter 98: gpu_time1_cuda = 0.055340
iter 98: gpu_time2_cuda = 0.003284
iter 98: upload_copy_time1_cuda = 0.001369
iter 98: download_copy_time_cuda = 0.001331
iter 98: upload_copy_time2_cuda = 0.000065
iter 98: download_copy_time_cuda = 0.001958

iter 99: cpu_time_cuda = 0.093549
iter 99: gpu_time1_cuda = 0.052969
iter 99: gpu_time2_cuda = 0.003255
iter 99: upload_copy_time1_cuda = 0.001346
iter 99: download_copy_time_cuda = 0.001298
iter 99: upload_copy_time2_cuda = 0.000065
iter 99: download_copy_time_cuda = 0.001963

iter 100: cpu_time_cuda = 0.092406
iter 100: gpu_time1_cuda = 0.052514
iter 100: gpu_time2_cuda = 0.003192
iter 100: upload_copy_time1_cuda = 0.001329
iter 100: download_copy_time_cuda = 0.001254
iter 100: upload_copy_time2_cuda = 0.000066
iter 100: download_copy_time_cuda = 0.001740

iter 101: cpu_time_cuda = 0.091128
iter 101: gpu_time1_cuda = 0.047451
iter 101: gpu_time2_cuda = 0.003168
iter 101: upload_copy_time1_cuda = 0.001306
iter 101: download_copy_time_cuda = 0.001252
iter 101: upload_copy_time2_cuda = 0.000060
iter 101: download_copy_time_cuda = 0.001757

iter 102: cpu_time_cuda = 0.089676
iter 102: gpu_time1_cuda = 0.048344
iter 102: gpu_time2_cuda = 0.003085
iter 102: upload_copy_time1_cuda = 0.001292
iter 102: download_copy_time_cuda = 0.001230
iter 102: upload_copy_time2_cuda = 0.000066
iter 102: download_copy_time_cuda = 0.001774

iter 103: cpu_time_cuda = 0.088441
iter 103: gpu_time1_cuda = 0.045002
iter 103: gpu_time2_cuda = 0.003080
iter 103: upload_copy_time1_cuda = 0.001272
iter 103: download_copy_time_cuda = 0.001235
iter 103: upload_copy_time2_cuda = 0.000067
iter 103: download_copy_time_cuda = 0.001788

iter 104: cpu_time_cuda = 0.086796
iter 104: gpu_time1_cuda = 0.044940
iter 104: gpu_time2_cuda = 0.003026
iter 104: upload_copy_time1_cuda = 0.001254
iter 104: download_copy_time_cuda = 0.001188
iter 104: upload_copy_time2_cuda = 0.000065
iter 104: download_copy_time_cuda = 0.001809

iter 105: cpu_time_cuda = 0.085606
iter 105: gpu_time1_cuda = 0.043384
iter 105: gpu_time2_cuda = 0.003009
iter 105: upload_copy_time1_cuda = 0.001233
iter 105: download_copy_time_cuda = 0.001176
iter 105: upload_copy_time2_cuda = 0.000064
iter 105: download_copy_time_cuda = 0.001834

iter 106: cpu_time_cuda = 0.084421
iter 106: gpu_time1_cuda = 0.042660
iter 106: gpu_time2_cuda = 0.002949
iter 106: upload_copy_time1_cuda = 0.001213
iter 106: download_copy_time_cuda = 0.001158
iter 106: upload_copy_time2_cuda = 0.000065
iter 106: download_copy_time_cuda = 0.001842

iter 107: cpu_time_cuda = 0.083012
iter 107: gpu_time1_cuda = 0.041317
iter 107: gpu_time2_cuda = 0.002923
iter 107: upload_copy_time1_cuda = 0.001415
iter 107: download_copy_time_cuda = 0.001155
iter 107: upload_copy_time2_cuda = 0.000066
iter 107: download_copy_time_cuda = 0.002067

iter 108: cpu_time_cuda = 0.081875
iter 108: gpu_time1_cuda = 0.040575
iter 108: gpu_time2_cuda = 0.002874
iter 108: upload_copy_time1_cuda = 0.001368
iter 108: download_copy_time_cuda = 0.001320
iter 108: upload_copy_time2_cuda = 0.000061
iter 108: download_copy_time_cuda = 0.002091

iter 109: cpu_time_cuda = 0.080390
iter 109: gpu_time1_cuda = 0.039488
iter 109: gpu_time2_cuda = 0.002827
iter 109: upload_copy_time1_cuda = 0.001366
iter 109: download_copy_time_cuda = 0.001304
iter 109: upload_copy_time2_cuda = 0.000066
iter 109: download_copy_time_cuda = 0.002106

iter 110: cpu_time_cuda = 0.079195
iter 110: gpu_time1_cuda = 0.038665
iter 110: gpu_time2_cuda = 0.002777
iter 110: upload_copy_time1_cuda = 0.001361
iter 110: download_copy_time_cuda = 0.001299
iter 110: upload_copy_time2_cuda = 0.000063
iter 110: download_copy_time_cuda = 0.002095

iter 111: cpu_time_cuda = 0.078171
iter 111: gpu_time1_cuda = 0.037227
iter 111: gpu_time2_cuda = 0.002757
iter 111: upload_copy_time1_cuda = 0.001408
iter 111: download_copy_time_cuda = 0.001283
iter 111: upload_copy_time2_cuda = 0.000067
iter 111: download_copy_time_cuda = 0.002152

iter 112: cpu_time_cuda = 0.077101
iter 112: gpu_time1_cuda = 0.037087
iter 112: gpu_time2_cuda = 0.002688
iter 112: upload_copy_time1_cuda = 0.001301
iter 112: download_copy_time_cuda = 0.001248
iter 112: upload_copy_time2_cuda = 0.000066
iter 112: download_copy_time_cuda = 0.002155

iter 113: cpu_time_cuda = 0.075205
iter 113: gpu_time1_cuda = 0.034678
iter 113: gpu_time2_cuda = 0.002637
iter 113: upload_copy_time1_cuda = 0.001283
iter 113: download_copy_time_cuda = 0.001264
iter 113: upload_copy_time2_cuda = 0.000066
iter 113: download_copy_time_cuda = 0.002172

iter 114: cpu_time_cuda = 0.073963
iter 114: gpu_time1_cuda = 0.034854
iter 114: gpu_time2_cuda = 0.002593
iter 114: upload_copy_time1_cuda = 0.001262
iter 114: download_copy_time_cuda = 0.001215
iter 114: upload_copy_time2_cuda = 0.000069
iter 114: download_copy_time_cuda = 0.002206

iter 115: cpu_time_cuda = 0.072571
iter 115: gpu_time1_cuda = 0.031240
iter 115: gpu_time2_cuda = 0.002562
iter 115: upload_copy_time1_cuda = 0.001243
iter 115: download_copy_time_cuda = 0.001229
iter 115: upload_copy_time2_cuda = 0.000066
iter 115: download_copy_time_cuda = 0.002244

iter 116: cpu_time_cuda = 0.071209
iter 116: gpu_time1_cuda = 0.030134
iter 116: gpu_time2_cuda = 0.002499
iter 116: upload_copy_time1_cuda = 0.001239
iter 116: download_copy_time_cuda = 0.001175
iter 116: upload_copy_time2_cuda = 0.000066
iter 116: download_copy_time_cuda = 0.002259

iter 117: cpu_time_cuda = 0.069823
iter 117: gpu_time1_cuda = 0.029008
iter 117: gpu_time2_cuda = 0.002466
iter 117: upload_copy_time1_cuda = 0.001209
iter 117: download_copy_time_cuda = 0.001181
iter 117: upload_copy_time2_cuda = 0.000066
iter 117: download_copy_time_cuda = 0.002254

iter 118: cpu_time_cuda = 0.068672
iter 118: gpu_time1_cuda = 0.028683
iter 118: gpu_time2_cuda = 0.002405
iter 118: upload_copy_time1_cuda = 0.001209
iter 118: download_copy_time_cuda = 0.001166
iter 118: upload_copy_time2_cuda = 0.000068
iter 118: download_copy_time_cuda = 0.002243

iter 119: cpu_time_cuda = 0.067418
iter 119: gpu_time1_cuda = 0.027007
iter 119: gpu_time2_cuda = 0.002381
iter 119: upload_copy_time1_cuda = 0.001172
iter 119: download_copy_time_cuda = 0.001127
iter 119: upload_copy_time2_cuda = 0.000065
iter 119: download_copy_time_cuda = 0.002262

iter 120: cpu_time_cuda = 0.066185
iter 120: gpu_time1_cuda = 0.026921
iter 120: gpu_time2_cuda = 0.002353
iter 120: upload_copy_time1_cuda = 0.001159
iter 120: download_copy_time_cuda = 0.001110
iter 120: upload_copy_time2_cuda = 0.000065
iter 120: download_copy_time_cuda = 0.002293

iter 121: cpu_time_cuda = 0.064643
iter 121: gpu_time1_cuda = 0.025364
iter 121: gpu_time2_cuda = 0.002307
iter 121: upload_copy_time1_cuda = 0.001128
iter 121: download_copy_time_cuda = 0.001111
iter 121: upload_copy_time2_cuda = 0.000066
iter 121: download_copy_time_cuda = 0.002287

iter 122: cpu_time_cuda = 0.063444
iter 122: gpu_time1_cuda = 0.025306
iter 122: gpu_time2_cuda = 0.002271
iter 122: upload_copy_time1_cuda = 0.001113
iter 122: download_copy_time_cuda = 0.001123
iter 122: upload_copy_time2_cuda = 0.000065
iter 122: download_copy_time_cuda = 0.002310

iter 123: cpu_time_cuda = 0.062188
iter 123: gpu_time1_cuda = 0.023942
iter 123: gpu_time2_cuda = 0.002234
iter 123: upload_copy_time1_cuda = 0.001105
iter 123: download_copy_time_cuda = 0.001055
iter 123: upload_copy_time2_cuda = 0.000065
iter 123: download_copy_time_cuda = 0.002319

iter 124: cpu_time_cuda = 0.060826
iter 124: gpu_time1_cuda = 0.023773
iter 124: gpu_time2_cuda = 0.002163
iter 124: upload_copy_time1_cuda = 0.001071
iter 124: download_copy_time_cuda = 0.001044
iter 124: upload_copy_time2_cuda = 0.000066
iter 124: download_copy_time_cuda = 0.002379

iter 125: cpu_time_cuda = 0.059470
iter 125: gpu_time1_cuda = 0.022390
iter 125: gpu_time2_cuda = 0.002124
iter 125: upload_copy_time1_cuda = 0.001059
iter 125: download_copy_time_cuda = 0.001036
iter 125: upload_copy_time2_cuda = 0.000065
iter 125: download_copy_time_cuda = 0.002409

iter 126: cpu_time_cuda = 0.058337
iter 126: gpu_time1_cuda = 0.021915
iter 126: gpu_time2_cuda = 0.002093
iter 126: upload_copy_time1_cuda = 0.001039
iter 126: download_copy_time_cuda = 0.001004
iter 126: upload_copy_time2_cuda = 0.000062
iter 126: download_copy_time_cuda = 0.002403

iter 127: cpu_time_cuda = 0.057138
iter 127: gpu_time1_cuda = 0.020858
iter 127: gpu_time2_cuda = 0.002045
iter 127: upload_copy_time1_cuda = 0.001051
iter 127: download_copy_time_cuda = 0.000997
iter 127: upload_copy_time2_cuda = 0.000065
iter 127: download_copy_time_cuda = 0.002415

iter 128: cpu_time_cuda = 0.055676
iter 128: gpu_time1_cuda = 0.020303
iter 128: gpu_time2_cuda = 0.001998
iter 128: upload_copy_time1_cuda = 0.001008
iter 128: download_copy_time_cuda = 0.001000
iter 128: upload_copy_time2_cuda = 0.000066
iter 128: download_copy_time_cuda = 0.002434

iter 129: cpu_time_cuda = 0.054377
iter 129: gpu_time1_cuda = 0.017851
iter 129: gpu_time2_cuda = 0.001952
iter 129: upload_copy_time1_cuda = 0.000989
iter 129: download_copy_time_cuda = 0.000969
iter 129: upload_copy_time2_cuda = 0.000066
iter 129: download_copy_time_cuda = 0.002445

iter 130: cpu_time_cuda = 0.052932
iter 130: gpu_time1_cuda = 0.017525
iter 130: gpu_time2_cuda = 0.001896
iter 130: upload_copy_time1_cuda = 0.000966
iter 130: download_copy_time_cuda = 0.000956
iter 130: upload_copy_time2_cuda = 0.000066
iter 130: download_copy_time_cuda = 0.002439

iter 131: cpu_time_cuda = 0.052037
iter 131: gpu_time1_cuda = 0.016265
iter 131: gpu_time2_cuda = 0.001870
iter 131: upload_copy_time1_cuda = 0.000950
iter 131: download_copy_time_cuda = 0.000947
iter 131: upload_copy_time2_cuda = 0.000065
iter 131: download_copy_time_cuda = 0.002484

iter 132: cpu_time_cuda = 0.050308
iter 132: gpu_time1_cuda = 0.015788
iter 132: gpu_time2_cuda = 0.001820
iter 132: upload_copy_time1_cuda = 0.000928
iter 132: download_copy_time_cuda = 0.000911
iter 132: upload_copy_time2_cuda = 0.000065
iter 132: download_copy_time_cuda = 0.002489

iter 133: cpu_time_cuda = 0.049008
iter 133: gpu_time1_cuda = 0.014743
iter 133: gpu_time2_cuda = 0.001787
iter 133: upload_copy_time1_cuda = 0.000909
iter 133: download_copy_time_cuda = 0.000882
iter 133: upload_copy_time2_cuda = 0.000065
iter 133: download_copy_time_cuda = 0.002500

iter 134: cpu_time_cuda = 0.047748
iter 134: gpu_time1_cuda = 0.014690
iter 134: gpu_time2_cuda = 0.001735
iter 134: upload_copy_time1_cuda = 0.000891
iter 134: download_copy_time_cuda = 0.000872
iter 134: upload_copy_time2_cuda = 0.000065
iter 134: download_copy_time_cuda = 0.002603

iter 135: cpu_time_cuda = 0.046559
iter 135: gpu_time1_cuda = 0.013527
iter 135: gpu_time2_cuda = 0.001695
iter 135: upload_copy_time1_cuda = 0.000874
iter 135: download_copy_time_cuda = 0.000841
iter 135: upload_copy_time2_cuda = 0.000064
iter 135: download_copy_time_cuda = 0.002526

iter 136: cpu_time_cuda = 0.045124
iter 136: gpu_time1_cuda = 0.013344
iter 136: gpu_time2_cuda = 0.001664
iter 136: upload_copy_time1_cuda = 0.000878
iter 136: download_copy_time_cuda = 0.000854
iter 136: upload_copy_time2_cuda = 0.000064
iter 136: download_copy_time_cuda = 0.002547

iter 137: cpu_time_cuda = 0.043699
iter 137: gpu_time1_cuda = 0.012504
iter 137: gpu_time2_cuda = 0.001625
iter 137: upload_copy_time1_cuda = 0.000853
iter 137: download_copy_time_cuda = 0.000820
iter 137: upload_copy_time2_cuda = 0.000065
iter 137: download_copy_time_cuda = 0.002637

iter 138: cpu_time_cuda = 0.042250
iter 138: gpu_time1_cuda = 0.012335
iter 138: gpu_time2_cuda = 0.001570
iter 138: upload_copy_time1_cuda = 0.000623
iter 138: download_copy_time_cuda = 0.000798
iter 138: upload_copy_time2_cuda = 0.000065
iter 138: download_copy_time_cuda = 0.002589

iter 139: cpu_time_cuda = 0.041180
iter 139: gpu_time1_cuda = 0.011360
iter 139: gpu_time2_cuda = 0.001527
iter 139: upload_copy_time1_cuda = 0.000610
iter 139: download_copy_time_cuda = 0.000614
iter 139: upload_copy_time2_cuda = 0.000064
iter 139: download_copy_time_cuda = 0.002402

iter 140: cpu_time_cuda = 0.039988
iter 140: gpu_time1_cuda = 0.011418
iter 140: gpu_time2_cuda = 0.001485
iter 140: upload_copy_time1_cuda = 0.000595
iter 140: download_copy_time_cuda = 0.000568
iter 140: upload_copy_time2_cuda = 0.000067
iter 140: download_copy_time_cuda = 0.002423

iter 141: cpu_time_cuda = 0.038573
iter 141: gpu_time1_cuda = 0.010411
iter 141: gpu_time2_cuda = 0.001439
iter 141: upload_copy_time1_cuda = 0.000586
iter 141: download_copy_time_cuda = 0.000553
iter 141: upload_copy_time2_cuda = 0.000064
iter 141: download_copy_time_cuda = 0.002433

iter 142: cpu_time_cuda = 0.037317
iter 142: gpu_time1_cuda = 0.009010
iter 142: gpu_time2_cuda = 0.001408
iter 142: upload_copy_time1_cuda = 0.000554
iter 142: download_copy_time_cuda = 0.000535
iter 142: upload_copy_time2_cuda = 0.000064
iter 142: download_copy_time_cuda = 0.002465

iter 143: cpu_time_cuda = 0.035940
iter 143: gpu_time1_cuda = 0.008276
iter 143: gpu_time2_cuda = 0.001333
iter 143: upload_copy_time1_cuda = 0.000536
iter 143: download_copy_time_cuda = 0.000518
iter 143: upload_copy_time2_cuda = 0.000063
iter 143: download_copy_time_cuda = 0.002495

iter 144: cpu_time_cuda = 0.034619
iter 144: gpu_time1_cuda = 0.007834
iter 144: gpu_time2_cuda = 0.001292
iter 144: upload_copy_time1_cuda = 0.000521
iter 144: download_copy_time_cuda = 0.000517
iter 144: upload_copy_time2_cuda = 0.000063
iter 144: download_copy_time_cuda = 0.002513

iter 145: cpu_time_cuda = 0.033329
iter 145: gpu_time1_cuda = 0.007039
iter 145: gpu_time2_cuda = 0.001259
iter 145: upload_copy_time1_cuda = 0.000499
iter 145: download_copy_time_cuda = 0.000490
iter 145: upload_copy_time2_cuda = 0.000064
iter 145: download_copy_time_cuda = 0.002518

iter 146: cpu_time_cuda = 0.032057
iter 146: gpu_time1_cuda = 0.006938
iter 146: gpu_time2_cuda = 0.001214
iter 146: upload_copy_time1_cuda = 0.000476
iter 146: download_copy_time_cuda = 0.000485
iter 146: upload_copy_time2_cuda = 0.000063
iter 146: download_copy_time_cuda = 0.002526

iter 147: cpu_time_cuda = 0.030714
iter 147: gpu_time1_cuda = 0.006421
iter 147: gpu_time2_cuda = 0.001177
iter 147: upload_copy_time1_cuda = 0.000467
iter 147: download_copy_time_cuda = 0.000448
iter 147: upload_copy_time2_cuda = 0.000063
iter 147: download_copy_time_cuda = 0.002546

iter 148: cpu_time_cuda = 0.029462
iter 148: gpu_time1_cuda = 0.006065
iter 148: gpu_time2_cuda = 0.001129
iter 148: upload_copy_time1_cuda = 0.000439
iter 148: download_copy_time_cuda = 0.000439
iter 148: upload_copy_time2_cuda = 0.000063
iter 148: download_copy_time_cuda = 0.002556

iter 149: cpu_time_cuda = 0.028089
iter 149: gpu_time1_cuda = 0.005551
iter 149: gpu_time2_cuda = 0.001107
iter 149: upload_copy_time1_cuda = 0.000428
iter 149: download_copy_time_cuda = 0.000423
iter 149: upload_copy_time2_cuda = 0.000064
iter 149: download_copy_time_cuda = 0.002644

iter 150: cpu_time_cuda = 0.026825
iter 150: gpu_time1_cuda = 0.005286
iter 150: gpu_time2_cuda = 0.001039
iter 150: upload_copy_time1_cuda = 0.000410
iter 150: download_copy_time_cuda = 0.000397
iter 150: upload_copy_time2_cuda = 0.000063
iter 150: download_copy_time_cuda = 0.002605

iter 151: cpu_time_cuda = 0.025574
iter 151: gpu_time1_cuda = 0.004685
iter 151: gpu_time2_cuda = 0.000999
iter 151: upload_copy_time1_cuda = 0.000394
iter 151: download_copy_time_cuda = 0.000396
iter 151: upload_copy_time2_cuda = 0.000063
iter 151: download_copy_time_cuda = 0.002614

iter 152: cpu_time_cuda = 0.024284
iter 152: gpu_time1_cuda = 0.004372
iter 152: gpu_time2_cuda = 0.000962
iter 152: upload_copy_time1_cuda = 0.000371
iter 152: download_copy_time_cuda = 0.000357
iter 152: upload_copy_time2_cuda = 0.000064
iter 152: download_copy_time_cuda = 0.002635

iter 153: cpu_time_cuda = 0.023070
iter 153: gpu_time1_cuda = 0.004033
iter 153: gpu_time2_cuda = 0.000917
iter 153: upload_copy_time1_cuda = 0.000354
iter 153: download_copy_time_cuda = 0.000353
iter 153: upload_copy_time2_cuda = 0.000064
iter 153: download_copy_time_cuda = 0.002683

iter 154: cpu_time_cuda = 0.022874
iter 154: gpu_time1_cuda = 0.003721
iter 154: gpu_time2_cuda = 0.000879
iter 154: upload_copy_time1_cuda = 0.000344
iter 154: download_copy_time_cuda = 0.000320
iter 154: upload_copy_time2_cuda = 0.000063
iter 154: download_copy_time_cuda = 0.002666

iter 155: cpu_time_cuda = 0.020448
iter 155: gpu_time1_cuda = 0.003359
iter 155: gpu_time2_cuda = 0.000849
iter 155: upload_copy_time1_cuda = 0.000313
iter 155: download_copy_time_cuda = 0.000293
iter 155: upload_copy_time2_cuda = 0.000064
iter 155: download_copy_time_cuda = 0.002689

iter 156: cpu_time_cuda = 0.019221
iter 156: gpu_time1_cuda = 0.002540
iter 156: gpu_time2_cuda = 0.000811
iter 156: upload_copy_time1_cuda = 0.000292
iter 156: download_copy_time_cuda = 0.000276
iter 156: upload_copy_time2_cuda = 0.000065
iter 156: download_copy_time_cuda = 0.002700

iter 157: cpu_time_cuda = 0.017862
iter 157: gpu_time1_cuda = 0.002271
iter 157: gpu_time2_cuda = 0.000628
iter 157: upload_copy_time1_cuda = 0.000275
iter 157: download_copy_time_cuda = 0.000271
iter 157: upload_copy_time2_cuda = 0.000063
iter 157: download_copy_time_cuda = 0.002722

iter 158: cpu_time_cuda = 0.016527
iter 158: gpu_time1_cuda = 0.001779
iter 158: gpu_time2_cuda = 0.000595
iter 158: upload_copy_time1_cuda = 0.000256
iter 158: download_copy_time_cuda = 0.000244
iter 158: upload_copy_time2_cuda = 0.000057
iter 158: download_copy_time_cuda = 0.002733

iter 159: cpu_time_cuda = 0.015014
iter 159: gpu_time1_cuda = 0.001593
iter 159: gpu_time2_cuda = 0.000568
iter 159: upload_copy_time1_cuda = 0.000245
iter 159: download_copy_time_cuda = 0.000233
iter 159: upload_copy_time2_cuda = 0.000063
iter 159: download_copy_time_cuda = 0.002758

iter 160: cpu_time_cuda = 0.013752
iter 160: gpu_time1_cuda = 0.001378
iter 160: gpu_time2_cuda = 0.000536
iter 160: upload_copy_time1_cuda = 0.000225
iter 160: download_copy_time_cuda = 0.000217
iter 160: upload_copy_time2_cuda = 0.000063
iter 160: download_copy_time_cuda = 0.002773

iter 161: cpu_time_cuda = 0.012597
iter 161: gpu_time1_cuda = 0.001191
iter 161: gpu_time2_cuda = 0.000504
iter 161: upload_copy_time1_cuda = 0.000208
iter 161: download_copy_time_cuda = 0.000193
iter 161: upload_copy_time2_cuda = 0.000063
iter 161: download_copy_time_cuda = 0.002790

iter 162: cpu_time_cuda = 0.011207
iter 162: gpu_time1_cuda = 0.001170
iter 162: gpu_time2_cuda = 0.000467
iter 162: upload_copy_time1_cuda = 0.000188
iter 162: download_copy_time_cuda = 0.000176
iter 162: upload_copy_time2_cuda = 0.000063
iter 162: download_copy_time_cuda = 0.002804

iter 163: cpu_time_cuda = 0.009952
iter 163: gpu_time1_cuda = 0.000978
iter 163: gpu_time2_cuda = 0.000430
iter 163: upload_copy_time1_cuda = 0.000169
iter 163: download_copy_time_cuda = 0.000162
iter 163: upload_copy_time2_cuda = 0.000064
iter 163: download_copy_time_cuda = 0.002828

iter 164: cpu_time_cuda = 0.008787
iter 164: gpu_time1_cuda = 0.000837
iter 164: gpu_time2_cuda = 0.000377
iter 164: upload_copy_time1_cuda = 0.000157
iter 164: download_copy_time_cuda = 0.000148
iter 164: upload_copy_time2_cuda = 0.000057
iter 164: download_copy_time_cuda = 0.002845

iter 165: cpu_time_cuda = 0.007499
iter 165: gpu_time1_cuda = 0.000651
iter 165: gpu_time2_cuda = 0.000353
iter 165: upload_copy_time1_cuda = 0.000127
iter 165: download_copy_time_cuda = 0.000137
iter 165: upload_copy_time2_cuda = 0.000063
iter 165: download_copy_time_cuda = 0.002844

iter 166: cpu_time_cuda = 0.006186
iter 166: gpu_time1_cuda = 0.000504
iter 166: gpu_time2_cuda = 0.000317
iter 166: upload_copy_time1_cuda = 0.000118
iter 166: download_copy_time_cuda = 0.000119
iter 166: upload_copy_time2_cuda = 0.000063
iter 166: download_copy_time_cuda = 0.002876

iter 167: cpu_time_cuda = 0.004863
iter 167: gpu_time1_cuda = 0.000398
iter 167: gpu_time2_cuda = 0.000288
iter 167: upload_copy_time1_cuda = 0.000104
iter 167: download_copy_time_cuda = 0.000118
iter 167: upload_copy_time2_cuda = 0.000063
iter 167: download_copy_time_cuda = 0.002897

iter 168: cpu_time_cuda = 0.003609
iter 168: gpu_time1_cuda = 0.000313
iter 168: gpu_time2_cuda = 0.000262
iter 168: upload_copy_time1_cuda = 0.000099
iter 168: download_copy_time_cuda = 0.000096
iter 168: upload_copy_time2_cuda = 0.000062
iter 168: download_copy_time_cuda = 0.002907

iter 169: cpu_time_cuda = 0.002163
iter 169: gpu_time1_cuda = 0.000249
iter 169: gpu_time2_cuda = 0.000222
iter 169: upload_copy_time1_cuda = 0.000084
iter 169: download_copy_time_cuda = 0.000089
iter 169: upload_copy_time2_cuda = 0.000063
iter 169: download_copy_time_cuda = 0.002934

total_cpu_time_cuda = 18.993187
total_gpu_time_cuda = 16.915236
total_copy_time_cuda = 0.860951
main_loop_time_cuda = 37.329159
20480 20480     ---   (  ---  )    306.79 (  37.34)       ---
total_time = 49.810811
43.97user 6.54system 0:51.57elapsed 97%CPU (0avgtext+0avgdata 6707560maxresident)k
3856inputs+0outputs (1major+842070minor)pagefaults 0swaps
send out message: 22 3 log
