send out message: 24 37 /home/lchen/MAGMA/magma-1.6.1/results
send out message: 20 26 MAGMA_LU_GPUDVFS.total.pwr
MAGMA 1.6.1  compiled for CUDA capability >= 3.0
CUDA runtime 5000, driver 6050. MAGMA not compiled with OpenMP. 
ndevices 1
device 0: Tesla K20c, 705.5 MHz clock, 4799.6 MB memory, capability 3.5
Usage: /home/lchen/MAGMA/magma-1.6.1/testing/testing_dgetrf [options] [-h|--help]

ngpu 1
    M     N   CPU GFlop/s (sec)   GPU GFlop/s (sec)   |PA-LU|/(N*|A|)
=========================================================================
init_time = 0.823109
iter 0: slack_cuda = 0.000000
iter 0: cpu_time_cuda = 0.000000
iter 0: gpu_time_cuda = 0.000000
iter 0: download_copy_time_cuda = 0.000000
iter 0: upload_copy_time_cuda = 0.000774
iter 0: per_iter_time_cuda = 0.001239

iter 1: cpu_time_pred = 0.000000
iter 1: gpu_time_pred = 0.000000
iter 1: slack_pred = 0.000000
iter 1: ratio_split_freq = -nan
iter 1: seconds_until_interrupt = -nan
iter 1: slack_cuda = -0.031493
iter 1: cpu_time_cuda = 0.014986
iter 1: gpu_time_cuda = 0.046479
iter 1: download_copy_time_cuda = 0.000731
iter 1: upload_copy_time_cuda = 0.002179
iter 1: per_iter_time_cuda = 0.065949

iter 2: cpu_time_pred = 0.014670
iter 2: gpu_time_pred = 0.007835
iter 2: slack_pred = 0.006835
iter 2: ratio_split_freq = 0.201439
iter 2: seconds_until_interrupt = 0.008081
iter 2: slack_cuda = -0.002776
iter 2: cpu_time_cuda = 0.014686
iter 2: gpu_time_cuda = 0.017461
iter 2: download_copy_time_cuda = 0.001784
iter 2: upload_copy_time_cuda = 0.000739
iter 2: per_iter_time_cuda = 0.035153

iter 3: cpu_time_pred = 0.014365
iter 3: gpu_time_pred = 0.007513
iter 3: slack_pred = 0.006852
iter 3: ratio_split_freq = 0.210598
iter 3: seconds_until_interrupt = 0.008102
iter 3: slack_cuda = -0.006124
iter 3: cpu_time_cuda = 0.014402
iter 3: gpu_time_cuda = 0.020525
iter 3: download_copy_time_cuda = 0.000681
iter 3: upload_copy_time_cuda = 0.000718
iter 3: per_iter_time_cuda = 0.036784

iter 4: cpu_time_pred = 0.014061
iter 4: gpu_time_pred = 0.007198
iter 4: slack_pred = 0.006863
iter 4: ratio_split_freq = 0.220154
iter 4: seconds_until_interrupt = 0.008115
iter 4: slack_cuda = -0.011586
iter 4: cpu_time_cuda = 0.014103
iter 4: gpu_time_cuda = 0.025689
iter 4: download_copy_time_cuda = 0.000667
iter 4: upload_copy_time_cuda = 0.000703
iter 4: per_iter_time_cuda = 0.041637

iter 5: cpu_time_pred = 0.013757
iter 5: gpu_time_pred = 0.006890
iter 5: slack_pred = 0.006867
iter 5: ratio_split_freq = 0.230133
iter 5: seconds_until_interrupt = 0.008119
iter 5: slack_cuda = -0.006495
iter 5: cpu_time_cuda = 0.013868
iter 5: gpu_time_cuda = 0.020363
iter 5: download_copy_time_cuda = 0.000662
iter 5: upload_copy_time_cuda = 0.000688
iter 5: per_iter_time_cuda = 0.036043

iter 6: cpu_time_pred = 0.013452
iter 6: gpu_time_pred = 0.006588
iter 6: slack_pred = 0.006864
iter 6: ratio_split_freq = 0.240564
iter 6: seconds_until_interrupt = 0.008116
iter 6: slack_cuda = -0.006490
iter 6: cpu_time_cuda = 0.013582
iter 6: gpu_time_cuda = 0.020072
iter 6: download_copy_time_cuda = 0.000647
iter 6: upload_copy_time_cuda = 0.000683
iter 6: per_iter_time_cuda = 0.035470

iter 7: cpu_time_pred = 0.013148
iter 7: gpu_time_pred = 0.006293
iter 7: slack_pred = 0.006854
iter 7: ratio_split_freq = 0.251477
iter 7: seconds_until_interrupt = 0.008104
iter 7: slack_cuda = -0.010721
iter 7: cpu_time_cuda = 0.013238
iter 7: gpu_time_cuda = 0.023959
iter 7: download_copy_time_cuda = 0.000646
iter 7: upload_copy_time_cuda = 0.000668
iter 7: per_iter_time_cuda = 0.038961

iter 8: cpu_time_pred = 0.012844
iter 8: gpu_time_pred = 0.006005
iter 8: slack_pred = 0.006838
iter 8: ratio_split_freq = 0.262908
iter 8: seconds_until_interrupt = 0.008085
iter 8: slack_cuda = -0.006549
iter 8: cpu_time_cuda = 0.012931
iter 8: gpu_time_cuda = 0.019480
iter 8: download_copy_time_cuda = 0.000614
iter 8: upload_copy_time_cuda = 0.000639
iter 8: per_iter_time_cuda = 0.034124

iter 9: cpu_time_pred = 0.012539
iter 9: gpu_time_pred = 0.005724
iter 9: slack_pred = 0.006815
iter 9: ratio_split_freq = 0.274893
iter 9: seconds_until_interrupt = 0.008058
iter 9: slack_cuda = -0.006573
iter 9: cpu_time_cuda = 0.012671
iter 9: gpu_time_cuda = 0.019245
iter 9: download_copy_time_cuda = 0.000614
iter 9: upload_copy_time_cuda = 0.000631
iter 9: per_iter_time_cuda = 0.033616

iter 10: cpu_time_pred = 0.012235
iter 10: gpu_time_pred = 0.005450
iter 10: slack_pred = 0.006785
iter 10: ratio_split_freq = 0.287475
iter 10: seconds_until_interrupt = 0.008022
iter 10: slack_cuda = -0.006746
iter 10: cpu_time_cuda = 0.012282
iter 10: gpu_time_cuda = 0.019028
iter 10: download_copy_time_cuda = 0.000592
iter 10: upload_copy_time_cuda = 0.000624
iter 10: per_iter_time_cuda = 0.032983

iter 11: cpu_time_pred = 0.011931
iter 11: gpu_time_pred = 0.005182
iter 11: slack_pred = 0.006749
iter 11: ratio_split_freq = 0.300699
iter 11: seconds_until_interrupt = 0.007979
iter 11: slack_cuda = -0.006481
iter 11: cpu_time_cuda = 0.011983
iter 11: gpu_time_cuda = 0.018464
iter 11: download_copy_time_cuda = 0.000576
iter 11: upload_copy_time_cuda = 0.000610
iter 11: per_iter_time_cuda = 0.032074

iter 12: cpu_time_pred = 0.011626
iter 12: gpu_time_pred = 0.004921
iter 12: slack_pred = 0.006705
iter 12: ratio_split_freq = 0.314615
iter 12: seconds_until_interrupt = 0.007928
iter 12: slack_cuda = -0.006808
iter 12: cpu_time_cuda = 0.011693
iter 12: gpu_time_cuda = 0.018501
iter 12: download_copy_time_cuda = 0.000559
iter 12: upload_copy_time_cuda = 0.000585
iter 12: per_iter_time_cuda = 0.031784

iter 13: cpu_time_pred = 0.011322
iter 13: gpu_time_pred = 0.004667
iter 13: slack_pred = 0.006655
iter 13: ratio_split_freq = 0.329279
iter 13: seconds_until_interrupt = 0.007869
iter 13: slack_cuda = -0.006794
iter 13: cpu_time_cuda = 0.011437
iter 13: gpu_time_cuda = 0.018232
iter 13: download_copy_time_cuda = 0.000549
iter 13: upload_copy_time_cuda = 0.000580
iter 13: per_iter_time_cuda = 0.031227

iter 14: cpu_time_pred = 0.011017
iter 14: gpu_time_pred = 0.004419
iter 14: slack_pred = 0.006598
iter 14: ratio_split_freq = 0.344753
iter 14: seconds_until_interrupt = 0.007801
iter 14: slack_cuda = -0.010864
iter 14: cpu_time_cuda = 0.011129
iter 14: gpu_time_cuda = 0.021994
iter 14: download_copy_time_cuda = 0.000539
iter 14: upload_copy_time_cuda = 0.000561
iter 14: per_iter_time_cuda = 0.034665

iter 15: cpu_time_pred = 0.010713
iter 15: gpu_time_pred = 0.004178
iter 15: slack_pred = 0.006535
iter 15: ratio_split_freq = 0.361107
iter 15: seconds_until_interrupt = 0.007726
iter 15: slack_cuda = -0.006707
iter 15: cpu_time_cuda = 0.010793
iter 15: gpu_time_cuda = 0.017500
iter 15: download_copy_time_cuda = 0.000526
iter 15: upload_copy_time_cuda = 0.000550
iter 15: per_iter_time_cuda = 0.029788

iter 16: cpu_time_pred = 0.010409
iter 16: gpu_time_pred = 0.003944
iter 16: slack_pred = 0.006464
iter 16: ratio_split_freq = 0.378417
iter 16: seconds_until_interrupt = 0.007643
iter 16: slack_cuda = -0.006891
iter 16: cpu_time_cuda = 0.010526
iter 16: gpu_time_cuda = 0.017417
iter 16: download_copy_time_cuda = 0.000508
iter 16: upload_copy_time_cuda = 0.000534
iter 16: per_iter_time_cuda = 0.029426

iter 17: cpu_time_pred = 0.010104
iter 17: gpu_time_pred = 0.003717
iter 17: slack_pred = 0.006387
iter 17: ratio_split_freq = 0.396769
iter 17: seconds_until_interrupt = 0.007552
iter 17: slack_cuda = -0.006775
iter 17: cpu_time_cuda = 0.010309
iter 17: gpu_time_cuda = 0.017084
iter 17: download_copy_time_cuda = 0.000494
iter 17: upload_copy_time_cuda = 0.000524
iter 17: per_iter_time_cuda = 0.033520

iter 18: cpu_time_pred = 0.009800
iter 18: gpu_time_pred = 0.003496
iter 18: slack_pred = 0.006304
iter 18: ratio_split_freq = 0.416262
iter 18: seconds_until_interrupt = 0.007453
iter 18: slack_cuda = -0.006827
iter 18: cpu_time_cuda = 0.009955
iter 18: gpu_time_cuda = 0.016782
iter 18: download_copy_time_cuda = 0.000490
iter 18: upload_copy_time_cuda = 0.000503
iter 18: per_iter_time_cuda = 0.028389

iter 19: cpu_time_pred = 0.009496
iter 19: gpu_time_pred = 0.003283
iter 19: slack_pred = 0.006213
iter 19: ratio_split_freq = 0.437004
iter 19: seconds_until_interrupt = 0.007346
iter 19: slack_cuda = -0.006555
iter 19: cpu_time_cuda = 0.009714
iter 19: gpu_time_cuda = 0.016269
iter 19: download_copy_time_cuda = 0.000475
iter 19: upload_copy_time_cuda = 0.000489
iter 19: per_iter_time_cuda = 0.027986

iter 20: cpu_time_pred = 0.009191
iter 20: gpu_time_pred = 0.003076
iter 20: slack_pred = 0.006116
iter 20: ratio_split_freq = 0.459120
iter 20: seconds_until_interrupt = 0.007231
iter 20: slack_cuda = -0.006993
iter 20: cpu_time_cuda = 0.009361
iter 20: gpu_time_cuda = 0.016354
iter 20: download_copy_time_cuda = 0.000452
iter 20: upload_copy_time_cuda = 0.000472
iter 20: per_iter_time_cuda = 0.027543

iter 21: cpu_time_pred = 0.008887
iter 21: gpu_time_pred = 0.002875
iter 21: slack_pred = 0.006012
iter 21: ratio_split_freq = 0.482751
iter 21: seconds_until_interrupt = 0.007108
iter 21: slack_cuda = -0.011338
iter 21: cpu_time_cuda = 0.008917
iter 21: gpu_time_cuda = 0.020255
iter 21: download_copy_time_cuda = 0.000441
iter 21: upload_copy_time_cuda = 0.000465
iter 21: per_iter_time_cuda = 0.034127

iter 22: cpu_time_pred = 0.008583
iter 22: gpu_time_pred = 0.002682
iter 22: slack_pred = 0.005901
iter 22: ratio_split_freq = 0.508057
iter 22: seconds_until_interrupt = 0.006977
iter 22: slack_cuda = -0.006891
iter 22: cpu_time_cuda = 0.008873
iter 22: gpu_time_cuda = 0.015765
iter 22: download_copy_time_cuda = 0.000428
iter 22: upload_copy_time_cuda = 0.000450
iter 22: per_iter_time_cuda = 0.026634

iter 23: cpu_time_pred = 0.008278
iter 23: gpu_time_pred = 0.002495
iter 23: slack_pred = 0.005783
iter 23: ratio_split_freq = 0.535224
iter 23: seconds_until_interrupt = 0.006838
iter 23: slack_cuda = -0.006869
iter 23: cpu_time_cuda = 0.008475
iter 23: gpu_time_cuda = 0.015344
iter 23: download_copy_time_cuda = 0.000422
iter 23: upload_copy_time_cuda = 0.000436
iter 23: per_iter_time_cuda = 0.026358

iter 24: cpu_time_pred = 0.007974
iter 24: gpu_time_pred = 0.002315
iter 24: slack_pred = 0.005659
iter 24: ratio_split_freq = 0.564466
iter 24: seconds_until_interrupt = 0.006691
iter 24: slack_cuda = -0.007089
iter 24: cpu_time_cuda = 0.008105
iter 24: gpu_time_cuda = 0.015194
iter 24: download_copy_time_cuda = 0.000403
iter 24: upload_copy_time_cuda = 0.000417
iter 24: per_iter_time_cuda = 0.025838

iter 25: cpu_time_pred = 0.007670
iter 25: gpu_time_pred = 0.002142
iter 25: slack_pred = 0.005528
iter 25: ratio_split_freq = 0.596027
iter 25: seconds_until_interrupt = 0.006536
iter 25: slack_cuda = -0.008947
iter 25: cpu_time_cuda = 0.007733
iter 25: gpu_time_cuda = 0.016680
iter 25: download_copy_time_cuda = 0.000389
iter 25: upload_copy_time_cuda = 0.000405
iter 25: per_iter_time_cuda = 0.034985

iter 26: cpu_time_pred = 0.007365
iter 26: gpu_time_pred = 0.001975
iter 26: slack_pred = 0.005390
iter 26: ratio_split_freq = 0.630198
iter 26: seconds_until_interrupt = 0.006373
iter 26: slack_cuda = -0.007106
iter 26: cpu_time_cuda = 0.007428
iter 26: gpu_time_cuda = 0.014534
iter 26: download_copy_time_cuda = 0.000372
iter 26: upload_copy_time_cuda = 0.000390
iter 26: per_iter_time_cuda = 0.024615

iter 27: cpu_time_pred = 0.007061
iter 27: gpu_time_pred = 0.001815
iter 27: slack_pred = 0.005246
iter 27: ratio_split_freq = 0.667314
iter 27: seconds_until_interrupt = 0.006202
iter 27: slack_cuda = -0.006945
iter 27: cpu_time_cuda = 0.007155
iter 27: gpu_time_cuda = 0.014100
iter 27: download_copy_time_cuda = 0.000367
iter 27: upload_copy_time_cuda = 0.000378
iter 27: per_iter_time_cuda = 0.024268

iter 28: cpu_time_pred = 0.006757
iter 28: gpu_time_pred = 0.001662
iter 28: slack_pred = 0.005095
iter 28: ratio_split_freq = 0.707773
iter 28: seconds_until_interrupt = 0.006024
iter 28: slack_cuda = -0.007082
iter 28: cpu_time_cuda = 0.006914
iter 28: gpu_time_cuda = 0.013996
iter 28: download_copy_time_cuda = 0.000351
iter 28: upload_copy_time_cuda = 0.000362
iter 28: per_iter_time_cuda = 0.023823

iter 29: cpu_time_pred = 0.006452
iter 29: gpu_time_pred = 0.001516
iter 29: slack_pred = 0.004937
iter 29: ratio_split_freq = 0.752050
iter 29: seconds_until_interrupt = 0.005837
iter 29: slack_cuda = -0.007146
iter 29: cpu_time_cuda = 0.006560
iter 29: gpu_time_cuda = 0.013707
iter 29: download_copy_time_cuda = 0.000335
iter 29: upload_copy_time_cuda = 0.000348
iter 29: per_iter_time_cuda = 0.023160

iter 30: cpu_time_pred = 0.006148
iter 30: gpu_time_pred = 0.001376
iter 30: slack_pred = 0.004772
iter 30: ratio_split_freq = 0.800711
iter 30: seconds_until_interrupt = 0.005642
iter 30: slack_cuda = -0.012525
iter 30: cpu_time_cuda = 0.006344
iter 30: gpu_time_cuda = 0.018869
iter 30: download_copy_time_cuda = 0.000320
iter 30: upload_copy_time_cuda = 0.000334
iter 30: per_iter_time_cuda = 0.028817

iter 31: cpu_time_pred = 0.005844
iter 31: gpu_time_pred = 0.001243
iter 31: slack_pred = 0.004600
iter 31: ratio_split_freq = 0.854440
iter 31: seconds_until_interrupt = 0.005439
iter 31: slack_cuda = -0.005353
iter 31: cpu_time_cuda = 0.006056
iter 31: gpu_time_cuda = 0.011409
iter 31: download_copy_time_cuda = 0.000306
iter 31: upload_copy_time_cuda = 0.000321
iter 31: per_iter_time_cuda = 0.022300

iter 32: cpu_time_pred = 0.005539
iter 32: gpu_time_pred = 0.001117
iter 32: slack_pred = 0.004422
iter 32: ratio_split_freq = 0.914074
iter 32: seconds_until_interrupt = 0.005228
iter 32: slack_cuda = -0.005483
iter 32: cpu_time_cuda = 0.005919
iter 32: gpu_time_cuda = 0.011402
iter 32: download_copy_time_cuda = 0.000299
iter 32: upload_copy_time_cuda = 0.000303
iter 32: per_iter_time_cuda = 0.021950

iter 33: cpu_time_pred = 0.005235
iter 33: gpu_time_pred = 0.000998
iter 33: slack_pred = 0.004237
iter 33: ratio_split_freq = 0.980642
iter 33: seconds_until_interrupt = 0.005010
iter 33: slack_cuda = -0.005475
iter 33: cpu_time_cuda = 0.005476
iter 33: gpu_time_cuda = 0.010951
iter 33: download_copy_time_cuda = 0.000281
iter 33: upload_copy_time_cuda = 0.000289
iter 33: per_iter_time_cuda = 0.021272

iter 34: cpu_time_pred = 0.004930
iter 34: gpu_time_pred = 0.000885
iter 34: slack_pred = 0.004045
iter 34: ratio_split_freq = 1.055428
iter 34: seconds_until_interrupt = 0.004783
iter 34: slack_cuda = -0.005093
iter 34: cpu_time_cuda = 0.005179
iter 34: gpu_time_cuda = 0.010272
iter 34: download_copy_time_cuda = 0.000269
iter 34: upload_copy_time_cuda = 0.000277
iter 34: per_iter_time_cuda = 0.020821

iter 35: cpu_time_pred = 0.004626
iter 35: gpu_time_pred = 0.000779
iter 35: slack_pred = 0.003847
iter 35: ratio_split_freq = 1.140054
iter 35: seconds_until_interrupt = 0.004548
iter 35: slack_cuda = -0.005082
iter 35: cpu_time_cuda = 0.010069
iter 35: gpu_time_cuda = 0.015151
iter 35: download_copy_time_cuda = 0.000252
iter 35: upload_copy_time_cuda = 0.000274
iter 35: per_iter_time_cuda = 0.026043

iter 36: cpu_time_pred = 0.004322
iter 36: gpu_time_pred = 0.000680
iter 36: slack_pred = 0.003642
iter 36: ratio_split_freq = 1.236600
iter 36: seconds_until_interrupt = 0.004306
iter 36: slack_cuda = -0.004534
iter 36: cpu_time_cuda = 0.004565
iter 36: gpu_time_cuda = 0.009099
iter 36: download_copy_time_cuda = 0.000249
iter 36: upload_copy_time_cuda = 0.000279
iter 36: per_iter_time_cuda = 0.019457

iter 37: cpu_time_pred = 0.004017
iter 37: gpu_time_pred = 0.000588
iter 37: slack_pred = 0.003430
iter 37: ratio_split_freq = 1.347773
iter 37: seconds_until_interrupt = 0.004055
iter 37: slack_cuda = 0.001078
iter 37: cpu_time_cuda = 0.009592
iter 37: gpu_time_cuda = 0.008515
iter 37: download_copy_time_cuda = 0.000229
iter 37: upload_copy_time_cuda = 0.000273
iter 37: per_iter_time_cuda = 0.018902

iter 38: cpu_time_pred = 0.003713
iter 38: gpu_time_pred = 0.000502
iter 38: slack_pred = 0.003211
iter 38: ratio_split_freq = 1.477172
iter 38: seconds_until_interrupt = 0.003797
iter 38: slack_cuda = 0.001045
iter 38: cpu_time_cuda = 0.009180
iter 38: gpu_time_cuda = 0.008134
iter 38: download_copy_time_cuda = 0.000213
iter 38: upload_copy_time_cuda = 0.000272
iter 38: per_iter_time_cuda = 0.018093

iter 39: cpu_time_pred = 0.003409
iter 39: gpu_time_pred = 0.000423
iter 39: slack_pred = 0.002986
iter 39: ratio_split_freq = 1.629678
iter 39: seconds_until_interrupt = 0.003530
iter 39: slack_cuda = 0.001388
iter 39: cpu_time_cuda = 0.008842
iter 39: gpu_time_cuda = 0.007454
iter 39: download_copy_time_cuda = 0.000199
iter 39: upload_copy_time_cuda = 0.000270
iter 39: per_iter_time_cuda = 0.017053

iter 40: cpu_time_pred = 0.003104
iter 40: gpu_time_pred = 0.000351
iter 40: slack_pred = 0.002754
iter 40: ratio_split_freq = 1.812087
iter 40: seconds_until_interrupt = 0.003256
iter 40: slack_cuda = 0.001821
iter 40: cpu_time_cuda = 0.009127
iter 40: gpu_time_cuda = 0.007306
iter 40: download_copy_time_cuda = 0.000185
iter 40: upload_copy_time_cuda = 0.000263
iter 40: per_iter_time_cuda = 0.017176

iter 41: cpu_time_pred = 0.002800
iter 41: gpu_time_pred = 0.000285
iter 41: slack_pred = 0.002515
iter 41: ratio_split_freq = 2.034150
iter 41: seconds_until_interrupt = 0.002973
iter 41: slack_cuda = -0.004324
iter 41: cpu_time_cuda = 0.008197
iter 41: gpu_time_cuda = 0.012521
iter 41: download_copy_time_cuda = 0.000175
iter 41: upload_copy_time_cuda = 0.000273
iter 41: per_iter_time_cuda = 0.021464

iter 42: cpu_time_pred = 0.002496
iter 42: gpu_time_pred = 0.000227
iter 42: slack_pred = 0.002269
iter 42: ratio_split_freq = 2.310375
iter 42: seconds_until_interrupt = 0.002683
iter 42: slack_cuda = 0.001482
iter 42: cpu_time_cuda = 0.007977
iter 42: gpu_time_cuda = 0.006495
iter 42: download_copy_time_cuda = 0.000159
iter 42: upload_copy_time_cuda = 0.000267
iter 42: per_iter_time_cuda = 0.015185

iter 43: cpu_time_pred = 0.002191
iter 43: gpu_time_pred = 0.000175
iter 43: slack_pred = 0.002016
iter 43: ratio_split_freq = 2.663329
iter 43: seconds_until_interrupt = 0.002384
iter 43: slack_cuda = 0.001588
iter 43: cpu_time_cuda = 0.007766
iter 43: gpu_time_cuda = 0.006179
iter 43: download_copy_time_cuda = 0.000143
iter 43: upload_copy_time_cuda = 0.000257
iter 43: per_iter_time_cuda = 0.014620

iter 44: cpu_time_pred = 0.001887
iter 44: gpu_time_pred = 0.000130
iter 44: slack_pred = 0.001757
iter 44: ratio_split_freq = 3.130139
iter 44: seconds_until_interrupt = 0.002078
iter 44: slack_cuda = 0.000550
iter 44: cpu_time_cuda = 0.007459
iter 44: gpu_time_cuda = 0.006910
iter 44: download_copy_time_cuda = 0.000126
iter 44: upload_copy_time_cuda = 0.000256
iter 44: per_iter_time_cuda = 0.015020

iter 45: cpu_time_pred = 0.001583
iter 45: gpu_time_pred = 0.000091
iter 45: slack_pred = 0.001491
iter 45: ratio_split_freq = 3.776491
iter 45: seconds_until_interrupt = 0.001763
iter 45: slack_cuda = 0.001408
iter 45: cpu_time_cuda = 0.007227
iter 45: gpu_time_cuda = 0.005819
iter 45: download_copy_time_cuda = 0.000125
iter 45: upload_copy_time_cuda = 0.000250
iter 45: per_iter_time_cuda = 0.013689

iter 46: cpu_time_pred = 0.001278
iter 46: gpu_time_pred = 0.000059
iter 46: slack_pred = 0.001219
iter 46: ratio_split_freq = 4.730631
iter 46: seconds_until_interrupt = 0.001441
iter 46: slack_cuda = 0.001447
iter 46: cpu_time_cuda = 0.006883
iter 46: gpu_time_cuda = 0.005436
iter 46: download_copy_time_cuda = 0.000105
iter 46: upload_copy_time_cuda = 0.000244
iter 46: per_iter_time_cuda = 0.012936

iter 47: cpu_time_pred = 0.000974
iter 47: gpu_time_pred = 0.000035
iter 47: slack_pred = 0.000939
iter 47: ratio_split_freq = 6.281107
iter 47: seconds_until_interrupt = 0.001111
iter 47: slack_cuda = 0.001272
iter 47: cpu_time_cuda = 0.006624
iter 47: gpu_time_cuda = 0.005351
iter 47: download_copy_time_cuda = 0.000091
iter 47: upload_copy_time_cuda = 0.000244
iter 47: per_iter_time_cuda = 0.012569

iter 48: cpu_time_pred = 0.000670
iter 48: gpu_time_pred = 0.000016
iter 48: slack_pred = 0.000653
iter 48: ratio_split_freq = 9.241107
iter 48: seconds_until_interrupt = 0.000772
iter 48: slack_cuda = -0.004233
iter 48: cpu_time_cuda = 0.001147
iter 48: gpu_time_cuda = 0.005380
iter 48: download_copy_time_cuda = 0.000081
iter 48: upload_copy_time_cuda = 0.000252
iter 48: per_iter_time_cuda = 0.023144

iter 49: cpu_time_pred = 0.000365
iter 49: gpu_time_pred = 0.000005
iter 49: slack_pred = 0.000360
iter 49: ratio_split_freq = 17.134440
iter 49: seconds_until_interrupt = 0.000426
iter 49: slack_cuda = -0.004608
iter 49: cpu_time_cuda = 0.000631
iter 49: gpu_time_cuda = 0.005239
iter 49: download_copy_time_cuda = 0.000079
iter 49: upload_copy_time_cuda = 0.000250
iter 49: per_iter_time_cuda = 0.011309

iter 50: cpu_time_pred = 0.000061
iter 50: gpu_time_pred = 0.000000
iter 50: slack_pred = 0.000061
iter 50: ratio_split_freq = 103.961108
iter 50: seconds_until_interrupt = 0.000072
iter 50: slack_cuda = -0.004883
iter 50: cpu_time_cuda = 0.000305
iter 50: gpu_time_cuda = 0.005188
iter 50: download_copy_time_cuda = 0.000070
iter 50: upload_copy_time_cuda = 0.000234
iter 50: per_iter_time_cuda = 0.010850

total_slack_overflow = -0.298256
total_cpu_time_cuda = 0.448375
total_gpu_time_cuda = 0.733553
total_copy_time_cuda = 0.044058
main_loop_time_cuda = 1.328987
Normalized difference of predicted CPU runtime per iteration is: 0.000000%
Normalized difference of predicted GPU runtime per iteration is: 0.000000%
Normalized difference of predicted slack per iteration is: 0.000000%
 5120  5120     ---   (  ---  )     63.31 (   1.41)     ---   
total_time = 2.369732
1.75user 0.80system 0:03.98elapsed 64%CPU (0avgtext+0avgdata 358524maxresident)k
3928inputs+0outputs (1major+71938minor)pagefaults 0swaps
send out message: 22 3 log
