send out message: 24 37 /home/lchen/MAGMA/magma-1.6.1/results
send out message: 20 26 MAGMA_LU_GPUDVFS.total.pwr
MAGMA 1.6.1  compiled for CUDA capability >= 3.0
CUDA runtime 5000, driver 6050. MAGMA not compiled with OpenMP. 
ndevices 1
device 0: Tesla K20c, 705.5 MHz clock, 4799.6 MB memory, capability 3.5
Usage: /home/lchen/MAGMA/magma-1.6.1/testing/testing_dgeqrf [options] [-h|--help]

ngpu 1
    M     N   CPU GFlop/s (sec)   GPU GFlop/s (sec)   |R - Q^H*A|   |I - Q^H*Q|
===============================================================================
init_time = 2.808702
iter 0: cpu_time_cuda = 0.000002
iter 0: gpu_time1_cuda = -169194725594365633232896.000000
iter 0: gpu_time2_cuda = 0.004665
iter 0: upload_copy_time1_cuda = 0.001611
iter 0: download_copy_time_cuda = 0.000000
iter 0: upload_copy_time2_cuda = 0.000076
iter 0: download_copy_time_cuda = -169194563464779047895040.000000

iter 1: cpu_time_cuda = 0.109798
iter 1: gpu_time1_cuda = 0.070821
iter 1: gpu_time2_cuda = 0.004576
iter 1: upload_copy_time1_cuda = 0.001580
iter 1: download_copy_time_cuda = 0.001510
iter 1: upload_copy_time2_cuda = 0.000068
iter 1: download_copy_time_cuda = 0.000083

iter 2: cpu_time_cuda = 0.110715
iter 2: gpu_time1_cuda = 0.066416
iter 2: gpu_time2_cuda = 0.004524
iter 2: upload_copy_time1_cuda = 0.001561
iter 2: download_copy_time_cuda = 0.001502
iter 2: upload_copy_time2_cuda = 0.000066
iter 2: download_copy_time_cuda = 0.000096

iter 3: cpu_time_cuda = 0.110524
iter 3: gpu_time1_cuda = 0.065056
iter 3: gpu_time2_cuda = 0.004450
iter 3: upload_copy_time1_cuda = 0.001543
iter 3: download_copy_time_cuda = 0.001477
iter 3: upload_copy_time2_cuda = 0.000067
iter 3: download_copy_time_cuda = 0.000111

iter 4: cpu_time_cuda = 0.105643
iter 4: gpu_time1_cuda = 0.064177
iter 4: gpu_time2_cuda = 0.004412
iter 4: upload_copy_time1_cuda = 0.001525
iter 4: download_copy_time_cuda = 0.001483
iter 4: upload_copy_time2_cuda = 0.000066
iter 4: download_copy_time_cuda = 0.000122

iter 5: cpu_time_cuda = 0.104343
iter 5: gpu_time1_cuda = 0.062071
iter 5: gpu_time2_cuda = 0.004370
iter 5: upload_copy_time1_cuda = 0.001504
iter 5: download_copy_time_cuda = 0.001431
iter 5: upload_copy_time2_cuda = 0.000066
iter 5: download_copy_time_cuda = 0.000137

iter 6: cpu_time_cuda = 0.103129
iter 6: gpu_time1_cuda = 0.061547
iter 6: gpu_time2_cuda = 0.004300
iter 6: upload_copy_time1_cuda = 0.001486
iter 6: download_copy_time_cuda = 0.001410
iter 6: upload_copy_time2_cuda = 0.000066
iter 6: download_copy_time_cuda = 0.000150

iter 7: cpu_time_cuda = 0.101973
iter 7: gpu_time1_cuda = 0.059634
iter 7: gpu_time2_cuda = 0.004262
iter 7: upload_copy_time1_cuda = 0.001473
iter 7: download_copy_time_cuda = 0.001396
iter 7: upload_copy_time2_cuda = 0.000069
iter 7: download_copy_time_cuda = 0.000167

iter 8: cpu_time_cuda = 0.100402
iter 8: gpu_time1_cuda = 0.059519
iter 8: gpu_time2_cuda = 0.004231
iter 8: upload_copy_time1_cuda = 0.001448
iter 8: download_copy_time_cuda = 0.001376
iter 8: upload_copy_time2_cuda = 0.000067
iter 8: download_copy_time_cuda = 0.000177

iter 9: cpu_time_cuda = 0.099149
iter 9: gpu_time1_cuda = 0.056497
iter 9: gpu_time2_cuda = 0.004156
iter 9: upload_copy_time1_cuda = 0.001424
iter 9: download_copy_time_cuda = 0.001364
iter 9: upload_copy_time2_cuda = 0.000065
iter 9: download_copy_time_cuda = 0.000192

iter 10: cpu_time_cuda = 0.097673
iter 10: gpu_time1_cuda = 0.055923
iter 10: gpu_time2_cuda = 0.004083
iter 10: upload_copy_time1_cuda = 0.001405
iter 10: download_copy_time_cuda = 0.001338
iter 10: upload_copy_time2_cuda = 0.000064
iter 10: download_copy_time_cuda = 0.000198

iter 11: cpu_time_cuda = 0.096669
iter 11: gpu_time1_cuda = 0.054885
iter 11: gpu_time2_cuda = 0.004046
iter 11: upload_copy_time1_cuda = 0.001394
iter 11: download_copy_time_cuda = 0.001338
iter 11: upload_copy_time2_cuda = 0.000065
iter 11: download_copy_time_cuda = 0.000223

iter 12: cpu_time_cuda = 0.095476
iter 12: gpu_time1_cuda = 0.054511
iter 12: gpu_time2_cuda = 0.003993
iter 12: upload_copy_time1_cuda = 0.001376
iter 12: download_copy_time_cuda = 0.001307
iter 12: upload_copy_time2_cuda = 0.000064
iter 12: download_copy_time_cuda = 0.000227

iter 13: cpu_time_cuda = 0.094342
iter 13: gpu_time1_cuda = 0.052163
iter 13: gpu_time2_cuda = 0.003962
iter 13: upload_copy_time1_cuda = 0.001364
iter 13: download_copy_time_cuda = 0.001289
iter 13: upload_copy_time2_cuda = 0.000066
iter 13: download_copy_time_cuda = 0.000243

iter 14: cpu_time_cuda = 0.092755
iter 14: gpu_time1_cuda = 0.051569
iter 14: gpu_time2_cuda = 0.003889
iter 14: upload_copy_time1_cuda = 0.001347
iter 14: download_copy_time_cuda = 0.001270
iter 14: upload_copy_time2_cuda = 0.000060
iter 14: download_copy_time_cuda = 0.000265

iter 15: cpu_time_cuda = 0.091422
iter 15: gpu_time1_cuda = 0.046726
iter 15: gpu_time2_cuda = 0.003861
iter 15: upload_copy_time1_cuda = 0.001319
iter 15: download_copy_time_cuda = 0.001254
iter 15: upload_copy_time2_cuda = 0.000065
iter 15: download_copy_time_cuda = 0.000278

iter 16: cpu_time_cuda = 0.090128
iter 16: gpu_time1_cuda = 0.046684
iter 16: gpu_time2_cuda = 0.003780
iter 16: upload_copy_time1_cuda = 0.001299
iter 16: download_copy_time_cuda = 0.001249
iter 16: upload_copy_time2_cuda = 0.000066
iter 16: download_copy_time_cuda = 0.000295

iter 17: cpu_time_cuda = 0.088608
iter 17: gpu_time1_cuda = 0.045108
iter 17: gpu_time2_cuda = 0.003725
iter 17: upload_copy_time1_cuda = 0.001297
iter 17: download_copy_time_cuda = 0.001218
iter 17: upload_copy_time2_cuda = 0.000066
iter 17: download_copy_time_cuda = 0.000315

iter 18: cpu_time_cuda = 0.087514
iter 18: gpu_time1_cuda = 0.044832
iter 18: gpu_time2_cuda = 0.003681
iter 18: upload_copy_time1_cuda = 0.001258
iter 18: download_copy_time_cuda = 0.001212
iter 18: upload_copy_time2_cuda = 0.000068
iter 18: download_copy_time_cuda = 0.000329

iter 19: cpu_time_cuda = 0.086185
iter 19: gpu_time1_cuda = 0.043102
iter 19: gpu_time2_cuda = 0.003644
iter 19: upload_copy_time1_cuda = 0.001240
iter 19: download_copy_time_cuda = 0.001193
iter 19: upload_copy_time2_cuda = 0.000065
iter 19: download_copy_time_cuda = 0.000344

iter 20: cpu_time_cuda = 0.085026
iter 20: gpu_time1_cuda = 0.042493
iter 20: gpu_time2_cuda = 0.003598
iter 20: upload_copy_time1_cuda = 0.001225
iter 20: download_copy_time_cuda = 0.001184
iter 20: upload_copy_time2_cuda = 0.000068
iter 20: download_copy_time_cuda = 0.000362

iter 21: cpu_time_cuda = 0.083346
iter 21: gpu_time1_cuda = 0.041413
iter 21: gpu_time2_cuda = 0.003534
iter 21: upload_copy_time1_cuda = 0.001212
iter 21: download_copy_time_cuda = 0.001159
iter 21: upload_copy_time2_cuda = 0.000067
iter 21: download_copy_time_cuda = 0.000378

iter 22: cpu_time_cuda = 0.082378
iter 22: gpu_time1_cuda = 0.040399
iter 22: gpu_time2_cuda = 0.003500
iter 22: upload_copy_time1_cuda = 0.001202
iter 22: download_copy_time_cuda = 0.001132
iter 22: upload_copy_time2_cuda = 0.000065
iter 22: download_copy_time_cuda = 0.000390

iter 23: cpu_time_cuda = 0.080883
iter 23: gpu_time1_cuda = 0.038534
iter 23: gpu_time2_cuda = 0.003455
iter 23: upload_copy_time1_cuda = 0.001174
iter 23: download_copy_time_cuda = 0.001114
iter 23: upload_copy_time2_cuda = 0.000065
iter 23: download_copy_time_cuda = 0.000419

iter 24: cpu_time_cuda = 0.079584
iter 24: gpu_time1_cuda = 0.038028
iter 24: gpu_time2_cuda = 0.003372
iter 24: upload_copy_time1_cuda = 0.001153
iter 24: download_copy_time_cuda = 0.001098
iter 24: upload_copy_time2_cuda = 0.000064
iter 24: download_copy_time_cuda = 0.000424

iter 25: cpu_time_cuda = 0.078304
iter 25: gpu_time1_cuda = 0.036769
iter 25: gpu_time2_cuda = 0.003317
iter 25: upload_copy_time1_cuda = 0.001133
iter 25: download_copy_time_cuda = 0.001116
iter 25: upload_copy_time2_cuda = 0.000065
iter 25: download_copy_time_cuda = 0.000451

iter 26: cpu_time_cuda = 0.077101
iter 26: gpu_time1_cuda = 0.036254
iter 26: gpu_time2_cuda = 0.003265
iter 26: upload_copy_time1_cuda = 0.001111
iter 26: download_copy_time_cuda = 0.001077
iter 26: upload_copy_time2_cuda = 0.000065
iter 26: download_copy_time_cuda = 0.000463

iter 27: cpu_time_cuda = 0.075693
iter 27: gpu_time1_cuda = 0.035166
iter 27: gpu_time2_cuda = 0.003235
iter 27: upload_copy_time1_cuda = 0.001093
iter 27: download_copy_time_cuda = 0.001064
iter 27: upload_copy_time2_cuda = 0.000066
iter 27: download_copy_time_cuda = 0.000478

iter 28: cpu_time_cuda = 0.074573
iter 28: gpu_time1_cuda = 0.034147
iter 28: gpu_time2_cuda = 0.003183
iter 28: upload_copy_time1_cuda = 0.001077
iter 28: download_copy_time_cuda = 0.001039
iter 28: upload_copy_time2_cuda = 0.000065
iter 28: download_copy_time_cuda = 0.000493

iter 29: cpu_time_cuda = 0.072995
iter 29: gpu_time1_cuda = 0.030853
iter 29: gpu_time2_cuda = 0.003135
iter 29: upload_copy_time1_cuda = 0.001065
iter 29: download_copy_time_cuda = 0.001016
iter 29: upload_copy_time2_cuda = 0.000065
iter 29: download_copy_time_cuda = 0.000511

iter 30: cpu_time_cuda = 0.071695
iter 30: gpu_time1_cuda = 0.030225
iter 30: gpu_time2_cuda = 0.003046
iter 30: upload_copy_time1_cuda = 0.001048
iter 30: download_copy_time_cuda = 0.000994
iter 30: upload_copy_time2_cuda = 0.000066
iter 30: download_copy_time_cuda = 0.000531

iter 31: cpu_time_cuda = 0.070380
iter 31: gpu_time1_cuda = 0.029124
iter 31: gpu_time2_cuda = 0.002996
iter 31: upload_copy_time1_cuda = 0.001020
iter 31: download_copy_time_cuda = 0.000985
iter 31: upload_copy_time2_cuda = 0.000065
iter 31: download_copy_time_cuda = 0.000549

iter 32: cpu_time_cuda = 0.069089
iter 32: gpu_time1_cuda = 0.028554
iter 32: gpu_time2_cuda = 0.002956
iter 32: upload_copy_time1_cuda = 0.001007
iter 32: download_copy_time_cuda = 0.000960
iter 32: upload_copy_time2_cuda = 0.000064
iter 32: download_copy_time_cuda = 0.000561

iter 33: cpu_time_cuda = 0.067861
iter 33: gpu_time1_cuda = 0.027772
iter 33: gpu_time2_cuda = 0.002908
iter 33: upload_copy_time1_cuda = 0.000990
iter 33: download_copy_time_cuda = 0.000954
iter 33: upload_copy_time2_cuda = 0.000064
iter 33: download_copy_time_cuda = 0.000582

iter 34: cpu_time_cuda = 0.066459
iter 34: gpu_time1_cuda = 0.027060
iter 34: gpu_time2_cuda = 0.002851
iter 34: upload_copy_time1_cuda = 0.000971
iter 34: download_copy_time_cuda = 0.000945
iter 34: upload_copy_time2_cuda = 0.000065
iter 34: download_copy_time_cuda = 0.000614

iter 35: cpu_time_cuda = 0.065207
iter 35: gpu_time1_cuda = 0.025755
iter 35: gpu_time2_cuda = 0.002807
iter 35: upload_copy_time1_cuda = 0.000950
iter 35: download_copy_time_cuda = 0.000910
iter 35: upload_copy_time2_cuda = 0.000065
iter 35: download_copy_time_cuda = 0.000616

iter 36: cpu_time_cuda = 0.063932
iter 36: gpu_time1_cuda = 0.025606
iter 36: gpu_time2_cuda = 0.002758
iter 36: upload_copy_time1_cuda = 0.000931
iter 36: download_copy_time_cuda = 0.000890
iter 36: upload_copy_time2_cuda = 0.000064
iter 36: download_copy_time_cuda = 0.000632

iter 37: cpu_time_cuda = 0.062680
iter 37: gpu_time1_cuda = 0.024477
iter 37: gpu_time2_cuda = 0.002722
iter 37: upload_copy_time1_cuda = 0.000911
iter 37: download_copy_time_cuda = 0.000879
iter 37: upload_copy_time2_cuda = 0.000059
iter 37: download_copy_time_cuda = 0.000648

iter 38: cpu_time_cuda = 0.061673
iter 38: gpu_time1_cuda = 0.024165
iter 38: gpu_time2_cuda = 0.002667
iter 38: upload_copy_time1_cuda = 0.000895
iter 38: download_copy_time_cuda = 0.000864
iter 38: upload_copy_time2_cuda = 0.000065
iter 38: download_copy_time_cuda = 0.000665

iter 39: cpu_time_cuda = 0.059829
iter 39: gpu_time1_cuda = 0.022466
iter 39: gpu_time2_cuda = 0.002596
iter 39: upload_copy_time1_cuda = 0.000873
iter 39: download_copy_time_cuda = 0.000847
iter 39: upload_copy_time2_cuda = 0.000068
iter 39: download_copy_time_cuda = 0.000686

iter 40: cpu_time_cuda = 0.058706
iter 40: gpu_time1_cuda = 0.021896
iter 40: gpu_time2_cuda = 0.002560
iter 40: upload_copy_time1_cuda = 0.000853
iter 40: download_copy_time_cuda = 0.000831
iter 40: upload_copy_time2_cuda = 0.000064
iter 40: download_copy_time_cuda = 0.000700

iter 41: cpu_time_cuda = 0.057798
iter 41: gpu_time1_cuda = 0.021194
iter 41: gpu_time2_cuda = 0.002508
iter 41: upload_copy_time1_cuda = 0.000844
iter 41: download_copy_time_cuda = 0.000819
iter 41: upload_copy_time2_cuda = 0.000063
iter 41: download_copy_time_cuda = 0.000720

iter 42: cpu_time_cuda = 0.056110
iter 42: gpu_time1_cuda = 0.020746
iter 42: gpu_time2_cuda = 0.002456
iter 42: upload_copy_time1_cuda = 0.000825
iter 42: download_copy_time_cuda = 0.000796
iter 42: upload_copy_time2_cuda = 0.000065
iter 42: download_copy_time_cuda = 0.000740

iter 43: cpu_time_cuda = 0.054656
iter 43: gpu_time1_cuda = 0.017729
iter 43: gpu_time2_cuda = 0.002392
iter 43: upload_copy_time1_cuda = 0.000806
iter 43: download_copy_time_cuda = 0.000772
iter 43: upload_copy_time2_cuda = 0.000065
iter 43: download_copy_time_cuda = 0.000759

iter 44: cpu_time_cuda = 0.053410
iter 44: gpu_time1_cuda = 0.017273
iter 44: gpu_time2_cuda = 0.002325
iter 44: upload_copy_time1_cuda = 0.000786
iter 44: download_copy_time_cuda = 0.000755
iter 44: upload_copy_time2_cuda = 0.000065
iter 44: download_copy_time_cuda = 0.000774

iter 45: cpu_time_cuda = 0.052170
iter 45: gpu_time1_cuda = 0.016537
iter 45: gpu_time2_cuda = 0.002269
iter 45: upload_copy_time1_cuda = 0.000767
iter 45: download_copy_time_cuda = 0.000738
iter 45: upload_copy_time2_cuda = 0.000063
iter 45: download_copy_time_cuda = 0.000789

iter 46: cpu_time_cuda = 0.050913
iter 46: gpu_time1_cuda = 0.015974
iter 46: gpu_time2_cuda = 0.002220
iter 46: upload_copy_time1_cuda = 0.000748
iter 46: download_copy_time_cuda = 0.000767
iter 46: upload_copy_time2_cuda = 0.000065
iter 46: download_copy_time_cuda = 0.000803

iter 47: cpu_time_cuda = 0.049456
iter 47: gpu_time1_cuda = 0.015484
iter 47: gpu_time2_cuda = 0.002182
iter 47: upload_copy_time1_cuda = 0.000727
iter 47: download_copy_time_cuda = 0.000718
iter 47: upload_copy_time2_cuda = 0.000066
iter 47: download_copy_time_cuda = 0.000824

iter 48: cpu_time_cuda = 0.048222
iter 48: gpu_time1_cuda = 0.015085
iter 48: gpu_time2_cuda = 0.002130
iter 48: upload_copy_time1_cuda = 0.000709
iter 48: download_copy_time_cuda = 0.000690
iter 48: upload_copy_time2_cuda = 0.000065
iter 48: download_copy_time_cuda = 0.000841

iter 49: cpu_time_cuda = 0.046941
iter 49: gpu_time1_cuda = 0.013973
iter 49: gpu_time2_cuda = 0.002079
iter 49: upload_copy_time1_cuda = 0.000690
iter 49: download_copy_time_cuda = 0.000667
iter 49: upload_copy_time2_cuda = 0.000065
iter 49: download_copy_time_cuda = 0.000865

iter 50: cpu_time_cuda = 0.045746
iter 50: gpu_time1_cuda = 0.013607
iter 50: gpu_time2_cuda = 0.002044
iter 50: upload_copy_time1_cuda = 0.000678
iter 50: download_copy_time_cuda = 0.000659
iter 50: upload_copy_time2_cuda = 0.000061
iter 50: download_copy_time_cuda = 0.000871

iter 51: cpu_time_cuda = 0.044227
iter 51: gpu_time1_cuda = 0.012976
iter 51: gpu_time2_cuda = 0.001982
iter 51: upload_copy_time1_cuda = 0.000661
iter 51: download_copy_time_cuda = 0.000647
iter 51: upload_copy_time2_cuda = 0.000064
iter 51: download_copy_time_cuda = 0.000889

iter 52: cpu_time_cuda = 0.042856
iter 52: gpu_time1_cuda = 0.012112
iter 52: gpu_time2_cuda = 0.001936
iter 52: upload_copy_time1_cuda = 0.000641
iter 52: download_copy_time_cuda = 0.000617
iter 52: upload_copy_time2_cuda = 0.000064
iter 52: download_copy_time_cuda = 0.000928

iter 53: cpu_time_cuda = 0.042205
iter 53: gpu_time1_cuda = 0.011806
iter 53: gpu_time2_cuda = 0.001866
iter 53: upload_copy_time1_cuda = 0.000624
iter 53: download_copy_time_cuda = 0.000600
iter 53: upload_copy_time2_cuda = 0.000065
iter 53: download_copy_time_cuda = 0.000932

iter 54: cpu_time_cuda = 0.040421
iter 54: gpu_time1_cuda = 0.011193
iter 54: gpu_time2_cuda = 0.001818
iter 54: upload_copy_time1_cuda = 0.000602
iter 54: download_copy_time_cuda = 0.000582
iter 54: upload_copy_time2_cuda = 0.000065
iter 54: download_copy_time_cuda = 0.000944

iter 55: cpu_time_cuda = 0.039168
iter 55: gpu_time1_cuda = 0.010533
iter 55: gpu_time2_cuda = 0.001768
iter 55: upload_copy_time1_cuda = 0.000582
iter 55: download_copy_time_cuda = 0.000568
iter 55: upload_copy_time2_cuda = 0.000067
iter 55: download_copy_time_cuda = 0.000962

iter 56: cpu_time_cuda = 0.037998
iter 56: gpu_time1_cuda = 0.010384
iter 56: gpu_time2_cuda = 0.001723
iter 56: upload_copy_time1_cuda = 0.000561
iter 56: download_copy_time_cuda = 0.000563
iter 56: upload_copy_time2_cuda = 0.000064
iter 56: download_copy_time_cuda = 0.000974

iter 57: cpu_time_cuda = 0.036487
iter 57: gpu_time1_cuda = 0.008433
iter 57: gpu_time2_cuda = 0.001676
iter 57: upload_copy_time1_cuda = 0.000543
iter 57: download_copy_time_cuda = 0.000538
iter 57: upload_copy_time2_cuda = 0.000064
iter 57: download_copy_time_cuda = 0.001008

iter 58: cpu_time_cuda = 0.035240
iter 58: gpu_time1_cuda = 0.008055
iter 58: gpu_time2_cuda = 0.001585
iter 58: upload_copy_time1_cuda = 0.000524
iter 58: download_copy_time_cuda = 0.000519
iter 58: upload_copy_time2_cuda = 0.000060
iter 58: download_copy_time_cuda = 0.001008

iter 59: cpu_time_cuda = 0.033975
iter 59: gpu_time1_cuda = 0.007362
iter 59: gpu_time2_cuda = 0.001544
iter 59: upload_copy_time1_cuda = 0.000515
iter 59: download_copy_time_cuda = 0.000496
iter 59: upload_copy_time2_cuda = 0.000064
iter 59: download_copy_time_cuda = 0.001030

iter 60: cpu_time_cuda = 0.032540
iter 60: gpu_time1_cuda = 0.007273
iter 60: gpu_time2_cuda = 0.001506
iter 60: upload_copy_time1_cuda = 0.000494
iter 60: download_copy_time_cuda = 0.000488
iter 60: upload_copy_time2_cuda = 0.000065
iter 60: download_copy_time_cuda = 0.001050

iter 61: cpu_time_cuda = 0.031291
iter 61: gpu_time1_cuda = 0.006786
iter 61: gpu_time2_cuda = 0.001454
iter 61: upload_copy_time1_cuda = 0.000485
iter 61: download_copy_time_cuda = 0.000471
iter 61: upload_copy_time2_cuda = 0.000074
iter 61: download_copy_time_cuda = 0.001070

iter 62: cpu_time_cuda = 0.029932
iter 62: gpu_time1_cuda = 0.006463
iter 62: gpu_time2_cuda = 0.001396
iter 62: upload_copy_time1_cuda = 0.000452
iter 62: download_copy_time_cuda = 0.000455
iter 62: upload_copy_time2_cuda = 0.000065
iter 62: download_copy_time_cuda = 0.001085

iter 63: cpu_time_cuda = 0.028782
iter 63: gpu_time1_cuda = 0.005999
iter 63: gpu_time2_cuda = 0.001354
iter 63: upload_copy_time1_cuda = 0.000440
iter 63: download_copy_time_cuda = 0.000442
iter 63: upload_copy_time2_cuda = 0.000063
iter 63: download_copy_time_cuda = 0.001096

iter 64: cpu_time_cuda = 0.027338
iter 64: gpu_time1_cuda = 0.005436
iter 64: gpu_time2_cuda = 0.001319
iter 64: upload_copy_time1_cuda = 0.000414
iter 64: download_copy_time_cuda = 0.000411
iter 64: upload_copy_time2_cuda = 0.000068
iter 64: download_copy_time_cuda = 0.001148

iter 65: cpu_time_cuda = 0.026226
iter 65: gpu_time1_cuda = 0.005058
iter 65: gpu_time2_cuda = 0.001238
iter 65: upload_copy_time1_cuda = 0.000397
iter 65: download_copy_time_cuda = 0.000410
iter 65: upload_copy_time2_cuda = 0.000065
iter 65: download_copy_time_cuda = 0.001129

iter 66: cpu_time_cuda = 0.025075
iter 66: gpu_time1_cuda = 0.004781
iter 66: gpu_time2_cuda = 0.001193
iter 66: upload_copy_time1_cuda = 0.000375
iter 66: download_copy_time_cuda = 0.000386
iter 66: upload_copy_time2_cuda = 0.000064
iter 66: download_copy_time_cuda = 0.001149

iter 67: cpu_time_cuda = 0.023791
iter 67: gpu_time1_cuda = 0.004392
iter 67: gpu_time2_cuda = 0.001134
iter 67: upload_copy_time1_cuda = 0.000367
iter 67: download_copy_time_cuda = 0.000353
iter 67: upload_copy_time2_cuda = 0.000064
iter 67: download_copy_time_cuda = 0.001163

iter 68: cpu_time_cuda = 0.022358
iter 68: gpu_time1_cuda = 0.004126
iter 68: gpu_time2_cuda = 0.001099
iter 68: upload_copy_time1_cuda = 0.000341
iter 68: download_copy_time_cuda = 0.000333
iter 68: upload_copy_time2_cuda = 0.000064
iter 68: download_copy_time_cuda = 0.001184

iter 69: cpu_time_cuda = 0.020975
iter 69: gpu_time1_cuda = 0.003770
iter 69: gpu_time2_cuda = 0.001049
iter 69: upload_copy_time1_cuda = 0.000330
iter 69: download_copy_time_cuda = 0.000310
iter 69: upload_copy_time2_cuda = 0.000064
iter 69: download_copy_time_cuda = 0.001204

iter 70: cpu_time_cuda = 0.019703
iter 70: gpu_time1_cuda = 0.003486
iter 70: gpu_time2_cuda = 0.001007
iter 70: upload_copy_time1_cuda = 0.000304
iter 70: download_copy_time_cuda = 0.000290
iter 70: upload_copy_time2_cuda = 0.000064
iter 70: download_copy_time_cuda = 0.001224

iter 71: cpu_time_cuda = 0.018443
iter 71: gpu_time1_cuda = 0.002407
iter 71: gpu_time2_cuda = 0.000829
iter 71: upload_copy_time1_cuda = 0.000315
iter 71: download_copy_time_cuda = 0.000274
iter 71: upload_copy_time2_cuda = 0.000060
iter 71: download_copy_time_cuda = 0.001237

iter 72: cpu_time_cuda = 0.017119
iter 72: gpu_time1_cuda = 0.002296
iter 72: gpu_time2_cuda = 0.000743
iter 72: upload_copy_time1_cuda = 0.000273
iter 72: download_copy_time_cuda = 0.000274
iter 72: upload_copy_time2_cuda = 0.000063
iter 72: download_copy_time_cuda = 0.001256

iter 73: cpu_time_cuda = 0.015724
iter 73: gpu_time1_cuda = 0.002024
iter 73: gpu_time2_cuda = 0.000703
iter 73: upload_copy_time1_cuda = 0.000249
iter 73: download_copy_time_cuda = 0.000249
iter 73: upload_copy_time2_cuda = 0.000068
iter 73: download_copy_time_cuda = 0.001306

iter 74: cpu_time_cuda = 0.014447
iter 74: gpu_time1_cuda = 0.001865
iter 74: gpu_time2_cuda = 0.000663
iter 74: upload_copy_time1_cuda = 0.000228
iter 74: download_copy_time_cuda = 0.000233
iter 74: upload_copy_time2_cuda = 0.000064
iter 74: download_copy_time_cuda = 0.001299

iter 75: cpu_time_cuda = 0.013096
iter 75: gpu_time1_cuda = 0.001646
iter 75: gpu_time2_cuda = 0.000629
iter 75: upload_copy_time1_cuda = 0.000213
iter 75: download_copy_time_cuda = 0.000218
iter 75: upload_copy_time2_cuda = 0.000063
iter 75: download_copy_time_cuda = 0.001325

iter 76: cpu_time_cuda = 0.011919
iter 76: gpu_time1_cuda = 0.001470
iter 76: gpu_time2_cuda = 0.000594
iter 76: upload_copy_time1_cuda = 0.000203
iter 76: download_copy_time_cuda = 0.000212
iter 76: upload_copy_time2_cuda = 0.000064
iter 76: download_copy_time_cuda = 0.001323

iter 77: cpu_time_cuda = 0.010620
iter 77: gpu_time1_cuda = 0.001244
iter 77: gpu_time2_cuda = 0.000548
iter 77: upload_copy_time1_cuda = 0.000185
iter 77: download_copy_time_cuda = 0.000189
iter 77: upload_copy_time2_cuda = 0.000064
iter 77: download_copy_time_cuda = 0.001337

iter 78: cpu_time_cuda = 0.009357
iter 78: gpu_time1_cuda = 0.000908
iter 78: gpu_time2_cuda = 0.000505
iter 78: upload_copy_time1_cuda = 0.000170
iter 78: download_copy_time_cuda = 0.000174
iter 78: upload_copy_time2_cuda = 0.000063
iter 78: download_copy_time_cuda = 0.001357

iter 79: cpu_time_cuda = 0.008131
iter 79: gpu_time1_cuda = 0.000757
iter 79: gpu_time2_cuda = 0.000443
iter 79: upload_copy_time1_cuda = 0.000155
iter 79: download_copy_time_cuda = 0.000160
iter 79: upload_copy_time2_cuda = 0.000064
iter 79: download_copy_time_cuda = 0.001380

iter 80: cpu_time_cuda = 0.006901
iter 80: gpu_time1_cuda = 0.000664
iter 80: gpu_time2_cuda = 0.000420
iter 80: upload_copy_time1_cuda = 0.000141
iter 80: download_copy_time_cuda = 0.000147
iter 80: upload_copy_time2_cuda = 0.000063
iter 80: download_copy_time_cuda = 0.001394

iter 81: cpu_time_cuda = 0.005641
iter 81: gpu_time1_cuda = 0.000512
iter 81: gpu_time2_cuda = 0.000374
iter 81: upload_copy_time1_cuda = 0.000129
iter 81: download_copy_time_cuda = 0.000138
iter 81: upload_copy_time2_cuda = 0.000065
iter 81: download_copy_time_cuda = 0.001404

iter 82: cpu_time_cuda = 0.004366
iter 82: gpu_time1_cuda = 0.000440
iter 82: gpu_time2_cuda = 0.000332
iter 82: upload_copy_time1_cuda = 0.000118
iter 82: download_copy_time_cuda = 0.000124
iter 82: upload_copy_time2_cuda = 0.000064
iter 82: download_copy_time_cuda = 0.001432

iter 83: cpu_time_cuda = 0.003295
iter 83: gpu_time1_cuda = 0.000367
iter 83: gpu_time2_cuda = 0.000295
iter 83: upload_copy_time1_cuda = 0.000100
iter 83: download_copy_time_cuda = 0.000107
iter 83: upload_copy_time2_cuda = 0.000068
iter 83: download_copy_time_cuda = 0.001447

iter 84: cpu_time_cuda = 0.001999
iter 84: gpu_time1_cuda = 0.000274
iter 84: gpu_time2_cuda = 0.000245
iter 84: upload_copy_time1_cuda = 0.000087
iter 84: download_copy_time_cuda = 0.000093
iter 84: upload_copy_time2_cuda = 0.000064
iter 84: download_copy_time_cuda = 0.001464

total_cpu_time_cuda = 4.670914
total_gpu_time_cuda = 2.263938
total_copy_time_cuda = 0.205029
main_loop_time_cuda = 7.285184
10240 10240     ---   (  ---  )    196.42 (   7.29)       ---
total_time = 10.410186
9.42user 1.39system 0:11.71elapsed 92%CPU (0avgtext+0avgdata 1792156maxresident)k
3856inputs+0outputs (1major+226451minor)pagefaults 0swaps
send out message: 22 3 log
