send out message: 24 37 /home/lchen/MAGMA/magma-1.6.1/results
send out message: 20 26 MAGMA_LU_GPUDVFS.total.pwr
MAGMA 1.6.1  compiled for CUDA capability >= 3.0
CUDA runtime 5000, driver 6050. MAGMA not compiled with OpenMP. 
ndevices 1
device 0: Tesla K20c, 705.5 MHz clock, 4799.6 MB memory, capability 3.5
Usage: /home/lchen/MAGMA/magma-1.6.1/testing/testing_dgetrf [options] [-h|--help]

ngpu 1
    M     N   CPU GFlop/s (sec)   GPU GFlop/s (sec)   |PA-LU|/(N*|A|)
=========================================================================
init_time = 0.822474
iter 0: slack_cuda = 0.000000
iter 0: cpu_time_cuda = 0.000000
iter 0: gpu_time_cuda = 0.000000
iter 0: download_copy_time_cuda = 0.000000
iter 0: upload_copy_time_cuda = 0.000771
iter 0: per_iter_time_cuda = 0.001244

iter 1: slack_cuda = 0.006786
iter 1: cpu_time_cuda = 0.014919
iter 1: gpu_time_cuda = 0.008133
iter 1: download_copy_time_cuda = 0.000732
iter 1: upload_copy_time_cuda = 0.000747
iter 1: per_iter_time_cuda = 0.024993

iter 2: slack_cuda = 0.006657
iter 2: cpu_time_cuda = 0.014602
iter 2: gpu_time_cuda = 0.007945
iter 2: download_copy_time_cuda = 0.000715
iter 2: upload_copy_time_cuda = 0.000744
iter 2: per_iter_time_cuda = 0.024477

iter 3: slack_cuda = 0.006777
iter 3: cpu_time_cuda = 0.014329
iter 3: gpu_time_cuda = 0.007552
iter 3: download_copy_time_cuda = 0.000697
iter 3: upload_copy_time_cuda = 0.000714
iter 3: per_iter_time_cuda = 0.023744

iter 4: slack_cuda = 0.006716
iter 4: cpu_time_cuda = 0.014053
iter 4: gpu_time_cuda = 0.007337
iter 4: download_copy_time_cuda = 0.000681
iter 4: upload_copy_time_cuda = 0.000694
iter 4: per_iter_time_cuda = 0.023236

iter 5: slack_cuda = 0.006752
iter 5: cpu_time_cuda = 0.013776
iter 5: gpu_time_cuda = 0.007024
iter 5: download_copy_time_cuda = 0.000667
iter 5: upload_copy_time_cuda = 0.000691
iter 5: per_iter_time_cuda = 0.022612

iter 6: slack_cuda = 0.006625
iter 6: cpu_time_cuda = 0.013475
iter 6: gpu_time_cuda = 0.006850
iter 6: download_copy_time_cuda = 0.000662
iter 6: upload_copy_time_cuda = 0.000672
iter 6: per_iter_time_cuda = 0.022132

iter 7: slack_cuda = 0.006832
iter 7: cpu_time_cuda = 0.013227
iter 7: gpu_time_cuda = 0.006394
iter 7: download_copy_time_cuda = 0.000636
iter 7: upload_copy_time_cuda = 0.000662
iter 7: per_iter_time_cuda = 0.021363

iter 8: slack_cuda = 0.006644
iter 8: cpu_time_cuda = 0.012885
iter 8: gpu_time_cuda = 0.006240
iter 8: download_copy_time_cuda = 0.000635
iter 8: upload_copy_time_cuda = 0.000637
iter 8: per_iter_time_cuda = 0.020857

iter 9: slack_cuda = 0.006671
iter 9: cpu_time_cuda = 0.012611
iter 9: gpu_time_cuda = 0.005941
iter 9: download_copy_time_cuda = 0.000630
iter 9: upload_copy_time_cuda = 0.000631
iter 9: per_iter_time_cuda = 0.020253

iter 10: slack_cuda = 0.006443
iter 10: cpu_time_cuda = 0.012230
iter 10: gpu_time_cuda = 0.005787
iter 10: download_copy_time_cuda = 0.000601
iter 10: upload_copy_time_cuda = 0.000619
iter 10: per_iter_time_cuda = 0.019682

iter 11: slack_cuda = 0.006681
iter 11: cpu_time_cuda = 0.011967
iter 11: gpu_time_cuda = 0.005285
iter 11: download_copy_time_cuda = 0.000581
iter 11: upload_copy_time_cuda = 0.000603
iter 11: per_iter_time_cuda = 0.018850

iter 12: slack_cuda = 0.006360
iter 12: cpu_time_cuda = 0.011653
iter 12: gpu_time_cuda = 0.005293
iter 12: download_copy_time_cuda = 0.000564
iter 12: upload_copy_time_cuda = 0.000582
iter 12: per_iter_time_cuda = 0.018530

iter 13: slack_cuda = 0.006379
iter 13: cpu_time_cuda = 0.011418
iter 13: gpu_time_cuda = 0.005039
iter 13: download_copy_time_cuda = 0.000560
iter 13: upload_copy_time_cuda = 0.000573
iter 13: per_iter_time_cuda = 0.017999

iter 14: slack_cuda = 0.006303
iter 14: cpu_time_cuda = 0.011075
iter 14: gpu_time_cuda = 0.004772
iter 14: download_copy_time_cuda = 0.000557
iter 14: upload_copy_time_cuda = 0.000561
iter 14: per_iter_time_cuda = 0.017406

iter 15: slack_cuda = 0.006185
iter 15: cpu_time_cuda = 0.010749
iter 15: gpu_time_cuda = 0.004565
iter 15: download_copy_time_cuda = 0.000532
iter 15: upload_copy_time_cuda = 0.000547
iter 15: per_iter_time_cuda = 0.016789

iter 16: slack_cuda = 0.006125
iter 16: cpu_time_cuda = 0.010475
iter 16: gpu_time_cuda = 0.004350
iter 16: download_copy_time_cuda = 0.000513
iter 16: upload_copy_time_cuda = 0.000525
iter 16: per_iter_time_cuda = 0.016284

iter 17: slack_cuda = 0.006187
iter 17: cpu_time_cuda = 0.010241
iter 17: gpu_time_cuda = 0.004053
iter 17: download_copy_time_cuda = 0.000508
iter 17: upload_copy_time_cuda = 0.000518
iter 17: per_iter_time_cuda = 0.015695

iter 18: slack_cuda = 0.006112
iter 18: cpu_time_cuda = 0.009953
iter 18: gpu_time_cuda = 0.003841
iter 18: download_copy_time_cuda = 0.000495
iter 18: upload_copy_time_cuda = 0.000503
iter 18: per_iter_time_cuda = 0.015188

iter 19: slack_cuda = 0.005929
iter 19: cpu_time_cuda = 0.009633
iter 19: gpu_time_cuda = 0.003703
iter 19: download_copy_time_cuda = 0.000479
iter 19: upload_copy_time_cuda = 0.000489
iter 19: per_iter_time_cuda = 0.014680

iter 20: slack_cuda = 0.005788
iter 20: cpu_time_cuda = 0.009293
iter 20: gpu_time_cuda = 0.003504
iter 20: download_copy_time_cuda = 0.000458
iter 20: upload_copy_time_cuda = 0.000468
iter 20: per_iter_time_cuda = 0.014101

iter 21: slack_cuda = 0.005804
iter 21: cpu_time_cuda = 0.009080
iter 21: gpu_time_cuda = 0.003277
iter 21: download_copy_time_cuda = 0.000447
iter 21: upload_copy_time_cuda = 0.000460
iter 21: per_iter_time_cuda = 0.013634

iter 22: slack_cuda = 0.005552
iter 22: cpu_time_cuda = 0.008715
iter 22: gpu_time_cuda = 0.003163
iter 22: download_copy_time_cuda = 0.000445
iter 22: upload_copy_time_cuda = 0.000445
iter 22: per_iter_time_cuda = 0.013156

iter 23: slack_cuda = 0.005444
iter 23: cpu_time_cuda = 0.008399
iter 23: gpu_time_cuda = 0.002955
iter 23: download_copy_time_cuda = 0.000432
iter 23: upload_copy_time_cuda = 0.000432
iter 23: per_iter_time_cuda = 0.012585

iter 24: slack_cuda = 0.005296
iter 24: cpu_time_cuda = 0.008079
iter 24: gpu_time_cuda = 0.002782
iter 24: download_copy_time_cuda = 0.000405
iter 24: upload_copy_time_cuda = 0.000414
iter 24: per_iter_time_cuda = 0.012059

iter 25: slack_cuda = 0.005279
iter 25: cpu_time_cuda = 0.007808
iter 25: gpu_time_cuda = 0.002528
iter 25: download_copy_time_cuda = 0.000394
iter 25: upload_copy_time_cuda = 0.000401
iter 25: per_iter_time_cuda = 0.011481

iter 26: slack_cuda = 0.005032
iter 26: cpu_time_cuda = 0.007474
iter 26: gpu_time_cuda = 0.002442
iter 26: download_copy_time_cuda = 0.000383
iter 26: upload_copy_time_cuda = 0.000388
iter 26: per_iter_time_cuda = 0.011046

iter 27: slack_cuda = 0.004951
iter 27: cpu_time_cuda = 0.007197
iter 27: gpu_time_cuda = 0.002247
iter 27: download_copy_time_cuda = 0.000379
iter 27: upload_copy_time_cuda = 0.000375
iter 27: per_iter_time_cuda = 0.010538

iter 28: slack_cuda = 0.004815
iter 28: cpu_time_cuda = 0.006964
iter 28: gpu_time_cuda = 0.002149
iter 28: download_copy_time_cuda = 0.000370
iter 28: upload_copy_time_cuda = 0.000353
iter 28: per_iter_time_cuda = 0.010190

iter 29: slack_cuda = 0.004677
iter 29: cpu_time_cuda = 0.006710
iter 29: gpu_time_cuda = 0.002033
iter 29: download_copy_time_cuda = 0.000341
iter 29: upload_copy_time_cuda = 0.000345
iter 29: per_iter_time_cuda = 0.009766

iter 30: slack_cuda = 0.004363
iter 30: cpu_time_cuda = 0.006321
iter 30: gpu_time_cuda = 0.001958
iter 30: download_copy_time_cuda = 0.000329
iter 30: upload_copy_time_cuda = 0.000331
iter 30: per_iter_time_cuda = 0.009284

iter 31: slack_cuda = 0.004383
iter 31: cpu_time_cuda = 0.006090
iter 31: gpu_time_cuda = 0.001707
iter 31: download_copy_time_cuda = 0.000311
iter 31: upload_copy_time_cuda = 0.000317
iter 31: per_iter_time_cuda = 0.008760

iter 32: slack_cuda = 0.004164
iter 32: cpu_time_cuda = 0.005772
iter 32: gpu_time_cuda = 0.001607
iter 32: download_copy_time_cuda = 0.000306
iter 32: upload_copy_time_cuda = 0.000297
iter 32: per_iter_time_cuda = 0.008317

iter 33: slack_cuda = 0.004059
iter 33: cpu_time_cuda = 0.005524
iter 33: gpu_time_cuda = 0.001465
iter 33: download_copy_time_cuda = 0.000289
iter 33: upload_copy_time_cuda = 0.000288
iter 33: per_iter_time_cuda = 0.007887

iter 34: slack_cuda = 0.003883
iter 34: cpu_time_cuda = 0.005181
iter 34: gpu_time_cuda = 0.001298
iter 34: download_copy_time_cuda = 0.000273
iter 34: upload_copy_time_cuda = 0.000272
iter 34: per_iter_time_cuda = 0.007317

iter 35: slack_cuda = 0.003678
iter 35: cpu_time_cuda = 0.004893
iter 35: gpu_time_cuda = 0.001215
iter 35: download_copy_time_cuda = 0.000280
iter 35: upload_copy_time_cuda = 0.000275
iter 35: per_iter_time_cuda = 0.006951

iter 36: slack_cuda = 0.003500
iter 36: cpu_time_cuda = 0.004582
iter 36: gpu_time_cuda = 0.001082
iter 36: download_copy_time_cuda = 0.000256
iter 36: upload_copy_time_cuda = 0.000271
iter 36: per_iter_time_cuda = 0.006482

iter 37: slack_cuda = 0.003290
iter 37: cpu_time_cuda = 0.004269
iter 37: gpu_time_cuda = 0.000979
iter 37: download_copy_time_cuda = 0.000227
iter 37: upload_copy_time_cuda = 0.000276
iter 37: per_iter_time_cuda = 0.006037

iter 38: slack_cuda = 0.003022
iter 38: cpu_time_cuda = 0.003961
iter 38: gpu_time_cuda = 0.000939
iter 38: download_copy_time_cuda = 0.000219
iter 38: upload_copy_time_cuda = 0.000268
iter 38: per_iter_time_cuda = 0.005675

iter 39: slack_cuda = 0.002854
iter 39: cpu_time_cuda = 0.003674
iter 39: gpu_time_cuda = 0.000820
iter 39: download_copy_time_cuda = 0.000197
iter 39: upload_copy_time_cuda = 0.000263
iter 39: per_iter_time_cuda = 0.005243

iter 40: slack_cuda = 0.002642
iter 40: cpu_time_cuda = 0.003357
iter 40: gpu_time_cuda = 0.000715
iter 40: download_copy_time_cuda = 0.000183
iter 40: upload_copy_time_cuda = 0.000253
iter 40: per_iter_time_cuda = 0.004790

iter 41: slack_cuda = 0.002417
iter 41: cpu_time_cuda = 0.003061
iter 41: gpu_time_cuda = 0.000644
iter 41: download_copy_time_cuda = 0.000175
iter 41: upload_copy_time_cuda = 0.000256
iter 41: per_iter_time_cuda = 0.004414

iter 42: slack_cuda = 0.002256
iter 42: cpu_time_cuda = 0.002792
iter 42: gpu_time_cuda = 0.000536
iter 42: download_copy_time_cuda = 0.000162
iter 42: upload_copy_time_cuda = 0.000249
iter 42: per_iter_time_cuda = 0.004019

iter 43: slack_cuda = 0.002035
iter 43: cpu_time_cuda = 0.002526
iter 43: gpu_time_cuda = 0.000492
iter 43: download_copy_time_cuda = 0.000143
iter 43: upload_copy_time_cuda = 0.000258
iter 43: per_iter_time_cuda = 0.003677

iter 44: slack_cuda = 0.001792
iter 44: cpu_time_cuda = 0.002241
iter 44: gpu_time_cuda = 0.000449
iter 44: download_copy_time_cuda = 0.000139
iter 44: upload_copy_time_cuda = 0.000244
iter 44: per_iter_time_cuda = 0.003331

iter 45: slack_cuda = 0.001612
iter 45: cpu_time_cuda = 0.001978
iter 45: gpu_time_cuda = 0.000366
iter 45: download_copy_time_cuda = 0.000124
iter 45: upload_copy_time_cuda = 0.000246
iter 45: per_iter_time_cuda = 0.002969

iter 46: slack_cuda = 0.001316
iter 46: cpu_time_cuda = 0.001665
iter 46: gpu_time_cuda = 0.000349
iter 46: download_copy_time_cuda = 0.000107
iter 46: upload_copy_time_cuda = 0.000235
iter 46: per_iter_time_cuda = 0.002613

iter 47: slack_cuda = 0.001139
iter 47: cpu_time_cuda = 0.001393
iter 47: gpu_time_cuda = 0.000254
iter 47: download_copy_time_cuda = 0.000093
iter 47: upload_copy_time_cuda = 0.000235
iter 47: per_iter_time_cuda = 0.002227

iter 48: slack_cuda = 0.000897
iter 48: cpu_time_cuda = 0.001122
iter 48: gpu_time_cuda = 0.000226
iter 48: download_copy_time_cuda = 0.000086
iter 48: upload_copy_time_cuda = 0.000238
iter 48: per_iter_time_cuda = 0.001926

iter 49: slack_cuda = 0.000643
iter 49: cpu_time_cuda = 0.000849
iter 49: gpu_time_cuda = 0.000206
iter 49: download_copy_time_cuda = 0.000085
iter 49: upload_copy_time_cuda = 0.000234
iter 49: per_iter_time_cuda = 0.001624

iter 50: slack_cuda = 0.000433
iter 50: cpu_time_cuda = 0.000616
iter 50: gpu_time_cuda = 0.000183
iter 50: download_copy_time_cuda = 0.000080
iter 50: upload_copy_time_cuda = 0.000230
iter 50: per_iter_time_cuda = 0.001342

total_slack_overflow = 0.000000
total_cpu_time_cuda = 0.384856
total_gpu_time_cuda = 0.154675
total_copy_time_cuda = 0.041666
main_loop_time_cuda = 0.602636
Normalized difference of predicted CPU runtime per iteration is: 0.000000%
Normalized difference of predicted GPU runtime per iteration is: 0.000000%
Normalized difference of predicted slack per iteration is: 0.000000%
 5120  5120     ---   (  ---  )    130.32 (   0.69)     ---   
total_time = 1.642284
1.51user 0.48system 0:03.29elapsed 60%CPU (0avgtext+0avgdata 358504maxresident)k
3920inputs+0outputs (1major+71933minor)pagefaults 0swaps
send out message: 22 3 log
