send out message: 24 37 /home/lchen/MAGMA/magma-1.6.1/results
send out message: 20 26 MAGMA_LU_GPUDVFS.total.pwr
MAGMA 1.6.1  compiled for CUDA capability >= 3.0
CUDA runtime 5000, driver 6050. MAGMA not compiled with OpenMP. 
ndevices 1
device 0: Tesla K20c, 705.5 MHz clock, 4799.6 MB memory, capability 3.5
Usage: /home/lchen/MAGMA/magma-1.6.1/testing/testing_dgetrf [options] [-h|--help]

ngpu 1
    M     N   CPU GFlop/s (sec)   GPU GFlop/s (sec)   |PA-LU|/(N*|A|)
=========================================================================
init_time = 9.955302
iter 0: slack_cuda = 0.000000
iter 0: cpu_time_cuda = 0.000000
iter 0: gpu_time_cuda = 0.000000
iter 0: download_copy_time_cuda = 0.000000
iter 0: upload_copy_time_cuda = 0.003212
iter 0: per_iter_time_cuda = 0.004867

iter 1: slack_cuda = -0.038199
iter 1: cpu_time_cuda = 0.080031
iter 1: gpu_time_cuda = 0.118230
iter 1: download_copy_time_cuda = 0.002918
iter 1: upload_copy_time_cuda = 0.003472
iter 1: per_iter_time_cuda = 0.210398

iter 2: slack_cuda = -0.035241
iter 2: cpu_time_cuda = 0.081280
iter 2: gpu_time_cuda = 0.116521
iter 2: download_copy_time_cuda = 0.003162
iter 2: upload_copy_time_cuda = 0.003446
iter 2: per_iter_time_cuda = 0.206034

iter 3: slack_cuda = -0.031471
iter 3: cpu_time_cuda = 0.080814
iter 3: gpu_time_cuda = 0.112285
iter 3: download_copy_time_cuda = 0.003082
iter 3: upload_copy_time_cuda = 0.003430
iter 3: per_iter_time_cuda = 0.200967

iter 4: slack_cuda = -0.033871
iter 4: cpu_time_cuda = 0.080640
iter 4: gpu_time_cuda = 0.114510
iter 4: download_copy_time_cuda = 0.003100
iter 4: upload_copy_time_cuda = 0.003345
iter 4: per_iter_time_cuda = 0.203140

iter 5: slack_cuda = -0.033041
iter 5: cpu_time_cuda = 0.080235
iter 5: gpu_time_cuda = 0.113276
iter 5: download_copy_time_cuda = 0.003080
iter 5: upload_copy_time_cuda = 0.003409
iter 5: per_iter_time_cuda = 0.201407

iter 6: slack_cuda = -0.032964
iter 6: cpu_time_cuda = 0.079652
iter 6: gpu_time_cuda = 0.112616
iter 6: download_copy_time_cuda = 0.003081
iter 6: upload_copy_time_cuda = 0.003374
iter 6: per_iter_time_cuda = 0.200334

iter 7: slack_cuda = -0.028606
iter 7: cpu_time_cuda = 0.079359
iter 7: gpu_time_cuda = 0.107965
iter 7: download_copy_time_cuda = 0.003038
iter 7: upload_copy_time_cuda = 0.003359
iter 7: per_iter_time_cuda = 0.195060

iter 8: slack_cuda = -0.031556
iter 8: cpu_time_cuda = 0.079131
iter 8: gpu_time_cuda = 0.110687
iter 8: download_copy_time_cuda = 0.003038
iter 8: upload_copy_time_cuda = 0.003286
iter 8: per_iter_time_cuda = 0.197753

iter 9: slack_cuda = -0.030127
iter 9: cpu_time_cuda = 0.078725
iter 9: gpu_time_cuda = 0.108851
iter 9: download_copy_time_cuda = 0.003061
iter 9: upload_copy_time_cuda = 0.003333
iter 9: per_iter_time_cuda = 0.195286

iter 10: slack_cuda = -0.030016
iter 10: cpu_time_cuda = 0.078281
iter 10: gpu_time_cuda = 0.108297
iter 10: download_copy_time_cuda = 0.002974
iter 10: upload_copy_time_cuda = 0.003320
iter 10: per_iter_time_cuda = 0.194475

iter 11: slack_cuda = -0.025805
iter 11: cpu_time_cuda = 0.077561
iter 11: gpu_time_cuda = 0.103366
iter 11: download_copy_time_cuda = 0.003008
iter 11: upload_copy_time_cuda = 0.003299
iter 11: per_iter_time_cuda = 0.188517

iter 12: slack_cuda = -0.028595
iter 12: cpu_time_cuda = 0.077425
iter 12: gpu_time_cuda = 0.106020
iter 12: download_copy_time_cuda = 0.002929
iter 12: upload_copy_time_cuda = 0.003237
iter 12: per_iter_time_cuda = 0.191261

iter 13: slack_cuda = -0.027779
iter 13: cpu_time_cuda = 0.076928
iter 13: gpu_time_cuda = 0.104707
iter 13: download_copy_time_cuda = 0.002981
iter 13: upload_copy_time_cuda = 0.003383
iter 13: per_iter_time_cuda = 0.189303

iter 14: slack_cuda = -0.027238
iter 14: cpu_time_cuda = 0.076638
iter 14: gpu_time_cuda = 0.103876
iter 14: download_copy_time_cuda = 0.002946
iter 14: upload_copy_time_cuda = 0.003247
iter 14: per_iter_time_cuda = 0.188371

iter 15: slack_cuda = -0.022492
iter 15: cpu_time_cuda = 0.076289
iter 15: gpu_time_cuda = 0.098781
iter 15: download_copy_time_cuda = 0.002949
iter 15: upload_copy_time_cuda = 0.003252
iter 15: per_iter_time_cuda = 0.182568

iter 16: slack_cuda = -0.026134
iter 16: cpu_time_cuda = 0.075676
iter 16: gpu_time_cuda = 0.101810
iter 16: download_copy_time_cuda = 0.002930
iter 16: upload_copy_time_cuda = 0.003157
iter 16: per_iter_time_cuda = 0.185157

iter 17: slack_cuda = -0.025392
iter 17: cpu_time_cuda = 0.075262
iter 17: gpu_time_cuda = 0.100653
iter 17: download_copy_time_cuda = 0.002882
iter 17: upload_copy_time_cuda = 0.003195
iter 17: per_iter_time_cuda = 0.183322

iter 18: slack_cuda = -0.024098
iter 18: cpu_time_cuda = 0.075122
iter 18: gpu_time_cuda = 0.099220
iter 18: download_copy_time_cuda = 0.002933
iter 18: upload_copy_time_cuda = 0.003169
iter 18: per_iter_time_cuda = 0.181959

iter 19: slack_cuda = -0.020273
iter 19: cpu_time_cuda = 0.074799
iter 19: gpu_time_cuda = 0.095072
iter 19: download_copy_time_cuda = 0.002879
iter 19: upload_copy_time_cuda = 0.003300
iter 19: per_iter_time_cuda = 0.177521

iter 20: slack_cuda = -0.022857
iter 20: cpu_time_cuda = 0.074380
iter 20: gpu_time_cuda = 0.097238
iter 20: download_copy_time_cuda = 0.002861
iter 20: upload_copy_time_cuda = 0.003085
iter 20: per_iter_time_cuda = 0.179371

iter 21: slack_cuda = -0.022434
iter 21: cpu_time_cuda = 0.073888
iter 21: gpu_time_cuda = 0.096322
iter 21: download_copy_time_cuda = 0.002838
iter 21: upload_copy_time_cuda = 0.003126
iter 21: per_iter_time_cuda = 0.177485

iter 22: slack_cuda = -0.022174
iter 22: cpu_time_cuda = 0.073225
iter 22: gpu_time_cuda = 0.095399
iter 22: download_copy_time_cuda = 0.002852
iter 22: upload_copy_time_cuda = 0.003129
iter 22: per_iter_time_cuda = 0.176114

iter 23: slack_cuda = -0.017994
iter 23: cpu_time_cuda = 0.073142
iter 23: gpu_time_cuda = 0.091136
iter 23: download_copy_time_cuda = 0.002821
iter 23: upload_copy_time_cuda = 0.003112
iter 23: per_iter_time_cuda = 0.171464

iter 24: slack_cuda = -0.021048
iter 24: cpu_time_cuda = 0.072546
iter 24: gpu_time_cuda = 0.093594
iter 24: download_copy_time_cuda = 0.002790
iter 24: upload_copy_time_cuda = 0.003065
iter 24: per_iter_time_cuda = 0.173504

iter 25: slack_cuda = -0.019644
iter 25: cpu_time_cuda = 0.072377
iter 25: gpu_time_cuda = 0.092021
iter 25: download_copy_time_cuda = 0.002835
iter 25: upload_copy_time_cuda = 0.003099
iter 25: per_iter_time_cuda = 0.171562

iter 26: slack_cuda = -0.019560
iter 26: cpu_time_cuda = 0.071902
iter 26: gpu_time_cuda = 0.091462
iter 26: download_copy_time_cuda = 0.002764
iter 26: upload_copy_time_cuda = 0.003068
iter 26: per_iter_time_cuda = 0.170706

iter 27: slack_cuda = -0.015974
iter 27: cpu_time_cuda = 0.071531
iter 27: gpu_time_cuda = 0.087505
iter 27: download_copy_time_cuda = 0.002808
iter 27: upload_copy_time_cuda = 0.003037
iter 27: per_iter_time_cuda = 0.166068

iter 28: slack_cuda = -0.018276
iter 28: cpu_time_cuda = 0.071018
iter 28: gpu_time_cuda = 0.089294
iter 28: download_copy_time_cuda = 0.002772
iter 28: upload_copy_time_cuda = 0.002991
iter 28: per_iter_time_cuda = 0.167594

iter 29: slack_cuda = -0.017267
iter 29: cpu_time_cuda = 0.070818
iter 29: gpu_time_cuda = 0.088085
iter 29: download_copy_time_cuda = 0.002775
iter 29: upload_copy_time_cuda = 0.003010
iter 29: per_iter_time_cuda = 0.165897

iter 30: slack_cuda = -0.017474
iter 30: cpu_time_cuda = 0.070241
iter 30: gpu_time_cuda = 0.087715
iter 30: download_copy_time_cuda = 0.002705
iter 30: upload_copy_time_cuda = 0.003010
iter 30: per_iter_time_cuda = 0.165228

iter 31: slack_cuda = -0.012865
iter 31: cpu_time_cuda = 0.069975
iter 31: gpu_time_cuda = 0.082839
iter 31: download_copy_time_cuda = 0.002756
iter 31: upload_copy_time_cuda = 0.002980
iter 31: per_iter_time_cuda = 0.159800

iter 32: slack_cuda = -0.015823
iter 32: cpu_time_cuda = 0.069405
iter 32: gpu_time_cuda = 0.085228
iter 32: download_copy_time_cuda = 0.002727
iter 32: upload_copy_time_cuda = 0.002937
iter 32: per_iter_time_cuda = 0.161762

iter 33: slack_cuda = -0.015039
iter 33: cpu_time_cuda = 0.069193
iter 33: gpu_time_cuda = 0.084232
iter 33: download_copy_time_cuda = 0.002668
iter 33: upload_copy_time_cuda = 0.002969
iter 33: per_iter_time_cuda = 0.160276

iter 34: slack_cuda = -0.014753
iter 34: cpu_time_cuda = 0.068774
iter 34: gpu_time_cuda = 0.083527
iter 34: download_copy_time_cuda = 0.002674
iter 34: upload_copy_time_cuda = 0.002944
iter 34: per_iter_time_cuda = 0.159338

iter 35: slack_cuda = -0.011393
iter 35: cpu_time_cuda = 0.068485
iter 35: gpu_time_cuda = 0.079878
iter 35: download_copy_time_cuda = 0.002636
iter 35: upload_copy_time_cuda = 0.002912
iter 35: per_iter_time_cuda = 0.155110

iter 36: slack_cuda = -0.013755
iter 36: cpu_time_cuda = 0.067585
iter 36: gpu_time_cuda = 0.081339
iter 36: download_copy_time_cuda = 0.002647
iter 36: upload_copy_time_cuda = 0.002846
iter 36: per_iter_time_cuda = 0.155797

iter 37: slack_cuda = -0.013328
iter 37: cpu_time_cuda = 0.067498
iter 37: gpu_time_cuda = 0.080826
iter 37: download_copy_time_cuda = 0.002639
iter 37: upload_copy_time_cuda = 0.002900
iter 37: per_iter_time_cuda = 0.155097

iter 38: slack_cuda = -0.012572
iter 38: cpu_time_cuda = 0.067224
iter 38: gpu_time_cuda = 0.079796
iter 38: download_copy_time_cuda = 0.002720
iter 38: upload_copy_time_cuda = 0.002861
iter 38: per_iter_time_cuda = 0.153983

iter 39: slack_cuda = -0.009246
iter 39: cpu_time_cuda = 0.066837
iter 39: gpu_time_cuda = 0.076083
iter 39: download_copy_time_cuda = 0.002880
iter 39: upload_copy_time_cuda = 0.002843
iter 39: per_iter_time_cuda = 0.149851

iter 40: slack_cuda = -0.012585
iter 40: cpu_time_cuda = 0.066087
iter 40: gpu_time_cuda = 0.078672
iter 40: download_copy_time_cuda = 0.002682
iter 40: upload_copy_time_cuda = 0.002781
iter 40: per_iter_time_cuda = 0.151997

iter 41: slack_cuda = -0.010990
iter 41: cpu_time_cuda = 0.065960
iter 41: gpu_time_cuda = 0.076949
iter 41: download_copy_time_cuda = 0.002603
iter 41: upload_copy_time_cuda = 0.002913
iter 41: per_iter_time_cuda = 0.149563

iter 42: slack_cuda = -0.010064
iter 42: cpu_time_cuda = 0.065775
iter 42: gpu_time_cuda = 0.075839
iter 42: download_copy_time_cuda = 0.002569
iter 42: upload_copy_time_cuda = 0.002822
iter 42: per_iter_time_cuda = 0.148370

iter 43: slack_cuda = -0.007534
iter 43: cpu_time_cuda = 0.065051
iter 43: gpu_time_cuda = 0.072585
iter 43: download_copy_time_cuda = 0.002535
iter 43: upload_copy_time_cuda = 0.002808
iter 43: per_iter_time_cuda = 0.144076

iter 44: slack_cuda = -0.009797
iter 44: cpu_time_cuda = 0.064767
iter 44: gpu_time_cuda = 0.074564
iter 44: download_copy_time_cuda = 0.002502
iter 44: upload_copy_time_cuda = 0.002722
iter 44: per_iter_time_cuda = 0.145938

iter 45: slack_cuda = -0.008776
iter 45: cpu_time_cuda = 0.064444
iter 45: gpu_time_cuda = 0.073220
iter 45: download_copy_time_cuda = 0.002531
iter 45: upload_copy_time_cuda = 0.002766
iter 45: per_iter_time_cuda = 0.144055

iter 46: slack_cuda = -0.008417
iter 46: cpu_time_cuda = 0.063991
iter 46: gpu_time_cuda = 0.072408
iter 46: download_copy_time_cuda = 0.002493
iter 46: upload_copy_time_cuda = 0.002733
iter 46: per_iter_time_cuda = 0.142995

iter 47: slack_cuda = -0.005400
iter 47: cpu_time_cuda = 0.063730
iter 47: gpu_time_cuda = 0.069130
iter 47: download_copy_time_cuda = 0.002499
iter 47: upload_copy_time_cuda = 0.002740
iter 47: per_iter_time_cuda = 0.139172

iter 48: slack_cuda = -0.007152
iter 48: cpu_time_cuda = 0.063324
iter 48: gpu_time_cuda = 0.070475
iter 48: download_copy_time_cuda = 0.002479
iter 48: upload_copy_time_cuda = 0.002684
iter 48: per_iter_time_cuda = 0.140316

iter 49: slack_cuda = -0.006672
iter 49: cpu_time_cuda = 0.063002
iter 49: gpu_time_cuda = 0.069674
iter 49: download_copy_time_cuda = 0.002474
iter 49: upload_copy_time_cuda = 0.002714
iter 49: per_iter_time_cuda = 0.138977

iter 50: slack_cuda = -0.006306
iter 50: cpu_time_cuda = 0.062424
iter 50: gpu_time_cuda = 0.068730
iter 50: download_copy_time_cuda = 0.002461
iter 50: upload_copy_time_cuda = 0.002662
iter 50: per_iter_time_cuda = 0.137602

iter 51: slack_cuda = -0.005606
iter 51: cpu_time_cuda = 0.060269
iter 51: gpu_time_cuda = 0.065875
iter 51: download_copy_time_cuda = 0.002426
iter 51: upload_copy_time_cuda = 0.002675
iter 51: per_iter_time_cuda = 0.138351

iter 52: slack_cuda = -0.021994
iter 52: cpu_time_cuda = 0.044955
iter 52: gpu_time_cuda = 0.066949
iter 52: download_copy_time_cuda = 0.002412
iter 52: upload_copy_time_cuda = 0.002593
iter 52: per_iter_time_cuda = 0.118146

iter 53: slack_cuda = -0.022021
iter 53: cpu_time_cuda = 0.044538
iter 53: gpu_time_cuda = 0.066560
iter 53: download_copy_time_cuda = 0.002379
iter 53: upload_copy_time_cuda = 0.002602
iter 53: per_iter_time_cuda = 0.117161

iter 54: slack_cuda = -0.021242
iter 54: cpu_time_cuda = 0.044278
iter 54: gpu_time_cuda = 0.065520
iter 54: download_copy_time_cuda = 0.002388
iter 54: upload_copy_time_cuda = 0.002595
iter 54: per_iter_time_cuda = 0.116006

iter 55: slack_cuda = -0.018202
iter 55: cpu_time_cuda = 0.044053
iter 55: gpu_time_cuda = 0.062254
iter 55: download_copy_time_cuda = 0.002378
iter 55: upload_copy_time_cuda = 0.002587
iter 55: per_iter_time_cuda = 0.112315

iter 56: slack_cuda = -0.020133
iter 56: cpu_time_cuda = 0.043734
iter 56: gpu_time_cuda = 0.063867
iter 56: download_copy_time_cuda = 0.002366
iter 56: upload_copy_time_cuda = 0.002527
iter 56: per_iter_time_cuda = 0.113726

iter 57: slack_cuda = -0.019392
iter 57: cpu_time_cuda = 0.043517
iter 57: gpu_time_cuda = 0.062910
iter 57: download_copy_time_cuda = 0.002497
iter 57: upload_copy_time_cuda = 0.002561
iter 57: per_iter_time_cuda = 0.112527

iter 58: slack_cuda = -0.018948
iter 58: cpu_time_cuda = 0.043306
iter 58: gpu_time_cuda = 0.062255
iter 58: download_copy_time_cuda = 0.002336
iter 58: upload_copy_time_cuda = 0.002530
iter 58: per_iter_time_cuda = 0.111647

iter 59: slack_cuda = -0.016297
iter 59: cpu_time_cuda = 0.042941
iter 59: gpu_time_cuda = 0.059238
iter 59: download_copy_time_cuda = 0.002346
iter 59: upload_copy_time_cuda = 0.002542
iter 59: per_iter_time_cuda = 0.108044

iter 60: slack_cuda = -0.017793
iter 60: cpu_time_cuda = 0.042733
iter 60: gpu_time_cuda = 0.060526
iter 60: download_copy_time_cuda = 0.002254
iter 60: upload_copy_time_cuda = 0.002452
iter 60: per_iter_time_cuda = 0.109503

iter 61: slack_cuda = -0.027101
iter 61: cpu_time_cuda = 0.032386
iter 61: gpu_time_cuda = 0.059486
iter 61: download_copy_time_cuda = 0.002312
iter 61: upload_copy_time_cuda = 0.002475
iter 61: per_iter_time_cuda = 0.097766

iter 62: slack_cuda = -0.026654
iter 62: cpu_time_cuda = 0.032243
iter 62: gpu_time_cuda = 0.058897
iter 62: download_copy_time_cuda = 0.002258
iter 62: upload_copy_time_cuda = 0.002461
iter 62: per_iter_time_cuda = 0.097124

iter 63: slack_cuda = -0.023706
iter 63: cpu_time_cuda = 0.031819
iter 63: gpu_time_cuda = 0.055525
iter 63: download_copy_time_cuda = 0.002259
iter 63: upload_copy_time_cuda = 0.002468
iter 63: per_iter_time_cuda = 0.093053

iter 64: slack_cuda = -0.025223
iter 64: cpu_time_cuda = 0.031914
iter 64: gpu_time_cuda = 0.057137
iter 64: download_copy_time_cuda = 0.002232
iter 64: upload_copy_time_cuda = 0.002376
iter 64: per_iter_time_cuda = 0.094849

iter 65: slack_cuda = -0.024819
iter 65: cpu_time_cuda = 0.031653
iter 65: gpu_time_cuda = 0.056472
iter 65: download_copy_time_cuda = 0.002218
iter 65: upload_copy_time_cuda = 0.002428
iter 65: per_iter_time_cuda = 0.093749

iter 66: slack_cuda = -0.023869
iter 66: cpu_time_cuda = 0.031438
iter 66: gpu_time_cuda = 0.055308
iter 66: download_copy_time_cuda = 0.002212
iter 66: upload_copy_time_cuda = 0.002385
iter 66: per_iter_time_cuda = 0.092504

iter 67: slack_cuda = -0.022170
iter 67: cpu_time_cuda = 0.031084
iter 67: gpu_time_cuda = 0.053254
iter 67: download_copy_time_cuda = 0.002165
iter 67: upload_copy_time_cuda = 0.002378
iter 67: per_iter_time_cuda = 0.089845

iter 68: slack_cuda = -0.022994
iter 68: cpu_time_cuda = 0.030822
iter 68: gpu_time_cuda = 0.053816
iter 68: download_copy_time_cuda = 0.002259
iter 68: upload_copy_time_cuda = 0.002303
iter 68: per_iter_time_cuda = 0.090307

iter 69: slack_cuda = -0.022718
iter 69: cpu_time_cuda = 0.030463
iter 69: gpu_time_cuda = 0.053181
iter 69: download_copy_time_cuda = 0.002143
iter 69: upload_copy_time_cuda = 0.002335
iter 69: per_iter_time_cuda = 0.089129

iter 70: slack_cuda = -0.022114
iter 70: cpu_time_cuda = 0.030525
iter 70: gpu_time_cuda = 0.052639
iter 70: download_copy_time_cuda = 0.002180
iter 70: upload_copy_time_cuda = 0.002332
iter 70: per_iter_time_cuda = 0.088805

iter 71: slack_cuda = -0.020259
iter 71: cpu_time_cuda = 0.030300
iter 71: gpu_time_cuda = 0.050559
iter 71: download_copy_time_cuda = 0.002166
iter 71: upload_copy_time_cuda = 0.002310
iter 71: per_iter_time_cuda = 0.086292

iter 72: slack_cuda = -0.021086
iter 72: cpu_time_cuda = 0.030021
iter 72: gpu_time_cuda = 0.051107
iter 72: download_copy_time_cuda = 0.002136
iter 72: upload_copy_time_cuda = 0.002234
iter 72: per_iter_time_cuda = 0.086624

iter 73: slack_cuda = -0.020527
iter 73: cpu_time_cuda = 0.029768
iter 73: gpu_time_cuda = 0.050296
iter 73: download_copy_time_cuda = 0.002119
iter 73: upload_copy_time_cuda = 0.002266
iter 73: per_iter_time_cuda = 0.085373

iter 74: slack_cuda = -0.020021
iter 74: cpu_time_cuda = 0.029644
iter 74: gpu_time_cuda = 0.049665
iter 74: download_copy_time_cuda = 0.002074
iter 74: upload_copy_time_cuda = 0.002247
iter 74: per_iter_time_cuda = 0.084719

iter 75: slack_cuda = -0.017712
iter 75: cpu_time_cuda = 0.029434
iter 75: gpu_time_cuda = 0.047146
iter 75: download_copy_time_cuda = 0.002116
iter 75: upload_copy_time_cuda = 0.002264
iter 75: per_iter_time_cuda = 0.081859

iter 76: slack_cuda = -0.018757
iter 76: cpu_time_cuda = 0.029423
iter 76: gpu_time_cuda = 0.048180
iter 76: download_copy_time_cuda = 0.002043
iter 76: upload_copy_time_cuda = 0.002196
iter 76: per_iter_time_cuda = 0.082975

iter 77: slack_cuda = -0.018783
iter 77: cpu_time_cuda = 0.028933
iter 77: gpu_time_cuda = 0.047716
iter 77: download_copy_time_cuda = 0.002069
iter 77: upload_copy_time_cuda = 0.002223
iter 77: per_iter_time_cuda = 0.081822

iter 78: slack_cuda = -0.017941
iter 78: cpu_time_cuda = 0.028786
iter 78: gpu_time_cuda = 0.046727
iter 78: download_copy_time_cuda = 0.002042
iter 78: upload_copy_time_cuda = 0.002194
iter 78: per_iter_time_cuda = 0.080871

iter 79: slack_cuda = -0.015608
iter 79: cpu_time_cuda = 0.028580
iter 79: gpu_time_cuda = 0.044188
iter 79: download_copy_time_cuda = 0.002037
iter 79: upload_copy_time_cuda = 0.002194
iter 79: per_iter_time_cuda = 0.077875

iter 80: slack_cuda = -0.017099
iter 80: cpu_time_cuda = 0.028360
iter 80: gpu_time_cuda = 0.045460
iter 80: download_copy_time_cuda = 0.001999
iter 80: upload_copy_time_cuda = 0.002116
iter 80: per_iter_time_cuda = 0.079097

iter 81: slack_cuda = -0.016685
iter 81: cpu_time_cuda = 0.027854
iter 81: gpu_time_cuda = 0.044539
iter 81: download_copy_time_cuda = 0.002001
iter 81: upload_copy_time_cuda = 0.002163
iter 81: per_iter_time_cuda = 0.077589

iter 82: slack_cuda = -0.015744
iter 82: cpu_time_cuda = 0.027827
iter 82: gpu_time_cuda = 0.043572
iter 82: download_copy_time_cuda = 0.001989
iter 82: upload_copy_time_cuda = 0.002124
iter 82: per_iter_time_cuda = 0.076579

iter 83: slack_cuda = -0.013916
iter 83: cpu_time_cuda = 0.027780
iter 83: gpu_time_cuda = 0.041696
iter 83: download_copy_time_cuda = 0.001945
iter 83: upload_copy_time_cuda = 0.002126
iter 83: per_iter_time_cuda = 0.074457

iter 84: slack_cuda = -0.015231
iter 84: cpu_time_cuda = 0.027414
iter 84: gpu_time_cuda = 0.042645
iter 84: download_copy_time_cuda = 0.001948
iter 84: upload_copy_time_cuda = 0.002091
iter 84: per_iter_time_cuda = 0.075140

iter 85: slack_cuda = -0.014612
iter 85: cpu_time_cuda = 0.027192
iter 85: gpu_time_cuda = 0.041804
iter 85: download_copy_time_cuda = 0.001999
iter 85: upload_copy_time_cuda = 0.002090
iter 85: per_iter_time_cuda = 0.074011

iter 86: slack_cuda = -0.014153
iter 86: cpu_time_cuda = 0.026972
iter 86: gpu_time_cuda = 0.041125
iter 86: download_copy_time_cuda = 0.001918
iter 86: upload_copy_time_cuda = 0.002075
iter 86: per_iter_time_cuda = 0.073129

iter 87: slack_cuda = -0.012418
iter 87: cpu_time_cuda = 0.026747
iter 87: gpu_time_cuda = 0.039166
iter 87: download_copy_time_cuda = 0.001911
iter 87: upload_copy_time_cuda = 0.002045
iter 87: per_iter_time_cuda = 0.070744

iter 88: slack_cuda = -0.013345
iter 88: cpu_time_cuda = 0.026556
iter 88: gpu_time_cuda = 0.039900
iter 88: download_copy_time_cuda = 0.001899
iter 88: upload_copy_time_cuda = 0.001996
iter 88: per_iter_time_cuda = 0.071431

iter 89: slack_cuda = -0.012388
iter 89: cpu_time_cuda = 0.026381
iter 89: gpu_time_cuda = 0.038769
iter 89: download_copy_time_cuda = 0.001913
iter 89: upload_copy_time_cuda = 0.001825
iter 89: per_iter_time_cuda = 0.069751

iter 90: slack_cuda = -0.012920
iter 90: cpu_time_cuda = 0.025858
iter 90: gpu_time_cuda = 0.038778
iter 90: download_copy_time_cuda = 0.001665
iter 90: upload_copy_time_cuda = 0.001799
iter 90: per_iter_time_cuda = 0.069170

iter 91: slack_cuda = -0.010625
iter 91: cpu_time_cuda = 0.025914
iter 91: gpu_time_cuda = 0.036539
iter 91: download_copy_time_cuda = 0.001683
iter 91: upload_copy_time_cuda = 0.001791
iter 91: per_iter_time_cuda = 0.066758

iter 92: slack_cuda = -0.011360
iter 92: cpu_time_cuda = 0.025672
iter 92: gpu_time_cuda = 0.037032
iter 92: download_copy_time_cuda = 0.001612
iter 92: upload_copy_time_cuda = 0.001747
iter 92: per_iter_time_cuda = 0.067137

iter 93: slack_cuda = -0.010961
iter 93: cpu_time_cuda = 0.025557
iter 93: gpu_time_cuda = 0.036518
iter 93: download_copy_time_cuda = 0.001631
iter 93: upload_copy_time_cuda = 0.001762
iter 93: per_iter_time_cuda = 0.066311

iter 94: slack_cuda = -0.011075
iter 94: cpu_time_cuda = 0.025279
iter 94: gpu_time_cuda = 0.036355
iter 94: download_copy_time_cuda = 0.001600
iter 94: upload_copy_time_cuda = 0.001738
iter 94: per_iter_time_cuda = 0.066049

iter 95: slack_cuda = -0.009063
iter 95: cpu_time_cuda = 0.024767
iter 95: gpu_time_cuda = 0.033830
iter 95: download_copy_time_cuda = 0.001605
iter 95: upload_copy_time_cuda = 0.001731
iter 95: per_iter_time_cuda = 0.062784

iter 96: slack_cuda = -0.009698
iter 96: cpu_time_cuda = 0.024790
iter 96: gpu_time_cuda = 0.034489
iter 96: download_copy_time_cuda = 0.001588
iter 96: upload_copy_time_cuda = 0.001679
iter 96: per_iter_time_cuda = 0.063546

iter 97: slack_cuda = -0.009680
iter 97: cpu_time_cuda = 0.024547
iter 97: gpu_time_cuda = 0.034227
iter 97: download_copy_time_cuda = 0.001559
iter 97: upload_copy_time_cuda = 0.001700
iter 97: per_iter_time_cuda = 0.062846

iter 98: slack_cuda = -0.008919
iter 98: cpu_time_cuda = 0.024358
iter 98: gpu_time_cuda = 0.033277
iter 98: download_copy_time_cuda = 0.001566
iter 98: upload_copy_time_cuda = 0.001680
iter 98: per_iter_time_cuda = 0.061854

iter 99: slack_cuda = -0.007538
iter 99: cpu_time_cuda = 0.024265
iter 99: gpu_time_cuda = 0.031803
iter 99: download_copy_time_cuda = 0.001517
iter 99: upload_copy_time_cuda = 0.001671
iter 99: per_iter_time_cuda = 0.060107

iter 100: slack_cuda = -0.008274
iter 100: cpu_time_cuda = 0.023935
iter 100: gpu_time_cuda = 0.032209
iter 100: download_copy_time_cuda = 0.001522
iter 100: upload_copy_time_cuda = 0.001614
iter 100: per_iter_time_cuda = 0.060204

iter 101: slack_cuda = -0.007954
iter 101: cpu_time_cuda = 0.023778
iter 101: gpu_time_cuda = 0.031732
iter 101: download_copy_time_cuda = 0.001502
iter 101: upload_copy_time_cuda = 0.001627
iter 101: per_iter_time_cuda = 0.059590

iter 102: slack_cuda = -0.007537
iter 102: cpu_time_cuda = 0.023492
iter 102: gpu_time_cuda = 0.031029
iter 102: download_copy_time_cuda = 0.001506
iter 102: upload_copy_time_cuda = 0.001628
iter 102: per_iter_time_cuda = 0.058749

iter 103: slack_cuda = -0.006413
iter 103: cpu_time_cuda = 0.023300
iter 103: gpu_time_cuda = 0.029713
iter 103: download_copy_time_cuda = 0.001486
iter 103: upload_copy_time_cuda = 0.001602
iter 103: per_iter_time_cuda = 0.056905

iter 104: slack_cuda = -0.007068
iter 104: cpu_time_cuda = 0.023100
iter 104: gpu_time_cuda = 0.030169
iter 104: download_copy_time_cuda = 0.001463
iter 104: upload_copy_time_cuda = 0.001551
iter 104: per_iter_time_cuda = 0.057217

iter 105: slack_cuda = -0.006427
iter 105: cpu_time_cuda = 0.022836
iter 105: gpu_time_cuda = 0.029263
iter 105: download_copy_time_cuda = 0.001493
iter 105: upload_copy_time_cuda = 0.001575
iter 105: per_iter_time_cuda = 0.055917

iter 106: slack_cuda = -0.005936
iter 106: cpu_time_cuda = 0.022810
iter 106: gpu_time_cuda = 0.028746
iter 106: download_copy_time_cuda = 0.001427
iter 106: upload_copy_time_cuda = 0.001551
iter 106: per_iter_time_cuda = 0.055475

iter 107: slack_cuda = -0.004793
iter 107: cpu_time_cuda = 0.022413
iter 107: gpu_time_cuda = 0.027206
iter 107: download_copy_time_cuda = 0.001445
iter 107: upload_copy_time_cuda = 0.001540
iter 107: per_iter_time_cuda = 0.053346

iter 108: slack_cuda = -0.005686
iter 108: cpu_time_cuda = 0.022274
iter 108: gpu_time_cuda = 0.027960
iter 108: download_copy_time_cuda = 0.001396
iter 108: upload_copy_time_cuda = 0.001489
iter 108: per_iter_time_cuda = 0.054040

iter 109: slack_cuda = -0.005180
iter 109: cpu_time_cuda = 0.021906
iter 109: gpu_time_cuda = 0.027086
iter 109: download_copy_time_cuda = 0.001419
iter 109: upload_copy_time_cuda = 0.001511
iter 109: per_iter_time_cuda = 0.052671

iter 110: slack_cuda = -0.004969
iter 110: cpu_time_cuda = 0.021749
iter 110: gpu_time_cuda = 0.026718
iter 110: download_copy_time_cuda = 0.001381
iter 110: upload_copy_time_cuda = 0.001494
iter 110: per_iter_time_cuda = 0.052304

iter 111: slack_cuda = -0.003893
iter 111: cpu_time_cuda = 0.021484
iter 111: gpu_time_cuda = 0.025377
iter 111: download_copy_time_cuda = 0.001384
iter 111: upload_copy_time_cuda = 0.001482
iter 111: per_iter_time_cuda = 0.050520

iter 112: slack_cuda = -0.004237
iter 112: cpu_time_cuda = 0.021293
iter 112: gpu_time_cuda = 0.025530
iter 112: download_copy_time_cuda = 0.001357
iter 112: upload_copy_time_cuda = 0.001434
iter 112: per_iter_time_cuda = 0.050498

iter 113: slack_cuda = -0.003853
iter 113: cpu_time_cuda = 0.021046
iter 113: gpu_time_cuda = 0.024898
iter 113: download_copy_time_cuda = 0.001342
iter 113: upload_copy_time_cuda = 0.001445
iter 113: per_iter_time_cuda = 0.049478

iter 114: slack_cuda = -0.003525
iter 114: cpu_time_cuda = 0.020861
iter 114: gpu_time_cuda = 0.024386
iter 114: download_copy_time_cuda = 0.001350
iter 114: upload_copy_time_cuda = 0.001431
iter 114: per_iter_time_cuda = 0.048874

iter 115: slack_cuda = -0.002797
iter 115: cpu_time_cuda = 0.020582
iter 115: gpu_time_cuda = 0.023379
iter 115: download_copy_time_cuda = 0.001304
iter 115: upload_copy_time_cuda = 0.001415
iter 115: per_iter_time_cuda = 0.047404

iter 116: slack_cuda = -0.002876
iter 116: cpu_time_cuda = 0.020492
iter 116: gpu_time_cuda = 0.023367
iter 116: download_copy_time_cuda = 0.001299
iter 116: upload_copy_time_cuda = 0.001377
iter 116: per_iter_time_cuda = 0.047366

iter 117: slack_cuda = -0.002927
iter 117: cpu_time_cuda = 0.020123
iter 117: gpu_time_cuda = 0.023050
iter 117: download_copy_time_cuda = 0.001281
iter 117: upload_copy_time_cuda = 0.001391
iter 117: per_iter_time_cuda = 0.046601

iter 118: slack_cuda = -0.002493
iter 118: cpu_time_cuda = 0.020040
iter 118: gpu_time_cuda = 0.022533
iter 118: download_copy_time_cuda = 0.001282
iter 118: upload_copy_time_cuda = 0.001373
iter 118: per_iter_time_cuda = 0.046073

iter 119: slack_cuda = -0.001524
iter 119: cpu_time_cuda = 0.019747
iter 119: gpu_time_cuda = 0.021271
iter 119: download_copy_time_cuda = 0.001260
iter 119: upload_copy_time_cuda = 0.001357
iter 119: per_iter_time_cuda = 0.044336

iter 120: slack_cuda = -0.002118
iter 120: cpu_time_cuda = 0.019515
iter 120: gpu_time_cuda = 0.021633
iter 120: download_copy_time_cuda = 0.001233
iter 120: upload_copy_time_cuda = 0.001311
iter 120: per_iter_time_cuda = 0.044519

iter 121: slack_cuda = -0.001765
iter 121: cpu_time_cuda = 0.019348
iter 121: gpu_time_cuda = 0.021113
iter 121: download_copy_time_cuda = 0.001243
iter 121: upload_copy_time_cuda = 0.001327
iter 121: per_iter_time_cuda = 0.043761

iter 122: slack_cuda = -0.001763
iter 122: cpu_time_cuda = 0.018887
iter 122: gpu_time_cuda = 0.020650
iter 122: download_copy_time_cuda = 0.001226
iter 122: upload_copy_time_cuda = 0.001319
iter 122: per_iter_time_cuda = 0.043044

iter 123: slack_cuda = -0.000619
iter 123: cpu_time_cuda = 0.018811
iter 123: gpu_time_cuda = 0.019430
iter 123: download_copy_time_cuda = 0.001219
iter 123: upload_copy_time_cuda = 0.001315
iter 123: per_iter_time_cuda = 0.041414

iter 124: slack_cuda = -0.000892
iter 124: cpu_time_cuda = 0.018666
iter 124: gpu_time_cuda = 0.019558
iter 124: download_copy_time_cuda = 0.001176
iter 124: upload_copy_time_cuda = 0.001266
iter 124: per_iter_time_cuda = 0.041461

iter 125: slack_cuda = -0.000743
iter 125: cpu_time_cuda = 0.018383
iter 125: gpu_time_cuda = 0.019125
iter 125: download_copy_time_cuda = 0.001181
iter 125: upload_copy_time_cuda = 0.001269
iter 125: per_iter_time_cuda = 0.040588

iter 126: slack_cuda = -0.000572
iter 126: cpu_time_cuda = 0.018189
iter 126: gpu_time_cuda = 0.018761
iter 126: download_copy_time_cuda = 0.001160
iter 126: upload_copy_time_cuda = 0.001242
iter 126: per_iter_time_cuda = 0.040148

iter 127: slack_cuda = 0.000537
iter 127: cpu_time_cuda = 0.017974
iter 127: gpu_time_cuda = 0.017437
iter 127: download_copy_time_cuda = 0.001162
iter 127: upload_copy_time_cuda = 0.001230
iter 127: per_iter_time_cuda = 0.038433

iter 128: slack_cuda = -0.000114
iter 128: cpu_time_cuda = 0.017748
iter 128: gpu_time_cuda = 0.017862
iter 128: download_copy_time_cuda = 0.001135
iter 128: upload_copy_time_cuda = 0.001188
iter 128: per_iter_time_cuda = 0.038699

iter 129: slack_cuda = 0.000340
iter 129: cpu_time_cuda = 0.017589
iter 129: gpu_time_cuda = 0.017249
iter 129: download_copy_time_cuda = 0.001118
iter 129: upload_copy_time_cuda = 0.001198
iter 129: per_iter_time_cuda = 0.037788

iter 130: slack_cuda = 0.000652
iter 130: cpu_time_cuda = 0.017484
iter 130: gpu_time_cuda = 0.016832
iter 130: download_copy_time_cuda = 0.001114
iter 130: upload_copy_time_cuda = 0.001179
iter 130: per_iter_time_cuda = 0.037348

iter 131: slack_cuda = 0.000981
iter 131: cpu_time_cuda = 0.017079
iter 131: gpu_time_cuda = 0.016098
iter 131: download_copy_time_cuda = 0.001073
iter 131: upload_copy_time_cuda = 0.001164
iter 131: per_iter_time_cuda = 0.036038

iter 132: slack_cuda = 0.000887
iter 132: cpu_time_cuda = 0.016874
iter 132: gpu_time_cuda = 0.015988
iter 132: download_copy_time_cuda = 0.001082
iter 132: upload_copy_time_cuda = 0.001135
iter 132: per_iter_time_cuda = 0.035784

iter 133: slack_cuda = 0.001053
iter 133: cpu_time_cuda = 0.016667
iter 133: gpu_time_cuda = 0.015614
iter 133: download_copy_time_cuda = 0.001057
iter 133: upload_copy_time_cuda = 0.001135
iter 133: per_iter_time_cuda = 0.035099

iter 134: slack_cuda = 0.001020
iter 134: cpu_time_cuda = 0.016414
iter 134: gpu_time_cuda = 0.015395
iter 134: download_copy_time_cuda = 0.001060
iter 134: upload_copy_time_cuda = 0.001121
iter 134: per_iter_time_cuda = 0.034684

iter 135: slack_cuda = 0.001851
iter 135: cpu_time_cuda = 0.016269
iter 135: gpu_time_cuda = 0.014418
iter 135: download_copy_time_cuda = 0.001044
iter 135: upload_copy_time_cuda = 0.001104
iter 135: per_iter_time_cuda = 0.033436

iter 136: slack_cuda = 0.001502
iter 136: cpu_time_cuda = 0.016059
iter 136: gpu_time_cuda = 0.014557
iter 136: download_copy_time_cuda = 0.001009
iter 136: upload_copy_time_cuda = 0.001065
iter 136: per_iter_time_cuda = 0.033382

iter 137: slack_cuda = 0.001578
iter 137: cpu_time_cuda = 0.015740
iter 137: gpu_time_cuda = 0.014162
iter 137: download_copy_time_cuda = 0.001010
iter 137: upload_copy_time_cuda = 0.001075
iter 137: per_iter_time_cuda = 0.032568

iter 138: slack_cuda = 0.001880
iter 138: cpu_time_cuda = 0.015578
iter 138: gpu_time_cuda = 0.013697
iter 138: download_copy_time_cuda = 0.001014
iter 138: upload_copy_time_cuda = 0.001053
iter 138: per_iter_time_cuda = 0.032035

iter 139: slack_cuda = 0.002665
iter 139: cpu_time_cuda = 0.015373
iter 139: gpu_time_cuda = 0.012709
iter 139: download_copy_time_cuda = 0.000985
iter 139: upload_copy_time_cuda = 0.001055
iter 139: per_iter_time_cuda = 0.030691

iter 140: slack_cuda = 0.002050
iter 140: cpu_time_cuda = 0.015164
iter 140: gpu_time_cuda = 0.013114
iter 140: download_copy_time_cuda = 0.000950
iter 140: upload_copy_time_cuda = 0.001003
iter 140: per_iter_time_cuda = 0.030908

iter 141: slack_cuda = 0.002349
iter 141: cpu_time_cuda = 0.014902
iter 141: gpu_time_cuda = 0.012554
iter 141: download_copy_time_cuda = 0.000952
iter 141: upload_copy_time_cuda = 0.001015
iter 141: per_iter_time_cuda = 0.029981

iter 142: slack_cuda = 0.003000
iter 142: cpu_time_cuda = 0.015120
iter 142: gpu_time_cuda = 0.012120
iter 142: download_copy_time_cuda = 0.000928
iter 142: upload_copy_time_cuda = 0.001018
iter 142: per_iter_time_cuda = 0.029979

iter 143: slack_cuda = 0.002955
iter 143: cpu_time_cuda = 0.014423
iter 143: gpu_time_cuda = 0.011468
iter 143: download_copy_time_cuda = 0.000938
iter 143: upload_copy_time_cuda = 0.000984
iter 143: per_iter_time_cuda = 0.028405

iter 144: slack_cuda = 0.002644
iter 144: cpu_time_cuda = 0.014027
iter 144: gpu_time_cuda = 0.011383
iter 144: download_copy_time_cuda = 0.000904
iter 144: upload_copy_time_cuda = 0.000950
iter 144: per_iter_time_cuda = 0.027903

iter 145: slack_cuda = 0.002697
iter 145: cpu_time_cuda = 0.013995
iter 145: gpu_time_cuda = 0.011298
iter 145: download_copy_time_cuda = 0.000899
iter 145: upload_copy_time_cuda = 0.000947
iter 145: per_iter_time_cuda = 0.027682

iter 146: slack_cuda = 0.003172
iter 146: cpu_time_cuda = 0.013915
iter 146: gpu_time_cuda = 0.010743
iter 146: download_copy_time_cuda = 0.000912
iter 146: upload_copy_time_cuda = 0.000935
iter 146: per_iter_time_cuda = 0.027130

iter 147: slack_cuda = 0.003527
iter 147: cpu_time_cuda = 0.013550
iter 147: gpu_time_cuda = 0.010023
iter 147: download_copy_time_cuda = 0.000856
iter 147: upload_copy_time_cuda = 0.000916
iter 147: per_iter_time_cuda = 0.025881

iter 148: slack_cuda = 0.003014
iter 148: cpu_time_cuda = 0.013227
iter 148: gpu_time_cuda = 0.010213
iter 148: download_copy_time_cuda = 0.000849
iter 148: upload_copy_time_cuda = 0.000886
iter 148: per_iter_time_cuda = 0.025775

iter 149: slack_cuda = 0.003227
iter 149: cpu_time_cuda = 0.013082
iter 149: gpu_time_cuda = 0.009855
iter 149: download_copy_time_cuda = 0.000833
iter 149: upload_copy_time_cuda = 0.000890
iter 149: per_iter_time_cuda = 0.025214

iter 150: slack_cuda = 0.003374
iter 150: cpu_time_cuda = 0.012844
iter 150: gpu_time_cuda = 0.009470
iter 150: download_copy_time_cuda = 0.000831
iter 150: upload_copy_time_cuda = 0.000887
iter 150: per_iter_time_cuda = 0.024624

iter 151: slack_cuda = 0.003855
iter 151: cpu_time_cuda = 0.012613
iter 151: gpu_time_cuda = 0.008757
iter 151: download_copy_time_cuda = 0.000812
iter 151: upload_copy_time_cuda = 0.000885
iter 151: per_iter_time_cuda = 0.023586

iter 152: slack_cuda = 0.003591
iter 152: cpu_time_cuda = 0.012508
iter 152: gpu_time_cuda = 0.008916
iter 152: download_copy_time_cuda = 0.000786
iter 152: upload_copy_time_cuda = 0.000859
iter 152: per_iter_time_cuda = 0.023658

iter 153: slack_cuda = 0.003696
iter 153: cpu_time_cuda = 0.012012
iter 153: gpu_time_cuda = 0.008317
iter 153: download_copy_time_cuda = 0.000787
iter 153: upload_copy_time_cuda = 0.000870
iter 153: per_iter_time_cuda = 0.022488

iter 154: slack_cuda = 0.003625
iter 154: cpu_time_cuda = 0.011981
iter 154: gpu_time_cuda = 0.008356
iter 154: download_copy_time_cuda = 0.000768
iter 154: upload_copy_time_cuda = 0.000866
iter 154: per_iter_time_cuda = 0.022539

iter 155: slack_cuda = 0.003972
iter 155: cpu_time_cuda = 0.011708
iter 155: gpu_time_cuda = 0.007735
iter 155: download_copy_time_cuda = 0.000759
iter 155: upload_copy_time_cuda = 0.000868
iter 155: per_iter_time_cuda = 0.021552

iter 156: slack_cuda = 0.003903
iter 156: cpu_time_cuda = 0.011519
iter 156: gpu_time_cuda = 0.007615
iter 156: download_copy_time_cuda = 0.000734
iter 156: upload_copy_time_cuda = 0.000852
iter 156: per_iter_time_cuda = 0.021300

iter 157: slack_cuda = 0.004060
iter 157: cpu_time_cuda = 0.011283
iter 157: gpu_time_cuda = 0.007224
iter 157: download_copy_time_cuda = 0.000731
iter 157: upload_copy_time_cuda = 0.000867
iter 157: per_iter_time_cuda = 0.020576

iter 158: slack_cuda = 0.003567
iter 158: cpu_time_cuda = 0.010842
iter 158: gpu_time_cuda = 0.007275
iter 158: download_copy_time_cuda = 0.000712
iter 158: upload_copy_time_cuda = 0.000859
iter 158: per_iter_time_cuda = 0.020275

iter 159: slack_cuda = 0.004498
iter 159: cpu_time_cuda = 0.010910
iter 159: gpu_time_cuda = 0.006412
iter 159: download_copy_time_cuda = 0.000697
iter 159: upload_copy_time_cuda = 0.000853
iter 159: per_iter_time_cuda = 0.019344

iter 160: slack_cuda = 0.004126
iter 160: cpu_time_cuda = 0.010577
iter 160: gpu_time_cuda = 0.006451
iter 160: download_copy_time_cuda = 0.000686
iter 160: upload_copy_time_cuda = 0.000831
iter 160: per_iter_time_cuda = 0.019092

iter 161: slack_cuda = 0.003898
iter 161: cpu_time_cuda = 0.010356
iter 161: gpu_time_cuda = 0.006457
iter 161: download_copy_time_cuda = 0.000660
iter 161: upload_copy_time_cuda = 0.000840
iter 161: per_iter_time_cuda = 0.018770

iter 162: slack_cuda = 0.004182
iter 162: cpu_time_cuda = 0.010137
iter 162: gpu_time_cuda = 0.005955
iter 162: download_copy_time_cuda = 0.000651
iter 162: upload_copy_time_cuda = 0.000834
iter 162: per_iter_time_cuda = 0.018154

iter 163: slack_cuda = 0.004504
iter 163: cpu_time_cuda = 0.009988
iter 163: gpu_time_cuda = 0.005485
iter 163: download_copy_time_cuda = 0.000649
iter 163: upload_copy_time_cuda = 0.000834
iter 163: per_iter_time_cuda = 0.017452

iter 164: slack_cuda = 0.003921
iter 164: cpu_time_cuda = 0.009418
iter 164: gpu_time_cuda = 0.005497
iter 164: download_copy_time_cuda = 0.000628
iter 164: upload_copy_time_cuda = 0.000828
iter 164: per_iter_time_cuda = 0.016888

iter 165: slack_cuda = 0.004096
iter 165: cpu_time_cuda = 0.009439
iter 165: gpu_time_cuda = 0.005343
iter 165: download_copy_time_cuda = 0.000609
iter 165: upload_copy_time_cuda = 0.000833
iter 165: per_iter_time_cuda = 0.016706

iter 166: slack_cuda = 0.004159
iter 166: cpu_time_cuda = 0.009148
iter 166: gpu_time_cuda = 0.004989
iter 166: download_copy_time_cuda = 0.000601
iter 166: upload_copy_time_cuda = 0.000841
iter 166: per_iter_time_cuda = 0.016114

iter 167: slack_cuda = 0.004410
iter 167: cpu_time_cuda = 0.009107
iter 167: gpu_time_cuda = 0.004697
iter 167: download_copy_time_cuda = 0.000593
iter 167: upload_copy_time_cuda = 0.000830
iter 167: per_iter_time_cuda = 0.015670

iter 168: slack_cuda = 0.004025
iter 168: cpu_time_cuda = 0.008698
iter 168: gpu_time_cuda = 0.004673
iter 168: download_copy_time_cuda = 0.000588
iter 168: upload_copy_time_cuda = 0.000803
iter 168: per_iter_time_cuda = 0.015274

iter 169: slack_cuda = 0.004041
iter 169: cpu_time_cuda = 0.008470
iter 169: gpu_time_cuda = 0.004428
iter 169: download_copy_time_cuda = 0.000562
iter 169: upload_copy_time_cuda = 0.000825
iter 169: per_iter_time_cuda = 0.014702

iter 170: slack_cuda = 0.004010
iter 170: cpu_time_cuda = 0.008258
iter 170: gpu_time_cuda = 0.004247
iter 170: download_copy_time_cuda = 0.000542
iter 170: upload_copy_time_cuda = 0.000806
iter 170: per_iter_time_cuda = 0.014358

iter 171: slack_cuda = 0.004135
iter 171: cpu_time_cuda = 0.008008
iter 171: gpu_time_cuda = 0.003873
iter 171: download_copy_time_cuda = 0.000534
iter 171: upload_copy_time_cuda = 0.000806
iter 171: per_iter_time_cuda = 0.013623

iter 172: slack_cuda = 0.004037
iter 172: cpu_time_cuda = 0.007803
iter 172: gpu_time_cuda = 0.003766
iter 172: download_copy_time_cuda = 0.000506
iter 172: upload_copy_time_cuda = 0.000797
iter 172: per_iter_time_cuda = 0.013366

iter 173: slack_cuda = 0.004084
iter 173: cpu_time_cuda = 0.007577
iter 173: gpu_time_cuda = 0.003493
iter 173: download_copy_time_cuda = 0.000510
iter 173: upload_copy_time_cuda = 0.000800
iter 173: per_iter_time_cuda = 0.012782

iter 174: slack_cuda = 0.003917
iter 174: cpu_time_cuda = 0.007349
iter 174: gpu_time_cuda = 0.003432
iter 174: download_copy_time_cuda = 0.000499
iter 174: upload_copy_time_cuda = 0.000790
iter 174: per_iter_time_cuda = 0.012555

iter 175: slack_cuda = 0.003975
iter 175: cpu_time_cuda = 0.007146
iter 175: gpu_time_cuda = 0.003171
iter 175: download_copy_time_cuda = 0.000476
iter 175: upload_copy_time_cuda = 0.000798
iter 175: per_iter_time_cuda = 0.012001

iter 176: slack_cuda = 0.003896
iter 176: cpu_time_cuda = 0.006922
iter 176: gpu_time_cuda = 0.003026
iter 176: download_copy_time_cuda = 0.000469
iter 176: upload_copy_time_cuda = 0.000783
iter 176: per_iter_time_cuda = 0.011623

iter 177: slack_cuda = 0.003740
iter 177: cpu_time_cuda = 0.006643
iter 177: gpu_time_cuda = 0.002903
iter 177: download_copy_time_cuda = 0.000444
iter 177: upload_copy_time_cuda = 0.000793
iter 177: per_iter_time_cuda = 0.011181

iter 178: slack_cuda = 0.003798
iter 178: cpu_time_cuda = 0.006459
iter 178: gpu_time_cuda = 0.002660
iter 178: download_copy_time_cuda = 0.000442
iter 178: upload_copy_time_cuda = 0.000793
iter 178: per_iter_time_cuda = 0.010764

iter 179: slack_cuda = 0.003749
iter 179: cpu_time_cuda = 0.006174
iter 179: gpu_time_cuda = 0.002425
iter 179: download_copy_time_cuda = 0.000412
iter 179: upload_copy_time_cuda = 0.000781
iter 179: per_iter_time_cuda = 0.010188

iter 180: slack_cuda = 0.003698
iter 180: cpu_time_cuda = 0.005999
iter 180: gpu_time_cuda = 0.002302
iter 180: download_copy_time_cuda = 0.000400
iter 180: upload_copy_time_cuda = 0.000776
iter 180: per_iter_time_cuda = 0.009901

iter 181: slack_cuda = 0.003471
iter 181: cpu_time_cuda = 0.005690
iter 181: gpu_time_cuda = 0.002218
iter 181: download_copy_time_cuda = 0.000379
iter 181: upload_copy_time_cuda = 0.000780
iter 181: per_iter_time_cuda = 0.009436

iter 182: slack_cuda = 0.003479
iter 182: cpu_time_cuda = 0.005561
iter 182: gpu_time_cuda = 0.002082
iter 182: download_copy_time_cuda = 0.000372
iter 182: upload_copy_time_cuda = 0.000774
iter 182: per_iter_time_cuda = 0.009197

iter 183: slack_cuda = 0.003467
iter 183: cpu_time_cuda = 0.005335
iter 183: gpu_time_cuda = 0.001867
iter 183: download_copy_time_cuda = 0.000352
iter 183: upload_copy_time_cuda = 0.000776
iter 183: per_iter_time_cuda = 0.008692

iter 184: slack_cuda = 0.003279
iter 184: cpu_time_cuda = 0.005059
iter 184: gpu_time_cuda = 0.001780
iter 184: download_copy_time_cuda = 0.000328
iter 184: upload_copy_time_cuda = 0.000755
iter 184: per_iter_time_cuda = 0.008334

iter 185: slack_cuda = 0.003256
iter 185: cpu_time_cuda = 0.004902
iter 185: gpu_time_cuda = 0.001646
iter 185: download_copy_time_cuda = 0.000322
iter 185: upload_copy_time_cuda = 0.000765
iter 185: per_iter_time_cuda = 0.007971

iter 186: slack_cuda = 0.003016
iter 186: cpu_time_cuda = 0.004621
iter 186: gpu_time_cuda = 0.001605
iter 186: download_copy_time_cuda = 0.000298
iter 186: upload_copy_time_cuda = 0.000756
iter 186: per_iter_time_cuda = 0.007668

iter 187: slack_cuda = 0.003061
iter 187: cpu_time_cuda = 0.004455
iter 187: gpu_time_cuda = 0.001394
iter 187: download_copy_time_cuda = 0.000290
iter 187: upload_copy_time_cuda = 0.000758
iter 187: per_iter_time_cuda = 0.007216

iter 188: slack_cuda = 0.002836
iter 188: cpu_time_cuda = 0.004157
iter 188: gpu_time_cuda = 0.001321
iter 188: download_copy_time_cuda = 0.000270
iter 188: upload_copy_time_cuda = 0.000747
iter 188: per_iter_time_cuda = 0.006837

iter 189: slack_cuda = 0.002772
iter 189: cpu_time_cuda = 0.003936
iter 189: gpu_time_cuda = 0.001164
iter 189: download_copy_time_cuda = 0.000271
iter 189: upload_copy_time_cuda = 0.000758
iter 189: per_iter_time_cuda = 0.006433

iter 190: slack_cuda = 0.002642
iter 190: cpu_time_cuda = 0.003707
iter 190: gpu_time_cuda = 0.001065
iter 190: download_copy_time_cuda = 0.000250
iter 190: upload_copy_time_cuda = 0.000740
iter 190: per_iter_time_cuda = 0.006080

iter 191: slack_cuda = 0.002565
iter 191: cpu_time_cuda = 0.003432
iter 191: gpu_time_cuda = 0.000867
iter 191: download_copy_time_cuda = 0.000241
iter 191: upload_copy_time_cuda = 0.000739
iter 191: per_iter_time_cuda = 0.005570

iter 192: slack_cuda = 0.002339
iter 192: cpu_time_cuda = 0.003196
iter 192: gpu_time_cuda = 0.000857
iter 192: download_copy_time_cuda = 0.000218
iter 192: upload_copy_time_cuda = 0.000735
iter 192: per_iter_time_cuda = 0.005303

iter 193: slack_cuda = 0.002266
iter 193: cpu_time_cuda = 0.003058
iter 193: gpu_time_cuda = 0.000792
iter 193: download_copy_time_cuda = 0.000215
iter 193: upload_copy_time_cuda = 0.000724
iter 193: per_iter_time_cuda = 0.005067

iter 194: slack_cuda = 0.002031
iter 194: cpu_time_cuda = 0.002739
iter 194: gpu_time_cuda = 0.000708
iter 194: download_copy_time_cuda = 0.000204
iter 194: upload_copy_time_cuda = 0.000742
iter 194: per_iter_time_cuda = 0.004683

iter 195: slack_cuda = 0.001901
iter 195: cpu_time_cuda = 0.002516
iter 195: gpu_time_cuda = 0.000615
iter 195: download_copy_time_cuda = 0.000176
iter 195: upload_copy_time_cuda = 0.000729
iter 195: per_iter_time_cuda = 0.004304

iter 196: slack_cuda = 0.001781
iter 196: cpu_time_cuda = 0.002317
iter 196: gpu_time_cuda = 0.000537
iter 196: download_copy_time_cuda = 0.000164
iter 196: upload_copy_time_cuda = 0.000719
iter 196: per_iter_time_cuda = 0.004017

iter 197: slack_cuda = 0.001591
iter 197: cpu_time_cuda = 0.002034
iter 197: gpu_time_cuda = 0.000443
iter 197: download_copy_time_cuda = 0.000147
iter 197: upload_copy_time_cuda = 0.000718
iter 197: per_iter_time_cuda = 0.003599

iter 198: slack_cuda = 0.001203
iter 198: cpu_time_cuda = 0.001625
iter 198: gpu_time_cuda = 0.000422
iter 198: download_copy_time_cuda = 0.000137
iter 198: upload_copy_time_cuda = 0.000990
iter 198: per_iter_time_cuda = 0.003431

iter 199: slack_cuda = 0.001075
iter 199: cpu_time_cuda = 0.001405
iter 199: gpu_time_cuda = 0.000329
iter 199: download_copy_time_cuda = 0.000135
iter 199: upload_copy_time_cuda = 0.000709
iter 199: per_iter_time_cuda = 0.002827

iter 200: slack_cuda = 0.001029
iter 200: cpu_time_cuda = 0.001275
iter 200: gpu_time_cuda = 0.000246
iter 200: download_copy_time_cuda = 0.000126
iter 200: upload_copy_time_cuda = 0.000710
iter 200: per_iter_time_cuda = 0.002610

iter 201: slack_cuda = 0.000758
iter 201: cpu_time_cuda = 0.000986
iter 201: gpu_time_cuda = 0.000228
iter 201: download_copy_time_cuda = 0.000121
iter 201: upload_copy_time_cuda = 0.000702
iter 201: per_iter_time_cuda = 0.002277

iter 202: slack_cuda = 0.000590
iter 202: cpu_time_cuda = 0.000789
iter 202: gpu_time_cuda = 0.000200
iter 202: download_copy_time_cuda = 0.000111
iter 202: upload_copy_time_cuda = 0.000702
iter 202: per_iter_time_cuda = 0.002040

iter 203: slack_cuda = 0.000390
iter 203: cpu_time_cuda = 0.000578
iter 203: gpu_time_cuda = 0.000188
iter 203: download_copy_time_cuda = 0.000102
iter 203: upload_copy_time_cuda = 0.000699
iter 203: per_iter_time_cuda = 0.001806

total_cpu_time_cuda = 6.452677
total_gpu_time_cuda = 8.163898
total_copy_time_cuda = 0.694141
main_loop_time_cuda = 15.514580
Normalized difference of predicted CPU runtime per iteration is: 0.000000%
Normalized difference of predicted GPU runtime per iteration is: 0.000000%
Normalized difference of predicted slack per iteration is: 0.000000%
20480 20480     ---   (  ---  )    342.21 (  16.73)     ---   
total_time = 28.325254
24.56user 4.04system 0:29.75elapsed 96%CPU (0avgtext+0avgdata 3430744maxresident)k
3920inputs+0outputs (1major+841416minor)pagefaults 0swaps
send out message: 22 3 log
