send out message: 24 37 /home/lchen/MAGMA/magma-1.6.1/results
send out message: 20 26 MAGMA_LU_GPUDVFS.total.pwr
MAGMA 1.6.1  compiled for CUDA capability >= 3.0
CUDA runtime 5000, driver 6050. MAGMA not compiled with OpenMP. 
ndevices 1
device 0: Tesla K20c, 705.5 MHz clock, 4799.6 MB memory, capability 3.5
Usage: /home/lchen/MAGMA/magma-1.6.1/testing/testing_dgeqrf [options] [-h|--help]

ngpu 1
    M     N   CPU GFlop/s (sec)   GPU GFlop/s (sec)   |R - Q^H*A|   |I - Q^H*Q|
===============================================================================
init_time = 6.374716
iter 0: cpu_time_cuda = 0.000002
iter 0: gpu_time1_cuda = 0.000000
iter 0: gpu_time2_cuda = 0.005649
iter 0: upload_copy_time1_cuda = 0.002400
iter 0: download_copy_time_cuda = -2487798501041485459067374128857088.000000
iter 0: upload_copy_time2_cuda = 0.000073
iter 0: download_copy_time_cuda = 0.000000

iter 1: cpu_time_cuda = 0.165627
iter 1: gpu_time1_cuda = 0.146126
iter 1: gpu_time2_cuda = 0.005609
iter 1: upload_copy_time1_cuda = 0.002375
iter 1: download_copy_time_cuda = 0.002251
iter 1: upload_copy_time2_cuda = 0.000072
iter 1: download_copy_time_cuda = 0.000073

iter 2: cpu_time_cuda = 0.164083
iter 2: gpu_time1_cuda = 0.146820
iter 2: gpu_time2_cuda = 0.005527
iter 2: upload_copy_time1_cuda = 0.002566
iter 2: download_copy_time_cuda = 0.002232
iter 2: upload_copy_time2_cuda = 0.000068
iter 2: download_copy_time_cuda = 0.000086

iter 3: cpu_time_cuda = 0.162858
iter 3: gpu_time1_cuda = 0.138887
iter 3: gpu_time2_cuda = 0.005526
iter 3: upload_copy_time1_cuda = 0.002537
iter 3: download_copy_time_cuda = 0.002386
iter 3: upload_copy_time2_cuda = 0.000068
iter 3: download_copy_time_cuda = 0.000098

iter 4: cpu_time_cuda = 0.161469
iter 4: gpu_time1_cuda = 0.133809
iter 4: gpu_time2_cuda = 0.005458
iter 4: upload_copy_time1_cuda = 0.002508
iter 4: download_copy_time_cuda = 0.002395
iter 4: upload_copy_time2_cuda = 0.000070
iter 4: download_copy_time_cuda = 0.000106

iter 5: cpu_time_cuda = 0.160124
iter 5: gpu_time1_cuda = 0.131105
iter 5: gpu_time2_cuda = 0.005432
iter 5: upload_copy_time1_cuda = 0.002476
iter 5: download_copy_time_cuda = 0.002378
iter 5: upload_copy_time2_cuda = 0.000069
iter 5: download_copy_time_cuda = 0.000111

iter 6: cpu_time_cuda = 0.158834
iter 6: gpu_time1_cuda = 0.134460
iter 6: gpu_time2_cuda = 0.005358
iter 6: upload_copy_time1_cuda = 0.002460
iter 6: download_copy_time_cuda = 0.002348
iter 6: upload_copy_time2_cuda = 0.000071
iter 6: download_copy_time_cuda = 0.000126

iter 7: cpu_time_cuda = 0.162097
iter 7: gpu_time1_cuda = 0.130175
iter 7: gpu_time2_cuda = 0.005371
iter 7: upload_copy_time1_cuda = 0.002449
iter 7: download_copy_time_cuda = 0.002416
iter 7: upload_copy_time2_cuda = 0.000069
iter 7: download_copy_time_cuda = 0.000137

iter 8: cpu_time_cuda = 0.156105
iter 8: gpu_time1_cuda = 0.131209
iter 8: gpu_time2_cuda = 0.005291
iter 8: upload_copy_time1_cuda = 0.002430
iter 8: download_copy_time_cuda = 0.002362
iter 8: upload_copy_time2_cuda = 0.000067
iter 8: download_copy_time_cuda = 0.000161

iter 9: cpu_time_cuda = 0.154704
iter 9: gpu_time1_cuda = 0.128038
iter 9: gpu_time2_cuda = 0.005269
iter 9: upload_copy_time1_cuda = 0.002437
iter 9: download_copy_time_cuda = 0.002387
iter 9: upload_copy_time2_cuda = 0.000067
iter 9: download_copy_time_cuda = 0.000173

iter 10: cpu_time_cuda = 0.153560
iter 10: gpu_time1_cuda = 0.128914
iter 10: gpu_time2_cuda = 0.005216
iter 10: upload_copy_time1_cuda = 0.002397
iter 10: download_copy_time_cuda = 0.002295
iter 10: upload_copy_time2_cuda = 0.000069
iter 10: download_copy_time_cuda = 0.000190

iter 11: cpu_time_cuda = 0.152814
iter 11: gpu_time1_cuda = 0.125137
iter 11: gpu_time2_cuda = 0.005190
iter 11: upload_copy_time1_cuda = 0.002394
iter 11: download_copy_time_cuda = 0.002272
iter 11: upload_copy_time2_cuda = 0.000068
iter 11: download_copy_time_cuda = 0.000206

iter 12: cpu_time_cuda = 0.150939
iter 12: gpu_time1_cuda = 0.124230
iter 12: gpu_time2_cuda = 0.005110
iter 12: upload_copy_time1_cuda = 0.002348
iter 12: download_copy_time_cuda = 0.002242
iter 12: upload_copy_time2_cuda = 0.000066
iter 12: download_copy_time_cuda = 0.000224

iter 13: cpu_time_cuda = 0.149499
iter 13: gpu_time1_cuda = 0.115393
iter 13: gpu_time2_cuda = 0.005097
iter 13: upload_copy_time1_cuda = 0.002351
iter 13: download_copy_time_cuda = 0.002244
iter 13: upload_copy_time2_cuda = 0.000067
iter 13: download_copy_time_cuda = 0.000239

iter 14: cpu_time_cuda = 0.148256
iter 14: gpu_time1_cuda = 0.118144
iter 14: gpu_time2_cuda = 0.004995
iter 14: upload_copy_time1_cuda = 0.002379
iter 14: download_copy_time_cuda = 0.002213
iter 14: upload_copy_time2_cuda = 0.000061
iter 14: download_copy_time_cuda = 0.000549

iter 15: cpu_time_cuda = 0.146954
iter 15: gpu_time1_cuda = 0.115836
iter 15: gpu_time2_cuda = 0.004985
iter 15: upload_copy_time1_cuda = 0.002324
iter 15: download_copy_time_cuda = 0.002179
iter 15: upload_copy_time2_cuda = 0.000068
iter 15: download_copy_time_cuda = 0.000552

iter 16: cpu_time_cuda = 0.145691
iter 16: gpu_time1_cuda = 0.117941
iter 16: gpu_time2_cuda = 0.004956
iter 16: upload_copy_time1_cuda = 0.002284
iter 16: download_copy_time_cuda = 0.002022
iter 16: upload_copy_time2_cuda = 0.000069
iter 16: download_copy_time_cuda = 0.000556

iter 17: cpu_time_cuda = 0.144230
iter 17: gpu_time1_cuda = 0.110167
iter 17: gpu_time2_cuda = 0.004902
iter 17: upload_copy_time1_cuda = 0.002295
iter 17: download_copy_time_cuda = 0.002140
iter 17: upload_copy_time2_cuda = 0.000069
iter 17: download_copy_time_cuda = 0.000511

iter 18: cpu_time_cuda = 0.143040
iter 18: gpu_time1_cuda = 0.107471
iter 18: gpu_time2_cuda = 0.004868
iter 18: upload_copy_time1_cuda = 0.002263
iter 18: download_copy_time_cuda = 0.002133
iter 18: upload_copy_time2_cuda = 0.000068
iter 18: download_copy_time_cuda = 0.000506

iter 19: cpu_time_cuda = 0.141695
iter 19: gpu_time1_cuda = 0.105012
iter 19: gpu_time2_cuda = 0.004830
iter 19: upload_copy_time1_cuda = 0.002039
iter 19: download_copy_time_cuda = 0.002141
iter 19: upload_copy_time2_cuda = 0.000061
iter 19: download_copy_time_cuda = 0.000533

iter 20: cpu_time_cuda = 0.140442
iter 20: gpu_time1_cuda = 0.104482
iter 20: gpu_time2_cuda = 0.004798
iter 20: upload_copy_time1_cuda = 0.002009
iter 20: download_copy_time_cuda = 0.001931
iter 20: upload_copy_time2_cuda = 0.000066
iter 20: download_copy_time_cuda = 0.000358

iter 21: cpu_time_cuda = 0.138907
iter 21: gpu_time1_cuda = 0.101675
iter 21: gpu_time2_cuda = 0.004769
iter 21: upload_copy_time1_cuda = 0.002012
iter 21: download_copy_time_cuda = 0.001891
iter 21: upload_copy_time2_cuda = 0.000070
iter 21: download_copy_time_cuda = 0.000373

iter 22: cpu_time_cuda = 0.137658
iter 22: gpu_time1_cuda = 0.100284
iter 22: gpu_time2_cuda = 0.004712
iter 22: upload_copy_time1_cuda = 0.001980
iter 22: download_copy_time_cuda = 0.001871
iter 22: upload_copy_time2_cuda = 0.000067
iter 22: download_copy_time_cuda = 0.000394

iter 23: cpu_time_cuda = 0.136125
iter 23: gpu_time1_cuda = 0.098620
iter 23: gpu_time2_cuda = 0.004641
iter 23: upload_copy_time1_cuda = 0.002175
iter 23: download_copy_time_cuda = 0.001886
iter 23: upload_copy_time2_cuda = 0.000070
iter 23: download_copy_time_cuda = 0.000416

iter 24: cpu_time_cuda = 0.134975
iter 24: gpu_time1_cuda = 0.099891
iter 24: gpu_time2_cuda = 0.004607
iter 24: upload_copy_time1_cuda = 0.002148
iter 24: download_copy_time_cuda = 0.002034
iter 24: upload_copy_time2_cuda = 0.000069
iter 24: download_copy_time_cuda = 0.000438

iter 25: cpu_time_cuda = 0.133500
iter 25: gpu_time1_cuda = 0.097106
iter 25: gpu_time2_cuda = 0.004571
iter 25: upload_copy_time1_cuda = 0.002118
iter 25: download_copy_time_cuda = 0.002017
iter 25: upload_copy_time2_cuda = 0.000068
iter 25: download_copy_time_cuda = 0.000450

iter 26: cpu_time_cuda = 0.132613
iter 26: gpu_time1_cuda = 0.096452
iter 26: gpu_time2_cuda = 0.004535
iter 26: upload_copy_time1_cuda = 0.002089
iter 26: download_copy_time_cuda = 0.001991
iter 26: upload_copy_time2_cuda = 0.000067
iter 26: download_copy_time_cuda = 0.000751

iter 27: cpu_time_cuda = 0.131133
iter 27: gpu_time1_cuda = 0.093749
iter 27: gpu_time2_cuda = 0.004496
iter 27: upload_copy_time1_cuda = 0.001925
iter 27: download_copy_time_cuda = 0.001995
iter 27: upload_copy_time2_cuda = 0.000067
iter 27: download_copy_time_cuda = 0.000758

iter 28: cpu_time_cuda = 0.129792
iter 28: gpu_time1_cuda = 0.094943
iter 28: gpu_time2_cuda = 0.004446
iter 28: upload_copy_time1_cuda = 0.002083
iter 28: download_copy_time_cuda = 0.001988
iter 28: upload_copy_time2_cuda = 0.000068
iter 28: download_copy_time_cuda = 0.000693

iter 29: cpu_time_cuda = 0.128612
iter 29: gpu_time1_cuda = 0.091514
iter 29: gpu_time2_cuda = 0.004377
iter 29: upload_copy_time1_cuda = 0.002041
iter 29: download_copy_time_cuda = 0.001979
iter 29: upload_copy_time2_cuda = 0.000063
iter 29: download_copy_time_cuda = 0.000714

iter 30: cpu_time_cuda = 0.127344
iter 30: gpu_time1_cuda = 0.086319
iter 30: gpu_time2_cuda = 0.004357
iter 30: upload_copy_time1_cuda = 0.002017
iter 30: download_copy_time_cuda = 0.001928
iter 30: upload_copy_time2_cuda = 0.000063
iter 30: download_copy_time_cuda = 0.000742

iter 31: cpu_time_cuda = 0.125875
iter 31: gpu_time1_cuda = 0.079689
iter 31: gpu_time2_cuda = 0.004279
iter 31: upload_copy_time1_cuda = 0.001998
iter 31: download_copy_time_cuda = 0.001910
iter 31: upload_copy_time2_cuda = 0.000067
iter 31: download_copy_time_cuda = 0.000743

iter 32: cpu_time_cuda = 0.124387
iter 32: gpu_time1_cuda = 0.082448
iter 32: gpu_time2_cuda = 0.004298
iter 32: upload_copy_time1_cuda = 0.001791
iter 32: download_copy_time_cuda = 0.001886
iter 32: upload_copy_time2_cuda = 0.000065
iter 32: download_copy_time_cuda = 0.000752

iter 33: cpu_time_cuda = 0.123310
iter 33: gpu_time1_cuda = 0.080775
iter 33: gpu_time2_cuda = 0.004224
iter 33: upload_copy_time1_cuda = 0.001774
iter 33: download_copy_time_cuda = 0.001686
iter 33: upload_copy_time2_cuda = 0.000065
iter 33: download_copy_time_cuda = 0.000582

iter 34: cpu_time_cuda = 0.122009
iter 34: gpu_time1_cuda = 0.080693
iter 34: gpu_time2_cuda = 0.004177
iter 34: upload_copy_time1_cuda = 0.001752
iter 34: download_copy_time_cuda = 0.001675
iter 34: upload_copy_time2_cuda = 0.000065
iter 34: download_copy_time_cuda = 0.000598

iter 35: cpu_time_cuda = 0.120588
iter 35: gpu_time1_cuda = 0.078432
iter 35: gpu_time2_cuda = 0.004137
iter 35: upload_copy_time1_cuda = 0.001735
iter 35: download_copy_time_cuda = 0.001639
iter 35: upload_copy_time2_cuda = 0.000065
iter 35: download_copy_time_cuda = 0.000617

iter 36: cpu_time_cuda = 0.119219
iter 36: gpu_time1_cuda = 0.079339
iter 36: gpu_time2_cuda = 0.004115
iter 36: upload_copy_time1_cuda = 0.001713
iter 36: download_copy_time_cuda = 0.001630
iter 36: upload_copy_time2_cuda = 0.000066
iter 36: download_copy_time_cuda = 0.000636

iter 37: cpu_time_cuda = 0.118055
iter 37: gpu_time1_cuda = 0.075639
iter 37: gpu_time2_cuda = 0.004051
iter 37: upload_copy_time1_cuda = 0.001896
iter 37: download_copy_time_cuda = 0.001637
iter 37: upload_copy_time2_cuda = 0.000069
iter 37: download_copy_time_cuda = 0.000841

iter 38: cpu_time_cuda = 0.116595
iter 38: gpu_time1_cuda = 0.073651
iter 38: gpu_time2_cuda = 0.004020
iter 38: upload_copy_time1_cuda = 0.001902
iter 38: download_copy_time_cuda = 0.001822
iter 38: upload_copy_time2_cuda = 0.000067
iter 38: download_copy_time_cuda = 0.000869

iter 39: cpu_time_cuda = 0.115368
iter 39: gpu_time1_cuda = 0.071990
iter 39: gpu_time2_cuda = 0.003955
iter 39: upload_copy_time1_cuda = 0.001882
iter 39: download_copy_time_cuda = 0.001778
iter 39: upload_copy_time2_cuda = 0.000067
iter 39: download_copy_time_cuda = 0.000874

iter 40: cpu_time_cuda = 0.114114
iter 40: gpu_time1_cuda = 0.071515
iter 40: gpu_time2_cuda = 0.003932
iter 40: upload_copy_time1_cuda = 0.001836
iter 40: download_copy_time_cuda = 0.001785
iter 40: upload_copy_time2_cuda = 0.000066
iter 40: download_copy_time_cuda = 0.000914

iter 41: cpu_time_cuda = 0.112883
iter 41: gpu_time1_cuda = 0.070317
iter 41: gpu_time2_cuda = 0.003882
iter 41: upload_copy_time1_cuda = 0.001838
iter 41: download_copy_time_cuda = 0.001734
iter 41: upload_copy_time2_cuda = 0.000068
iter 41: download_copy_time_cuda = 0.000931

iter 42: cpu_time_cuda = 0.111595
iter 42: gpu_time1_cuda = 0.069727
iter 42: gpu_time2_cuda = 0.003845
iter 42: upload_copy_time1_cuda = 0.001801
iter 42: download_copy_time_cuda = 0.001743
iter 42: upload_copy_time2_cuda = 0.000067
iter 42: download_copy_time_cuda = 0.001006

iter 43: cpu_time_cuda = 0.110316
iter 43: gpu_time1_cuda = 0.068028
iter 43: gpu_time2_cuda = 0.003799
iter 43: upload_copy_time1_cuda = 0.001885
iter 43: download_copy_time_cuda = 0.001702
iter 43: upload_copy_time2_cuda = 0.000067
iter 43: download_copy_time_cuda = 0.000940

iter 44: cpu_time_cuda = 0.108909
iter 44: gpu_time1_cuda = 0.063917
iter 44: gpu_time2_cuda = 0.003758
iter 44: upload_copy_time1_cuda = 0.001759
iter 44: download_copy_time_cuda = 0.001683
iter 44: upload_copy_time2_cuda = 0.000066
iter 44: download_copy_time_cuda = 0.000976

iter 45: cpu_time_cuda = 0.107786
iter 45: gpu_time1_cuda = 0.061785
iter 45: gpu_time2_cuda = 0.003710
iter 45: upload_copy_time1_cuda = 0.001747
iter 45: download_copy_time_cuda = 0.001673
iter 45: upload_copy_time2_cuda = 0.000066
iter 45: download_copy_time_cuda = 0.001007

iter 46: cpu_time_cuda = 0.106503
iter 46: gpu_time1_cuda = 0.060428
iter 46: gpu_time2_cuda = 0.003674
iter 46: upload_copy_time1_cuda = 0.001739
iter 46: download_copy_time_cuda = 0.001654
iter 46: upload_copy_time2_cuda = 0.000068
iter 46: download_copy_time_cuda = 0.000999

iter 47: cpu_time_cuda = 0.104784
iter 47: gpu_time1_cuda = 0.058263
iter 47: gpu_time2_cuda = 0.003619
iter 47: upload_copy_time1_cuda = 0.001517
iter 47: download_copy_time_cuda = 0.001626
iter 47: upload_copy_time2_cuda = 0.000065
iter 47: download_copy_time_cuda = 0.001118

iter 48: cpu_time_cuda = 0.103640
iter 48: gpu_time1_cuda = 0.057256
iter 48: gpu_time2_cuda = 0.003601
iter 48: upload_copy_time1_cuda = 0.001499
iter 48: download_copy_time_cuda = 0.001429
iter 48: upload_copy_time2_cuda = 0.000066
iter 48: download_copy_time_cuda = 0.000839

iter 49: cpu_time_cuda = 0.102419
iter 49: gpu_time1_cuda = 0.054091
iter 49: gpu_time2_cuda = 0.003558
iter 49: upload_copy_time1_cuda = 0.001481
iter 49: download_copy_time_cuda = 0.001417
iter 49: upload_copy_time2_cuda = 0.000066
iter 49: download_copy_time_cuda = 0.000854

iter 50: cpu_time_cuda = 0.101167
iter 50: gpu_time1_cuda = 0.056231
iter 50: gpu_time2_cuda = 0.003504
iter 50: upload_copy_time1_cuda = 0.001458
iter 50: download_copy_time_cuda = 0.001399
iter 50: upload_copy_time2_cuda = 0.000068
iter 50: download_copy_time_cuda = 0.000873

iter 51: cpu_time_cuda = 0.099797
iter 51: gpu_time1_cuda = 0.054716
iter 51: gpu_time2_cuda = 0.003465
iter 51: upload_copy_time1_cuda = 0.001441
iter 51: download_copy_time_cuda = 0.001381
iter 51: upload_copy_time2_cuda = 0.000065
iter 51: download_copy_time_cuda = 0.000897

iter 52: cpu_time_cuda = 0.099070
iter 52: gpu_time1_cuda = 0.053598
iter 52: gpu_time2_cuda = 0.003432
iter 52: upload_copy_time1_cuda = 0.001419
iter 52: download_copy_time_cuda = 0.001357
iter 52: upload_copy_time2_cuda = 0.000066
iter 52: download_copy_time_cuda = 0.000912

iter 53: cpu_time_cuda = 0.097262
iter 53: gpu_time1_cuda = 0.051918
iter 53: gpu_time2_cuda = 0.003390
iter 53: upload_copy_time1_cuda = 0.001400
iter 53: download_copy_time_cuda = 0.001331
iter 53: upload_copy_time2_cuda = 0.000064
iter 53: download_copy_time_cuda = 0.000931

iter 54: cpu_time_cuda = 0.096007
iter 54: gpu_time1_cuda = 0.051702
iter 54: gpu_time2_cuda = 0.003331
iter 54: upload_copy_time1_cuda = 0.001381
iter 54: download_copy_time_cuda = 0.001341
iter 54: upload_copy_time2_cuda = 0.000065
iter 54: download_copy_time_cuda = 0.000942

iter 55: cpu_time_cuda = 0.094555
iter 55: gpu_time1_cuda = 0.048548
iter 55: gpu_time2_cuda = 0.003295
iter 55: upload_copy_time1_cuda = 0.001363
iter 55: download_copy_time_cuda = 0.001302
iter 55: upload_copy_time2_cuda = 0.000064
iter 55: download_copy_time_cuda = 0.000957

iter 56: cpu_time_cuda = 0.093518
iter 56: gpu_time1_cuda = 0.048778
iter 56: gpu_time2_cuda = 0.003230
iter 56: upload_copy_time1_cuda = 0.001377
iter 56: download_copy_time_cuda = 0.001280
iter 56: upload_copy_time2_cuda = 0.000066
iter 56: download_copy_time_cuda = 0.000974

iter 57: cpu_time_cuda = 0.092252
iter 57: gpu_time1_cuda = 0.047706
iter 57: gpu_time2_cuda = 0.003212
iter 57: upload_copy_time1_cuda = 0.001332
iter 57: download_copy_time_cuda = 0.001269
iter 57: upload_copy_time2_cuda = 0.000065
iter 57: download_copy_time_cuda = 0.000994

iter 58: cpu_time_cuda = 0.090837
iter 58: gpu_time1_cuda = 0.045419
iter 58: gpu_time2_cuda = 0.003150
iter 58: upload_copy_time1_cuda = 0.001311
iter 58: download_copy_time_cuda = 0.001253
iter 58: upload_copy_time2_cuda = 0.000065
iter 58: download_copy_time_cuda = 0.001027

iter 59: cpu_time_cuda = 0.089502
iter 59: gpu_time1_cuda = 0.043322
iter 59: gpu_time2_cuda = 0.003124
iter 59: upload_copy_time1_cuda = 0.001323
iter 59: download_copy_time_cuda = 0.001228
iter 59: upload_copy_time2_cuda = 0.000065
iter 59: download_copy_time_cuda = 0.001031

iter 60: cpu_time_cuda = 0.088346
iter 60: gpu_time1_cuda = 0.042002
iter 60: gpu_time2_cuda = 0.003064
iter 60: upload_copy_time1_cuda = 0.001273
iter 60: download_copy_time_cuda = 0.001210
iter 60: upload_copy_time2_cuda = 0.000065
iter 60: download_copy_time_cuda = 0.001050

iter 61: cpu_time_cuda = 0.086759
iter 61: gpu_time1_cuda = 0.039878
iter 61: gpu_time2_cuda = 0.003029
iter 61: upload_copy_time1_cuda = 0.001257
iter 61: download_copy_time_cuda = 0.001198
iter 61: upload_copy_time2_cuda = 0.000065
iter 61: download_copy_time_cuda = 0.001066

iter 62: cpu_time_cuda = 0.085505
iter 62: gpu_time1_cuda = 0.039661
iter 62: gpu_time2_cuda = 0.002994
iter 62: upload_copy_time1_cuda = 0.001238
iter 62: download_copy_time_cuda = 0.001178
iter 62: upload_copy_time2_cuda = 0.000065
iter 62: download_copy_time_cuda = 0.001078

iter 63: cpu_time_cuda = 0.084108
iter 63: gpu_time1_cuda = 0.038472
iter 63: gpu_time2_cuda = 0.002968
iter 63: upload_copy_time1_cuda = 0.001218
iter 63: download_copy_time_cuda = 0.001161
iter 63: upload_copy_time2_cuda = 0.000065
iter 63: download_copy_time_cuda = 0.001120

iter 64: cpu_time_cuda = 0.082708
iter 64: gpu_time1_cuda = 0.038121
iter 64: gpu_time2_cuda = 0.002899
iter 64: upload_copy_time1_cuda = 0.001214
iter 64: download_copy_time_cuda = 0.001167
iter 64: upload_copy_time2_cuda = 0.000060
iter 64: download_copy_time_cuda = 0.001135

iter 65: cpu_time_cuda = 0.081600
iter 65: gpu_time1_cuda = 0.036859
iter 65: gpu_time2_cuda = 0.002888
iter 65: upload_copy_time1_cuda = 0.001188
iter 65: download_copy_time_cuda = 0.001136
iter 65: upload_copy_time2_cuda = 0.000064
iter 65: download_copy_time_cuda = 0.001129

iter 66: cpu_time_cuda = 0.080414
iter 66: gpu_time1_cuda = 0.036635
iter 66: gpu_time2_cuda = 0.002831
iter 66: upload_copy_time1_cuda = 0.001168
iter 66: download_copy_time_cuda = 0.001106
iter 66: upload_copy_time2_cuda = 0.000065
iter 66: download_copy_time_cuda = 0.001146

iter 67: cpu_time_cuda = 0.079152
iter 67: gpu_time1_cuda = 0.033906
iter 67: gpu_time2_cuda = 0.002789
iter 67: upload_copy_time1_cuda = 0.001150
iter 67: download_copy_time_cuda = 0.001110
iter 67: upload_copy_time2_cuda = 0.000065
iter 67: download_copy_time_cuda = 0.001170

iter 68: cpu_time_cuda = 0.077821
iter 68: gpu_time1_cuda = 0.033896
iter 68: gpu_time2_cuda = 0.002741
iter 68: upload_copy_time1_cuda = 0.001129
iter 68: download_copy_time_cuda = 0.001081
iter 68: upload_copy_time2_cuda = 0.000064
iter 68: download_copy_time_cuda = 0.001188

iter 69: cpu_time_cuda = 0.076548
iter 69: gpu_time1_cuda = 0.032437
iter 69: gpu_time2_cuda = 0.002710
iter 69: upload_copy_time1_cuda = 0.001110
iter 69: download_copy_time_cuda = 0.001056
iter 69: upload_copy_time2_cuda = 0.000063
iter 69: download_copy_time_cuda = 0.001201

iter 70: cpu_time_cuda = 0.075110
iter 70: gpu_time1_cuda = 0.032207
iter 70: gpu_time2_cuda = 0.002647
iter 70: upload_copy_time1_cuda = 0.001087
iter 70: download_copy_time_cuda = 0.001045
iter 70: upload_copy_time2_cuda = 0.000065
iter 70: download_copy_time_cuda = 0.001216

iter 71: cpu_time_cuda = 0.073794
iter 71: gpu_time1_cuda = 0.031348
iter 71: gpu_time2_cuda = 0.002608
iter 71: upload_copy_time1_cuda = 0.001071
iter 71: download_copy_time_cuda = 0.001023
iter 71: upload_copy_time2_cuda = 0.000064
iter 71: download_copy_time_cuda = 0.001235

iter 72: cpu_time_cuda = 0.072516
iter 72: gpu_time1_cuda = 0.028080
iter 72: gpu_time2_cuda = 0.002548
iter 72: upload_copy_time1_cuda = 0.001051
iter 72: download_copy_time_cuda = 0.001011
iter 72: upload_copy_time2_cuda = 0.000064
iter 72: download_copy_time_cuda = 0.001252

iter 73: cpu_time_cuda = 0.071392
iter 73: gpu_time1_cuda = 0.027644
iter 73: gpu_time2_cuda = 0.002517
iter 73: upload_copy_time1_cuda = 0.001033
iter 73: download_copy_time_cuda = 0.001006
iter 73: upload_copy_time2_cuda = 0.000064
iter 73: download_copy_time_cuda = 0.001266

iter 74: cpu_time_cuda = 0.069952
iter 74: gpu_time1_cuda = 0.026955
iter 74: gpu_time2_cuda = 0.002466
iter 74: upload_copy_time1_cuda = 0.001038
iter 74: download_copy_time_cuda = 0.000970
iter 74: upload_copy_time2_cuda = 0.000065
iter 74: download_copy_time_cuda = 0.001292

iter 75: cpu_time_cuda = 0.068737
iter 75: gpu_time1_cuda = 0.025740
iter 75: gpu_time2_cuda = 0.002435
iter 75: upload_copy_time1_cuda = 0.001003
iter 75: download_copy_time_cuda = 0.000957
iter 75: upload_copy_time2_cuda = 0.000065
iter 75: download_copy_time_cuda = 0.001307

iter 76: cpu_time_cuda = 0.067857
iter 76: gpu_time1_cuda = 0.025507
iter 76: gpu_time2_cuda = 0.002385
iter 76: upload_copy_time1_cuda = 0.000986
iter 76: download_copy_time_cuda = 0.000937
iter 76: upload_copy_time2_cuda = 0.000073
iter 76: download_copy_time_cuda = 0.001325

iter 77: cpu_time_cuda = 0.065989
iter 77: gpu_time1_cuda = 0.024873
iter 77: gpu_time2_cuda = 0.002349
iter 77: upload_copy_time1_cuda = 0.000964
iter 77: download_copy_time_cuda = 0.000918
iter 77: upload_copy_time2_cuda = 0.000062
iter 77: download_copy_time_cuda = 0.001338

iter 78: cpu_time_cuda = 0.064658
iter 78: gpu_time1_cuda = 0.024440
iter 78: gpu_time2_cuda = 0.002309
iter 78: upload_copy_time1_cuda = 0.000947
iter 78: download_copy_time_cuda = 0.000911
iter 78: upload_copy_time2_cuda = 0.000064
iter 78: download_copy_time_cuda = 0.001366

iter 79: cpu_time_cuda = 0.063539
iter 79: gpu_time1_cuda = 0.022504
iter 79: gpu_time2_cuda = 0.002272
iter 79: upload_copy_time1_cuda = 0.000929
iter 79: download_copy_time_cuda = 0.000889
iter 79: upload_copy_time2_cuda = 0.000063
iter 79: download_copy_time_cuda = 0.001373

iter 80: cpu_time_cuda = 0.062324
iter 80: gpu_time1_cuda = 0.022062
iter 80: gpu_time2_cuda = 0.002219
iter 80: upload_copy_time1_cuda = 0.000905
iter 80: download_copy_time_cuda = 0.000867
iter 80: upload_copy_time2_cuda = 0.000064
iter 80: download_copy_time_cuda = 0.001404

iter 81: cpu_time_cuda = 0.060810
iter 81: gpu_time1_cuda = 0.020870
iter 81: gpu_time2_cuda = 0.002199
iter 81: upload_copy_time1_cuda = 0.000887
iter 81: download_copy_time_cuda = 0.000861
iter 81: upload_copy_time2_cuda = 0.000064
iter 81: download_copy_time_cuda = 0.001406

iter 82: cpu_time_cuda = 0.059668
iter 82: gpu_time1_cuda = 0.020849
iter 82: gpu_time2_cuda = 0.002142
iter 82: upload_copy_time1_cuda = 0.000866
iter 82: download_copy_time_cuda = 0.000832
iter 82: upload_copy_time2_cuda = 0.000065
iter 82: download_copy_time_cuda = 0.001421

iter 83: cpu_time_cuda = 0.058265
iter 83: gpu_time1_cuda = 0.020321
iter 83: gpu_time2_cuda = 0.002103
iter 83: upload_copy_time1_cuda = 0.000853
iter 83: download_copy_time_cuda = 0.000832
iter 83: upload_copy_time2_cuda = 0.000063
iter 83: download_copy_time_cuda = 0.001465

iter 84: cpu_time_cuda = 0.057105
iter 84: gpu_time1_cuda = 0.019628
iter 84: gpu_time2_cuda = 0.002037
iter 84: upload_copy_time1_cuda = 0.000854
iter 84: download_copy_time_cuda = 0.000798
iter 84: upload_copy_time2_cuda = 0.000075
iter 84: download_copy_time_cuda = 0.001464

iter 85: cpu_time_cuda = 0.055630
iter 85: gpu_time1_cuda = 0.019018
iter 85: gpu_time2_cuda = 0.002005
iter 85: upload_copy_time1_cuda = 0.000819
iter 85: download_copy_time_cuda = 0.000782
iter 85: upload_copy_time2_cuda = 0.000064
iter 85: download_copy_time_cuda = 0.001478

iter 86: cpu_time_cuda = 0.054341
iter 86: gpu_time1_cuda = 0.016526
iter 86: gpu_time2_cuda = 0.001961
iter 86: upload_copy_time1_cuda = 0.000801
iter 86: download_copy_time_cuda = 0.000764
iter 86: upload_copy_time2_cuda = 0.000059
iter 86: download_copy_time_cuda = 0.001501

iter 87: cpu_time_cuda = 0.052969
iter 87: gpu_time1_cuda = 0.015314
iter 87: gpu_time2_cuda = 0.001900
iter 87: upload_copy_time1_cuda = 0.000780
iter 87: download_copy_time_cuda = 0.000754
iter 87: upload_copy_time2_cuda = 0.000064
iter 87: download_copy_time_cuda = 0.001519

iter 88: cpu_time_cuda = 0.051744
iter 88: gpu_time1_cuda = 0.015325
iter 88: gpu_time2_cuda = 0.001863
iter 88: upload_copy_time1_cuda = 0.000760
iter 88: download_copy_time_cuda = 0.000739
iter 88: upload_copy_time2_cuda = 0.000064
iter 88: download_copy_time_cuda = 0.001530

iter 89: cpu_time_cuda = 0.050463
iter 89: gpu_time1_cuda = 0.014663
iter 89: gpu_time2_cuda = 0.001822
iter 89: upload_copy_time1_cuda = 0.000739
iter 89: download_copy_time_cuda = 0.000717
iter 89: upload_copy_time2_cuda = 0.000060
iter 89: download_copy_time_cuda = 0.001543

iter 90: cpu_time_cuda = 0.049064
iter 90: gpu_time1_cuda = 0.014396
iter 90: gpu_time2_cuda = 0.001782
iter 90: upload_copy_time1_cuda = 0.000721
iter 90: download_copy_time_cuda = 0.000701
iter 90: upload_copy_time2_cuda = 0.000064
iter 90: download_copy_time_cuda = 0.001576

iter 91: cpu_time_cuda = 0.047875
iter 91: gpu_time1_cuda = 0.013543
iter 91: gpu_time2_cuda = 0.001752
iter 91: upload_copy_time1_cuda = 0.000703
iter 91: download_copy_time_cuda = 0.000685
iter 91: upload_copy_time2_cuda = 0.000065
iter 91: download_copy_time_cuda = 0.001578

iter 92: cpu_time_cuda = 0.046620
iter 92: gpu_time1_cuda = 0.013424
iter 92: gpu_time2_cuda = 0.001709
iter 92: upload_copy_time1_cuda = 0.000690
iter 92: download_copy_time_cuda = 0.000671
iter 92: upload_copy_time2_cuda = 0.000063
iter 92: download_copy_time_cuda = 0.001599

iter 93: cpu_time_cuda = 0.045286
iter 93: gpu_time1_cuda = 0.012297
iter 93: gpu_time2_cuda = 0.001673
iter 93: upload_copy_time1_cuda = 0.000665
iter 93: download_copy_time_cuda = 0.000654
iter 93: upload_copy_time2_cuda = 0.000065
iter 93: download_copy_time_cuda = 0.001624

iter 94: cpu_time_cuda = 0.043739
iter 94: gpu_time1_cuda = 0.011881
iter 94: gpu_time2_cuda = 0.001614
iter 94: upload_copy_time1_cuda = 0.000652
iter 94: download_copy_time_cuda = 0.000643
iter 94: upload_copy_time2_cuda = 0.000064
iter 94: download_copy_time_cuda = 0.001643

iter 95: cpu_time_cuda = 0.042236
iter 95: gpu_time1_cuda = 0.010806
iter 95: gpu_time2_cuda = 0.001572
iter 95: upload_copy_time1_cuda = 0.000636
iter 95: download_copy_time_cuda = 0.000611
iter 95: upload_copy_time2_cuda = 0.000064
iter 95: download_copy_time_cuda = 0.001651

iter 96: cpu_time_cuda = 0.041335
iter 96: gpu_time1_cuda = 0.010590
iter 96: gpu_time2_cuda = 0.001540
iter 96: upload_copy_time1_cuda = 0.000615
iter 96: download_copy_time_cuda = 0.000599
iter 96: upload_copy_time2_cuda = 0.000064
iter 96: download_copy_time_cuda = 0.001941

iter 97: cpu_time_cuda = 0.040025
iter 97: gpu_time1_cuda = 0.010152
iter 97: gpu_time2_cuda = 0.001480
iter 97: upload_copy_time1_cuda = 0.000600
iter 97: download_copy_time_cuda = 0.000584
iter 97: upload_copy_time2_cuda = 0.000065
iter 97: download_copy_time_cuda = 0.002007

iter 98: cpu_time_cuda = 0.038708
iter 98: gpu_time1_cuda = 0.009723
iter 98: gpu_time2_cuda = 0.001455
iter 98: upload_copy_time1_cuda = 0.000575
iter 98: download_copy_time_cuda = 0.000568
iter 98: upload_copy_time2_cuda = 0.000065
iter 98: download_copy_time_cuda = 0.001936

iter 99: cpu_time_cuda = 0.037302
iter 99: gpu_time1_cuda = 0.009112
iter 99: gpu_time2_cuda = 0.001410
iter 99: upload_copy_time1_cuda = 0.000556
iter 99: download_copy_time_cuda = 0.000551
iter 99: upload_copy_time2_cuda = 0.000064
iter 99: download_copy_time_cuda = 0.001945

iter 100: cpu_time_cuda = 0.036117
iter 100: gpu_time1_cuda = 0.007748
iter 100: gpu_time2_cuda = 0.001371
iter 100: upload_copy_time1_cuda = 0.000537
iter 100: download_copy_time_cuda = 0.000541
iter 100: upload_copy_time2_cuda = 0.000063
iter 100: download_copy_time_cuda = 0.001958

iter 101: cpu_time_cuda = 0.034753
iter 101: gpu_time1_cuda = 0.007226
iter 101: gpu_time2_cuda = 0.001304
iter 101: upload_copy_time1_cuda = 0.000519
iter 101: download_copy_time_cuda = 0.000515
iter 101: upload_copy_time2_cuda = 0.000064
iter 101: download_copy_time_cuda = 0.001983

iter 102: cpu_time_cuda = 0.033403
iter 102: gpu_time1_cuda = 0.006955
iter 102: gpu_time2_cuda = 0.001270
iter 102: upload_copy_time1_cuda = 0.000508
iter 102: download_copy_time_cuda = 0.000507
iter 102: upload_copy_time2_cuda = 0.000064
iter 102: download_copy_time_cuda = 0.001949

iter 103: cpu_time_cuda = 0.032099
iter 103: gpu_time1_cuda = 0.006192
iter 103: gpu_time2_cuda = 0.001231
iter 103: upload_copy_time1_cuda = 0.000491
iter 103: download_copy_time_cuda = 0.000482
iter 103: upload_copy_time2_cuda = 0.000059
iter 103: download_copy_time_cuda = 0.001988

iter 104: cpu_time_cuda = 0.030721
iter 104: gpu_time1_cuda = 0.005964
iter 104: gpu_time2_cuda = 0.001193
iter 104: upload_copy_time1_cuda = 0.000472
iter 104: download_copy_time_cuda = 0.000454
iter 104: upload_copy_time2_cuda = 0.000064
iter 104: download_copy_time_cuda = 0.001995

iter 105: cpu_time_cuda = 0.029412
iter 105: gpu_time1_cuda = 0.005620
iter 105: gpu_time2_cuda = 0.001153
iter 105: upload_copy_time1_cuda = 0.000453
iter 105: download_copy_time_cuda = 0.000439
iter 105: upload_copy_time2_cuda = 0.000065
iter 105: download_copy_time_cuda = 0.002011

iter 106: cpu_time_cuda = 0.028296
iter 106: gpu_time1_cuda = 0.005535
iter 106: gpu_time2_cuda = 0.001110
iter 106: upload_copy_time1_cuda = 0.000434
iter 106: download_copy_time_cuda = 0.000426
iter 106: upload_copy_time2_cuda = 0.000064
iter 106: download_copy_time_cuda = 0.002044

iter 107: cpu_time_cuda = 0.026817
iter 107: gpu_time1_cuda = 0.004779
iter 107: gpu_time2_cuda = 0.001068
iter 107: upload_copy_time1_cuda = 0.000410
iter 107: download_copy_time_cuda = 0.000409
iter 107: upload_copy_time2_cuda = 0.000064
iter 107: download_copy_time_cuda = 0.002042

iter 108: cpu_time_cuda = 0.025579
iter 108: gpu_time1_cuda = 0.004689
iter 108: gpu_time2_cuda = 0.001011
iter 108: upload_copy_time1_cuda = 0.000390
iter 108: download_copy_time_cuda = 0.000396
iter 108: upload_copy_time2_cuda = 0.000063
iter 108: download_copy_time_cuda = 0.002079

iter 109: cpu_time_cuda = 0.024509
iter 109: gpu_time1_cuda = 0.004245
iter 109: gpu_time2_cuda = 0.000977
iter 109: upload_copy_time1_cuda = 0.000372
iter 109: download_copy_time_cuda = 0.000368
iter 109: upload_copy_time2_cuda = 0.000060
iter 109: download_copy_time_cuda = 0.002080

iter 110: cpu_time_cuda = 0.023156
iter 110: gpu_time1_cuda = 0.003855
iter 110: gpu_time2_cuda = 0.000935
iter 110: upload_copy_time1_cuda = 0.000381
iter 110: download_copy_time_cuda = 0.000350
iter 110: upload_copy_time2_cuda = 0.000060
iter 110: download_copy_time_cuda = 0.002124

iter 111: cpu_time_cuda = 0.021802
iter 111: gpu_time1_cuda = 0.003637
iter 111: gpu_time2_cuda = 0.000892
iter 111: upload_copy_time1_cuda = 0.000335
iter 111: download_copy_time_cuda = 0.000329
iter 111: upload_copy_time2_cuda = 0.000065
iter 111: download_copy_time_cuda = 0.002108

iter 112: cpu_time_cuda = 0.020498
iter 112: gpu_time1_cuda = 0.003299
iter 112: gpu_time2_cuda = 0.000859
iter 112: upload_copy_time1_cuda = 0.000324
iter 112: download_copy_time_cuda = 0.000319
iter 112: upload_copy_time2_cuda = 0.000064
iter 112: download_copy_time_cuda = 0.002138

iter 113: cpu_time_cuda = 0.019223
iter 113: gpu_time1_cuda = 0.003053
iter 113: gpu_time2_cuda = 0.000817
iter 113: upload_copy_time1_cuda = 0.000301
iter 113: download_copy_time_cuda = 0.000287
iter 113: upload_copy_time2_cuda = 0.000060
iter 113: download_copy_time_cuda = 0.002146

iter 114: cpu_time_cuda = 0.017920
iter 114: gpu_time1_cuda = 0.002077
iter 114: gpu_time2_cuda = 0.000669
iter 114: upload_copy_time1_cuda = 0.000287
iter 114: download_copy_time_cuda = 0.000271
iter 114: upload_copy_time2_cuda = 0.000064
iter 114: download_copy_time_cuda = 0.002197

iter 115: cpu_time_cuda = 0.016618
iter 115: gpu_time1_cuda = 0.001763
iter 115: gpu_time2_cuda = 0.000607
iter 115: upload_copy_time1_cuda = 0.000270
iter 115: download_copy_time_cuda = 0.000252
iter 115: upload_copy_time2_cuda = 0.000063
iter 115: download_copy_time_cuda = 0.002193

iter 116: cpu_time_cuda = 0.015180
iter 116: gpu_time1_cuda = 0.001652
iter 116: gpu_time2_cuda = 0.000577
iter 116: upload_copy_time1_cuda = 0.000251
iter 116: download_copy_time_cuda = 0.000231
iter 116: upload_copy_time2_cuda = 0.000064
iter 116: download_copy_time_cuda = 0.002209

iter 117: cpu_time_cuda = 0.013845
iter 117: gpu_time1_cuda = 0.001401
iter 117: gpu_time2_cuda = 0.000540
iter 117: upload_copy_time1_cuda = 0.000230
iter 117: download_copy_time_cuda = 0.000215
iter 117: upload_copy_time2_cuda = 0.000064
iter 117: download_copy_time_cuda = 0.002222

iter 118: cpu_time_cuda = 0.012658
iter 118: gpu_time1_cuda = 0.001302
iter 118: gpu_time2_cuda = 0.000508
iter 118: upload_copy_time1_cuda = 0.000209
iter 118: download_copy_time_cuda = 0.000196
iter 118: upload_copy_time2_cuda = 0.000059
iter 118: download_copy_time_cuda = 0.002257

iter 119: cpu_time_cuda = 0.011392
iter 119: gpu_time1_cuda = 0.001151
iter 119: gpu_time2_cuda = 0.000479
iter 119: upload_copy_time1_cuda = 0.000189
iter 119: download_copy_time_cuda = 0.000188
iter 119: upload_copy_time2_cuda = 0.000063
iter 119: download_copy_time_cuda = 0.002280

iter 120: cpu_time_cuda = 0.010134
iter 120: gpu_time1_cuda = 0.001030
iter 120: gpu_time2_cuda = 0.000447
iter 120: upload_copy_time1_cuda = 0.000178
iter 120: download_copy_time_cuda = 0.000163
iter 120: upload_copy_time2_cuda = 0.000060
iter 120: download_copy_time_cuda = 0.002281

iter 121: cpu_time_cuda = 0.008930
iter 121: gpu_time1_cuda = 0.000808
iter 121: gpu_time2_cuda = 0.000417
iter 121: upload_copy_time1_cuda = 0.000176
iter 121: download_copy_time_cuda = 0.000149
iter 121: upload_copy_time2_cuda = 0.000060
iter 121: download_copy_time_cuda = 0.002370

iter 122: cpu_time_cuda = 0.007689
iter 122: gpu_time1_cuda = 0.000614
iter 122: gpu_time2_cuda = 0.000362
iter 122: upload_copy_time1_cuda = 0.000132
iter 122: download_copy_time_cuda = 0.000135
iter 122: upload_copy_time2_cuda = 0.000065
iter 122: download_copy_time_cuda = 0.002336

iter 123: cpu_time_cuda = 0.006438
iter 123: gpu_time1_cuda = 0.000539
iter 123: gpu_time2_cuda = 0.000330
iter 123: upload_copy_time1_cuda = 0.000119
iter 123: download_copy_time_cuda = 0.000123
iter 123: upload_copy_time2_cuda = 0.000063
iter 123: download_copy_time_cuda = 0.002373

iter 124: cpu_time_cuda = 0.005154
iter 124: gpu_time1_cuda = 0.000415
iter 124: gpu_time2_cuda = 0.000296
iter 124: upload_copy_time1_cuda = 0.000106
iter 124: download_copy_time_cuda = 0.000122
iter 124: upload_copy_time2_cuda = 0.000064
iter 124: download_copy_time_cuda = 0.002344

iter 125: cpu_time_cuda = 0.003924
iter 125: gpu_time1_cuda = 0.000331
iter 125: gpu_time2_cuda = 0.000270
iter 125: upload_copy_time1_cuda = 0.000101
iter 125: download_copy_time_cuda = 0.000102
iter 125: upload_copy_time2_cuda = 0.000063
iter 125: download_copy_time_cuda = 0.002366

iter 126: cpu_time_cuda = 0.002694
iter 126: gpu_time1_cuda = 0.000261
iter 126: gpu_time2_cuda = 0.000237
iter 126: upload_copy_time1_cuda = 0.000087
iter 126: download_copy_time_cuda = 0.000089
iter 126: upload_copy_time2_cuda = 0.000063
iter 126: download_copy_time_cuda = 0.002381

total_cpu_time_cuda = 10.546979
total_gpu_time_cuda = 6.694975
total_copy_time_cuda = 0.475857
main_loop_time_cuda = 18.036144
15360 15360     ---   (  ---  )    267.84 (  18.04)       ---
total_time = 25.102853
22.64user 3.00system 0:26.67elapsed 96%CPU (0avgtext+0avgdata 3840056maxresident)k
0inputs+0outputs (0major+482958minor)pagefaults 0swaps
send out message: 22 3 log
