send out message: 24 37 /home/lchen/MAGMA/magma-1.6.1/results
send out message: 20 26 MAGMA_LU_GPUDVFS.total.pwr
MAGMA 1.6.1  compiled for CUDA capability >= 3.0
CUDA runtime 5000, driver 6050. MAGMA not compiled with OpenMP. 
ndevices 1
device 0: Tesla K20c, 705.5 MHz clock, 4799.6 MB memory, capability 3.5
Usage: /home/lchen/MAGMA/magma-1.6.1/testing/testing_dgeqrf [options] [-h|--help]

ngpu 1
    M     N   CPU GFlop/s (sec)   GPU GFlop/s (sec)   |R - Q^H*A|   |I - Q^H*Q|
===============================================================================
init_time = 6.266615
iter 0: slack_cuda = -0.005654
iter 0: cpu_time_cuda = 0.000002
iter 0: gpu_time1_cuda = 0.000000
iter 0: gpu_time2_cuda = 0.005657
iter 0: upload_copy_time1_cuda = 0.002424
iter 0: download_copy_time_cuda = 0.000000
iter 0: upload_copy_time2_cuda = 0.000074
iter 0: download_copy_time_cuda = 0.000000

iter 1: slack_cuda = -0.111776
iter 1: cpu_time_cuda = 0.166013
iter 1: gpu_time1_cuda = 0.272187
iter 1: gpu_time2_cuda = 0.005603
iter 1: upload_copy_time1_cuda = 0.002395
iter 1: download_copy_time_cuda = 0.002260
iter 1: upload_copy_time2_cuda = 0.000064
iter 1: download_copy_time_cuda = 0.000076

iter 2: slack_cuda = -0.002488
iter 2: cpu_time_cuda = 0.164131
iter 2: gpu_time1_cuda = 0.161093
iter 2: gpu_time2_cuda = 0.005527
iter 2: upload_copy_time1_cuda = 0.002558
iter 2: download_copy_time_cuda = 0.002228
iter 2: upload_copy_time2_cuda = 0.000070
iter 2: download_copy_time_cuda = 0.000089

iter 3: slack_cuda = 0.004711
iter 3: cpu_time_cuda = 0.163147
iter 3: gpu_time1_cuda = 0.152912
iter 3: gpu_time2_cuda = 0.005525
iter 3: upload_copy_time1_cuda = 0.002536
iter 3: download_copy_time_cuda = 0.002433
iter 3: upload_copy_time2_cuda = 0.000069
iter 3: download_copy_time_cuda = 0.000102

iter 4: slack_cuda = 0.005566
iter 4: cpu_time_cuda = 0.161218
iter 4: gpu_time1_cuda = 0.150204
iter 4: gpu_time2_cuda = 0.005449
iter 4: upload_copy_time1_cuda = 0.002509
iter 4: download_copy_time_cuda = 0.002409
iter 4: upload_copy_time2_cuda = 0.000069
iter 4: download_copy_time_cuda = 0.000104

iter 5: slack_cuda = 0.007573
iter 5: cpu_time_cuda = 0.160020
iter 5: gpu_time1_cuda = 0.147019
iter 5: gpu_time2_cuda = 0.005428
iter 5: upload_copy_time1_cuda = 0.002530
iter 5: download_copy_time_cuda = 0.002393
iter 5: upload_copy_time2_cuda = 0.000064
iter 5: download_copy_time_cuda = 0.000116

iter 6: slack_cuda = 0.002562
iter 6: cpu_time_cuda = 0.158824
iter 6: gpu_time1_cuda = 0.150911
iter 6: gpu_time2_cuda = 0.005351
iter 6: upload_copy_time1_cuda = 0.002469
iter 6: download_copy_time_cuda = 0.002352
iter 6: upload_copy_time2_cuda = 0.000065
iter 6: download_copy_time_cuda = 0.000131

iter 7: slack_cuda = 0.004632
iter 7: cpu_time_cuda = 0.157611
iter 7: gpu_time1_cuda = 0.147599
iter 7: gpu_time2_cuda = 0.005380
iter 7: upload_copy_time1_cuda = 0.002476
iter 7: download_copy_time_cuda = 0.002381
iter 7: upload_copy_time2_cuda = 0.000069
iter 7: download_copy_time_cuda = 0.000137

iter 8: slack_cuda = 0.005423
iter 8: cpu_time_cuda = 0.156042
iter 8: gpu_time1_cuda = 0.145322
iter 8: gpu_time2_cuda = 0.005297
iter 8: upload_copy_time1_cuda = 0.002455
iter 8: download_copy_time_cuda = 0.002288
iter 8: upload_copy_time2_cuda = 0.000069
iter 8: download_copy_time_cuda = 0.000159

iter 9: slack_cuda = 0.002062
iter 9: cpu_time_cuda = 0.154761
iter 9: gpu_time1_cuda = 0.147428
iter 9: gpu_time2_cuda = 0.005271
iter 9: upload_copy_time1_cuda = 0.002452
iter 9: download_copy_time_cuda = 0.002315
iter 9: upload_copy_time2_cuda = 0.000069
iter 9: download_copy_time_cuda = 0.000177

iter 10: slack_cuda = -0.002691
iter 10: cpu_time_cuda = 0.153410
iter 10: gpu_time1_cuda = 0.150887
iter 10: gpu_time2_cuda = 0.005214
iter 10: upload_copy_time1_cuda = 0.002408
iter 10: download_copy_time_cuda = 0.002294
iter 10: upload_copy_time2_cuda = 0.000070
iter 10: download_copy_time_cuda = 0.000194

iter 11: slack_cuda = -0.001024
iter 11: cpu_time_cuda = 0.151959
iter 11: gpu_time1_cuda = 0.147781
iter 11: gpu_time2_cuda = 0.005203
iter 11: upload_copy_time1_cuda = 0.002441
iter 11: download_copy_time_cuda = 0.002289
iter 11: upload_copy_time2_cuda = 0.000070
iter 11: download_copy_time_cuda = 0.000211

iter 12: slack_cuda = -0.000890
iter 12: cpu_time_cuda = 0.150993
iter 12: gpu_time1_cuda = 0.146770
iter 12: gpu_time2_cuda = 0.005113
iter 12: upload_copy_time1_cuda = 0.002391
iter 12: download_copy_time_cuda = 0.002287
iter 12: upload_copy_time2_cuda = 0.000070
iter 12: download_copy_time_cuda = 0.000228

iter 13: slack_cuda = 0.009819
iter 13: cpu_time_cuda = 0.149386
iter 13: gpu_time1_cuda = 0.134465
iter 13: gpu_time2_cuda = 0.005102
iter 13: upload_copy_time1_cuda = 0.002367
iter 13: download_copy_time_cuda = 0.002217
iter 13: upload_copy_time2_cuda = 0.000079
iter 13: download_copy_time_cuda = 0.000240

iter 14: slack_cuda = 0.007648
iter 14: cpu_time_cuda = 0.147914
iter 14: gpu_time1_cuda = 0.135246
iter 14: gpu_time2_cuda = 0.005020
iter 14: upload_copy_time1_cuda = 0.002310
iter 14: download_copy_time_cuda = 0.002202
iter 14: upload_copy_time2_cuda = 0.000070
iter 14: download_copy_time_cuda = 0.000583

iter 15: slack_cuda = -0.000558
iter 15: cpu_time_cuda = 0.147320
iter 15: gpu_time1_cuda = 0.142885
iter 15: gpu_time2_cuda = 0.004992
iter 15: upload_copy_time1_cuda = 0.002309
iter 15: download_copy_time_cuda = 0.002208
iter 15: upload_copy_time2_cuda = 0.000069
iter 15: download_copy_time_cuda = 0.000458

iter 16: slack_cuda = -0.000969
iter 16: cpu_time_cuda = 0.146201
iter 16: gpu_time1_cuda = 0.142213
iter 16: gpu_time2_cuda = 0.004956
iter 16: upload_copy_time1_cuda = 0.002307
iter 16: download_copy_time_cuda = 0.002299
iter 16: upload_copy_time2_cuda = 0.000071
iter 16: download_copy_time_cuda = 0.000479

iter 17: slack_cuda = 0.004016
iter 17: cpu_time_cuda = 0.144200
iter 17: gpu_time1_cuda = 0.135265
iter 17: gpu_time2_cuda = 0.004919
iter 17: upload_copy_time1_cuda = 0.002270
iter 17: download_copy_time_cuda = 0.002172
iter 17: upload_copy_time2_cuda = 0.000069
iter 17: download_copy_time_cuda = 0.000598

iter 18: slack_cuda = 0.004360
iter 18: cpu_time_cuda = 0.142928
iter 18: gpu_time1_cuda = 0.133703
iter 18: gpu_time2_cuda = 0.004866
iter 18: upload_copy_time1_cuda = 0.002268
iter 18: download_copy_time_cuda = 0.002128
iter 18: upload_copy_time2_cuda = 0.000072
iter 18: download_copy_time_cuda = 0.000334

iter 19: slack_cuda = 0.005726
iter 19: cpu_time_cuda = 0.141911
iter 19: gpu_time1_cuda = 0.131359
iter 19: gpu_time2_cuda = 0.004827
iter 19: upload_copy_time1_cuda = 0.002226
iter 19: download_copy_time_cuda = 0.002151
iter 19: upload_copy_time2_cuda = 0.000065
iter 19: download_copy_time_cuda = 0.000352

iter 20: slack_cuda = 0.003374
iter 20: cpu_time_cuda = 0.140305
iter 20: gpu_time1_cuda = 0.132139
iter 20: gpu_time2_cuda = 0.004792
iter 20: upload_copy_time1_cuda = 0.002203
iter 20: download_copy_time_cuda = 0.002120
iter 20: upload_copy_time2_cuda = 0.000070
iter 20: download_copy_time_cuda = 0.000364

iter 21: slack_cuda = 0.002946
iter 21: cpu_time_cuda = 0.138701
iter 21: gpu_time1_cuda = 0.130996
iter 21: gpu_time2_cuda = 0.004758
iter 21: upload_copy_time1_cuda = 0.002224
iter 21: download_copy_time_cuda = 0.002092
iter 21: upload_copy_time2_cuda = 0.000064
iter 21: download_copy_time_cuda = 0.000377

iter 22: slack_cuda = 0.004458
iter 22: cpu_time_cuda = 0.137731
iter 22: gpu_time1_cuda = 0.128571
iter 22: gpu_time2_cuda = 0.004702
iter 22: upload_copy_time1_cuda = 0.002202
iter 22: download_copy_time_cuda = 0.002190
iter 22: upload_copy_time2_cuda = 0.000067
iter 22: download_copy_time_cuda = 0.000393

iter 23: slack_cuda = 0.004942
iter 23: cpu_time_cuda = 0.136641
iter 23: gpu_time1_cuda = 0.127049
iter 23: gpu_time2_cuda = 0.004650
iter 23: upload_copy_time1_cuda = 0.002190
iter 23: download_copy_time_cuda = 0.002046
iter 23: upload_copy_time2_cuda = 0.000069
iter 23: download_copy_time_cuda = 0.000415

iter 24: slack_cuda = 0.005958
iter 24: cpu_time_cuda = 0.135231
iter 24: gpu_time1_cuda = 0.124662
iter 24: gpu_time2_cuda = 0.004611
iter 24: upload_copy_time1_cuda = 0.002146
iter 24: download_copy_time_cuda = 0.002031
iter 24: upload_copy_time2_cuda = 0.000069
iter 24: download_copy_time_cuda = 0.000428

iter 25: slack_cuda = 0.004241
iter 25: cpu_time_cuda = 0.136147
iter 25: gpu_time1_cuda = 0.127337
iter 25: gpu_time2_cuda = 0.004569
iter 25: upload_copy_time1_cuda = 0.002120
iter 25: download_copy_time_cuda = 0.002012
iter 25: upload_copy_time2_cuda = 0.000068
iter 25: download_copy_time_cuda = 0.000741

iter 26: slack_cuda = -0.000381
iter 26: cpu_time_cuda = 0.132440
iter 26: gpu_time1_cuda = 0.128282
iter 26: gpu_time2_cuda = 0.004539
iter 26: upload_copy_time1_cuda = 0.002121
iter 26: download_copy_time_cuda = 0.001989
iter 26: upload_copy_time2_cuda = 0.000071
iter 26: download_copy_time_cuda = 0.000648

iter 27: slack_cuda = 0.004134
iter 27: cpu_time_cuda = 0.131075
iter 27: gpu_time1_cuda = 0.122419
iter 27: gpu_time2_cuda = 0.004521
iter 27: upload_copy_time1_cuda = 0.002085
iter 27: download_copy_time_cuda = 0.001990
iter 27: upload_copy_time2_cuda = 0.000069
iter 27: download_copy_time_cuda = 0.000674

iter 28: slack_cuda = -0.000778
iter 28: cpu_time_cuda = 0.129620
iter 28: gpu_time1_cuda = 0.125943
iter 28: gpu_time2_cuda = 0.004455
iter 28: upload_copy_time1_cuda = 0.002066
iter 28: download_copy_time_cuda = 0.001975
iter 28: upload_copy_time2_cuda = 0.000069
iter 28: download_copy_time_cuda = 0.000701

iter 29: slack_cuda = 0.000178
iter 29: cpu_time_cuda = 0.128560
iter 29: gpu_time1_cuda = 0.124000
iter 29: gpu_time2_cuda = 0.004382
iter 29: upload_copy_time1_cuda = 0.002077
iter 29: download_copy_time_cuda = 0.001981
iter 29: upload_copy_time2_cuda = 0.000065
iter 29: download_copy_time_cuda = 0.000727

iter 30: slack_cuda = 0.003865
iter 30: cpu_time_cuda = 0.127309
iter 30: gpu_time1_cuda = 0.119073
iter 30: gpu_time2_cuda = 0.004372
iter 30: upload_copy_time1_cuda = 0.002168
iter 30: download_copy_time_cuda = 0.001936
iter 30: upload_copy_time2_cuda = 0.000066
iter 30: download_copy_time_cuda = 0.000741

iter 31: slack_cuda = 0.008028
iter 31: cpu_time_cuda = 0.125695
iter 31: gpu_time1_cuda = 0.113384
iter 31: gpu_time2_cuda = 0.004283
iter 31: upload_copy_time1_cuda = 0.002029
iter 31: download_copy_time_cuda = 0.001934
iter 31: upload_copy_time2_cuda = 0.000063
iter 31: download_copy_time_cuda = 0.000753

iter 32: slack_cuda = 0.006707
iter 32: cpu_time_cuda = 0.124613
iter 32: gpu_time1_cuda = 0.113618
iter 32: gpu_time2_cuda = 0.004289
iter 32: upload_copy_time1_cuda = 0.002017
iter 32: download_copy_time_cuda = 0.001915
iter 32: upload_copy_time2_cuda = 0.000065
iter 32: download_copy_time_cuda = 0.000755

iter 33: slack_cuda = 0.004675
iter 33: cpu_time_cuda = 0.123406
iter 33: gpu_time1_cuda = 0.114462
iter 33: gpu_time2_cuda = 0.004269
iter 33: upload_copy_time1_cuda = 0.002007
iter 33: download_copy_time_cuda = 0.001970
iter 33: upload_copy_time2_cuda = 0.000071
iter 33: download_copy_time_cuda = 0.000776

iter 34: slack_cuda = 0.003083
iter 34: cpu_time_cuda = 0.121840
iter 34: gpu_time1_cuda = 0.114580
iter 34: gpu_time2_cuda = 0.004177
iter 34: upload_copy_time1_cuda = 0.001985
iter 34: download_copy_time_cuda = 0.001882
iter 34: upload_copy_time2_cuda = 0.000092
iter 34: download_copy_time_cuda = 0.000787

iter 35: slack_cuda = 0.003334
iter 35: cpu_time_cuda = 0.120443
iter 35: gpu_time1_cuda = 0.112969
iter 35: gpu_time2_cuda = 0.004140
iter 35: upload_copy_time1_cuda = 0.001939
iter 35: download_copy_time_cuda = 0.001899
iter 35: upload_copy_time2_cuda = 0.000067
iter 35: download_copy_time_cuda = 0.000814

iter 36: slack_cuda = 0.003068
iter 36: cpu_time_cuda = 0.119232
iter 36: gpu_time1_cuda = 0.112050
iter 36: gpu_time2_cuda = 0.004114
iter 36: upload_copy_time1_cuda = 0.001945
iter 36: download_copy_time_cuda = 0.001845
iter 36: upload_copy_time2_cuda = 0.000065
iter 36: download_copy_time_cuda = 0.000826

iter 37: slack_cuda = 0.006216
iter 37: cpu_time_cuda = 0.118058
iter 37: gpu_time1_cuda = 0.107778
iter 37: gpu_time2_cuda = 0.004064
iter 37: upload_copy_time1_cuda = 0.001914
iter 37: download_copy_time_cuda = 0.001824
iter 37: upload_copy_time2_cuda = 0.000063
iter 37: download_copy_time_cuda = 0.000845

iter 38: slack_cuda = 0.001827
iter 38: cpu_time_cuda = 0.116831
iter 38: gpu_time1_cuda = 0.110971
iter 38: gpu_time2_cuda = 0.004033
iter 38: upload_copy_time1_cuda = 0.001896
iter 38: download_copy_time_cuda = 0.001801
iter 38: upload_copy_time2_cuda = 0.000069
iter 38: download_copy_time_cuda = 0.000866

iter 39: slack_cuda = 0.003425
iter 39: cpu_time_cuda = 0.115328
iter 39: gpu_time1_cuda = 0.107949
iter 39: gpu_time2_cuda = 0.003954
iter 39: upload_copy_time1_cuda = 0.001863
iter 39: download_copy_time_cuda = 0.001818
iter 39: upload_copy_time2_cuda = 0.000067
iter 39: download_copy_time_cuda = 0.000896

iter 40: slack_cuda = 0.003948
iter 40: cpu_time_cuda = 0.114087
iter 40: gpu_time1_cuda = 0.106197
iter 40: gpu_time2_cuda = 0.003942
iter 40: upload_copy_time1_cuda = 0.001875
iter 40: download_copy_time_cuda = 0.001774
iter 40: upload_copy_time2_cuda = 0.000069
iter 40: download_copy_time_cuda = 0.000896

iter 41: slack_cuda = -0.000004
iter 41: cpu_time_cuda = 0.112962
iter 41: gpu_time1_cuda = 0.109078
iter 41: gpu_time2_cuda = 0.003889
iter 41: upload_copy_time1_cuda = 0.001831
iter 41: download_copy_time_cuda = 0.001749
iter 41: upload_copy_time2_cuda = 0.000063
iter 41: download_copy_time_cuda = 0.000908

iter 42: slack_cuda = 0.001239
iter 42: cpu_time_cuda = 0.111681
iter 42: gpu_time1_cuda = 0.106598
iter 42: gpu_time2_cuda = 0.003845
iter 42: upload_copy_time1_cuda = 0.001801
iter 42: download_copy_time_cuda = 0.001715
iter 42: upload_copy_time2_cuda = 0.000068
iter 42: download_copy_time_cuda = 0.000942

iter 43: slack_cuda = 0.001195
iter 43: cpu_time_cuda = 0.110348
iter 43: gpu_time1_cuda = 0.105348
iter 43: gpu_time2_cuda = 0.003806
iter 43: upload_copy_time1_cuda = 0.001814
iter 43: download_copy_time_cuda = 0.001707
iter 43: upload_copy_time2_cuda = 0.000068
iter 43: download_copy_time_cuda = 0.000948

iter 44: slack_cuda = 0.003936
iter 44: cpu_time_cuda = 0.109567
iter 44: gpu_time1_cuda = 0.101853
iter 44: gpu_time2_cuda = 0.003777
iter 44: upload_copy_time1_cuda = 0.001797
iter 44: download_copy_time_cuda = 0.001687
iter 44: upload_copy_time2_cuda = 0.000069
iter 44: download_copy_time_cuda = 0.000982

iter 45: slack_cuda = 0.004883
iter 45: cpu_time_cuda = 0.107674
iter 45: gpu_time1_cuda = 0.099079
iter 45: gpu_time2_cuda = 0.003711
iter 45: upload_copy_time1_cuda = 0.001761
iter 45: download_copy_time_cuda = 0.001677
iter 45: upload_copy_time2_cuda = 0.000068
iter 45: download_copy_time_cuda = 0.000983

iter 46: slack_cuda = 0.004559
iter 46: cpu_time_cuda = 0.106601
iter 46: gpu_time1_cuda = 0.098369
iter 46: gpu_time2_cuda = 0.003673
iter 46: upload_copy_time1_cuda = 0.001761
iter 46: download_copy_time_cuda = 0.001667
iter 46: upload_copy_time2_cuda = 0.000069
iter 46: download_copy_time_cuda = 0.000994

iter 47: slack_cuda = 0.004983
iter 47: cpu_time_cuda = 0.105316
iter 47: gpu_time1_cuda = 0.096700
iter 47: gpu_time2_cuda = 0.003632
iter 47: upload_copy_time1_cuda = 0.001727
iter 47: download_copy_time_cuda = 0.001642
iter 47: upload_copy_time2_cuda = 0.000070
iter 47: download_copy_time_cuda = 0.001038

iter 48: slack_cuda = 0.003805
iter 48: cpu_time_cuda = 0.103541
iter 48: gpu_time1_cuda = 0.096129
iter 48: gpu_time2_cuda = 0.003608
iter 48: upload_copy_time1_cuda = 0.001707
iter 48: download_copy_time_cuda = 0.001639
iter 48: upload_copy_time2_cuda = 0.000068
iter 48: download_copy_time_cuda = 0.001053

iter 49: slack_cuda = 0.005606
iter 49: cpu_time_cuda = 0.102370
iter 49: gpu_time1_cuda = 0.093224
iter 49: gpu_time2_cuda = 0.003540
iter 49: upload_copy_time1_cuda = 0.001715
iter 49: download_copy_time_cuda = 0.001615
iter 49: upload_copy_time2_cuda = 0.000067
iter 49: download_copy_time_cuda = 0.001043

iter 50: slack_cuda = 0.000781
iter 50: cpu_time_cuda = 0.101541
iter 50: gpu_time1_cuda = 0.097262
iter 50: gpu_time2_cuda = 0.003497
iter 50: upload_copy_time1_cuda = 0.001459
iter 50: download_copy_time_cuda = 0.001594
iter 50: upload_copy_time2_cuda = 0.000064
iter 50: download_copy_time_cuda = 0.000875

iter 51: slack_cuda = 0.005033
iter 51: cpu_time_cuda = 0.099787
iter 51: gpu_time1_cuda = 0.091280
iter 51: gpu_time2_cuda = 0.003474
iter 51: upload_copy_time1_cuda = 0.001443
iter 51: download_copy_time_cuda = 0.001369
iter 51: upload_copy_time2_cuda = 0.000066
iter 51: download_copy_time_cuda = 0.000899

iter 52: slack_cuda = 0.004904
iter 52: cpu_time_cuda = 0.101787
iter 52: gpu_time1_cuda = 0.093445
iter 52: gpu_time2_cuda = 0.003439
iter 52: upload_copy_time1_cuda = 0.001444
iter 52: download_copy_time_cuda = 0.001359
iter 52: upload_copy_time2_cuda = 0.000068
iter 52: download_copy_time_cuda = 0.000946

iter 53: slack_cuda = 0.003836
iter 53: cpu_time_cuda = 0.097201
iter 53: gpu_time1_cuda = 0.089987
iter 53: gpu_time2_cuda = 0.003378
iter 53: upload_copy_time1_cuda = 0.001413
iter 53: download_copy_time_cuda = 0.001354
iter 53: upload_copy_time2_cuda = 0.000066
iter 53: download_copy_time_cuda = 0.000928

iter 54: slack_cuda = 0.004038
iter 54: cpu_time_cuda = 0.095918
iter 54: gpu_time1_cuda = 0.088547
iter 54: gpu_time2_cuda = 0.003333
iter 54: upload_copy_time1_cuda = 0.001394
iter 54: download_copy_time_cuda = 0.001315
iter 54: upload_copy_time2_cuda = 0.000067
iter 54: download_copy_time_cuda = 0.000946

iter 55: slack_cuda = 0.003766
iter 55: cpu_time_cuda = 0.094678
iter 55: gpu_time1_cuda = 0.087607
iter 55: gpu_time2_cuda = 0.003306
iter 55: upload_copy_time1_cuda = 0.001377
iter 55: download_copy_time_cuda = 0.001312
iter 55: upload_copy_time2_cuda = 0.000067
iter 55: download_copy_time_cuda = 0.000963

iter 56: slack_cuda = 0.002803
iter 56: cpu_time_cuda = 0.093546
iter 56: gpu_time1_cuda = 0.087513
iter 56: gpu_time2_cuda = 0.003231
iter 56: upload_copy_time1_cuda = 0.001351
iter 56: download_copy_time_cuda = 0.001294
iter 56: upload_copy_time2_cuda = 0.000066
iter 56: download_copy_time_cuda = 0.000977

iter 57: slack_cuda = 0.003075
iter 57: cpu_time_cuda = 0.092543
iter 57: gpu_time1_cuda = 0.086247
iter 57: gpu_time2_cuda = 0.003221
iter 57: upload_copy_time1_cuda = 0.001339
iter 57: download_copy_time_cuda = 0.001263
iter 57: upload_copy_time2_cuda = 0.000069
iter 57: download_copy_time_cuda = 0.000997

iter 58: slack_cuda = 0.004494
iter 58: cpu_time_cuda = 0.090701
iter 58: gpu_time1_cuda = 0.083046
iter 58: gpu_time2_cuda = 0.003160
iter 58: upload_copy_time1_cuda = 0.001315
iter 58: download_copy_time_cuda = 0.001247
iter 58: upload_copy_time2_cuda = 0.000070
iter 58: download_copy_time_cuda = 0.001009

iter 59: slack_cuda = 0.005049
iter 59: cpu_time_cuda = 0.092139
iter 59: gpu_time1_cuda = 0.083964
iter 59: gpu_time2_cuda = 0.003127
iter 59: upload_copy_time1_cuda = 0.001313
iter 59: download_copy_time_cuda = 0.001230
iter 59: upload_copy_time2_cuda = 0.000065
iter 59: download_copy_time_cuda = 0.001057

iter 60: slack_cuda = 0.006004
iter 60: cpu_time_cuda = 0.090638
iter 60: gpu_time1_cuda = 0.081572
iter 60: gpu_time2_cuda = 0.003062
iter 60: upload_copy_time1_cuda = 0.001274
iter 60: download_copy_time_cuda = 0.001212
iter 60: upload_copy_time2_cuda = 0.000068
iter 60: download_copy_time_cuda = 0.001059

iter 61: slack_cuda = 0.007413
iter 61: cpu_time_cuda = 0.089445
iter 61: gpu_time1_cuda = 0.078997
iter 61: gpu_time2_cuda = 0.003036
iter 61: upload_copy_time1_cuda = 0.001274
iter 61: download_copy_time_cuda = 0.001204
iter 61: upload_copy_time2_cuda = 0.000065
iter 61: download_copy_time_cuda = 0.001070

iter 62: slack_cuda = 0.003736
iter 62: cpu_time_cuda = 0.085661
iter 62: gpu_time1_cuda = 0.078936
iter 62: gpu_time2_cuda = 0.002989
iter 62: upload_copy_time1_cuda = 0.001245
iter 62: download_copy_time_cuda = 0.001181
iter 62: upload_copy_time2_cuda = 0.000062
iter 62: download_copy_time_cuda = 0.001087

iter 63: slack_cuda = 0.003519
iter 63: cpu_time_cuda = 0.084219
iter 63: gpu_time1_cuda = 0.077727
iter 63: gpu_time2_cuda = 0.002973
iter 63: upload_copy_time1_cuda = 0.001231
iter 63: download_copy_time_cuda = 0.001169
iter 63: upload_copy_time2_cuda = 0.000065
iter 63: download_copy_time_cuda = 0.001102

iter 64: slack_cuda = 0.002042
iter 64: cpu_time_cuda = 0.082965
iter 64: gpu_time1_cuda = 0.078017
iter 64: gpu_time2_cuda = 0.002906
iter 64: upload_copy_time1_cuda = 0.001197
iter 64: download_copy_time_cuda = 0.001142
iter 64: upload_copy_time2_cuda = 0.000062
iter 64: download_copy_time_cuda = 0.001114

iter 65: slack_cuda = 0.003416
iter 65: cpu_time_cuda = 0.081800
iter 65: gpu_time1_cuda = 0.075514
iter 65: gpu_time2_cuda = 0.002870
iter 65: upload_copy_time1_cuda = 0.001193
iter 65: download_copy_time_cuda = 0.001128
iter 65: upload_copy_time2_cuda = 0.000066
iter 65: download_copy_time_cuda = 0.001132

iter 66: slack_cuda = 0.002898
iter 66: cpu_time_cuda = 0.080446
iter 66: gpu_time1_cuda = 0.074718
iter 66: gpu_time2_cuda = 0.002830
iter 66: upload_copy_time1_cuda = 0.001192
iter 66: download_copy_time_cuda = 0.001119
iter 66: upload_copy_time2_cuda = 0.000062
iter 66: download_copy_time_cuda = 0.001148

iter 67: slack_cuda = 0.003892
iter 67: cpu_time_cuda = 0.079210
iter 67: gpu_time1_cuda = 0.072502
iter 67: gpu_time2_cuda = 0.002815
iter 67: upload_copy_time1_cuda = 0.001149
iter 67: download_copy_time_cuda = 0.001092
iter 67: upload_copy_time2_cuda = 0.000064
iter 67: download_copy_time_cuda = 0.001168

iter 68: slack_cuda = 0.001105
iter 68: cpu_time_cuda = 0.077859
iter 68: gpu_time1_cuda = 0.074020
iter 68: gpu_time2_cuda = 0.002734
iter 68: upload_copy_time1_cuda = 0.001134
iter 68: download_copy_time_cuda = 0.001087
iter 68: upload_copy_time2_cuda = 0.000063
iter 68: download_copy_time_cuda = 0.001189

iter 69: slack_cuda = 0.003025
iter 69: cpu_time_cuda = 0.076492
iter 69: gpu_time1_cuda = 0.070744
iter 69: gpu_time2_cuda = 0.002723
iter 69: upload_copy_time1_cuda = 0.001111
iter 69: download_copy_time_cuda = 0.001067
iter 69: upload_copy_time2_cuda = 0.000067
iter 69: download_copy_time_cuda = 0.001209

iter 70: slack_cuda = 0.002287
iter 70: cpu_time_cuda = 0.075076
iter 70: gpu_time1_cuda = 0.070137
iter 70: gpu_time2_cuda = 0.002652
iter 70: upload_copy_time1_cuda = 0.001108
iter 70: download_copy_time_cuda = 0.001066
iter 70: upload_copy_time2_cuda = 0.000066
iter 70: download_copy_time_cuda = 0.001226

iter 71: slack_cuda = 0.002089
iter 71: cpu_time_cuda = 0.073817
iter 71: gpu_time1_cuda = 0.069121
iter 71: gpu_time2_cuda = 0.002607
iter 71: upload_copy_time1_cuda = 0.001074
iter 71: download_copy_time_cuda = 0.001033
iter 71: upload_copy_time2_cuda = 0.000065
iter 71: download_copy_time_cuda = 0.001237

iter 72: slack_cuda = 0.003400
iter 72: cpu_time_cuda = 0.072481
iter 72: gpu_time1_cuda = 0.066520
iter 72: gpu_time2_cuda = 0.002561
iter 72: upload_copy_time1_cuda = 0.001062
iter 72: download_copy_time_cuda = 0.001007
iter 72: upload_copy_time2_cuda = 0.000066
iter 72: download_copy_time_cuda = 0.001256

iter 73: slack_cuda = 0.002742
iter 73: cpu_time_cuda = 0.071262
iter 73: gpu_time1_cuda = 0.066003
iter 73: gpu_time2_cuda = 0.002516
iter 73: upload_copy_time1_cuda = 0.001040
iter 73: download_copy_time_cuda = 0.000994
iter 73: upload_copy_time2_cuda = 0.000066
iter 73: download_copy_time_cuda = 0.001271

iter 74: slack_cuda = 0.003004
iter 74: cpu_time_cuda = 0.069994
iter 74: gpu_time1_cuda = 0.064529
iter 74: gpu_time2_cuda = 0.002460
iter 74: upload_copy_time1_cuda = 0.001025
iter 74: download_copy_time_cuda = 0.000984
iter 74: upload_copy_time2_cuda = 0.000066
iter 74: download_copy_time_cuda = 0.001288

iter 75: slack_cuda = 0.002683
iter 75: cpu_time_cuda = 0.068866
iter 75: gpu_time1_cuda = 0.063740
iter 75: gpu_time2_cuda = 0.002443
iter 75: upload_copy_time1_cuda = 0.001025
iter 75: download_copy_time_cuda = 0.000972
iter 75: upload_copy_time2_cuda = 0.000066
iter 75: download_copy_time_cuda = 0.001305

iter 76: slack_cuda = 0.002097
iter 76: cpu_time_cuda = 0.067248
iter 76: gpu_time1_cuda = 0.062764
iter 76: gpu_time2_cuda = 0.002388
iter 76: upload_copy_time1_cuda = 0.000982
iter 76: download_copy_time_cuda = 0.000945
iter 76: upload_copy_time2_cuda = 0.000062
iter 76: download_copy_time_cuda = 0.001327

iter 77: slack_cuda = 0.002858
iter 77: cpu_time_cuda = 0.065931
iter 77: gpu_time1_cuda = 0.060716
iter 77: gpu_time2_cuda = 0.002358
iter 77: upload_copy_time1_cuda = 0.000970
iter 77: download_copy_time_cuda = 0.000928
iter 77: upload_copy_time2_cuda = 0.000065
iter 77: download_copy_time_cuda = 0.001347

iter 78: slack_cuda = 0.002147
iter 78: cpu_time_cuda = 0.064709
iter 78: gpu_time1_cuda = 0.060246
iter 78: gpu_time2_cuda = 0.002316
iter 78: upload_copy_time1_cuda = 0.000951
iter 78: download_copy_time_cuda = 0.000903
iter 78: upload_copy_time2_cuda = 0.000066
iter 78: download_copy_time_cuda = 0.001363

iter 79: slack_cuda = 0.002518
iter 79: cpu_time_cuda = 0.063510
iter 79: gpu_time1_cuda = 0.058719
iter 79: gpu_time2_cuda = 0.002273
iter 79: upload_copy_time1_cuda = 0.000927
iter 79: download_copy_time_cuda = 0.000886
iter 79: upload_copy_time2_cuda = 0.000064
iter 79: download_copy_time_cuda = 0.001382

iter 80: slack_cuda = 0.001994
iter 80: cpu_time_cuda = 0.062257
iter 80: gpu_time1_cuda = 0.058021
iter 80: gpu_time2_cuda = 0.002243
iter 80: upload_copy_time1_cuda = 0.000905
iter 80: download_copy_time_cuda = 0.000870
iter 80: upload_copy_time2_cuda = 0.000065
iter 80: download_copy_time_cuda = 0.001392

iter 81: slack_cuda = -0.003640
iter 81: cpu_time_cuda = 0.060922
iter 81: gpu_time1_cuda = 0.062384
iter 81: gpu_time2_cuda = 0.002178
iter 81: upload_copy_time1_cuda = 0.000891
iter 81: download_copy_time_cuda = 0.000864
iter 81: upload_copy_time2_cuda = 0.000068
iter 81: download_copy_time_cuda = 0.001417

iter 82: slack_cuda = 0.001699
iter 82: cpu_time_cuda = 0.059530
iter 82: gpu_time1_cuda = 0.055691
iter 82: gpu_time2_cuda = 0.002140
iter 82: upload_copy_time1_cuda = 0.000903
iter 82: download_copy_time_cuda = 0.000845
iter 82: upload_copy_time2_cuda = 0.000066
iter 82: download_copy_time_cuda = 0.001425

iter 83: slack_cuda = 0.001647
iter 83: cpu_time_cuda = 0.058334
iter 83: gpu_time1_cuda = 0.054592
iter 83: gpu_time2_cuda = 0.002095
iter 83: upload_copy_time1_cuda = 0.000860
iter 83: download_copy_time_cuda = 0.000824
iter 83: upload_copy_time2_cuda = 0.000065
iter 83: download_copy_time_cuda = 0.001474

iter 84: slack_cuda = 0.001042
iter 84: cpu_time_cuda = 0.056947
iter 84: gpu_time1_cuda = 0.053862
iter 84: gpu_time2_cuda = 0.002043
iter 84: upload_copy_time1_cuda = 0.000844
iter 84: download_copy_time_cuda = 0.000799
iter 84: upload_copy_time2_cuda = 0.000061
iter 84: download_copy_time_cuda = 0.001466

iter 85: slack_cuda = 0.000931
iter 85: cpu_time_cuda = 0.055491
iter 85: gpu_time1_cuda = 0.052559
iter 85: gpu_time2_cuda = 0.002001
iter 85: upload_copy_time1_cuda = 0.000829
iter 85: download_copy_time_cuda = 0.000793
iter 85: upload_copy_time2_cuda = 0.000061
iter 85: download_copy_time_cuda = 0.001483

iter 86: slack_cuda = 0.002295
iter 86: cpu_time_cuda = 0.054362
iter 86: gpu_time1_cuda = 0.050105
iter 86: gpu_time2_cuda = 0.001961
iter 86: upload_copy_time1_cuda = 0.000805
iter 86: download_copy_time_cuda = 0.000776
iter 86: upload_copy_time2_cuda = 0.000061
iter 86: download_copy_time_cuda = 0.001500

iter 87: slack_cuda = 0.002125
iter 87: cpu_time_cuda = 0.052963
iter 87: gpu_time1_cuda = 0.048929
iter 87: gpu_time2_cuda = 0.001909
iter 87: upload_copy_time1_cuda = 0.000786
iter 87: download_copy_time_cuda = 0.000756
iter 87: upload_copy_time2_cuda = 0.000061
iter 87: download_copy_time_cuda = 0.001524

iter 88: slack_cuda = 0.001337
iter 88: cpu_time_cuda = 0.051727
iter 88: gpu_time1_cuda = 0.048523
iter 88: gpu_time2_cuda = 0.001866
iter 88: upload_copy_time1_cuda = 0.000768
iter 88: download_copy_time_cuda = 0.000734
iter 88: upload_copy_time2_cuda = 0.000062
iter 88: download_copy_time_cuda = 0.001547

iter 89: slack_cuda = 0.001743
iter 89: cpu_time_cuda = 0.051000
iter 89: gpu_time1_cuda = 0.047410
iter 89: gpu_time2_cuda = 0.001847
iter 89: upload_copy_time1_cuda = 0.000774
iter 89: download_copy_time_cuda = 0.000715
iter 89: upload_copy_time2_cuda = 0.000065
iter 89: download_copy_time_cuda = 0.001567

iter 90: slack_cuda = 0.000687
iter 90: cpu_time_cuda = 0.048842
iter 90: gpu_time1_cuda = 0.046366
iter 90: gpu_time2_cuda = 0.001789
iter 90: upload_copy_time1_cuda = 0.000727
iter 90: download_copy_time_cuda = 0.000699
iter 90: upload_copy_time2_cuda = 0.000062
iter 90: download_copy_time_cuda = 0.001564

iter 91: slack_cuda = 0.001029
iter 91: cpu_time_cuda = 0.047671
iter 91: gpu_time1_cuda = 0.044897
iter 91: gpu_time2_cuda = 0.001745
iter 91: upload_copy_time1_cuda = 0.000713
iter 91: download_copy_time_cuda = 0.000684
iter 91: upload_copy_time2_cuda = 0.000064
iter 91: download_copy_time_cuda = 0.001576

iter 92: slack_cuda = 0.000285
iter 92: cpu_time_cuda = 0.046578
iter 92: gpu_time1_cuda = 0.044580
iter 92: gpu_time2_cuda = 0.001713
iter 92: upload_copy_time1_cuda = 0.000698
iter 92: download_copy_time_cuda = 0.000670
iter 92: upload_copy_time2_cuda = 0.000067
iter 92: download_copy_time_cuda = 0.001594

iter 93: slack_cuda = 0.000177
iter 93: cpu_time_cuda = 0.045139
iter 93: gpu_time1_cuda = 0.043295
iter 93: gpu_time2_cuda = 0.001667
iter 93: upload_copy_time1_cuda = 0.000681
iter 93: download_copy_time_cuda = 0.000652
iter 93: upload_copy_time2_cuda = 0.000066
iter 93: download_copy_time_cuda = 0.001619

iter 94: slack_cuda = -0.002906
iter 94: cpu_time_cuda = 0.043740
iter 94: gpu_time1_cuda = 0.045023
iter 94: gpu_time2_cuda = 0.001624
iter 94: upload_copy_time1_cuda = 0.000661
iter 94: download_copy_time_cuda = 0.000639
iter 94: upload_copy_time2_cuda = 0.000067
iter 94: download_copy_time_cuda = 0.001647

iter 95: slack_cuda = 0.000145
iter 95: cpu_time_cuda = 0.042179
iter 95: gpu_time1_cuda = 0.040456
iter 95: gpu_time2_cuda = 0.001578
iter 95: upload_copy_time1_cuda = 0.000643
iter 95: download_copy_time_cuda = 0.000608
iter 95: upload_copy_time2_cuda = 0.000066
iter 95: download_copy_time_cuda = 0.001662

iter 96: slack_cuda = -0.000516
iter 96: cpu_time_cuda = 0.041101
iter 96: gpu_time1_cuda = 0.040076
iter 96: gpu_time2_cuda = 0.001541
iter 96: upload_copy_time1_cuda = 0.000619
iter 96: download_copy_time_cuda = 0.000592
iter 96: upload_copy_time2_cuda = 0.000067
iter 96: download_copy_time_cuda = 0.001974

iter 97: slack_cuda = -0.000181
iter 97: cpu_time_cuda = 0.039974
iter 97: gpu_time1_cuda = 0.038665
iter 97: gpu_time2_cuda = 0.001489
iter 97: upload_copy_time1_cuda = 0.000599
iter 97: download_copy_time_cuda = 0.000602
iter 97: upload_copy_time2_cuda = 0.000064
iter 97: download_copy_time_cuda = 0.001884

iter 98: slack_cuda = -0.000702
iter 98: cpu_time_cuda = 0.038705
iter 98: gpu_time1_cuda = 0.037953
iter 98: gpu_time2_cuda = 0.001454
iter 98: upload_copy_time1_cuda = 0.000574
iter 98: download_copy_time_cuda = 0.000574
iter 98: upload_copy_time2_cuda = 0.000061
iter 98: download_copy_time_cuda = 0.001892

iter 99: slack_cuda = -0.003678
iter 99: cpu_time_cuda = 0.037300
iter 99: gpu_time1_cuda = 0.039561
iter 99: gpu_time2_cuda = 0.001416
iter 99: upload_copy_time1_cuda = 0.000563
iter 99: download_copy_time_cuda = 0.000539
iter 99: upload_copy_time2_cuda = 0.000065
iter 99: download_copy_time_cuda = 0.001917

iter 100: slack_cuda = -0.002013
iter 100: cpu_time_cuda = 0.036374
iter 100: gpu_time1_cuda = 0.037009
iter 100: gpu_time2_cuda = 0.001378
iter 100: upload_copy_time1_cuda = 0.000536
iter 100: download_copy_time_cuda = 0.000553
iter 100: upload_copy_time2_cuda = 0.000066
iter 100: download_copy_time_cuda = 0.002020

iter 101: slack_cuda = 0.000460
iter 101: cpu_time_cuda = 0.034534
iter 101: gpu_time1_cuda = 0.032762
iter 101: gpu_time2_cuda = 0.001312
iter 101: upload_copy_time1_cuda = 0.000526
iter 101: download_copy_time_cuda = 0.000517
iter 101: upload_copy_time2_cuda = 0.000060
iter 101: download_copy_time_cuda = 0.003766

iter 102: slack_cuda = -0.001060
iter 102: cpu_time_cuda = 0.033493
iter 102: gpu_time1_cuda = 0.033290
iter 102: gpu_time2_cuda = 0.001263
iter 102: upload_copy_time1_cuda = 0.000509
iter 102: download_copy_time_cuda = 0.000489
iter 102: upload_copy_time2_cuda = 0.000066
iter 102: download_copy_time_cuda = 0.001971

iter 103: slack_cuda = 0.002160
iter 103: cpu_time_cuda = 0.031975
iter 103: gpu_time1_cuda = 0.028584
iter 103: gpu_time2_cuda = 0.001231
iter 103: upload_copy_time1_cuda = 0.000484
iter 103: download_copy_time_cuda = 0.000484
iter 103: upload_copy_time2_cuda = 0.000061
iter 103: download_copy_time_cuda = 0.003969

iter 104: slack_cuda = 0.002162
iter 104: cpu_time_cuda = 0.030475
iter 104: gpu_time1_cuda = 0.027117
iter 104: gpu_time2_cuda = 0.001196
iter 104: upload_copy_time1_cuda = 0.000478
iter 104: download_copy_time_cuda = 0.000458
iter 104: upload_copy_time2_cuda = 0.000061
iter 104: download_copy_time_cuda = 0.003943

iter 105: slack_cuda = 0.003586
iter 105: cpu_time_cuda = 0.029281
iter 105: gpu_time1_cuda = 0.024546
iter 105: gpu_time2_cuda = 0.001150
iter 105: upload_copy_time1_cuda = 0.000452
iter 105: download_copy_time_cuda = 0.000449
iter 105: upload_copy_time2_cuda = 0.000065
iter 105: download_copy_time_cuda = 0.003973

iter 106: slack_cuda = 0.002719
iter 106: cpu_time_cuda = 0.027959
iter 106: gpu_time1_cuda = 0.024129
iter 106: gpu_time2_cuda = 0.001111
iter 106: upload_copy_time1_cuda = 0.000439
iter 106: download_copy_time_cuda = 0.000428
iter 106: upload_copy_time2_cuda = 0.000066
iter 106: download_copy_time_cuda = 0.004029

iter 107: slack_cuda = 0.010705
iter 107: cpu_time_cuda = 0.032339
iter 107: gpu_time1_cuda = 0.020562
iter 107: gpu_time2_cuda = 0.001072
iter 107: upload_copy_time1_cuda = 0.000419
iter 107: download_copy_time_cuda = 0.000408
iter 107: upload_copy_time2_cuda = 0.000066
iter 107: download_copy_time_cuda = 0.004034

iter 108: slack_cuda = 0.011278
iter 108: cpu_time_cuda = 0.032535
iter 108: gpu_time1_cuda = 0.020235
iter 108: gpu_time2_cuda = 0.001022
iter 108: upload_copy_time1_cuda = 0.000393
iter 108: download_copy_time_cuda = 0.000394
iter 108: upload_copy_time2_cuda = 0.000063
iter 108: download_copy_time_cuda = 0.004088

iter 109: slack_cuda = 0.010945
iter 109: cpu_time_cuda = 0.029949
iter 109: gpu_time1_cuda = 0.018026
iter 109: gpu_time2_cuda = 0.000978
iter 109: upload_copy_time1_cuda = 0.000393
iter 109: download_copy_time_cuda = 0.000376
iter 109: upload_copy_time2_cuda = 0.000065
iter 109: download_copy_time_cuda = 0.004105

iter 110: slack_cuda = 0.012467
iter 110: cpu_time_cuda = 0.029848
iter 110: gpu_time1_cuda = 0.016445
iter 110: gpu_time2_cuda = 0.000936
iter 110: upload_copy_time1_cuda = 0.000357
iter 110: download_copy_time_cuda = 0.000352
iter 110: upload_copy_time2_cuda = 0.000062
iter 110: download_copy_time_cuda = 0.004129

iter 111: slack_cuda = 0.012119
iter 111: cpu_time_cuda = 0.027384
iter 111: gpu_time1_cuda = 0.014368
iter 111: gpu_time2_cuda = 0.000897
iter 111: upload_copy_time1_cuda = 0.000340
iter 111: download_copy_time_cuda = 0.000327
iter 111: upload_copy_time2_cuda = 0.000066
iter 111: download_copy_time_cuda = 0.004155

iter 112: slack_cuda = 0.018804
iter 112: cpu_time_cuda = 0.034093
iter 112: gpu_time1_cuda = 0.014432
iter 112: gpu_time2_cuda = 0.000857
iter 112: upload_copy_time1_cuda = 0.000326
iter 112: download_copy_time_cuda = 0.000299
iter 112: upload_copy_time2_cuda = 0.000062
iter 112: download_copy_time_cuda = 0.004215

iter 113: slack_cuda = 0.011559
iter 113: cpu_time_cuda = 0.024695
iter 113: gpu_time1_cuda = 0.012318
iter 113: gpu_time2_cuda = 0.000818
iter 113: upload_copy_time1_cuda = 0.000301
iter 113: download_copy_time_cuda = 0.000283
iter 113: upload_copy_time2_cuda = 0.000065
iter 113: download_copy_time_cuda = 0.004237

iter 114: slack_cuda = 0.013042
iter 114: cpu_time_cuda = 0.023473
iter 114: gpu_time1_cuda = 0.009765
iter 114: gpu_time2_cuda = 0.000666
iter 114: upload_copy_time1_cuda = 0.000295
iter 114: download_copy_time_cuda = 0.000265
iter 114: upload_copy_time2_cuda = 0.000062
iter 114: download_copy_time_cuda = 0.004254

iter 115: slack_cuda = 0.013790
iter 115: cpu_time_cuda = 0.021690
iter 115: gpu_time1_cuda = 0.007289
iter 115: gpu_time2_cuda = 0.000610
iter 115: upload_copy_time1_cuda = 0.000271
iter 115: download_copy_time_cuda = 0.000262
iter 115: upload_copy_time2_cuda = 0.000063
iter 115: download_copy_time_cuda = 0.004284

iter 116: slack_cuda = 0.012606
iter 116: cpu_time_cuda = 0.020129
iter 116: gpu_time1_cuda = 0.006948
iter 116: gpu_time2_cuda = 0.000575
iter 116: upload_copy_time1_cuda = 0.000253
iter 116: download_copy_time_cuda = 0.000238
iter 116: upload_copy_time2_cuda = 0.000066
iter 116: download_copy_time_cuda = 0.004340

iter 117: slack_cuda = 0.012292
iter 117: cpu_time_cuda = 0.018781
iter 117: gpu_time1_cuda = 0.005946
iter 117: gpu_time2_cuda = 0.000543
iter 117: upload_copy_time1_cuda = 0.000232
iter 117: download_copy_time_cuda = 0.000228
iter 117: upload_copy_time2_cuda = 0.000064
iter 117: download_copy_time_cuda = 0.004386

iter 118: slack_cuda = 0.011750
iter 118: cpu_time_cuda = 0.017517
iter 118: gpu_time1_cuda = 0.005254
iter 118: gpu_time2_cuda = 0.000513
iter 118: upload_copy_time1_cuda = 0.000211
iter 118: download_copy_time_cuda = 0.000204
iter 118: upload_copy_time2_cuda = 0.000065
iter 118: download_copy_time_cuda = 0.004399

iter 119: slack_cuda = 0.011638
iter 119: cpu_time_cuda = 0.016246
iter 119: gpu_time1_cuda = 0.004129
iter 119: gpu_time2_cuda = 0.000479
iter 119: upload_copy_time1_cuda = 0.000190
iter 119: download_copy_time_cuda = 0.000181
iter 119: upload_copy_time2_cuda = 0.000065
iter 119: download_copy_time_cuda = 0.004460

iter 120: slack_cuda = 0.010766
iter 120: cpu_time_cuda = 0.014925
iter 120: gpu_time1_cuda = 0.003708
iter 120: gpu_time2_cuda = 0.000451
iter 120: upload_copy_time1_cuda = 0.000173
iter 120: download_copy_time_cuda = 0.000162
iter 120: upload_copy_time2_cuda = 0.000066
iter 120: download_copy_time_cuda = 0.004492

iter 121: slack_cuda = 0.014469
iter 121: cpu_time_cuda = 0.017751
iter 121: gpu_time1_cuda = 0.002865
iter 121: gpu_time2_cuda = 0.000417
iter 121: upload_copy_time1_cuda = 0.000154
iter 121: download_copy_time_cuda = 0.000148
iter 121: upload_copy_time2_cuda = 0.000064
iter 121: download_copy_time_cuda = 0.004528

iter 122: slack_cuda = 0.004728
iter 122: cpu_time_cuda = 0.007393
iter 122: gpu_time1_cuda = 0.002302
iter 122: gpu_time2_cuda = 0.000363
iter 122: upload_copy_time1_cuda = 0.000135
iter 122: download_copy_time_cuda = 0.000134
iter 122: upload_copy_time2_cuda = 0.000065
iter 122: download_copy_time_cuda = 0.004565

iter 123: slack_cuda = 0.004177
iter 123: cpu_time_cuda = 0.006247
iter 123: gpu_time1_cuda = 0.001738
iter 123: gpu_time2_cuda = 0.000332
iter 123: upload_copy_time1_cuda = 0.000121
iter 123: download_copy_time_cuda = 0.000123
iter 123: upload_copy_time2_cuda = 0.000064
iter 123: download_copy_time_cuda = 0.004682

iter 124: slack_cuda = 0.003334
iter 124: cpu_time_cuda = 0.004933
iter 124: gpu_time1_cuda = 0.001296
iter 124: gpu_time2_cuda = 0.000303
iter 124: upload_copy_time1_cuda = 0.000116
iter 124: download_copy_time_cuda = 0.000120
iter 124: upload_copy_time2_cuda = 0.000061
iter 124: download_copy_time_cuda = 0.004626

iter 125: slack_cuda = 0.002567
iter 125: cpu_time_cuda = 0.003753
iter 125: gpu_time1_cuda = 0.000915
iter 125: gpu_time2_cuda = 0.000271
iter 125: upload_copy_time1_cuda = 0.000101
iter 125: download_copy_time_cuda = 0.000108
iter 125: upload_copy_time2_cuda = 0.000061
iter 125: download_copy_time_cuda = 0.004533

iter 126: slack_cuda = 0.001564
iter 126: cpu_time_cuda = 0.002520
iter 126: gpu_time1_cuda = 0.000717
iter 126: gpu_time2_cuda = 0.000238
iter 126: upload_copy_time1_cuda = 0.000088
iter 126: download_copy_time_cuda = 0.000089
iter 126: upload_copy_time2_cuda = 0.000062
iter 126: download_copy_time_cuda = 0.004259

total_cpu_time_cuda = 10.647866
total_gpu_time_cuda = 10.283587
total_copy_time_cuda = 0.535354
main_loop_time_cuda = 22.470936
Normalized difference of predicted CPU runtime per iteration is: 0.000000%
Normalized difference of predicted GPU runtime1 per iteration is: 0.000000%
Normalized difference of predicted GPU runtime2 per iteration is: 0.000000%
Normalized difference of predicted slack per iteration is: 0.000000%
15360 15360     ---   (  ---  )    214.98 (  22.48)       ---
total_time = 29.430200
25.04user 4.55system 0:31.14elapsed 95%CPU (0avgtext+0avgdata 3840348maxresident)k
0inputs+0outputs (0major+482965minor)pagefaults 0swaps
send out message: 22 3 log
