send out message: 24 37 /home/lchen/MAGMA/magma-1.6.1/results
send out message: 20 26 MAGMA_LU_GPUDVFS.total.pwr
MAGMA 1.6.1  compiled for CUDA capability >= 3.0
CUDA runtime 5000, driver 6050. MAGMA not compiled with OpenMP. 
ndevices 1
device 0: Tesla K20c, 705.5 MHz clock, 4799.6 MB memory, capability 3.5
Usage: /home/lchen/MAGMA/magma-1.6.1/testing/testing_dgetrf [options] [-h|--help]

ngpu 1
    M     N   CPU GFlop/s (sec)   GPU GFlop/s (sec)   |PA-LU|/(N*|A|)
=========================================================================
init_time = 0.816214
iter 0: slack_cuda = 0.000000
iter 0: cpu_time_cuda = 0.000000
iter 0: gpu_time_cuda = 0.000000
iter 0: download_copy_time_cuda = 0.000000
iter 0: upload_copy_time_cuda = 0.002333
iter 0: per_iter_time_cuda = 0.004010

iter 1: slack_cuda = -0.028533
iter 1: cpu_time_cuda = 0.014985
iter 1: gpu_time_cuda = 0.043517
iter 1: download_copy_time_cuda = 0.001839
iter 1: upload_copy_time_cuda = 0.002222
iter 1: per_iter_time_cuda = 0.064118

iter 2: slack_cuda = -0.027271
iter 2: cpu_time_cuda = 0.014683
iter 2: gpu_time_cuda = 0.041954
iter 2: download_copy_time_cuda = 0.001780
iter 2: upload_copy_time_cuda = 0.002208
iter 2: per_iter_time_cuda = 0.062288

iter 3: slack_cuda = -0.021904
iter 3: cpu_time_cuda = 0.014390
iter 3: gpu_time_cuda = 0.036294
iter 3: download_copy_time_cuda = 0.001733
iter 3: upload_copy_time_cuda = 0.002213
iter 3: per_iter_time_cuda = 0.056137

iter 4: slack_cuda = -0.024870
iter 4: cpu_time_cuda = 0.014093
iter 4: gpu_time_cuda = 0.038964
iter 4: download_copy_time_cuda = 0.001690
iter 4: upload_copy_time_cuda = 0.002120
iter 4: per_iter_time_cuda = 0.058494

iter 5: slack_cuda = -0.023544
iter 5: cpu_time_cuda = 0.013814
iter 5: gpu_time_cuda = 0.037358
iter 5: download_copy_time_cuda = 0.001665
iter 5: upload_copy_time_cuda = 0.002119
iter 5: per_iter_time_cuda = 0.056431

iter 6: slack_cuda = -0.022142
iter 6: cpu_time_cuda = 0.013549
iter 6: gpu_time_cuda = 0.035691
iter 6: download_copy_time_cuda = 0.001637
iter 6: upload_copy_time_cuda = 0.002141
iter 6: per_iter_time_cuda = 0.054618

iter 7: slack_cuda = -0.017864
iter 7: cpu_time_cuda = 0.013225
iter 7: gpu_time_cuda = 0.031088
iter 7: download_copy_time_cuda = 0.001603
iter 7: upload_copy_time_cuda = 0.002107
iter 7: per_iter_time_cuda = 0.049428

iter 8: slack_cuda = -0.020073
iter 8: cpu_time_cuda = 0.012972
iter 8: gpu_time_cuda = 0.033045
iter 8: download_copy_time_cuda = 0.001543
iter 8: upload_copy_time_cuda = 0.002023
iter 8: per_iter_time_cuda = 0.051145

iter 9: slack_cuda = -0.018604
iter 9: cpu_time_cuda = 0.012652
iter 9: gpu_time_cuda = 0.031256
iter 9: download_copy_time_cuda = 0.001546
iter 9: upload_copy_time_cuda = 0.002077
iter 9: per_iter_time_cuda = 0.048956

iter 10: slack_cuda = -0.017666
iter 10: cpu_time_cuda = 0.012348
iter 10: gpu_time_cuda = 0.030014
iter 10: download_copy_time_cuda = 0.001504
iter 10: upload_copy_time_cuda = 0.002049
iter 10: per_iter_time_cuda = 0.047417

iter 11: slack_cuda = -0.013562
iter 11: cpu_time_cuda = 0.011984
iter 11: gpu_time_cuda = 0.025546
iter 11: download_copy_time_cuda = 0.001460
iter 11: upload_copy_time_cuda = 0.002045
iter 11: per_iter_time_cuda = 0.042372

iter 12: slack_cuda = -0.015692
iter 12: cpu_time_cuda = 0.011590
iter 12: gpu_time_cuda = 0.027282
iter 12: download_copy_time_cuda = 0.001375
iter 12: upload_copy_time_cuda = 0.001964
iter 12: per_iter_time_cuda = 0.043661

iter 13: slack_cuda = -0.014044
iter 13: cpu_time_cuda = 0.011837
iter 13: gpu_time_cuda = 0.025881
iter 13: download_copy_time_cuda = 0.001383
iter 13: upload_copy_time_cuda = 0.002010
iter 13: per_iter_time_cuda = 0.042418

iter 14: slack_cuda = -0.012934
iter 14: cpu_time_cuda = 0.011532
iter 14: gpu_time_cuda = 0.024465
iter 14: download_copy_time_cuda = 0.001681
iter 14: upload_copy_time_cuda = 0.001986
iter 14: per_iter_time_cuda = 0.041075

iter 15: slack_cuda = -0.009685
iter 15: cpu_time_cuda = 0.011227
iter 15: gpu_time_cuda = 0.020912
iter 15: download_copy_time_cuda = 0.001650
iter 15: upload_copy_time_cuda = 0.001957
iter 15: per_iter_time_cuda = 0.037049

iter 16: slack_cuda = -0.011251
iter 16: cpu_time_cuda = 0.010940
iter 16: gpu_time_cuda = 0.022191
iter 16: download_copy_time_cuda = 0.001589
iter 16: upload_copy_time_cuda = 0.001912
iter 16: per_iter_time_cuda = 0.037975

iter 17: slack_cuda = -0.010352
iter 17: cpu_time_cuda = 0.010687
iter 17: gpu_time_cuda = 0.021040
iter 17: download_copy_time_cuda = 0.001567
iter 17: upload_copy_time_cuda = 0.001920
iter 17: per_iter_time_cuda = 0.036415

iter 18: slack_cuda = -0.009341
iter 18: cpu_time_cuda = 0.010420
iter 18: gpu_time_cuda = 0.019761
iter 18: download_copy_time_cuda = 0.001522
iter 18: upload_copy_time_cuda = 0.001916
iter 18: per_iter_time_cuda = 0.034869

iter 19: slack_cuda = -0.006503
iter 19: cpu_time_cuda = 0.010202
iter 19: gpu_time_cuda = 0.016704
iter 19: download_copy_time_cuda = 0.001478
iter 19: upload_copy_time_cuda = 0.001874
iter 19: per_iter_time_cuda = 0.031425

iter 20: slack_cuda = -0.007951
iter 20: cpu_time_cuda = 0.009740
iter 20: gpu_time_cuda = 0.017691
iter 20: download_copy_time_cuda = 0.001424
iter 20: upload_copy_time_cuda = 0.001834
iter 20: per_iter_time_cuda = 0.031902

iter 21: slack_cuda = -0.007220
iter 21: cpu_time_cuda = 0.009383
iter 21: gpu_time_cuda = 0.016603
iter 21: download_copy_time_cuda = 0.001411
iter 21: upload_copy_time_cuda = 0.001854
iter 21: per_iter_time_cuda = 0.030373

iter 22: slack_cuda = -0.006398
iter 22: cpu_time_cuda = 0.009211
iter 22: gpu_time_cuda = 0.015609
iter 22: download_copy_time_cuda = 0.001394
iter 22: upload_copy_time_cuda = 0.001841
iter 22: per_iter_time_cuda = 0.029254

iter 23: slack_cuda = -0.004427
iter 23: cpu_time_cuda = 0.008927
iter 23: gpu_time_cuda = 0.013354
iter 23: download_copy_time_cuda = 0.001360
iter 23: upload_copy_time_cuda = 0.001831
iter 23: per_iter_time_cuda = 0.026557

iter 24: slack_cuda = -0.005178
iter 24: cpu_time_cuda = 0.008534
iter 24: gpu_time_cuda = 0.013712
iter 24: download_copy_time_cuda = 0.001302
iter 24: upload_copy_time_cuda = 0.001769
iter 24: per_iter_time_cuda = 0.026467

iter 25: slack_cuda = -0.004383
iter 25: cpu_time_cuda = 0.008309
iter 25: gpu_time_cuda = 0.012692
iter 25: download_copy_time_cuda = 0.001265
iter 25: upload_copy_time_cuda = 0.001796
iter 25: per_iter_time_cuda = 0.025078

iter 26: slack_cuda = -0.003843
iter 26: cpu_time_cuda = 0.007990
iter 26: gpu_time_cuda = 0.011833
iter 26: download_copy_time_cuda = 0.001220
iter 26: upload_copy_time_cuda = 0.001772
iter 26: per_iter_time_cuda = 0.023922

iter 27: slack_cuda = -0.002375
iter 27: cpu_time_cuda = 0.007670
iter 27: gpu_time_cuda = 0.010045
iter 27: download_copy_time_cuda = 0.001188
iter 27: upload_copy_time_cuda = 0.001736
iter 27: per_iter_time_cuda = 0.021630

iter 28: slack_cuda = -0.002796
iter 28: cpu_time_cuda = 0.007376
iter 28: gpu_time_cuda = 0.010172
iter 28: download_copy_time_cuda = 0.001125
iter 28: upload_copy_time_cuda = 0.001717
iter 28: per_iter_time_cuda = 0.021443

iter 29: slack_cuda = -0.002388
iter 29: cpu_time_cuda = 0.007083
iter 29: gpu_time_cuda = 0.009470
iter 29: download_copy_time_cuda = 0.001107
iter 29: upload_copy_time_cuda = 0.001714
iter 29: per_iter_time_cuda = 0.020354

iter 30: slack_cuda = -0.001890
iter 30: cpu_time_cuda = 0.006796
iter 30: gpu_time_cuda = 0.008686
iter 30: download_copy_time_cuda = 0.001113
iter 30: upload_copy_time_cuda = 0.001670
iter 30: per_iter_time_cuda = 0.019301

iter 31: slack_cuda = -0.000497
iter 31: cpu_time_cuda = 0.006477
iter 31: gpu_time_cuda = 0.006974
iter 31: download_copy_time_cuda = 0.001052
iter 31: upload_copy_time_cuda = 0.001653
iter 31: per_iter_time_cuda = 0.017087

iter 32: slack_cuda = -0.000901
iter 32: cpu_time_cuda = 0.006284
iter 32: gpu_time_cuda = 0.007184
iter 32: download_copy_time_cuda = 0.001007
iter 32: upload_copy_time_cuda = 0.001632
iter 32: per_iter_time_cuda = 0.017084

iter 33: slack_cuda = -0.000536
iter 33: cpu_time_cuda = 0.005968
iter 33: gpu_time_cuda = 0.006504
iter 33: download_copy_time_cuda = 0.000948
iter 33: upload_copy_time_cuda = 0.001620
iter 33: per_iter_time_cuda = 0.015937

iter 34: slack_cuda = -0.000167
iter 34: cpu_time_cuda = 0.005661
iter 34: gpu_time_cuda = 0.005828
iter 34: download_copy_time_cuda = 0.000923
iter 34: upload_copy_time_cuda = 0.001611
iter 34: per_iter_time_cuda = 0.014872

iter 35: slack_cuda = 0.000561
iter 35: cpu_time_cuda = 0.005326
iter 35: gpu_time_cuda = 0.004765
iter 35: download_copy_time_cuda = 0.000882
iter 35: upload_copy_time_cuda = 0.001598
iter 35: per_iter_time_cuda = 0.013346

iter 36: slack_cuda = 0.000257
iter 36: cpu_time_cuda = 0.005027
iter 36: gpu_time_cuda = 0.004771
iter 36: download_copy_time_cuda = 0.000841
iter 36: upload_copy_time_cuda = 0.001546
iter 36: per_iter_time_cuda = 0.012972

iter 37: slack_cuda = 0.000583
iter 37: cpu_time_cuda = 0.004771
iter 37: gpu_time_cuda = 0.004188
iter 37: download_copy_time_cuda = 0.000844
iter 37: upload_copy_time_cuda = 0.001566
iter 37: per_iter_time_cuda = 0.012094

iter 38: slack_cuda = 0.000745
iter 38: cpu_time_cuda = 0.004381
iter 38: gpu_time_cuda = 0.003636
iter 38: download_copy_time_cuda = 0.000810
iter 38: upload_copy_time_cuda = 0.001520
iter 38: per_iter_time_cuda = 0.011085

iter 39: slack_cuda = 0.001158
iter 39: cpu_time_cuda = 0.004109
iter 39: gpu_time_cuda = 0.002951
iter 39: download_copy_time_cuda = 0.000796
iter 39: upload_copy_time_cuda = 0.001521
iter 39: per_iter_time_cuda = 0.010071

iter 40: slack_cuda = 0.001112
iter 40: cpu_time_cuda = 0.003800
iter 40: gpu_time_cuda = 0.002688
iter 40: download_copy_time_cuda = 0.000775
iter 40: upload_copy_time_cuda = 0.001475
iter 40: per_iter_time_cuda = 0.009453

iter 41: slack_cuda = 0.001093
iter 41: cpu_time_cuda = 0.003512
iter 41: gpu_time_cuda = 0.002420
iter 41: download_copy_time_cuda = 0.000755
iter 41: upload_copy_time_cuda = 0.001508
iter 41: per_iter_time_cuda = 0.008852

iter 42: slack_cuda = 0.001331
iter 42: cpu_time_cuda = 0.003246
iter 42: gpu_time_cuda = 0.001914
iter 42: download_copy_time_cuda = 0.000743
iter 42: upload_copy_time_cuda = 0.001469
iter 42: per_iter_time_cuda = 0.008045

iter 43: slack_cuda = 0.001331
iter 43: cpu_time_cuda = 0.002974
iter 43: gpu_time_cuda = 0.001643
iter 43: download_copy_time_cuda = 0.000280
iter 43: upload_copy_time_cuda = 0.001456
iter 43: per_iter_time_cuda = 0.007397

iter 44: slack_cuda = 0.001307
iter 44: cpu_time_cuda = 0.002688
iter 44: gpu_time_cuda = 0.001380
iter 44: download_copy_time_cuda = 0.000249
iter 44: upload_copy_time_cuda = 0.001446
iter 44: per_iter_time_cuda = 0.006394

iter 45: slack_cuda = 0.001300
iter 45: cpu_time_cuda = 0.002386
iter 45: gpu_time_cuda = 0.001086
iter 45: download_copy_time_cuda = 0.000231
iter 45: upload_copy_time_cuda = 0.001400
iter 45: per_iter_time_cuda = 0.005690

iter 46: slack_cuda = 0.001140
iter 46: cpu_time_cuda = 0.002083
iter 46: gpu_time_cuda = 0.000943
iter 46: download_copy_time_cuda = 0.000209
iter 46: upload_copy_time_cuda = 0.001382
iter 46: per_iter_time_cuda = 0.005201

iter 47: slack_cuda = 0.001218
iter 47: cpu_time_cuda = 0.001838
iter 47: gpu_time_cuda = 0.000621
iter 47: download_copy_time_cuda = 0.000203
iter 47: upload_copy_time_cuda = 0.001372
iter 47: per_iter_time_cuda = 0.004580

iter 48: slack_cuda = 0.001018
iter 48: cpu_time_cuda = 0.001567
iter 48: gpu_time_cuda = 0.000549
iter 48: download_copy_time_cuda = 0.000182
iter 48: upload_copy_time_cuda = 0.001372
iter 48: per_iter_time_cuda = 0.004238

iter 49: slack_cuda = 0.000825
iter 49: cpu_time_cuda = 0.001289
iter 49: gpu_time_cuda = 0.000464
iter 49: download_copy_time_cuda = 0.000175
iter 49: upload_copy_time_cuda = 0.001325
iter 49: per_iter_time_cuda = 0.003811

iter 50: slack_cuda = 0.000650
iter 50: cpu_time_cuda = 0.001047
iter 50: gpu_time_cuda = 0.000397
iter 50: download_copy_time_cuda = 0.000161
iter 50: upload_copy_time_cuda = 0.001271
iter 50: per_iter_time_cuda = 0.003369

total_slack_overflow = -0.376783
total_cpu_time_cuda = 0.402580
total_gpu_time_cuda = 0.763733
total_copy_time_cuda = 0.146692
main_loop_time_cuda = 1.376837
Normalized difference of predicted CPU runtime per iteration is: 0.000000%
Normalized difference of predicted GPU runtime per iteration is: 0.000000%
Normalized difference of predicted slack per iteration is: 0.000000%
 5120  5120     ---   (  ---  )     58.94 (   1.52)     ---   
total_time = 2.467375
2.17user 0.64system 0:04.14elapsed 68%CPU (0avgtext+0avgdata 358524maxresident)k
0inputs+0outputs (0major+71937minor)pagefaults 0swaps
send out message: 22 3 log
