send out message: 24 37 /home/lchen/MAGMA/magma-1.6.1/results
send out message: 20 26 MAGMA_LU_GPUDVFS.total.pwr
MAGMA 1.6.1  compiled for CUDA capability >= 3.0
CUDA runtime 5000, driver 6050. MAGMA not compiled with OpenMP. 
ndevices 1
device 0: Tesla K20c, 705.5 MHz clock, 4799.6 MB memory, capability 3.5
Usage: /home/lchen/MAGMA/magma-1.6.1/testing/testing_dgetrf [options] [-h|--help]

ngpu 1
    M     N   CPU GFlop/s (sec)   GPU GFlop/s (sec)   |PA-LU|/(N*|A|)
=========================================================================
init_time = 13.101038
iter 0: slack_cuda = 0.000000
iter 0: cpu_time_cuda = 0.000000
iter 0: gpu_time_cuda = 0.000000
iter 0: download_copy_time_cuda = 0.000000
iter 0: upload_copy_time_cuda = 0.003438
iter 0: per_iter_time_cuda = 0.005175

iter 1: slack_cuda = -0.064842
iter 1: cpu_time_cuda = 0.059338
iter 1: gpu_time_cuda = 0.124179
iter 1: download_copy_time_cuda = 0.003143
iter 1: upload_copy_time_cuda = 0.003447
iter 1: per_iter_time_cuda = 0.191542

iter 2: slack_cuda = -0.063385
iter 2: cpu_time_cuda = 0.059107
iter 2: gpu_time_cuda = 0.122492
iter 2: download_copy_time_cuda = 0.003143
iter 2: upload_copy_time_cuda = 0.003417
iter 2: per_iter_time_cuda = 0.189855

iter 3: slack_cuda = -0.060449
iter 3: cpu_time_cuda = 0.058759
iter 3: gpu_time_cuda = 0.119208
iter 3: download_copy_time_cuda = 0.003054
iter 3: upload_copy_time_cuda = 0.003410
iter 3: per_iter_time_cuda = 0.185831

iter 4: slack_cuda = -0.061772
iter 4: cpu_time_cuda = 0.058550
iter 4: gpu_time_cuda = 0.120322
iter 4: download_copy_time_cuda = 0.003076
iter 4: upload_copy_time_cuda = 0.003346
iter 4: per_iter_time_cuda = 0.186907

iter 5: slack_cuda = -0.060842
iter 5: cpu_time_cuda = 0.058266
iter 5: gpu_time_cuda = 0.119108
iter 5: download_copy_time_cuda = 0.003058
iter 5: upload_copy_time_cuda = 0.003392
iter 5: per_iter_time_cuda = 0.185279

iter 6: slack_cuda = -0.060297
iter 6: cpu_time_cuda = 0.057995
iter 6: gpu_time_cuda = 0.118293
iter 6: download_copy_time_cuda = 0.003063
iter 6: upload_copy_time_cuda = 0.003474
iter 6: per_iter_time_cuda = 0.184494

iter 7: slack_cuda = -0.056886
iter 7: cpu_time_cuda = 0.057769
iter 7: gpu_time_cuda = 0.114656
iter 7: download_copy_time_cuda = 0.003059
iter 7: upload_copy_time_cuda = 0.003330
iter 7: per_iter_time_cuda = 0.180214

iter 8: slack_cuda = -0.059154
iter 8: cpu_time_cuda = 0.057243
iter 8: gpu_time_cuda = 0.116397
iter 8: download_copy_time_cuda = 0.003015
iter 8: upload_copy_time_cuda = 0.003270
iter 8: per_iter_time_cuda = 0.181581

iter 9: slack_cuda = -0.057253
iter 9: cpu_time_cuda = 0.057159
iter 9: gpu_time_cuda = 0.114412
iter 9: download_copy_time_cuda = 0.003022
iter 9: upload_copy_time_cuda = 0.003315
iter 9: per_iter_time_cuda = 0.179260

iter 10: slack_cuda = -0.056838
iter 10: cpu_time_cuda = 0.056930
iter 10: gpu_time_cuda = 0.113769
iter 10: download_copy_time_cuda = 0.002979
iter 10: upload_copy_time_cuda = 0.003284
iter 10: per_iter_time_cuda = 0.178637

iter 11: slack_cuda = -0.052997
iter 11: cpu_time_cuda = 0.056603
iter 11: gpu_time_cuda = 0.109600
iter 11: download_copy_time_cuda = 0.002998
iter 11: upload_copy_time_cuda = 0.003291
iter 11: per_iter_time_cuda = 0.173807

iter 12: slack_cuda = -0.055197
iter 12: cpu_time_cuda = 0.056169
iter 12: gpu_time_cuda = 0.111366
iter 12: download_copy_time_cuda = 0.003068
iter 12: upload_copy_time_cuda = 0.003194
iter 12: per_iter_time_cuda = 0.175511

iter 13: slack_cuda = -0.054261
iter 13: cpu_time_cuda = 0.055938
iter 13: gpu_time_cuda = 0.110199
iter 13: download_copy_time_cuda = 0.002956
iter 13: upload_copy_time_cuda = 0.003243
iter 13: per_iter_time_cuda = 0.173660

iter 14: slack_cuda = -0.053472
iter 14: cpu_time_cuda = 0.055714
iter 14: gpu_time_cuda = 0.109186
iter 14: download_copy_time_cuda = 0.002922
iter 14: upload_copy_time_cuda = 0.003231
iter 14: per_iter_time_cuda = 0.172772

iter 15: slack_cuda = -0.049499
iter 15: cpu_time_cuda = 0.055272
iter 15: gpu_time_cuda = 0.104771
iter 15: download_copy_time_cuda = 0.002943
iter 15: upload_copy_time_cuda = 0.003214
iter 15: per_iter_time_cuda = 0.167539

iter 16: slack_cuda = -0.051897
iter 16: cpu_time_cuda = 0.055150
iter 16: gpu_time_cuda = 0.107048
iter 16: download_copy_time_cuda = 0.002908
iter 16: upload_copy_time_cuda = 0.003172
iter 16: per_iter_time_cuda = 0.169924

iter 17: slack_cuda = -0.051083
iter 17: cpu_time_cuda = 0.054761
iter 17: gpu_time_cuda = 0.105844
iter 17: download_copy_time_cuda = 0.002875
iter 17: upload_copy_time_cuda = 0.003176
iter 17: per_iter_time_cuda = 0.167974

iter 18: slack_cuda = -0.049786
iter 18: cpu_time_cuda = 0.054541
iter 18: gpu_time_cuda = 0.104328
iter 18: download_copy_time_cuda = 0.002891
iter 18: upload_copy_time_cuda = 0.003141
iter 18: per_iter_time_cuda = 0.166463

iter 19: slack_cuda = -0.046554
iter 19: cpu_time_cuda = 0.054281
iter 19: gpu_time_cuda = 0.100835
iter 19: download_copy_time_cuda = 0.002854
iter 19: upload_copy_time_cuda = 0.003165
iter 19: per_iter_time_cuda = 0.162648

iter 20: slack_cuda = -0.048500
iter 20: cpu_time_cuda = 0.053971
iter 20: gpu_time_cuda = 0.102471
iter 20: download_copy_time_cuda = 0.002875
iter 20: upload_copy_time_cuda = 0.003098
iter 20: per_iter_time_cuda = 0.164307

iter 21: slack_cuda = -0.047597
iter 21: cpu_time_cuda = 0.053702
iter 21: gpu_time_cuda = 0.101299
iter 21: download_copy_time_cuda = 0.002838
iter 21: upload_copy_time_cuda = 0.003142
iter 21: per_iter_time_cuda = 0.162358

iter 22: slack_cuda = -0.046680
iter 22: cpu_time_cuda = 0.053466
iter 22: gpu_time_cuda = 0.100146
iter 22: download_copy_time_cuda = 0.002836
iter 22: upload_copy_time_cuda = 0.003100
iter 22: per_iter_time_cuda = 0.161086

iter 23: slack_cuda = -0.043526
iter 23: cpu_time_cuda = 0.053164
iter 23: gpu_time_cuda = 0.096690
iter 23: download_copy_time_cuda = 0.002837
iter 23: upload_copy_time_cuda = 0.003069
iter 23: per_iter_time_cuda = 0.157037

iter 24: slack_cuda = -0.045838
iter 24: cpu_time_cuda = 0.052665
iter 24: gpu_time_cuda = 0.098503
iter 24: download_copy_time_cuda = 0.002878
iter 24: upload_copy_time_cuda = 0.003023
iter 24: per_iter_time_cuda = 0.158611

iter 25: slack_cuda = -0.044142
iter 25: cpu_time_cuda = 0.052659
iter 25: gpu_time_cuda = 0.096801
iter 25: download_copy_time_cuda = 0.002801
iter 25: upload_copy_time_cuda = 0.003074
iter 25: per_iter_time_cuda = 0.156613

iter 26: slack_cuda = -0.043994
iter 26: cpu_time_cuda = 0.052235
iter 26: gpu_time_cuda = 0.096229
iter 26: download_copy_time_cuda = 0.002739
iter 26: upload_copy_time_cuda = 0.003057
iter 26: per_iter_time_cuda = 0.155842

iter 27: slack_cuda = -0.040501
iter 27: cpu_time_cuda = 0.052070
iter 27: gpu_time_cuda = 0.092571
iter 27: download_copy_time_cuda = 0.002764
iter 27: upload_copy_time_cuda = 0.003050
iter 27: per_iter_time_cuda = 0.151680

iter 28: slack_cuda = -0.042177
iter 28: cpu_time_cuda = 0.051763
iter 28: gpu_time_cuda = 0.093940
iter 28: download_copy_time_cuda = 0.002696
iter 28: upload_copy_time_cuda = 0.002968
iter 28: per_iter_time_cuda = 0.152956

iter 29: slack_cuda = -0.041122
iter 29: cpu_time_cuda = 0.051490
iter 29: gpu_time_cuda = 0.092612
iter 29: download_copy_time_cuda = 0.002758
iter 29: upload_copy_time_cuda = 0.003009
iter 29: per_iter_time_cuda = 0.151112

iter 30: slack_cuda = -0.041115
iter 30: cpu_time_cuda = 0.051163
iter 30: gpu_time_cuda = 0.092278
iter 30: download_copy_time_cuda = 0.002711
iter 30: upload_copy_time_cuda = 0.002969
iter 30: per_iter_time_cuda = 0.150745

iter 31: slack_cuda = -0.037033
iter 31: cpu_time_cuda = 0.050885
iter 31: gpu_time_cuda = 0.087918
iter 31: download_copy_time_cuda = 0.002711
iter 31: upload_copy_time_cuda = 0.002959
iter 31: per_iter_time_cuda = 0.145738

iter 32: slack_cuda = -0.038980
iter 32: cpu_time_cuda = 0.050517
iter 32: gpu_time_cuda = 0.089497
iter 32: download_copy_time_cuda = 0.002704
iter 32: upload_copy_time_cuda = 0.003010
iter 32: per_iter_time_cuda = 0.147253

iter 33: slack_cuda = -0.038349
iter 33: cpu_time_cuda = 0.050255
iter 33: gpu_time_cuda = 0.088604
iter 33: download_copy_time_cuda = 0.002641
iter 33: upload_copy_time_cuda = 0.002955
iter 33: per_iter_time_cuda = 0.145717

iter 34: slack_cuda = -0.037918
iter 34: cpu_time_cuda = 0.049985
iter 34: gpu_time_cuda = 0.087903
iter 34: download_copy_time_cuda = 0.002670
iter 34: upload_copy_time_cuda = 0.002898
iter 34: per_iter_time_cuda = 0.144919

iter 35: slack_cuda = -0.035025
iter 35: cpu_time_cuda = 0.049712
iter 35: gpu_time_cuda = 0.084737
iter 35: download_copy_time_cuda = 0.002595
iter 35: upload_copy_time_cuda = 0.002891
iter 35: per_iter_time_cuda = 0.141191

iter 36: slack_cuda = -0.036016
iter 36: cpu_time_cuda = 0.049465
iter 36: gpu_time_cuda = 0.085481
iter 36: download_copy_time_cuda = 0.002702
iter 36: upload_copy_time_cuda = 0.002886
iter 36: per_iter_time_cuda = 0.141973

iter 37: slack_cuda = -0.035788
iter 37: cpu_time_cuda = 0.049238
iter 37: gpu_time_cuda = 0.085027
iter 37: download_copy_time_cuda = 0.002599
iter 37: upload_copy_time_cuda = 0.002879
iter 37: per_iter_time_cuda = 0.141020

iter 38: slack_cuda = -0.035054
iter 38: cpu_time_cuda = 0.048927
iter 38: gpu_time_cuda = 0.083981
iter 38: download_copy_time_cuda = 0.002616
iter 38: upload_copy_time_cuda = 0.002872
iter 38: per_iter_time_cuda = 0.139829

iter 39: slack_cuda = -0.032096
iter 39: cpu_time_cuda = 0.048571
iter 39: gpu_time_cuda = 0.080667
iter 39: download_copy_time_cuda = 0.002579
iter 39: upload_copy_time_cuda = 0.002821
iter 39: per_iter_time_cuda = 0.135912

iter 40: slack_cuda = -0.034135
iter 40: cpu_time_cuda = 0.048323
iter 40: gpu_time_cuda = 0.082458
iter 40: download_copy_time_cuda = 0.002561
iter 40: upload_copy_time_cuda = 0.002794
iter 40: per_iter_time_cuda = 0.137982

iter 41: slack_cuda = -0.033071
iter 41: cpu_time_cuda = 0.047801
iter 41: gpu_time_cuda = 0.080872
iter 41: download_copy_time_cuda = 0.002675
iter 41: upload_copy_time_cuda = 0.002834
iter 41: per_iter_time_cuda = 0.135380

iter 42: slack_cuda = -0.032135
iter 42: cpu_time_cuda = 0.047786
iter 42: gpu_time_cuda = 0.079921
iter 42: download_copy_time_cuda = 0.002537
iter 42: upload_copy_time_cuda = 0.002801
iter 42: per_iter_time_cuda = 0.134467

iter 43: slack_cuda = -0.029451
iter 43: cpu_time_cuda = 0.047475
iter 43: gpu_time_cuda = 0.076926
iter 43: download_copy_time_cuda = 0.002535
iter 43: upload_copy_time_cuda = 0.002781
iter 43: per_iter_time_cuda = 0.130858

iter 44: slack_cuda = -0.031111
iter 44: cpu_time_cuda = 0.047230
iter 44: gpu_time_cuda = 0.078342
iter 44: download_copy_time_cuda = 0.002565
iter 44: upload_copy_time_cuda = 0.002714
iter 44: per_iter_time_cuda = 0.132305

iter 45: slack_cuda = -0.030120
iter 45: cpu_time_cuda = 0.046857
iter 45: gpu_time_cuda = 0.076977
iter 45: download_copy_time_cuda = 0.002516
iter 45: upload_copy_time_cuda = 0.002725
iter 45: per_iter_time_cuda = 0.130190

iter 46: slack_cuda = -0.029463
iter 46: cpu_time_cuda = 0.046610
iter 46: gpu_time_cuda = 0.076073
iter 46: download_copy_time_cuda = 0.002462
iter 46: upload_copy_time_cuda = 0.002764
iter 46: per_iter_time_cuda = 0.129346

iter 47: slack_cuda = -0.027136
iter 47: cpu_time_cuda = 0.046110
iter 47: gpu_time_cuda = 0.073246
iter 47: download_copy_time_cuda = 0.002487
iter 47: upload_copy_time_cuda = 0.002707
iter 47: per_iter_time_cuda = 0.125657

iter 48: slack_cuda = -0.028156
iter 48: cpu_time_cuda = 0.046119
iter 48: gpu_time_cuda = 0.074275
iter 48: download_copy_time_cuda = 0.002477
iter 48: upload_copy_time_cuda = 0.002655
iter 48: per_iter_time_cuda = 0.126931

iter 49: slack_cuda = -0.027580
iter 49: cpu_time_cuda = 0.045747
iter 49: gpu_time_cuda = 0.073327
iter 49: download_copy_time_cuda = 0.002425
iter 49: upload_copy_time_cuda = 0.002697
iter 49: per_iter_time_cuda = 0.125340

iter 50: slack_cuda = -0.026705
iter 50: cpu_time_cuda = 0.045561
iter 50: gpu_time_cuda = 0.072266
iter 50: download_copy_time_cuda = 0.002439
iter 50: upload_copy_time_cuda = 0.002647
iter 50: per_iter_time_cuda = 0.124272

iter 51: slack_cuda = -0.024578
iter 51: cpu_time_cuda = 0.045248
iter 51: gpu_time_cuda = 0.069826
iter 51: download_copy_time_cuda = 0.002393
iter 51: upload_copy_time_cuda = 0.002648
iter 51: per_iter_time_cuda = 0.121254

iter 52: slack_cuda = -0.025392
iter 52: cpu_time_cuda = 0.044945
iter 52: gpu_time_cuda = 0.070338
iter 52: download_copy_time_cuda = 0.002425
iter 52: upload_copy_time_cuda = 0.002615
iter 52: per_iter_time_cuda = 0.121620

iter 53: slack_cuda = -0.025377
iter 53: cpu_time_cuda = 0.044611
iter 53: gpu_time_cuda = 0.069988
iter 53: download_copy_time_cuda = 0.002363
iter 53: upload_copy_time_cuda = 0.002596
iter 53: per_iter_time_cuda = 0.120700

iter 54: slack_cuda = -0.024504
iter 54: cpu_time_cuda = 0.044357
iter 54: gpu_time_cuda = 0.068861
iter 54: download_copy_time_cuda = 0.002400
iter 54: upload_copy_time_cuda = 0.002613
iter 54: per_iter_time_cuda = 0.119506

iter 55: slack_cuda = -0.021959
iter 55: cpu_time_cuda = 0.044091
iter 55: gpu_time_cuda = 0.066050
iter 55: download_copy_time_cuda = 0.002352
iter 55: upload_copy_time_cuda = 0.002571
iter 55: per_iter_time_cuda = 0.116181

iter 56: slack_cuda = -0.023307
iter 56: cpu_time_cuda = 0.043757
iter 56: gpu_time_cuda = 0.067064
iter 56: download_copy_time_cuda = 0.002357
iter 56: upload_copy_time_cuda = 0.002553
iter 56: per_iter_time_cuda = 0.117029

iter 57: slack_cuda = -0.022599
iter 57: cpu_time_cuda = 0.043547
iter 57: gpu_time_cuda = 0.066146
iter 57: download_copy_time_cuda = 0.002397
iter 57: upload_copy_time_cuda = 0.002561
iter 57: per_iter_time_cuda = 0.115748

iter 58: slack_cuda = -0.022287
iter 58: cpu_time_cuda = 0.043226
iter 58: gpu_time_cuda = 0.065513
iter 58: download_copy_time_cuda = 0.002291
iter 58: upload_copy_time_cuda = 0.002519
iter 58: per_iter_time_cuda = 0.114838

iter 59: slack_cuda = -0.019783
iter 59: cpu_time_cuda = 0.042931
iter 59: gpu_time_cuda = 0.062714
iter 59: download_copy_time_cuda = 0.002363
iter 59: upload_copy_time_cuda = 0.002500
iter 59: per_iter_time_cuda = 0.111549

iter 60: slack_cuda = -0.021158
iter 60: cpu_time_cuda = 0.042628
iter 60: gpu_time_cuda = 0.063786
iter 60: download_copy_time_cuda = 0.002251
iter 60: upload_copy_time_cuda = 0.002444
iter 60: per_iter_time_cuda = 0.112732

iter 61: slack_cuda = -0.020277
iter 61: cpu_time_cuda = 0.042337
iter 61: gpu_time_cuda = 0.062614
iter 61: download_copy_time_cuda = 0.002361
iter 61: upload_copy_time_cuda = 0.002462
iter 61: per_iter_time_cuda = 0.110949

iter 62: slack_cuda = -0.019894
iter 62: cpu_time_cuda = 0.042081
iter 62: gpu_time_cuda = 0.061974
iter 62: download_copy_time_cuda = 0.002237
iter 62: upload_copy_time_cuda = 0.002451
iter 62: per_iter_time_cuda = 0.110084

iter 63: slack_cuda = -0.017033
iter 63: cpu_time_cuda = 0.041811
iter 63: gpu_time_cuda = 0.058843
iter 63: download_copy_time_cuda = 0.002251
iter 63: upload_copy_time_cuda = 0.002441
iter 63: per_iter_time_cuda = 0.106379

iter 64: slack_cuda = -0.018497
iter 64: cpu_time_cuda = 0.041552
iter 64: gpu_time_cuda = 0.060049
iter 64: download_copy_time_cuda = 0.002224
iter 64: upload_copy_time_cuda = 0.002376
iter 64: per_iter_time_cuda = 0.107468

iter 65: slack_cuda = -0.018069
iter 65: cpu_time_cuda = 0.041335
iter 65: gpu_time_cuda = 0.059404
iter 65: download_copy_time_cuda = 0.002282
iter 65: upload_copy_time_cuda = 0.002479
iter 65: per_iter_time_cuda = 0.106521

iter 66: slack_cuda = -0.017312
iter 66: cpu_time_cuda = 0.041018
iter 66: gpu_time_cuda = 0.058330
iter 66: download_copy_time_cuda = 0.002219
iter 66: upload_copy_time_cuda = 0.002377
iter 66: per_iter_time_cuda = 0.105186

iter 67: slack_cuda = -0.015808
iter 67: cpu_time_cuda = 0.040611
iter 67: gpu_time_cuda = 0.056420
iter 67: download_copy_time_cuda = 0.002178
iter 67: upload_copy_time_cuda = 0.002365
iter 67: per_iter_time_cuda = 0.102593

iter 68: slack_cuda = -0.016396
iter 68: cpu_time_cuda = 0.040374
iter 68: gpu_time_cuda = 0.056770
iter 68: download_copy_time_cuda = 0.002197
iter 68: upload_copy_time_cuda = 0.002309
iter 68: per_iter_time_cuda = 0.102847

iter 69: slack_cuda = -0.015904
iter 69: cpu_time_cuda = 0.040004
iter 69: gpu_time_cuda = 0.055908
iter 69: download_copy_time_cuda = 0.002139
iter 69: upload_copy_time_cuda = 0.002323
iter 69: per_iter_time_cuda = 0.101434

iter 70: slack_cuda = -0.015592
iter 70: cpu_time_cuda = 0.039789
iter 70: gpu_time_cuda = 0.055381
iter 70: download_copy_time_cuda = 0.002157
iter 70: upload_copy_time_cuda = 0.002330
iter 70: per_iter_time_cuda = 0.100856

iter 71: slack_cuda = -0.014406
iter 71: cpu_time_cuda = 0.039302
iter 71: gpu_time_cuda = 0.053709
iter 71: download_copy_time_cuda = 0.002124
iter 71: upload_copy_time_cuda = 0.002297
iter 71: per_iter_time_cuda = 0.098449

iter 72: slack_cuda = -0.014716
iter 72: cpu_time_cuda = 0.039213
iter 72: gpu_time_cuda = 0.053928
iter 72: download_copy_time_cuda = 0.002118
iter 72: upload_copy_time_cuda = 0.002278
iter 72: per_iter_time_cuda = 0.098725

iter 73: slack_cuda = -0.013909
iter 73: cpu_time_cuda = 0.038913
iter 73: gpu_time_cuda = 0.052821
iter 73: download_copy_time_cuda = 0.002118
iter 73: upload_copy_time_cuda = 0.002267
iter 73: per_iter_time_cuda = 0.097096

iter 74: slack_cuda = -0.013518
iter 74: cpu_time_cuda = 0.038694
iter 74: gpu_time_cuda = 0.052212
iter 74: download_copy_time_cuda = 0.002093
iter 74: upload_copy_time_cuda = 0.002248
iter 74: per_iter_time_cuda = 0.096413

iter 75: slack_cuda = -0.011679
iter 75: cpu_time_cuda = 0.038499
iter 75: gpu_time_cuda = 0.050178
iter 75: download_copy_time_cuda = 0.002077
iter 75: upload_copy_time_cuda = 0.002310
iter 75: per_iter_time_cuda = 0.093998

iter 76: slack_cuda = -0.012740
iter 76: cpu_time_cuda = 0.038041
iter 76: gpu_time_cuda = 0.050781
iter 76: download_copy_time_cuda = 0.002059
iter 76: upload_copy_time_cuda = 0.002166
iter 76: per_iter_time_cuda = 0.094257

iter 77: slack_cuda = -0.012184
iter 77: cpu_time_cuda = 0.037812
iter 77: gpu_time_cuda = 0.049996
iter 77: download_copy_time_cuda = 0.002066
iter 77: upload_copy_time_cuda = 0.002221
iter 77: per_iter_time_cuda = 0.093054

iter 78: slack_cuda = -0.011775
iter 78: cpu_time_cuda = 0.037367
iter 78: gpu_time_cuda = 0.049142
iter 78: download_copy_time_cuda = 0.002050
iter 78: upload_copy_time_cuda = 0.002203
iter 78: per_iter_time_cuda = 0.091966

iter 79: slack_cuda = -0.009774
iter 79: cpu_time_cuda = 0.037216
iter 79: gpu_time_cuda = 0.046990
iter 79: download_copy_time_cuda = 0.002027
iter 79: upload_copy_time_cuda = 0.002191
iter 79: per_iter_time_cuda = 0.089350

iter 80: slack_cuda = -0.010839
iter 80: cpu_time_cuda = 0.036937
iter 80: gpu_time_cuda = 0.047776
iter 80: download_copy_time_cuda = 0.001989
iter 80: upload_copy_time_cuda = 0.002136
iter 80: per_iter_time_cuda = 0.090071

iter 81: slack_cuda = -0.010324
iter 81: cpu_time_cuda = 0.036613
iter 81: gpu_time_cuda = 0.046937
iter 81: download_copy_time_cuda = 0.002002
iter 81: upload_copy_time_cuda = 0.002134
iter 81: per_iter_time_cuda = 0.088792

iter 82: slack_cuda = -0.009502
iter 82: cpu_time_cuda = 0.036389
iter 82: gpu_time_cuda = 0.045891
iter 82: download_copy_time_cuda = 0.001981
iter 82: upload_copy_time_cuda = 0.002125
iter 82: per_iter_time_cuda = 0.087506

iter 83: slack_cuda = -0.008045
iter 83: cpu_time_cuda = 0.036137
iter 83: gpu_time_cuda = 0.044181
iter 83: download_copy_time_cuda = 0.001939
iter 83: upload_copy_time_cuda = 0.002111
iter 83: per_iter_time_cuda = 0.085334

iter 84: slack_cuda = -0.008851
iter 84: cpu_time_cuda = 0.035805
iter 84: gpu_time_cuda = 0.044656
iter 84: download_copy_time_cuda = 0.001944
iter 84: upload_copy_time_cuda = 0.002057
iter 84: per_iter_time_cuda = 0.085550

iter 85: slack_cuda = -0.008430
iter 85: cpu_time_cuda = 0.035551
iter 85: gpu_time_cuda = 0.043981
iter 85: download_copy_time_cuda = 0.001912
iter 85: upload_copy_time_cuda = 0.002091
iter 85: per_iter_time_cuda = 0.084510

iter 86: slack_cuda = -0.007886
iter 86: cpu_time_cuda = 0.035288
iter 86: gpu_time_cuda = 0.043174
iter 86: download_copy_time_cuda = 0.001943
iter 86: upload_copy_time_cuda = 0.001858
iter 86: per_iter_time_cuda = 0.083384

iter 87: slack_cuda = -0.006550
iter 87: cpu_time_cuda = 0.034934
iter 87: gpu_time_cuda = 0.041484
iter 87: download_copy_time_cuda = 0.001695
iter 87: upload_copy_time_cuda = 0.001843
iter 87: per_iter_time_cuda = 0.080864

iter 88: slack_cuda = -0.007397
iter 88: cpu_time_cuda = 0.034652
iter 88: gpu_time_cuda = 0.042048
iter 88: download_copy_time_cuda = 0.001678
iter 88: upload_copy_time_cuda = 0.001794
iter 88: per_iter_time_cuda = 0.081319

iter 89: slack_cuda = -0.006462
iter 89: cpu_time_cuda = 0.034389
iter 89: gpu_time_cuda = 0.040851
iter 89: download_copy_time_cuda = 0.001690
iter 89: upload_copy_time_cuda = 0.001822
iter 89: per_iter_time_cuda = 0.079661

iter 90: slack_cuda = -0.006969
iter 90: cpu_time_cuda = 0.033828
iter 90: gpu_time_cuda = 0.040797
iter 90: download_copy_time_cuda = 0.001644
iter 90: upload_copy_time_cuda = 0.001793
iter 90: per_iter_time_cuda = 0.079182

iter 91: slack_cuda = -0.005093
iter 91: cpu_time_cuda = 0.033843
iter 91: gpu_time_cuda = 0.038936
iter 91: download_copy_time_cuda = 0.001656
iter 91: upload_copy_time_cuda = 0.001808
iter 91: per_iter_time_cuda = 0.077131

iter 92: slack_cuda = -0.005488
iter 92: cpu_time_cuda = 0.033535
iter 92: gpu_time_cuda = 0.039023
iter 92: download_copy_time_cuda = 0.001602
iter 92: upload_copy_time_cuda = 0.001730
iter 92: per_iter_time_cuda = 0.077035

iter 93: slack_cuda = -0.005305
iter 93: cpu_time_cuda = 0.033110
iter 93: gpu_time_cuda = 0.038416
iter 93: download_copy_time_cuda = 0.001628
iter 93: upload_copy_time_cuda = 0.001756
iter 93: per_iter_time_cuda = 0.075787

iter 94: slack_cuda = -0.005250
iter 94: cpu_time_cuda = 0.032987
iter 94: gpu_time_cuda = 0.038236
iter 94: download_copy_time_cuda = 0.001592
iter 94: upload_copy_time_cuda = 0.001734
iter 94: per_iter_time_cuda = 0.075684

iter 95: slack_cuda = -0.003183
iter 95: cpu_time_cuda = 0.032638
iter 95: gpu_time_cuda = 0.035822
iter 95: download_copy_time_cuda = 0.001594
iter 95: upload_copy_time_cuda = 0.001725
iter 95: per_iter_time_cuda = 0.072654

iter 96: slack_cuda = -0.004228
iter 96: cpu_time_cuda = 0.032093
iter 96: gpu_time_cuda = 0.036321
iter 96: download_copy_time_cuda = 0.001568
iter 96: upload_copy_time_cuda = 0.001675
iter 96: per_iter_time_cuda = 0.072704

iter 97: slack_cuda = -0.003752
iter 97: cpu_time_cuda = 0.032078
iter 97: gpu_time_cuda = 0.035830
iter 97: download_copy_time_cuda = 0.001557
iter 97: upload_copy_time_cuda = 0.001696
iter 97: per_iter_time_cuda = 0.072082

iter 98: slack_cuda = -0.003368
iter 98: cpu_time_cuda = 0.031781
iter 98: gpu_time_cuda = 0.035149
iter 98: download_copy_time_cuda = 0.001550
iter 98: upload_copy_time_cuda = 0.001680
iter 98: per_iter_time_cuda = 0.071187

iter 99: slack_cuda = -0.002160
iter 99: cpu_time_cuda = 0.031490
iter 99: gpu_time_cuda = 0.033650
iter 99: download_copy_time_cuda = 0.001509
iter 99: upload_copy_time_cuda = 0.001665
iter 99: per_iter_time_cuda = 0.069191

iter 100: slack_cuda = -0.002662
iter 100: cpu_time_cuda = 0.031239
iter 100: gpu_time_cuda = 0.033901
iter 100: download_copy_time_cuda = 0.001520
iter 100: upload_copy_time_cuda = 0.001609
iter 100: per_iter_time_cuda = 0.069250

iter 101: slack_cuda = -0.002526
iter 101: cpu_time_cuda = 0.030851
iter 101: gpu_time_cuda = 0.033377
iter 101: download_copy_time_cuda = 0.001486
iter 101: upload_copy_time_cuda = 0.001627
iter 101: per_iter_time_cuda = 0.068344

iter 102: slack_cuda = -0.001988
iter 102: cpu_time_cuda = 0.030634
iter 102: gpu_time_cuda = 0.032621
iter 102: download_copy_time_cuda = 0.001499
iter 102: upload_copy_time_cuda = 0.001608
iter 102: per_iter_time_cuda = 0.067507

iter 103: slack_cuda = -0.000978
iter 103: cpu_time_cuda = 0.030334
iter 103: gpu_time_cuda = 0.031312
iter 103: download_copy_time_cuda = 0.001478
iter 103: upload_copy_time_cuda = 0.001594
iter 103: per_iter_time_cuda = 0.065543

iter 104: slack_cuda = -0.001649
iter 104: cpu_time_cuda = 0.030060
iter 104: gpu_time_cuda = 0.031709
iter 104: download_copy_time_cuda = 0.001447
iter 104: upload_copy_time_cuda = 0.001546
iter 104: per_iter_time_cuda = 0.065762

iter 105: slack_cuda = -0.000935
iter 105: cpu_time_cuda = 0.029790
iter 105: gpu_time_cuda = 0.030725
iter 105: download_copy_time_cuda = 0.001466
iter 105: upload_copy_time_cuda = 0.001572
iter 105: per_iter_time_cuda = 0.064358

iter 106: slack_cuda = -0.000845
iter 106: cpu_time_cuda = 0.029375
iter 106: gpu_time_cuda = 0.030219
iter 106: download_copy_time_cuda = 0.001416
iter 106: upload_copy_time_cuda = 0.001549
iter 106: per_iter_time_cuda = 0.063556

iter 107: slack_cuda = 0.000304
iter 107: cpu_time_cuda = 0.029181
iter 107: gpu_time_cuda = 0.028877
iter 107: download_copy_time_cuda = 0.001431
iter 107: upload_copy_time_cuda = 0.001538
iter 107: per_iter_time_cuda = 0.061817

iter 108: slack_cuda = -0.000717
iter 108: cpu_time_cuda = 0.028785
iter 108: gpu_time_cuda = 0.029502
iter 108: download_copy_time_cuda = 0.001380
iter 108: upload_copy_time_cuda = 0.001486
iter 108: per_iter_time_cuda = 0.062137

iter 109: slack_cuda = 0.000159
iter 109: cpu_time_cuda = 0.028578
iter 109: gpu_time_cuda = 0.028419
iter 109: download_copy_time_cuda = 0.001395
iter 109: upload_copy_time_cuda = 0.001508
iter 109: per_iter_time_cuda = 0.060692

iter 110: slack_cuda = 0.000154
iter 110: cpu_time_cuda = 0.028232
iter 110: gpu_time_cuda = 0.028078
iter 110: download_copy_time_cuda = 0.001370
iter 110: upload_copy_time_cuda = 0.001489
iter 110: per_iter_time_cuda = 0.060187

iter 111: slack_cuda = 0.001009
iter 111: cpu_time_cuda = 0.027979
iter 111: gpu_time_cuda = 0.026970
iter 111: download_copy_time_cuda = 0.001376
iter 111: upload_copy_time_cuda = 0.001480
iter 111: per_iter_time_cuda = 0.058648

iter 112: slack_cuda = 0.000775
iter 112: cpu_time_cuda = 0.027672
iter 112: gpu_time_cuda = 0.026897
iter 112: download_copy_time_cuda = 0.001348
iter 112: upload_copy_time_cuda = 0.001431
iter 112: per_iter_time_cuda = 0.058283

iter 113: slack_cuda = 0.001128
iter 113: cpu_time_cuda = 0.027427
iter 113: gpu_time_cuda = 0.026299
iter 113: download_copy_time_cuda = 0.001321
iter 113: upload_copy_time_cuda = 0.001446
iter 113: per_iter_time_cuda = 0.057300

iter 114: slack_cuda = 0.001554
iter 114: cpu_time_cuda = 0.027210
iter 114: gpu_time_cuda = 0.025656
iter 114: download_copy_time_cuda = 0.001318
iter 114: upload_copy_time_cuda = 0.001429
iter 114: per_iter_time_cuda = 0.056515

iter 115: slack_cuda = 0.002130
iter 115: cpu_time_cuda = 0.026850
iter 115: gpu_time_cuda = 0.024720
iter 115: download_copy_time_cuda = 0.001285
iter 115: upload_copy_time_cuda = 0.001412
iter 115: per_iter_time_cuda = 0.055066

iter 116: slack_cuda = 0.002040
iter 116: cpu_time_cuda = 0.026555
iter 116: gpu_time_cuda = 0.024515
iter 116: download_copy_time_cuda = 0.001289
iter 116: upload_copy_time_cuda = 0.001375
iter 116: per_iter_time_cuda = 0.054606

iter 117: slack_cuda = 0.001998
iter 117: cpu_time_cuda = 0.026268
iter 117: gpu_time_cuda = 0.024270
iter 117: download_copy_time_cuda = 0.001263
iter 117: upload_copy_time_cuda = 0.001383
iter 117: per_iter_time_cuda = 0.053974

iter 118: slack_cuda = 0.002344
iter 118: cpu_time_cuda = 0.026026
iter 118: gpu_time_cuda = 0.023682
iter 118: download_copy_time_cuda = 0.001264
iter 118: upload_copy_time_cuda = 0.001368
iter 118: per_iter_time_cuda = 0.053233

iter 119: slack_cuda = 0.003218
iter 119: cpu_time_cuda = 0.025722
iter 119: gpu_time_cuda = 0.022504
iter 119: download_copy_time_cuda = 0.001242
iter 119: upload_copy_time_cuda = 0.001356
iter 119: per_iter_time_cuda = 0.051585

iter 120: slack_cuda = 0.002727
iter 120: cpu_time_cuda = 0.025378
iter 120: gpu_time_cuda = 0.022650
iter 120: download_copy_time_cuda = 0.001228
iter 120: upload_copy_time_cuda = 0.001308
iter 120: per_iter_time_cuda = 0.051454

iter 121: slack_cuda = 0.003001
iter 121: cpu_time_cuda = 0.025179
iter 121: gpu_time_cuda = 0.022178
iter 121: download_copy_time_cuda = 0.001230
iter 121: upload_copy_time_cuda = 0.001326
iter 121: per_iter_time_cuda = 0.050670

iter 122: slack_cuda = 0.002995
iter 122: cpu_time_cuda = 0.024683
iter 122: gpu_time_cuda = 0.021688
iter 122: download_copy_time_cuda = 0.001210
iter 122: upload_copy_time_cuda = 0.001306
iter 122: per_iter_time_cuda = 0.049909

iter 123: slack_cuda = 0.004108
iter 123: cpu_time_cuda = 0.024556
iter 123: gpu_time_cuda = 0.020447
iter 123: download_copy_time_cuda = 0.001197
iter 123: upload_copy_time_cuda = 0.001291
iter 123: per_iter_time_cuda = 0.048176

iter 124: slack_cuda = 0.003655
iter 124: cpu_time_cuda = 0.024242
iter 124: gpu_time_cuda = 0.020587
iter 124: download_copy_time_cuda = 0.001157
iter 124: upload_copy_time_cuda = 0.001246
iter 124: per_iter_time_cuda = 0.048070

iter 125: slack_cuda = 0.003807
iter 125: cpu_time_cuda = 0.023941
iter 125: gpu_time_cuda = 0.020133
iter 125: download_copy_time_cuda = 0.001172
iter 125: upload_copy_time_cuda = 0.001265
iter 125: per_iter_time_cuda = 0.047189

iter 126: slack_cuda = 0.003952
iter 126: cpu_time_cuda = 0.023666
iter 126: gpu_time_cuda = 0.019714
iter 126: download_copy_time_cuda = 0.001144
iter 126: upload_copy_time_cuda = 0.001241
iter 126: per_iter_time_cuda = 0.046613

iter 127: slack_cuda = 0.004858
iter 127: cpu_time_cuda = 0.023294
iter 127: gpu_time_cuda = 0.018436
iter 127: download_copy_time_cuda = 0.001140
iter 127: upload_copy_time_cuda = 0.001229
iter 127: per_iter_time_cuda = 0.044763

iter 128: slack_cuda = 0.004528
iter 128: cpu_time_cuda = 0.023180
iter 128: gpu_time_cuda = 0.018652
iter 128: download_copy_time_cuda = 0.001119
iter 128: upload_copy_time_cuda = 0.001187
iter 128: per_iter_time_cuda = 0.044936

iter 129: slack_cuda = 0.004555
iter 129: cpu_time_cuda = 0.022768
iter 129: gpu_time_cuda = 0.018214
iter 129: download_copy_time_cuda = 0.001108
iter 129: upload_copy_time_cuda = 0.001198
iter 129: per_iter_time_cuda = 0.043950

iter 130: slack_cuda = 0.004892
iter 130: cpu_time_cuda = 0.022541
iter 130: gpu_time_cuda = 0.017649
iter 130: download_copy_time_cuda = 0.001099
iter 130: upload_copy_time_cuda = 0.001184
iter 130: per_iter_time_cuda = 0.043241

iter 131: slack_cuda = 0.005196
iter 131: cpu_time_cuda = 0.022287
iter 131: gpu_time_cuda = 0.017091
iter 131: download_copy_time_cuda = 0.001066
iter 131: upload_copy_time_cuda = 0.001166
iter 131: per_iter_time_cuda = 0.042282

iter 132: slack_cuda = 0.005035
iter 132: cpu_time_cuda = 0.021933
iter 132: gpu_time_cuda = 0.016899
iter 132: download_copy_time_cuda = 0.001061
iter 132: upload_copy_time_cuda = 0.001147
iter 132: per_iter_time_cuda = 0.041798

iter 133: slack_cuda = 0.005217
iter 133: cpu_time_cuda = 0.021660
iter 133: gpu_time_cuda = 0.016443
iter 133: download_copy_time_cuda = 0.001049
iter 133: upload_copy_time_cuda = 0.001137
iter 133: per_iter_time_cuda = 0.040966

iter 134: slack_cuda = 0.005293
iter 134: cpu_time_cuda = 0.021407
iter 134: gpu_time_cuda = 0.016115
iter 134: download_copy_time_cuda = 0.001043
iter 134: upload_copy_time_cuda = 0.001120
iter 134: per_iter_time_cuda = 0.040426

iter 135: slack_cuda = 0.005772
iter 135: cpu_time_cuda = 0.021088
iter 135: gpu_time_cuda = 0.015315
iter 135: download_copy_time_cuda = 0.001018
iter 135: upload_copy_time_cuda = 0.001109
iter 135: per_iter_time_cuda = 0.039187

iter 136: slack_cuda = 0.005396
iter 136: cpu_time_cuda = 0.020728
iter 136: gpu_time_cuda = 0.015331
iter 136: download_copy_time_cuda = 0.001011
iter 136: upload_copy_time_cuda = 0.001067
iter 136: per_iter_time_cuda = 0.038871

iter 137: slack_cuda = 0.005672
iter 137: cpu_time_cuda = 0.020527
iter 137: gpu_time_cuda = 0.014855
iter 137: download_copy_time_cuda = 0.000999
iter 137: upload_copy_time_cuda = 0.001077
iter 137: per_iter_time_cuda = 0.038089

iter 138: slack_cuda = 0.005635
iter 138: cpu_time_cuda = 0.020119
iter 138: gpu_time_cuda = 0.014484
iter 138: download_copy_time_cuda = 0.000976
iter 138: upload_copy_time_cuda = 0.001057
iter 138: per_iter_time_cuda = 0.037371

iter 139: slack_cuda = 0.006329
iter 139: cpu_time_cuda = 0.019855
iter 139: gpu_time_cuda = 0.013526
iter 139: download_copy_time_cuda = 0.000972
iter 139: upload_copy_time_cuda = 0.001041
iter 139: per_iter_time_cuda = 0.036004

iter 140: slack_cuda = 0.005865
iter 140: cpu_time_cuda = 0.019604
iter 140: gpu_time_cuda = 0.013739
iter 140: download_copy_time_cuda = 0.000934
iter 140: upload_copy_time_cuda = 0.001004
iter 140: per_iter_time_cuda = 0.036012

iter 141: slack_cuda = 0.006030
iter 141: cpu_time_cuda = 0.019277
iter 141: gpu_time_cuda = 0.013247
iter 141: download_copy_time_cuda = 0.000940
iter 141: upload_copy_time_cuda = 0.001016
iter 141: per_iter_time_cuda = 0.035089

iter 142: slack_cuda = 0.006187
iter 142: cpu_time_cuda = 0.019009
iter 142: gpu_time_cuda = 0.012822
iter 142: download_copy_time_cuda = 0.000926
iter 142: upload_copy_time_cuda = 0.000997
iter 142: per_iter_time_cuda = 0.034595

iter 143: slack_cuda = 0.006719
iter 143: cpu_time_cuda = 0.018752
iter 143: gpu_time_cuda = 0.012033
iter 143: download_copy_time_cuda = 0.000920
iter 143: upload_copy_time_cuda = 0.000984
iter 143: per_iter_time_cuda = 0.033305

iter 144: slack_cuda = 0.006272
iter 144: cpu_time_cuda = 0.018340
iter 144: gpu_time_cuda = 0.012068
iter 144: download_copy_time_cuda = 0.000894
iter 144: upload_copy_time_cuda = 0.000949
iter 144: per_iter_time_cuda = 0.032937

iter 145: slack_cuda = 0.006383
iter 145: cpu_time_cuda = 0.018148
iter 145: gpu_time_cuda = 0.011765
iter 145: download_copy_time_cuda = 0.000874
iter 145: upload_copy_time_cuda = 0.000953
iter 145: per_iter_time_cuda = 0.032320

iter 146: slack_cuda = 0.006553
iter 146: cpu_time_cuda = 0.017869
iter 146: gpu_time_cuda = 0.011316
iter 146: download_copy_time_cuda = 0.000871
iter 146: upload_copy_time_cuda = 0.000935
iter 146: per_iter_time_cuda = 0.031659

iter 147: slack_cuda = 0.007046
iter 147: cpu_time_cuda = 0.017594
iter 147: gpu_time_cuda = 0.010549
iter 147: download_copy_time_cuda = 0.000846
iter 147: upload_copy_time_cuda = 0.000921
iter 147: per_iter_time_cuda = 0.030480

iter 148: slack_cuda = 0.006603
iter 148: cpu_time_cuda = 0.017226
iter 148: gpu_time_cuda = 0.010623
iter 148: download_copy_time_cuda = 0.000837
iter 148: upload_copy_time_cuda = 0.000890
iter 148: per_iter_time_cuda = 0.030215

iter 149: slack_cuda = 0.006725
iter 149: cpu_time_cuda = 0.016998
iter 149: gpu_time_cuda = 0.010272
iter 149: download_copy_time_cuda = 0.000818
iter 149: upload_copy_time_cuda = 0.000892
iter 149: per_iter_time_cuda = 0.029557

iter 150: slack_cuda = 0.006747
iter 150: cpu_time_cuda = 0.016687
iter 150: gpu_time_cuda = 0.009940
iter 150: download_copy_time_cuda = 0.000812
iter 150: upload_copy_time_cuda = 0.000890
iter 150: per_iter_time_cuda = 0.028964

iter 151: slack_cuda = 0.006970
iter 151: cpu_time_cuda = 0.016385
iter 151: gpu_time_cuda = 0.009415
iter 151: download_copy_time_cuda = 0.000789
iter 151: upload_copy_time_cuda = 0.000890
iter 151: per_iter_time_cuda = 0.028033

iter 152: slack_cuda = 0.006694
iter 152: cpu_time_cuda = 0.016060
iter 152: gpu_time_cuda = 0.009366
iter 152: download_copy_time_cuda = 0.000779
iter 152: upload_copy_time_cuda = 0.000862
iter 152: per_iter_time_cuda = 0.027694

iter 153: slack_cuda = 0.006978
iter 153: cpu_time_cuda = 0.015839
iter 153: gpu_time_cuda = 0.008861
iter 153: download_copy_time_cuda = 0.000790
iter 153: upload_copy_time_cuda = 0.000874
iter 153: per_iter_time_cuda = 0.026898

iter 154: slack_cuda = 0.006725
iter 154: cpu_time_cuda = 0.015533
iter 154: gpu_time_cuda = 0.008808
iter 154: download_copy_time_cuda = 0.000745
iter 154: upload_copy_time_cuda = 0.000857
iter 154: per_iter_time_cuda = 0.026562

iter 155: slack_cuda = 0.007005
iter 155: cpu_time_cuda = 0.015187
iter 155: gpu_time_cuda = 0.008182
iter 155: download_copy_time_cuda = 0.000744
iter 155: upload_copy_time_cuda = 0.000878
iter 155: per_iter_time_cuda = 0.025503

iter 156: slack_cuda = 0.006919
iter 156: cpu_time_cuda = 0.014888
iter 156: gpu_time_cuda = 0.007969
iter 156: download_copy_time_cuda = 0.000718
iter 156: upload_copy_time_cuda = 0.000849
iter 156: per_iter_time_cuda = 0.025045

iter 157: slack_cuda = 0.006886
iter 157: cpu_time_cuda = 0.014620
iter 157: gpu_time_cuda = 0.007733
iter 157: download_copy_time_cuda = 0.000715
iter 157: upload_copy_time_cuda = 0.000879
iter 157: per_iter_time_cuda = 0.024454

iter 158: slack_cuda = 0.006784
iter 158: cpu_time_cuda = 0.014367
iter 158: gpu_time_cuda = 0.007583
iter 158: download_copy_time_cuda = 0.000694
iter 158: upload_copy_time_cuda = 0.000860
iter 158: per_iter_time_cuda = 0.024136

iter 159: slack_cuda = 0.007232
iter 159: cpu_time_cuda = 0.014005
iter 159: gpu_time_cuda = 0.006773
iter 159: download_copy_time_cuda = 0.000686
iter 159: upload_copy_time_cuda = 0.000866
iter 159: per_iter_time_cuda = 0.022834

iter 160: slack_cuda = 0.007034
iter 160: cpu_time_cuda = 0.013800
iter 160: gpu_time_cuda = 0.006766
iter 160: download_copy_time_cuda = 0.000675
iter 160: upload_copy_time_cuda = 0.000843
iter 160: per_iter_time_cuda = 0.022680

iter 161: slack_cuda = 0.006791
iter 161: cpu_time_cuda = 0.013450
iter 161: gpu_time_cuda = 0.006659
iter 161: download_copy_time_cuda = 0.000651
iter 161: upload_copy_time_cuda = 0.000847
iter 161: per_iter_time_cuda = 0.022117

iter 162: slack_cuda = 0.006753
iter 162: cpu_time_cuda = 0.013157
iter 162: gpu_time_cuda = 0.006404
iter 162: download_copy_time_cuda = 0.000646
iter 162: upload_copy_time_cuda = 0.000842
iter 162: per_iter_time_cuda = 0.021648

iter 163: slack_cuda = 0.007022
iter 163: cpu_time_cuda = 0.012882
iter 163: gpu_time_cuda = 0.005860
iter 163: download_copy_time_cuda = 0.000622
iter 163: upload_copy_time_cuda = 0.000851
iter 163: per_iter_time_cuda = 0.020739

iter 164: slack_cuda = 0.006752
iter 164: cpu_time_cuda = 0.012505
iter 164: gpu_time_cuda = 0.005752
iter 164: download_copy_time_cuda = 0.000609
iter 164: upload_copy_time_cuda = 0.000832
iter 164: per_iter_time_cuda = 0.020271

iter 165: slack_cuda = 0.006721
iter 165: cpu_time_cuda = 0.012245
iter 165: gpu_time_cuda = 0.005524
iter 165: download_copy_time_cuda = 0.000600
iter 165: upload_copy_time_cuda = 0.000837
iter 165: per_iter_time_cuda = 0.019718

iter 166: slack_cuda = 0.006394
iter 166: cpu_time_cuda = 0.011764
iter 166: gpu_time_cuda = 0.005370
iter 166: download_copy_time_cuda = 0.000588
iter 166: upload_copy_time_cuda = 0.000851
iter 166: per_iter_time_cuda = 0.019145

iter 167: slack_cuda = 0.006591
iter 167: cpu_time_cuda = 0.011553
iter 167: gpu_time_cuda = 0.004963
iter 167: download_copy_time_cuda = 0.000568
iter 167: upload_copy_time_cuda = 0.000835
iter 167: per_iter_time_cuda = 0.018388

iter 168: slack_cuda = 0.006244
iter 168: cpu_time_cuda = 0.011256
iter 168: gpu_time_cuda = 0.005012
iter 168: download_copy_time_cuda = 0.000549
iter 168: upload_copy_time_cuda = 0.000815
iter 168: per_iter_time_cuda = 0.018189

iter 169: slack_cuda = 0.006411
iter 169: cpu_time_cuda = 0.010974
iter 169: gpu_time_cuda = 0.004563
iter 169: download_copy_time_cuda = 0.000549
iter 169: upload_copy_time_cuda = 0.000824
iter 169: per_iter_time_cuda = 0.017372

iter 170: slack_cuda = 0.006302
iter 170: cpu_time_cuda = 0.010719
iter 170: gpu_time_cuda = 0.004417
iter 170: download_copy_time_cuda = 0.000527
iter 170: upload_copy_time_cuda = 0.000816
iter 170: per_iter_time_cuda = 0.017028

iter 171: slack_cuda = 0.006382
iter 171: cpu_time_cuda = 0.010426
iter 171: gpu_time_cuda = 0.004044
iter 171: download_copy_time_cuda = 0.000517
iter 171: upload_copy_time_cuda = 0.000817
iter 171: per_iter_time_cuda = 0.016235

iter 172: slack_cuda = 0.006051
iter 172: cpu_time_cuda = 0.010052
iter 172: gpu_time_cuda = 0.004001
iter 172: download_copy_time_cuda = 0.000491
iter 172: upload_copy_time_cuda = 0.000798
iter 172: per_iter_time_cuda = 0.015868

iter 173: slack_cuda = 0.005935
iter 173: cpu_time_cuda = 0.009593
iter 173: gpu_time_cuda = 0.003658
iter 173: download_copy_time_cuda = 0.000485
iter 173: upload_copy_time_cuda = 0.000822
iter 173: per_iter_time_cuda = 0.014987

iter 174: slack_cuda = 0.006039
iter 174: cpu_time_cuda = 0.009556
iter 174: gpu_time_cuda = 0.003517
iter 174: download_copy_time_cuda = 0.000479
iter 174: upload_copy_time_cuda = 0.000809
iter 174: per_iter_time_cuda = 0.014866

iter 175: slack_cuda = 0.006012
iter 175: cpu_time_cuda = 0.009252
iter 175: gpu_time_cuda = 0.003240
iter 175: download_copy_time_cuda = 0.000462
iter 175: upload_copy_time_cuda = 0.000802
iter 175: per_iter_time_cuda = 0.014185

iter 176: slack_cuda = 0.005855
iter 176: cpu_time_cuda = 0.008972
iter 176: gpu_time_cuda = 0.003116
iter 176: download_copy_time_cuda = 0.000442
iter 176: upload_copy_time_cuda = 0.000794
iter 176: per_iter_time_cuda = 0.013787

iter 177: slack_cuda = 0.005505
iter 177: cpu_time_cuda = 0.008569
iter 177: gpu_time_cuda = 0.003064
iter 177: download_copy_time_cuda = 0.000426
iter 177: upload_copy_time_cuda = 0.000802
iter 177: per_iter_time_cuda = 0.013285

iter 178: slack_cuda = 0.005516
iter 178: cpu_time_cuda = 0.008327
iter 178: gpu_time_cuda = 0.002812
iter 178: download_copy_time_cuda = 0.000423
iter 178: upload_copy_time_cuda = 0.000801
iter 178: per_iter_time_cuda = 0.012823

iter 179: slack_cuda = 0.005376
iter 179: cpu_time_cuda = 0.007979
iter 179: gpu_time_cuda = 0.002602
iter 179: download_copy_time_cuda = 0.000401
iter 179: upload_copy_time_cuda = 0.000788
iter 179: per_iter_time_cuda = 0.012175

iter 180: slack_cuda = 0.005184
iter 180: cpu_time_cuda = 0.007688
iter 180: gpu_time_cuda = 0.002504
iter 180: download_copy_time_cuda = 0.000386
iter 180: upload_copy_time_cuda = 0.000778
iter 180: per_iter_time_cuda = 0.011792

iter 181: slack_cuda = 0.005004
iter 181: cpu_time_cuda = 0.007421
iter 181: gpu_time_cuda = 0.002417
iter 181: download_copy_time_cuda = 0.000365
iter 181: upload_copy_time_cuda = 0.000777
iter 181: per_iter_time_cuda = 0.011367

iter 182: slack_cuda = 0.004961
iter 182: cpu_time_cuda = 0.007121
iter 182: gpu_time_cuda = 0.002160
iter 182: download_copy_time_cuda = 0.000366
iter 182: upload_copy_time_cuda = 0.000781
iter 182: per_iter_time_cuda = 0.010871

iter 183: slack_cuda = 0.004821
iter 183: cpu_time_cuda = 0.006807
iter 183: gpu_time_cuda = 0.001986
iter 183: download_copy_time_cuda = 0.000348
iter 183: upload_copy_time_cuda = 0.000772
iter 183: per_iter_time_cuda = 0.010300

iter 184: slack_cuda = 0.004682
iter 184: cpu_time_cuda = 0.006537
iter 184: gpu_time_cuda = 0.001856
iter 184: download_copy_time_cuda = 0.000329
iter 184: upload_copy_time_cuda = 0.000779
iter 184: per_iter_time_cuda = 0.009959

iter 185: slack_cuda = 0.004540
iter 185: cpu_time_cuda = 0.006215
iter 185: gpu_time_cuda = 0.001675
iter 185: download_copy_time_cuda = 0.000315
iter 185: upload_copy_time_cuda = 0.000772
iter 185: per_iter_time_cuda = 0.009337

iter 186: slack_cuda = 0.004257
iter 186: cpu_time_cuda = 0.005948
iter 186: gpu_time_cuda = 0.001691
iter 186: download_copy_time_cuda = 0.000298
iter 186: upload_copy_time_cuda = 0.000759
iter 186: per_iter_time_cuda = 0.009110

iter 187: slack_cuda = 0.004135
iter 187: cpu_time_cuda = 0.005636
iter 187: gpu_time_cuda = 0.001501
iter 187: download_copy_time_cuda = 0.000294
iter 187: upload_copy_time_cuda = 0.000763
iter 187: per_iter_time_cuda = 0.008543

iter 188: slack_cuda = 0.003985
iter 188: cpu_time_cuda = 0.005325
iter 188: gpu_time_cuda = 0.001340
iter 188: download_copy_time_cuda = 0.000271
iter 188: upload_copy_time_cuda = 0.000748
iter 188: per_iter_time_cuda = 0.008050

iter 189: slack_cuda = 0.003866
iter 189: cpu_time_cuda = 0.005055
iter 189: gpu_time_cuda = 0.001189
iter 189: download_copy_time_cuda = 0.000256
iter 189: upload_copy_time_cuda = 0.000759
iter 189: per_iter_time_cuda = 0.007576

iter 190: slack_cuda = 0.003543
iter 190: cpu_time_cuda = 0.004720
iter 190: gpu_time_cuda = 0.001177
iter 190: download_copy_time_cuda = 0.000238
iter 190: upload_copy_time_cuda = 0.000756
iter 190: per_iter_time_cuda = 0.007236

iter 191: slack_cuda = 0.003493
iter 191: cpu_time_cuda = 0.004397
iter 191: gpu_time_cuda = 0.000905
iter 191: download_copy_time_cuda = 0.000234
iter 191: upload_copy_time_cuda = 0.000750
iter 191: per_iter_time_cuda = 0.006599

iter 192: slack_cuda = 0.003198
iter 192: cpu_time_cuda = 0.004100
iter 192: gpu_time_cuda = 0.000902
iter 192: download_copy_time_cuda = 0.000217
iter 192: upload_copy_time_cuda = 0.000733
iter 192: per_iter_time_cuda = 0.006279

iter 193: slack_cuda = 0.003103
iter 193: cpu_time_cuda = 0.003934
iter 193: gpu_time_cuda = 0.000831
iter 193: download_copy_time_cuda = 0.000197
iter 193: upload_copy_time_cuda = 0.000738
iter 193: per_iter_time_cuda = 0.006000

iter 194: slack_cuda = 0.002726
iter 194: cpu_time_cuda = 0.003444
iter 194: gpu_time_cuda = 0.000718
iter 194: download_copy_time_cuda = 0.000181
iter 194: upload_copy_time_cuda = 0.000746
iter 194: per_iter_time_cuda = 0.005401

iter 195: slack_cuda = 0.002523
iter 195: cpu_time_cuda = 0.003163
iter 195: gpu_time_cuda = 0.000640
iter 195: download_copy_time_cuda = 0.000169
iter 195: upload_copy_time_cuda = 0.000738
iter 195: per_iter_time_cuda = 0.004994

iter 196: slack_cuda = 0.002351
iter 196: cpu_time_cuda = 0.002923
iter 196: gpu_time_cuda = 0.000572
iter 196: download_copy_time_cuda = 0.000159
iter 196: upload_copy_time_cuda = 0.000730
iter 196: per_iter_time_cuda = 0.004683

iter 197: slack_cuda = 0.002164
iter 197: cpu_time_cuda = 0.002625
iter 197: gpu_time_cuda = 0.000461
iter 197: download_copy_time_cuda = 0.000156
iter 197: upload_copy_time_cuda = 0.000720
iter 197: per_iter_time_cuda = 0.004239

iter 198: slack_cuda = 0.001896
iter 198: cpu_time_cuda = 0.002347
iter 198: gpu_time_cuda = 0.000451
iter 198: download_copy_time_cuda = 0.000143
iter 198: upload_copy_time_cuda = 0.000729
iter 198: per_iter_time_cuda = 0.003952

iter 199: slack_cuda = 0.001734
iter 199: cpu_time_cuda = 0.002078
iter 199: gpu_time_cuda = 0.000343
iter 199: download_copy_time_cuda = 0.000131
iter 199: upload_copy_time_cuda = 0.000716
iter 199: per_iter_time_cuda = 0.003532

iter 200: slack_cuda = 0.001511
iter 200: cpu_time_cuda = 0.001780
iter 200: gpu_time_cuda = 0.000270
iter 200: download_copy_time_cuda = 0.000120
iter 200: upload_copy_time_cuda = 0.000717
iter 200: per_iter_time_cuda = 0.003158

iter 201: slack_cuda = 0.001271
iter 201: cpu_time_cuda = 0.001515
iter 201: gpu_time_cuda = 0.000243
iter 201: download_copy_time_cuda = 0.000109
iter 201: upload_copy_time_cuda = 0.000701
iter 201: per_iter_time_cuda = 0.002827

iter 202: slack_cuda = 0.001008
iter 202: cpu_time_cuda = 0.001222
iter 202: gpu_time_cuda = 0.000214
iter 202: download_copy_time_cuda = 0.000103
iter 202: upload_copy_time_cuda = 0.000702
iter 202: per_iter_time_cuda = 0.002500

iter 203: slack_cuda = 0.000547
iter 203: cpu_time_cuda = 0.000751
iter 203: gpu_time_cuda = 0.000203
iter 203: download_copy_time_cuda = 0.000091
iter 203: upload_copy_time_cuda = 0.000704
iter 203: per_iter_time_cuda = 0.002002

total_cpu_time_cuda = 6.178424
total_gpu_time_cuda = 8.602267
total_copy_time_cuda = 0.689419
main_loop_time_cuda = 15.675085
Normalized difference of predicted CPU runtime per iteration is: 0.000000%
Normalized difference of predicted GPU runtime per iteration is: 0.000000%
Normalized difference of predicted slack per iteration is: 0.000000%
20480 20480     ---   (  ---  )    339.07 (  16.89)     ---   
total_time = 32.023230
27.81user 4.48system 0:33.56elapsed 96%CPU (0avgtext+0avgdata 3430524maxresident)k
3920inputs+0outputs (1major+839952minor)pagefaults 0swaps
send out message: 22 3 log
