send out message: 24 37 /home/lchen/MAGMA/magma-1.6.1/results
send out message: 20 26 MAGMA_LU_GPUDVFS.total.pwr
MAGMA 1.6.1  compiled for CUDA capability >= 3.0
CUDA runtime 5000, driver 6050. MAGMA not compiled with OpenMP. 
ndevices 1
device 0: Tesla K20c, 705.5 MHz clock, 4799.6 MB memory, capability 3.5
Usage: /home/lchen/MAGMA/magma-1.6.1/testing/testing_dgetrf [options] [-h|--help]

ngpu 1
    M     N   CPU GFlop/s (sec)   GPU GFlop/s (sec)   |PA-LU|/(N*|A|)
=========================================================================
init_time = 2.472121
iter 0: slack_cuda = 0.000000
iter 0: cpu_time_cuda = 0.000000
iter 0: gpu_time_cuda = 0.000000
iter 0: download_copy_time_cuda = 0.000000
iter 0: upload_copy_time_cuda = 0.001709
iter 0: per_iter_time_cuda = 0.002424

iter 1: slack_cuda = -0.006450
iter 1: cpu_time_cuda = 0.023063
iter 1: gpu_time_cuda = 0.029513
iter 1: download_copy_time_cuda = 0.001660
iter 1: upload_copy_time_cuda = 0.001728
iter 1: per_iter_time_cuda = 0.056641

iter 2: slack_cuda = -0.006041
iter 2: cpu_time_cuda = 0.022871
iter 2: gpu_time_cuda = 0.028911
iter 2: download_copy_time_cuda = 0.001599
iter 2: upload_copy_time_cuda = 0.001690
iter 2: per_iter_time_cuda = 0.055796

iter 3: slack_cuda = -0.005100
iter 3: cpu_time_cuda = 0.022622
iter 3: gpu_time_cuda = 0.027722
iter 3: download_copy_time_cuda = 0.001582
iter 3: upload_copy_time_cuda = 0.001676
iter 3: per_iter_time_cuda = 0.054263

iter 4: slack_cuda = -0.005651
iter 4: cpu_time_cuda = 0.022356
iter 4: gpu_time_cuda = 0.028008
iter 4: download_copy_time_cuda = 0.001569
iter 4: upload_copy_time_cuda = 0.001642
iter 4: per_iter_time_cuda = 0.054305

iter 5: slack_cuda = -0.004085
iter 5: cpu_time_cuda = 0.023243
iter 5: gpu_time_cuda = 0.027328
iter 5: download_copy_time_cuda = 0.001571
iter 5: upload_copy_time_cuda = 0.001653
iter 5: per_iter_time_cuda = 0.054461

iter 6: slack_cuda = -0.004413
iter 6: cpu_time_cuda = 0.022536
iter 6: gpu_time_cuda = 0.026949
iter 6: download_copy_time_cuda = 0.001548
iter 6: upload_copy_time_cuda = 0.001623
iter 6: per_iter_time_cuda = 0.053371

iter 7: slack_cuda = -0.003363
iter 7: cpu_time_cuda = 0.022390
iter 7: gpu_time_cuda = 0.025753
iter 7: download_copy_time_cuda = 0.001517
iter 7: upload_copy_time_cuda = 0.001636
iter 7: per_iter_time_cuda = 0.051937

iter 8: slack_cuda = -0.003642
iter 8: cpu_time_cuda = 0.022082
iter 8: gpu_time_cuda = 0.025724
iter 8: download_copy_time_cuda = 0.001543
iter 8: upload_copy_time_cuda = 0.001583
iter 8: per_iter_time_cuda = 0.051629

iter 9: slack_cuda = -0.003160
iter 9: cpu_time_cuda = 0.022003
iter 9: gpu_time_cuda = 0.025163
iter 9: download_copy_time_cuda = 0.001502
iter 9: upload_copy_time_cuda = 0.001610
iter 9: per_iter_time_cuda = 0.050909

iter 10: slack_cuda = -0.003007
iter 10: cpu_time_cuda = 0.021576
iter 10: gpu_time_cuda = 0.024583
iter 10: download_copy_time_cuda = 0.001562
iter 10: upload_copy_time_cuda = 0.001594
iter 10: per_iter_time_cuda = 0.050011

iter 11: slack_cuda = -0.002046
iter 11: cpu_time_cuda = 0.021420
iter 11: gpu_time_cuda = 0.023466
iter 11: download_copy_time_cuda = 0.001496
iter 11: upload_copy_time_cuda = 0.001566
iter 11: per_iter_time_cuda = 0.048580

iter 12: slack_cuda = -0.002769
iter 12: cpu_time_cuda = 0.021110
iter 12: gpu_time_cuda = 0.023878
iter 12: download_copy_time_cuda = 0.001463
iter 12: upload_copy_time_cuda = 0.001551
iter 12: per_iter_time_cuda = 0.048680

iter 13: slack_cuda = -0.002906
iter 13: cpu_time_cuda = 0.020400
iter 13: gpu_time_cuda = 0.023306
iter 13: download_copy_time_cuda = 0.001493
iter 13: upload_copy_time_cuda = 0.001554
iter 13: per_iter_time_cuda = 0.047393

iter 14: slack_cuda = -0.002462
iter 14: cpu_time_cuda = 0.020259
iter 14: gpu_time_cuda = 0.022721
iter 14: download_copy_time_cuda = 0.001439
iter 14: upload_copy_time_cuda = 0.001534
iter 14: per_iter_time_cuda = 0.046634

iter 15: slack_cuda = -0.001692
iter 15: cpu_time_cuda = 0.019979
iter 15: gpu_time_cuda = 0.021671
iter 15: download_copy_time_cuda = 0.001436
iter 15: upload_copy_time_cuda = 0.001500
iter 15: per_iter_time_cuda = 0.045198

iter 16: slack_cuda = -0.002006
iter 16: cpu_time_cuda = 0.019736
iter 16: gpu_time_cuda = 0.021742
iter 16: download_copy_time_cuda = 0.001426
iter 16: upload_copy_time_cuda = 0.001466
iter 16: per_iter_time_cuda = 0.045026

iter 17: slack_cuda = -0.001856
iter 17: cpu_time_cuda = 0.019550
iter 17: gpu_time_cuda = 0.021406
iter 17: download_copy_time_cuda = 0.001410
iter 17: upload_copy_time_cuda = 0.001469
iter 17: per_iter_time_cuda = 0.044425

iter 18: slack_cuda = -0.001665
iter 18: cpu_time_cuda = 0.019175
iter 18: gpu_time_cuda = 0.020840
iter 18: download_copy_time_cuda = 0.001376
iter 18: upload_copy_time_cuda = 0.001255
iter 18: per_iter_time_cuda = 0.043281

iter 19: slack_cuda = -0.000655
iter 19: cpu_time_cuda = 0.019161
iter 19: gpu_time_cuda = 0.019817
iter 19: download_copy_time_cuda = 0.001177
iter 19: upload_copy_time_cuda = 0.001271
iter 19: per_iter_time_cuda = 0.042015

iter 20: slack_cuda = -0.001027
iter 20: cpu_time_cuda = 0.018891
iter 20: gpu_time_cuda = 0.019918
iter 20: download_copy_time_cuda = 0.001153
iter 20: upload_copy_time_cuda = 0.001234
iter 20: per_iter_time_cuda = 0.041827

iter 21: slack_cuda = -0.000807
iter 21: cpu_time_cuda = 0.018612
iter 21: gpu_time_cuda = 0.019419
iter 21: download_copy_time_cuda = 0.001157
iter 21: upload_copy_time_cuda = 0.001224
iter 21: per_iter_time_cuda = 0.040986

iter 22: slack_cuda = -0.000690
iter 22: cpu_time_cuda = 0.018356
iter 22: gpu_time_cuda = 0.019047
iter 22: download_copy_time_cuda = 0.001160
iter 22: upload_copy_time_cuda = 0.001199
iter 22: per_iter_time_cuda = 0.040387

iter 23: slack_cuda = 0.000151
iter 23: cpu_time_cuda = 0.018212
iter 23: gpu_time_cuda = 0.018061
iter 23: download_copy_time_cuda = 0.001134
iter 23: upload_copy_time_cuda = 0.001182
iter 23: per_iter_time_cuda = 0.039164

iter 24: slack_cuda = -0.000051
iter 24: cpu_time_cuda = 0.017988
iter 24: gpu_time_cuda = 0.018038
iter 24: download_copy_time_cuda = 0.001096
iter 24: upload_copy_time_cuda = 0.001158
iter 24: per_iter_time_cuda = 0.038901

iter 25: slack_cuda = 0.000163
iter 25: cpu_time_cuda = 0.017738
iter 25: gpu_time_cuda = 0.017576
iter 25: download_copy_time_cuda = 0.001087
iter 25: upload_copy_time_cuda = 0.001155
iter 25: per_iter_time_cuda = 0.038116

iter 26: slack_cuda = 0.000289
iter 26: cpu_time_cuda = 0.017572
iter 26: gpu_time_cuda = 0.017283
iter 26: download_copy_time_cuda = 0.001078
iter 26: upload_copy_time_cuda = 0.001138
iter 26: per_iter_time_cuda = 0.037698

iter 27: slack_cuda = 0.001076
iter 27: cpu_time_cuda = 0.017333
iter 27: gpu_time_cuda = 0.016257
iter 27: download_copy_time_cuda = 0.001063
iter 27: upload_copy_time_cuda = 0.001125
iter 27: per_iter_time_cuda = 0.036336

iter 28: slack_cuda = 0.000916
iter 28: cpu_time_cuda = 0.017248
iter 28: gpu_time_cuda = 0.016332
iter 28: download_copy_time_cuda = 0.001063
iter 28: upload_copy_time_cuda = 0.001100
iter 28: per_iter_time_cuda = 0.036359

iter 29: slack_cuda = 0.001108
iter 29: cpu_time_cuda = 0.016927
iter 29: gpu_time_cuda = 0.015818
iter 29: download_copy_time_cuda = 0.001045
iter 29: upload_copy_time_cuda = 0.001100
iter 29: per_iter_time_cuda = 0.035428

iter 30: slack_cuda = 0.001131
iter 30: cpu_time_cuda = 0.016738
iter 30: gpu_time_cuda = 0.015607
iter 30: download_copy_time_cuda = 0.001025
iter 30: upload_copy_time_cuda = 0.001078
iter 30: per_iter_time_cuda = 0.035038

iter 31: slack_cuda = 0.001741
iter 31: cpu_time_cuda = 0.016480
iter 31: gpu_time_cuda = 0.014739
iter 31: download_copy_time_cuda = 0.001011
iter 31: upload_copy_time_cuda = 0.001070
iter 31: per_iter_time_cuda = 0.033848

iter 32: slack_cuda = 0.001620
iter 32: cpu_time_cuda = 0.016276
iter 32: gpu_time_cuda = 0.014656
iter 32: download_copy_time_cuda = 0.000992
iter 32: upload_copy_time_cuda = 0.001041
iter 32: per_iter_time_cuda = 0.033532

iter 33: slack_cuda = 0.001746
iter 33: cpu_time_cuda = 0.016078
iter 33: gpu_time_cuda = 0.014332
iter 33: download_copy_time_cuda = 0.000995
iter 33: upload_copy_time_cuda = 0.001042
iter 33: per_iter_time_cuda = 0.032984

iter 34: slack_cuda = 0.001771
iter 34: cpu_time_cuda = 0.015701
iter 34: gpu_time_cuda = 0.013930
iter 34: download_copy_time_cuda = 0.000992
iter 34: upload_copy_time_cuda = 0.001020
iter 34: per_iter_time_cuda = 0.032205

iter 35: slack_cuda = 0.002456
iter 35: cpu_time_cuda = 0.015723
iter 35: gpu_time_cuda = 0.013268
iter 35: download_copy_time_cuda = 0.000963
iter 35: upload_copy_time_cuda = 0.001004
iter 35: per_iter_time_cuda = 0.031482

iter 36: slack_cuda = 0.002069
iter 36: cpu_time_cuda = 0.015330
iter 36: gpu_time_cuda = 0.013261
iter 36: download_copy_time_cuda = 0.000943
iter 36: upload_copy_time_cuda = 0.000984
iter 36: per_iter_time_cuda = 0.031074

iter 37: slack_cuda = 0.002389
iter 37: cpu_time_cuda = 0.015160
iter 37: gpu_time_cuda = 0.012771
iter 37: download_copy_time_cuda = 0.000927
iter 37: upload_copy_time_cuda = 0.000980
iter 37: per_iter_time_cuda = 0.030351

iter 38: slack_cuda = 0.002450
iter 38: cpu_time_cuda = 0.014873
iter 38: gpu_time_cuda = 0.012424
iter 38: download_copy_time_cuda = 0.000927
iter 38: upload_copy_time_cuda = 0.000965
iter 38: per_iter_time_cuda = 0.029733

iter 39: slack_cuda = 0.002769
iter 39: cpu_time_cuda = 0.014693
iter 39: gpu_time_cuda = 0.011923
iter 39: download_copy_time_cuda = 0.000914
iter 39: upload_copy_time_cuda = 0.000952
iter 39: per_iter_time_cuda = 0.028987

iter 40: slack_cuda = 0.002703
iter 40: cpu_time_cuda = 0.014465
iter 40: gpu_time_cuda = 0.011763
iter 40: download_copy_time_cuda = 0.000888
iter 40: upload_copy_time_cuda = 0.000922
iter 40: per_iter_time_cuda = 0.028564

iter 41: slack_cuda = 0.002620
iter 41: cpu_time_cuda = 0.013834
iter 41: gpu_time_cuda = 0.011213
iter 41: download_copy_time_cuda = 0.000886
iter 41: upload_copy_time_cuda = 0.000924
iter 41: per_iter_time_cuda = 0.030386

iter 42: slack_cuda = 0.000872
iter 42: cpu_time_cuda = 0.014030
iter 42: gpu_time_cuda = 0.013158
iter 42: download_copy_time_cuda = 0.000891
iter 42: upload_copy_time_cuda = 0.000907
iter 42: per_iter_time_cuda = 0.029606

iter 43: slack_cuda = 0.001079
iter 43: cpu_time_cuda = 0.013809
iter 43: gpu_time_cuda = 0.012730
iter 43: download_copy_time_cuda = 0.000859
iter 43: upload_copy_time_cuda = 0.000891
iter 43: per_iter_time_cuda = 0.028860

iter 44: slack_cuda = 0.001246
iter 44: cpu_time_cuda = 0.013653
iter 44: gpu_time_cuda = 0.012407
iter 44: download_copy_time_cuda = 0.000851
iter 44: upload_copy_time_cuda = 0.000866
iter 44: per_iter_time_cuda = 0.028392

iter 45: slack_cuda = 0.001308
iter 45: cpu_time_cuda = 0.013324
iter 45: gpu_time_cuda = 0.012017
iter 45: download_copy_time_cuda = 0.000829
iter 45: upload_copy_time_cuda = 0.000861
iter 45: per_iter_time_cuda = 0.027598

iter 46: slack_cuda = 0.001509
iter 46: cpu_time_cuda = 0.013119
iter 46: gpu_time_cuda = 0.011610
iter 46: download_copy_time_cuda = 0.000814
iter 46: upload_copy_time_cuda = 0.000849
iter 46: per_iter_time_cuda = 0.026973

iter 47: slack_cuda = 0.001982
iter 47: cpu_time_cuda = 0.012885
iter 47: gpu_time_cuda = 0.010903
iter 47: download_copy_time_cuda = 0.000805
iter 47: upload_copy_time_cuda = 0.000835
iter 47: per_iter_time_cuda = 0.025967

iter 48: slack_cuda = 0.001762
iter 48: cpu_time_cuda = 0.012650
iter 48: gpu_time_cuda = 0.010888
iter 48: download_copy_time_cuda = 0.000787
iter 48: upload_copy_time_cuda = 0.000805
iter 48: per_iter_time_cuda = 0.025714

iter 49: slack_cuda = 0.001852
iter 49: cpu_time_cuda = 0.012350
iter 49: gpu_time_cuda = 0.010498
iter 49: download_copy_time_cuda = 0.000775
iter 49: upload_copy_time_cuda = 0.000805
iter 49: per_iter_time_cuda = 0.024971

iter 50: slack_cuda = 0.002251
iter 50: cpu_time_cuda = 0.012341
iter 50: gpu_time_cuda = 0.010090
iter 50: download_copy_time_cuda = 0.000775
iter 50: upload_copy_time_cuda = 0.000792
iter 50: per_iter_time_cuda = 0.024555

iter 51: slack_cuda = 0.002399
iter 51: cpu_time_cuda = 0.012011
iter 51: gpu_time_cuda = 0.009612
iter 51: download_copy_time_cuda = 0.000757
iter 51: upload_copy_time_cuda = 0.000784
iter 51: per_iter_time_cuda = 0.027735

iter 52: slack_cuda = 0.002422
iter 52: cpu_time_cuda = 0.011863
iter 52: gpu_time_cuda = 0.009441
iter 52: download_copy_time_cuda = 0.000745
iter 52: upload_copy_time_cuda = 0.000758
iter 52: per_iter_time_cuda = 0.026818

iter 53: slack_cuda = 0.002417
iter 53: cpu_time_cuda = 0.011454
iter 53: gpu_time_cuda = 0.009037
iter 53: download_copy_time_cuda = 0.000725
iter 53: upload_copy_time_cuda = 0.000754
iter 53: per_iter_time_cuda = 0.025911

iter 54: slack_cuda = 0.002662
iter 54: cpu_time_cuda = 0.011452
iter 54: gpu_time_cuda = 0.008790
iter 54: download_copy_time_cuda = 0.000730
iter 54: upload_copy_time_cuda = 0.000739
iter 54: per_iter_time_cuda = 0.025663

iter 55: slack_cuda = 0.002818
iter 55: cpu_time_cuda = 0.011187
iter 55: gpu_time_cuda = 0.008369
iter 55: download_copy_time_cuda = 0.000702
iter 55: upload_copy_time_cuda = 0.000724
iter 55: per_iter_time_cuda = 0.024922

iter 56: slack_cuda = 0.002916
iter 56: cpu_time_cuda = 0.010959
iter 56: gpu_time_cuda = 0.008044
iter 56: download_copy_time_cuda = 0.000681
iter 56: upload_copy_time_cuda = 0.000703
iter 56: per_iter_time_cuda = 0.024283

iter 57: slack_cuda = 0.002889
iter 57: cpu_time_cuda = 0.010726
iter 57: gpu_time_cuda = 0.007837
iter 57: download_copy_time_cuda = 0.000669
iter 57: upload_copy_time_cuda = 0.000700
iter 57: per_iter_time_cuda = 0.023794

iter 58: slack_cuda = 0.003117
iter 58: cpu_time_cuda = 0.010624
iter 58: gpu_time_cuda = 0.007507
iter 58: download_copy_time_cuda = 0.000672
iter 58: upload_copy_time_cuda = 0.000688
iter 58: per_iter_time_cuda = 0.023367

iter 59: slack_cuda = 0.003166
iter 59: cpu_time_cuda = 0.010260
iter 59: gpu_time_cuda = 0.007095
iter 59: download_copy_time_cuda = 0.000654
iter 59: upload_copy_time_cuda = 0.000669
iter 59: per_iter_time_cuda = 0.022558

iter 60: slack_cuda = 0.003274
iter 60: cpu_time_cuda = 0.010087
iter 60: gpu_time_cuda = 0.006814
iter 60: download_copy_time_cuda = 0.000628
iter 60: upload_copy_time_cuda = 0.000663
iter 60: per_iter_time_cuda = 0.022107

iter 61: slack_cuda = 0.003117
iter 61: cpu_time_cuda = 0.009769
iter 61: gpu_time_cuda = 0.006652
iter 61: download_copy_time_cuda = 0.000625
iter 61: upload_copy_time_cuda = 0.000639
iter 61: per_iter_time_cuda = 0.021551

iter 62: slack_cuda = 0.003373
iter 62: cpu_time_cuda = 0.009662
iter 62: gpu_time_cuda = 0.006289
iter 62: download_copy_time_cuda = 0.000611
iter 62: upload_copy_time_cuda = 0.000628
iter 62: per_iter_time_cuda = 0.021111

iter 63: slack_cuda = 0.003573
iter 63: cpu_time_cuda = 0.009446
iter 63: gpu_time_cuda = 0.005873
iter 63: download_copy_time_cuda = 0.000597
iter 63: upload_copy_time_cuda = 0.000617
iter 63: per_iter_time_cuda = 0.020375

iter 64: slack_cuda = 0.003775
iter 64: cpu_time_cuda = 0.009395
iter 64: gpu_time_cuda = 0.005619
iter 64: download_copy_time_cuda = 0.000574
iter 64: upload_copy_time_cuda = 0.000592
iter 64: per_iter_time_cuda = 0.020093

iter 65: slack_cuda = 0.003406
iter 65: cpu_time_cuda = 0.008900
iter 65: gpu_time_cuda = 0.005494
iter 65: download_copy_time_cuda = 0.000562
iter 65: upload_copy_time_cuda = 0.000603
iter 65: per_iter_time_cuda = 0.019375

iter 66: slack_cuda = 0.003372
iter 66: cpu_time_cuda = 0.008647
iter 66: gpu_time_cuda = 0.005275
iter 66: download_copy_time_cuda = 0.000547
iter 66: upload_copy_time_cuda = 0.000588
iter 66: per_iter_time_cuda = 0.018855

iter 67: slack_cuda = 0.003514
iter 67: cpu_time_cuda = 0.008426
iter 67: gpu_time_cuda = 0.004912
iter 67: download_copy_time_cuda = 0.000537
iter 67: upload_copy_time_cuda = 0.000569
iter 67: per_iter_time_cuda = 0.018243

iter 68: slack_cuda = 0.003509
iter 68: cpu_time_cuda = 0.008230
iter 68: gpu_time_cuda = 0.004721
iter 68: download_copy_time_cuda = 0.000519
iter 68: upload_copy_time_cuda = 0.000531
iter 68: per_iter_time_cuda = 0.017874

iter 69: slack_cuda = 0.003512
iter 69: cpu_time_cuda = 0.008026
iter 69: gpu_time_cuda = 0.004514
iter 69: download_copy_time_cuda = 0.000518
iter 69: upload_copy_time_cuda = 0.000531
iter 69: per_iter_time_cuda = 0.017391

iter 70: slack_cuda = 0.003674
iter 70: cpu_time_cuda = 0.007918
iter 70: gpu_time_cuda = 0.004244
iter 70: download_copy_time_cuda = 0.000507
iter 70: upload_copy_time_cuda = 0.000522
iter 70: per_iter_time_cuda = 0.017046

iter 71: slack_cuda = 0.003659
iter 71: cpu_time_cuda = 0.007573
iter 71: gpu_time_cuda = 0.003914
iter 71: download_copy_time_cuda = 0.000480
iter 71: upload_copy_time_cuda = 0.000517
iter 71: per_iter_time_cuda = 0.016247

iter 72: slack_cuda = 0.003430
iter 72: cpu_time_cuda = 0.007282
iter 72: gpu_time_cuda = 0.003852
iter 72: download_copy_time_cuda = 0.000464
iter 72: upload_copy_time_cuda = 0.000498
iter 72: per_iter_time_cuda = 0.015864

iter 73: slack_cuda = 0.003502
iter 73: cpu_time_cuda = 0.007109
iter 73: gpu_time_cuda = 0.003606
iter 73: download_copy_time_cuda = 0.000472
iter 73: upload_copy_time_cuda = 0.000494
iter 73: per_iter_time_cuda = 0.015470

iter 74: slack_cuda = 0.003423
iter 74: cpu_time_cuda = 0.006888
iter 74: gpu_time_cuda = 0.003464
iter 74: download_copy_time_cuda = 0.000449
iter 74: upload_copy_time_cuda = 0.000472
iter 74: per_iter_time_cuda = 0.015083

iter 75: slack_cuda = 0.003218
iter 75: cpu_time_cuda = 0.006425
iter 75: gpu_time_cuda = 0.003207
iter 75: download_copy_time_cuda = 0.000439
iter 75: upload_copy_time_cuda = 0.000468
iter 75: per_iter_time_cuda = 0.021327

iter 76: slack_cuda = 0.003402
iter 76: cpu_time_cuda = 0.006501
iter 76: gpu_time_cuda = 0.003099
iter 76: download_copy_time_cuda = 0.000420
iter 76: upload_copy_time_cuda = 0.000445
iter 76: per_iter_time_cuda = 0.014354

iter 77: slack_cuda = 0.003418
iter 77: cpu_time_cuda = 0.006195
iter 77: gpu_time_cuda = 0.002778
iter 77: download_copy_time_cuda = 0.000413
iter 77: upload_copy_time_cuda = 0.000454
iter 77: per_iter_time_cuda = 0.013646

iter 78: slack_cuda = 0.003281
iter 78: cpu_time_cuda = 0.005943
iter 78: gpu_time_cuda = 0.002662
iter 78: download_copy_time_cuda = 0.000394
iter 78: upload_copy_time_cuda = 0.000448
iter 78: per_iter_time_cuda = 0.013342

iter 79: slack_cuda = 0.003406
iter 79: cpu_time_cuda = 0.005716
iter 79: gpu_time_cuda = 0.002310
iter 79: download_copy_time_cuda = 0.000383
iter 79: upload_copy_time_cuda = 0.000439
iter 79: per_iter_time_cuda = 0.012672

iter 80: slack_cuda = 0.003184
iter 80: cpu_time_cuda = 0.005481
iter 80: gpu_time_cuda = 0.002297
iter 80: download_copy_time_cuda = 0.000355
iter 80: upload_copy_time_cuda = 0.000432
iter 80: per_iter_time_cuda = 0.012358

iter 81: slack_cuda = 0.003136
iter 81: cpu_time_cuda = 0.005271
iter 81: gpu_time_cuda = 0.002135
iter 81: download_copy_time_cuda = 0.000343
iter 81: upload_copy_time_cuda = 0.000433
iter 81: per_iter_time_cuda = 0.011920

iter 82: slack_cuda = 0.003040
iter 82: cpu_time_cuda = 0.005087
iter 82: gpu_time_cuda = 0.002047
iter 82: download_copy_time_cuda = 0.000325
iter 82: upload_copy_time_cuda = 0.000429
iter 82: per_iter_time_cuda = 0.011652

iter 83: slack_cuda = 0.002696
iter 83: cpu_time_cuda = 0.004524
iter 83: gpu_time_cuda = 0.001828
iter 83: download_copy_time_cuda = 0.000325
iter 83: upload_copy_time_cuda = 0.000425
iter 83: per_iter_time_cuda = 0.019115

iter 84: slack_cuda = 0.002804
iter 84: cpu_time_cuda = 0.004498
iter 84: gpu_time_cuda = 0.001694
iter 84: download_copy_time_cuda = 0.000290
iter 84: upload_copy_time_cuda = 0.000421
iter 84: per_iter_time_cuda = 0.010724

iter 85: slack_cuda = 0.002753
iter 85: cpu_time_cuda = 0.004293
iter 85: gpu_time_cuda = 0.001540
iter 85: download_copy_time_cuda = 0.000278
iter 85: upload_copy_time_cuda = 0.000417
iter 85: per_iter_time_cuda = 0.010237

iter 86: slack_cuda = 0.002698
iter 86: cpu_time_cuda = 0.004082
iter 86: gpu_time_cuda = 0.001384
iter 86: download_copy_time_cuda = 0.000265
iter 86: upload_copy_time_cuda = 0.000415
iter 86: per_iter_time_cuda = 0.009875

iter 87: slack_cuda = 0.002537
iter 87: cpu_time_cuda = 0.003847
iter 87: gpu_time_cuda = 0.001310
iter 87: download_copy_time_cuda = 0.000249
iter 87: upload_copy_time_cuda = 0.000413
iter 87: per_iter_time_cuda = 0.009541

iter 88: slack_cuda = 0.002408
iter 88: cpu_time_cuda = 0.003594
iter 88: gpu_time_cuda = 0.001186
iter 88: download_copy_time_cuda = 0.000233
iter 88: upload_copy_time_cuda = 0.000412
iter 88: per_iter_time_cuda = 0.009122

iter 89: slack_cuda = 0.002279
iter 89: cpu_time_cuda = 0.003347
iter 89: gpu_time_cuda = 0.001068
iter 89: download_copy_time_cuda = 0.000222
iter 89: upload_copy_time_cuda = 0.000425
iter 89: per_iter_time_cuda = 0.008727

iter 90: slack_cuda = 0.002164
iter 90: cpu_time_cuda = 0.003132
iter 90: gpu_time_cuda = 0.000967
iter 90: download_copy_time_cuda = 0.000218
iter 90: upload_copy_time_cuda = 0.000409
iter 90: per_iter_time_cuda = 0.008426

iter 91: slack_cuda = 0.002099
iter 91: cpu_time_cuda = 0.002879
iter 91: gpu_time_cuda = 0.000780
iter 91: download_copy_time_cuda = 0.000226
iter 91: upload_copy_time_cuda = 0.000399
iter 91: per_iter_time_cuda = 0.007971

iter 92: slack_cuda = 0.001862
iter 92: cpu_time_cuda = 0.002619
iter 92: gpu_time_cuda = 0.000758
iter 92: download_copy_time_cuda = 0.000205
iter 92: upload_copy_time_cuda = 0.000412
iter 92: per_iter_time_cuda = 0.007708

iter 93: slack_cuda = 0.001778
iter 93: cpu_time_cuda = 0.002423
iter 93: gpu_time_cuda = 0.000645
iter 93: download_copy_time_cuda = 0.000182
iter 93: upload_copy_time_cuda = 0.000403
iter 93: per_iter_time_cuda = 0.007381

iter 94: slack_cuda = 0.001687
iter 94: cpu_time_cuda = 0.002254
iter 94: gpu_time_cuda = 0.000566
iter 94: download_copy_time_cuda = 0.000168
iter 94: upload_copy_time_cuda = 0.000401
iter 94: per_iter_time_cuda = 0.007049

iter 95: slack_cuda = 0.001087
iter 95: cpu_time_cuda = 0.001576
iter 95: gpu_time_cuda = 0.000489
iter 95: download_copy_time_cuda = 0.000163
iter 95: upload_copy_time_cuda = 0.000414
iter 95: per_iter_time_cuda = 0.009765

iter 96: slack_cuda = 0.001180
iter 96: cpu_time_cuda = 0.001570
iter 96: gpu_time_cuda = 0.000390
iter 96: download_copy_time_cuda = 0.000155
iter 96: upload_copy_time_cuda = 0.000401
iter 96: per_iter_time_cuda = 0.006224

iter 97: slack_cuda = 0.001031
iter 97: cpu_time_cuda = 0.001377
iter 97: gpu_time_cuda = 0.000347
iter 97: download_copy_time_cuda = 0.000143
iter 97: upload_copy_time_cuda = 0.000389
iter 97: per_iter_time_cuda = 0.005912

iter 98: slack_cuda = 0.000859
iter 98: cpu_time_cuda = 0.001150
iter 98: gpu_time_cuda = 0.000290
iter 98: download_copy_time_cuda = 0.000138
iter 98: upload_copy_time_cuda = 0.000396
iter 98: per_iter_time_cuda = 0.005639

iter 99: slack_cuda = 0.000682
iter 99: cpu_time_cuda = 0.000930
iter 99: gpu_time_cuda = 0.000248
iter 99: download_copy_time_cuda = 0.000132
iter 99: upload_copy_time_cuda = 0.000400
iter 99: per_iter_time_cuda = 0.005414

iter 100: slack_cuda = 0.000474
iter 100: cpu_time_cuda = 0.000709
iter 100: gpu_time_cuda = 0.000235
iter 100: download_copy_time_cuda = 0.000114
iter 100: upload_copy_time_cuda = 0.000390
iter 100: per_iter_time_cuda = 0.005163

iter 101: slack_cuda = 0.000308
iter 101: cpu_time_cuda = 0.000519
iter 101: gpu_time_cuda = 0.000212
iter 101: download_copy_time_cuda = 0.000098
iter 101: upload_copy_time_cuda = 0.000398
iter 101: per_iter_time_cuda = 0.004872

total_cpu_time_cuda = 1.211756
total_gpu_time_cuda = 1.097881
total_copy_time_cuda = 0.168342
main_loop_time_cuda = 2.732322
Normalized difference of predicted CPU runtime per iteration is: 0.000000%
Normalized difference of predicted GPU runtime per iteration is: 0.000000%
Normalized difference of predicted slack per iteration is: 0.000000%
10240 10240     ---   (  ---  )    235.99 (   3.03)     ---   
total_time = 5.931083
5.04user 1.12system 0:07.39elapsed 83%CPU (0avgtext+0avgdata 973100maxresident)k
3920inputs+0outputs (1major+248637minor)pagefaults 0swaps
send out message: 22 3 log
