send out message: 24 37 /home/lchen/MAGMA/magma-1.6.1/results
send out message: 20 26 MAGMA_LU_GPUDVFS.total.pwr
MAGMA 1.6.1  compiled for CUDA capability >= 3.0
CUDA runtime 5000, driver 6050. MAGMA not compiled with OpenMP. 
ndevices 1
device 0: Tesla K20c, 705.5 MHz clock, 4799.6 MB memory, capability 3.5
Usage: /home/lchen/MAGMA/magma-1.6.1/testing/testing_dgetrf [options] [-h|--help]

ngpu 1
    M     N   CPU GFlop/s (sec)   GPU GFlop/s (sec)   |PA-LU|/(N*|A|)
=========================================================================
init_time = 2.473176
iter 0: slack_cuda = 0.000000
iter 0: cpu_time_cuda = 0.000000
iter 0: gpu_time_cuda = 0.000000
iter 0: download_copy_time_cuda = 0.000000
iter 0: upload_copy_time_cuda = 0.001724
iter 0: per_iter_time_cuda = 0.002429

iter 1: slack_cuda = -0.006404
iter 1: cpu_time_cuda = 0.023172
iter 1: gpu_time_cuda = 0.029576
iter 1: download_copy_time_cuda = 0.001702
iter 1: upload_copy_time_cuda = 0.001711
iter 1: per_iter_time_cuda = 0.056834

iter 2: slack_cuda = -0.005980
iter 2: cpu_time_cuda = 0.022918
iter 2: gpu_time_cuda = 0.028898
iter 2: download_copy_time_cuda = 0.001600
iter 2: upload_copy_time_cuda = 0.001685
iter 2: per_iter_time_cuda = 0.055814

iter 3: slack_cuda = -0.005033
iter 3: cpu_time_cuda = 0.022678
iter 3: gpu_time_cuda = 0.027711
iter 3: download_copy_time_cuda = 0.001604
iter 3: upload_copy_time_cuda = 0.001691
iter 3: per_iter_time_cuda = 0.054344

iter 4: slack_cuda = -0.005451
iter 4: cpu_time_cuda = 0.022485
iter 4: gpu_time_cuda = 0.027936
iter 4: download_copy_time_cuda = 0.001567
iter 4: upload_copy_time_cuda = 0.001638
iter 4: per_iter_time_cuda = 0.054352

iter 5: slack_cuda = -0.005142
iter 5: cpu_time_cuda = 0.022194
iter 5: gpu_time_cuda = 0.027336
iter 5: download_copy_time_cuda = 0.001568
iter 5: upload_copy_time_cuda = 0.001634
iter 5: per_iter_time_cuda = 0.053382

iter 6: slack_cuda = -0.004891
iter 6: cpu_time_cuda = 0.021990
iter 6: gpu_time_cuda = 0.026882
iter 6: download_copy_time_cuda = 0.001566
iter 6: upload_copy_time_cuda = 0.001624
iter 6: per_iter_time_cuda = 0.052775

iter 7: slack_cuda = -0.004039
iter 7: cpu_time_cuda = 0.021739
iter 7: gpu_time_cuda = 0.025778
iter 7: download_copy_time_cuda = 0.001516
iter 7: upload_copy_time_cuda = 0.001613
iter 7: per_iter_time_cuda = 0.051289

iter 8: slack_cuda = -0.004186
iter 8: cpu_time_cuda = 0.021686
iter 8: gpu_time_cuda = 0.025872
iter 8: download_copy_time_cuda = 0.001504
iter 8: upload_copy_time_cuda = 0.001574
iter 8: per_iter_time_cuda = 0.051336

iter 9: slack_cuda = -0.003933
iter 9: cpu_time_cuda = 0.021352
iter 9: gpu_time_cuda = 0.025285
iter 9: download_copy_time_cuda = 0.001516
iter 9: upload_copy_time_cuda = 0.001577
iter 9: per_iter_time_cuda = 0.050356

iter 10: slack_cuda = -0.003653
iter 10: cpu_time_cuda = 0.020987
iter 10: gpu_time_cuda = 0.024641
iter 10: download_copy_time_cuda = 0.001486
iter 10: upload_copy_time_cuda = 0.001563
iter 10: per_iter_time_cuda = 0.049366

iter 11: slack_cuda = -0.002715
iter 11: cpu_time_cuda = 0.020930
iter 11: gpu_time_cuda = 0.023645
iter 11: download_copy_time_cuda = 0.001482
iter 11: upload_copy_time_cuda = 0.001573
iter 11: per_iter_time_cuda = 0.048266

iter 12: slack_cuda = -0.003464
iter 12: cpu_time_cuda = 0.020480
iter 12: gpu_time_cuda = 0.023944
iter 12: download_copy_time_cuda = 0.001476
iter 12: upload_copy_time_cuda = 0.001537
iter 12: per_iter_time_cuda = 0.048111

iter 13: slack_cuda = -0.002726
iter 13: cpu_time_cuda = 0.020424
iter 13: gpu_time_cuda = 0.023151
iter 13: download_copy_time_cuda = 0.001463
iter 13: upload_copy_time_cuda = 0.001525
iter 13: per_iter_time_cuda = 0.047187

iter 14: slack_cuda = -0.002520
iter 14: cpu_time_cuda = 0.020294
iter 14: gpu_time_cuda = 0.022815
iter 14: download_copy_time_cuda = 0.001435
iter 14: upload_copy_time_cuda = 0.001550
iter 14: per_iter_time_cuda = 0.046763

iter 15: slack_cuda = -0.001662
iter 15: cpu_time_cuda = 0.020020
iter 15: gpu_time_cuda = 0.021682
iter 15: download_copy_time_cuda = 0.001421
iter 15: upload_copy_time_cuda = 0.001491
iter 15: per_iter_time_cuda = 0.045218

iter 16: slack_cuda = -0.001918
iter 16: cpu_time_cuda = 0.019833
iter 16: gpu_time_cuda = 0.021751
iter 16: download_copy_time_cuda = 0.001460
iter 16: upload_copy_time_cuda = 0.001465
iter 16: per_iter_time_cuda = 0.045173

iter 17: slack_cuda = -0.001770
iter 17: cpu_time_cuda = 0.019523
iter 17: gpu_time_cuda = 0.021294
iter 17: download_copy_time_cuda = 0.001418
iter 17: upload_copy_time_cuda = 0.001483
iter 17: per_iter_time_cuda = 0.044310

iter 18: slack_cuda = -0.001602
iter 18: cpu_time_cuda = 0.019213
iter 18: gpu_time_cuda = 0.020814
iter 18: download_copy_time_cuda = 0.001384
iter 18: upload_copy_time_cuda = 0.001251
iter 18: per_iter_time_cuda = 0.043296

iter 19: slack_cuda = -0.000526
iter 19: cpu_time_cuda = 0.019191
iter 19: gpu_time_cuda = 0.019717
iter 19: download_copy_time_cuda = 0.001167
iter 19: upload_copy_time_cuda = 0.001234
iter 19: per_iter_time_cuda = 0.041883

iter 20: slack_cuda = -0.000981
iter 20: cpu_time_cuda = 0.018907
iter 20: gpu_time_cuda = 0.019888
iter 20: download_copy_time_cuda = 0.001157
iter 20: upload_copy_time_cuda = 0.001208
iter 20: per_iter_time_cuda = 0.041797

iter 21: slack_cuda = -0.000882
iter 21: cpu_time_cuda = 0.018686
iter 21: gpu_time_cuda = 0.019568
iter 21: download_copy_time_cuda = 0.001142
iter 21: upload_copy_time_cuda = 0.001226
iter 21: per_iter_time_cuda = 0.041203

iter 22: slack_cuda = -0.000586
iter 22: cpu_time_cuda = 0.018390
iter 22: gpu_time_cuda = 0.018976
iter 22: download_copy_time_cuda = 0.001138
iter 22: upload_copy_time_cuda = 0.001201
iter 22: per_iter_time_cuda = 0.040324

iter 23: slack_cuda = 0.000319
iter 23: cpu_time_cuda = 0.018369
iter 23: gpu_time_cuda = 0.018050
iter 23: download_copy_time_cuda = 0.001121
iter 23: upload_copy_time_cuda = 0.001177
iter 23: per_iter_time_cuda = 0.039279

iter 24: slack_cuda = -0.000021
iter 24: cpu_time_cuda = 0.018026
iter 24: gpu_time_cuda = 0.018047
iter 24: download_copy_time_cuda = 0.001100
iter 24: upload_copy_time_cuda = 0.001151
iter 24: per_iter_time_cuda = 0.038942

iter 25: slack_cuda = 0.000170
iter 25: cpu_time_cuda = 0.017774
iter 25: gpu_time_cuda = 0.017603
iter 25: download_copy_time_cuda = 0.001097
iter 25: upload_copy_time_cuda = 0.001150
iter 25: per_iter_time_cuda = 0.038185

iter 26: slack_cuda = 0.000462
iter 26: cpu_time_cuda = 0.017667
iter 26: gpu_time_cuda = 0.017204
iter 26: download_copy_time_cuda = 0.001090
iter 26: upload_copy_time_cuda = 0.001136
iter 26: per_iter_time_cuda = 0.037720

iter 27: slack_cuda = 0.001040
iter 27: cpu_time_cuda = 0.017458
iter 27: gpu_time_cuda = 0.016418
iter 27: download_copy_time_cuda = 0.001063
iter 27: upload_copy_time_cuda = 0.001121
iter 27: per_iter_time_cuda = 0.036616

iter 28: slack_cuda = 0.000845
iter 28: cpu_time_cuda = 0.017183
iter 28: gpu_time_cuda = 0.016338
iter 28: download_copy_time_cuda = 0.001062
iter 28: upload_copy_time_cuda = 0.001092
iter 28: per_iter_time_cuda = 0.036289

iter 29: slack_cuda = 0.000989
iter 29: cpu_time_cuda = 0.016893
iter 29: gpu_time_cuda = 0.015904
iter 29: download_copy_time_cuda = 0.001034
iter 29: upload_copy_time_cuda = 0.001092
iter 29: per_iter_time_cuda = 0.035467

iter 30: slack_cuda = 0.001041
iter 30: cpu_time_cuda = 0.016683
iter 30: gpu_time_cuda = 0.015642
iter 30: download_copy_time_cuda = 0.001030
iter 30: upload_copy_time_cuda = 0.001077
iter 30: per_iter_time_cuda = 0.035038

iter 31: slack_cuda = 0.001856
iter 31: cpu_time_cuda = 0.016491
iter 31: gpu_time_cuda = 0.014635
iter 31: download_copy_time_cuda = 0.001027
iter 31: upload_copy_time_cuda = 0.001067
iter 31: per_iter_time_cuda = 0.033760

iter 32: slack_cuda = 0.001601
iter 32: cpu_time_cuda = 0.016262
iter 32: gpu_time_cuda = 0.014662
iter 32: download_copy_time_cuda = 0.000994
iter 32: upload_copy_time_cuda = 0.001033
iter 32: per_iter_time_cuda = 0.033526

iter 33: slack_cuda = 0.001771
iter 33: cpu_time_cuda = 0.015998
iter 33: gpu_time_cuda = 0.014227
iter 33: download_copy_time_cuda = 0.000995
iter 33: upload_copy_time_cuda = 0.001036
iter 33: per_iter_time_cuda = 0.032785

iter 34: slack_cuda = 0.001957
iter 34: cpu_time_cuda = 0.015804
iter 34: gpu_time_cuda = 0.013847
iter 34: download_copy_time_cuda = 0.000970
iter 34: upload_copy_time_cuda = 0.001022
iter 34: per_iter_time_cuda = 0.032201

iter 35: slack_cuda = 0.002335
iter 35: cpu_time_cuda = 0.015571
iter 35: gpu_time_cuda = 0.013237
iter 35: download_copy_time_cuda = 0.000970
iter 35: upload_copy_time_cuda = 0.001003
iter 35: per_iter_time_cuda = 0.031298

iter 36: slack_cuda = 0.002285
iter 36: cpu_time_cuda = 0.015401
iter 36: gpu_time_cuda = 0.013116
iter 36: download_copy_time_cuda = 0.000950
iter 36: upload_copy_time_cuda = 0.000978
iter 36: per_iter_time_cuda = 0.030990

iter 37: slack_cuda = 0.002429
iter 37: cpu_time_cuda = 0.015161
iter 37: gpu_time_cuda = 0.012732
iter 37: download_copy_time_cuda = 0.000950
iter 37: upload_copy_time_cuda = 0.000973
iter 37: per_iter_time_cuda = 0.030330

iter 38: slack_cuda = -0.000157
iter 38: cpu_time_cuda = 0.014733
iter 38: gpu_time_cuda = 0.014890
iter 38: download_copy_time_cuda = 0.000910
iter 38: upload_copy_time_cuda = 0.000963
iter 38: per_iter_time_cuda = 0.032174

iter 39: slack_cuda = -0.000070
iter 39: cpu_time_cuda = 0.014455
iter 39: gpu_time_cuda = 0.014525
iter 39: download_copy_time_cuda = 0.000901
iter 39: upload_copy_time_cuda = 0.000952
iter 39: per_iter_time_cuda = 0.031430

iter 40: slack_cuda = 0.000030
iter 40: cpu_time_cuda = 0.014188
iter 40: gpu_time_cuda = 0.014158
iter 40: download_copy_time_cuda = 0.000874
iter 40: upload_copy_time_cuda = 0.000920
iter 40: per_iter_time_cuda = 0.030767

iter 41: slack_cuda = 0.000414
iter 41: cpu_time_cuda = 0.013984
iter 41: gpu_time_cuda = 0.013570
iter 41: download_copy_time_cuda = 0.000865
iter 41: upload_copy_time_cuda = 0.000919
iter 41: per_iter_time_cuda = 0.029907

iter 42: slack_cuda = 0.000566
iter 42: cpu_time_cuda = 0.013773
iter 42: gpu_time_cuda = 0.013207
iter 42: download_copy_time_cuda = 0.000860
iter 42: upload_copy_time_cuda = 0.000903
iter 42: per_iter_time_cuda = 0.029367

iter 43: slack_cuda = 0.001050
iter 43: cpu_time_cuda = 0.013547
iter 43: gpu_time_cuda = 0.012497
iter 43: download_copy_time_cuda = 0.000843
iter 43: upload_copy_time_cuda = 0.000891
iter 43: per_iter_time_cuda = 0.028342

iter 44: slack_cuda = 0.000866
iter 44: cpu_time_cuda = 0.013378
iter 44: gpu_time_cuda = 0.012512
iter 44: download_copy_time_cuda = 0.000824
iter 44: upload_copy_time_cuda = 0.000865
iter 44: per_iter_time_cuda = 0.028201

iter 45: slack_cuda = 0.001146
iter 45: cpu_time_cuda = 0.013179
iter 45: gpu_time_cuda = 0.012033
iter 45: download_copy_time_cuda = 0.000818
iter 45: upload_copy_time_cuda = 0.000860
iter 45: per_iter_time_cuda = 0.027454

iter 46: slack_cuda = 0.001234
iter 46: cpu_time_cuda = 0.012891
iter 46: gpu_time_cuda = 0.011658
iter 46: download_copy_time_cuda = 0.000806
iter 46: upload_copy_time_cuda = 0.000846
iter 46: per_iter_time_cuda = 0.026802

iter 47: slack_cuda = 0.001674
iter 47: cpu_time_cuda = 0.012694
iter 47: gpu_time_cuda = 0.011020
iter 47: download_copy_time_cuda = 0.000790
iter 47: upload_copy_time_cuda = 0.000831
iter 47: per_iter_time_cuda = 0.025877

iter 48: slack_cuda = 0.001554
iter 48: cpu_time_cuda = 0.012454
iter 48: gpu_time_cuda = 0.010900
iter 48: download_copy_time_cuda = 0.000770
iter 48: upload_copy_time_cuda = 0.000805
iter 48: per_iter_time_cuda = 0.025499

iter 49: slack_cuda = 0.001733
iter 49: cpu_time_cuda = 0.012214
iter 49: gpu_time_cuda = 0.010481
iter 49: download_copy_time_cuda = 0.000759
iter 49: upload_copy_time_cuda = 0.000803
iter 49: per_iter_time_cuda = 0.024791

iter 50: slack_cuda = 0.001980
iter 50: cpu_time_cuda = 0.012042
iter 50: gpu_time_cuda = 0.010062
iter 50: download_copy_time_cuda = 0.000745
iter 50: upload_copy_time_cuda = 0.000788
iter 50: per_iter_time_cuda = 0.024194

iter 51: slack_cuda = 0.002197
iter 51: cpu_time_cuda = 0.011808
iter 51: gpu_time_cuda = 0.009611
iter 51: download_copy_time_cuda = 0.000736
iter 51: upload_copy_time_cuda = 0.000774
iter 51: per_iter_time_cuda = 0.023458

iter 52: slack_cuda = 0.002213
iter 52: cpu_time_cuda = 0.011548
iter 52: gpu_time_cuda = 0.009334
iter 52: download_copy_time_cuda = 0.000718
iter 52: upload_copy_time_cuda = 0.000749
iter 52: per_iter_time_cuda = 0.022899

iter 53: slack_cuda = 0.002313
iter 53: cpu_time_cuda = 0.011409
iter 53: gpu_time_cuda = 0.009097
iter 53: download_copy_time_cuda = 0.000703
iter 53: upload_copy_time_cuda = 0.000741
iter 53: per_iter_time_cuda = 0.022463

iter 54: slack_cuda = 0.002292
iter 54: cpu_time_cuda = 0.011153
iter 54: gpu_time_cuda = 0.008860
iter 54: download_copy_time_cuda = 0.000701
iter 54: upload_copy_time_cuda = 0.000731
iter 54: per_iter_time_cuda = 0.021984

iter 55: slack_cuda = 0.002509
iter 55: cpu_time_cuda = 0.010879
iter 55: gpu_time_cuda = 0.008370
iter 55: download_copy_time_cuda = 0.000682
iter 55: upload_copy_time_cuda = 0.000715
iter 55: per_iter_time_cuda = 0.021149

iter 56: slack_cuda = 0.002657
iter 56: cpu_time_cuda = 0.010726
iter 56: gpu_time_cuda = 0.008069
iter 56: download_copy_time_cuda = 0.000661
iter 56: upload_copy_time_cuda = 0.000690
iter 56: per_iter_time_cuda = 0.020686

iter 57: slack_cuda = 0.002832
iter 57: cpu_time_cuda = 0.010491
iter 57: gpu_time_cuda = 0.007659
iter 57: download_copy_time_cuda = 0.000650
iter 57: upload_copy_time_cuda = 0.000686
iter 57: per_iter_time_cuda = 0.019966

iter 58: slack_cuda = 0.002695
iter 58: cpu_time_cuda = 0.010237
iter 58: gpu_time_cuda = 0.007542
iter 58: download_copy_time_cuda = 0.000635
iter 58: upload_copy_time_cuda = 0.000670
iter 58: per_iter_time_cuda = 0.019614

iter 59: slack_cuda = 0.003019
iter 59: cpu_time_cuda = 0.010034
iter 59: gpu_time_cuda = 0.007015
iter 59: download_copy_time_cuda = 0.000631
iter 59: upload_copy_time_cuda = 0.000660
iter 59: per_iter_time_cuda = 0.018827

iter 60: slack_cuda = 0.002964
iter 60: cpu_time_cuda = 0.009841
iter 60: gpu_time_cuda = 0.006877
iter 60: download_copy_time_cuda = 0.000611
iter 60: upload_copy_time_cuda = 0.000636
iter 60: per_iter_time_cuda = 0.018487

iter 61: slack_cuda = 0.002987
iter 61: cpu_time_cuda = 0.009631
iter 61: gpu_time_cuda = 0.006644
iter 61: download_copy_time_cuda = 0.000595
iter 61: upload_copy_time_cuda = 0.000629
iter 61: per_iter_time_cuda = 0.017968

iter 62: slack_cuda = 0.002949
iter 62: cpu_time_cuda = 0.009314
iter 62: gpu_time_cuda = 0.006365
iter 62: download_copy_time_cuda = 0.000582
iter 62: upload_copy_time_cuda = 0.000613
iter 62: per_iter_time_cuda = 0.017400

iter 63: slack_cuda = 0.003108
iter 63: cpu_time_cuda = 0.009183
iter 63: gpu_time_cuda = 0.006075
iter 63: download_copy_time_cuda = 0.000569
iter 63: upload_copy_time_cuda = 0.000602
iter 63: per_iter_time_cuda = 0.016883

iter 64: slack_cuda = 0.003234
iter 64: cpu_time_cuda = 0.008864
iter 64: gpu_time_cuda = 0.005630
iter 64: download_copy_time_cuda = 0.000558
iter 64: upload_copy_time_cuda = 0.000578
iter 64: per_iter_time_cuda = 0.016125

iter 65: slack_cuda = 0.003186
iter 65: cpu_time_cuda = 0.008675
iter 65: gpu_time_cuda = 0.005489
iter 65: download_copy_time_cuda = 0.000546
iter 65: upload_copy_time_cuda = 0.000575
iter 65: per_iter_time_cuda = 0.015737

iter 66: slack_cuda = 0.003323
iter 66: cpu_time_cuda = 0.008558
iter 66: gpu_time_cuda = 0.005235
iter 66: download_copy_time_cuda = 0.000527
iter 66: upload_copy_time_cuda = 0.000568
iter 66: per_iter_time_cuda = 0.015376

iter 67: slack_cuda = 0.003237
iter 67: cpu_time_cuda = 0.008220
iter 67: gpu_time_cuda = 0.004983
iter 67: download_copy_time_cuda = 0.000511
iter 67: upload_copy_time_cuda = 0.000548
iter 67: per_iter_time_cuda = 0.014701

iter 68: slack_cuda = 0.003230
iter 68: cpu_time_cuda = 0.007990
iter 68: gpu_time_cuda = 0.004760
iter 68: download_copy_time_cuda = 0.000506
iter 68: upload_copy_time_cuda = 0.000525
iter 68: per_iter_time_cuda = 0.014243

iter 69: slack_cuda = 0.003323
iter 69: cpu_time_cuda = 0.007782
iter 69: gpu_time_cuda = 0.004459
iter 69: download_copy_time_cuda = 0.000492
iter 69: upload_copy_time_cuda = 0.000520
iter 69: per_iter_time_cuda = 0.013666

iter 70: slack_cuda = 0.003269
iter 70: cpu_time_cuda = 0.007587
iter 70: gpu_time_cuda = 0.004318
iter 70: download_copy_time_cuda = 0.000477
iter 70: upload_copy_time_cuda = 0.000511
iter 70: per_iter_time_cuda = 0.013337

iter 71: slack_cuda = 0.003262
iter 71: cpu_time_cuda = 0.007366
iter 71: gpu_time_cuda = 0.004104
iter 71: download_copy_time_cuda = 0.000458
iter 71: upload_copy_time_cuda = 0.000500
iter 71: per_iter_time_cuda = 0.012839

iter 72: slack_cuda = 0.003204
iter 72: cpu_time_cuda = 0.007083
iter 72: gpu_time_cuda = 0.003879
iter 72: download_copy_time_cuda = 0.000444
iter 72: upload_copy_time_cuda = 0.000490
iter 72: per_iter_time_cuda = 0.012332

iter 73: slack_cuda = 0.003306
iter 73: cpu_time_cuda = 0.006916
iter 73: gpu_time_cuda = 0.003610
iter 73: download_copy_time_cuda = 0.000439
iter 73: upload_copy_time_cuda = 0.000478
iter 73: per_iter_time_cuda = 0.011848

iter 74: slack_cuda = 0.003326
iter 74: cpu_time_cuda = 0.006655
iter 74: gpu_time_cuda = 0.003328
iter 74: download_copy_time_cuda = 0.000422
iter 74: upload_copy_time_cuda = 0.000463
iter 74: per_iter_time_cuda = 0.011302

iter 75: slack_cuda = 0.003252
iter 75: cpu_time_cuda = 0.006389
iter 75: gpu_time_cuda = 0.003137
iter 75: download_copy_time_cuda = 0.000408
iter 75: upload_copy_time_cuda = 0.000465
iter 75: per_iter_time_cuda = 0.010801

iter 76: slack_cuda = 0.003166
iter 76: cpu_time_cuda = 0.006151
iter 76: gpu_time_cuda = 0.002985
iter 76: download_copy_time_cuda = 0.000392
iter 76: upload_copy_time_cuda = 0.000460
iter 76: per_iter_time_cuda = 0.010397

iter 77: slack_cuda = 0.003122
iter 77: cpu_time_cuda = 0.005957
iter 77: gpu_time_cuda = 0.002835
iter 77: download_copy_time_cuda = 0.000386
iter 77: upload_copy_time_cuda = 0.000446
iter 77: per_iter_time_cuda = 0.010001

iter 78: slack_cuda = 0.003060
iter 78: cpu_time_cuda = 0.005749
iter 78: gpu_time_cuda = 0.002689
iter 78: download_copy_time_cuda = 0.000368
iter 78: upload_copy_time_cuda = 0.000439
iter 78: per_iter_time_cuda = 0.009653

iter 79: slack_cuda = 0.003216
iter 79: cpu_time_cuda = 0.005547
iter 79: gpu_time_cuda = 0.002332
iter 79: download_copy_time_cuda = 0.000354
iter 79: upload_copy_time_cuda = 0.000449
iter 79: per_iter_time_cuda = 0.009053

iter 80: slack_cuda = 0.003021
iter 80: cpu_time_cuda = 0.005327
iter 80: gpu_time_cuda = 0.002306
iter 80: download_copy_time_cuda = 0.000334
iter 80: upload_copy_time_cuda = 0.000446
iter 80: per_iter_time_cuda = 0.008816

iter 81: slack_cuda = 0.002988
iter 81: cpu_time_cuda = 0.005096
iter 81: gpu_time_cuda = 0.002108
iter 81: download_copy_time_cuda = 0.000332
iter 81: upload_copy_time_cuda = 0.000444
iter 81: per_iter_time_cuda = 0.008355

iter 82: slack_cuda = 0.002902
iter 82: cpu_time_cuda = 0.004866
iter 82: gpu_time_cuda = 0.001964
iter 82: download_copy_time_cuda = 0.000314
iter 82: upload_copy_time_cuda = 0.000442
iter 82: per_iter_time_cuda = 0.007975

iter 83: slack_cuda = 0.002849
iter 83: cpu_time_cuda = 0.004679
iter 83: gpu_time_cuda = 0.001830
iter 83: download_copy_time_cuda = 0.000297
iter 83: upload_copy_time_cuda = 0.000438
iter 83: per_iter_time_cuda = 0.007604

iter 84: slack_cuda = 0.002766
iter 84: cpu_time_cuda = 0.004467
iter 84: gpu_time_cuda = 0.001701
iter 84: download_copy_time_cuda = 0.000282
iter 84: upload_copy_time_cuda = 0.000435
iter 84: per_iter_time_cuda = 0.007254

iter 85: slack_cuda = 0.002708
iter 85: cpu_time_cuda = 0.004225
iter 85: gpu_time_cuda = 0.001517
iter 85: download_copy_time_cuda = 0.000278
iter 85: upload_copy_time_cuda = 0.000443
iter 85: per_iter_time_cuda = 0.006793

iter 86: slack_cuda = 0.002588
iter 86: cpu_time_cuda = 0.003997
iter 86: gpu_time_cuda = 0.001409
iter 86: download_copy_time_cuda = 0.000256
iter 86: upload_copy_time_cuda = 0.000430
iter 86: per_iter_time_cuda = 0.006424

iter 87: slack_cuda = 0.002422
iter 87: cpu_time_cuda = 0.003728
iter 87: gpu_time_cuda = 0.001306
iter 87: download_copy_time_cuda = 0.000247
iter 87: upload_copy_time_cuda = 0.000432
iter 87: per_iter_time_cuda = 0.006034

iter 88: slack_cuda = 0.002343
iter 88: cpu_time_cuda = 0.003526
iter 88: gpu_time_cuda = 0.001183
iter 88: download_copy_time_cuda = 0.000232
iter 88: upload_copy_time_cuda = 0.000421
iter 88: per_iter_time_cuda = 0.005695

iter 89: slack_cuda = 0.002231
iter 89: cpu_time_cuda = 0.003282
iter 89: gpu_time_cuda = 0.001052
iter 89: download_copy_time_cuda = 0.000222
iter 89: upload_copy_time_cuda = 0.000430
iter 89: per_iter_time_cuda = 0.005300

iter 90: slack_cuda = 0.002083
iter 90: cpu_time_cuda = 0.003053
iter 90: gpu_time_cuda = 0.000970
iter 90: download_copy_time_cuda = 0.000215
iter 90: upload_copy_time_cuda = 0.000421
iter 90: per_iter_time_cuda = 0.004990

iter 91: slack_cuda = 0.002022
iter 91: cpu_time_cuda = 0.002809
iter 91: gpu_time_cuda = 0.000787
iter 91: download_copy_time_cuda = 0.000202
iter 91: upload_copy_time_cuda = 0.000422
iter 91: per_iter_time_cuda = 0.004526

iter 92: slack_cuda = 0.001828
iter 92: cpu_time_cuda = 0.002596
iter 92: gpu_time_cuda = 0.000768
iter 92: download_copy_time_cuda = 0.000194
iter 92: upload_copy_time_cuda = 0.000419
iter 92: per_iter_time_cuda = 0.004291

iter 93: slack_cuda = 0.001740
iter 93: cpu_time_cuda = 0.002379
iter 93: gpu_time_cuda = 0.000639
iter 93: download_copy_time_cuda = 0.000180
iter 93: upload_copy_time_cuda = 0.000412
iter 93: per_iter_time_cuda = 0.003916

iter 94: slack_cuda = 0.001560
iter 94: cpu_time_cuda = 0.002174
iter 94: gpu_time_cuda = 0.000613
iter 94: download_copy_time_cuda = 0.000166
iter 94: upload_copy_time_cuda = 0.000411
iter 94: per_iter_time_cuda = 0.003655

iter 95: slack_cuda = 0.001493
iter 95: cpu_time_cuda = 0.001975
iter 95: gpu_time_cuda = 0.000482
iter 95: download_copy_time_cuda = 0.000159
iter 95: upload_copy_time_cuda = 0.000412
iter 95: per_iter_time_cuda = 0.003311

iter 96: slack_cuda = 0.001110
iter 96: cpu_time_cuda = 0.001526
iter 96: gpu_time_cuda = 0.000416
iter 96: download_copy_time_cuda = 0.000141
iter 96: upload_copy_time_cuda = 0.000402
iter 96: per_iter_time_cuda = 0.002760

iter 97: slack_cuda = 0.000957
iter 97: cpu_time_cuda = 0.001313
iter 97: gpu_time_cuda = 0.000356
iter 97: download_copy_time_cuda = 0.000135
iter 97: upload_copy_time_cuda = 0.000389
iter 97: per_iter_time_cuda = 0.002468

iter 98: slack_cuda = 0.000808
iter 98: cpu_time_cuda = 0.001098
iter 98: gpu_time_cuda = 0.000290
iter 98: download_copy_time_cuda = 0.000127
iter 98: upload_copy_time_cuda = 0.000401
iter 98: per_iter_time_cuda = 0.002201

iter 99: slack_cuda = 0.000648
iter 99: cpu_time_cuda = 0.000898
iter 99: gpu_time_cuda = 0.000250
iter 99: download_copy_time_cuda = 0.000115
iter 99: upload_copy_time_cuda = 0.000397
iter 99: per_iter_time_cuda = 0.001926

iter 100: slack_cuda = 0.000452
iter 100: cpu_time_cuda = 0.000682
iter 100: gpu_time_cuda = 0.000230
iter 100: download_copy_time_cuda = 0.000102
iter 100: upload_copy_time_cuda = 0.000395
iter 100: per_iter_time_cuda = 0.001676

iter 101: slack_cuda = 0.000257
iter 101: cpu_time_cuda = 0.000467
iter 101: gpu_time_cuda = 0.000210
iter 101: download_copy_time_cuda = 0.000101
iter 101: upload_copy_time_cuda = 0.000401
iter 101: per_iter_time_cuda = 0.001437

total_cpu_time_cuda = 1.197274
total_gpu_time_cuda = 1.108012
total_copy_time_cuda = 0.166773
main_loop_time_cuda = 2.600101
Normalized difference of predicted CPU runtime per iteration is: 0.000000%
Normalized difference of predicted GPU runtime per iteration is: 0.000000%
Normalized difference of predicted slack per iteration is: 0.000000%
10240 10240     ---   (  ---  )    246.86 (   2.90)     ---   
total_time = 5.795524
5.04user 1.02system 0:07.11elapsed 85%CPU (0avgtext+0avgdata 972916maxresident)k
3920inputs+0outputs (1major+225539minor)pagefaults 0swaps
send out message: 22 3 log
