send out message: 24 37 /home/lchen/MAGMA/magma-1.6.1/results
send out message: 20 26 MAGMA_LU_GPUDVFS.total.pwr
MAGMA 1.6.1  compiled for CUDA capability >= 3.0
CUDA runtime 5000, driver 6050. MAGMA not compiled with OpenMP. 
ndevices 1
device 0: Tesla K20c, 705.5 MHz clock, 4799.6 MB memory, capability 3.5
Usage: /home/lchen/MAGMA/magma-1.6.1/testing/testing_dgetrf [options] [-h|--help]

ngpu 1
    M     N   CPU GFlop/s (sec)   GPU GFlop/s (sec)   |PA-LU|/(N*|A|)
=========================================================================
init_time = 3.310838
iter 0: slack_cuda = 0.000000
iter 0: cpu_time_cuda = 0.000000
iter 0: gpu_time_cuda = 0.000000
iter 0: download_copy_time_cuda = 0.000000
iter 0: upload_copy_time_cuda = 0.001499
iter 0: per_iter_time_cuda = 0.002267

iter 1: slack_cuda = -0.001396
iter 1: cpu_time_cuda = 0.029782
iter 1: gpu_time_cuda = 0.031177
iter 1: download_copy_time_cuda = 0.001435
iter 1: upload_copy_time_cuda = 0.001489
iter 1: per_iter_time_cuda = 0.064608

iter 2: slack_cuda = -0.001125
iter 2: cpu_time_cuda = 0.029530
iter 2: gpu_time_cuda = 0.030655
iter 2: download_copy_time_cuda = 0.001406
iter 2: upload_copy_time_cuda = 0.001470
iter 2: per_iter_time_cuda = 0.063817

iter 3: slack_cuda = -0.000212
iter 3: cpu_time_cuda = 0.029317
iter 3: gpu_time_cuda = 0.029528
iter 3: download_copy_time_cuda = 0.001383
iter 3: upload_copy_time_cuda = 0.001458
iter 3: per_iter_time_cuda = 0.062403

iter 4: slack_cuda = -0.000659
iter 4: cpu_time_cuda = 0.028966
iter 4: gpu_time_cuda = 0.029625
iter 4: download_copy_time_cuda = 0.001361
iter 4: upload_copy_time_cuda = 0.001422
iter 4: per_iter_time_cuda = 0.062121

iter 5: slack_cuda = -0.000241
iter 5: cpu_time_cuda = 0.028675
iter 5: gpu_time_cuda = 0.028916
iter 5: download_copy_time_cuda = 0.001353
iter 5: upload_copy_time_cuda = 0.001425
iter 5: per_iter_time_cuda = 0.061081

iter 6: slack_cuda = -0.000290
iter 6: cpu_time_cuda = 0.028223
iter 6: gpu_time_cuda = 0.028513
iter 6: download_copy_time_cuda = 0.001355
iter 6: upload_copy_time_cuda = 0.001413
iter 6: per_iter_time_cuda = 0.060265

iter 7: slack_cuda = 0.000720
iter 7: cpu_time_cuda = 0.028094
iter 7: gpu_time_cuda = 0.027374
iter 7: download_copy_time_cuda = 0.001330
iter 7: upload_copy_time_cuda = 0.001402
iter 7: per_iter_time_cuda = 0.058898

iter 8: slack_cuda = 0.000312
iter 8: cpu_time_cuda = 0.027641
iter 8: gpu_time_cuda = 0.027329
iter 8: download_copy_time_cuda = 0.001317
iter 8: upload_copy_time_cuda = 0.001369
iter 8: per_iter_time_cuda = 0.058427

iter 9: slack_cuda = 0.000913
iter 9: cpu_time_cuda = 0.027503
iter 9: gpu_time_cuda = 0.026590
iter 9: download_copy_time_cuda = 0.001300
iter 9: upload_copy_time_cuda = 0.001372
iter 9: per_iter_time_cuda = 0.057444

iter 10: slack_cuda = 0.001025
iter 10: cpu_time_cuda = 0.027181
iter 10: gpu_time_cuda = 0.026157
iter 10: download_copy_time_cuda = 0.001294
iter 10: upload_copy_time_cuda = 0.001359
iter 10: per_iter_time_cuda = 0.056743

iter 11: slack_cuda = 0.001747
iter 11: cpu_time_cuda = 0.026935
iter 11: gpu_time_cuda = 0.025189
iter 11: download_copy_time_cuda = 0.001278
iter 11: upload_copy_time_cuda = 0.001342
iter 11: per_iter_time_cuda = 0.055436

iter 12: slack_cuda = 0.001504
iter 12: cpu_time_cuda = 0.026629
iter 12: gpu_time_cuda = 0.025125
iter 12: download_copy_time_cuda = 0.001253
iter 12: upload_copy_time_cuda = 0.001310
iter 12: per_iter_time_cuda = 0.055030

iter 13: slack_cuda = 0.002073
iter 13: cpu_time_cuda = 0.026626
iter 13: gpu_time_cuda = 0.024554
iter 13: download_copy_time_cuda = 0.001245
iter 13: upload_copy_time_cuda = 0.001319
iter 13: per_iter_time_cuda = 0.054412

iter 14: slack_cuda = 0.002084
iter 14: cpu_time_cuda = 0.026207
iter 14: gpu_time_cuda = 0.024123
iter 14: download_copy_time_cuda = 0.001239
iter 14: upload_copy_time_cuda = 0.001305
iter 14: per_iter_time_cuda = 0.053574

iter 15: slack_cuda = 0.002875
iter 15: cpu_time_cuda = 0.026008
iter 15: gpu_time_cuda = 0.023134
iter 15: download_copy_time_cuda = 0.001234
iter 15: upload_copy_time_cuda = 0.001293
iter 15: per_iter_time_cuda = 0.052312

iter 16: slack_cuda = 0.002470
iter 16: cpu_time_cuda = 0.025496
iter 16: gpu_time_cuda = 0.023027
iter 16: download_copy_time_cuda = 0.001208
iter 16: upload_copy_time_cuda = 0.001258
iter 16: per_iter_time_cuda = 0.051679

iter 17: slack_cuda = 0.002905
iter 17: cpu_time_cuda = 0.025473
iter 17: gpu_time_cuda = 0.022568
iter 17: download_copy_time_cuda = 0.001189
iter 17: upload_copy_time_cuda = 0.001260
iter 17: per_iter_time_cuda = 0.051125

iter 18: slack_cuda = 0.003357
iter 18: cpu_time_cuda = 0.025231
iter 18: gpu_time_cuda = 0.021873
iter 18: download_copy_time_cuda = 0.001190
iter 18: upload_copy_time_cuda = 0.001245
iter 18: per_iter_time_cuda = 0.050207

iter 19: slack_cuda = 0.003831
iter 19: cpu_time_cuda = 0.024919
iter 19: gpu_time_cuda = 0.021088
iter 19: download_copy_time_cuda = 0.001161
iter 19: upload_copy_time_cuda = 0.001231
iter 19: per_iter_time_cuda = 0.049031

iter 20: slack_cuda = 0.003502
iter 20: cpu_time_cuda = 0.024534
iter 20: gpu_time_cuda = 0.021032
iter 20: download_copy_time_cuda = 0.001152
iter 20: upload_copy_time_cuda = 0.001202
iter 20: per_iter_time_cuda = 0.048591

iter 21: slack_cuda = 0.003779
iter 21: cpu_time_cuda = 0.024375
iter 21: gpu_time_cuda = 0.020596
iter 21: download_copy_time_cuda = 0.001146
iter 21: upload_copy_time_cuda = 0.001202
iter 21: per_iter_time_cuda = 0.047936

iter 22: slack_cuda = 0.004004
iter 22: cpu_time_cuda = 0.024010
iter 22: gpu_time_cuda = 0.020006
iter 22: download_copy_time_cuda = 0.001130
iter 22: upload_copy_time_cuda = 0.001189
iter 22: per_iter_time_cuda = 0.047016

iter 23: slack_cuda = 0.004548
iter 23: cpu_time_cuda = 0.023779
iter 23: gpu_time_cuda = 0.019231
iter 23: download_copy_time_cuda = 0.001128
iter 23: upload_copy_time_cuda = 0.001176
iter 23: per_iter_time_cuda = 0.045929

iter 24: slack_cuda = 0.004364
iter 24: cpu_time_cuda = 0.023383
iter 24: gpu_time_cuda = 0.019019
iter 24: download_copy_time_cuda = 0.001096
iter 24: upload_copy_time_cuda = 0.001145
iter 24: per_iter_time_cuda = 0.045300

iter 25: slack_cuda = 0.004554
iter 25: cpu_time_cuda = 0.023115
iter 25: gpu_time_cuda = 0.018561
iter 25: download_copy_time_cuda = 0.001090
iter 25: upload_copy_time_cuda = 0.001144
iter 25: per_iter_time_cuda = 0.044503

iter 26: slack_cuda = 0.004648
iter 26: cpu_time_cuda = 0.022847
iter 26: gpu_time_cuda = 0.018199
iter 26: download_copy_time_cuda = 0.001059
iter 26: upload_copy_time_cuda = 0.001130
iter 26: per_iter_time_cuda = 0.043918

iter 27: slack_cuda = 0.005062
iter 27: cpu_time_cuda = 0.022517
iter 27: gpu_time_cuda = 0.017454
iter 27: download_copy_time_cuda = 0.001057
iter 27: upload_copy_time_cuda = 0.001119
iter 27: per_iter_time_cuda = 0.042744

iter 28: slack_cuda = 0.005011
iter 28: cpu_time_cuda = 0.022212
iter 28: gpu_time_cuda = 0.017201
iter 28: download_copy_time_cuda = 0.001054
iter 28: upload_copy_time_cuda = 0.001087
iter 28: per_iter_time_cuda = 0.042203

iter 29: slack_cuda = 0.005019
iter 29: cpu_time_cuda = 0.021959
iter 29: gpu_time_cuda = 0.016940
iter 29: download_copy_time_cuda = 0.001042
iter 29: upload_copy_time_cuda = 0.001106
iter 29: per_iter_time_cuda = 0.041619

iter 30: slack_cuda = 0.005257
iter 30: cpu_time_cuda = 0.021739
iter 30: gpu_time_cuda = 0.016482
iter 30: download_copy_time_cuda = 0.001019
iter 30: upload_copy_time_cuda = 0.001091
iter 30: per_iter_time_cuda = 0.040967

iter 31: slack_cuda = 0.005917
iter 31: cpu_time_cuda = 0.021352
iter 31: gpu_time_cuda = 0.015435
iter 31: download_copy_time_cuda = 0.001003
iter 31: upload_copy_time_cuda = 0.001062
iter 31: per_iter_time_cuda = 0.039429

iter 32: slack_cuda = 0.005645
iter 32: cpu_time_cuda = 0.021090
iter 32: gpu_time_cuda = 0.015444
iter 32: download_copy_time_cuda = 0.000988
iter 32: upload_copy_time_cuda = 0.001030
iter 32: per_iter_time_cuda = 0.039161

iter 33: slack_cuda = 0.005790
iter 33: cpu_time_cuda = 0.020859
iter 33: gpu_time_cuda = 0.015069
iter 33: download_copy_time_cuda = 0.000981
iter 33: upload_copy_time_cuda = 0.001032
iter 33: per_iter_time_cuda = 0.038513

iter 34: slack_cuda = 0.005838
iter 34: cpu_time_cuda = 0.020541
iter 34: gpu_time_cuda = 0.014703
iter 34: download_copy_time_cuda = 0.000964
iter 34: upload_copy_time_cuda = 0.001019
iter 34: per_iter_time_cuda = 0.037830

iter 35: slack_cuda = 0.006159
iter 35: cpu_time_cuda = 0.020328
iter 35: gpu_time_cuda = 0.014169
iter 35: download_copy_time_cuda = 0.000956
iter 35: upload_copy_time_cuda = 0.001001
iter 35: per_iter_time_cuda = 0.037012

iter 36: slack_cuda = 0.006003
iter 36: cpu_time_cuda = 0.019993
iter 36: gpu_time_cuda = 0.013990
iter 36: download_copy_time_cuda = 0.000937
iter 36: upload_copy_time_cuda = 0.000977
iter 36: per_iter_time_cuda = 0.036489

iter 37: slack_cuda = 0.006100
iter 37: cpu_time_cuda = 0.019652
iter 37: gpu_time_cuda = 0.013551
iter 37: download_copy_time_cuda = 0.000929
iter 37: upload_copy_time_cuda = 0.000971
iter 37: per_iter_time_cuda = 0.035650

iter 38: slack_cuda = 0.006332
iter 38: cpu_time_cuda = 0.019509
iter 38: gpu_time_cuda = 0.013177
iter 38: download_copy_time_cuda = 0.000912
iter 38: upload_copy_time_cuda = 0.000957
iter 38: per_iter_time_cuda = 0.035139

iter 39: slack_cuda = 0.006601
iter 39: cpu_time_cuda = 0.019133
iter 39: gpu_time_cuda = 0.012532
iter 39: download_copy_time_cuda = 0.000909
iter 39: upload_copy_time_cuda = 0.000941
iter 39: per_iter_time_cuda = 0.034057

iter 40: slack_cuda = 0.006359
iter 40: cpu_time_cuda = 0.018755
iter 40: gpu_time_cuda = 0.012396
iter 40: download_copy_time_cuda = 0.000875
iter 40: upload_copy_time_cuda = 0.000916
iter 40: per_iter_time_cuda = 0.033519

iter 41: slack_cuda = 0.006570
iter 41: cpu_time_cuda = 0.018544
iter 41: gpu_time_cuda = 0.011974
iter 41: download_copy_time_cuda = 0.000883
iter 41: upload_copy_time_cuda = 0.000916
iter 41: per_iter_time_cuda = 0.032854

iter 42: slack_cuda = 0.006576
iter 42: cpu_time_cuda = 0.018210
iter 42: gpu_time_cuda = 0.011634
iter 42: download_copy_time_cuda = 0.000867
iter 42: upload_copy_time_cuda = 0.000898
iter 42: per_iter_time_cuda = 0.032160

iter 43: slack_cuda = 0.006810
iter 43: cpu_time_cuda = 0.017784
iter 43: gpu_time_cuda = 0.010973
iter 43: download_copy_time_cuda = 0.000843
iter 43: upload_copy_time_cuda = 0.000896
iter 43: per_iter_time_cuda = 0.031024

iter 44: slack_cuda = 0.006605
iter 44: cpu_time_cuda = 0.017607
iter 44: gpu_time_cuda = 0.011002
iter 44: download_copy_time_cuda = 0.000835
iter 44: upload_copy_time_cuda = 0.000859
iter 44: per_iter_time_cuda = 0.030860

iter 45: slack_cuda = 0.006845
iter 45: cpu_time_cuda = 0.017388
iter 45: gpu_time_cuda = 0.010543
iter 45: download_copy_time_cuda = 0.000823
iter 45: upload_copy_time_cuda = 0.000855
iter 45: per_iter_time_cuda = 0.030127

iter 46: slack_cuda = 0.006754
iter 46: cpu_time_cuda = 0.017073
iter 46: gpu_time_cuda = 0.010319
iter 46: download_copy_time_cuda = 0.000807
iter 46: upload_copy_time_cuda = 0.000840
iter 46: per_iter_time_cuda = 0.029582

iter 47: slack_cuda = 0.006784
iter 47: cpu_time_cuda = 0.016648
iter 47: gpu_time_cuda = 0.009864
iter 47: download_copy_time_cuda = 0.000798
iter 47: upload_copy_time_cuda = 0.000828
iter 47: per_iter_time_cuda = 0.028633

iter 48: slack_cuda = 0.006898
iter 48: cpu_time_cuda = 0.016443
iter 48: gpu_time_cuda = 0.009545
iter 48: download_copy_time_cuda = 0.000781
iter 48: upload_copy_time_cuda = 0.000803
iter 48: per_iter_time_cuda = 0.028094

iter 49: slack_cuda = 0.006766
iter 49: cpu_time_cuda = 0.016099
iter 49: gpu_time_cuda = 0.009333
iter 49: download_copy_time_cuda = 0.000761
iter 49: upload_copy_time_cuda = 0.000800
iter 49: per_iter_time_cuda = 0.027479

iter 50: slack_cuda = 0.007024
iter 50: cpu_time_cuda = 0.015944
iter 50: gpu_time_cuda = 0.008920
iter 50: download_copy_time_cuda = 0.000746
iter 50: upload_copy_time_cuda = 0.000787
iter 50: per_iter_time_cuda = 0.026908

iter 51: slack_cuda = 0.006790
iter 51: cpu_time_cuda = 0.015417
iter 51: gpu_time_cuda = 0.008627
iter 51: download_copy_time_cuda = 0.000737
iter 51: upload_copy_time_cuda = 0.000771
iter 51: per_iter_time_cuda = 0.026027

iter 52: slack_cuda = 0.006913
iter 52: cpu_time_cuda = 0.015230
iter 52: gpu_time_cuda = 0.008317
iter 52: download_copy_time_cuda = 0.000721
iter 52: upload_copy_time_cuda = 0.000747
iter 52: per_iter_time_cuda = 0.025510

iter 53: slack_cuda = 0.006925
iter 53: cpu_time_cuda = 0.014975
iter 53: gpu_time_cuda = 0.008050
iter 53: download_copy_time_cuda = 0.000715
iter 53: upload_copy_time_cuda = 0.000743
iter 53: per_iter_time_cuda = 0.024941

iter 54: slack_cuda = 0.007103
iter 54: cpu_time_cuda = 0.014761
iter 54: gpu_time_cuda = 0.007657
iter 54: download_copy_time_cuda = 0.000705
iter 54: upload_copy_time_cuda = 0.000725
iter 54: per_iter_time_cuda = 0.024340

iter 55: slack_cuda = 0.007087
iter 55: cpu_time_cuda = 0.014377
iter 55: gpu_time_cuda = 0.007290
iter 55: download_copy_time_cuda = 0.000682
iter 55: upload_copy_time_cuda = 0.000713
iter 55: per_iter_time_cuda = 0.023510

iter 56: slack_cuda = 0.006960
iter 56: cpu_time_cuda = 0.014085
iter 56: gpu_time_cuda = 0.007125
iter 56: download_copy_time_cuda = 0.000659
iter 56: upload_copy_time_cuda = 0.000687
iter 56: per_iter_time_cuda = 0.023032

iter 57: slack_cuda = 0.007061
iter 57: cpu_time_cuda = 0.013852
iter 57: gpu_time_cuda = 0.006791
iter 57: download_copy_time_cuda = 0.000663
iter 57: upload_copy_time_cuda = 0.000683
iter 57: per_iter_time_cuda = 0.022434

iter 58: slack_cuda = 0.006928
iter 58: cpu_time_cuda = 0.013541
iter 58: gpu_time_cuda = 0.006613
iter 58: download_copy_time_cuda = 0.000639
iter 58: upload_copy_time_cuda = 0.000670
iter 58: per_iter_time_cuda = 0.021940

iter 59: slack_cuda = 0.006977
iter 59: cpu_time_cuda = 0.013281
iter 59: gpu_time_cuda = 0.006304
iter 59: download_copy_time_cuda = 0.000625
iter 59: upload_copy_time_cuda = 0.000657
iter 59: per_iter_time_cuda = 0.021311

iter 60: slack_cuda = 0.006875
iter 60: cpu_time_cuda = 0.012942
iter 60: gpu_time_cuda = 0.006066
iter 60: download_copy_time_cuda = 0.000623
iter 60: upload_copy_time_cuda = 0.000632
iter 60: per_iter_time_cuda = 0.020736

iter 61: slack_cuda = 0.006698
iter 61: cpu_time_cuda = 0.012515
iter 61: gpu_time_cuda = 0.005816
iter 61: download_copy_time_cuda = 0.000593
iter 61: upload_copy_time_cuda = 0.000627
iter 61: per_iter_time_cuda = 0.019976

iter 62: slack_cuda = 0.006671
iter 62: cpu_time_cuda = 0.012250
iter 62: gpu_time_cuda = 0.005579
iter 62: download_copy_time_cuda = 0.000586
iter 62: upload_copy_time_cuda = 0.000610
iter 62: per_iter_time_cuda = 0.019488

iter 63: slack_cuda = 0.006923
iter 63: cpu_time_cuda = 0.012017
iter 63: gpu_time_cuda = 0.005095
iter 63: download_copy_time_cuda = 0.000582
iter 63: upload_copy_time_cuda = 0.000602
iter 63: per_iter_time_cuda = 0.018717

iter 64: slack_cuda = 0.006702
iter 64: cpu_time_cuda = 0.011648
iter 64: gpu_time_cuda = 0.004947
iter 64: download_copy_time_cuda = 0.000573
iter 64: upload_copy_time_cuda = 0.000574
iter 64: per_iter_time_cuda = 0.018177

iter 65: slack_cuda = 0.006583
iter 65: cpu_time_cuda = 0.011349
iter 65: gpu_time_cuda = 0.004766
iter 65: download_copy_time_cuda = 0.000552
iter 65: upload_copy_time_cuda = 0.000566
iter 65: per_iter_time_cuda = 0.017647

iter 66: slack_cuda = 0.006451
iter 66: cpu_time_cuda = 0.011057
iter 66: gpu_time_cuda = 0.004606
iter 66: download_copy_time_cuda = 0.000527
iter 66: upload_copy_time_cuda = 0.000553
iter 66: per_iter_time_cuda = 0.017187

iter 67: slack_cuda = 0.006367
iter 67: cpu_time_cuda = 0.010760
iter 67: gpu_time_cuda = 0.004394
iter 67: download_copy_time_cuda = 0.000509
iter 67: upload_copy_time_cuda = 0.000541
iter 67: per_iter_time_cuda = 0.016611

iter 68: slack_cuda = 0.006299
iter 68: cpu_time_cuda = 0.010492
iter 68: gpu_time_cuda = 0.004193
iter 68: download_copy_time_cuda = 0.000508
iter 68: upload_copy_time_cuda = 0.000518
iter 68: per_iter_time_cuda = 0.016123

iter 69: slack_cuda = 0.006249
iter 69: cpu_time_cuda = 0.010199
iter 69: gpu_time_cuda = 0.003950
iter 69: download_copy_time_cuda = 0.000499
iter 69: upload_copy_time_cuda = 0.000513
iter 69: per_iter_time_cuda = 0.015556

iter 70: slack_cuda = 0.006244
iter 70: cpu_time_cuda = 0.010052
iter 70: gpu_time_cuda = 0.003808
iter 70: download_copy_time_cuda = 0.000489
iter 70: upload_copy_time_cuda = 0.000497
iter 70: per_iter_time_cuda = 0.015245

iter 71: slack_cuda = 0.006111
iter 71: cpu_time_cuda = 0.009594
iter 71: gpu_time_cuda = 0.003483
iter 71: download_copy_time_cuda = 0.000474
iter 71: upload_copy_time_cuda = 0.000484
iter 71: per_iter_time_cuda = 0.014412

iter 72: slack_cuda = 0.005951
iter 72: cpu_time_cuda = 0.009360
iter 72: gpu_time_cuda = 0.003409
iter 72: download_copy_time_cuda = 0.000448
iter 72: upload_copy_time_cuda = 0.000471
iter 72: per_iter_time_cuda = 0.014082

iter 73: slack_cuda = 0.005860
iter 73: cpu_time_cuda = 0.009020
iter 73: gpu_time_cuda = 0.003160
iter 73: download_copy_time_cuda = 0.000451
iter 73: upload_copy_time_cuda = 0.000461
iter 73: per_iter_time_cuda = 0.013469

iter 74: slack_cuda = 0.005712
iter 74: cpu_time_cuda = 0.008633
iter 74: gpu_time_cuda = 0.002921
iter 74: download_copy_time_cuda = 0.000426
iter 74: upload_copy_time_cuda = 0.000449
iter 74: per_iter_time_cuda = 0.012815

iter 75: slack_cuda = 0.005666
iter 75: cpu_time_cuda = 0.008406
iter 75: gpu_time_cuda = 0.002741
iter 75: download_copy_time_cuda = 0.000406
iter 75: upload_copy_time_cuda = 0.000447
iter 75: per_iter_time_cuda = 0.012366

iter 76: slack_cuda = 0.005423
iter 76: cpu_time_cuda = 0.008117
iter 76: gpu_time_cuda = 0.002694
iter 76: download_copy_time_cuda = 0.000397
iter 76: upload_copy_time_cuda = 0.000442
iter 76: per_iter_time_cuda = 0.012034

iter 77: slack_cuda = 0.005313
iter 77: cpu_time_cuda = 0.007777
iter 77: gpu_time_cuda = 0.002465
iter 77: download_copy_time_cuda = 0.000383
iter 77: upload_copy_time_cuda = 0.000442
iter 77: per_iter_time_cuda = 0.011421

iter 78: slack_cuda = 0.005087
iter 78: cpu_time_cuda = 0.007502
iter 78: gpu_time_cuda = 0.002416
iter 78: download_copy_time_cuda = 0.000382
iter 78: upload_copy_time_cuda = 0.000435
iter 78: per_iter_time_cuda = 0.011099

iter 79: slack_cuda = 0.004929
iter 79: cpu_time_cuda = 0.007149
iter 79: gpu_time_cuda = 0.002220
iter 79: download_copy_time_cuda = 0.000357
iter 79: upload_copy_time_cuda = 0.000432
iter 79: per_iter_time_cuda = 0.010502

iter 80: slack_cuda = 0.004933
iter 80: cpu_time_cuda = 0.006994
iter 80: gpu_time_cuda = 0.002062
iter 80: download_copy_time_cuda = 0.000348
iter 80: upload_copy_time_cuda = 0.000430
iter 80: per_iter_time_cuda = 0.010199

iter 81: slack_cuda = 0.004773
iter 81: cpu_time_cuda = 0.006658
iter 81: gpu_time_cuda = 0.001886
iter 81: download_copy_time_cuda = 0.000333
iter 81: upload_copy_time_cuda = 0.000429
iter 81: per_iter_time_cuda = 0.009649

iter 82: slack_cuda = 0.004613
iter 82: cpu_time_cuda = 0.006335
iter 82: gpu_time_cuda = 0.001722
iter 82: download_copy_time_cuda = 0.000314
iter 82: upload_copy_time_cuda = 0.000435
iter 82: per_iter_time_cuda = 0.009150

iter 83: slack_cuda = 0.004440
iter 83: cpu_time_cuda = 0.006075
iter 83: gpu_time_cuda = 0.001634
iter 83: download_copy_time_cuda = 0.000303
iter 83: upload_copy_time_cuda = 0.000429
iter 83: per_iter_time_cuda = 0.008767

iter 84: slack_cuda = 0.004243
iter 84: cpu_time_cuda = 0.005787
iter 84: gpu_time_cuda = 0.001544
iter 84: download_copy_time_cuda = 0.000288
iter 84: upload_copy_time_cuda = 0.000420
iter 84: per_iter_time_cuda = 0.008385

iter 85: slack_cuda = 0.004060
iter 85: cpu_time_cuda = 0.005425
iter 85: gpu_time_cuda = 0.001366
iter 85: download_copy_time_cuda = 0.000268
iter 85: upload_copy_time_cuda = 0.000422
iter 85: per_iter_time_cuda = 0.007780

iter 86: slack_cuda = 0.003962
iter 86: cpu_time_cuda = 0.005183
iter 86: gpu_time_cuda = 0.001222
iter 86: download_copy_time_cuda = 0.000262
iter 86: upload_copy_time_cuda = 0.000411
iter 86: per_iter_time_cuda = 0.007387

iter 87: slack_cuda = 0.003775
iter 87: cpu_time_cuda = 0.004890
iter 87: gpu_time_cuda = 0.001115
iter 87: download_copy_time_cuda = 0.000251
iter 87: upload_copy_time_cuda = 0.000408
iter 87: per_iter_time_cuda = 0.006956

iter 88: slack_cuda = 0.003530
iter 88: cpu_time_cuda = 0.004547
iter 88: gpu_time_cuda = 0.001016
iter 88: download_copy_time_cuda = 0.000232
iter 88: upload_copy_time_cuda = 0.000409
iter 88: per_iter_time_cuda = 0.006501

iter 89: slack_cuda = 0.003332
iter 89: cpu_time_cuda = 0.004243
iter 89: gpu_time_cuda = 0.000911
iter 89: download_copy_time_cuda = 0.000228
iter 89: upload_copy_time_cuda = 0.000422
iter 89: per_iter_time_cuda = 0.006092

iter 90: slack_cuda = 0.003074
iter 90: cpu_time_cuda = 0.003945
iter 90: gpu_time_cuda = 0.000871
iter 90: download_copy_time_cuda = 0.000214
iter 90: upload_copy_time_cuda = 0.000404
iter 90: per_iter_time_cuda = 0.005730

iter 91: slack_cuda = 0.002934
iter 91: cpu_time_cuda = 0.003640
iter 91: gpu_time_cuda = 0.000706
iter 91: download_copy_time_cuda = 0.000191
iter 91: upload_copy_time_cuda = 0.000407
iter 91: per_iter_time_cuda = 0.005226

iter 92: slack_cuda = 0.002683
iter 92: cpu_time_cuda = 0.003338
iter 92: gpu_time_cuda = 0.000656
iter 92: download_copy_time_cuda = 0.000181
iter 92: upload_copy_time_cuda = 0.000409
iter 92: per_iter_time_cuda = 0.004862

iter 93: slack_cuda = 0.002514
iter 93: cpu_time_cuda = 0.003077
iter 93: gpu_time_cuda = 0.000563
iter 93: download_copy_time_cuda = 0.000167
iter 93: upload_copy_time_cuda = 0.000399
iter 93: per_iter_time_cuda = 0.004475

iter 94: slack_cuda = 0.002365
iter 94: cpu_time_cuda = 0.002884
iter 94: gpu_time_cuda = 0.000518
iter 94: download_copy_time_cuda = 0.000153
iter 94: upload_copy_time_cuda = 0.000392
iter 94: per_iter_time_cuda = 0.004211

iter 95: slack_cuda = 0.002152
iter 95: cpu_time_cuda = 0.002591
iter 95: gpu_time_cuda = 0.000439
iter 95: download_copy_time_cuda = 0.000145
iter 95: upload_copy_time_cuda = 0.000397
iter 95: per_iter_time_cuda = 0.003840

iter 96: slack_cuda = 0.001853
iter 96: cpu_time_cuda = 0.002218
iter 96: gpu_time_cuda = 0.000365
iter 96: download_copy_time_cuda = 0.000143
iter 96: upload_copy_time_cuda = 0.000404
iter 96: per_iter_time_cuda = 0.003410

iter 97: slack_cuda = 0.001607
iter 97: cpu_time_cuda = 0.001923
iter 97: gpu_time_cuda = 0.000316
iter 97: download_copy_time_cuda = 0.000140
iter 97: upload_copy_time_cuda = 0.000379
iter 97: per_iter_time_cuda = 0.003013

iter 98: slack_cuda = 0.001377
iter 98: cpu_time_cuda = 0.001643
iter 98: gpu_time_cuda = 0.000266
iter 98: download_copy_time_cuda = 0.000118
iter 98: upload_copy_time_cuda = 0.000379
iter 98: per_iter_time_cuda = 0.002662

iter 99: slack_cuda = 0.001154
iter 99: cpu_time_cuda = 0.001377
iter 99: gpu_time_cuda = 0.000223
iter 99: download_copy_time_cuda = 0.000113
iter 99: upload_copy_time_cuda = 0.000381
iter 99: per_iter_time_cuda = 0.002346

iter 100: slack_cuda = 0.000942
iter 100: cpu_time_cuda = 0.001146
iter 100: gpu_time_cuda = 0.000204
iter 100: download_copy_time_cuda = 0.000109
iter 100: upload_copy_time_cuda = 0.000395
iter 100: per_iter_time_cuda = 0.002105

iter 101: slack_cuda = 0.000428
iter 101: cpu_time_cuda = 0.000619
iter 101: gpu_time_cuda = 0.000191
iter 101: download_copy_time_cuda = 0.000096
iter 101: upload_copy_time_cuda = 0.000377
iter 101: per_iter_time_cuda = 0.001518

total_slack_overflow = -0.003922
total_cpu_time_cuda = 1.560759
total_gpu_time_cuda = 1.111140
total_copy_time_cuda = 0.158453
main_loop_time_cuda = 2.887617
Normalized difference of predicted CPU runtime per iteration is: 0.000000%
Normalized difference of predicted GPU runtime per iteration is: 0.000000%
Normalized difference of predicted slack per iteration is: 0.000000%
10240 10240     ---   (  ---  )    224.31 (   3.19)     ---   
total_time = 7.024763
6.22user 1.15system 0:08.58elapsed 85%CPU (0avgtext+0avgdata 972920maxresident)k
3920inputs+0outputs (1major+225542minor)pagefaults 0swaps
send out message: 22 3 log
