send out message: 24 37 /home/lchen/MAGMA/magma-1.6.1/results
send out message: 20 26 MAGMA_LU_GPUDVFS.total.pwr
MAGMA 1.6.1  compiled for CUDA capability >= 3.0
CUDA runtime 5000, driver 6050. MAGMA not compiled with OpenMP. 
ndevices 1
device 0: Tesla K20c, 705.5 MHz clock, 4799.6 MB memory, capability 3.5
Usage: /home/lchen/MAGMA/magma-1.6.1/testing/testing_dpotrf [options] [-h|--help]

ngpu = 1, uplo = Lower
    N   CPU GFlop/s (sec)   GPU GFlop/s (sec)   ||R_magma - R_lapack||_F / ||R_lapack||_F
========================================================
init_time = 7.820910
iter 0: cpu_time_cuda = 0.000320
iter 0: gpu_time_dsyrk_cuda = 0.000007
iter 0: gpu_time_dgemm_cuda = 0.000007
iter 0: gpu_time_dtrsm_cuda = 0.001522
iter 0: upload_copy_time1_cuda = 0.002032
iter 0: download_copy_time1_cuda = 0.000077
iter 0: upload_copy_time2_cuda = 0.000045
iter 0: download_copy_time2_cuda = 0.000002

iter 1: cpu_time_cuda = 0.000238
iter 1: gpu_time_dsyrk_cuda = 0.000075
iter 1: gpu_time_dgemm_cuda = 0.000706
iter 1: gpu_time_dtrsm_cuda = 0.001476
iter 1: upload_copy_time1_cuda = 0.002067
iter 1: download_copy_time1_cuda = 0.000060
iter 1: upload_copy_time2_cuda = 0.000056
iter 1: download_copy_time2_cuda = 0.000070

iter 2: cpu_time_cuda = 0.000231
iter 2: gpu_time_dsyrk_cuda = 0.000091
iter 2: gpu_time_dgemm_cuda = 0.001154
iter 2: gpu_time_dtrsm_cuda = 0.001473
iter 2: upload_copy_time1_cuda = 0.002039
iter 2: download_copy_time1_cuda = 0.000061
iter 2: upload_copy_time2_cuda = 0.000055
iter 2: download_copy_time2_cuda = 0.000109

iter 3: cpu_time_cuda = 0.000227
iter 3: gpu_time_dsyrk_cuda = 0.000113
iter 3: gpu_time_dgemm_cuda = 0.001425
iter 3: gpu_time_dtrsm_cuda = 0.001466
iter 3: upload_copy_time1_cuda = 0.002019
iter 3: download_copy_time1_cuda = 0.000061
iter 3: upload_copy_time2_cuda = 0.000055
iter 3: download_copy_time2_cuda = 0.000162

iter 4: cpu_time_cuda = 0.000227
iter 4: gpu_time_dsyrk_cuda = 0.000134
iter 4: gpu_time_dgemm_cuda = 0.001811
iter 4: gpu_time_dtrsm_cuda = 0.001474
iter 4: upload_copy_time1_cuda = 0.002006
iter 4: download_copy_time1_cuda = 0.000072
iter 4: upload_copy_time2_cuda = 0.000056
iter 4: download_copy_time2_cuda = 0.000205

iter 5: cpu_time_cuda = 0.000232
iter 5: gpu_time_dsyrk_cuda = 0.000153
iter 5: gpu_time_dgemm_cuda = 0.002155
iter 5: gpu_time_dtrsm_cuda = 0.001445
iter 5: upload_copy_time1_cuda = 0.001996
iter 5: download_copy_time1_cuda = 0.000063
iter 5: upload_copy_time2_cuda = 0.000057
iter 5: download_copy_time2_cuda = 0.000254

iter 6: cpu_time_cuda = 0.000223
iter 6: gpu_time_dsyrk_cuda = 0.000175
iter 6: gpu_time_dgemm_cuda = 0.002503
iter 6: gpu_time_dtrsm_cuda = 0.001453
iter 6: upload_copy_time1_cuda = 0.001981
iter 6: download_copy_time1_cuda = 0.000062
iter 6: upload_copy_time2_cuda = 0.000056
iter 6: download_copy_time2_cuda = 0.000295

iter 7: cpu_time_cuda = 0.000223
iter 7: gpu_time_dsyrk_cuda = 0.000196
iter 7: gpu_time_dgemm_cuda = 0.002829
iter 7: gpu_time_dtrsm_cuda = 0.001453
iter 7: upload_copy_time1_cuda = 0.001968
iter 7: download_copy_time1_cuda = 0.000062
iter 7: upload_copy_time2_cuda = 0.000054
iter 7: download_copy_time2_cuda = 0.000349

iter 8: cpu_time_cuda = 0.000217
iter 8: gpu_time_dsyrk_cuda = 0.000212
iter 8: gpu_time_dgemm_cuda = 0.003192
iter 8: gpu_time_dtrsm_cuda = 0.001439
iter 8: upload_copy_time1_cuda = 0.001951
iter 8: download_copy_time1_cuda = 0.000062
iter 8: upload_copy_time2_cuda = 0.000055
iter 8: download_copy_time2_cuda = 0.000390

iter 9: cpu_time_cuda = 0.000224
iter 9: gpu_time_dsyrk_cuda = 0.000234
iter 9: gpu_time_dgemm_cuda = 0.003559
iter 9: gpu_time_dtrsm_cuda = 0.001444
iter 9: upload_copy_time1_cuda = 0.001945
iter 9: download_copy_time1_cuda = 0.000063
iter 9: upload_copy_time2_cuda = 0.000057
iter 9: download_copy_time2_cuda = 0.000445

iter 10: cpu_time_cuda = 0.000222
iter 10: gpu_time_dsyrk_cuda = 0.000254
iter 10: gpu_time_dgemm_cuda = 0.003879
iter 10: gpu_time_dtrsm_cuda = 0.001449
iter 10: upload_copy_time1_cuda = 0.001915
iter 10: download_copy_time1_cuda = 0.000062
iter 10: upload_copy_time2_cuda = 0.000063
iter 10: download_copy_time2_cuda = 0.000484

iter 11: cpu_time_cuda = 0.000220
iter 11: gpu_time_dsyrk_cuda = 0.000279
iter 11: gpu_time_dgemm_cuda = 0.004298
iter 11: gpu_time_dtrsm_cuda = 0.004464
iter 11: upload_copy_time1_cuda = 0.001917
iter 11: download_copy_time1_cuda = 0.000062
iter 11: upload_copy_time2_cuda = 0.000055
iter 11: download_copy_time2_cuda = 0.000530

iter 12: cpu_time_cuda = 0.000222
iter 12: gpu_time_dsyrk_cuda = 0.000296
iter 12: gpu_time_dgemm_cuda = 0.004425
iter 12: gpu_time_dtrsm_cuda = 0.001412
iter 12: upload_copy_time1_cuda = 0.001917
iter 12: download_copy_time1_cuda = 0.000070
iter 12: upload_copy_time2_cuda = 0.000055
iter 12: download_copy_time2_cuda = 0.000580

iter 13: cpu_time_cuda = 0.000219
iter 13: gpu_time_dsyrk_cuda = 0.000318
iter 13: gpu_time_dgemm_cuda = 0.005017
iter 13: gpu_time_dtrsm_cuda = 0.001425
iter 13: upload_copy_time1_cuda = 0.001881
iter 13: download_copy_time1_cuda = 0.000070
iter 13: upload_copy_time2_cuda = 0.000056
iter 13: download_copy_time2_cuda = 0.000638

iter 14: cpu_time_cuda = 0.000225
iter 14: gpu_time_dsyrk_cuda = 0.000338
iter 14: gpu_time_dgemm_cuda = 0.005353
iter 14: gpu_time_dtrsm_cuda = 0.001392
iter 14: upload_copy_time1_cuda = 0.001877
iter 14: download_copy_time1_cuda = 0.000070
iter 14: upload_copy_time2_cuda = 0.000055
iter 14: download_copy_time2_cuda = 0.000679

iter 15: cpu_time_cuda = 0.000219
iter 15: gpu_time_dsyrk_cuda = 0.000360
iter 15: gpu_time_dgemm_cuda = 0.005661
iter 15: gpu_time_dtrsm_cuda = 0.001380
iter 15: upload_copy_time1_cuda = 0.001861
iter 15: download_copy_time1_cuda = 0.000068
iter 15: upload_copy_time2_cuda = 0.000055
iter 15: download_copy_time2_cuda = 0.000713

iter 16: cpu_time_cuda = 0.000220
iter 16: gpu_time_dsyrk_cuda = 0.000377
iter 16: gpu_time_dgemm_cuda = 0.005753
iter 16: gpu_time_dtrsm_cuda = 0.001393
iter 16: upload_copy_time1_cuda = 0.001848
iter 16: download_copy_time1_cuda = 0.000062
iter 16: upload_copy_time2_cuda = 0.000055
iter 16: download_copy_time2_cuda = 0.000760

iter 17: cpu_time_cuda = 0.000241
iter 17: gpu_time_dsyrk_cuda = 0.000400
iter 17: gpu_time_dgemm_cuda = 0.006089
iter 17: gpu_time_dtrsm_cuda = 0.001401
iter 17: upload_copy_time1_cuda = 0.001833
iter 17: download_copy_time1_cuda = 0.000069
iter 17: upload_copy_time2_cuda = 0.000065
iter 17: download_copy_time2_cuda = 0.000811

iter 18: cpu_time_cuda = 0.000218
iter 18: gpu_time_dsyrk_cuda = 0.000421
iter 18: gpu_time_dgemm_cuda = 0.006444
iter 18: gpu_time_dtrsm_cuda = 0.001397
iter 18: upload_copy_time1_cuda = 0.001821
iter 18: download_copy_time1_cuda = 0.000070
iter 18: upload_copy_time2_cuda = 0.000056
iter 18: download_copy_time2_cuda = 0.000883

iter 19: cpu_time_cuda = 0.000241
iter 19: gpu_time_dsyrk_cuda = 0.000443
iter 19: gpu_time_dgemm_cuda = 0.006354
iter 19: gpu_time_dtrsm_cuda = 0.001383
iter 19: upload_copy_time1_cuda = 0.001809
iter 19: download_copy_time1_cuda = 0.000070
iter 19: upload_copy_time2_cuda = 0.000055
iter 19: download_copy_time2_cuda = 0.000905

iter 20: cpu_time_cuda = 0.000221
iter 20: gpu_time_dsyrk_cuda = 0.000462
iter 20: gpu_time_dgemm_cuda = 0.006679
iter 20: gpu_time_dtrsm_cuda = 0.001381
iter 20: upload_copy_time1_cuda = 0.001798
iter 20: download_copy_time1_cuda = 0.000071
iter 20: upload_copy_time2_cuda = 0.000055
iter 20: download_copy_time2_cuda = 0.000948

iter 21: cpu_time_cuda = 0.000223
iter 21: gpu_time_dsyrk_cuda = 0.000484
iter 21: gpu_time_dgemm_cuda = 0.006989
iter 21: gpu_time_dtrsm_cuda = 0.003414
iter 21: upload_copy_time1_cuda = 0.001783
iter 21: download_copy_time1_cuda = 0.000071
iter 21: upload_copy_time2_cuda = 0.000056
iter 21: download_copy_time2_cuda = 0.001003

iter 22: cpu_time_cuda = 0.000222
iter 22: gpu_time_dsyrk_cuda = 0.000506
iter 22: gpu_time_dgemm_cuda = 0.007304
iter 22: gpu_time_dtrsm_cuda = 0.001376
iter 22: upload_copy_time1_cuda = 0.001805
iter 22: download_copy_time1_cuda = 0.000072
iter 22: upload_copy_time2_cuda = 0.000056
iter 22: download_copy_time2_cuda = 0.001078

iter 23: cpu_time_cuda = 0.000222
iter 23: gpu_time_dsyrk_cuda = 0.000525
iter 23: gpu_time_dgemm_cuda = 0.007570
iter 23: gpu_time_dtrsm_cuda = 0.001344
iter 23: upload_copy_time1_cuda = 0.001763
iter 23: download_copy_time1_cuda = 0.000063
iter 23: upload_copy_time2_cuda = 0.000056
iter 23: download_copy_time2_cuda = 0.001096

iter 24: cpu_time_cuda = 0.000223
iter 24: gpu_time_dsyrk_cuda = 0.000543
iter 24: gpu_time_dgemm_cuda = 0.007901
iter 24: gpu_time_dtrsm_cuda = 0.001367
iter 24: upload_copy_time1_cuda = 0.001737
iter 24: download_copy_time1_cuda = 0.000066
iter 24: upload_copy_time2_cuda = 0.000056
iter 24: download_copy_time2_cuda = 0.001133

iter 25: cpu_time_cuda = 0.000222
iter 25: gpu_time_dsyrk_cuda = 0.000571
iter 25: gpu_time_dgemm_cuda = 0.008220
iter 25: gpu_time_dtrsm_cuda = 0.001351
iter 25: upload_copy_time1_cuda = 0.001746
iter 25: download_copy_time1_cuda = 0.000063
iter 25: upload_copy_time2_cuda = 0.000054
iter 25: download_copy_time2_cuda = 0.001181

iter 26: cpu_time_cuda = 0.000223
iter 26: gpu_time_dsyrk_cuda = 0.000587
iter 26: gpu_time_dgemm_cuda = 0.008528
iter 26: gpu_time_dtrsm_cuda = 0.001344
iter 26: upload_copy_time1_cuda = 0.001734
iter 26: download_copy_time1_cuda = 0.000071
iter 26: upload_copy_time2_cuda = 0.000056
iter 26: download_copy_time2_cuda = 0.001232

iter 27: cpu_time_cuda = 0.000223
iter 27: gpu_time_dsyrk_cuda = 0.000608
iter 27: gpu_time_dgemm_cuda = 0.008866
iter 27: gpu_time_dtrsm_cuda = 0.001339
iter 27: upload_copy_time1_cuda = 0.001730
iter 27: download_copy_time1_cuda = 0.000063
iter 27: upload_copy_time2_cuda = 0.000057
iter 27: download_copy_time2_cuda = 0.001317

iter 28: cpu_time_cuda = 0.000221
iter 28: gpu_time_dsyrk_cuda = 0.000628
iter 28: gpu_time_dgemm_cuda = 0.009187
iter 28: gpu_time_dtrsm_cuda = 0.001325
iter 28: upload_copy_time1_cuda = 0.001683
iter 28: download_copy_time1_cuda = 0.000071
iter 28: upload_copy_time2_cuda = 0.000056
iter 28: download_copy_time2_cuda = 0.001325

iter 29: cpu_time_cuda = 0.000222
iter 29: gpu_time_dsyrk_cuda = 0.000650
iter 29: gpu_time_dgemm_cuda = 0.009471
iter 29: gpu_time_dtrsm_cuda = 0.001948
iter 29: upload_copy_time1_cuda = 0.001673
iter 29: download_copy_time1_cuda = 0.000063
iter 29: upload_copy_time2_cuda = 0.000055
iter 29: download_copy_time2_cuda = 0.001375

iter 30: cpu_time_cuda = 0.000222
iter 30: gpu_time_dsyrk_cuda = 0.000670
iter 30: gpu_time_dgemm_cuda = 0.009844
iter 30: gpu_time_dtrsm_cuda = 0.001319
iter 30: upload_copy_time1_cuda = 0.001672
iter 30: download_copy_time1_cuda = 0.000062
iter 30: upload_copy_time2_cuda = 0.000056
iter 30: download_copy_time2_cuda = 0.001422

iter 31: cpu_time_cuda = 0.000226
iter 31: gpu_time_dsyrk_cuda = 0.000691
iter 31: gpu_time_dgemm_cuda = 0.010063
iter 31: gpu_time_dtrsm_cuda = 0.001295
iter 31: upload_copy_time1_cuda = 0.001637
iter 31: download_copy_time1_cuda = 0.000071
iter 31: upload_copy_time2_cuda = 0.000056
iter 31: download_copy_time2_cuda = 0.001477

iter 32: cpu_time_cuda = 0.000224
iter 32: gpu_time_dsyrk_cuda = 0.000710
iter 32: gpu_time_dgemm_cuda = 0.010390
iter 32: gpu_time_dtrsm_cuda = 0.001315
iter 32: upload_copy_time1_cuda = 0.001646
iter 32: download_copy_time1_cuda = 0.000063
iter 32: upload_copy_time2_cuda = 0.000056
iter 32: download_copy_time2_cuda = 0.001512

iter 33: cpu_time_cuda = 0.000233
iter 33: gpu_time_dsyrk_cuda = 0.000734
iter 33: gpu_time_dgemm_cuda = 0.010177
iter 33: gpu_time_dtrsm_cuda = 0.001328
iter 33: upload_copy_time1_cuda = 0.001616
iter 33: download_copy_time1_cuda = 0.000063
iter 33: upload_copy_time2_cuda = 0.000056
iter 33: download_copy_time2_cuda = 0.001581

iter 34: cpu_time_cuda = 0.000225
iter 34: gpu_time_dsyrk_cuda = 0.000753
iter 34: gpu_time_dgemm_cuda = 0.010483
iter 34: gpu_time_dtrsm_cuda = 0.001307
iter 34: upload_copy_time1_cuda = 0.001629
iter 34: download_copy_time1_cuda = 0.000078
iter 34: upload_copy_time2_cuda = 0.000055
iter 34: download_copy_time2_cuda = 0.001600

iter 35: cpu_time_cuda = 0.000237
iter 35: gpu_time_dsyrk_cuda = 0.000775
iter 35: gpu_time_dgemm_cuda = 0.010793
iter 35: gpu_time_dtrsm_cuda = 0.001305
iter 35: upload_copy_time1_cuda = 0.001586
iter 35: download_copy_time1_cuda = 0.000062
iter 35: upload_copy_time2_cuda = 0.000056
iter 35: download_copy_time2_cuda = 0.001648

iter 36: cpu_time_cuda = 0.000221
iter 36: gpu_time_dsyrk_cuda = 0.000796
iter 36: gpu_time_dgemm_cuda = 0.010305
iter 36: gpu_time_dtrsm_cuda = 0.001303
iter 36: upload_copy_time1_cuda = 0.001581
iter 36: download_copy_time1_cuda = 0.000070
iter 36: upload_copy_time2_cuda = 0.000057
iter 36: download_copy_time2_cuda = 0.001749

iter 37: cpu_time_cuda = 0.000223
iter 37: gpu_time_dsyrk_cuda = 0.000813
iter 37: gpu_time_dgemm_cuda = 0.010559
iter 37: gpu_time_dtrsm_cuda = 0.001295
iter 37: upload_copy_time1_cuda = 0.001566
iter 37: download_copy_time1_cuda = 0.000062
iter 37: upload_copy_time2_cuda = 0.000056
iter 37: download_copy_time2_cuda = 0.001752

iter 38: cpu_time_cuda = 0.000221
iter 38: gpu_time_dsyrk_cuda = 0.000836
iter 38: gpu_time_dgemm_cuda = 0.010825
iter 38: gpu_time_dtrsm_cuda = 0.001277
iter 38: upload_copy_time1_cuda = 0.001543
iter 38: download_copy_time1_cuda = 0.000063
iter 38: upload_copy_time2_cuda = 0.000055
iter 38: download_copy_time2_cuda = 0.001800

iter 39: cpu_time_cuda = 0.000229
iter 39: gpu_time_dsyrk_cuda = 0.000858
iter 39: gpu_time_dgemm_cuda = 0.011067
iter 39: gpu_time_dtrsm_cuda = 0.001263
iter 39: upload_copy_time1_cuda = 0.001532
iter 39: download_copy_time1_cuda = 0.000063
iter 39: upload_copy_time2_cuda = 0.000055
iter 39: download_copy_time2_cuda = 0.001831

iter 40: cpu_time_cuda = 0.000220
iter 40: gpu_time_dsyrk_cuda = 0.000875
iter 40: gpu_time_dgemm_cuda = 0.011365
iter 40: gpu_time_dtrsm_cuda = 0.001275
iter 40: upload_copy_time1_cuda = 0.001516
iter 40: download_copy_time1_cuda = 0.000072
iter 40: upload_copy_time2_cuda = 0.000056
iter 40: download_copy_time2_cuda = 0.001897

iter 41: cpu_time_cuda = 0.000223
iter 41: gpu_time_dsyrk_cuda = 0.000897
iter 41: gpu_time_dgemm_cuda = 0.011630
iter 41: gpu_time_dtrsm_cuda = 0.001270
iter 41: upload_copy_time1_cuda = 0.001506
iter 41: download_copy_time1_cuda = 0.000070
iter 41: upload_copy_time2_cuda = 0.000057
iter 41: download_copy_time2_cuda = 0.001985

iter 42: cpu_time_cuda = 0.000219
iter 42: gpu_time_dsyrk_cuda = 0.000915
iter 42: gpu_time_dgemm_cuda = 0.011901
iter 42: gpu_time_dtrsm_cuda = 0.004249
iter 42: upload_copy_time1_cuda = 0.001499
iter 42: download_copy_time1_cuda = 0.000062
iter 42: upload_copy_time2_cuda = 0.000055
iter 42: download_copy_time2_cuda = 0.001982

iter 43: cpu_time_cuda = 0.000222
iter 43: gpu_time_dsyrk_cuda = 0.000939
iter 43: gpu_time_dgemm_cuda = 0.012194
iter 43: gpu_time_dtrsm_cuda = 0.001261
iter 43: upload_copy_time1_cuda = 0.001509
iter 43: download_copy_time1_cuda = 0.000063
iter 43: upload_copy_time2_cuda = 0.000056
iter 43: download_copy_time2_cuda = 0.002015

iter 44: cpu_time_cuda = 0.000227
iter 44: gpu_time_dsyrk_cuda = 0.000960
iter 44: gpu_time_dgemm_cuda = 0.012472
iter 44: gpu_time_dtrsm_cuda = 0.001261
iter 44: upload_copy_time1_cuda = 0.001463
iter 44: download_copy_time1_cuda = 0.000061
iter 44: upload_copy_time2_cuda = 0.000056
iter 44: download_copy_time2_cuda = 0.002066

iter 45: cpu_time_cuda = 0.000224
iter 45: gpu_time_dsyrk_cuda = 0.000983
iter 45: gpu_time_dgemm_cuda = 0.012729
iter 45: gpu_time_dtrsm_cuda = 0.001252
iter 45: upload_copy_time1_cuda = 0.001451
iter 45: download_copy_time1_cuda = 0.000063
iter 45: upload_copy_time2_cuda = 0.000057
iter 45: download_copy_time2_cuda = 0.002180

iter 46: cpu_time_cuda = 0.000228
iter 46: gpu_time_dsyrk_cuda = 0.000999
iter 46: gpu_time_dgemm_cuda = 0.012991
iter 46: gpu_time_dtrsm_cuda = 0.001254
iter 46: upload_copy_time1_cuda = 0.001445
iter 46: download_copy_time1_cuda = 0.000066
iter 46: upload_copy_time2_cuda = 0.000056
iter 46: download_copy_time2_cuda = 0.002179

iter 47: cpu_time_cuda = 0.000230
iter 47: gpu_time_dsyrk_cuda = 0.001022
iter 47: gpu_time_dgemm_cuda = 0.013205
iter 47: gpu_time_dtrsm_cuda = 0.001222
iter 47: upload_copy_time1_cuda = 0.001414
iter 47: download_copy_time1_cuda = 0.000062
iter 47: upload_copy_time2_cuda = 0.000056
iter 47: download_copy_time2_cuda = 0.002213

iter 48: cpu_time_cuda = 0.000224
iter 48: gpu_time_dsyrk_cuda = 0.001042
iter 48: gpu_time_dgemm_cuda = 0.012794
iter 48: gpu_time_dtrsm_cuda = 0.001254
iter 48: upload_copy_time1_cuda = 0.001399
iter 48: download_copy_time1_cuda = 0.000063
iter 48: upload_copy_time2_cuda = 0.000056
iter 48: download_copy_time2_cuda = 0.002256

iter 49: cpu_time_cuda = 0.000227
iter 49: gpu_time_dsyrk_cuda = 0.001064
iter 49: gpu_time_dgemm_cuda = 0.013772
iter 49: gpu_time_dtrsm_cuda = 0.001244
iter 49: upload_copy_time1_cuda = 0.001389
iter 49: download_copy_time1_cuda = 0.000063
iter 49: upload_copy_time2_cuda = 0.000056
iter 49: download_copy_time2_cuda = 0.002308

iter 50: cpu_time_cuda = 0.000221
iter 50: gpu_time_dsyrk_cuda = 0.001085
iter 50: gpu_time_dgemm_cuda = 0.013263
iter 50: gpu_time_dtrsm_cuda = 0.001221
iter 50: upload_copy_time1_cuda = 0.001385
iter 50: download_copy_time1_cuda = 0.000071
iter 50: upload_copy_time2_cuda = 0.000056
iter 50: download_copy_time2_cuda = 0.002413

iter 51: cpu_time_cuda = 0.000223
iter 51: gpu_time_dsyrk_cuda = 0.001104
iter 51: gpu_time_dgemm_cuda = 0.013545
iter 51: gpu_time_dtrsm_cuda = 0.001223
iter 51: upload_copy_time1_cuda = 0.001374
iter 51: download_copy_time1_cuda = 0.000072
iter 51: upload_copy_time2_cuda = 0.000056
iter 51: download_copy_time2_cuda = 0.002404

iter 52: cpu_time_cuda = 0.000225
iter 52: gpu_time_dsyrk_cuda = 0.001127
iter 52: gpu_time_dgemm_cuda = 0.012611
iter 52: gpu_time_dtrsm_cuda = 0.001216
iter 52: upload_copy_time1_cuda = 0.001365
iter 52: download_copy_time1_cuda = 0.000062
iter 52: upload_copy_time2_cuda = 0.000056
iter 52: download_copy_time2_cuda = 0.002424

iter 53: cpu_time_cuda = 0.000221
iter 53: gpu_time_dsyrk_cuda = 0.001147
iter 53: gpu_time_dgemm_cuda = 0.012850
iter 53: gpu_time_dtrsm_cuda = 0.007398
iter 53: upload_copy_time1_cuda = 0.001347
iter 53: download_copy_time1_cuda = 0.000071
iter 53: upload_copy_time2_cuda = 0.000055
iter 53: download_copy_time2_cuda = 0.002499

iter 54: cpu_time_cuda = 0.000237
iter 54: gpu_time_dsyrk_cuda = 0.001169
iter 54: gpu_time_dgemm_cuda = 0.013112
iter 54: gpu_time_dtrsm_cuda = 0.001209
iter 54: upload_copy_time1_cuda = 0.001353
iter 54: download_copy_time1_cuda = 0.000070
iter 54: upload_copy_time2_cuda = 0.000056
iter 54: download_copy_time2_cuda = 0.002624

iter 55: cpu_time_cuda = 0.000222
iter 55: gpu_time_dsyrk_cuda = 0.001189
iter 55: gpu_time_dgemm_cuda = 0.013263
iter 55: gpu_time_dtrsm_cuda = 0.001182
iter 55: upload_copy_time1_cuda = 0.001324
iter 55: download_copy_time1_cuda = 0.000062
iter 55: upload_copy_time2_cuda = 0.000056
iter 55: download_copy_time2_cuda = 0.002587

iter 56: cpu_time_cuda = 0.000221
iter 56: gpu_time_dsyrk_cuda = 0.001207
iter 56: gpu_time_dgemm_cuda = 0.013503
iter 56: gpu_time_dtrsm_cuda = 0.001189
iter 56: upload_copy_time1_cuda = 0.001309
iter 56: download_copy_time1_cuda = 0.000063
iter 56: upload_copy_time2_cuda = 0.000056
iter 56: download_copy_time2_cuda = 0.002626

iter 57: cpu_time_cuda = 0.000232
iter 57: gpu_time_dsyrk_cuda = 0.001226
iter 57: gpu_time_dgemm_cuda = 0.013745
iter 57: gpu_time_dtrsm_cuda = 0.001185
iter 57: upload_copy_time1_cuda = 0.001295
iter 57: download_copy_time1_cuda = 0.000062
iter 57: upload_copy_time2_cuda = 0.000056
iter 57: download_copy_time2_cuda = 0.002663

iter 58: cpu_time_cuda = 0.000223
iter 58: gpu_time_dsyrk_cuda = 0.001251
iter 58: gpu_time_dgemm_cuda = 0.013938
iter 58: gpu_time_dtrsm_cuda = 0.005854
iter 58: upload_copy_time1_cuda = 0.001276
iter 58: download_copy_time1_cuda = 0.000070
iter 58: upload_copy_time2_cuda = 0.000055
iter 58: download_copy_time2_cuda = 0.002746

iter 59: cpu_time_cuda = 0.000228
iter 59: gpu_time_dsyrk_cuda = 0.001269
iter 59: gpu_time_dgemm_cuda = 0.014205
iter 59: gpu_time_dtrsm_cuda = 0.001188
iter 59: upload_copy_time1_cuda = 0.001263
iter 59: download_copy_time1_cuda = 0.000069
iter 59: upload_copy_time2_cuda = 0.000057
iter 59: download_copy_time2_cuda = 0.002834

iter 60: cpu_time_cuda = 0.000221
iter 60: gpu_time_dsyrk_cuda = 0.001287
iter 60: gpu_time_dgemm_cuda = 0.014483
iter 60: gpu_time_dtrsm_cuda = 0.001174
iter 60: upload_copy_time1_cuda = 0.001254
iter 60: download_copy_time1_cuda = 0.000071
iter 60: upload_copy_time2_cuda = 0.000055
iter 60: download_copy_time2_cuda = 0.002816

iter 61: cpu_time_cuda = 0.000227
iter 61: gpu_time_dsyrk_cuda = 0.001315
iter 61: gpu_time_dgemm_cuda = 0.014661
iter 61: gpu_time_dtrsm_cuda = 0.001151
iter 61: upload_copy_time1_cuda = 0.001243
iter 61: download_copy_time1_cuda = 0.000063
iter 61: upload_copy_time2_cuda = 0.000056
iter 61: download_copy_time2_cuda = 0.002869

iter 62: cpu_time_cuda = 0.000222
iter 62: gpu_time_dsyrk_cuda = 0.001334
iter 62: gpu_time_dgemm_cuda = 0.014055
iter 62: gpu_time_dtrsm_cuda = 0.001147
iter 62: upload_copy_time1_cuda = 0.001220
iter 62: download_copy_time1_cuda = 0.000063
iter 62: upload_copy_time2_cuda = 0.000055
iter 62: download_copy_time2_cuda = 0.002926

iter 63: cpu_time_cuda = 0.000220
iter 63: gpu_time_dsyrk_cuda = 0.001353
iter 63: gpu_time_dgemm_cuda = 0.014096
iter 63: gpu_time_dtrsm_cuda = 0.001125
iter 63: upload_copy_time1_cuda = 0.001216
iter 63: download_copy_time1_cuda = 0.000070
iter 63: upload_copy_time2_cuda = 0.000056
iter 63: download_copy_time2_cuda = 0.002974

iter 64: cpu_time_cuda = 0.000226
iter 64: gpu_time_dsyrk_cuda = 0.001373
iter 64: gpu_time_dgemm_cuda = 0.015360
iter 64: gpu_time_dtrsm_cuda = 0.001137
iter 64: upload_copy_time1_cuda = 0.001200
iter 64: download_copy_time1_cuda = 0.000069
iter 64: upload_copy_time2_cuda = 0.000056
iter 64: download_copy_time2_cuda = 0.003015

iter 65: cpu_time_cuda = 0.000226
iter 65: gpu_time_dsyrk_cuda = 0.001396
iter 65: gpu_time_dgemm_cuda = 0.014532
iter 65: gpu_time_dtrsm_cuda = 0.001131
iter 65: upload_copy_time1_cuda = 0.001188
iter 65: download_copy_time1_cuda = 0.000072
iter 65: upload_copy_time2_cuda = 0.000056
iter 65: download_copy_time2_cuda = 0.003057

iter 66: cpu_time_cuda = 0.000236
iter 66: gpu_time_dsyrk_cuda = 0.001418
iter 66: gpu_time_dgemm_cuda = 0.014769
iter 66: gpu_time_dtrsm_cuda = 0.001135
iter 66: upload_copy_time1_cuda = 0.001168
iter 66: download_copy_time1_cuda = 0.000063
iter 66: upload_copy_time2_cuda = 0.000055
iter 66: download_copy_time2_cuda = 0.003090

iter 67: cpu_time_cuda = 0.000223
iter 67: gpu_time_dsyrk_cuda = 0.001435
iter 67: gpu_time_dgemm_cuda = 0.015007
iter 67: gpu_time_dtrsm_cuda = 0.001141
iter 67: upload_copy_time1_cuda = 0.001154
iter 67: download_copy_time1_cuda = 0.000072
iter 67: upload_copy_time2_cuda = 0.000054
iter 67: download_copy_time2_cuda = 0.003132

iter 68: cpu_time_cuda = 0.000407
iter 68: gpu_time_dsyrk_cuda = 0.001457
iter 68: gpu_time_dgemm_cuda = 0.013689
iter 68: gpu_time_dtrsm_cuda = 0.001117
iter 68: upload_copy_time1_cuda = 0.001146
iter 68: download_copy_time1_cuda = 0.000063
iter 68: upload_copy_time2_cuda = 0.000056
iter 68: download_copy_time2_cuda = 0.003265

iter 69: cpu_time_cuda = 0.000417
iter 69: gpu_time_dsyrk_cuda = 0.001473
iter 69: gpu_time_dgemm_cuda = 0.013876
iter 69: gpu_time_dtrsm_cuda = 0.001105
iter 69: upload_copy_time1_cuda = 0.001127
iter 69: download_copy_time1_cuda = 0.000071
iter 69: upload_copy_time2_cuda = 0.000055
iter 69: download_copy_time2_cuda = 0.003261

iter 70: cpu_time_cuda = 0.000222
iter 70: gpu_time_dsyrk_cuda = 0.001496
iter 70: gpu_time_dgemm_cuda = 0.014127
iter 70: gpu_time_dtrsm_cuda = 0.001110
iter 70: upload_copy_time1_cuda = 0.001115
iter 70: download_copy_time1_cuda = 0.000072
iter 70: upload_copy_time2_cuda = 0.000055
iter 70: download_copy_time2_cuda = 0.003557

iter 71: cpu_time_cuda = 0.000223
iter 71: gpu_time_dsyrk_cuda = 0.001517
iter 71: gpu_time_dgemm_cuda = 0.014266
iter 71: gpu_time_dtrsm_cuda = 0.001095
iter 71: upload_copy_time1_cuda = 0.001097
iter 71: download_copy_time1_cuda = 0.000070
iter 71: upload_copy_time2_cuda = 0.000055
iter 71: download_copy_time2_cuda = 0.003568

iter 72: cpu_time_cuda = 0.000220
iter 72: gpu_time_dsyrk_cuda = 0.001535
iter 72: gpu_time_dgemm_cuda = 0.014495
iter 72: gpu_time_dtrsm_cuda = 0.001117
iter 72: upload_copy_time1_cuda = 0.001087
iter 72: download_copy_time1_cuda = 0.000071
iter 72: upload_copy_time2_cuda = 0.000056
iter 72: download_copy_time2_cuda = 0.003594

iter 73: cpu_time_cuda = 0.000231
iter 73: gpu_time_dsyrk_cuda = 0.001595
iter 73: gpu_time_dgemm_cuda = 0.014579
iter 73: gpu_time_dtrsm_cuda = 0.001085
iter 73: upload_copy_time1_cuda = 0.001081
iter 73: download_copy_time1_cuda = 0.000070
iter 73: upload_copy_time2_cuda = 0.000056
iter 73: download_copy_time2_cuda = 0.003711

iter 74: cpu_time_cuda = 0.000228
iter 74: gpu_time_dsyrk_cuda = 0.001584
iter 74: gpu_time_dgemm_cuda = 0.014839
iter 74: gpu_time_dtrsm_cuda = 0.001102
iter 74: upload_copy_time1_cuda = 0.001084
iter 74: download_copy_time1_cuda = 0.000069
iter 74: upload_copy_time2_cuda = 0.000056
iter 74: download_copy_time2_cuda = 0.003685

iter 75: cpu_time_cuda = 0.000227
iter 75: gpu_time_dsyrk_cuda = 0.001599
iter 75: gpu_time_dgemm_cuda = 0.014989
iter 75: gpu_time_dtrsm_cuda = 0.001084
iter 75: upload_copy_time1_cuda = 0.001046
iter 75: download_copy_time1_cuda = 0.000062
iter 75: upload_copy_time2_cuda = 0.000056
iter 75: download_copy_time2_cuda = 0.003666

iter 76: cpu_time_cuda = 0.000222
iter 76: gpu_time_dsyrk_cuda = 0.001624
iter 76: gpu_time_dgemm_cuda = 0.015190
iter 76: gpu_time_dtrsm_cuda = 0.001098
iter 76: upload_copy_time1_cuda = 0.001039
iter 76: download_copy_time1_cuda = 0.000062
iter 76: upload_copy_time2_cuda = 0.000055
iter 76: download_copy_time2_cuda = 0.003861

iter 77: cpu_time_cuda = 0.000224
iter 77: gpu_time_dsyrk_cuda = 0.001644
iter 77: gpu_time_dgemm_cuda = 0.015397
iter 77: gpu_time_dtrsm_cuda = 0.001073
iter 77: upload_copy_time1_cuda = 0.001021
iter 77: download_copy_time1_cuda = 0.000071
iter 77: upload_copy_time2_cuda = 0.000056
iter 77: download_copy_time2_cuda = 0.003911

iter 78: cpu_time_cuda = 0.000219
iter 78: gpu_time_dsyrk_cuda = 0.001665
iter 78: gpu_time_dgemm_cuda = 0.015581
iter 78: gpu_time_dtrsm_cuda = 0.003272
iter 78: upload_copy_time1_cuda = 0.001013
iter 78: download_copy_time1_cuda = 0.000062
iter 78: upload_copy_time2_cuda = 0.000056
iter 78: download_copy_time2_cuda = 0.003860

iter 79: cpu_time_cuda = 0.000225
iter 79: gpu_time_dsyrk_cuda = 0.001681
iter 79: gpu_time_dgemm_cuda = 0.015732
iter 79: gpu_time_dtrsm_cuda = 0.001067
iter 79: upload_copy_time1_cuda = 0.001010
iter 79: download_copy_time1_cuda = 0.000071
iter 79: upload_copy_time2_cuda = 0.000056
iter 79: download_copy_time2_cuda = 0.003914

iter 80: cpu_time_cuda = 0.000219
iter 80: gpu_time_dsyrk_cuda = 0.001701
iter 80: gpu_time_dgemm_cuda = 0.015974
iter 80: gpu_time_dtrsm_cuda = 0.001051
iter 80: upload_copy_time1_cuda = 0.000982
iter 80: download_copy_time1_cuda = 0.000062
iter 80: upload_copy_time2_cuda = 0.000056
iter 80: download_copy_time2_cuda = 0.003745

iter 81: cpu_time_cuda = 0.000223
iter 81: gpu_time_dsyrk_cuda = 0.001729
iter 81: gpu_time_dgemm_cuda = 0.014990
iter 81: gpu_time_dtrsm_cuda = 0.001057
iter 81: upload_copy_time1_cuda = 0.000972
iter 81: download_copy_time1_cuda = 0.000070
iter 81: upload_copy_time2_cuda = 0.000056
iter 81: download_copy_time2_cuda = 0.003808

iter 82: cpu_time_cuda = 0.000224
iter 82: gpu_time_dsyrk_cuda = 0.001753
iter 82: gpu_time_dgemm_cuda = 0.015035
iter 82: gpu_time_dtrsm_cuda = 0.001047
iter 82: upload_copy_time1_cuda = 0.000959
iter 82: download_copy_time1_cuda = 0.000072
iter 82: upload_copy_time2_cuda = 0.000056
iter 82: download_copy_time2_cuda = 0.003955

iter 83: cpu_time_cuda = 0.000227
iter 83: gpu_time_dsyrk_cuda = 0.001768
iter 83: gpu_time_dgemm_cuda = 0.015241
iter 83: gpu_time_dtrsm_cuda = 0.001046
iter 83: upload_copy_time1_cuda = 0.000945
iter 83: download_copy_time1_cuda = 0.000063
iter 83: upload_copy_time2_cuda = 0.000056
iter 83: download_copy_time2_cuda = 0.003899

iter 84: cpu_time_cuda = 0.000222
iter 84: gpu_time_dsyrk_cuda = 0.001789
iter 84: gpu_time_dgemm_cuda = 0.013499
iter 84: gpu_time_dtrsm_cuda = 0.001041
iter 84: upload_copy_time1_cuda = 0.000930
iter 84: download_copy_time1_cuda = 0.000063
iter 84: upload_copy_time2_cuda = 0.000055
iter 84: download_copy_time2_cuda = 0.003906

iter 85: cpu_time_cuda = 0.000230
iter 85: gpu_time_dsyrk_cuda = 0.001810
iter 85: gpu_time_dgemm_cuda = 0.013723
iter 85: gpu_time_dtrsm_cuda = 0.001031
iter 85: upload_copy_time1_cuda = 0.000910
iter 85: download_copy_time1_cuda = 0.000071
iter 85: upload_copy_time2_cuda = 0.000057
iter 85: download_copy_time2_cuda = 0.003987

iter 86: cpu_time_cuda = 0.000221
iter 86: gpu_time_dsyrk_cuda = 0.001831
iter 86: gpu_time_dgemm_cuda = 0.013815
iter 86: gpu_time_dtrsm_cuda = 0.001016
iter 86: upload_copy_time1_cuda = 0.000903
iter 86: download_copy_time1_cuda = 0.000071
iter 86: upload_copy_time2_cuda = 0.000056
iter 86: download_copy_time2_cuda = 0.004160

iter 87: cpu_time_cuda = 0.000223
iter 87: gpu_time_dsyrk_cuda = 0.001851
iter 87: gpu_time_dgemm_cuda = 0.013896
iter 87: gpu_time_dtrsm_cuda = 0.001016
iter 87: upload_copy_time1_cuda = 0.000892
iter 87: download_copy_time1_cuda = 0.000070
iter 87: upload_copy_time2_cuda = 0.000056
iter 87: download_copy_time2_cuda = 0.004095

iter 88: cpu_time_cuda = 0.000218
iter 88: gpu_time_dsyrk_cuda = 0.001868
iter 88: gpu_time_dgemm_cuda = 0.014096
iter 88: gpu_time_dtrsm_cuda = 0.001010
iter 88: upload_copy_time1_cuda = 0.000872
iter 88: download_copy_time1_cuda = 0.000063
iter 88: upload_copy_time2_cuda = 0.000056
iter 88: download_copy_time2_cuda = 0.004117

iter 89: cpu_time_cuda = 0.000224
iter 89: gpu_time_dsyrk_cuda = 0.001892
iter 89: gpu_time_dgemm_cuda = 0.014277
iter 89: gpu_time_dtrsm_cuda = 0.001034
iter 89: upload_copy_time1_cuda = 0.000858
iter 89: download_copy_time1_cuda = 0.000062
iter 89: upload_copy_time2_cuda = 0.000055
iter 89: download_copy_time2_cuda = 0.004115

iter 90: cpu_time_cuda = 0.000221
iter 90: gpu_time_dsyrk_cuda = 0.001914
iter 90: gpu_time_dgemm_cuda = 0.014369
iter 90: gpu_time_dtrsm_cuda = 0.001020
iter 90: upload_copy_time1_cuda = 0.000842
iter 90: download_copy_time1_cuda = 0.000063
iter 90: upload_copy_time2_cuda = 0.000055
iter 90: download_copy_time2_cuda = 0.004226

iter 91: cpu_time_cuda = 0.000225
iter 91: gpu_time_dsyrk_cuda = 0.001935
iter 91: gpu_time_dgemm_cuda = 0.014492
iter 91: gpu_time_dtrsm_cuda = 0.001033
iter 91: upload_copy_time1_cuda = 0.000839
iter 91: download_copy_time1_cuda = 0.000072
iter 91: upload_copy_time2_cuda = 0.000055
iter 91: download_copy_time2_cuda = 0.004367

iter 92: cpu_time_cuda = 0.000221
iter 92: gpu_time_dsyrk_cuda = 0.001987
iter 92: gpu_time_dgemm_cuda = 0.014675
iter 92: gpu_time_dtrsm_cuda = 0.000993
iter 92: upload_copy_time1_cuda = 0.000823
iter 92: download_copy_time1_cuda = 0.000065
iter 92: upload_copy_time2_cuda = 0.000056
iter 92: download_copy_time2_cuda = 0.004315

iter 93: cpu_time_cuda = 0.000221
iter 93: gpu_time_dsyrk_cuda = 0.001970
iter 93: gpu_time_dgemm_cuda = 0.013386
iter 93: gpu_time_dtrsm_cuda = 0.000981
iter 93: upload_copy_time1_cuda = 0.000804
iter 93: download_copy_time1_cuda = 0.000067
iter 93: upload_copy_time2_cuda = 0.000055
iter 93: download_copy_time2_cuda = 0.004364

iter 94: cpu_time_cuda = 0.000236
iter 94: gpu_time_dsyrk_cuda = 0.001993
iter 94: gpu_time_dgemm_cuda = 0.014994
iter 94: gpu_time_dtrsm_cuda = 0.000981
iter 94: upload_copy_time1_cuda = 0.000788
iter 94: download_copy_time1_cuda = 0.000071
iter 94: upload_copy_time2_cuda = 0.000056
iter 94: download_copy_time2_cuda = 0.004411

iter 95: cpu_time_cuda = 0.000221
iter 95: gpu_time_dsyrk_cuda = 0.002013
iter 95: gpu_time_dgemm_cuda = 0.013692
iter 95: gpu_time_dtrsm_cuda = 0.000958
iter 95: upload_copy_time1_cuda = 0.000781
iter 95: download_copy_time1_cuda = 0.000070
iter 95: upload_copy_time2_cuda = 0.000055
iter 95: download_copy_time2_cuda = 0.004471

iter 96: cpu_time_cuda = 0.000245
iter 96: gpu_time_dsyrk_cuda = 0.002034
iter 96: gpu_time_dgemm_cuda = 0.013833
iter 96: gpu_time_dtrsm_cuda = 0.000992
iter 96: upload_copy_time1_cuda = 0.000770
iter 96: download_copy_time1_cuda = 0.000063
iter 96: upload_copy_time2_cuda = 0.000056
iter 96: download_copy_time2_cuda = 0.004513

iter 97: cpu_time_cuda = 0.000219
iter 97: gpu_time_dsyrk_cuda = 0.002058
iter 97: gpu_time_dgemm_cuda = 0.013903
iter 97: gpu_time_dtrsm_cuda = 0.006922
iter 97: upload_copy_time1_cuda = 0.000749
iter 97: download_copy_time1_cuda = 0.000070
iter 97: upload_copy_time2_cuda = 0.000055
iter 97: download_copy_time2_cuda = 0.004568

iter 98: cpu_time_cuda = 0.000219
iter 98: gpu_time_dsyrk_cuda = 0.002083
iter 98: gpu_time_dgemm_cuda = 0.014025
iter 98: gpu_time_dtrsm_cuda = 0.000962
iter 98: upload_copy_time1_cuda = 0.000746
iter 98: download_copy_time1_cuda = 0.000069
iter 98: upload_copy_time2_cuda = 0.000055
iter 98: download_copy_time2_cuda = 0.004579

iter 99: cpu_time_cuda = 0.000221
iter 99: gpu_time_dsyrk_cuda = 0.002099
iter 99: gpu_time_dgemm_cuda = 0.014230
iter 99: gpu_time_dtrsm_cuda = 0.000957
iter 99: upload_copy_time1_cuda = 0.000722
iter 99: download_copy_time1_cuda = 0.000060
iter 99: upload_copy_time2_cuda = 0.000055
iter 99: download_copy_time2_cuda = 0.004535

iter 100: cpu_time_cuda = 0.000224
iter 100: gpu_time_dsyrk_cuda = 0.002119
iter 100: gpu_time_dgemm_cuda = 0.012130
iter 100: gpu_time_dtrsm_cuda = 0.000939
iter 100: upload_copy_time1_cuda = 0.000717
iter 100: download_copy_time1_cuda = 0.000067
iter 100: upload_copy_time2_cuda = 0.000056
iter 100: download_copy_time2_cuda = 0.004806

iter 101: cpu_time_cuda = 0.000223
iter 101: gpu_time_dsyrk_cuda = 0.002141
iter 101: gpu_time_dgemm_cuda = 0.012222
iter 101: gpu_time_dtrsm_cuda = 0.000929
iter 101: upload_copy_time1_cuda = 0.000701
iter 101: download_copy_time1_cuda = 0.000063
iter 101: upload_copy_time2_cuda = 0.000056
iter 101: download_copy_time2_cuda = 0.004749

iter 102: cpu_time_cuda = 0.000220
iter 102: gpu_time_dsyrk_cuda = 0.002162
iter 102: gpu_time_dgemm_cuda = 0.012277
iter 102: gpu_time_dtrsm_cuda = 0.002278
iter 102: upload_copy_time1_cuda = 0.000679
iter 102: download_copy_time1_cuda = 0.000063
iter 102: upload_copy_time2_cuda = 0.000054
iter 102: download_copy_time2_cuda = 0.004824

iter 103: cpu_time_cuda = 0.000219
iter 103: gpu_time_dsyrk_cuda = 0.002179
iter 103: gpu_time_dgemm_cuda = 0.012400
iter 103: gpu_time_dtrsm_cuda = 0.000913
iter 103: upload_copy_time1_cuda = 0.000682
iter 103: download_copy_time1_cuda = 0.000068
iter 103: upload_copy_time2_cuda = 0.000055
iter 103: download_copy_time2_cuda = 0.004807

iter 104: cpu_time_cuda = 0.000220
iter 104: gpu_time_dsyrk_cuda = 0.002200
iter 104: gpu_time_dgemm_cuda = 0.012471
iter 104: gpu_time_dtrsm_cuda = 0.000917
iter 104: upload_copy_time1_cuda = 0.000663
iter 104: download_copy_time1_cuda = 0.000070
iter 104: upload_copy_time2_cuda = 0.000055
iter 104: download_copy_time2_cuda = 0.004892

iter 105: cpu_time_cuda = 0.000224
iter 105: gpu_time_dsyrk_cuda = 0.002221
iter 105: gpu_time_dgemm_cuda = 0.012546
iter 105: gpu_time_dtrsm_cuda = 0.000922
iter 105: upload_copy_time1_cuda = 0.000646
iter 105: download_copy_time1_cuda = 0.000070
iter 105: upload_copy_time2_cuda = 0.000056
iter 105: download_copy_time2_cuda = 0.005064

iter 106: cpu_time_cuda = 0.000222
iter 106: gpu_time_dsyrk_cuda = 0.002242
iter 106: gpu_time_dgemm_cuda = 0.012749
iter 106: gpu_time_dtrsm_cuda = 0.000906
iter 106: upload_copy_time1_cuda = 0.000635
iter 106: download_copy_time1_cuda = 0.000068
iter 106: upload_copy_time2_cuda = 0.000055
iter 106: download_copy_time2_cuda = 0.004993

iter 107: cpu_time_cuda = 0.000220
iter 107: gpu_time_dsyrk_cuda = 0.002261
iter 107: gpu_time_dgemm_cuda = 0.012905
iter 107: gpu_time_dtrsm_cuda = 0.002788
iter 107: upload_copy_time1_cuda = 0.000618
iter 107: download_copy_time1_cuda = 0.000067
iter 107: upload_copy_time2_cuda = 0.000055
iter 107: download_copy_time2_cuda = 0.004976

iter 108: cpu_time_cuda = 0.000227
iter 108: gpu_time_dsyrk_cuda = 0.002280
iter 108: gpu_time_dgemm_cuda = 0.012896
iter 108: gpu_time_dtrsm_cuda = 0.000875
iter 108: upload_copy_time1_cuda = 0.000614
iter 108: download_copy_time1_cuda = 0.000069
iter 108: upload_copy_time2_cuda = 0.000055
iter 108: download_copy_time2_cuda = 0.005046

iter 109: cpu_time_cuda = 0.000226
iter 109: gpu_time_dsyrk_cuda = 0.002302
iter 109: gpu_time_dgemm_cuda = 0.013112
iter 109: gpu_time_dtrsm_cuda = 0.000890
iter 109: upload_copy_time1_cuda = 0.000586
iter 109: download_copy_time1_cuda = 0.000069
iter 109: upload_copy_time2_cuda = 0.000057
iter 109: download_copy_time2_cuda = 0.005151

iter 110: cpu_time_cuda = 0.000222
iter 110: gpu_time_dsyrk_cuda = 0.002329
iter 110: gpu_time_dgemm_cuda = 0.013133
iter 110: gpu_time_dtrsm_cuda = 0.000887
iter 110: upload_copy_time1_cuda = 0.000580
iter 110: download_copy_time1_cuda = 0.000063
iter 110: upload_copy_time2_cuda = 0.000055
iter 110: download_copy_time2_cuda = 0.005180

iter 111: cpu_time_cuda = 0.000224
iter 111: gpu_time_dsyrk_cuda = 0.002349
iter 111: gpu_time_dgemm_cuda = 0.013255
iter 111: gpu_time_dtrsm_cuda = 0.000894
iter 111: upload_copy_time1_cuda = 0.000561
iter 111: download_copy_time1_cuda = 0.000062
iter 111: upload_copy_time2_cuda = 0.000055
iter 111: download_copy_time2_cuda = 0.005192

iter 112: cpu_time_cuda = 0.000217
iter 112: gpu_time_dsyrk_cuda = 0.002363
iter 112: gpu_time_dgemm_cuda = 0.013357
iter 112: gpu_time_dtrsm_cuda = 0.001236
iter 112: upload_copy_time1_cuda = 0.000554
iter 112: download_copy_time1_cuda = 0.000062
iter 112: upload_copy_time2_cuda = 0.000055
iter 112: download_copy_time2_cuda = 0.005231

iter 113: cpu_time_cuda = 0.000223
iter 113: gpu_time_dsyrk_cuda = 0.002390
iter 113: gpu_time_dgemm_cuda = 0.011644
iter 113: gpu_time_dtrsm_cuda = 0.000879
iter 113: upload_copy_time1_cuda = 0.000539
iter 113: download_copy_time1_cuda = 0.000063
iter 113: upload_copy_time2_cuda = 0.000055
iter 113: download_copy_time2_cuda = 0.005294

iter 114: cpu_time_cuda = 0.000224
iter 114: gpu_time_dsyrk_cuda = 0.002415
iter 114: gpu_time_dgemm_cuda = 0.011796
iter 114: gpu_time_dtrsm_cuda = 0.000873
iter 114: upload_copy_time1_cuda = 0.000519
iter 114: download_copy_time1_cuda = 0.000063
iter 114: upload_copy_time2_cuda = 0.000056
iter 114: download_copy_time2_cuda = 0.005492

iter 115: cpu_time_cuda = 0.000230
iter 115: gpu_time_dsyrk_cuda = 0.002430
iter 115: gpu_time_dgemm_cuda = 0.011904
iter 115: gpu_time_dtrsm_cuda = 0.000875
iter 115: upload_copy_time1_cuda = 0.000514
iter 115: download_copy_time1_cuda = 0.000071
iter 115: upload_copy_time2_cuda = 0.000055
iter 115: download_copy_time2_cuda = 0.005387

iter 116: cpu_time_cuda = 0.000230
iter 116: gpu_time_dsyrk_cuda = 0.002451
iter 116: gpu_time_dgemm_cuda = 0.009366
iter 116: gpu_time_dtrsm_cuda = 0.000838
iter 116: upload_copy_time1_cuda = 0.000496
iter 116: download_copy_time1_cuda = 0.000063
iter 116: upload_copy_time2_cuda = 0.000056
iter 116: download_copy_time2_cuda = 0.005381

iter 117: cpu_time_cuda = 0.000219
iter 117: gpu_time_dsyrk_cuda = 0.002473
iter 117: gpu_time_dgemm_cuda = 0.009382
iter 117: gpu_time_dtrsm_cuda = 0.006143
iter 117: upload_copy_time1_cuda = 0.000482
iter 117: download_copy_time1_cuda = 0.000063
iter 117: upload_copy_time2_cuda = 0.000091
iter 117: download_copy_time2_cuda = 0.005495

iter 118: cpu_time_cuda = 0.000221
iter 118: gpu_time_dsyrk_cuda = 0.002495
iter 118: gpu_time_dgemm_cuda = 0.009437
iter 118: gpu_time_dtrsm_cuda = 0.000839
iter 118: upload_copy_time1_cuda = 0.000476
iter 118: download_copy_time1_cuda = 0.000063
iter 118: upload_copy_time2_cuda = 0.000056
iter 118: download_copy_time2_cuda = 0.005709

iter 119: cpu_time_cuda = 0.000220
iter 119: gpu_time_dsyrk_cuda = 0.002515
iter 119: gpu_time_dgemm_cuda = 0.009531
iter 119: gpu_time_dtrsm_cuda = 0.000834
iter 119: upload_copy_time1_cuda = 0.000448
iter 119: download_copy_time1_cuda = 0.000070
iter 119: upload_copy_time2_cuda = 0.000054
iter 119: download_copy_time2_cuda = 0.005469

iter 120: cpu_time_cuda = 0.000222
iter 120: gpu_time_dsyrk_cuda = 0.002529
iter 120: gpu_time_dgemm_cuda = 0.009634
iter 120: gpu_time_dtrsm_cuda = 0.000839
iter 120: upload_copy_time1_cuda = 0.000445
iter 120: download_copy_time1_cuda = 0.000071
iter 120: upload_copy_time2_cuda = 0.000056
iter 120: download_copy_time2_cuda = 0.005617

iter 121: cpu_time_cuda = 0.000223
iter 121: gpu_time_dsyrk_cuda = 0.002557
iter 121: gpu_time_dgemm_cuda = 0.009685
iter 121: gpu_time_dtrsm_cuda = 0.000842
iter 121: upload_copy_time1_cuda = 0.000426
iter 121: download_copy_time1_cuda = 0.000062
iter 121: upload_copy_time2_cuda = 0.000056
iter 121: download_copy_time2_cuda = 0.005647

iter 122: cpu_time_cuda = 0.000220
iter 122: gpu_time_dsyrk_cuda = 0.002572
iter 122: gpu_time_dgemm_cuda = 0.009769
iter 122: gpu_time_dtrsm_cuda = 0.000830
iter 122: upload_copy_time1_cuda = 0.000417
iter 122: download_copy_time1_cuda = 0.000062
iter 122: upload_copy_time2_cuda = 0.000055
iter 122: download_copy_time2_cuda = 0.005723

iter 123: cpu_time_cuda = 0.000220
iter 123: gpu_time_dsyrk_cuda = 0.002603
iter 123: gpu_time_dgemm_cuda = 0.009852
iter 123: gpu_time_dtrsm_cuda = 0.000831
iter 123: upload_copy_time1_cuda = 0.000405
iter 123: download_copy_time1_cuda = 0.000063
iter 123: upload_copy_time2_cuda = 0.000056
iter 123: download_copy_time2_cuda = 0.005912

iter 124: cpu_time_cuda = 0.000218
iter 124: gpu_time_dsyrk_cuda = 0.002614
iter 124: gpu_time_dgemm_cuda = 0.009874
iter 124: gpu_time_dtrsm_cuda = 0.000795
iter 124: upload_copy_time1_cuda = 0.000387
iter 124: download_copy_time1_cuda = 0.000071
iter 124: upload_copy_time2_cuda = 0.000056
iter 124: download_copy_time2_cuda = 0.005801

iter 125: cpu_time_cuda = 0.000252
iter 125: gpu_time_dsyrk_cuda = 0.002634
iter 125: gpu_time_dgemm_cuda = 0.009956
iter 125: gpu_time_dtrsm_cuda = 0.002257
iter 125: upload_copy_time1_cuda = 0.000370
iter 125: download_copy_time1_cuda = 0.000068
iter 125: upload_copy_time2_cuda = 0.000073
iter 125: download_copy_time2_cuda = 0.005880

iter 126: cpu_time_cuda = 0.000224
iter 126: gpu_time_dsyrk_cuda = 0.002655
iter 126: gpu_time_dgemm_cuda = 0.010079
iter 126: gpu_time_dtrsm_cuda = 0.000798
iter 126: upload_copy_time1_cuda = 0.000355
iter 126: download_copy_time1_cuda = 0.000070
iter 126: upload_copy_time2_cuda = 0.000055
iter 126: download_copy_time2_cuda = 0.005909

iter 127: cpu_time_cuda = 0.000222
iter 127: gpu_time_dsyrk_cuda = 0.002684
iter 127: gpu_time_dgemm_cuda = 0.010168
iter 127: gpu_time_dtrsm_cuda = 0.000798
iter 127: upload_copy_time1_cuda = 0.000334
iter 127: download_copy_time1_cuda = 0.000071
iter 127: upload_copy_time2_cuda = 0.000055
iter 127: download_copy_time2_cuda = 0.005972

iter 128: cpu_time_cuda = 0.000217
iter 128: gpu_time_dsyrk_cuda = 0.002694
iter 128: gpu_time_dgemm_cuda = 0.010187
iter 128: gpu_time_dtrsm_cuda = 0.001216
iter 128: upload_copy_time1_cuda = 0.000328
iter 128: download_copy_time1_cuda = 0.000070
iter 128: upload_copy_time2_cuda = 0.000056
iter 128: download_copy_time2_cuda = 0.006013

iter 129: cpu_time_cuda = 0.000219
iter 129: gpu_time_dsyrk_cuda = 0.002716
iter 129: gpu_time_dgemm_cuda = 0.010320
iter 129: gpu_time_dtrsm_cuda = 0.000788
iter 129: upload_copy_time1_cuda = 0.000301
iter 129: download_copy_time1_cuda = 0.000060
iter 129: upload_copy_time2_cuda = 0.000054
iter 129: download_copy_time2_cuda = 0.005923

iter 130: cpu_time_cuda = 0.000227
iter 130: gpu_time_dsyrk_cuda = 0.002744
iter 130: gpu_time_dgemm_cuda = 0.010336
iter 130: gpu_time_dtrsm_cuda = 0.000774
iter 130: upload_copy_time1_cuda = 0.000293
iter 130: download_copy_time1_cuda = 0.000069
iter 130: upload_copy_time2_cuda = 0.000055
iter 130: download_copy_time2_cuda = 0.006080

iter 131: cpu_time_cuda = 0.000221
iter 131: gpu_time_dsyrk_cuda = 0.002765
iter 131: gpu_time_dgemm_cuda = 0.008331
iter 131: gpu_time_dtrsm_cuda = 0.000776
iter 131: upload_copy_time1_cuda = 0.000276
iter 131: download_copy_time1_cuda = 0.000061
iter 131: upload_copy_time2_cuda = 0.000055
iter 131: download_copy_time2_cuda = 0.006123

iter 132: cpu_time_cuda = 0.000218
iter 132: gpu_time_dsyrk_cuda = 0.002779
iter 132: gpu_time_dgemm_cuda = 0.005376
iter 132: gpu_time_dtrsm_cuda = 0.000747
iter 132: upload_copy_time1_cuda = 0.000264
iter 132: download_copy_time1_cuda = 0.000067
iter 132: upload_copy_time2_cuda = 0.000056
iter 132: download_copy_time2_cuda = 0.006353

iter 133: cpu_time_cuda = 0.000221
iter 133: gpu_time_dsyrk_cuda = 0.002799
iter 133: gpu_time_dgemm_cuda = 0.005330
iter 133: gpu_time_dtrsm_cuda = 0.000745
iter 133: upload_copy_time1_cuda = 0.000244
iter 133: download_copy_time1_cuda = 0.000068
iter 133: upload_copy_time2_cuda = 0.000055
iter 133: download_copy_time2_cuda = 0.006264

iter 134: cpu_time_cuda = 0.000219
iter 134: gpu_time_dsyrk_cuda = 0.002818
iter 134: gpu_time_dgemm_cuda = 0.005427
iter 134: gpu_time_dtrsm_cuda = 0.003438
iter 134: upload_copy_time1_cuda = 0.000240
iter 134: download_copy_time1_cuda = 0.000068
iter 134: upload_copy_time2_cuda = 0.000055
iter 134: download_copy_time2_cuda = 0.006290

iter 135: cpu_time_cuda = 0.000223
iter 135: gpu_time_dsyrk_cuda = 0.002840
iter 135: gpu_time_dgemm_cuda = 0.005422
iter 135: gpu_time_dtrsm_cuda = 0.000750
iter 135: upload_copy_time1_cuda = 0.000226
iter 135: download_copy_time1_cuda = 0.000062
iter 135: upload_copy_time2_cuda = 0.000055
iter 135: download_copy_time2_cuda = 0.006314

iter 136: cpu_time_cuda = 0.000222
iter 136: gpu_time_dsyrk_cuda = 0.002858
iter 136: gpu_time_dgemm_cuda = 0.005454
iter 136: gpu_time_dtrsm_cuda = 0.000748
iter 136: upload_copy_time1_cuda = 0.000206
iter 136: download_copy_time1_cuda = 0.000065
iter 136: upload_copy_time2_cuda = 0.000056
iter 136: download_copy_time2_cuda = 0.006404

iter 137: cpu_time_cuda = 0.000222
iter 137: gpu_time_dsyrk_cuda = 0.002880
iter 137: gpu_time_dgemm_cuda = 0.005474
iter 137: gpu_time_dtrsm_cuda = 0.000743
iter 137: upload_copy_time1_cuda = 0.000199
iter 137: download_copy_time1_cuda = 0.000062
iter 137: upload_copy_time2_cuda = 0.000056
iter 137: download_copy_time2_cuda = 0.006597

iter 138: cpu_time_cuda = 0.000223
iter 138: gpu_time_dsyrk_cuda = 0.002900
iter 138: gpu_time_dgemm_cuda = 0.005532
iter 138: gpu_time_dtrsm_cuda = 0.000735
iter 138: upload_copy_time1_cuda = 0.000183
iter 138: download_copy_time1_cuda = 0.000071
iter 138: upload_copy_time2_cuda = 0.000055
iter 138: download_copy_time2_cuda = 0.006487

iter 139: cpu_time_cuda = 0.000229
iter 139: gpu_time_dsyrk_cuda = 0.002924
iter 139: gpu_time_dgemm_cuda = 0.005575
iter 139: gpu_time_dtrsm_cuda = 0.000793
iter 139: upload_copy_time1_cuda = 0.000165
iter 139: download_copy_time1_cuda = 0.000060
iter 139: upload_copy_time2_cuda = 0.000053
iter 139: download_copy_time2_cuda = 0.006310

iter 140: cpu_time_cuda = 0.000220
iter 140: gpu_time_dsyrk_cuda = 0.002944
iter 140: gpu_time_dgemm_cuda = 0.005580
iter 140: gpu_time_dtrsm_cuda = 0.000728
iter 140: upload_copy_time1_cuda = 0.000158
iter 140: download_copy_time1_cuda = 0.000062
iter 140: upload_copy_time2_cuda = 0.000056
iter 140: download_copy_time2_cuda = 0.006537

iter 141: cpu_time_cuda = 0.000220
iter 141: gpu_time_dsyrk_cuda = 0.002966
iter 141: gpu_time_dgemm_cuda = 0.003382
iter 141: gpu_time_dtrsm_cuda = 0.001328
iter 141: upload_copy_time1_cuda = 0.000143
iter 141: download_copy_time1_cuda = 0.000071
iter 141: upload_copy_time2_cuda = 0.000056
iter 141: download_copy_time2_cuda = 0.006837

iter 142: cpu_time_cuda = 0.000228
iter 142: gpu_time_dsyrk_cuda = 0.002984
iter 142: gpu_time_dgemm_cuda = 0.003404
iter 142: gpu_time_dtrsm_cuda = 0.000703
iter 142: upload_copy_time1_cuda = 0.000126
iter 142: download_copy_time1_cuda = 0.000069
iter 142: upload_copy_time2_cuda = 0.000055
iter 142: download_copy_time2_cuda = 0.006684

iter 143: cpu_time_cuda = 0.000219
iter 143: gpu_time_dsyrk_cuda = 0.003006
iter 143: gpu_time_dgemm_cuda = 0.003387
iter 143: gpu_time_dtrsm_cuda = 0.000671
iter 143: upload_copy_time1_cuda = 0.000113
iter 143: download_copy_time1_cuda = 0.000068
iter 143: upload_copy_time2_cuda = 0.000055
iter 143: download_copy_time2_cuda = 0.006695

iter 144: cpu_time_cuda = 0.000219
iter 144: gpu_time_dsyrk_cuda = 0.003021
iter 144: gpu_time_dgemm_cuda = 0.003393
iter 144: gpu_time_dtrsm_cuda = 0.000699
iter 144: upload_copy_time1_cuda = 0.000105
iter 144: download_copy_time1_cuda = 0.000068
iter 144: upload_copy_time2_cuda = 0.000055
iter 144: download_copy_time2_cuda = 0.006717

iter 145: cpu_time_cuda = 0.000221
iter 145: gpu_time_dsyrk_cuda = 0.003044
iter 145: gpu_time_dgemm_cuda = 0.003420
iter 145: gpu_time_dtrsm_cuda = 0.000692
iter 145: upload_copy_time1_cuda = 0.000094
iter 145: download_copy_time1_cuda = 0.000070
iter 145: upload_copy_time2_cuda = 0.000055
iter 145: download_copy_time2_cuda = 0.006792

iter 146: cpu_time_cuda = 0.000220
iter 146: gpu_time_dsyrk_cuda = 0.003068
iter 146: gpu_time_dgemm_cuda = 0.003529
iter 146: gpu_time_dtrsm_cuda = 0.000541
iter 146: upload_copy_time1_cuda = 0.000089
iter 146: download_copy_time1_cuda = 0.000069
iter 146: upload_copy_time2_cuda = 0.000056
iter 146: download_copy_time2_cuda = 0.007039

iter 147: cpu_time_cuda = 0.000221
iter 147: gpu_time_dsyrk_cuda = 0.003086
iter 147: gpu_time_dgemm_cuda = 0.003519
iter 147: gpu_time_dtrsm_cuda = 0.000520
iter 147: upload_copy_time1_cuda = 0.000079
iter 147: download_copy_time1_cuda = 0.000070
iter 147: upload_copy_time2_cuda = 0.000056
iter 147: download_copy_time2_cuda = 0.006906

iter 148: cpu_time_cuda = 0.000218
iter 148: gpu_time_dsyrk_cuda = 0.003110
iter 148: gpu_time_dgemm_cuda = 0.003568
iter 148: gpu_time_dtrsm_cuda = 0.007102
iter 148: upload_copy_time1_cuda = 0.000063
iter 148: download_copy_time1_cuda = 0.000070
iter 148: upload_copy_time2_cuda = 0.000054
iter 148: download_copy_time2_cuda = 0.006886

iter 149: cpu_time_cuda = 0.000007
iter 149: gpu_time_dsyrk_cuda = 0.003111
iter 149: gpu_time_dgemm_cuda = 0.000002
iter 149: gpu_time_dtrsm_cuda = 0.000002
iter 149: upload_copy_time1_cuda = 0.000026
iter 149: download_copy_time1_cuda = 0.000022
iter 149: upload_copy_time2_cuda = 0.000020
iter 149: download_copy_time2_cuda = 0.001620

total_cpu_time_cuda = 0.033847
total_gpu_time_cuda = 1.978736
total_copy_time_cuda = 0.700243
main_loop_time_cuda = 2.737988
15360     ---   (  ---  )    440.83 (   2.74)     ---  
total_time = 11.250260
9.57user 2.18system 0:12.80elapsed 91%CPU (0avgtext+0avgdata 3841916maxresident)k
5752inputs+0outputs (1major+483343minor)pagefaults 0swaps
send out message: 22 3 log
