send out message: 24 37 /home/lchen/MAGMA/magma-1.6.1/results
send out message: 20 26 MAGMA_LU_GPUDVFS.total.pwr
MAGMA 1.6.1  compiled for CUDA capability >= 3.0
CUDA runtime 5000, driver 6050. MAGMA not compiled with OpenMP. 
ndevices 1
device 0: Tesla K20c, 705.5 MHz clock, 4799.6 MB memory, capability 3.5
Usage: /home/lchen/MAGMA/magma-1.6.1/testing/testing_dgeqrf [options] [-h|--help]

ngpu 1
    M     N   CPU GFlop/s (sec)   GPU GFlop/s (sec)   |R - Q^H*A|   |I - Q^H*Q|
===============================================================================
init_time = 8.113167
iter 0: slack_cuda = -6904107.000000
iter 0: cpu_time_cuda = 0.000003
iter 0: gpu_time1_cuda = 6904107.000000
iter 0: gpu_time2_cuda = 0.006021
iter 0: upload_copy_time1_cuda = 0.002439
iter 0: download_copy_time_cuda = 0.000000
iter 0: upload_copy_time2_cuda = 0.000083
iter 0: download_copy_time_cuda = 6904107.000000

iter 1: slack_cuda = 0.058632
iter 1: cpu_time_cuda = 0.217782
iter 1: gpu_time1_cuda = 0.153195
iter 1: gpu_time2_cuda = 0.005955
iter 1: upload_copy_time1_cuda = 0.002604
iter 1: download_copy_time_cuda = 0.002233
iter 1: upload_copy_time2_cuda = 0.000077
iter 1: download_copy_time_cuda = 0.000077

iter 2: slack_cuda = 0.006164
iter 2: cpu_time_cuda = 0.216915
iter 2: gpu_time1_cuda = 0.204853
iter 2: gpu_time2_cuda = 0.005899
iter 2: upload_copy_time1_cuda = 0.002574
iter 2: download_copy_time_cuda = 0.002395
iter 2: upload_copy_time2_cuda = 0.000078
iter 2: download_copy_time_cuda = 0.000089

iter 3: slack_cuda = 0.011346
iter 3: cpu_time_cuda = 0.214820
iter 3: gpu_time1_cuda = 0.197623
iter 3: gpu_time2_cuda = 0.005852
iter 3: upload_copy_time1_cuda = 0.002535
iter 3: download_copy_time_cuda = 0.002373
iter 3: upload_copy_time2_cuda = 0.000078
iter 3: download_copy_time_cuda = 0.000107

iter 4: slack_cuda = 0.018354
iter 4: cpu_time_cuda = 0.213068
iter 4: gpu_time1_cuda = 0.188923
iter 4: gpu_time2_cuda = 0.005790
iter 4: upload_copy_time1_cuda = 0.002565
iter 4: download_copy_time_cuda = 0.002404
iter 4: upload_copy_time2_cuda = 0.000078
iter 4: download_copy_time_cuda = 0.000115

iter 5: slack_cuda = 0.014125
iter 5: cpu_time_cuda = 0.211500
iter 5: gpu_time1_cuda = 0.191616
iter 5: gpu_time2_cuda = 0.005759
iter 5: upload_copy_time1_cuda = 0.002516
iter 5: download_copy_time_cuda = 0.002345
iter 5: upload_copy_time2_cuda = 0.000078
iter 5: download_copy_time_cuda = 0.000130

iter 6: slack_cuda = 0.010201
iter 6: cpu_time_cuda = 0.209131
iter 6: gpu_time1_cuda = 0.193241
iter 6: gpu_time2_cuda = 0.005689
iter 6: upload_copy_time1_cuda = 0.002498
iter 6: download_copy_time_cuda = 0.002330
iter 6: upload_copy_time2_cuda = 0.000078
iter 6: download_copy_time_cuda = 0.000137

iter 7: slack_cuda = 0.010974
iter 7: cpu_time_cuda = 0.208291
iter 7: gpu_time1_cuda = 0.191623
iter 7: gpu_time2_cuda = 0.005694
iter 7: upload_copy_time1_cuda = 0.002481
iter 7: download_copy_time_cuda = 0.002308
iter 7: upload_copy_time2_cuda = 0.000078
iter 7: download_copy_time_cuda = 0.000148

iter 8: slack_cuda = 0.006483
iter 8: cpu_time_cuda = 0.205360
iter 8: gpu_time1_cuda = 0.193254
iter 8: gpu_time2_cuda = 0.005623
iter 8: upload_copy_time1_cuda = 0.002460
iter 8: download_copy_time_cuda = 0.002299
iter 8: upload_copy_time2_cuda = 0.000074
iter 8: download_copy_time_cuda = 0.000159

iter 9: slack_cuda = 0.008443
iter 9: cpu_time_cuda = 0.203944
iter 9: gpu_time1_cuda = 0.189896
iter 9: gpu_time2_cuda = 0.005605
iter 9: upload_copy_time1_cuda = 0.002460
iter 9: download_copy_time_cuda = 0.002264
iter 9: upload_copy_time2_cuda = 0.000074
iter 9: download_copy_time_cuda = 0.000178

iter 10: slack_cuda = 0.002845
iter 10: cpu_time_cuda = 0.201987
iter 10: gpu_time1_cuda = 0.193621
iter 10: gpu_time2_cuda = 0.005521
iter 10: upload_copy_time1_cuda = 0.002422
iter 10: download_copy_time_cuda = 0.002268
iter 10: upload_copy_time2_cuda = 0.000074
iter 10: download_copy_time_cuda = 0.000195

iter 11: slack_cuda = 0.005117
iter 11: cpu_time_cuda = 0.200554
iter 11: gpu_time1_cuda = 0.189935
iter 11: gpu_time2_cuda = 0.005502
iter 11: upload_copy_time1_cuda = 0.002409
iter 11: download_copy_time_cuda = 0.002249
iter 11: upload_copy_time2_cuda = 0.000074
iter 11: download_copy_time_cuda = 0.000214

iter 12: slack_cuda = 0.005070
iter 12: cpu_time_cuda = 0.199297
iter 12: gpu_time1_cuda = 0.188775
iter 12: gpu_time2_cuda = 0.005452
iter 12: upload_copy_time1_cuda = 0.002396
iter 12: download_copy_time_cuda = 0.002232
iter 12: upload_copy_time2_cuda = 0.000079
iter 12: download_copy_time_cuda = 0.000231

iter 13: slack_cuda = 0.013946
iter 13: cpu_time_cuda = 0.196533
iter 13: gpu_time1_cuda = 0.177163
iter 13: gpu_time2_cuda = 0.005423
iter 13: upload_copy_time1_cuda = 0.002374
iter 13: download_copy_time_cuda = 0.002216
iter 13: upload_copy_time2_cuda = 0.000073
iter 13: download_copy_time_cuda = 0.000243

iter 14: slack_cuda = 0.014744
iter 14: cpu_time_cuda = 0.195929
iter 14: gpu_time1_cuda = 0.175832
iter 14: gpu_time2_cuda = 0.005354
iter 14: upload_copy_time1_cuda = 0.002351
iter 14: download_copy_time_cuda = 0.002346
iter 14: upload_copy_time2_cuda = 0.000077
iter 14: download_copy_time_cuda = 0.000263

iter 15: slack_cuda = 0.008011
iter 15: cpu_time_cuda = 0.193430
iter 15: gpu_time1_cuda = 0.180108
iter 15: gpu_time2_cuda = 0.005310
iter 15: upload_copy_time1_cuda = 0.002339
iter 15: download_copy_time_cuda = 0.002154
iter 15: upload_copy_time2_cuda = 0.000077
iter 15: download_copy_time_cuda = 0.000276

iter 16: slack_cuda = 0.009568
iter 16: cpu_time_cuda = 0.191759
iter 16: gpu_time1_cuda = 0.176914
iter 16: gpu_time2_cuda = 0.005278
iter 16: upload_copy_time1_cuda = 0.002295
iter 16: download_copy_time_cuda = 0.002183
iter 16: upload_copy_time2_cuda = 0.000076
iter 16: download_copy_time_cuda = 0.000296

iter 17: slack_cuda = 0.012866
iter 17: cpu_time_cuda = 0.189961
iter 17: gpu_time1_cuda = 0.171857
iter 17: gpu_time2_cuda = 0.005238
iter 17: upload_copy_time1_cuda = 0.002318
iter 17: download_copy_time_cuda = 0.002153
iter 17: upload_copy_time2_cuda = 0.000077
iter 17: download_copy_time_cuda = 0.000311

iter 18: slack_cuda = 0.011306
iter 18: cpu_time_cuda = 0.188919
iter 18: gpu_time1_cuda = 0.172456
iter 18: gpu_time2_cuda = 0.005158
iter 18: upload_copy_time1_cuda = 0.002255
iter 18: download_copy_time_cuda = 0.002116
iter 18: upload_copy_time2_cuda = 0.000076
iter 18: download_copy_time_cuda = 0.000327

iter 19: slack_cuda = 0.014589
iter 19: cpu_time_cuda = 0.186865
iter 19: gpu_time1_cuda = 0.167142
iter 19: gpu_time2_cuda = 0.005134
iter 19: upload_copy_time1_cuda = 0.002278
iter 19: download_copy_time_cuda = 0.002109
iter 19: upload_copy_time2_cuda = 0.000082
iter 19: download_copy_time_cuda = 0.000351

iter 20: slack_cuda = 0.009344
iter 20: cpu_time_cuda = 0.184833
iter 20: gpu_time1_cuda = 0.170414
iter 20: gpu_time2_cuda = 0.005076
iter 20: upload_copy_time1_cuda = 0.002234
iter 20: download_copy_time_cuda = 0.002089
iter 20: upload_copy_time2_cuda = 0.000073
iter 20: download_copy_time_cuda = 0.000372

iter 21: slack_cuda = 0.011724
iter 21: cpu_time_cuda = 0.183008
iter 21: gpu_time1_cuda = 0.166240
iter 21: gpu_time2_cuda = 0.005044
iter 21: upload_copy_time1_cuda = 0.002240
iter 21: download_copy_time_cuda = 0.002069
iter 21: upload_copy_time2_cuda = 0.000077
iter 21: download_copy_time_cuda = 0.000385

iter 22: slack_cuda = 0.006874
iter 22: cpu_time_cuda = 0.181365
iter 22: gpu_time1_cuda = 0.169487
iter 22: gpu_time2_cuda = 0.005004
iter 22: upload_copy_time1_cuda = 0.002192
iter 22: download_copy_time_cuda = 0.002056
iter 22: upload_copy_time2_cuda = 0.000079
iter 22: download_copy_time_cuda = 0.000396

iter 23: slack_cuda = 0.012146
iter 23: cpu_time_cuda = 0.179693
iter 23: gpu_time1_cuda = 0.162607
iter 23: gpu_time2_cuda = 0.004941
iter 23: upload_copy_time1_cuda = 0.002187
iter 23: download_copy_time_cuda = 0.002041
iter 23: upload_copy_time2_cuda = 0.000076
iter 23: download_copy_time_cuda = 0.000416

iter 24: slack_cuda = 0.009583
iter 24: cpu_time_cuda = 0.179015
iter 24: gpu_time1_cuda = 0.164520
iter 24: gpu_time2_cuda = 0.004912
iter 24: upload_copy_time1_cuda = 0.002136
iter 24: download_copy_time_cuda = 0.002045
iter 24: upload_copy_time2_cuda = 0.000077
iter 24: download_copy_time_cuda = 0.000433

iter 25: slack_cuda = 0.010126
iter 25: cpu_time_cuda = 0.175998
iter 25: gpu_time1_cuda = 0.161028
iter 25: gpu_time2_cuda = 0.004843
iter 25: upload_copy_time1_cuda = 0.002155
iter 25: download_copy_time_cuda = 0.002021
iter 25: upload_copy_time2_cuda = 0.000077
iter 25: download_copy_time_cuda = 0.000657

iter 26: slack_cuda = 0.004178
iter 26: cpu_time_cuda = 0.174374
iter 26: gpu_time1_cuda = 0.165394
iter 26: gpu_time2_cuda = 0.004801
iter 26: upload_copy_time1_cuda = 0.002109
iter 26: download_copy_time_cuda = 0.002024
iter 26: upload_copy_time2_cuda = 0.000072
iter 26: download_copy_time_cuda = 0.000676

iter 27: slack_cuda = 0.006410
iter 27: cpu_time_cuda = 0.172557
iter 27: gpu_time1_cuda = 0.161385
iter 27: gpu_time2_cuda = 0.004762
iter 27: upload_copy_time1_cuda = 0.002123
iter 27: download_copy_time_cuda = 0.001965
iter 27: upload_copy_time2_cuda = 0.000076
iter 27: download_copy_time_cuda = 0.000674

iter 28: slack_cuda = 0.004655
iter 28: cpu_time_cuda = 0.170923
iter 28: gpu_time1_cuda = 0.161550
iter 28: gpu_time2_cuda = 0.004719
iter 28: upload_copy_time1_cuda = 0.002116
iter 28: download_copy_time_cuda = 0.001942
iter 28: upload_copy_time2_cuda = 0.000076
iter 28: download_copy_time_cuda = 0.000688

iter 29: slack_cuda = -0.000040
iter 29: cpu_time_cuda = 0.169301
iter 29: gpu_time1_cuda = 0.164682
iter 29: gpu_time2_cuda = 0.004659
iter 29: upload_copy_time1_cuda = 0.002075
iter 29: download_copy_time_cuda = 0.001959
iter 29: upload_copy_time2_cuda = 0.000076
iter 29: download_copy_time_cuda = 0.000726

iter 30: slack_cuda = 0.006563
iter 30: cpu_time_cuda = 0.167537
iter 30: gpu_time1_cuda = 0.156324
iter 30: gpu_time2_cuda = 0.004650
iter 30: upload_copy_time1_cuda = 0.002053
iter 30: download_copy_time_cuda = 0.001936
iter 30: upload_copy_time2_cuda = 0.000076
iter 30: download_copy_time_cuda = 0.000729

iter 31: slack_cuda = 0.007707
iter 31: cpu_time_cuda = 0.165779
iter 31: gpu_time1_cuda = 0.153503
iter 31: gpu_time2_cuda = 0.004569
iter 31: upload_copy_time1_cuda = 0.002052
iter 31: download_copy_time_cuda = 0.001895
iter 31: upload_copy_time2_cuda = 0.000070
iter 31: download_copy_time_cuda = 0.000746

iter 32: slack_cuda = 0.011267
iter 32: cpu_time_cuda = 0.164104
iter 32: gpu_time1_cuda = 0.148277
iter 32: gpu_time2_cuda = 0.004559
iter 32: upload_copy_time1_cuda = 0.001992
iter 32: download_copy_time_cuda = 0.001902
iter 32: upload_copy_time2_cuda = 0.000077
iter 32: download_copy_time_cuda = 0.000762

iter 33: slack_cuda = 0.008856
iter 33: cpu_time_cuda = 0.162463
iter 33: gpu_time1_cuda = 0.149103
iter 33: gpu_time2_cuda = 0.004505
iter 33: upload_copy_time1_cuda = 0.001982
iter 33: download_copy_time_cuda = 0.001845
iter 33: upload_copy_time2_cuda = 0.000077
iter 33: download_copy_time_cuda = 0.000801

iter 34: slack_cuda = 0.009470
iter 34: cpu_time_cuda = 0.160530
iter 34: gpu_time1_cuda = 0.146617
iter 34: gpu_time2_cuda = 0.004442
iter 34: upload_copy_time1_cuda = 0.001972
iter 34: download_copy_time_cuda = 0.001863
iter 34: upload_copy_time2_cuda = 0.000075
iter 34: download_copy_time_cuda = 0.000816

iter 35: slack_cuda = 0.008930
iter 35: cpu_time_cuda = 0.158829
iter 35: gpu_time1_cuda = 0.145500
iter 35: gpu_time2_cuda = 0.004399
iter 35: upload_copy_time1_cuda = 0.001968
iter 35: download_copy_time_cuda = 0.001827
iter 35: upload_copy_time2_cuda = 0.000077
iter 35: download_copy_time_cuda = 0.000820

iter 36: slack_cuda = 0.008120
iter 36: cpu_time_cuda = 0.157189
iter 36: gpu_time1_cuda = 0.144693
iter 36: gpu_time2_cuda = 0.004376
iter 36: upload_copy_time1_cuda = 0.001933
iter 36: download_copy_time_cuda = 0.001809
iter 36: upload_copy_time2_cuda = 0.000076
iter 36: download_copy_time_cuda = 0.000830

iter 37: slack_cuda = 0.010798
iter 37: cpu_time_cuda = 0.155447
iter 37: gpu_time1_cuda = 0.140328
iter 37: gpu_time2_cuda = 0.004321
iter 37: upload_copy_time1_cuda = 0.001933
iter 37: download_copy_time_cuda = 0.001794
iter 37: upload_copy_time2_cuda = 0.000076
iter 37: download_copy_time_cuda = 0.000844

iter 38: slack_cuda = 0.008229
iter 38: cpu_time_cuda = 0.153616
iter 38: gpu_time1_cuda = 0.141129
iter 38: gpu_time2_cuda = 0.004258
iter 38: upload_copy_time1_cuda = 0.001902
iter 38: download_copy_time_cuda = 0.001776
iter 38: upload_copy_time2_cuda = 0.000071
iter 38: download_copy_time_cuda = 0.000864

iter 39: slack_cuda = 0.008993
iter 39: cpu_time_cuda = 0.151772
iter 39: gpu_time1_cuda = 0.138580
iter 39: gpu_time2_cuda = 0.004199
iter 39: upload_copy_time1_cuda = 0.001954
iter 39: download_copy_time_cuda = 0.001767
iter 39: upload_copy_time2_cuda = 0.000073
iter 39: download_copy_time_cuda = 0.000891

iter 40: slack_cuda = 0.008066
iter 40: cpu_time_cuda = 0.150408
iter 40: gpu_time1_cuda = 0.138154
iter 40: gpu_time2_cuda = 0.004188
iter 40: upload_copy_time1_cuda = 0.001955
iter 40: download_copy_time_cuda = 0.001736
iter 40: upload_copy_time2_cuda = 0.000075
iter 40: download_copy_time_cuda = 0.000922

iter 41: slack_cuda = 0.004650
iter 41: cpu_time_cuda = 0.148749
iter 41: gpu_time1_cuda = 0.139956
iter 41: gpu_time2_cuda = 0.004143
iter 41: upload_copy_time1_cuda = 0.001843
iter 41: download_copy_time_cuda = 0.001736
iter 41: upload_copy_time2_cuda = 0.000073
iter 41: download_copy_time_cuda = 0.000919

iter 42: slack_cuda = 0.004843
iter 42: cpu_time_cuda = 0.146927
iter 42: gpu_time1_cuda = 0.137983
iter 42: gpu_time2_cuda = 0.004101
iter 42: upload_copy_time1_cuda = 0.001827
iter 42: download_copy_time_cuda = 0.001750
iter 42: upload_copy_time2_cuda = 0.000077
iter 42: download_copy_time_cuda = 0.000959

iter 43: slack_cuda = 0.005164
iter 43: cpu_time_cuda = 0.145387
iter 43: gpu_time1_cuda = 0.136180
iter 43: gpu_time2_cuda = 0.004043
iter 43: upload_copy_time1_cuda = 0.001817
iter 43: download_copy_time_cuda = 0.001770
iter 43: upload_copy_time2_cuda = 0.000077
iter 43: download_copy_time_cuda = 0.000983

iter 44: slack_cuda = 0.007068
iter 44: cpu_time_cuda = 0.143411
iter 44: gpu_time1_cuda = 0.132328
iter 44: gpu_time2_cuda = 0.004016
iter 44: upload_copy_time1_cuda = 0.001805
iter 44: download_copy_time_cuda = 0.001696
iter 44: upload_copy_time2_cuda = 0.000076
iter 44: download_copy_time_cuda = 0.000970

iter 45: slack_cuda = 0.008839
iter 45: cpu_time_cuda = 0.141911
iter 45: gpu_time1_cuda = 0.129132
iter 45: gpu_time2_cuda = 0.003939
iter 45: upload_copy_time1_cuda = 0.001805
iter 45: download_copy_time_cuda = 0.001666
iter 45: upload_copy_time2_cuda = 0.000075
iter 45: download_copy_time_cuda = 0.000984

iter 46: slack_cuda = 0.005115
iter 46: cpu_time_cuda = 0.140229
iter 46: gpu_time1_cuda = 0.131201
iter 46: gpu_time2_cuda = 0.003912
iter 46: upload_copy_time1_cuda = 0.001759
iter 46: download_copy_time_cuda = 0.001670
iter 46: upload_copy_time2_cuda = 0.000077
iter 46: download_copy_time_cuda = 0.001009

iter 47: slack_cuda = 0.008859
iter 47: cpu_time_cuda = 0.138258
iter 47: gpu_time1_cuda = 0.125539
iter 47: gpu_time2_cuda = 0.003860
iter 47: upload_copy_time1_cuda = 0.001723
iter 47: download_copy_time_cuda = 0.001635
iter 47: upload_copy_time2_cuda = 0.000077
iter 47: download_copy_time_cuda = 0.001047

iter 48: slack_cuda = 0.007953
iter 48: cpu_time_cuda = 0.136381
iter 48: gpu_time1_cuda = 0.124599
iter 48: gpu_time2_cuda = 0.003829
iter 48: upload_copy_time1_cuda = 0.001737
iter 48: download_copy_time_cuda = 0.001601
iter 48: upload_copy_time2_cuda = 0.000072
iter 48: download_copy_time_cuda = 0.001058

iter 49: slack_cuda = 0.008869
iter 49: cpu_time_cuda = 0.134851
iter 49: gpu_time1_cuda = 0.122199
iter 49: gpu_time2_cuda = 0.003782
iter 49: upload_copy_time1_cuda = 0.001687
iter 49: download_copy_time_cuda = 0.001575
iter 49: upload_copy_time2_cuda = 0.000076
iter 49: download_copy_time_cuda = 0.001065

iter 50: slack_cuda = 0.006128
iter 50: cpu_time_cuda = 0.133296
iter 50: gpu_time1_cuda = 0.123435
iter 50: gpu_time2_cuda = 0.003733
iter 50: upload_copy_time1_cuda = 0.001474
iter 50: download_copy_time_cuda = 0.001589
iter 50: upload_copy_time2_cuda = 0.000074
iter 50: download_copy_time_cuda = 0.000881

iter 51: slack_cuda = 0.006040
iter 51: cpu_time_cuda = 0.131370
iter 51: gpu_time1_cuda = 0.121651
iter 51: gpu_time2_cuda = 0.003680
iter 51: upload_copy_time1_cuda = 0.001477
iter 51: download_copy_time_cuda = 0.001362
iter 51: upload_copy_time2_cuda = 0.000075
iter 51: download_copy_time_cuda = 0.000897

iter 52: slack_cuda = 0.005748
iter 52: cpu_time_cuda = 0.129789
iter 52: gpu_time1_cuda = 0.120408
iter 52: gpu_time2_cuda = 0.003632
iter 52: upload_copy_time1_cuda = 0.001432
iter 52: download_copy_time_cuda = 0.001347
iter 52: upload_copy_time2_cuda = 0.000075
iter 52: download_copy_time_cuda = 0.000911

iter 53: slack_cuda = 0.005426
iter 53: cpu_time_cuda = 0.128219
iter 53: gpu_time1_cuda = 0.119200
iter 53: gpu_time2_cuda = 0.003593
iter 53: upload_copy_time1_cuda = 0.001407
iter 53: download_copy_time_cuda = 0.001307
iter 53: upload_copy_time2_cuda = 0.000073
iter 53: download_copy_time_cuda = 0.000939

iter 54: slack_cuda = 0.006766
iter 54: cpu_time_cuda = 0.126495
iter 54: gpu_time1_cuda = 0.116208
iter 54: gpu_time2_cuda = 0.003521
iter 54: upload_copy_time1_cuda = 0.001408
iter 54: download_copy_time_cuda = 0.001305
iter 54: upload_copy_time2_cuda = 0.000075
iter 54: download_copy_time_cuda = 0.000953

iter 55: slack_cuda = 0.006822
iter 55: cpu_time_cuda = 0.124733
iter 55: gpu_time1_cuda = 0.114418
iter 55: gpu_time2_cuda = 0.003493
iter 55: upload_copy_time1_cuda = 0.001390
iter 55: download_copy_time_cuda = 0.001277
iter 55: upload_copy_time2_cuda = 0.000074
iter 55: download_copy_time_cuda = 0.000969

iter 56: slack_cuda = 0.005092
iter 56: cpu_time_cuda = 0.123076
iter 56: gpu_time1_cuda = 0.114554
iter 56: gpu_time2_cuda = 0.003431
iter 56: upload_copy_time1_cuda = 0.001366
iter 56: download_copy_time_cuda = 0.001271
iter 56: upload_copy_time2_cuda = 0.000072
iter 56: download_copy_time_cuda = 0.000990

iter 57: slack_cuda = 0.005315
iter 57: cpu_time_cuda = 0.121327
iter 57: gpu_time1_cuda = 0.112592
iter 57: gpu_time2_cuda = 0.003419
iter 57: upload_copy_time1_cuda = 0.001352
iter 57: download_copy_time_cuda = 0.001240
iter 57: upload_copy_time2_cuda = 0.000074
iter 57: download_copy_time_cuda = 0.001001

iter 58: slack_cuda = 0.007884
iter 58: cpu_time_cuda = 0.119585
iter 58: gpu_time1_cuda = 0.108345
iter 58: gpu_time2_cuda = 0.003356
iter 58: upload_copy_time1_cuda = 0.001332
iter 58: download_copy_time_cuda = 0.001241
iter 58: upload_copy_time2_cuda = 0.000073
iter 58: download_copy_time_cuda = 0.001015

iter 59: slack_cuda = 0.003915
iter 59: cpu_time_cuda = 0.117693
iter 59: gpu_time1_cuda = 0.110466
iter 59: gpu_time2_cuda = 0.003312
iter 59: upload_copy_time1_cuda = 0.001312
iter 59: download_copy_time_cuda = 0.001211
iter 59: upload_copy_time2_cuda = 0.000075
iter 59: download_copy_time_cuda = 0.001030

iter 60: slack_cuda = 0.006850
iter 60: cpu_time_cuda = 0.115875
iter 60: gpu_time1_cuda = 0.105760
iter 60: gpu_time2_cuda = 0.003265
iter 60: upload_copy_time1_cuda = 0.001285
iter 60: download_copy_time_cuda = 0.001205
iter 60: upload_copy_time2_cuda = 0.000073
iter 60: download_copy_time_cuda = 0.001050

iter 61: slack_cuda = 0.006770
iter 61: cpu_time_cuda = 0.114184
iter 61: gpu_time1_cuda = 0.104192
iter 61: gpu_time2_cuda = 0.003222
iter 61: upload_copy_time1_cuda = 0.001267
iter 61: download_copy_time_cuda = 0.001195
iter 61: upload_copy_time2_cuda = 0.000076
iter 61: download_copy_time_cuda = 0.001066

iter 62: slack_cuda = 0.006191
iter 62: cpu_time_cuda = 0.112603
iter 62: gpu_time1_cuda = 0.103234
iter 62: gpu_time2_cuda = 0.003178
iter 62: upload_copy_time1_cuda = 0.001255
iter 62: download_copy_time_cuda = 0.001187
iter 62: upload_copy_time2_cuda = 0.000073
iter 62: download_copy_time_cuda = 0.001087

iter 63: slack_cuda = 0.006682
iter 63: cpu_time_cuda = 0.110954
iter 63: gpu_time1_cuda = 0.101129
iter 63: gpu_time2_cuda = 0.003143
iter 63: upload_copy_time1_cuda = 0.001224
iter 63: download_copy_time_cuda = 0.001161
iter 63: upload_copy_time2_cuda = 0.000074
iter 63: download_copy_time_cuda = 0.001109

iter 64: slack_cuda = 0.005715
iter 64: cpu_time_cuda = 0.109142
iter 64: gpu_time1_cuda = 0.100336
iter 64: gpu_time2_cuda = 0.003092
iter 64: upload_copy_time1_cuda = 0.001223
iter 64: download_copy_time_cuda = 0.001134
iter 64: upload_copy_time2_cuda = 0.000074
iter 64: download_copy_time_cuda = 0.001124

iter 65: slack_cuda = 0.006367
iter 65: cpu_time_cuda = 0.107527
iter 65: gpu_time1_cuda = 0.098095
iter 65: gpu_time2_cuda = 0.003065
iter 65: upload_copy_time1_cuda = 0.001203
iter 65: download_copy_time_cuda = 0.001141
iter 65: upload_copy_time2_cuda = 0.000073
iter 65: download_copy_time_cuda = 0.001141

iter 66: slack_cuda = 0.005163
iter 66: cpu_time_cuda = 0.105934
iter 66: gpu_time1_cuda = 0.097761
iter 66: gpu_time2_cuda = 0.003010
iter 66: upload_copy_time1_cuda = 0.001177
iter 66: download_copy_time_cuda = 0.001101
iter 66: upload_copy_time2_cuda = 0.000074
iter 66: download_copy_time_cuda = 0.001155

iter 67: slack_cuda = 0.006302
iter 67: cpu_time_cuda = 0.104208
iter 67: gpu_time1_cuda = 0.094951
iter 67: gpu_time2_cuda = 0.002955
iter 67: upload_copy_time1_cuda = 0.001166
iter 67: download_copy_time_cuda = 0.001086
iter 67: upload_copy_time2_cuda = 0.000070
iter 67: download_copy_time_cuda = 0.001180

iter 68: slack_cuda = 0.005941
iter 68: cpu_time_cuda = 0.102434
iter 68: gpu_time1_cuda = 0.093589
iter 68: gpu_time2_cuda = 0.002904
iter 68: upload_copy_time1_cuda = 0.001143
iter 68: download_copy_time_cuda = 0.001055
iter 68: upload_copy_time2_cuda = 0.000074
iter 68: download_copy_time_cuda = 0.001185

iter 69: slack_cuda = 0.006256
iter 69: cpu_time_cuda = 0.100796
iter 69: gpu_time1_cuda = 0.091675
iter 69: gpu_time2_cuda = 0.002865
iter 69: upload_copy_time1_cuda = 0.001133
iter 69: download_copy_time_cuda = 0.001052
iter 69: upload_copy_time2_cuda = 0.000073
iter 69: download_copy_time_cuda = 0.001212

iter 70: slack_cuda = 0.004424
iter 70: cpu_time_cuda = 0.098965
iter 70: gpu_time1_cuda = 0.091726
iter 70: gpu_time2_cuda = 0.002814
iter 70: upload_copy_time1_cuda = 0.001095
iter 70: download_copy_time_cuda = 0.001023
iter 70: upload_copy_time2_cuda = 0.000073
iter 70: download_copy_time_cuda = 0.001229

iter 71: slack_cuda = 0.004769
iter 71: cpu_time_cuda = 0.097237
iter 71: gpu_time1_cuda = 0.089694
iter 71: gpu_time2_cuda = 0.002775
iter 71: upload_copy_time1_cuda = 0.001078
iter 71: download_copy_time_cuda = 0.001007
iter 71: upload_copy_time2_cuda = 0.000074
iter 71: download_copy_time_cuda = 0.001262

iter 72: slack_cuda = 0.005007
iter 72: cpu_time_cuda = 0.095478
iter 72: gpu_time1_cuda = 0.087750
iter 72: gpu_time2_cuda = 0.002721
iter 72: upload_copy_time1_cuda = 0.001057
iter 72: download_copy_time_cuda = 0.000990
iter 72: upload_copy_time2_cuda = 0.000073
iter 72: download_copy_time_cuda = 0.001257

iter 73: slack_cuda = 0.004644
iter 73: cpu_time_cuda = 0.093769
iter 73: gpu_time1_cuda = 0.086455
iter 73: gpu_time2_cuda = 0.002671
iter 73: upload_copy_time1_cuda = 0.001041
iter 73: download_copy_time_cuda = 0.000981
iter 73: upload_copy_time2_cuda = 0.000070
iter 73: download_copy_time_cuda = 0.001275

iter 74: slack_cuda = 0.002880
iter 74: cpu_time_cuda = 0.091907
iter 74: gpu_time1_cuda = 0.086402
iter 74: gpu_time2_cuda = 0.002625
iter 74: upload_copy_time1_cuda = 0.001021
iter 74: download_copy_time_cuda = 0.000956
iter 74: upload_copy_time2_cuda = 0.000074
iter 74: download_copy_time_cuda = 0.001289

iter 75: slack_cuda = -0.002378
iter 75: cpu_time_cuda = 0.090339
iter 75: gpu_time1_cuda = 0.090134
iter 75: gpu_time2_cuda = 0.002583
iter 75: upload_copy_time1_cuda = 0.001004
iter 75: download_copy_time_cuda = 0.000945
iter 75: upload_copy_time2_cuda = 0.000070
iter 75: download_copy_time_cuda = 0.001308

iter 76: slack_cuda = 0.003296
iter 76: cpu_time_cuda = 0.088739
iter 76: gpu_time1_cuda = 0.082904
iter 76: gpu_time2_cuda = 0.002538
iter 76: upload_copy_time1_cuda = 0.000992
iter 76: download_copy_time_cuda = 0.000910
iter 76: upload_copy_time2_cuda = 0.000074
iter 76: download_copy_time_cuda = 0.001322

iter 77: slack_cuda = 0.003359
iter 77: cpu_time_cuda = 0.086971
iter 77: gpu_time1_cuda = 0.081105
iter 77: gpu_time2_cuda = 0.002507
iter 77: upload_copy_time1_cuda = 0.000974
iter 77: download_copy_time_cuda = 0.000910
iter 77: upload_copy_time2_cuda = 0.000078
iter 77: download_copy_time_cuda = 0.001342

iter 78: slack_cuda = 0.002719
iter 78: cpu_time_cuda = 0.085237
iter 78: gpu_time1_cuda = 0.080053
iter 78: gpu_time2_cuda = 0.002465
iter 78: upload_copy_time1_cuda = 0.000961
iter 78: download_copy_time_cuda = 0.000893
iter 78: upload_copy_time2_cuda = 0.000074
iter 78: download_copy_time_cuda = 0.001366

iter 79: slack_cuda = 0.003185
iter 79: cpu_time_cuda = 0.083728
iter 79: gpu_time1_cuda = 0.078119
iter 79: gpu_time2_cuda = 0.002423
iter 79: upload_copy_time1_cuda = 0.000935
iter 79: download_copy_time_cuda = 0.000877
iter 79: upload_copy_time2_cuda = 0.000074
iter 79: download_copy_time_cuda = 0.001384

iter 80: slack_cuda = 0.002204
iter 80: cpu_time_cuda = 0.081982
iter 80: gpu_time1_cuda = 0.077399
iter 80: gpu_time2_cuda = 0.002378
iter 80: upload_copy_time1_cuda = 0.000916
iter 80: download_copy_time_cuda = 0.000852
iter 80: upload_copy_time2_cuda = 0.000072
iter 80: download_copy_time_cuda = 0.001407

iter 81: slack_cuda = 0.002935
iter 81: cpu_time_cuda = 0.080114
iter 81: gpu_time1_cuda = 0.074849
iter 81: gpu_time2_cuda = 0.002330
iter 81: upload_copy_time1_cuda = 0.000900
iter 81: download_copy_time_cuda = 0.000843
iter 81: upload_copy_time2_cuda = 0.000074
iter 81: download_copy_time_cuda = 0.001433

iter 82: slack_cuda = 0.001755
iter 82: cpu_time_cuda = 0.078431
iter 82: gpu_time1_cuda = 0.074388
iter 82: gpu_time2_cuda = 0.002288
iter 82: upload_copy_time1_cuda = 0.000892
iter 82: download_copy_time_cuda = 0.000819
iter 82: upload_copy_time2_cuda = 0.000073
iter 82: download_copy_time_cuda = 0.001454

iter 83: slack_cuda = 0.002180
iter 83: cpu_time_cuda = 0.076740
iter 83: gpu_time1_cuda = 0.072301
iter 83: gpu_time2_cuda = 0.002259
iter 83: upload_copy_time1_cuda = 0.000872
iter 83: download_copy_time_cuda = 0.000803
iter 83: upload_copy_time2_cuda = 0.000070
iter 83: download_copy_time_cuda = 0.001450

iter 84: slack_cuda = 0.000906
iter 84: cpu_time_cuda = 0.075044
iter 84: gpu_time1_cuda = 0.071920
iter 84: gpu_time2_cuda = 0.002218
iter 84: upload_copy_time1_cuda = 0.000853
iter 84: download_copy_time_cuda = 0.000781
iter 84: upload_copy_time2_cuda = 0.000073
iter 84: download_copy_time_cuda = 0.001481

iter 85: slack_cuda = -0.000242
iter 85: cpu_time_cuda = 0.073118
iter 85: gpu_time1_cuda = 0.071225
iter 85: gpu_time2_cuda = 0.002135
iter 85: upload_copy_time1_cuda = 0.000834
iter 85: download_copy_time_cuda = 0.000782
iter 85: upload_copy_time2_cuda = 0.000072
iter 85: download_copy_time_cuda = 0.001479

iter 86: slack_cuda = 0.002096
iter 86: cpu_time_cuda = 0.071575
iter 86: gpu_time1_cuda = 0.067389
iter 86: gpu_time2_cuda = 0.002091
iter 86: upload_copy_time1_cuda = 0.000815
iter 86: download_copy_time_cuda = 0.000757
iter 86: upload_copy_time2_cuda = 0.000070
iter 86: download_copy_time_cuda = 0.001496

iter 87: slack_cuda = 0.002529
iter 87: cpu_time_cuda = 0.069785
iter 87: gpu_time1_cuda = 0.065228
iter 87: gpu_time2_cuda = 0.002028
iter 87: upload_copy_time1_cuda = 0.000791
iter 87: download_copy_time_cuda = 0.000740
iter 87: upload_copy_time2_cuda = 0.000075
iter 87: download_copy_time_cuda = 0.001513

iter 88: slack_cuda = -0.005976
iter 88: cpu_time_cuda = 0.068142
iter 88: gpu_time1_cuda = 0.072131
iter 88: gpu_time2_cuda = 0.001988
iter 88: upload_copy_time1_cuda = 0.000774
iter 88: download_copy_time_cuda = 0.000722
iter 88: upload_copy_time2_cuda = 0.000072
iter 88: download_copy_time_cuda = 0.001538

iter 89: slack_cuda = -0.002751
iter 89: cpu_time_cuda = 0.066462
iter 89: gpu_time1_cuda = 0.067257
iter 89: gpu_time2_cuda = 0.001956
iter 89: upload_copy_time1_cuda = 0.000754
iter 89: download_copy_time_cuda = 0.000713
iter 89: upload_copy_time2_cuda = 0.000072
iter 89: download_copy_time_cuda = 0.001537

iter 90: slack_cuda = -0.004134
iter 90: cpu_time_cuda = 0.064583
iter 90: gpu_time1_cuda = 0.066812
iter 90: gpu_time2_cuda = 0.001905
iter 90: upload_copy_time1_cuda = 0.000733
iter 90: download_copy_time_cuda = 0.000673
iter 90: upload_copy_time2_cuda = 0.000073
iter 90: download_copy_time_cuda = 0.001570

iter 91: slack_cuda = 0.000320
iter 91: cpu_time_cuda = 0.062592
iter 91: gpu_time1_cuda = 0.060407
iter 91: gpu_time2_cuda = 0.001864
iter 91: upload_copy_time1_cuda = 0.000733
iter 91: download_copy_time_cuda = 0.000675
iter 91: upload_copy_time2_cuda = 0.000073
iter 91: download_copy_time_cuda = 0.003634

iter 92: slack_cuda = -0.000922
iter 92: cpu_time_cuda = 0.061309
iter 92: gpu_time1_cuda = 0.060410
iter 92: gpu_time2_cuda = 0.001821
iter 92: upload_copy_time1_cuda = 0.000697
iter 92: download_copy_time_cuda = 0.000655
iter 92: upload_copy_time2_cuda = 0.000073
iter 92: download_copy_time_cuda = 0.001596

iter 93: slack_cuda = 0.001096
iter 93: cpu_time_cuda = 0.059280
iter 93: gpu_time1_cuda = 0.056408
iter 93: gpu_time2_cuda = 0.001775
iter 93: upload_copy_time1_cuda = 0.000688
iter 93: download_copy_time_cuda = 0.000634
iter 93: upload_copy_time2_cuda = 0.000074
iter 93: download_copy_time_cuda = 0.003544

iter 94: slack_cuda = -0.000154
iter 94: cpu_time_cuda = 0.057236
iter 94: gpu_time1_cuda = 0.055670
iter 94: gpu_time2_cuda = 0.001719
iter 94: upload_copy_time1_cuda = 0.000667
iter 94: download_copy_time_cuda = 0.000627
iter 94: upload_copy_time2_cuda = 0.000069
iter 94: download_copy_time_cuda = 0.003505

iter 95: slack_cuda = 0.010780
iter 95: cpu_time_cuda = 0.061157
iter 95: gpu_time1_cuda = 0.048698
iter 95: gpu_time2_cuda = 0.001679
iter 95: upload_copy_time1_cuda = 0.000654
iter 95: download_copy_time_cuda = 0.000594
iter 95: upload_copy_time2_cuda = 0.000069
iter 95: download_copy_time_cuda = 0.003627

iter 96: slack_cuda = 0.002840
iter 96: cpu_time_cuda = 0.054031
iter 96: gpu_time1_cuda = 0.049548
iter 96: gpu_time2_cuda = 0.001642
iter 96: upload_copy_time1_cuda = 0.000626
iter 96: download_copy_time_cuda = 0.000609
iter 96: upload_copy_time2_cuda = 0.000073
iter 96: download_copy_time_cuda = 0.003656

iter 97: slack_cuda = 0.011023
iter 97: cpu_time_cuda = 0.057928
iter 97: gpu_time1_cuda = 0.045315
iter 97: gpu_time2_cuda = 0.001589
iter 97: upload_copy_time1_cuda = 0.000613
iter 97: download_copy_time_cuda = 0.000581
iter 97: upload_copy_time2_cuda = 0.000074
iter 97: download_copy_time_cuda = 0.003686

iter 98: slack_cuda = 0.009842
iter 98: cpu_time_cuda = 0.056071
iter 98: gpu_time1_cuda = 0.044676
iter 98: gpu_time2_cuda = 0.001552
iter 98: upload_copy_time1_cuda = 0.000591
iter 98: download_copy_time_cuda = 0.000553
iter 98: upload_copy_time2_cuda = 0.000073
iter 98: download_copy_time_cuda = 0.003700

iter 99: slack_cuda = 0.013077
iter 99: cpu_time_cuda = 0.054372
iter 99: gpu_time1_cuda = 0.039790
iter 99: gpu_time2_cuda = 0.001505
iter 99: upload_copy_time1_cuda = 0.000573
iter 99: download_copy_time_cuda = 0.000523
iter 99: upload_copy_time2_cuda = 0.000073
iter 99: download_copy_time_cuda = 0.003740

iter 100: slack_cuda = 0.014375
iter 100: cpu_time_cuda = 0.052769
iter 100: gpu_time1_cuda = 0.036931
iter 100: gpu_time2_cuda = 0.001462
iter 100: upload_copy_time1_cuda = 0.000551
iter 100: download_copy_time_cuda = 0.000521
iter 100: upload_copy_time2_cuda = 0.000069
iter 100: download_copy_time_cuda = 0.003767

iter 101: slack_cuda = 0.016346
iter 101: cpu_time_cuda = 0.050910
iter 101: gpu_time1_cuda = 0.033175
iter 101: gpu_time2_cuda = 0.001388
iter 101: upload_copy_time1_cuda = 0.000532
iter 101: download_copy_time_cuda = 0.000489
iter 101: upload_copy_time2_cuda = 0.000074
iter 101: download_copy_time_cuda = 0.003808

iter 102: slack_cuda = 0.014910
iter 102: cpu_time_cuda = 0.049188
iter 102: gpu_time1_cuda = 0.032922
iter 102: gpu_time2_cuda = 0.001356
iter 102: upload_copy_time1_cuda = 0.000515
iter 102: download_copy_time_cuda = 0.000488
iter 102: upload_copy_time2_cuda = 0.000074
iter 102: download_copy_time_cuda = 0.003852

iter 103: slack_cuda = 0.017518
iter 103: cpu_time_cuda = 0.047492
iter 103: gpu_time1_cuda = 0.028656
iter 103: gpu_time2_cuda = 0.001319
iter 103: upload_copy_time1_cuda = 0.000491
iter 103: download_copy_time_cuda = 0.000469
iter 103: upload_copy_time2_cuda = 0.000069
iter 103: download_copy_time_cuda = 0.003893

iter 104: slack_cuda = 0.017437
iter 104: cpu_time_cuda = 0.045659
iter 104: gpu_time1_cuda = 0.026953
iter 104: gpu_time2_cuda = 0.001270
iter 104: upload_copy_time1_cuda = 0.000482
iter 104: download_copy_time_cuda = 0.000432
iter 104: upload_copy_time2_cuda = 0.000068
iter 104: download_copy_time_cuda = 0.003930

iter 105: slack_cuda = 0.018062
iter 105: cpu_time_cuda = 0.043852
iter 105: gpu_time1_cuda = 0.024555
iter 105: gpu_time2_cuda = 0.001235
iter 105: upload_copy_time1_cuda = 0.000464
iter 105: download_copy_time_cuda = 0.000415
iter 105: upload_copy_time2_cuda = 0.000074
iter 105: download_copy_time_cuda = 0.003950

iter 106: slack_cuda = 0.016856
iter 106: cpu_time_cuda = 0.042269
iter 106: gpu_time1_cuda = 0.024227
iter 106: gpu_time2_cuda = 0.001187
iter 106: upload_copy_time1_cuda = 0.000445
iter 106: download_copy_time_cuda = 0.000411
iter 106: upload_copy_time2_cuda = 0.000074
iter 106: download_copy_time_cuda = 0.003999

iter 107: slack_cuda = 0.018621
iter 107: cpu_time_cuda = 0.040981
iter 107: gpu_time1_cuda = 0.021219
iter 107: gpu_time2_cuda = 0.001141
iter 107: upload_copy_time1_cuda = 0.000423
iter 107: download_copy_time_cuda = 0.000395
iter 107: upload_copy_time2_cuda = 0.000071
iter 107: download_copy_time_cuda = 0.004021

iter 108: slack_cuda = 0.016587
iter 108: cpu_time_cuda = 0.038696
iter 108: gpu_time1_cuda = 0.021029
iter 108: gpu_time2_cuda = 0.001080
iter 108: upload_copy_time1_cuda = 0.000404
iter 108: download_copy_time_cuda = 0.000366
iter 108: upload_copy_time2_cuda = 0.000069
iter 108: download_copy_time_cuda = 0.004063

iter 109: slack_cuda = 0.017695
iter 109: cpu_time_cuda = 0.037070
iter 109: gpu_time1_cuda = 0.018330
iter 109: gpu_time2_cuda = 0.001045
iter 109: upload_copy_time1_cuda = 0.000383
iter 109: download_copy_time_cuda = 0.000351
iter 109: upload_copy_time2_cuda = 0.000073
iter 109: download_copy_time_cuda = 0.004098

iter 110: slack_cuda = 0.017521
iter 110: cpu_time_cuda = 0.035536
iter 110: gpu_time1_cuda = 0.017016
iter 110: gpu_time2_cuda = 0.000999
iter 110: upload_copy_time1_cuda = 0.000368
iter 110: download_copy_time_cuda = 0.000349
iter 110: upload_copy_time2_cuda = 0.000069
iter 110: download_copy_time_cuda = 0.004136

iter 111: slack_cuda = 0.017890
iter 111: cpu_time_cuda = 0.033634
iter 111: gpu_time1_cuda = 0.014790
iter 111: gpu_time2_cuda = 0.000955
iter 111: upload_copy_time1_cuda = 0.000345
iter 111: download_copy_time_cuda = 0.000320
iter 111: upload_copy_time2_cuda = 0.000070
iter 111: download_copy_time_cuda = 0.004169

iter 112: slack_cuda = 0.016814
iter 112: cpu_time_cuda = 0.032031
iter 112: gpu_time1_cuda = 0.014305
iter 112: gpu_time2_cuda = 0.000912
iter 112: upload_copy_time1_cuda = 0.000329
iter 112: download_copy_time_cuda = 0.000294
iter 112: upload_copy_time2_cuda = 0.000069
iter 112: download_copy_time_cuda = 0.004184

iter 113: slack_cuda = 0.017064
iter 113: cpu_time_cuda = 0.030327
iter 113: gpu_time1_cuda = 0.012382
iter 113: gpu_time2_cuda = 0.000880
iter 113: upload_copy_time1_cuda = 0.000310
iter 113: download_copy_time_cuda = 0.000278
iter 113: upload_copy_time2_cuda = 0.000070
iter 113: download_copy_time_cuda = 0.004249

iter 114: slack_cuda = 0.018114
iter 114: cpu_time_cuda = 0.028600
iter 114: gpu_time1_cuda = 0.009772
iter 114: gpu_time2_cuda = 0.000715
iter 114: upload_copy_time1_cuda = 0.000297
iter 114: download_copy_time_cuda = 0.000270
iter 114: upload_copy_time2_cuda = 0.000069
iter 114: download_copy_time_cuda = 0.004278

iter 115: slack_cuda = 0.019148
iter 115: cpu_time_cuda = 0.027014
iter 115: gpu_time1_cuda = 0.007212
iter 115: gpu_time2_cuda = 0.000654
iter 115: upload_copy_time1_cuda = 0.000280
iter 115: download_copy_time_cuda = 0.000242
iter 115: upload_copy_time2_cuda = 0.000073
iter 115: download_copy_time_cuda = 0.004320

iter 116: slack_cuda = 0.017679
iter 116: cpu_time_cuda = 0.025146
iter 116: gpu_time1_cuda = 0.006846
iter 116: gpu_time2_cuda = 0.000621
iter 116: upload_copy_time1_cuda = 0.000257
iter 116: download_copy_time_cuda = 0.000241
iter 116: upload_copy_time2_cuda = 0.000071
iter 116: download_copy_time_cuda = 0.004342

iter 117: slack_cuda = 0.016862
iter 117: cpu_time_cuda = 0.023356
iter 117: gpu_time1_cuda = 0.005907
iter 117: gpu_time2_cuda = 0.000588
iter 117: upload_copy_time1_cuda = 0.000244
iter 117: download_copy_time_cuda = 0.000233
iter 117: upload_copy_time2_cuda = 0.000071
iter 117: download_copy_time_cuda = 0.004379

iter 118: slack_cuda = 0.015917
iter 118: cpu_time_cuda = 0.021729
iter 118: gpu_time1_cuda = 0.005258
iter 118: gpu_time2_cuda = 0.000553
iter 118: upload_copy_time1_cuda = 0.000219
iter 118: download_copy_time_cuda = 0.000192
iter 118: upload_copy_time2_cuda = 0.000069
iter 118: download_copy_time_cuda = 0.004406

iter 119: slack_cuda = 0.015345
iter 119: cpu_time_cuda = 0.020056
iter 119: gpu_time1_cuda = 0.004196
iter 119: gpu_time2_cuda = 0.000514
iter 119: upload_copy_time1_cuda = 0.000199
iter 119: download_copy_time_cuda = 0.000185
iter 119: upload_copy_time2_cuda = 0.000070
iter 119: download_copy_time_cuda = 0.004443

iter 120: slack_cuda = 0.014134
iter 120: cpu_time_cuda = 0.018320
iter 120: gpu_time1_cuda = 0.003708
iter 120: gpu_time2_cuda = 0.000479
iter 120: upload_copy_time1_cuda = 0.000179
iter 120: download_copy_time_cuda = 0.000159
iter 120: upload_copy_time2_cuda = 0.000068
iter 120: download_copy_time_cuda = 0.004449

iter 121: slack_cuda = 0.015049
iter 121: cpu_time_cuda = 0.018451
iter 121: gpu_time1_cuda = 0.002950
iter 121: gpu_time2_cuda = 0.000452
iter 121: upload_copy_time1_cuda = 0.000160
iter 121: download_copy_time_cuda = 0.000155
iter 121: upload_copy_time2_cuda = 0.000069
iter 121: download_copy_time_cuda = 0.004509

iter 122: slack_cuda = 0.012470
iter 122: cpu_time_cuda = 0.015140
iter 122: gpu_time1_cuda = 0.002281
iter 122: gpu_time2_cuda = 0.000388
iter 122: upload_copy_time1_cuda = 0.000149
iter 122: download_copy_time_cuda = 0.000141
iter 122: upload_copy_time2_cuda = 0.000067
iter 122: download_copy_time_cuda = 0.004530

iter 123: slack_cuda = 0.006100
iter 123: cpu_time_cuda = 0.008268
iter 123: gpu_time1_cuda = 0.001809
iter 123: gpu_time2_cuda = 0.000359
iter 123: upload_copy_time1_cuda = 0.000140
iter 123: download_copy_time_cuda = 0.000126
iter 123: upload_copy_time2_cuda = 0.000069
iter 123: download_copy_time_cuda = 0.004591

iter 124: slack_cuda = 0.004908
iter 124: cpu_time_cuda = 0.006521
iter 124: gpu_time1_cuda = 0.001288
iter 124: gpu_time2_cuda = 0.000324
iter 124: upload_copy_time1_cuda = 0.000124
iter 124: download_copy_time_cuda = 0.000114
iter 124: upload_copy_time2_cuda = 0.000073
iter 124: download_copy_time_cuda = 0.004676

iter 125: slack_cuda = 0.003914
iter 125: cpu_time_cuda = 0.005126
iter 125: gpu_time1_cuda = 0.000919
iter 125: gpu_time2_cuda = 0.000293
iter 125: upload_copy_time1_cuda = 0.000109
iter 125: download_copy_time_cuda = 0.000101
iter 125: upload_copy_time2_cuda = 0.000070
iter 125: download_copy_time_cuda = 0.004645

iter 126: slack_cuda = 0.002342
iter 126: cpu_time_cuda = 0.003299
iter 126: gpu_time1_cuda = 0.000699
iter 126: gpu_time2_cuda = 0.000258
iter 126: upload_copy_time1_cuda = 0.000095
iter 126: download_copy_time_cuda = 0.000090
iter 126: upload_copy_time2_cuda = 0.000069
iter 126: download_copy_time_cuda = 0.005161

total_slack_overflow = -0.016597
total_cpu_time_cuda = 14.023886
total_gpu_time_cuda = 12.951407
total_copy_time_cuda = 0.554123
main_loop_time_cuda = 28.615826
Normalized difference of predicted CPU runtime per iteration is: 0.000000%
Normalized difference of predicted GPU runtime1 per iteration is: 0.000000%
Normalized difference of predicted GPU runtime2 per iteration is: 0.000000%
Normalized difference of predicted slack per iteration is: 0.000000%
15360 15360     ---   (  ---  )    168.83 (  28.62)       ---
total_time = 37.574978
32.44user 5.33system 0:39.46elapsed 95%CPU (0avgtext+0avgdata 3840068maxresident)k
3864inputs+0outputs (1major+482961minor)pagefaults 0swaps
send out message: 22 3 log
