send out message: 24 37 /home/lchen/MAGMA/magma-1.6.1/results
send out message: 20 26 MAGMA_LU_GPUDVFS.total.pwr
MAGMA 1.6.1  compiled for CUDA capability >= 3.0
CUDA runtime 5000, driver 6050. MAGMA not compiled with OpenMP. 
ndevices 1
device 0: Tesla K20c, 705.5 MHz clock, 4799.6 MB memory, capability 3.5
Usage: /home/lchen/MAGMA/magma-1.6.1/testing/testing_dgeqrf [options] [-h|--help]

ngpu 1
    M     N   CPU GFlop/s (sec)   GPU GFlop/s (sec)   |R - Q^H*A|   |I - Q^H*Q|
===============================================================================
init_time = 6.328924
iter 0: slack_cuda = -0.005652
iter 0: cpu_time_cuda = 0.000002
iter 0: gpu_time1_cuda = 0.000000
iter 0: gpu_time2_cuda = 0.005654
iter 0: upload_copy_time1_cuda = 0.002842
iter 0: download_copy_time_cuda = -0.000000
iter 0: upload_copy_time2_cuda = 0.000077
iter 0: download_copy_time_cuda = 0.000000

iter 1: slack_cuda = 0.013743
iter 1: cpu_time_cuda = 0.165476
iter 1: gpu_time1_cuda = 0.146105
iter 1: gpu_time2_cuda = 0.005628
iter 1: upload_copy_time1_cuda = 0.002370
iter 1: download_copy_time_cuda = 0.002259
iter 1: upload_copy_time2_cuda = 0.000069
iter 1: download_copy_time_cuda = 0.000071

iter 2: slack_cuda = 0.012138
iter 2: cpu_time_cuda = 0.164235
iter 2: gpu_time1_cuda = 0.146570
iter 2: gpu_time2_cuda = 0.005527
iter 2: upload_copy_time1_cuda = 0.002548
iter 2: download_copy_time_cuda = 0.002230
iter 2: upload_copy_time2_cuda = 0.000070
iter 2: download_copy_time_cuda = 0.000085

iter 3: slack_cuda = 0.018347
iter 3: cpu_time_cuda = 0.162887
iter 3: gpu_time1_cuda = 0.139022
iter 3: gpu_time2_cuda = 0.005517
iter 3: upload_copy_time1_cuda = 0.002529
iter 3: download_copy_time_cuda = 0.002397
iter 3: upload_copy_time2_cuda = 0.000069
iter 3: download_copy_time_cuda = 0.000098

iter 4: slack_cuda = 0.021938
iter 4: cpu_time_cuda = 0.161269
iter 4: gpu_time1_cuda = 0.133884
iter 4: gpu_time2_cuda = 0.005448
iter 4: upload_copy_time1_cuda = 0.002548
iter 4: download_copy_time_cuda = 0.002395
iter 4: upload_copy_time2_cuda = 0.000064
iter 4: download_copy_time_cuda = 0.000114

iter 5: slack_cuda = 0.022185
iter 5: cpu_time_cuda = 0.159762
iter 5: gpu_time1_cuda = 0.132157
iter 5: gpu_time2_cuda = 0.005420
iter 5: upload_copy_time1_cuda = 0.002493
iter 5: download_copy_time_cuda = 0.002354
iter 5: upload_copy_time2_cuda = 0.000069
iter 5: download_copy_time_cuda = 0.000120

iter 6: slack_cuda = 0.019722
iter 6: cpu_time_cuda = 0.159443
iter 6: gpu_time1_cuda = 0.134349
iter 6: gpu_time2_cuda = 0.005372
iter 6: upload_copy_time1_cuda = 0.002473
iter 6: download_copy_time_cuda = 0.002370
iter 6: upload_copy_time2_cuda = 0.000068
iter 6: download_copy_time_cuda = 0.000125

iter 7: slack_cuda = 0.022299
iter 7: cpu_time_cuda = 0.157754
iter 7: gpu_time1_cuda = 0.130069
iter 7: gpu_time2_cuda = 0.005386
iter 7: upload_copy_time1_cuda = 0.002456
iter 7: download_copy_time_cuda = 0.002335
iter 7: upload_copy_time2_cuda = 0.000068
iter 7: download_copy_time_cuda = 0.000147

iter 8: slack_cuda = 0.019220
iter 8: cpu_time_cuda = 0.155998
iter 8: gpu_time1_cuda = 0.131473
iter 8: gpu_time2_cuda = 0.005305
iter 8: upload_copy_time1_cuda = 0.002433
iter 8: download_copy_time_cuda = 0.002327
iter 8: upload_copy_time2_cuda = 0.000067
iter 8: download_copy_time_cuda = 0.000161

iter 9: slack_cuda = 0.021538
iter 9: cpu_time_cuda = 0.154657
iter 9: gpu_time1_cuda = 0.127839
iter 9: gpu_time2_cuda = 0.005279
iter 9: upload_copy_time1_cuda = 0.002410
iter 9: download_copy_time_cuda = 0.002323
iter 9: upload_copy_time2_cuda = 0.000068
iter 9: download_copy_time_cuda = 0.000174

iter 10: slack_cuda = 0.018441
iter 10: cpu_time_cuda = 0.154053
iter 10: gpu_time1_cuda = 0.130407
iter 10: gpu_time2_cuda = 0.005206
iter 10: upload_copy_time1_cuda = 0.002409
iter 10: download_copy_time_cuda = 0.002281
iter 10: upload_copy_time2_cuda = 0.000069
iter 10: download_copy_time_cuda = 0.000192

iter 11: slack_cuda = 0.020327
iter 11: cpu_time_cuda = 0.151999
iter 11: gpu_time1_cuda = 0.126480
iter 11: gpu_time2_cuda = 0.005192
iter 11: upload_copy_time1_cuda = 0.002380
iter 11: download_copy_time_cuda = 0.002264
iter 11: upload_copy_time2_cuda = 0.000068
iter 11: download_copy_time_cuda = 0.000205

iter 12: slack_cuda = 0.020888
iter 12: cpu_time_cuda = 0.150658
iter 12: gpu_time1_cuda = 0.124640
iter 12: gpu_time2_cuda = 0.005130
iter 12: upload_copy_time1_cuda = 0.002390
iter 12: download_copy_time_cuda = 0.002248
iter 12: upload_copy_time2_cuda = 0.000069
iter 12: download_copy_time_cuda = 0.000220

iter 13: slack_cuda = 0.006610
iter 13: cpu_time_cuda = 0.149442
iter 13: gpu_time1_cuda = 0.136656
iter 13: gpu_time2_cuda = 0.006175
iter 13: upload_copy_time1_cuda = 0.002348
iter 13: download_copy_time_cuda = 0.002232
iter 13: upload_copy_time2_cuda = 0.000069
iter 13: download_copy_time_cuda = 0.000253

iter 14: slack_cuda = 0.003928
iter 14: cpu_time_cuda = 0.147978
iter 14: gpu_time1_cuda = 0.137923
iter 14: gpu_time2_cuda = 0.006126
iter 14: upload_copy_time1_cuda = 0.002331
iter 14: download_copy_time_cuda = 0.002201
iter 14: upload_copy_time2_cuda = 0.000069
iter 14: download_copy_time_cuda = 0.000263

iter 15: slack_cuda = 0.004429
iter 15: cpu_time_cuda = 0.147298
iter 15: gpu_time1_cuda = 0.136795
iter 15: gpu_time2_cuda = 0.006074
iter 15: upload_copy_time1_cuda = 0.002359
iter 15: download_copy_time_cuda = 0.002260
iter 15: upload_copy_time2_cuda = 0.000068
iter 15: download_copy_time_cuda = 0.000276

iter 16: slack_cuda = 0.001197
iter 16: cpu_time_cuda = 0.145746
iter 16: gpu_time1_cuda = 0.138531
iter 16: gpu_time2_cuda = 0.006018
iter 16: upload_copy_time1_cuda = 0.002305
iter 16: download_copy_time_cuda = 0.002166
iter 16: upload_copy_time2_cuda = 0.000069
iter 16: download_copy_time_cuda = 0.000293

iter 17: slack_cuda = 0.008052
iter 17: cpu_time_cuda = 0.144712
iter 17: gpu_time1_cuda = 0.130686
iter 17: gpu_time2_cuda = 0.005974
iter 17: upload_copy_time1_cuda = 0.002310
iter 17: download_copy_time_cuda = 0.002178
iter 17: upload_copy_time2_cuda = 0.000065
iter 17: download_copy_time_cuda = 0.000311

iter 18: slack_cuda = 0.010062
iter 18: cpu_time_cuda = 0.142683
iter 18: gpu_time1_cuda = 0.126733
iter 18: gpu_time2_cuda = 0.005888
iter 18: upload_copy_time1_cuda = 0.002271
iter 18: download_copy_time_cuda = 0.002202
iter 18: upload_copy_time2_cuda = 0.000068
iter 18: download_copy_time_cuda = 0.000327

iter 19: slack_cuda = 0.011626
iter 19: cpu_time_cuda = 0.141896
iter 19: gpu_time1_cuda = 0.124424
iter 19: gpu_time2_cuda = 0.005846
iter 19: upload_copy_time1_cuda = 0.002028
iter 19: download_copy_time_cuda = 0.002106
iter 19: upload_copy_time2_cuda = 0.000069
iter 19: download_copy_time_cuda = 0.000345

iter 20: slack_cuda = 0.009555
iter 20: cpu_time_cuda = 0.140173
iter 20: gpu_time1_cuda = 0.124810
iter 20: gpu_time2_cuda = 0.005808
iter 20: upload_copy_time1_cuda = 0.002007
iter 20: download_copy_time_cuda = 0.001875
iter 20: upload_copy_time2_cuda = 0.000066
iter 20: download_copy_time_cuda = 0.000366

iter 21: slack_cuda = 0.011936
iter 21: cpu_time_cuda = 0.138856
iter 21: gpu_time1_cuda = 0.121150
iter 21: gpu_time2_cuda = 0.005770
iter 21: upload_copy_time1_cuda = 0.002002
iter 21: download_copy_time_cuda = 0.001865
iter 21: upload_copy_time2_cuda = 0.000067
iter 21: download_copy_time_cuda = 0.000384

iter 22: slack_cuda = 0.013248
iter 22: cpu_time_cuda = 0.137592
iter 22: gpu_time1_cuda = 0.118631
iter 22: gpu_time2_cuda = 0.005713
iter 22: upload_copy_time1_cuda = 0.001978
iter 22: download_copy_time_cuda = 0.001844
iter 22: upload_copy_time2_cuda = 0.000066
iter 22: download_copy_time_cuda = 0.000400

iter 23: slack_cuda = 0.013350
iter 23: cpu_time_cuda = 0.136472
iter 23: gpu_time1_cuda = 0.117469
iter 23: gpu_time2_cuda = 0.005652
iter 23: upload_copy_time1_cuda = 0.002188
iter 23: download_copy_time_cuda = 0.001831
iter 23: upload_copy_time2_cuda = 0.000069
iter 23: download_copy_time_cuda = 0.000409

iter 24: slack_cuda = 0.011712
iter 24: cpu_time_cuda = 0.135210
iter 24: gpu_time1_cuda = 0.117887
iter 24: gpu_time2_cuda = 0.005611
iter 24: upload_copy_time1_cuda = 0.002205
iter 24: download_copy_time_cuda = 0.002017
iter 24: upload_copy_time2_cuda = 0.000069
iter 24: download_copy_time_cuda = 0.000437

iter 25: slack_cuda = 0.012579
iter 25: cpu_time_cuda = 0.133225
iter 25: gpu_time1_cuda = 0.115114
iter 25: gpu_time2_cuda = 0.005533
iter 25: upload_copy_time1_cuda = 0.002144
iter 25: download_copy_time_cuda = 0.001998
iter 25: upload_copy_time2_cuda = 0.000070
iter 25: download_copy_time_cuda = 0.000456

iter 26: slack_cuda = 0.012381
iter 26: cpu_time_cuda = 0.132126
iter 26: gpu_time1_cuda = 0.114229
iter 26: gpu_time2_cuda = 0.005516
iter 26: upload_copy_time1_cuda = 0.002130
iter 26: download_copy_time_cuda = 0.001987
iter 26: upload_copy_time2_cuda = 0.000070
iter 26: download_copy_time_cuda = 0.000779

iter 27: slack_cuda = 0.014499
iter 27: cpu_time_cuda = 0.131001
iter 27: gpu_time1_cuda = 0.111050
iter 27: gpu_time2_cuda = 0.005452
iter 27: upload_copy_time1_cuda = 0.002097
iter 27: download_copy_time_cuda = 0.001982
iter 27: upload_copy_time2_cuda = 0.000070
iter 27: download_copy_time_cuda = 0.000480

iter 28: slack_cuda = 0.013964
iter 28: cpu_time_cuda = 0.130091
iter 28: gpu_time1_cuda = 0.110729
iter 28: gpu_time2_cuda = 0.005397
iter 28: upload_copy_time1_cuda = 0.002077
iter 28: download_copy_time_cuda = 0.001959
iter 28: upload_copy_time2_cuda = 0.000069
iter 28: download_copy_time_cuda = 0.000495

iter 29: slack_cuda = 0.014513
iter 29: cpu_time_cuda = 0.128434
iter 29: gpu_time1_cuda = 0.108593
iter 29: gpu_time2_cuda = 0.005328
iter 29: upload_copy_time1_cuda = 0.002056
iter 29: download_copy_time_cuda = 0.001944
iter 29: upload_copy_time2_cuda = 0.000069
iter 29: download_copy_time_cuda = 0.000512

iter 30: slack_cuda = 0.020613
iter 30: cpu_time_cuda = 0.127673
iter 30: gpu_time1_cuda = 0.101760
iter 30: gpu_time2_cuda = 0.005300
iter 30: upload_copy_time1_cuda = 0.002055
iter 30: download_copy_time_cuda = 0.001942
iter 30: upload_copy_time2_cuda = 0.000069
iter 30: download_copy_time_cuda = 0.000530

iter 31: slack_cuda = 0.026273
iter 31: cpu_time_cuda = 0.125945
iter 31: gpu_time1_cuda = 0.094453
iter 31: gpu_time2_cuda = 0.005219
iter 31: upload_copy_time1_cuda = 0.002038
iter 31: download_copy_time_cuda = 0.001930
iter 31: upload_copy_time2_cuda = 0.000064
iter 31: download_copy_time_cuda = 0.000549

iter 32: slack_cuda = 0.021832
iter 32: cpu_time_cuda = 0.124630
iter 32: gpu_time1_cuda = 0.097629
iter 32: gpu_time2_cuda = 0.005169
iter 32: upload_copy_time1_cuda = 0.001995
iter 32: download_copy_time_cuda = 0.001890
iter 32: upload_copy_time2_cuda = 0.000064
iter 32: download_copy_time_cuda = 0.000570

iter 33: slack_cuda = 0.022545
iter 33: cpu_time_cuda = 0.123249
iter 33: gpu_time1_cuda = 0.095587
iter 33: gpu_time2_cuda = 0.005116
iter 33: upload_copy_time1_cuda = 0.001996
iter 33: download_copy_time_cuda = 0.001883
iter 33: upload_copy_time2_cuda = 0.000065
iter 33: download_copy_time_cuda = 0.000592

iter 34: slack_cuda = 0.021883
iter 34: cpu_time_cuda = 0.121765
iter 34: gpu_time1_cuda = 0.094820
iter 34: gpu_time2_cuda = 0.005062
iter 34: upload_copy_time1_cuda = 0.001958
iter 34: download_copy_time_cuda = 0.001867
iter 34: upload_copy_time2_cuda = 0.000063
iter 34: download_copy_time_cuda = 0.000605

iter 35: slack_cuda = 0.022585
iter 35: cpu_time_cuda = 0.120517
iter 35: gpu_time1_cuda = 0.092906
iter 35: gpu_time2_cuda = 0.005026
iter 35: upload_copy_time1_cuda = 0.001949
iter 35: download_copy_time_cuda = 0.001827
iter 35: upload_copy_time2_cuda = 0.000062
iter 35: download_copy_time_cuda = 0.000614

iter 36: slack_cuda = 0.023472
iter 36: cpu_time_cuda = 0.119245
iter 36: gpu_time1_cuda = 0.090786
iter 36: gpu_time2_cuda = 0.004987
iter 36: upload_copy_time1_cuda = 0.001947
iter 36: download_copy_time_cuda = 0.001832
iter 36: upload_copy_time2_cuda = 0.000063
iter 36: download_copy_time_cuda = 0.000635

iter 37: slack_cuda = 0.023810
iter 37: cpu_time_cuda = 0.118505
iter 37: gpu_time1_cuda = 0.089760
iter 37: gpu_time2_cuda = 0.004934
iter 37: upload_copy_time1_cuda = 0.001911
iter 37: download_copy_time_cuda = 0.001797
iter 37: upload_copy_time2_cuda = 0.000064
iter 37: download_copy_time_cuda = 0.000649

iter 38: slack_cuda = 0.023080
iter 38: cpu_time_cuda = 0.116529
iter 38: gpu_time1_cuda = 0.088564
iter 38: gpu_time2_cuda = 0.004885
iter 38: upload_copy_time1_cuda = 0.001933
iter 38: download_copy_time_cuda = 0.001787
iter 38: upload_copy_time2_cuda = 0.000063
iter 38: download_copy_time_cuda = 0.000670

iter 39: slack_cuda = 0.024399
iter 39: cpu_time_cuda = 0.115460
iter 39: gpu_time1_cuda = 0.086218
iter 39: gpu_time2_cuda = 0.004843
iter 39: upload_copy_time1_cuda = 0.001888
iter 39: download_copy_time_cuda = 0.001765
iter 39: upload_copy_time2_cuda = 0.000063
iter 39: download_copy_time_cuda = 0.000683

iter 40: slack_cuda = 0.025139
iter 40: cpu_time_cuda = 0.114111
iter 40: gpu_time1_cuda = 0.084211
iter 40: gpu_time2_cuda = 0.004761
iter 40: upload_copy_time1_cuda = 0.001877
iter 40: download_copy_time_cuda = 0.001728
iter 40: upload_copy_time2_cuda = 0.000062
iter 40: download_copy_time_cuda = 0.000704

iter 41: slack_cuda = 0.025549
iter 41: cpu_time_cuda = 0.113275
iter 41: gpu_time1_cuda = 0.083012
iter 41: gpu_time2_cuda = 0.004713
iter 41: upload_copy_time1_cuda = 0.001832
iter 41: download_copy_time_cuda = 0.001741
iter 41: upload_copy_time2_cuda = 0.000065
iter 41: download_copy_time_cuda = 0.000746

iter 42: slack_cuda = 0.024755
iter 42: cpu_time_cuda = 0.111737
iter 42: gpu_time1_cuda = 0.082311
iter 42: gpu_time2_cuda = 0.004672
iter 42: upload_copy_time1_cuda = 0.001816
iter 42: download_copy_time_cuda = 0.001707
iter 42: upload_copy_time2_cuda = 0.000068
iter 42: download_copy_time_cuda = 0.000741

iter 43: slack_cuda = 0.025213
iter 43: cpu_time_cuda = 0.110224
iter 43: gpu_time1_cuda = 0.080392
iter 43: gpu_time2_cuda = 0.004620
iter 43: upload_copy_time1_cuda = 0.001792
iter 43: download_copy_time_cuda = 0.001697
iter 43: upload_copy_time2_cuda = 0.000068
iter 43: download_copy_time_cuda = 0.000756

iter 44: slack_cuda = 0.028998
iter 44: cpu_time_cuda = 0.108642
iter 44: gpu_time1_cuda = 0.075078
iter 44: gpu_time2_cuda = 0.004566
iter 44: upload_copy_time1_cuda = 0.001567
iter 44: download_copy_time_cuda = 0.001676
iter 44: upload_copy_time2_cuda = 0.000066
iter 44: download_copy_time_cuda = 0.000775

iter 45: slack_cuda = 0.030455
iter 45: cpu_time_cuda = 0.107891
iter 45: gpu_time1_cuda = 0.072941
iter 45: gpu_time2_cuda = 0.004495
iter 45: upload_copy_time1_cuda = 0.001562
iter 45: download_copy_time_cuda = 0.001453
iter 45: upload_copy_time2_cuda = 0.000066
iter 45: download_copy_time_cuda = 0.000808

iter 46: slack_cuda = 0.034118
iter 46: cpu_time_cuda = 0.109768
iter 46: gpu_time1_cuda = 0.071217
iter 46: gpu_time2_cuda = 0.004434
iter 46: upload_copy_time1_cuda = 0.001529
iter 46: download_copy_time_cuda = 0.001432
iter 46: upload_copy_time2_cuda = 0.000067
iter 46: download_copy_time_cuda = 0.000807

iter 47: slack_cuda = 0.034455
iter 47: cpu_time_cuda = 0.107464
iter 47: gpu_time1_cuda = 0.068601
iter 47: gpu_time2_cuda = 0.004408
iter 47: upload_copy_time1_cuda = 0.001517
iter 47: download_copy_time_cuda = 0.001419
iter 47: upload_copy_time2_cuda = 0.000067
iter 47: download_copy_time_cuda = 0.000822

iter 48: slack_cuda = 0.031565
iter 48: cpu_time_cuda = 0.103761
iter 48: gpu_time1_cuda = 0.067854
iter 48: gpu_time2_cuda = 0.004342
iter 48: upload_copy_time1_cuda = 0.001509
iter 48: download_copy_time_cuda = 0.001396
iter 48: upload_copy_time2_cuda = 0.000067
iter 48: download_copy_time_cuda = 0.000838

iter 49: slack_cuda = 0.033487
iter 49: cpu_time_cuda = 0.102879
iter 49: gpu_time1_cuda = 0.065088
iter 49: gpu_time2_cuda = 0.004303
iter 49: upload_copy_time1_cuda = 0.001483
iter 49: download_copy_time_cuda = 0.001382
iter 49: upload_copy_time2_cuda = 0.000067
iter 49: download_copy_time_cuda = 0.000858

iter 50: slack_cuda = 0.030663
iter 50: cpu_time_cuda = 0.101660
iter 50: gpu_time1_cuda = 0.066743
iter 50: gpu_time2_cuda = 0.004254
iter 50: upload_copy_time1_cuda = 0.001464
iter 50: download_copy_time_cuda = 0.001366
iter 50: upload_copy_time2_cuda = 0.000066
iter 50: download_copy_time_cuda = 0.000875

iter 51: slack_cuda = 0.031135
iter 51: cpu_time_cuda = 0.100027
iter 51: gpu_time1_cuda = 0.064691
iter 51: gpu_time2_cuda = 0.004201
iter 51: upload_copy_time1_cuda = 0.001443
iter 51: download_copy_time_cuda = 0.001350
iter 51: upload_copy_time2_cuda = 0.000065
iter 51: download_copy_time_cuda = 0.000889

iter 52: slack_cuda = 0.030382
iter 52: cpu_time_cuda = 0.098837
iter 52: gpu_time1_cuda = 0.064320
iter 52: gpu_time2_cuda = 0.004135
iter 52: upload_copy_time1_cuda = 0.001439
iter 52: download_copy_time_cuda = 0.001332
iter 52: upload_copy_time2_cuda = 0.000067
iter 52: download_copy_time_cuda = 0.000912

iter 53: slack_cuda = 0.030692
iter 53: cpu_time_cuda = 0.097280
iter 53: gpu_time1_cuda = 0.062492
iter 53: gpu_time2_cuda = 0.004097
iter 53: upload_copy_time1_cuda = 0.001422
iter 53: download_copy_time_cuda = 0.001308
iter 53: upload_copy_time2_cuda = 0.000068
iter 53: download_copy_time_cuda = 0.000930

iter 54: slack_cuda = 0.034831
iter 54: cpu_time_cuda = 0.098943
iter 54: gpu_time1_cuda = 0.060072
iter 54: gpu_time2_cuda = 0.004041
iter 54: upload_copy_time1_cuda = 0.001382
iter 54: download_copy_time_cuda = 0.001297
iter 54: upload_copy_time2_cuda = 0.000066
iter 54: download_copy_time_cuda = 0.000947

iter 55: slack_cuda = 0.035267
iter 55: cpu_time_cuda = 0.097494
iter 55: gpu_time1_cuda = 0.058228
iter 55: gpu_time2_cuda = 0.003999
iter 55: upload_copy_time1_cuda = 0.001369
iter 55: download_copy_time_cuda = 0.001274
iter 55: upload_copy_time2_cuda = 0.000061
iter 55: download_copy_time_cuda = 0.000961

iter 56: slack_cuda = 0.030851
iter 56: cpu_time_cuda = 0.093387
iter 56: gpu_time1_cuda = 0.058583
iter 56: gpu_time2_cuda = 0.003954
iter 56: upload_copy_time1_cuda = 0.001345
iter 56: download_copy_time_cuda = 0.001264
iter 56: upload_copy_time2_cuda = 0.000066
iter 56: download_copy_time_cuda = 0.000978

iter 57: slack_cuda = 0.032048
iter 57: cpu_time_cuda = 0.092059
iter 57: gpu_time1_cuda = 0.056115
iter 57: gpu_time2_cuda = 0.003896
iter 57: upload_copy_time1_cuda = 0.001336
iter 57: download_copy_time_cuda = 0.001240
iter 57: upload_copy_time2_cuda = 0.000067
iter 57: download_copy_time_cuda = 0.001000

iter 58: slack_cuda = 0.035159
iter 58: cpu_time_cuda = 0.090811
iter 58: gpu_time1_cuda = 0.051814
iter 58: gpu_time2_cuda = 0.003837
iter 58: upload_copy_time1_cuda = 0.001317
iter 58: download_copy_time_cuda = 0.001230
iter 58: upload_copy_time2_cuda = 0.000068
iter 58: download_copy_time_cuda = 0.001009

iter 59: slack_cuda = 0.035207
iter 59: cpu_time_cuda = 0.089645
iter 59: gpu_time1_cuda = 0.050658
iter 59: gpu_time2_cuda = 0.003780
iter 59: upload_copy_time1_cuda = 0.001299
iter 59: download_copy_time_cuda = 0.001212
iter 59: upload_copy_time2_cuda = 0.000066
iter 59: download_copy_time_cuda = 0.001027

iter 60: slack_cuda = 0.034281
iter 60: cpu_time_cuda = 0.087922
iter 60: gpu_time1_cuda = 0.049925
iter 60: gpu_time2_cuda = 0.003716
iter 60: upload_copy_time1_cuda = 0.001277
iter 60: download_copy_time_cuda = 0.001187
iter 60: upload_copy_time2_cuda = 0.000066
iter 60: download_copy_time_cuda = 0.001055

iter 61: slack_cuda = 0.035163
iter 61: cpu_time_cuda = 0.086631
iter 61: gpu_time1_cuda = 0.047789
iter 61: gpu_time2_cuda = 0.003680
iter 61: upload_copy_time1_cuda = 0.001257
iter 61: download_copy_time_cuda = 0.001180
iter 61: upload_copy_time2_cuda = 0.000066
iter 61: download_copy_time_cuda = 0.001068

iter 62: slack_cuda = 0.035226
iter 62: cpu_time_cuda = 0.085485
iter 62: gpu_time1_cuda = 0.046634
iter 62: gpu_time2_cuda = 0.003624
iter 62: upload_copy_time1_cuda = 0.001237
iter 62: download_copy_time_cuda = 0.001152
iter 62: upload_copy_time2_cuda = 0.000065
iter 62: download_copy_time_cuda = 0.001084

iter 63: slack_cuda = 0.035806
iter 63: cpu_time_cuda = 0.084383
iter 63: gpu_time1_cuda = 0.045005
iter 63: gpu_time2_cuda = 0.003571
iter 63: upload_copy_time1_cuda = 0.001217
iter 63: download_copy_time_cuda = 0.001136
iter 63: upload_copy_time2_cuda = 0.000066
iter 63: download_copy_time_cuda = 0.001100

iter 64: slack_cuda = 0.034211
iter 64: cpu_time_cuda = 0.082901
iter 64: gpu_time1_cuda = 0.045150
iter 64: gpu_time2_cuda = 0.003539
iter 64: upload_copy_time1_cuda = 0.001198
iter 64: download_copy_time_cuda = 0.001119
iter 64: upload_copy_time2_cuda = 0.000065
iter 64: download_copy_time_cuda = 0.001117

iter 65: slack_cuda = 0.035113
iter 65: cpu_time_cuda = 0.081635
iter 65: gpu_time1_cuda = 0.043041
iter 65: gpu_time2_cuda = 0.003481
iter 65: upload_copy_time1_cuda = 0.001179
iter 65: download_copy_time_cuda = 0.001107
iter 65: upload_copy_time2_cuda = 0.000066
iter 65: download_copy_time_cuda = 0.001133

iter 66: slack_cuda = 0.035417
iter 66: cpu_time_cuda = 0.080675
iter 66: gpu_time1_cuda = 0.041845
iter 66: gpu_time2_cuda = 0.003413
iter 66: upload_copy_time1_cuda = 0.001163
iter 66: download_copy_time_cuda = 0.001090
iter 66: upload_copy_time2_cuda = 0.000066
iter 66: download_copy_time_cuda = 0.001147

iter 67: slack_cuda = 0.035887
iter 67: cpu_time_cuda = 0.079146
iter 67: gpu_time1_cuda = 0.039896
iter 67: gpu_time2_cuda = 0.003364
iter 67: upload_copy_time1_cuda = 0.001149
iter 67: download_copy_time_cuda = 0.001074
iter 67: upload_copy_time2_cuda = 0.000064
iter 67: download_copy_time_cuda = 0.001171

iter 68: slack_cuda = 0.034108
iter 68: cpu_time_cuda = 0.077682
iter 68: gpu_time1_cuda = 0.040246
iter 68: gpu_time2_cuda = 0.003328
iter 68: upload_copy_time1_cuda = 0.001130
iter 68: download_copy_time_cuda = 0.001050
iter 68: upload_copy_time2_cuda = 0.000067
iter 68: download_copy_time_cuda = 0.001181

iter 69: slack_cuda = 0.035065
iter 69: cpu_time_cuda = 0.076530
iter 69: gpu_time1_cuda = 0.038197
iter 69: gpu_time2_cuda = 0.003268
iter 69: upload_copy_time1_cuda = 0.001114
iter 69: download_copy_time_cuda = 0.001058
iter 69: upload_copy_time2_cuda = 0.000065
iter 69: download_copy_time_cuda = 0.001205

iter 70: slack_cuda = 0.033846
iter 70: cpu_time_cuda = 0.075120
iter 70: gpu_time1_cuda = 0.038062
iter 70: gpu_time2_cuda = 0.003212
iter 70: upload_copy_time1_cuda = 0.001093
iter 70: download_copy_time_cuda = 0.001016
iter 70: upload_copy_time2_cuda = 0.000065
iter 70: download_copy_time_cuda = 0.001229

iter 71: slack_cuda = 0.033081
iter 71: cpu_time_cuda = 0.073895
iter 71: gpu_time1_cuda = 0.037645
iter 71: gpu_time2_cuda = 0.003169
iter 71: upload_copy_time1_cuda = 0.001073
iter 71: download_copy_time_cuda = 0.000998
iter 71: upload_copy_time2_cuda = 0.000065
iter 71: download_copy_time_cuda = 0.001263

iter 72: slack_cuda = 0.035862
iter 72: cpu_time_cuda = 0.072527
iter 72: gpu_time1_cuda = 0.033535
iter 72: gpu_time2_cuda = 0.003131
iter 72: upload_copy_time1_cuda = 0.001051
iter 72: download_copy_time_cuda = 0.000984
iter 72: upload_copy_time2_cuda = 0.000062
iter 72: download_copy_time_cuda = 0.001262

iter 73: slack_cuda = 0.035762
iter 73: cpu_time_cuda = 0.071219
iter 73: gpu_time1_cuda = 0.032412
iter 73: gpu_time2_cuda = 0.003045
iter 73: upload_copy_time1_cuda = 0.001032
iter 73: download_copy_time_cuda = 0.000960
iter 73: upload_copy_time2_cuda = 0.000061
iter 73: download_copy_time_cuda = 0.001270

iter 74: slack_cuda = 0.034906
iter 74: cpu_time_cuda = 0.069936
iter 74: gpu_time1_cuda = 0.032034
iter 74: gpu_time2_cuda = 0.002995
iter 74: upload_copy_time1_cuda = 0.001033
iter 74: download_copy_time_cuda = 0.000948
iter 74: upload_copy_time2_cuda = 0.000060
iter 74: download_copy_time_cuda = 0.001292

iter 75: slack_cuda = 0.034801
iter 75: cpu_time_cuda = 0.068803
iter 75: gpu_time1_cuda = 0.031047
iter 75: gpu_time2_cuda = 0.002956
iter 75: upload_copy_time1_cuda = 0.001011
iter 75: download_copy_time_cuda = 0.000934
iter 75: upload_copy_time2_cuda = 0.000064
iter 75: download_copy_time_cuda = 0.001327

iter 76: slack_cuda = 0.033771
iter 76: cpu_time_cuda = 0.067294
iter 76: gpu_time1_cuda = 0.030624
iter 76: gpu_time2_cuda = 0.002899
iter 76: upload_copy_time1_cuda = 0.000977
iter 76: download_copy_time_cuda = 0.000912
iter 76: upload_copy_time2_cuda = 0.000065
iter 76: download_copy_time_cuda = 0.001318

iter 77: slack_cuda = 0.033881
iter 77: cpu_time_cuda = 0.065875
iter 77: gpu_time1_cuda = 0.029146
iter 77: gpu_time2_cuda = 0.002848
iter 77: upload_copy_time1_cuda = 0.000967
iter 77: download_copy_time_cuda = 0.000889
iter 77: upload_copy_time2_cuda = 0.000061
iter 77: download_copy_time_cuda = 0.001365

iter 78: slack_cuda = 0.033453
iter 78: cpu_time_cuda = 0.064762
iter 78: gpu_time1_cuda = 0.028507
iter 78: gpu_time2_cuda = 0.002802
iter 78: upload_copy_time1_cuda = 0.000947
iter 78: download_copy_time_cuda = 0.000877
iter 78: upload_copy_time2_cuda = 0.000066
iter 78: download_copy_time_cuda = 0.001355

iter 79: slack_cuda = 0.034253
iter 79: cpu_time_cuda = 0.063508
iter 79: gpu_time1_cuda = 0.026495
iter 79: gpu_time2_cuda = 0.002760
iter 79: upload_copy_time1_cuda = 0.000929
iter 79: download_copy_time_cuda = 0.000861
iter 79: upload_copy_time2_cuda = 0.000065
iter 79: download_copy_time_cuda = 0.001372

iter 80: slack_cuda = 0.033033
iter 80: cpu_time_cuda = 0.062522
iter 80: gpu_time1_cuda = 0.026778
iter 80: gpu_time2_cuda = 0.002711
iter 80: upload_copy_time1_cuda = 0.000908
iter 80: download_copy_time_cuda = 0.000844
iter 80: upload_copy_time2_cuda = 0.000075
iter 80: download_copy_time_cuda = 0.001399

iter 81: slack_cuda = 0.032524
iter 81: cpu_time_cuda = 0.060893
iter 81: gpu_time1_cuda = 0.025705
iter 81: gpu_time2_cuda = 0.002663
iter 81: upload_copy_time1_cuda = 0.000890
iter 81: download_copy_time_cuda = 0.000827
iter 81: upload_copy_time2_cuda = 0.000064
iter 81: download_copy_time_cuda = 0.001416

iter 82: slack_cuda = 0.032145
iter 82: cpu_time_cuda = 0.059553
iter 82: gpu_time1_cuda = 0.024805
iter 82: gpu_time2_cuda = 0.002603
iter 82: upload_copy_time1_cuda = 0.000868
iter 82: download_copy_time_cuda = 0.000811
iter 82: upload_copy_time2_cuda = 0.000065
iter 82: download_copy_time_cuda = 0.001428

iter 83: slack_cuda = 0.031991
iter 83: cpu_time_cuda = 0.058287
iter 83: gpu_time1_cuda = 0.023752
iter 83: gpu_time2_cuda = 0.002544
iter 83: upload_copy_time1_cuda = 0.000867
iter 83: download_copy_time_cuda = 0.000808
iter 83: upload_copy_time2_cuda = 0.000061
iter 83: download_copy_time_cuda = 0.001442

iter 84: slack_cuda = 0.030791
iter 84: cpu_time_cuda = 0.057145
iter 84: gpu_time1_cuda = 0.023865
iter 84: gpu_time2_cuda = 0.002488
iter 84: upload_copy_time1_cuda = 0.000858
iter 84: download_copy_time_cuda = 0.000781
iter 84: upload_copy_time2_cuda = 0.000069
iter 84: download_copy_time_cuda = 0.001459

iter 85: slack_cuda = 0.030841
iter 85: cpu_time_cuda = 0.055835
iter 85: gpu_time1_cuda = 0.022529
iter 85: gpu_time2_cuda = 0.002465
iter 85: upload_copy_time1_cuda = 0.000813
iter 85: download_copy_time_cuda = 0.000762
iter 85: upload_copy_time2_cuda = 0.000064
iter 85: download_copy_time_cuda = 0.001480

iter 86: slack_cuda = 0.032496
iter 86: cpu_time_cuda = 0.054222
iter 86: gpu_time1_cuda = 0.019327
iter 86: gpu_time2_cuda = 0.002398
iter 86: upload_copy_time1_cuda = 0.000800
iter 86: download_copy_time_cuda = 0.000748
iter 86: upload_copy_time2_cuda = 0.000066
iter 86: download_copy_time_cuda = 0.001503

iter 87: slack_cuda = 0.032674
iter 87: cpu_time_cuda = 0.052924
iter 87: gpu_time1_cuda = 0.017936
iter 87: gpu_time2_cuda = 0.002314
iter 87: upload_copy_time1_cuda = 0.000787
iter 87: download_copy_time_cuda = 0.000724
iter 87: upload_copy_time2_cuda = 0.000061
iter 87: download_copy_time_cuda = 0.001514

iter 88: slack_cuda = 0.031337
iter 88: cpu_time_cuda = 0.051769
iter 88: gpu_time1_cuda = 0.018171
iter 88: gpu_time2_cuda = 0.002260
iter 88: upload_copy_time1_cuda = 0.000765
iter 88: download_copy_time_cuda = 0.000706
iter 88: upload_copy_time2_cuda = 0.000064
iter 88: download_copy_time_cuda = 0.001527

iter 89: slack_cuda = 0.030761
iter 89: cpu_time_cuda = 0.050432
iter 89: gpu_time1_cuda = 0.017450
iter 89: gpu_time2_cuda = 0.002221
iter 89: upload_copy_time1_cuda = 0.000746
iter 89: download_copy_time_cuda = 0.000688
iter 89: upload_copy_time2_cuda = 0.000061
iter 89: download_copy_time_cuda = 0.001545

iter 90: slack_cuda = 0.029911
iter 90: cpu_time_cuda = 0.048989
iter 90: gpu_time1_cuda = 0.016911
iter 90: gpu_time2_cuda = 0.002167
iter 90: upload_copy_time1_cuda = 0.000730
iter 90: download_copy_time_cuda = 0.000672
iter 90: upload_copy_time2_cuda = 0.000060
iter 90: download_copy_time_cuda = 0.001558

iter 91: slack_cuda = 0.029546
iter 91: cpu_time_cuda = 0.047801
iter 91: gpu_time1_cuda = 0.016133
iter 91: gpu_time2_cuda = 0.002123
iter 91: upload_copy_time1_cuda = 0.000706
iter 91: download_copy_time_cuda = 0.000656
iter 91: upload_copy_time2_cuda = 0.000059
iter 91: download_copy_time_cuda = 0.001578

iter 92: slack_cuda = 0.028897
iter 92: cpu_time_cuda = 0.046603
iter 92: gpu_time1_cuda = 0.015632
iter 92: gpu_time2_cuda = 0.002073
iter 92: upload_copy_time1_cuda = 0.000684
iter 92: download_copy_time_cuda = 0.000642
iter 92: upload_copy_time2_cuda = 0.000060
iter 92: download_copy_time_cuda = 0.001600

iter 93: slack_cuda = 0.028581
iter 93: cpu_time_cuda = 0.045222
iter 93: gpu_time1_cuda = 0.014614
iter 93: gpu_time2_cuda = 0.002027
iter 93: upload_copy_time1_cuda = 0.000666
iter 93: download_copy_time_cuda = 0.000625
iter 93: upload_copy_time2_cuda = 0.000061
iter 93: download_copy_time_cuda = 0.001624

iter 94: slack_cuda = 0.027277
iter 94: cpu_time_cuda = 0.043740
iter 94: gpu_time1_cuda = 0.014502
iter 94: gpu_time2_cuda = 0.001960
iter 94: upload_copy_time1_cuda = 0.000654
iter 94: download_copy_time_cuda = 0.000608
iter 94: upload_copy_time2_cuda = 0.000061
iter 94: download_copy_time_cuda = 0.001637

iter 95: slack_cuda = 0.027414
iter 95: cpu_time_cuda = 0.042501
iter 95: gpu_time1_cuda = 0.013179
iter 95: gpu_time2_cuda = 0.001908
iter 95: upload_copy_time1_cuda = 0.000633
iter 95: download_copy_time_cuda = 0.000594
iter 95: upload_copy_time2_cuda = 0.000060
iter 95: download_copy_time_cuda = 0.001968

iter 96: slack_cuda = 0.026743
iter 96: cpu_time_cuda = 0.041249
iter 96: gpu_time1_cuda = 0.012643
iter 96: gpu_time2_cuda = 0.001863
iter 96: upload_copy_time1_cuda = 0.000618
iter 96: download_copy_time_cuda = 0.000568
iter 96: upload_copy_time2_cuda = 0.000064
iter 96: download_copy_time_cuda = 0.001969

iter 97: slack_cuda = 0.026284
iter 97: cpu_time_cuda = 0.040062
iter 97: gpu_time1_cuda = 0.011956
iter 97: gpu_time2_cuda = 0.001822
iter 97: upload_copy_time1_cuda = 0.000598
iter 97: download_copy_time_cuda = 0.000552
iter 97: upload_copy_time2_cuda = 0.000064
iter 97: download_copy_time_cuda = 0.001974

iter 98: slack_cuda = 0.025306
iter 98: cpu_time_cuda = 0.038700
iter 98: gpu_time1_cuda = 0.011639
iter 98: gpu_time2_cuda = 0.001755
iter 98: upload_copy_time1_cuda = 0.000575
iter 98: download_copy_time_cuda = 0.000536
iter 98: upload_copy_time2_cuda = 0.000065
iter 98: download_copy_time_cuda = 0.001947

iter 99: slack_cuda = 0.024814
iter 99: cpu_time_cuda = 0.037550
iter 99: gpu_time1_cuda = 0.011020
iter 99: gpu_time2_cuda = 0.001716
iter 99: upload_copy_time1_cuda = 0.000558
iter 99: download_copy_time_cuda = 0.000517
iter 99: upload_copy_time2_cuda = 0.000064
iter 99: download_copy_time_cuda = 0.002011

iter 100: slack_cuda = 0.025920
iter 100: cpu_time_cuda = 0.036739
iter 100: gpu_time1_cuda = 0.009156
iter 100: gpu_time2_cuda = 0.001662
iter 100: upload_copy_time1_cuda = 0.000567
iter 100: download_copy_time_cuda = 0.000502
iter 100: upload_copy_time2_cuda = 0.000073
iter 100: download_copy_time_cuda = 0.001973

iter 101: slack_cuda = 0.024505
iter 101: cpu_time_cuda = 0.034782
iter 101: gpu_time1_cuda = 0.008689
iter 101: gpu_time2_cuda = 0.001588
iter 101: upload_copy_time1_cuda = 0.000518
iter 101: download_copy_time_cuda = 0.000486
iter 101: upload_copy_time2_cuda = 0.000060
iter 101: download_copy_time_cuda = 0.002043

iter 102: slack_cuda = 0.023766
iter 102: cpu_time_cuda = 0.033348
iter 102: gpu_time1_cuda = 0.008043
iter 102: gpu_time2_cuda = 0.001539
iter 102: upload_copy_time1_cuda = 0.000508
iter 102: download_copy_time_cuda = 0.000463
iter 102: upload_copy_time2_cuda = 0.000060
iter 102: download_copy_time_cuda = 0.001993

iter 103: slack_cuda = 0.023087
iter 103: cpu_time_cuda = 0.031952
iter 103: gpu_time1_cuda = 0.007382
iter 103: gpu_time2_cuda = 0.001483
iter 103: upload_copy_time1_cuda = 0.000482
iter 103: download_copy_time_cuda = 0.000456
iter 103: upload_copy_time2_cuda = 0.000060
iter 103: download_copy_time_cuda = 0.002065

iter 104: slack_cuda = 0.022195
iter 104: cpu_time_cuda = 0.030696
iter 104: gpu_time1_cuda = 0.007060
iter 104: gpu_time2_cuda = 0.001442
iter 104: upload_copy_time1_cuda = 0.000471
iter 104: download_copy_time_cuda = 0.000439
iter 104: upload_copy_time2_cuda = 0.000060
iter 104: download_copy_time_cuda = 0.002024

iter 105: slack_cuda = 0.021217
iter 105: cpu_time_cuda = 0.029345
iter 105: gpu_time1_cuda = 0.006732
iter 105: gpu_time2_cuda = 0.001395
iter 105: upload_copy_time1_cuda = 0.000471
iter 105: download_copy_time_cuda = 0.000413
iter 105: upload_copy_time2_cuda = 0.000060
iter 105: download_copy_time_cuda = 0.002020

iter 106: slack_cuda = 0.020482
iter 106: cpu_time_cuda = 0.028126
iter 106: gpu_time1_cuda = 0.006291
iter 106: gpu_time2_cuda = 0.001353
iter 106: upload_copy_time1_cuda = 0.000433
iter 106: download_copy_time_cuda = 0.000396
iter 106: upload_copy_time2_cuda = 0.000060
iter 106: download_copy_time_cuda = 0.002053

iter 107: slack_cuda = 0.019645
iter 107: cpu_time_cuda = 0.026806
iter 107: gpu_time1_cuda = 0.005862
iter 107: gpu_time2_cuda = 0.001299
iter 107: upload_copy_time1_cuda = 0.000416
iter 107: download_copy_time_cuda = 0.000386
iter 107: upload_copy_time2_cuda = 0.000060
iter 107: download_copy_time_cuda = 0.002069

iter 108: slack_cuda = 0.018804
iter 108: cpu_time_cuda = 0.025507
iter 108: gpu_time1_cuda = 0.005471
iter 108: gpu_time2_cuda = 0.001231
iter 108: upload_copy_time1_cuda = 0.000396
iter 108: download_copy_time_cuda = 0.000371
iter 108: upload_copy_time2_cuda = 0.000060
iter 108: download_copy_time_cuda = 0.002083

iter 109: slack_cuda = 0.018086
iter 109: cpu_time_cuda = 0.024310
iter 109: gpu_time1_cuda = 0.005038
iter 109: gpu_time2_cuda = 0.001185
iter 109: upload_copy_time1_cuda = 0.000372
iter 109: download_copy_time_cuda = 0.000345
iter 109: upload_copy_time2_cuda = 0.000060
iter 109: download_copy_time_cuda = 0.002116

iter 110: slack_cuda = 0.017342
iter 110: cpu_time_cuda = 0.023099
iter 110: gpu_time1_cuda = 0.004621
iter 110: gpu_time2_cuda = 0.001135
iter 110: upload_copy_time1_cuda = 0.000353
iter 110: download_copy_time_cuda = 0.000336
iter 110: upload_copy_time2_cuda = 0.000060
iter 110: download_copy_time_cuda = 0.001908

iter 111: slack_cuda = 0.016366
iter 111: cpu_time_cuda = 0.021670
iter 111: gpu_time1_cuda = 0.004214
iter 111: gpu_time2_cuda = 0.001091
iter 111: upload_copy_time1_cuda = 0.000335
iter 111: download_copy_time_cuda = 0.000320
iter 111: upload_copy_time2_cuda = 0.000065
iter 111: download_copy_time_cuda = 0.002140

iter 112: slack_cuda = 0.015300
iter 112: cpu_time_cuda = 0.020443
iter 112: gpu_time1_cuda = 0.004108
iter 112: gpu_time2_cuda = 0.001035
iter 112: upload_copy_time1_cuda = 0.000324
iter 112: download_copy_time_cuda = 0.000296
iter 112: upload_copy_time2_cuda = 0.000065
iter 112: download_copy_time_cuda = 0.002152

iter 113: slack_cuda = 0.014605
iter 113: cpu_time_cuda = 0.019243
iter 113: gpu_time1_cuda = 0.003648
iter 113: gpu_time2_cuda = 0.000991
iter 113: upload_copy_time1_cuda = 0.000306
iter 113: download_copy_time_cuda = 0.000280
iter 113: upload_copy_time2_cuda = 0.000063
iter 113: download_copy_time_cuda = 0.002183

iter 114: slack_cuda = 0.014574
iter 114: cpu_time_cuda = 0.017975
iter 114: gpu_time1_cuda = 0.002601
iter 114: gpu_time2_cuda = 0.000800
iter 114: upload_copy_time1_cuda = 0.000287
iter 114: download_copy_time_cuda = 0.000263
iter 114: upload_copy_time2_cuda = 0.000064
iter 114: download_copy_time_cuda = 0.002216

iter 115: slack_cuda = 0.013727
iter 115: cpu_time_cuda = 0.016640
iter 115: gpu_time1_cuda = 0.002171
iter 115: gpu_time2_cuda = 0.000742
iter 115: upload_copy_time1_cuda = 0.000265
iter 115: download_copy_time_cuda = 0.000254
iter 115: upload_copy_time2_cuda = 0.000063
iter 115: download_copy_time_cuda = 0.002217

iter 116: slack_cuda = 0.012534
iter 116: cpu_time_cuda = 0.015208
iter 116: gpu_time1_cuda = 0.001975
iter 116: gpu_time2_cuda = 0.000699
iter 116: upload_copy_time1_cuda = 0.000245
iter 116: download_copy_time_cuda = 0.000241
iter 116: upload_copy_time2_cuda = 0.000065
iter 116: download_copy_time_cuda = 0.002226

iter 117: slack_cuda = 0.011465
iter 117: cpu_time_cuda = 0.013877
iter 117: gpu_time1_cuda = 0.001750
iter 117: gpu_time2_cuda = 0.000662
iter 117: upload_copy_time1_cuda = 0.000231
iter 117: download_copy_time_cuda = 0.000227
iter 117: upload_copy_time2_cuda = 0.000064
iter 117: download_copy_time_cuda = 0.002248

iter 118: slack_cuda = 0.010540
iter 118: cpu_time_cuda = 0.012754
iter 118: gpu_time1_cuda = 0.001591
iter 118: gpu_time2_cuda = 0.000623
iter 118: upload_copy_time1_cuda = 0.000218
iter 118: download_copy_time_cuda = 0.000213
iter 118: upload_copy_time2_cuda = 0.000063
iter 118: download_copy_time_cuda = 0.002271

iter 119: slack_cuda = 0.009487
iter 119: cpu_time_cuda = 0.011415
iter 119: gpu_time1_cuda = 0.001341
iter 119: gpu_time2_cuda = 0.000587
iter 119: upload_copy_time1_cuda = 0.000204
iter 119: download_copy_time_cuda = 0.000198
iter 119: upload_copy_time2_cuda = 0.000064
iter 119: download_copy_time_cuda = 0.002277

iter 120: slack_cuda = 0.008319
iter 120: cpu_time_cuda = 0.010103
iter 120: gpu_time1_cuda = 0.001242
iter 120: gpu_time2_cuda = 0.000542
iter 120: upload_copy_time1_cuda = 0.000185
iter 120: download_copy_time_cuda = 0.000184
iter 120: upload_copy_time2_cuda = 0.000064
iter 120: download_copy_time_cuda = 0.002316

iter 121: slack_cuda = 0.007459
iter 121: cpu_time_cuda = 0.008868
iter 121: gpu_time1_cuda = 0.000897
iter 121: gpu_time2_cuda = 0.000512
iter 121: upload_copy_time1_cuda = 0.000166
iter 121: download_copy_time_cuda = 0.000171
iter 121: upload_copy_time2_cuda = 0.000065
iter 121: download_copy_time_cuda = 0.002306

iter 122: slack_cuda = 0.006454
iter 122: cpu_time_cuda = 0.007647
iter 122: gpu_time1_cuda = 0.000748
iter 122: gpu_time2_cuda = 0.000445
iter 122: upload_copy_time1_cuda = 0.000155
iter 122: download_copy_time_cuda = 0.000154
iter 122: upload_copy_time2_cuda = 0.000064
iter 122: download_copy_time_cuda = 0.002320

iter 123: slack_cuda = 0.005476
iter 123: cpu_time_cuda = 0.006492
iter 123: gpu_time1_cuda = 0.000609
iter 123: gpu_time2_cuda = 0.000407
iter 123: upload_copy_time1_cuda = 0.000139
iter 123: download_copy_time_cuda = 0.000139
iter 123: upload_copy_time2_cuda = 0.000064
iter 123: download_copy_time_cuda = 0.002338

iter 124: slack_cuda = 0.004324
iter 124: cpu_time_cuda = 0.005189
iter 124: gpu_time1_cuda = 0.000507
iter 124: gpu_time2_cuda = 0.000359
iter 124: upload_copy_time1_cuda = 0.000126
iter 124: download_copy_time_cuda = 0.000125
iter 124: upload_copy_time2_cuda = 0.000065
iter 124: download_copy_time_cuda = 0.002384

iter 125: slack_cuda = 0.003216
iter 125: cpu_time_cuda = 0.003942
iter 125: gpu_time1_cuda = 0.000402
iter 125: gpu_time2_cuda = 0.000324
iter 125: upload_copy_time1_cuda = 0.000112
iter 125: download_copy_time_cuda = 0.000114
iter 125: upload_copy_time2_cuda = 0.000064
iter 125: download_copy_time_cuda = 0.002381

iter 126: slack_cuda = 0.002209
iter 126: cpu_time_cuda = 0.002805
iter 126: gpu_time1_cuda = 0.000317
iter 126: gpu_time2_cuda = 0.000279
iter 126: upload_copy_time1_cuda = 0.000097
iter 126: download_copy_time_cuda = 0.000101
iter 126: upload_copy_time2_cuda = 0.000066
iter 126: download_copy_time_cuda = 0.002419

total_cpu_time_cuda = 10.555449
total_gpu_time_cuda = 7.627845
total_copy_time_cuda = 0.471631
main_loop_time_cuda = 19.120628
Normalized difference of predicted CPU runtime per iteration is: 0.000000%
Normalized difference of predicted GPU runtime1 per iteration is: 0.000000%
Normalized difference of predicted GPU runtime2 per iteration is: 0.000000%
Normalized difference of predicted slack per iteration is: 0.000000%
15360 15360     ---   (  ---  )    252.65 (  19.13)       ---
total_time = 26.148284
23.16user 3.45system 0:27.86elapsed 95%CPU (0avgtext+0avgdata 3842120maxresident)k
0inputs+0outputs (0major+482962minor)pagefaults 0swaps
send out message: 22 3 log
