send out message: 24 37 /home/lchen/MAGMA/magma-1.6.1/results
send out message: 20 26 MAGMA_LU_GPUDVFS.total.pwr
MAGMA 1.6.1  compiled for CUDA capability >= 3.0
CUDA runtime 5000, driver 6050. MAGMA not compiled with OpenMP. 
ndevices 1
device 0: Tesla K20c, 705.5 MHz clock, 4799.6 MB memory, capability 3.5
Usage: /home/lchen/MAGMA/magma-1.6.1/testing/testing_dgetrf [options] [-h|--help]

ngpu 1
    M     N   CPU GFlop/s (sec)   GPU GFlop/s (sec)   |PA-LU|/(N*|A|)
=========================================================================
init_time = 9.921470
iter 0: slack_cuda = 0.000000
iter 0: cpu_time_cuda = 0.000000
iter 0: gpu_time_cuda = 0.000000
iter 0: download_copy_time_cuda = 0.000000
iter 0: upload_copy_time_cuda = 0.003200
iter 0: per_iter_time_cuda = 0.004884

iter 1: slack_cuda = -0.074436
iter 1: cpu_time_cuda = 0.043726
iter 1: gpu_time_cuda = 0.118163
iter 1: download_copy_time_cuda = 0.002913
iter 1: upload_copy_time_cuda = 0.003441
iter 1: per_iter_time_cuda = 0.174919

iter 2: slack_cuda = -0.073210
iter 2: cpu_time_cuda = 0.043343
iter 2: gpu_time_cuda = 0.116553
iter 2: download_copy_time_cuda = 0.003205
iter 2: upload_copy_time_cuda = 0.003399
iter 2: per_iter_time_cuda = 0.168111

iter 3: slack_cuda = -0.069119
iter 3: cpu_time_cuda = 0.043267
iter 3: gpu_time_cuda = 0.112386
iter 3: download_copy_time_cuda = 0.003043
iter 3: upload_copy_time_cuda = 0.003380
iter 3: per_iter_time_cuda = 0.163427

iter 4: slack_cuda = -0.071733
iter 4: cpu_time_cuda = 0.042705
iter 4: gpu_time_cuda = 0.114438
iter 4: download_copy_time_cuda = 0.003066
iter 4: upload_copy_time_cuda = 0.003298
iter 4: per_iter_time_cuda = 0.165031

iter 5: slack_cuda = -0.070657
iter 5: cpu_time_cuda = 0.042692
iter 5: gpu_time_cuda = 0.113349
iter 5: download_copy_time_cuda = 0.003053
iter 5: upload_copy_time_cuda = 0.003342
iter 5: per_iter_time_cuda = 0.163815

iter 6: slack_cuda = -0.070357
iter 6: cpu_time_cuda = 0.042249
iter 6: gpu_time_cuda = 0.112606
iter 6: download_copy_time_cuda = 0.003039
iter 6: upload_copy_time_cuda = 0.003331
iter 6: per_iter_time_cuda = 0.162796

iter 7: slack_cuda = -0.065637
iter 7: cpu_time_cuda = 0.042468
iter 7: gpu_time_cuda = 0.108105
iter 7: download_copy_time_cuda = 0.003018
iter 7: upload_copy_time_cuda = 0.003313
iter 7: per_iter_time_cuda = 0.158241

iter 8: slack_cuda = -0.068777
iter 8: cpu_time_cuda = 0.041915
iter 8: gpu_time_cuda = 0.110692
iter 8: download_copy_time_cuda = 0.003005
iter 8: upload_copy_time_cuda = 0.003262
iter 8: per_iter_time_cuda = 0.160439

iter 9: slack_cuda = -0.066573
iter 9: cpu_time_cuda = 0.042314
iter 9: gpu_time_cuda = 0.108888
iter 9: download_copy_time_cuda = 0.003021
iter 9: upload_copy_time_cuda = 0.003317
iter 9: per_iter_time_cuda = 0.158836

iter 10: slack_cuda = -0.066826
iter 10: cpu_time_cuda = 0.041410
iter 10: gpu_time_cuda = 0.108236
iter 10: download_copy_time_cuda = 0.003052
iter 10: upload_copy_time_cuda = 0.003278
iter 10: per_iter_time_cuda = 0.157561

iter 11: slack_cuda = -0.062071
iter 11: cpu_time_cuda = 0.041275
iter 11: gpu_time_cuda = 0.103346
iter 11: download_copy_time_cuda = 0.002998
iter 11: upload_copy_time_cuda = 0.003311
iter 11: per_iter_time_cuda = 0.152172

iter 12: slack_cuda = -0.064589
iter 12: cpu_time_cuda = 0.041380
iter 12: gpu_time_cuda = 0.105969
iter 12: download_copy_time_cuda = 0.002912
iter 12: upload_copy_time_cuda = 0.003198
iter 12: per_iter_time_cuda = 0.155072

iter 13: slack_cuda = -0.063921
iter 13: cpu_time_cuda = 0.040876
iter 13: gpu_time_cuda = 0.104796
iter 13: download_copy_time_cuda = 0.002947
iter 13: upload_copy_time_cuda = 0.003244
iter 13: per_iter_time_cuda = 0.153119

iter 14: slack_cuda = -0.063024
iter 14: cpu_time_cuda = 0.040782
iter 14: gpu_time_cuda = 0.103806
iter 14: download_copy_time_cuda = 0.002905
iter 14: upload_copy_time_cuda = 0.003241
iter 14: per_iter_time_cuda = 0.152385

iter 15: slack_cuda = -0.058197
iter 15: cpu_time_cuda = 0.040601
iter 15: gpu_time_cuda = 0.098798
iter 15: download_copy_time_cuda = 0.002933
iter 15: upload_copy_time_cuda = 0.003219
iter 15: per_iter_time_cuda = 0.146829

iter 16: slack_cuda = -0.061651
iter 16: cpu_time_cuda = 0.040199
iter 16: gpu_time_cuda = 0.101850
iter 16: download_copy_time_cuda = 0.002916
iter 16: upload_copy_time_cuda = 0.003118
iter 16: per_iter_time_cuda = 0.149644

iter 17: slack_cuda = -0.060469
iter 17: cpu_time_cuda = 0.040176
iter 17: gpu_time_cuda = 0.100645
iter 17: download_copy_time_cuda = 0.002854
iter 17: upload_copy_time_cuda = 0.003160
iter 17: per_iter_time_cuda = 0.148104

iter 18: slack_cuda = -0.059168
iter 18: cpu_time_cuda = 0.040065
iter 18: gpu_time_cuda = 0.099233
iter 18: download_copy_time_cuda = 0.002900
iter 18: upload_copy_time_cuda = 0.003133
iter 18: per_iter_time_cuda = 0.146824

iter 19: slack_cuda = -0.055598
iter 19: cpu_time_cuda = 0.039473
iter 19: gpu_time_cuda = 0.095070
iter 19: download_copy_time_cuda = 0.002838
iter 19: upload_copy_time_cuda = 0.003113
iter 19: per_iter_time_cuda = 0.141947

iter 20: slack_cuda = -0.057924
iter 20: cpu_time_cuda = 0.039359
iter 20: gpu_time_cuda = 0.097283
iter 20: download_copy_time_cuda = 0.003068
iter 20: upload_copy_time_cuda = 0.003053
iter 20: per_iter_time_cuda = 0.144541

iter 21: slack_cuda = -0.056942
iter 21: cpu_time_cuda = 0.039435
iter 21: gpu_time_cuda = 0.096378
iter 21: download_copy_time_cuda = 0.002801
iter 21: upload_copy_time_cuda = 0.003093
iter 21: per_iter_time_cuda = 0.143010

iter 22: slack_cuda = -0.056488
iter 22: cpu_time_cuda = 0.038899
iter 22: gpu_time_cuda = 0.095387
iter 22: download_copy_time_cuda = 0.002820
iter 22: upload_copy_time_cuda = 0.003080
iter 22: per_iter_time_cuda = 0.141640

iter 23: slack_cuda = -0.052227
iter 23: cpu_time_cuda = 0.038761
iter 23: gpu_time_cuda = 0.090988
iter 23: download_copy_time_cuda = 0.002798
iter 23: upload_copy_time_cuda = 0.003076
iter 23: per_iter_time_cuda = 0.136863

iter 24: slack_cuda = -0.055013
iter 24: cpu_time_cuda = 0.038538
iter 24: gpu_time_cuda = 0.093551
iter 24: download_copy_time_cuda = 0.002758
iter 24: upload_copy_time_cuda = 0.003049
iter 24: per_iter_time_cuda = 0.139335

iter 25: slack_cuda = -0.053380
iter 25: cpu_time_cuda = 0.038713
iter 25: gpu_time_cuda = 0.092093
iter 25: download_copy_time_cuda = 0.002844
iter 25: upload_copy_time_cuda = 0.003041
iter 25: per_iter_time_cuda = 0.137893

iter 26: slack_cuda = -0.053407
iter 26: cpu_time_cuda = 0.038125
iter 26: gpu_time_cuda = 0.091533
iter 26: download_copy_time_cuda = 0.002774
iter 26: upload_copy_time_cuda = 0.003012
iter 26: per_iter_time_cuda = 0.136933

iter 27: slack_cuda = -0.049694
iter 27: cpu_time_cuda = 0.037880
iter 27: gpu_time_cuda = 0.087575
iter 27: download_copy_time_cuda = 0.002750
iter 27: upload_copy_time_cuda = 0.003005
iter 27: per_iter_time_cuda = 0.132385

iter 28: slack_cuda = -0.051814
iter 28: cpu_time_cuda = 0.037562
iter 28: gpu_time_cuda = 0.089376
iter 28: download_copy_time_cuda = 0.002710
iter 28: upload_copy_time_cuda = 0.002932
iter 28: per_iter_time_cuda = 0.134107

iter 29: slack_cuda = -0.050729
iter 29: cpu_time_cuda = 0.037326
iter 29: gpu_time_cuda = 0.088054
iter 29: download_copy_time_cuda = 0.002725
iter 29: upload_copy_time_cuda = 0.003027
iter 29: per_iter_time_cuda = 0.132321

iter 30: slack_cuda = -0.049095
iter 30: cpu_time_cuda = 0.038691
iter 30: gpu_time_cuda = 0.087786
iter 30: download_copy_time_cuda = 0.002706
iter 30: upload_copy_time_cuda = 0.002964
iter 30: per_iter_time_cuda = 0.133680

iter 31: slack_cuda = -0.045386
iter 31: cpu_time_cuda = 0.037440
iter 31: gpu_time_cuda = 0.082826
iter 31: download_copy_time_cuda = 0.002702
iter 31: upload_copy_time_cuda = 0.002964
iter 31: per_iter_time_cuda = 0.127112

iter 32: slack_cuda = -0.048478
iter 32: cpu_time_cuda = 0.036727
iter 32: gpu_time_cuda = 0.085204
iter 32: download_copy_time_cuda = 0.002692
iter 32: upload_copy_time_cuda = 0.002882
iter 32: per_iter_time_cuda = 0.128953

iter 33: slack_cuda = -0.047833
iter 33: cpu_time_cuda = 0.036492
iter 33: gpu_time_cuda = 0.084325
iter 33: download_copy_time_cuda = 0.002639
iter 33: upload_copy_time_cuda = 0.002908
iter 33: per_iter_time_cuda = 0.127535

iter 34: slack_cuda = -0.047207
iter 34: cpu_time_cuda = 0.036337
iter 34: gpu_time_cuda = 0.083544
iter 34: download_copy_time_cuda = 0.002741
iter 34: upload_copy_time_cuda = 0.002890
iter 34: per_iter_time_cuda = 0.126899

iter 35: slack_cuda = -0.043652
iter 35: cpu_time_cuda = 0.036137
iter 35: gpu_time_cuda = 0.079789
iter 35: download_copy_time_cuda = 0.002598
iter 35: upload_copy_time_cuda = 0.002897
iter 35: per_iter_time_cuda = 0.122583

iter 36: slack_cuda = -0.045525
iter 36: cpu_time_cuda = 0.035871
iter 36: gpu_time_cuda = 0.081396
iter 36: download_copy_time_cuda = 0.002645
iter 36: upload_copy_time_cuda = 0.002808
iter 36: per_iter_time_cuda = 0.124098

iter 37: slack_cuda = -0.044939
iter 37: cpu_time_cuda = 0.035866
iter 37: gpu_time_cuda = 0.080805
iter 37: download_copy_time_cuda = 0.002603
iter 37: upload_copy_time_cuda = 0.002840
iter 37: per_iter_time_cuda = 0.123284

iter 38: slack_cuda = -0.043754
iter 38: cpu_time_cuda = 0.036115
iter 38: gpu_time_cuda = 0.079870
iter 38: download_copy_time_cuda = 0.002611
iter 38: upload_copy_time_cuda = 0.002839
iter 38: per_iter_time_cuda = 0.122793

iter 39: slack_cuda = -0.040362
iter 39: cpu_time_cuda = 0.035653
iter 39: gpu_time_cuda = 0.076016
iter 39: download_copy_time_cuda = 0.002592
iter 39: upload_copy_time_cuda = 0.002807
iter 39: per_iter_time_cuda = 0.118319

iter 40: slack_cuda = -0.043148
iter 40: cpu_time_cuda = 0.035402
iter 40: gpu_time_cuda = 0.078550
iter 40: download_copy_time_cuda = 0.002559
iter 40: upload_copy_time_cuda = 0.002751
iter 40: per_iter_time_cuda = 0.121005

iter 41: slack_cuda = -0.041777
iter 41: cpu_time_cuda = 0.035043
iter 41: gpu_time_cuda = 0.076820
iter 41: download_copy_time_cuda = 0.002561
iter 41: upload_copy_time_cuda = 0.002807
iter 41: per_iter_time_cuda = 0.118349

iter 42: slack_cuda = -0.041249
iter 42: cpu_time_cuda = 0.034678
iter 42: gpu_time_cuda = 0.075927
iter 42: download_copy_time_cuda = 0.002499
iter 42: upload_copy_time_cuda = 0.002778
iter 42: per_iter_time_cuda = 0.117223

iter 43: slack_cuda = -0.037977
iter 43: cpu_time_cuda = 0.034531
iter 43: gpu_time_cuda = 0.072507
iter 43: download_copy_time_cuda = 0.002542
iter 43: upload_copy_time_cuda = 0.002876
iter 43: per_iter_time_cuda = 0.113535

iter 44: slack_cuda = -0.040365
iter 44: cpu_time_cuda = 0.034208
iter 44: gpu_time_cuda = 0.074573
iter 44: download_copy_time_cuda = 0.002462
iter 44: upload_copy_time_cuda = 0.002686
iter 44: per_iter_time_cuda = 0.115300

iter 45: slack_cuda = -0.039145
iter 45: cpu_time_cuda = 0.034030
iter 45: gpu_time_cuda = 0.073175
iter 45: download_copy_time_cuda = 0.002495
iter 45: upload_copy_time_cuda = 0.002711
iter 45: per_iter_time_cuda = 0.113487

iter 46: slack_cuda = -0.038564
iter 46: cpu_time_cuda = 0.033762
iter 46: gpu_time_cuda = 0.072326
iter 46: download_copy_time_cuda = 0.002462
iter 46: upload_copy_time_cuda = 0.002696
iter 46: per_iter_time_cuda = 0.112602

iter 47: slack_cuda = -0.034942
iter 47: cpu_time_cuda = 0.034113
iter 47: gpu_time_cuda = 0.069055
iter 47: download_copy_time_cuda = 0.002476
iter 47: upload_copy_time_cuda = 0.002706
iter 47: per_iter_time_cuda = 0.109419

iter 48: slack_cuda = -0.037134
iter 48: cpu_time_cuda = 0.033353
iter 48: gpu_time_cuda = 0.070487
iter 48: download_copy_time_cuda = 0.002444
iter 48: upload_copy_time_cuda = 0.002627
iter 48: per_iter_time_cuda = 0.110226

iter 49: slack_cuda = -0.036582
iter 49: cpu_time_cuda = 0.033177
iter 49: gpu_time_cuda = 0.069759
iter 49: download_copy_time_cuda = 0.002437
iter 49: upload_copy_time_cuda = 0.002674
iter 49: per_iter_time_cuda = 0.109121

iter 50: slack_cuda = -0.035691
iter 50: cpu_time_cuda = 0.033071
iter 50: gpu_time_cuda = 0.068762
iter 50: download_copy_time_cuda = 0.002422
iter 50: upload_copy_time_cuda = 0.002653
iter 50: per_iter_time_cuda = 0.108200

iter 51: slack_cuda = -0.032862
iter 51: cpu_time_cuda = 0.033059
iter 51: gpu_time_cuda = 0.065921
iter 51: download_copy_time_cuda = 0.002374
iter 51: upload_copy_time_cuda = 0.002676
iter 51: per_iter_time_cuda = 0.110070

iter 52: slack_cuda = -0.033943
iter 52: cpu_time_cuda = 0.032988
iter 52: gpu_time_cuda = 0.066932
iter 52: download_copy_time_cuda = 0.002457
iter 52: upload_copy_time_cuda = 0.002569
iter 52: per_iter_time_cuda = 0.106179

iter 53: slack_cuda = -0.033707
iter 53: cpu_time_cuda = 0.032785
iter 53: gpu_time_cuda = 0.066492
iter 53: download_copy_time_cuda = 0.002460
iter 53: upload_copy_time_cuda = 0.002665
iter 53: per_iter_time_cuda = 0.105476

iter 54: slack_cuda = -0.033025
iter 54: cpu_time_cuda = 0.032504
iter 54: gpu_time_cuda = 0.065529
iter 54: download_copy_time_cuda = 0.002371
iter 54: upload_copy_time_cuda = 0.002576
iter 54: per_iter_time_cuda = 0.104187

iter 55: slack_cuda = -0.030256
iter 55: cpu_time_cuda = 0.032196
iter 55: gpu_time_cuda = 0.062452
iter 55: download_copy_time_cuda = 0.002347
iter 55: upload_copy_time_cuda = 0.002588
iter 55: per_iter_time_cuda = 0.100619

iter 56: slack_cuda = -0.032226
iter 56: cpu_time_cuda = 0.031719
iter 56: gpu_time_cuda = 0.063945
iter 56: download_copy_time_cuda = 0.002335
iter 56: upload_copy_time_cuda = 0.002530
iter 56: per_iter_time_cuda = 0.101749

iter 57: slack_cuda = -0.031342
iter 57: cpu_time_cuda = 0.031525
iter 57: gpu_time_cuda = 0.062867
iter 57: download_copy_time_cuda = 0.002387
iter 57: upload_copy_time_cuda = 0.002541
iter 57: per_iter_time_cuda = 0.100372

iter 58: slack_cuda = -0.030878
iter 58: cpu_time_cuda = 0.031334
iter 58: gpu_time_cuda = 0.062212
iter 58: download_copy_time_cuda = 0.002285
iter 58: upload_copy_time_cuda = 0.002504
iter 58: per_iter_time_cuda = 0.099526

iter 59: slack_cuda = -0.028012
iter 59: cpu_time_cuda = 0.031253
iter 59: gpu_time_cuda = 0.059265
iter 59: download_copy_time_cuda = 0.002302
iter 59: upload_copy_time_cuda = 0.002509
iter 59: per_iter_time_cuda = 0.096306

iter 60: slack_cuda = -0.029566
iter 60: cpu_time_cuda = 0.031012
iter 60: gpu_time_cuda = 0.060578
iter 60: download_copy_time_cuda = 0.002237
iter 60: upload_copy_time_cuda = 0.002508
iter 60: per_iter_time_cuda = 0.097864

iter 61: slack_cuda = -0.028813
iter 61: cpu_time_cuda = 0.030641
iter 61: gpu_time_cuda = 0.059455
iter 61: download_copy_time_cuda = 0.002292
iter 61: upload_copy_time_cuda = 0.002518
iter 61: per_iter_time_cuda = 0.096002

iter 62: slack_cuda = -0.028023
iter 62: cpu_time_cuda = 0.030902
iter 62: gpu_time_cuda = 0.058924
iter 62: download_copy_time_cuda = 0.002332
iter 62: upload_copy_time_cuda = 0.002445
iter 62: per_iter_time_cuda = 0.095874

iter 63: slack_cuda = -0.025179
iter 63: cpu_time_cuda = 0.030555
iter 63: gpu_time_cuda = 0.055734
iter 63: download_copy_time_cuda = 0.002355
iter 63: upload_copy_time_cuda = 0.002450
iter 63: per_iter_time_cuda = 0.092062

iter 64: slack_cuda = -0.027135
iter 64: cpu_time_cuda = 0.029990
iter 64: gpu_time_cuda = 0.057124
iter 64: download_copy_time_cuda = 0.002222
iter 64: upload_copy_time_cuda = 0.002352
iter 64: per_iter_time_cuda = 0.092873

iter 65: slack_cuda = -0.026610
iter 65: cpu_time_cuda = 0.029793
iter 65: gpu_time_cuda = 0.056403
iter 65: download_copy_time_cuda = 0.002184
iter 65: upload_copy_time_cuda = 0.002403
iter 65: per_iter_time_cuda = 0.091750

iter 66: slack_cuda = -0.025938
iter 66: cpu_time_cuda = 0.029578
iter 66: gpu_time_cuda = 0.055516
iter 66: download_copy_time_cuda = 0.002196
iter 66: upload_copy_time_cuda = 0.002356
iter 66: per_iter_time_cuda = 0.090814

iter 67: slack_cuda = -0.023317
iter 67: cpu_time_cuda = 0.029892
iter 67: gpu_time_cuda = 0.053210
iter 67: download_copy_time_cuda = 0.002136
iter 67: upload_copy_time_cuda = 0.002343
iter 67: per_iter_time_cuda = 0.088531

iter 68: slack_cuda = -0.024477
iter 68: cpu_time_cuda = 0.029524
iter 68: gpu_time_cuda = 0.054001
iter 68: download_copy_time_cuda = 0.002172
iter 68: upload_copy_time_cuda = 0.002310
iter 68: per_iter_time_cuda = 0.089115

iter 69: slack_cuda = -0.024275
iter 69: cpu_time_cuda = 0.028925
iter 69: gpu_time_cuda = 0.053200
iter 69: download_copy_time_cuda = 0.002137
iter 69: upload_copy_time_cuda = 0.002328
iter 69: per_iter_time_cuda = 0.087589

iter 70: slack_cuda = -0.023962
iter 70: cpu_time_cuda = 0.028719
iter 70: gpu_time_cuda = 0.052681
iter 70: download_copy_time_cuda = 0.002162
iter 70: upload_copy_time_cuda = 0.002295
iter 70: per_iter_time_cuda = 0.086976

iter 71: slack_cuda = -0.022007
iter 71: cpu_time_cuda = 0.028502
iter 71: gpu_time_cuda = 0.050510
iter 71: download_copy_time_cuda = 0.002112
iter 71: upload_copy_time_cuda = 0.002382
iter 71: per_iter_time_cuda = 0.084468

iter 72: slack_cuda = -0.022551
iter 72: cpu_time_cuda = 0.028696
iter 72: gpu_time_cuda = 0.051247
iter 72: download_copy_time_cuda = 0.002139
iter 72: upload_copy_time_cuda = 0.002242
iter 72: per_iter_time_cuda = 0.085422

iter 73: slack_cuda = -0.022129
iter 73: cpu_time_cuda = 0.028069
iter 73: gpu_time_cuda = 0.050198
iter 73: download_copy_time_cuda = 0.002100
iter 73: upload_copy_time_cuda = 0.002262
iter 73: per_iter_time_cuda = 0.083552

iter 74: slack_cuda = -0.021808
iter 74: cpu_time_cuda = 0.027921
iter 74: gpu_time_cuda = 0.049729
iter 74: download_copy_time_cuda = 0.002058
iter 74: upload_copy_time_cuda = 0.002238
iter 74: per_iter_time_cuda = 0.083050

iter 75: slack_cuda = -0.019591
iter 75: cpu_time_cuda = 0.027686
iter 75: gpu_time_cuda = 0.047278
iter 75: download_copy_time_cuda = 0.002075
iter 75: upload_copy_time_cuda = 0.002214
iter 75: per_iter_time_cuda = 0.080152

iter 76: slack_cuda = -0.020452
iter 76: cpu_time_cuda = 0.027855
iter 76: gpu_time_cuda = 0.048307
iter 76: download_copy_time_cuda = 0.002040
iter 76: upload_copy_time_cuda = 0.002159
iter 76: per_iter_time_cuda = 0.081497

iter 77: slack_cuda = -0.020395
iter 77: cpu_time_cuda = 0.027267
iter 77: gpu_time_cuda = 0.047662
iter 77: download_copy_time_cuda = 0.002063
iter 77: upload_copy_time_cuda = 0.002213
iter 77: per_iter_time_cuda = 0.080091

iter 78: slack_cuda = -0.019699
iter 78: cpu_time_cuda = 0.027081
iter 78: gpu_time_cuda = 0.046780
iter 78: download_copy_time_cuda = 0.002007
iter 78: upload_copy_time_cuda = 0.002171
iter 78: per_iter_time_cuda = 0.079160

iter 79: slack_cuda = -0.016817
iter 79: cpu_time_cuda = 0.027426
iter 79: gpu_time_cuda = 0.044243
iter 79: download_copy_time_cuda = 0.002009
iter 79: upload_copy_time_cuda = 0.002152
iter 79: per_iter_time_cuda = 0.076693

iter 80: slack_cuda = -0.018832
iter 80: cpu_time_cuda = 0.026639
iter 80: gpu_time_cuda = 0.045471
iter 80: download_copy_time_cuda = 0.001975
iter 80: upload_copy_time_cuda = 0.002103
iter 80: per_iter_time_cuda = 0.077327

iter 81: slack_cuda = -0.018004
iter 81: cpu_time_cuda = 0.026539
iter 81: gpu_time_cuda = 0.044543
iter 81: download_copy_time_cuda = 0.002064
iter 81: upload_copy_time_cuda = 0.002205
iter 81: per_iter_time_cuda = 0.076398

iter 82: slack_cuda = -0.017298
iter 82: cpu_time_cuda = 0.026278
iter 82: gpu_time_cuda = 0.043575
iter 82: download_copy_time_cuda = 0.001963
iter 82: upload_copy_time_cuda = 0.002104
iter 82: per_iter_time_cuda = 0.074995

iter 83: slack_cuda = -0.015253
iter 83: cpu_time_cuda = 0.026359
iter 83: gpu_time_cuda = 0.041612
iter 83: download_copy_time_cuda = 0.001919
iter 83: upload_copy_time_cuda = 0.002111
iter 83: per_iter_time_cuda = 0.072897

iter 84: slack_cuda = -0.016685
iter 84: cpu_time_cuda = 0.025804
iter 84: gpu_time_cuda = 0.042488
iter 84: download_copy_time_cuda = 0.001950
iter 84: upload_copy_time_cuda = 0.002043
iter 84: per_iter_time_cuda = 0.073330

iter 85: slack_cuda = -0.016077
iter 85: cpu_time_cuda = 0.025764
iter 85: gpu_time_cuda = 0.041841
iter 85: download_copy_time_cuda = 0.001922
iter 85: upload_copy_time_cuda = 0.002078
iter 85: per_iter_time_cuda = 0.072503

iter 86: slack_cuda = -0.015778
iter 86: cpu_time_cuda = 0.025358
iter 86: gpu_time_cuda = 0.041136
iter 86: download_copy_time_cuda = 0.001983
iter 86: upload_copy_time_cuda = 0.002039
iter 86: per_iter_time_cuda = 0.071574

iter 87: slack_cuda = -0.014278
iter 87: cpu_time_cuda = 0.025190
iter 87: gpu_time_cuda = 0.039469
iter 87: download_copy_time_cuda = 0.001883
iter 87: upload_copy_time_cuda = 0.001836
iter 87: per_iter_time_cuda = 0.069246

iter 88: slack_cuda = -0.014572
iter 88: cpu_time_cuda = 0.025371
iter 88: gpu_time_cuda = 0.039943
iter 88: download_copy_time_cuda = 0.001668
iter 88: upload_copy_time_cuda = 0.001781
iter 88: per_iter_time_cuda = 0.069845

iter 89: slack_cuda = -0.014108
iter 89: cpu_time_cuda = 0.024730
iter 89: gpu_time_cuda = 0.038837
iter 89: download_copy_time_cuda = 0.001678
iter 89: upload_copy_time_cuda = 0.001809
iter 89: per_iter_time_cuda = 0.067916

iter 90: slack_cuda = -0.014122
iter 90: cpu_time_cuda = 0.024628
iter 90: gpu_time_cuda = 0.038751
iter 90: download_copy_time_cuda = 0.001633
iter 90: upload_copy_time_cuda = 0.001785
iter 90: per_iter_time_cuda = 0.067846

iter 91: slack_cuda = -0.012226
iter 91: cpu_time_cuda = 0.024336
iter 91: gpu_time_cuda = 0.036562
iter 91: download_copy_time_cuda = 0.001660
iter 91: upload_copy_time_cuda = 0.001776
iter 91: per_iter_time_cuda = 0.065172

iter 92: slack_cuda = -0.012913
iter 92: cpu_time_cuda = 0.024098
iter 92: gpu_time_cuda = 0.037010
iter 92: download_copy_time_cuda = 0.001600
iter 92: upload_copy_time_cuda = 0.001724
iter 92: per_iter_time_cuda = 0.065507

iter 93: slack_cuda = -0.012074
iter 93: cpu_time_cuda = 0.024533
iter 93: gpu_time_cuda = 0.036607
iter 93: download_copy_time_cuda = 0.001615
iter 93: upload_copy_time_cuda = 0.001749
iter 93: per_iter_time_cuda = 0.065337

iter 94: slack_cuda = -0.012555
iter 94: cpu_time_cuda = 0.023797
iter 94: gpu_time_cuda = 0.036352
iter 94: download_copy_time_cuda = 0.001586
iter 94: upload_copy_time_cuda = 0.001728
iter 94: per_iter_time_cuda = 0.064529

iter 95: slack_cuda = -0.009924
iter 95: cpu_time_cuda = 0.023707
iter 95: gpu_time_cuda = 0.033630
iter 95: download_copy_time_cuda = 0.001585
iter 95: upload_copy_time_cuda = 0.001719
iter 95: per_iter_time_cuda = 0.061484

iter 96: slack_cuda = -0.011291
iter 96: cpu_time_cuda = 0.023222
iter 96: gpu_time_cuda = 0.034514
iter 96: download_copy_time_cuda = 0.001563
iter 96: upload_copy_time_cuda = 0.001672
iter 96: per_iter_time_cuda = 0.061971

iter 97: slack_cuda = -0.011146
iter 97: cpu_time_cuda = 0.023018
iter 97: gpu_time_cuda = 0.034163
iter 97: download_copy_time_cuda = 0.001549
iter 97: upload_copy_time_cuda = 0.001682
iter 97: per_iter_time_cuda = 0.061233

iter 98: slack_cuda = -0.010501
iter 98: cpu_time_cuda = 0.022893
iter 98: gpu_time_cuda = 0.033395
iter 98: download_copy_time_cuda = 0.001545
iter 98: upload_copy_time_cuda = 0.001670
iter 98: per_iter_time_cuda = 0.060472

iter 99: slack_cuda = -0.009203
iter 99: cpu_time_cuda = 0.022648
iter 99: gpu_time_cuda = 0.031851
iter 99: download_copy_time_cuda = 0.001506
iter 99: upload_copy_time_cuda = 0.001659
iter 99: per_iter_time_cuda = 0.058487

iter 100: slack_cuda = -0.009878
iter 100: cpu_time_cuda = 0.022403
iter 100: gpu_time_cuda = 0.032281
iter 100: download_copy_time_cuda = 0.001505
iter 100: upload_copy_time_cuda = 0.001603
iter 100: per_iter_time_cuda = 0.058721

iter 101: slack_cuda = -0.009463
iter 101: cpu_time_cuda = 0.022231
iter 101: gpu_time_cuda = 0.031694
iter 101: download_copy_time_cuda = 0.001482
iter 101: upload_copy_time_cuda = 0.001615
iter 101: per_iter_time_cuda = 0.057988

iter 102: slack_cuda = -0.009031
iter 102: cpu_time_cuda = 0.021980
iter 102: gpu_time_cuda = 0.031011
iter 102: download_copy_time_cuda = 0.001489
iter 102: upload_copy_time_cuda = 0.001604
iter 102: per_iter_time_cuda = 0.057178

iter 103: slack_cuda = -0.007681
iter 103: cpu_time_cuda = 0.021815
iter 103: gpu_time_cuda = 0.029496
iter 103: download_copy_time_cuda = 0.001478
iter 103: upload_copy_time_cuda = 0.001589
iter 103: per_iter_time_cuda = 0.055166

iter 104: slack_cuda = -0.008477
iter 104: cpu_time_cuda = 0.021595
iter 104: gpu_time_cuda = 0.030071
iter 104: download_copy_time_cuda = 0.001445
iter 104: upload_copy_time_cuda = 0.001540
iter 104: per_iter_time_cuda = 0.055603

iter 105: slack_cuda = -0.007953
iter 105: cpu_time_cuda = 0.021408
iter 105: gpu_time_cuda = 0.029361
iter 105: download_copy_time_cuda = 0.001451
iter 105: upload_copy_time_cuda = 0.001561
iter 105: per_iter_time_cuda = 0.054547

iter 106: slack_cuda = -0.007456
iter 106: cpu_time_cuda = 0.021253
iter 106: gpu_time_cuda = 0.028709
iter 106: download_copy_time_cuda = 0.001412
iter 106: upload_copy_time_cuda = 0.001540
iter 106: per_iter_time_cuda = 0.053864

iter 107: slack_cuda = -0.006311
iter 107: cpu_time_cuda = 0.020944
iter 107: gpu_time_cuda = 0.027256
iter 107: download_copy_time_cuda = 0.001417
iter 107: upload_copy_time_cuda = 0.001531
iter 107: per_iter_time_cuda = 0.051887

iter 108: slack_cuda = -0.007357
iter 108: cpu_time_cuda = 0.020720
iter 108: gpu_time_cuda = 0.028076
iter 108: download_copy_time_cuda = 0.001375
iter 108: upload_copy_time_cuda = 0.001478
iter 108: per_iter_time_cuda = 0.052584

iter 109: slack_cuda = -0.006497
iter 109: cpu_time_cuda = 0.020459
iter 109: gpu_time_cuda = 0.026956
iter 109: download_copy_time_cuda = 0.001391
iter 109: upload_copy_time_cuda = 0.001501
iter 109: per_iter_time_cuda = 0.051060

iter 110: slack_cuda = -0.006448
iter 110: cpu_time_cuda = 0.020306
iter 110: gpu_time_cuda = 0.026753
iter 110: download_copy_time_cuda = 0.001364
iter 110: upload_copy_time_cuda = 0.001479
iter 110: per_iter_time_cuda = 0.050864

iter 111: slack_cuda = -0.005115
iter 111: cpu_time_cuda = 0.020258
iter 111: gpu_time_cuda = 0.025373
iter 111: download_copy_time_cuda = 0.001366
iter 111: upload_copy_time_cuda = 0.001475
iter 111: per_iter_time_cuda = 0.049273

iter 112: slack_cuda = -0.005674
iter 112: cpu_time_cuda = 0.019862
iter 112: gpu_time_cuda = 0.025536
iter 112: download_copy_time_cuda = 0.001338
iter 112: upload_copy_time_cuda = 0.001422
iter 112: per_iter_time_cuda = 0.049052

iter 113: slack_cuda = -0.004931
iter 113: cpu_time_cuda = 0.020042
iter 113: gpu_time_cuda = 0.024973
iter 113: download_copy_time_cuda = 0.001317
iter 113: upload_copy_time_cuda = 0.001440
iter 113: per_iter_time_cuda = 0.048539

iter 114: slack_cuda = -0.004927
iter 114: cpu_time_cuda = 0.019514
iter 114: gpu_time_cuda = 0.024440
iter 114: download_copy_time_cuda = 0.001316
iter 114: upload_copy_time_cuda = 0.001420
iter 114: per_iter_time_cuda = 0.047536

iter 115: slack_cuda = -0.004156
iter 115: cpu_time_cuda = 0.019239
iter 115: gpu_time_cuda = 0.023395
iter 115: download_copy_time_cuda = 0.001288
iter 115: upload_copy_time_cuda = 0.001407
iter 115: per_iter_time_cuda = 0.046088

iter 116: slack_cuda = -0.004266
iter 116: cpu_time_cuda = 0.019073
iter 116: gpu_time_cuda = 0.023339
iter 116: download_copy_time_cuda = 0.001284
iter 116: upload_copy_time_cuda = 0.001365
iter 116: per_iter_time_cuda = 0.045897

iter 117: slack_cuda = -0.004267
iter 117: cpu_time_cuda = 0.018813
iter 117: gpu_time_cuda = 0.023079
iter 117: download_copy_time_cuda = 0.001259
iter 117: upload_copy_time_cuda = 0.001376
iter 117: per_iter_time_cuda = 0.045290

iter 118: slack_cuda = -0.003385
iter 118: cpu_time_cuda = 0.019028
iter 118: gpu_time_cuda = 0.022413
iter 118: download_copy_time_cuda = 0.001270
iter 118: upload_copy_time_cuda = 0.001364
iter 118: per_iter_time_cuda = 0.044913

iter 119: slack_cuda = -0.002729
iter 119: cpu_time_cuda = 0.018497
iter 119: gpu_time_cuda = 0.021226
iter 119: download_copy_time_cuda = 0.001237
iter 119: upload_copy_time_cuda = 0.001348
iter 119: per_iter_time_cuda = 0.043017

iter 120: slack_cuda = -0.003384
iter 120: cpu_time_cuda = 0.018178
iter 120: gpu_time_cuda = 0.021562
iter 120: download_copy_time_cuda = 0.001217
iter 120: upload_copy_time_cuda = 0.001302
iter 120: per_iter_time_cuda = 0.043098

iter 121: slack_cuda = -0.003027
iter 121: cpu_time_cuda = 0.018059
iter 121: gpu_time_cuda = 0.021086
iter 121: download_copy_time_cuda = 0.001223
iter 121: upload_copy_time_cuda = 0.001318
iter 121: per_iter_time_cuda = 0.042418

iter 122: slack_cuda = -0.002842
iter 122: cpu_time_cuda = 0.017733
iter 122: gpu_time_cuda = 0.020575
iter 122: download_copy_time_cuda = 0.001211
iter 122: upload_copy_time_cuda = 0.001298
iter 122: per_iter_time_cuda = 0.041790

iter 123: slack_cuda = -0.001582
iter 123: cpu_time_cuda = 0.017802
iter 123: gpu_time_cuda = 0.019384
iter 123: download_copy_time_cuda = 0.001191
iter 123: upload_copy_time_cuda = 0.001296
iter 123: per_iter_time_cuda = 0.040324

iter 124: slack_cuda = -0.002211
iter 124: cpu_time_cuda = 0.017358
iter 124: gpu_time_cuda = 0.019569
iter 124: download_copy_time_cuda = 0.001156
iter 124: upload_copy_time_cuda = 0.001239
iter 124: per_iter_time_cuda = 0.040110

iter 125: slack_cuda = -0.002125
iter 125: cpu_time_cuda = 0.017109
iter 125: gpu_time_cuda = 0.019234
iter 125: download_copy_time_cuda = 0.001161
iter 125: upload_copy_time_cuda = 0.001252
iter 125: per_iter_time_cuda = 0.039395

iter 126: slack_cuda = -0.001370
iter 126: cpu_time_cuda = 0.017371
iter 126: gpu_time_cuda = 0.018741
iter 126: download_copy_time_cuda = 0.001137
iter 126: upload_copy_time_cuda = 0.001325
iter 126: per_iter_time_cuda = 0.039369

iter 127: slack_cuda = -0.000725
iter 127: cpu_time_cuda = 0.016706
iter 127: gpu_time_cuda = 0.017431
iter 127: download_copy_time_cuda = 0.001144
iter 127: upload_copy_time_cuda = 0.001224
iter 127: per_iter_time_cuda = 0.037141

iter 128: slack_cuda = -0.001329
iter 128: cpu_time_cuda = 0.016503
iter 128: gpu_time_cuda = 0.017832
iter 128: download_copy_time_cuda = 0.001121
iter 128: upload_copy_time_cuda = 0.001181
iter 128: per_iter_time_cuda = 0.037388

iter 129: slack_cuda = -0.000638
iter 129: cpu_time_cuda = 0.016654
iter 129: gpu_time_cuda = 0.017292
iter 129: download_copy_time_cuda = 0.001097
iter 129: upload_copy_time_cuda = 0.001196
iter 129: per_iter_time_cuda = 0.036876

iter 130: slack_cuda = -0.000712
iter 130: cpu_time_cuda = 0.016087
iter 130: gpu_time_cuda = 0.016799
iter 130: download_copy_time_cuda = 0.001092
iter 130: upload_copy_time_cuda = 0.001175
iter 130: per_iter_time_cuda = 0.035897

iter 131: slack_cuda = -0.000581
iter 131: cpu_time_cuda = 0.015868
iter 131: gpu_time_cuda = 0.016449
iter 131: download_copy_time_cuda = 0.001058
iter 131: upload_copy_time_cuda = 0.001157
iter 131: per_iter_time_cuda = 0.035153

iter 132: slack_cuda = -0.000184
iter 132: cpu_time_cuda = 0.015827
iter 132: gpu_time_cuda = 0.016010
iter 132: download_copy_time_cuda = 0.001054
iter 132: upload_copy_time_cuda = 0.001124
iter 132: per_iter_time_cuda = 0.034713

iter 133: slack_cuda = -0.000184
iter 133: cpu_time_cuda = 0.015452
iter 133: gpu_time_cuda = 0.015636
iter 133: download_copy_time_cuda = 0.001042
iter 133: upload_copy_time_cuda = 0.001131
iter 133: per_iter_time_cuda = 0.033879

iter 134: slack_cuda = -0.000133
iter 134: cpu_time_cuda = 0.015281
iter 134: gpu_time_cuda = 0.015414
iter 134: download_copy_time_cuda = 0.001040
iter 134: upload_copy_time_cuda = 0.001110
iter 134: per_iter_time_cuda = 0.033532

iter 135: slack_cuda = 0.000797
iter 135: cpu_time_cuda = 0.015272
iter 135: gpu_time_cuda = 0.014475
iter 135: download_copy_time_cuda = 0.001011
iter 135: upload_copy_time_cuda = 0.001101
iter 135: per_iter_time_cuda = 0.032470

iter 136: slack_cuda = 0.000258
iter 136: cpu_time_cuda = 0.014826
iter 136: gpu_time_cuda = 0.014567
iter 136: download_copy_time_cuda = 0.000994
iter 136: upload_copy_time_cuda = 0.001058
iter 136: per_iter_time_cuda = 0.032148

iter 137: slack_cuda = 0.000449
iter 137: cpu_time_cuda = 0.014573
iter 137: gpu_time_cuda = 0.014124
iter 137: download_copy_time_cuda = 0.000996
iter 137: upload_copy_time_cuda = 0.001068
iter 137: per_iter_time_cuda = 0.031355

iter 138: slack_cuda = 0.000693
iter 138: cpu_time_cuda = 0.014378
iter 138: gpu_time_cuda = 0.013686
iter 138: download_copy_time_cuda = 0.000970
iter 138: upload_copy_time_cuda = 0.001049
iter 138: per_iter_time_cuda = 0.030779

iter 139: slack_cuda = 0.001647
iter 139: cpu_time_cuda = 0.014425
iter 139: gpu_time_cuda = 0.012778
iter 139: download_copy_time_cuda = 0.000969
iter 139: upload_copy_time_cuda = 0.001038
iter 139: per_iter_time_cuda = 0.029772

iter 140: slack_cuda = 0.000944
iter 140: cpu_time_cuda = 0.014020
iter 140: gpu_time_cuda = 0.013076
iter 140: download_copy_time_cuda = 0.000932
iter 140: upload_copy_time_cuda = 0.000997
iter 140: per_iter_time_cuda = 0.029717

iter 141: slack_cuda = 0.001137
iter 141: cpu_time_cuda = 0.013822
iter 141: gpu_time_cuda = 0.012685
iter 141: download_copy_time_cuda = 0.000936
iter 141: upload_copy_time_cuda = 0.001010
iter 141: per_iter_time_cuda = 0.029015

iter 142: slack_cuda = 0.001387
iter 142: cpu_time_cuda = 0.013546
iter 142: gpu_time_cuda = 0.012159
iter 142: download_copy_time_cuda = 0.000912
iter 142: upload_copy_time_cuda = 0.000989
iter 142: per_iter_time_cuda = 0.028410

iter 143: slack_cuda = 0.002334
iter 143: cpu_time_cuda = 0.013650
iter 143: gpu_time_cuda = 0.011315
iter 143: download_copy_time_cuda = 0.000907
iter 143: upload_copy_time_cuda = 0.000985
iter 143: per_iter_time_cuda = 0.027439

iter 144: slack_cuda = 0.001644
iter 144: cpu_time_cuda = 0.013141
iter 144: gpu_time_cuda = 0.011498
iter 144: download_copy_time_cuda = 0.000898
iter 144: upload_copy_time_cuda = 0.000942
iter 144: per_iter_time_cuda = 0.027119

iter 145: slack_cuda = 0.001652
iter 145: cpu_time_cuda = 0.012925
iter 145: gpu_time_cuda = 0.011273
iter 145: download_copy_time_cuda = 0.000872
iter 145: upload_copy_time_cuda = 0.000945
iter 145: per_iter_time_cuda = 0.026545

iter 146: slack_cuda = 0.002072
iter 146: cpu_time_cuda = 0.012740
iter 146: gpu_time_cuda = 0.010668
iter 146: download_copy_time_cuda = 0.000867
iter 146: upload_copy_time_cuda = 0.000928
iter 146: per_iter_time_cuda = 0.025813

iter 147: slack_cuda = 0.002642
iter 147: cpu_time_cuda = 0.012619
iter 147: gpu_time_cuda = 0.009977
iter 147: download_copy_time_cuda = 0.000836
iter 147: upload_copy_time_cuda = 0.000914
iter 147: per_iter_time_cuda = 0.024881

iter 148: slack_cuda = 0.002227
iter 148: cpu_time_cuda = 0.012408
iter 148: gpu_time_cuda = 0.010181
iter 148: download_copy_time_cuda = 0.000831
iter 148: upload_copy_time_cuda = 0.000879
iter 148: per_iter_time_cuda = 0.024899

iter 149: slack_cuda = 0.002188
iter 149: cpu_time_cuda = 0.012068
iter 149: gpu_time_cuda = 0.009881
iter 149: download_copy_time_cuda = 0.000810
iter 149: upload_copy_time_cuda = 0.000887
iter 149: per_iter_time_cuda = 0.024177

iter 150: slack_cuda = 0.002394
iter 150: cpu_time_cuda = 0.011830
iter 150: gpu_time_cuda = 0.009437
iter 150: download_copy_time_cuda = 0.000830
iter 150: upload_copy_time_cuda = 0.000877
iter 150: per_iter_time_cuda = 0.023575

iter 151: slack_cuda = 0.002693
iter 151: cpu_time_cuda = 0.011623
iter 151: gpu_time_cuda = 0.008930
iter 151: download_copy_time_cuda = 0.000795
iter 151: upload_copy_time_cuda = 0.000887
iter 151: per_iter_time_cuda = 0.022750

iter 152: slack_cuda = 0.002880
iter 152: cpu_time_cuda = 0.011740
iter 152: gpu_time_cuda = 0.008860
iter 152: download_copy_time_cuda = 0.000774
iter 152: upload_copy_time_cuda = 0.000854
iter 152: per_iter_time_cuda = 0.022808

iter 153: slack_cuda = 0.002823
iter 153: cpu_time_cuda = 0.011203
iter 153: gpu_time_cuda = 0.008380
iter 153: download_copy_time_cuda = 0.000765
iter 153: upload_copy_time_cuda = 0.000875
iter 153: per_iter_time_cuda = 0.021724

iter 154: slack_cuda = 0.002697
iter 154: cpu_time_cuda = 0.011019
iter 154: gpu_time_cuda = 0.008322
iter 154: download_copy_time_cuda = 0.000739
iter 154: upload_copy_time_cuda = 0.000865
iter 154: per_iter_time_cuda = 0.021518

iter 155: slack_cuda = 0.003067
iter 155: cpu_time_cuda = 0.010802
iter 155: gpu_time_cuda = 0.007734
iter 155: download_copy_time_cuda = 0.000736
iter 155: upload_copy_time_cuda = 0.000863
iter 155: per_iter_time_cuda = 0.020614

iter 156: slack_cuda = 0.003049
iter 156: cpu_time_cuda = 0.010589
iter 156: gpu_time_cuda = 0.007540
iter 156: download_copy_time_cuda = 0.000709
iter 156: upload_copy_time_cuda = 0.000850
iter 156: per_iter_time_cuda = 0.020263

iter 157: slack_cuda = 0.003275
iter 157: cpu_time_cuda = 0.010518
iter 157: gpu_time_cuda = 0.007243
iter 157: download_copy_time_cuda = 0.000714
iter 157: upload_copy_time_cuda = 0.000855
iter 157: per_iter_time_cuda = 0.019804

iter 158: slack_cuda = 0.003039
iter 158: cpu_time_cuda = 0.010211
iter 158: gpu_time_cuda = 0.007172
iter 158: download_copy_time_cuda = 0.000691
iter 158: upload_copy_time_cuda = 0.000859
iter 158: per_iter_time_cuda = 0.019509

iter 159: slack_cuda = 0.003629
iter 159: cpu_time_cuda = 0.010005
iter 159: gpu_time_cuda = 0.006376
iter 159: download_copy_time_cuda = 0.000682
iter 159: upload_copy_time_cuda = 0.000849
iter 159: per_iter_time_cuda = 0.018381

iter 160: slack_cuda = 0.003349
iter 160: cpu_time_cuda = 0.009770
iter 160: gpu_time_cuda = 0.006420
iter 160: download_copy_time_cuda = 0.000661
iter 160: upload_copy_time_cuda = 0.000833
iter 160: per_iter_time_cuda = 0.018227

iter 161: slack_cuda = 0.003286
iter 161: cpu_time_cuda = 0.009551
iter 161: gpu_time_cuda = 0.006265
iter 161: download_copy_time_cuda = 0.000643
iter 161: upload_copy_time_cuda = 0.000846
iter 161: per_iter_time_cuda = 0.017777

iter 162: slack_cuda = 0.003354
iter 162: cpu_time_cuda = 0.009329
iter 162: gpu_time_cuda = 0.005975
iter 162: download_copy_time_cuda = 0.000636
iter 162: upload_copy_time_cuda = 0.000841
iter 162: per_iter_time_cuda = 0.017344

iter 163: slack_cuda = 0.003594
iter 163: cpu_time_cuda = 0.009134
iter 163: gpu_time_cuda = 0.005541
iter 163: download_copy_time_cuda = 0.000629
iter 163: upload_copy_time_cuda = 0.000835
iter 163: per_iter_time_cuda = 0.016640

iter 164: slack_cuda = 0.003563
iter 164: cpu_time_cuda = 0.009061
iter 164: gpu_time_cuda = 0.005498
iter 164: download_copy_time_cuda = 0.000619
iter 164: upload_copy_time_cuda = 0.000823
iter 164: per_iter_time_cuda = 0.016535

iter 165: slack_cuda = 0.003317
iter 165: cpu_time_cuda = 0.008667
iter 165: gpu_time_cuda = 0.005350
iter 165: download_copy_time_cuda = 0.000590
iter 165: upload_copy_time_cuda = 0.000831
iter 165: per_iter_time_cuda = 0.015922

iter 166: slack_cuda = 0.003367
iter 166: cpu_time_cuda = 0.008437
iter 166: gpu_time_cuda = 0.005069
iter 166: download_copy_time_cuda = 0.000578
iter 166: upload_copy_time_cuda = 0.000831
iter 166: per_iter_time_cuda = 0.015454

iter 167: slack_cuda = 0.003511
iter 167: cpu_time_cuda = 0.008197
iter 167: gpu_time_cuda = 0.004687
iter 167: download_copy_time_cuda = 0.000565
iter 167: upload_copy_time_cuda = 0.000831
iter 167: per_iter_time_cuda = 0.014722

iter 168: slack_cuda = 0.003205
iter 168: cpu_time_cuda = 0.008007
iter 168: gpu_time_cuda = 0.004802
iter 168: download_copy_time_cuda = 0.000549
iter 168: upload_copy_time_cuda = 0.000799
iter 168: per_iter_time_cuda = 0.014681

iter 169: slack_cuda = 0.003406
iter 169: cpu_time_cuda = 0.007788
iter 169: gpu_time_cuda = 0.004382
iter 169: download_copy_time_cuda = 0.000547
iter 169: upload_copy_time_cuda = 0.000818
iter 169: per_iter_time_cuda = 0.013958

iter 170: slack_cuda = 0.003397
iter 170: cpu_time_cuda = 0.007585
iter 170: gpu_time_cuda = 0.004188
iter 170: download_copy_time_cuda = 0.000529
iter 170: upload_copy_time_cuda = 0.000802
iter 170: per_iter_time_cuda = 0.013607

iter 171: slack_cuda = 0.003690
iter 171: cpu_time_cuda = 0.007578
iter 171: gpu_time_cuda = 0.003888
iter 171: download_copy_time_cuda = 0.000520
iter 171: upload_copy_time_cuda = 0.000817
iter 171: per_iter_time_cuda = 0.013201

iter 172: slack_cuda = 0.003350
iter 172: cpu_time_cuda = 0.007227
iter 172: gpu_time_cuda = 0.003877
iter 172: download_copy_time_cuda = 0.000486
iter 172: upload_copy_time_cuda = 0.000794
iter 172: per_iter_time_cuda = 0.012882

iter 173: slack_cuda = 0.003421
iter 173: cpu_time_cuda = 0.006947
iter 173: gpu_time_cuda = 0.003526
iter 173: download_copy_time_cuda = 0.000481
iter 173: upload_copy_time_cuda = 0.000803
iter 173: per_iter_time_cuda = 0.012166

iter 174: slack_cuda = 0.003393
iter 174: cpu_time_cuda = 0.006751
iter 174: gpu_time_cuda = 0.003359
iter 174: download_copy_time_cuda = 0.000461
iter 174: upload_copy_time_cuda = 0.000796
iter 174: per_iter_time_cuda = 0.011851

iter 175: slack_cuda = 0.003391
iter 175: cpu_time_cuda = 0.006551
iter 175: gpu_time_cuda = 0.003160
iter 175: download_copy_time_cuda = 0.000451
iter 175: upload_copy_time_cuda = 0.000791
iter 175: per_iter_time_cuda = 0.011355

iter 176: slack_cuda = 0.003342
iter 176: cpu_time_cuda = 0.006344
iter 176: gpu_time_cuda = 0.003002
iter 176: download_copy_time_cuda = 0.000441
iter 176: upload_copy_time_cuda = 0.000790
iter 176: per_iter_time_cuda = 0.011011

iter 177: slack_cuda = 0.003188
iter 177: cpu_time_cuda = 0.006097
iter 177: gpu_time_cuda = 0.002909
iter 177: download_copy_time_cuda = 0.000429
iter 177: upload_copy_time_cuda = 0.000790
iter 177: per_iter_time_cuda = 0.010619

iter 178: slack_cuda = 0.003230
iter 178: cpu_time_cuda = 0.005934
iter 178: gpu_time_cuda = 0.002704
iter 178: download_copy_time_cuda = 0.000410
iter 178: upload_copy_time_cuda = 0.000788
iter 178: per_iter_time_cuda = 0.010268

iter 179: slack_cuda = 0.003255
iter 179: cpu_time_cuda = 0.005680
iter 179: gpu_time_cuda = 0.002425
iter 179: download_copy_time_cuda = 0.000390
iter 179: upload_copy_time_cuda = 0.000791
iter 179: per_iter_time_cuda = 0.009660

iter 180: slack_cuda = 0.003120
iter 180: cpu_time_cuda = 0.005466
iter 180: gpu_time_cuda = 0.002347
iter 180: download_copy_time_cuda = 0.000378
iter 180: upload_copy_time_cuda = 0.000779
iter 180: per_iter_time_cuda = 0.009392

iter 181: slack_cuda = 0.003192
iter 181: cpu_time_cuda = 0.005387
iter 181: gpu_time_cuda = 0.002195
iter 181: download_copy_time_cuda = 0.000368
iter 181: upload_copy_time_cuda = 0.000783
iter 181: per_iter_time_cuda = 0.009098

iter 182: slack_cuda = 0.003128
iter 182: cpu_time_cuda = 0.005203
iter 182: gpu_time_cuda = 0.002075
iter 182: download_copy_time_cuda = 0.000357
iter 182: upload_copy_time_cuda = 0.000781
iter 182: per_iter_time_cuda = 0.008830

iter 183: slack_cuda = 0.003025
iter 183: cpu_time_cuda = 0.004847
iter 183: gpu_time_cuda = 0.001822
iter 183: download_copy_time_cuda = 0.000337
iter 183: upload_copy_time_cuda = 0.000777
iter 183: per_iter_time_cuda = 0.008145

iter 184: slack_cuda = 0.002897
iter 184: cpu_time_cuda = 0.004656
iter 184: gpu_time_cuda = 0.001760
iter 184: download_copy_time_cuda = 0.000322
iter 184: upload_copy_time_cuda = 0.000761
iter 184: per_iter_time_cuda = 0.007928

iter 185: slack_cuda = 0.002866
iter 185: cpu_time_cuda = 0.004461
iter 185: gpu_time_cuda = 0.001594
iter 185: download_copy_time_cuda = 0.000309
iter 185: upload_copy_time_cuda = 0.000757
iter 185: per_iter_time_cuda = 0.007456

iter 186: slack_cuda = 0.002632
iter 186: cpu_time_cuda = 0.004250
iter 186: gpu_time_cuda = 0.001618
iter 186: download_copy_time_cuda = 0.000300
iter 186: upload_copy_time_cuda = 0.000759
iter 186: per_iter_time_cuda = 0.007316

iter 187: slack_cuda = 0.002627
iter 187: cpu_time_cuda = 0.004018
iter 187: gpu_time_cuda = 0.001391
iter 187: download_copy_time_cuda = 0.000287
iter 187: upload_copy_time_cuda = 0.000753
iter 187: per_iter_time_cuda = 0.006772

iter 188: slack_cuda = 0.002574
iter 188: cpu_time_cuda = 0.003820
iter 188: gpu_time_cuda = 0.001246
iter 188: download_copy_time_cuda = 0.000266
iter 188: upload_copy_time_cuda = 0.000740
iter 188: per_iter_time_cuda = 0.006414

iter 189: slack_cuda = 0.002426
iter 189: cpu_time_cuda = 0.003599
iter 189: gpu_time_cuda = 0.001174
iter 189: download_copy_time_cuda = 0.000253
iter 189: upload_copy_time_cuda = 0.000751
iter 189: per_iter_time_cuda = 0.006073

iter 190: slack_cuda = 0.002291
iter 190: cpu_time_cuda = 0.003400
iter 190: gpu_time_cuda = 0.001109
iter 190: download_copy_time_cuda = 0.000233
iter 190: upload_copy_time_cuda = 0.000738
iter 190: per_iter_time_cuda = 0.005803

iter 191: slack_cuda = 0.002336
iter 191: cpu_time_cuda = 0.003197
iter 191: gpu_time_cuda = 0.000861
iter 191: download_copy_time_cuda = 0.000218
iter 191: upload_copy_time_cuda = 0.000730
iter 191: per_iter_time_cuda = 0.005292

iter 192: slack_cuda = 0.002072
iter 192: cpu_time_cuda = 0.002929
iter 192: gpu_time_cuda = 0.000856
iter 192: download_copy_time_cuda = 0.000208
iter 192: upload_copy_time_cuda = 0.000734
iter 192: per_iter_time_cuda = 0.005022

iter 193: slack_cuda = 0.001921
iter 193: cpu_time_cuda = 0.002716
iter 193: gpu_time_cuda = 0.000794
iter 193: download_copy_time_cuda = 0.000201
iter 193: upload_copy_time_cuda = 0.000728
iter 193: per_iter_time_cuda = 0.004714

iter 194: slack_cuda = 0.001818
iter 194: cpu_time_cuda = 0.002505
iter 194: gpu_time_cuda = 0.000687
iter 194: download_copy_time_cuda = 0.000182
iter 194: upload_copy_time_cuda = 0.000733
iter 194: per_iter_time_cuda = 0.004388

iter 195: slack_cuda = 0.001774
iter 195: cpu_time_cuda = 0.002377
iter 195: gpu_time_cuda = 0.000603
iter 195: download_copy_time_cuda = 0.000165
iter 195: upload_copy_time_cuda = 0.000742
iter 195: per_iter_time_cuda = 0.004161

iter 196: slack_cuda = 0.001618
iter 196: cpu_time_cuda = 0.002174
iter 196: gpu_time_cuda = 0.000555
iter 196: download_copy_time_cuda = 0.000173
iter 196: upload_copy_time_cuda = 0.000730
iter 196: per_iter_time_cuda = 0.003910

iter 197: slack_cuda = 0.001479
iter 197: cpu_time_cuda = 0.001947
iter 197: gpu_time_cuda = 0.000468
iter 197: download_copy_time_cuda = 0.000151
iter 197: upload_copy_time_cuda = 0.000726
iter 197: per_iter_time_cuda = 0.003554

iter 198: slack_cuda = 0.001116
iter 198: cpu_time_cuda = 0.001526
iter 198: gpu_time_cuda = 0.000410
iter 198: download_copy_time_cuda = 0.000136
iter 198: upload_copy_time_cuda = 0.000706
iter 198: per_iter_time_cuda = 0.003051

iter 199: slack_cuda = 0.001005
iter 199: cpu_time_cuda = 0.001331
iter 199: gpu_time_cuda = 0.000326
iter 199: download_copy_time_cuda = 0.000119
iter 199: upload_copy_time_cuda = 0.000707
iter 199: per_iter_time_cuda = 0.002729

iter 200: slack_cuda = 0.000882
iter 200: cpu_time_cuda = 0.001134
iter 200: gpu_time_cuda = 0.000251
iter 200: download_copy_time_cuda = 0.000113
iter 200: upload_copy_time_cuda = 0.000703
iter 200: per_iter_time_cuda = 0.002453

iter 201: slack_cuda = 0.000702
iter 201: cpu_time_cuda = 0.000935
iter 201: gpu_time_cuda = 0.000233
iter 201: download_copy_time_cuda = 0.000108
iter 201: upload_copy_time_cuda = 0.000706
iter 201: per_iter_time_cuda = 0.002222

iter 202: slack_cuda = 0.000564
iter 202: cpu_time_cuda = 0.000762
iter 202: gpu_time_cuda = 0.000198
iter 202: download_copy_time_cuda = 0.000098
iter 202: upload_copy_time_cuda = 0.000700
iter 202: per_iter_time_cuda = 0.001995

iter 203: slack_cuda = 0.000351
iter 203: cpu_time_cuda = 0.000543
iter 203: gpu_time_cuda = 0.000192
iter 203: download_copy_time_cuda = 0.000109
iter 203: upload_copy_time_cuda = 0.000700
iter 203: per_iter_time_cuda = 0.001771

total_cpu_time_cuda = 4.483717
total_gpu_time_cuda = 8.165377
total_copy_time_cuda = 0.685946
main_loop_time_cuda = 13.535100
Normalized difference of predicted CPU runtime per iteration is: 0.000000%
Normalized difference of predicted GPU runtime per iteration is: 0.000000%
Normalized difference of predicted slack per iteration is: 0.000000%
20480 20480     ---   (  ---  )    388.28 (  14.75)     ---   
total_time = 26.317070
22.53user 4.09system 0:27.64elapsed 96%CPU (0avgtext+0avgdata 3430736maxresident)k
3920inputs+0outputs (1major+841606minor)pagefaults 0swaps
send out message: 22 3 log
