send out message: 24 37 /home/lchen/MAGMA/magma-1.6.1/results
send out message: 20 26 MAGMA_LU_GPUDVFS.total.pwr
MAGMA 1.6.1  compiled for CUDA capability >= 3.0
CUDA runtime 5000, driver 6050. MAGMA not compiled with OpenMP. 
ndevices 1
device 0: Tesla K20c, 705.5 MHz clock, 4799.6 MB memory, capability 3.5
Usage: /home/lchen/MAGMA/magma-1.6.1/testing/testing_dpotrf [options] [-h|--help]

ngpu = 1, uplo = Lower
    N   CPU GFlop/s (sec)   GPU GFlop/s (sec)   ||R_magma - R_lapack||_F / ||R_lapack||_F
========================================================
init_time = 14.092641
iter 0: cpu_time_pred = 0.000000
iter 0: gpu_time_dgemm_pred = 0.000000
iter 0: slack_pred = 0.000000
iter 0: slack_cuda = 0.000360
iter 0: cpu_time_cuda = 0.000368
iter 0: gpu_time_dsyrk_cuda = 0.000008
iter 0: gpu_time_dgemm_cuda = 0.000008
iter 0: gpu_time_dtrsm_cuda = 0.001817
iter 0: upload_copy_time1_cuda = 0.002711
iter 0: download_copy_time1_cuda = 0.000077
iter 0: upload_copy_time2_cuda = 0.000045
iter 0: download_copy_time2_cuda = 0.000002

iter 1: cpu_time_pred = 0.000368
iter 1: gpu_time_dgemm_pred = 0.000000
iter 1: slack_pred = 0.000368
iter 1: slack_cuda = -0.000700
iter 1: cpu_time_cuda = 0.000239
iter 1: gpu_time_dsyrk_cuda = 0.000075
iter 1: gpu_time_dgemm_cuda = 0.000938
iter 1: gpu_time_dtrsm_cuda = 0.001751
iter 1: upload_copy_time1_cuda = 0.002727
iter 1: download_copy_time1_cuda = 0.000060
iter 1: upload_copy_time2_cuda = 0.000056
iter 1: download_copy_time2_cuda = 0.000063

iter 2: cpu_time_pred = 0.000239
iter 2: gpu_time_dgemm_pred = 0.000929
iter 2: slack_pred = -0.000690
iter 2: slack_cuda = -0.001282
iter 2: cpu_time_cuda = 0.000237
iter 2: gpu_time_dsyrk_cuda = 0.000092
iter 2: gpu_time_dgemm_cuda = 0.001519
iter 2: gpu_time_dtrsm_cuda = 0.001752
iter 2: upload_copy_time1_cuda = 0.002709
iter 2: download_copy_time1_cuda = 0.000063
iter 2: upload_copy_time2_cuda = 0.000056
iter 2: download_copy_time2_cuda = 0.000109

iter 3: cpu_time_pred = 0.000237
iter 3: gpu_time_dgemm_pred = 0.000920
iter 3: slack_pred = -0.000683
iter 3: slack_cuda = -0.001720
iter 3: cpu_time_cuda = 0.000230
iter 3: gpu_time_dsyrk_cuda = 0.000113
iter 3: gpu_time_dgemm_cuda = 0.001951
iter 3: gpu_time_dtrsm_cuda = 0.001730
iter 3: upload_copy_time1_cuda = 0.002695
iter 3: download_copy_time1_cuda = 0.000062
iter 3: upload_copy_time2_cuda = 0.000055
iter 3: download_copy_time2_cuda = 0.000158

iter 4: cpu_time_pred = 0.000230
iter 4: gpu_time_dgemm_pred = 0.000910
iter 4: slack_pred = -0.000680
iter 4: slack_cuda = -0.002191
iter 4: cpu_time_cuda = 0.000228
iter 4: gpu_time_dsyrk_cuda = 0.000132
iter 4: gpu_time_dgemm_cuda = 0.002419
iter 4: gpu_time_dtrsm_cuda = 0.001724
iter 4: upload_copy_time1_cuda = 0.002683
iter 4: download_copy_time1_cuda = 0.000063
iter 4: upload_copy_time2_cuda = 0.000057
iter 4: download_copy_time2_cuda = 0.000214

iter 5: cpu_time_pred = 0.000228
iter 5: gpu_time_dgemm_pred = 0.000901
iter 5: slack_pred = -0.000673
iter 5: slack_cuda = -0.002646
iter 5: cpu_time_cuda = 0.000236
iter 5: gpu_time_dsyrk_cuda = 0.000155
iter 5: gpu_time_dgemm_cuda = 0.002882
iter 5: gpu_time_dtrsm_cuda = 0.001723
iter 5: upload_copy_time1_cuda = 0.002670
iter 5: download_copy_time1_cuda = 0.000062
iter 5: upload_copy_time2_cuda = 0.000056
iter 5: download_copy_time2_cuda = 0.000254

iter 6: cpu_time_pred = 0.000236
iter 6: gpu_time_dgemm_pred = 0.000891
iter 6: slack_pred = -0.000656
iter 6: slack_cuda = -0.003116
iter 6: cpu_time_cuda = 0.000238
iter 6: gpu_time_dsyrk_cuda = 0.000175
iter 6: gpu_time_dgemm_cuda = 0.003354
iter 6: gpu_time_dtrsm_cuda = 0.001719
iter 6: upload_copy_time1_cuda = 0.002658
iter 6: download_copy_time1_cuda = 0.000062
iter 6: upload_copy_time2_cuda = 0.000056
iter 6: download_copy_time2_cuda = 0.000304

iter 7: cpu_time_pred = 0.000238
iter 7: gpu_time_dgemm_pred = 0.000882
iter 7: slack_pred = -0.000644
iter 7: slack_cuda = -0.003539
iter 7: cpu_time_cuda = 0.000235
iter 7: gpu_time_dsyrk_cuda = 0.000195
iter 7: gpu_time_dgemm_cuda = 0.003774
iter 7: gpu_time_dtrsm_cuda = 0.001710
iter 7: upload_copy_time1_cuda = 0.002642
iter 7: download_copy_time1_cuda = 0.000062
iter 7: upload_copy_time2_cuda = 0.000056
iter 7: download_copy_time2_cuda = 0.000342

iter 8: cpu_time_pred = 0.000235
iter 8: gpu_time_dgemm_pred = 0.000873
iter 8: slack_pred = -0.000638
iter 8: slack_cuda = -0.004026
iter 8: cpu_time_cuda = 0.000234
iter 8: gpu_time_dsyrk_cuda = 0.000212
iter 8: gpu_time_dgemm_cuda = 0.004259
iter 8: gpu_time_dtrsm_cuda = 0.001715
iter 8: upload_copy_time1_cuda = 0.002623
iter 8: download_copy_time1_cuda = 0.000062
iter 8: upload_copy_time2_cuda = 0.000056
iter 8: download_copy_time2_cuda = 0.000391

iter 9: cpu_time_pred = 0.000234
iter 9: gpu_time_dgemm_pred = 0.000864
iter 9: slack_pred = -0.000630
iter 9: slack_cuda = -0.004511
iter 9: cpu_time_cuda = 0.000238
iter 9: gpu_time_dsyrk_cuda = 0.000236
iter 9: gpu_time_dgemm_cuda = 0.004750
iter 9: gpu_time_dtrsm_cuda = 0.001731
iter 9: upload_copy_time1_cuda = 0.002610
iter 9: download_copy_time1_cuda = 0.000063
iter 9: upload_copy_time2_cuda = 0.000057
iter 9: download_copy_time2_cuda = 0.000447

iter 10: cpu_time_pred = 0.000238
iter 10: gpu_time_dgemm_pred = 0.000855
iter 10: slack_pred = -0.000616
iter 10: slack_cuda = -0.004975
iter 10: cpu_time_cuda = 0.000234
iter 10: gpu_time_dsyrk_cuda = 0.000257
iter 10: gpu_time_dgemm_cuda = 0.005209
iter 10: gpu_time_dtrsm_cuda = 0.008946
iter 10: upload_copy_time1_cuda = 0.002601
iter 10: download_copy_time1_cuda = 0.000062
iter 10: upload_copy_time2_cuda = 0.000056
iter 10: download_copy_time2_cuda = 0.000487

iter 11: cpu_time_pred = 0.000234
iter 11: gpu_time_dgemm_pred = 0.000846
iter 11: slack_pred = -0.000612
iter 11: slack_cuda = -0.005512
iter 11: cpu_time_cuda = 0.000233
iter 11: gpu_time_dsyrk_cuda = 0.000280
iter 11: gpu_time_dgemm_cuda = 0.005744
iter 11: gpu_time_dtrsm_cuda = 0.001736
iter 11: upload_copy_time1_cuda = 0.002601
iter 11: download_copy_time1_cuda = 0.000069
iter 11: upload_copy_time2_cuda = 0.000055
iter 11: download_copy_time2_cuda = 0.000530

iter 12: cpu_time_pred = 0.000233
iter 12: gpu_time_dgemm_pred = 0.000837
iter 12: slack_pred = -0.000604
iter 12: slack_cuda = -0.005902
iter 12: cpu_time_cuda = 0.000234
iter 12: gpu_time_dsyrk_cuda = 0.000299
iter 12: gpu_time_dgemm_cuda = 0.006137
iter 12: gpu_time_dtrsm_cuda = 0.001694
iter 12: upload_copy_time1_cuda = 0.002575
iter 12: download_copy_time1_cuda = 0.000063
iter 12: upload_copy_time2_cuda = 0.000055
iter 12: download_copy_time2_cuda = 0.000575

iter 13: cpu_time_pred = 0.000234
iter 13: gpu_time_dgemm_pred = 0.000828
iter 13: slack_pred = -0.000593
iter 13: slack_cuda = -0.006457
iter 13: cpu_time_cuda = 0.000234
iter 13: gpu_time_dsyrk_cuda = 0.000318
iter 13: gpu_time_dgemm_cuda = 0.006690
iter 13: gpu_time_dtrsm_cuda = 0.001675
iter 13: upload_copy_time1_cuda = 0.002554
iter 13: download_copy_time1_cuda = 0.000069
iter 13: upload_copy_time2_cuda = 0.000057
iter 13: download_copy_time2_cuda = 0.000639

iter 14: cpu_time_pred = 0.000234
iter 14: gpu_time_dgemm_pred = 0.000819
iter 14: slack_pred = -0.000585
iter 14: slack_cuda = -0.006671
iter 14: cpu_time_cuda = 0.000236
iter 14: gpu_time_dsyrk_cuda = 0.000344
iter 14: gpu_time_dgemm_cuda = 0.006906
iter 14: gpu_time_dtrsm_cuda = 0.001689
iter 14: upload_copy_time1_cuda = 0.002545
iter 14: download_copy_time1_cuda = 0.000062
iter 14: upload_copy_time2_cuda = 0.000056
iter 14: download_copy_time2_cuda = 0.000673

iter 15: cpu_time_pred = 0.000236
iter 15: gpu_time_dgemm_pred = 0.000810
iter 15: slack_pred = -0.000574
iter 15: slack_cuda = -0.007321
iter 15: cpu_time_cuda = 0.000232
iter 15: gpu_time_dsyrk_cuda = 0.000362
iter 15: gpu_time_dgemm_cuda = 0.007553
iter 15: gpu_time_dtrsm_cuda = 0.001670
iter 15: upload_copy_time1_cuda = 0.002542
iter 15: download_copy_time1_cuda = 0.000068
iter 15: upload_copy_time2_cuda = 0.000056
iter 15: download_copy_time2_cuda = 0.000717

iter 16: cpu_time_pred = 0.000232
iter 16: gpu_time_dgemm_pred = 0.000801
iter 16: slack_pred = -0.000569
iter 16: slack_cuda = -0.007535
iter 16: cpu_time_cuda = 0.000237
iter 16: gpu_time_dsyrk_cuda = 0.000379
iter 16: gpu_time_dgemm_cuda = 0.007772
iter 16: gpu_time_dtrsm_cuda = 0.001660
iter 16: upload_copy_time1_cuda = 0.002519
iter 16: download_copy_time1_cuda = 0.000060
iter 16: upload_copy_time2_cuda = 0.000056
iter 16: download_copy_time2_cuda = 0.000763

iter 17: cpu_time_pred = 0.000237
iter 17: gpu_time_dgemm_pred = 0.000792
iter 17: slack_pred = -0.000555
iter 17: slack_cuda = -0.007986
iter 17: cpu_time_cuda = 0.000238
iter 17: gpu_time_dsyrk_cuda = 0.000402
iter 17: gpu_time_dgemm_cuda = 0.008224
iter 17: gpu_time_dtrsm_cuda = 0.001656
iter 17: upload_copy_time1_cuda = 0.002502
iter 17: download_copy_time1_cuda = 0.000062
iter 17: upload_copy_time2_cuda = 0.000056
iter 17: download_copy_time2_cuda = 0.000815

iter 18: cpu_time_pred = 0.000238
iter 18: gpu_time_dgemm_pred = 0.000783
iter 18: slack_pred = -0.000546
iter 18: slack_cuda = -0.008767
iter 18: cpu_time_cuda = 0.000237
iter 18: gpu_time_dsyrk_cuda = 0.000424
iter 18: gpu_time_dgemm_cuda = 0.009004
iter 18: gpu_time_dtrsm_cuda = 0.007710
iter 18: upload_copy_time1_cuda = 0.002496
iter 18: download_copy_time1_cuda = 0.000071
iter 18: upload_copy_time2_cuda = 0.000057
iter 18: download_copy_time2_cuda = 0.000879

iter 19: cpu_time_pred = 0.000237
iter 19: gpu_time_dgemm_pred = 0.000775
iter 19: slack_pred = -0.000538
iter 19: slack_cuda = -0.008937
iter 19: cpu_time_cuda = 0.000241
iter 19: gpu_time_dsyrk_cuda = 0.000445
iter 19: gpu_time_dgemm_cuda = 0.009178
iter 19: gpu_time_dtrsm_cuda = 0.001662
iter 19: upload_copy_time1_cuda = 0.002503
iter 19: download_copy_time1_cuda = 0.000063
iter 19: upload_copy_time2_cuda = 0.000056
iter 19: download_copy_time2_cuda = 0.000904

iter 20: cpu_time_pred = 0.000241
iter 20: gpu_time_dgemm_pred = 0.000766
iter 20: slack_pred = -0.000525
iter 20: slack_cuda = -0.009421
iter 20: cpu_time_cuda = 0.000255
iter 20: gpu_time_dsyrk_cuda = 0.000462
iter 20: gpu_time_dgemm_cuda = 0.009676
iter 20: gpu_time_dtrsm_cuda = 0.001661
iter 20: upload_copy_time1_cuda = 0.002465
iter 20: download_copy_time1_cuda = 0.000062
iter 20: upload_copy_time2_cuda = 0.000056
iter 20: download_copy_time2_cuda = 0.000945

iter 21: cpu_time_pred = 0.000255
iter 21: gpu_time_dgemm_pred = 0.000757
iter 21: slack_pred = -0.000503
iter 21: slack_cuda = -0.009408
iter 21: cpu_time_cuda = 0.000241
iter 21: gpu_time_dsyrk_cuda = 0.000483
iter 21: gpu_time_dgemm_cuda = 0.009649
iter 21: gpu_time_dtrsm_cuda = 0.001634
iter 21: upload_copy_time1_cuda = 0.002444
iter 21: download_copy_time1_cuda = 0.000072
iter 21: upload_copy_time2_cuda = 0.000056
iter 21: download_copy_time2_cuda = 0.001007

iter 22: cpu_time_pred = 0.000241
iter 22: gpu_time_dgemm_pred = 0.000749
iter 22: slack_pred = -0.000508
iter 22: slack_cuda = -0.009821
iter 22: cpu_time_cuda = 0.000241
iter 22: gpu_time_dsyrk_cuda = 0.000505
iter 22: gpu_time_dgemm_cuda = 0.010062
iter 22: gpu_time_dtrsm_cuda = 0.001646
iter 22: upload_copy_time1_cuda = 0.002439
iter 22: download_copy_time1_cuda = 0.000063
iter 22: upload_copy_time2_cuda = 0.000057
iter 22: download_copy_time2_cuda = 0.001078

iter 23: cpu_time_pred = 0.000241
iter 23: gpu_time_dgemm_pred = 0.000740
iter 23: slack_pred = -0.000500
iter 23: slack_cuda = -0.010209
iter 23: cpu_time_cuda = 0.000241
iter 23: gpu_time_dsyrk_cuda = 0.000525
iter 23: gpu_time_dgemm_cuda = 0.010450
iter 23: gpu_time_dtrsm_cuda = 0.001625
iter 23: upload_copy_time1_cuda = 0.002422
iter 23: download_copy_time1_cuda = 0.000062
iter 23: upload_copy_time2_cuda = 0.000056
iter 23: download_copy_time2_cuda = 0.001094

iter 24: cpu_time_pred = 0.000241
iter 24: gpu_time_dgemm_pred = 0.000732
iter 24: slack_pred = -0.000491
iter 24: slack_cuda = -0.010634
iter 24: cpu_time_cuda = 0.000241
iter 24: gpu_time_dsyrk_cuda = 0.000546
iter 24: gpu_time_dgemm_cuda = 0.010874
iter 24: gpu_time_dtrsm_cuda = 0.001633
iter 24: upload_copy_time1_cuda = 0.002418
iter 24: download_copy_time1_cuda = 0.000063
iter 24: upload_copy_time2_cuda = 0.000056
iter 24: download_copy_time2_cuda = 0.001137

iter 25: cpu_time_pred = 0.000241
iter 25: gpu_time_dgemm_pred = 0.000724
iter 25: slack_pred = -0.000483
iter 25: slack_cuda = -0.011091
iter 25: cpu_time_cuda = 0.000242
iter 25: gpu_time_dsyrk_cuda = 0.000569
iter 25: gpu_time_dgemm_cuda = 0.011333
iter 25: gpu_time_dtrsm_cuda = 0.001628
iter 25: upload_copy_time1_cuda = 0.002401
iter 25: download_copy_time1_cuda = 0.000062
iter 25: upload_copy_time2_cuda = 0.000056
iter 25: download_copy_time2_cuda = 0.001185

iter 26: cpu_time_pred = 0.000242
iter 26: gpu_time_dgemm_pred = 0.000715
iter 26: slack_pred = -0.000473
iter 26: slack_cuda = -0.011499
iter 26: cpu_time_cuda = 0.000240
iter 26: gpu_time_dsyrk_cuda = 0.000586
iter 26: gpu_time_dgemm_cuda = 0.011740
iter 26: gpu_time_dtrsm_cuda = 0.001619
iter 26: upload_copy_time1_cuda = 0.002384
iter 26: download_copy_time1_cuda = 0.000062
iter 26: upload_copy_time2_cuda = 0.000056
iter 26: download_copy_time2_cuda = 0.001240

iter 27: cpu_time_pred = 0.000240
iter 27: gpu_time_dgemm_pred = 0.000707
iter 27: slack_pred = -0.000466
iter 27: slack_cuda = -0.011932
iter 27: cpu_time_cuda = 0.000243
iter 27: gpu_time_dsyrk_cuda = 0.000611
iter 27: gpu_time_dgemm_cuda = 0.012174
iter 27: gpu_time_dtrsm_cuda = 0.001604
iter 27: upload_copy_time1_cuda = 0.002371
iter 27: download_copy_time1_cuda = 0.000071
iter 27: upload_copy_time2_cuda = 0.000057
iter 27: download_copy_time2_cuda = 0.001316

iter 28: cpu_time_pred = 0.000243
iter 28: gpu_time_dgemm_pred = 0.000699
iter 28: slack_pred = -0.000456
iter 28: slack_cuda = -0.012353
iter 28: cpu_time_cuda = 0.000238
iter 28: gpu_time_dsyrk_cuda = 0.000627
iter 28: gpu_time_dgemm_cuda = 0.012591
iter 28: gpu_time_dtrsm_cuda = 0.001612
iter 28: upload_copy_time1_cuda = 0.002353
iter 28: download_copy_time1_cuda = 0.000062
iter 28: upload_copy_time2_cuda = 0.000056
iter 28: download_copy_time2_cuda = 0.001324

iter 29: cpu_time_pred = 0.000238
iter 29: gpu_time_dgemm_pred = 0.000690
iter 29: slack_pred = -0.000452
iter 29: slack_cuda = -0.012371
iter 29: cpu_time_cuda = 0.000243
iter 29: gpu_time_dsyrk_cuda = 0.000651
iter 29: gpu_time_dgemm_cuda = 0.012614
iter 29: gpu_time_dtrsm_cuda = 0.001603
iter 29: upload_copy_time1_cuda = 0.002348
iter 29: download_copy_time1_cuda = 0.000063
iter 29: upload_copy_time2_cuda = 0.000056
iter 29: download_copy_time2_cuda = 0.001376

iter 30: cpu_time_pred = 0.000243
iter 30: gpu_time_dgemm_pred = 0.000682
iter 30: slack_pred = -0.000439
iter 30: slack_cuda = -0.013285
iter 30: cpu_time_cuda = 0.000249
iter 30: gpu_time_dsyrk_cuda = 0.000672
iter 30: gpu_time_dgemm_cuda = 0.013534
iter 30: gpu_time_dtrsm_cuda = 0.001587
iter 30: upload_copy_time1_cuda = 0.002332
iter 30: download_copy_time1_cuda = 0.000063
iter 30: upload_copy_time2_cuda = 0.000056
iter 30: download_copy_time2_cuda = 0.001424

iter 31: cpu_time_pred = 0.000249
iter 31: gpu_time_dgemm_pred = 0.000674
iter 31: slack_pred = -0.000425
iter 31: slack_cuda = -0.013133
iter 31: cpu_time_cuda = 0.000238
iter 31: gpu_time_dsyrk_cuda = 0.000694
iter 31: gpu_time_dgemm_cuda = 0.013371
iter 31: gpu_time_dtrsm_cuda = 0.001566
iter 31: upload_copy_time1_cuda = 0.002328
iter 31: download_copy_time1_cuda = 0.000069
iter 31: upload_copy_time2_cuda = 0.000056
iter 31: download_copy_time2_cuda = 0.001469

iter 32: cpu_time_pred = 0.000238
iter 32: gpu_time_dgemm_pred = 0.000666
iter 32: slack_pred = -0.000428
iter 32: slack_cuda = -0.013602
iter 32: cpu_time_cuda = 0.000239
iter 32: gpu_time_dsyrk_cuda = 0.000712
iter 32: gpu_time_dgemm_cuda = 0.013841
iter 32: gpu_time_dtrsm_cuda = 0.001565
iter 32: upload_copy_time1_cuda = 0.002298
iter 32: download_copy_time1_cuda = 0.000069
iter 32: upload_copy_time2_cuda = 0.000056
iter 32: download_copy_time2_cuda = 0.001515

iter 33: cpu_time_pred = 0.000239
iter 33: gpu_time_dgemm_pred = 0.000658
iter 33: slack_pred = -0.000419
iter 33: slack_cuda = -0.013962
iter 33: cpu_time_cuda = 0.000245
iter 33: gpu_time_dsyrk_cuda = 0.000732
iter 33: gpu_time_dgemm_cuda = 0.014208
iter 33: gpu_time_dtrsm_cuda = 0.001563
iter 33: upload_copy_time1_cuda = 0.002287
iter 33: download_copy_time1_cuda = 0.000069
iter 33: upload_copy_time2_cuda = 0.000056
iter 33: download_copy_time2_cuda = 0.001564

iter 34: cpu_time_pred = 0.000245
iter 34: gpu_time_dgemm_pred = 0.000650
iter 34: slack_pred = -0.000405
iter 34: slack_cuda = -0.014396
iter 34: cpu_time_cuda = 0.000251
iter 34: gpu_time_dsyrk_cuda = 0.000754
iter 34: gpu_time_dgemm_cuda = 0.014647
iter 34: gpu_time_dtrsm_cuda = 0.001571
iter 34: upload_copy_time1_cuda = 0.002274
iter 34: download_copy_time1_cuda = 0.000067
iter 34: upload_copy_time2_cuda = 0.000056
iter 34: download_copy_time2_cuda = 0.001605

iter 35: cpu_time_pred = 0.000251
iter 35: gpu_time_dgemm_pred = 0.000642
iter 35: slack_pred = -0.000391
iter 35: slack_cuda = -0.014833
iter 35: cpu_time_cuda = 0.000245
iter 35: gpu_time_dsyrk_cuda = 0.000772
iter 35: gpu_time_dgemm_cuda = 0.015077
iter 35: gpu_time_dtrsm_cuda = 0.001547
iter 35: upload_copy_time1_cuda = 0.002253
iter 35: download_copy_time1_cuda = 0.000069
iter 35: upload_copy_time2_cuda = 0.000056
iter 35: download_copy_time2_cuda = 0.001656

iter 36: cpu_time_pred = 0.000245
iter 36: gpu_time_dgemm_pred = 0.000634
iter 36: slack_pred = -0.000390
iter 36: slack_cuda = -0.015358
iter 36: cpu_time_cuda = 0.000239
iter 36: gpu_time_dsyrk_cuda = 0.000797
iter 36: gpu_time_dgemm_cuda = 0.015597
iter 36: gpu_time_dtrsm_cuda = 0.001574
iter 36: upload_copy_time1_cuda = 0.002250
iter 36: download_copy_time1_cuda = 0.000070
iter 36: upload_copy_time2_cuda = 0.000057
iter 36: download_copy_time2_cuda = 0.001740

iter 37: cpu_time_pred = 0.000239
iter 37: gpu_time_dgemm_pred = 0.000627
iter 37: slack_pred = -0.000387
iter 37: slack_cuda = -0.014931
iter 37: cpu_time_cuda = 0.000249
iter 37: gpu_time_dsyrk_cuda = 0.000815
iter 37: gpu_time_dgemm_cuda = 0.015179
iter 37: gpu_time_dtrsm_cuda = 0.001539
iter 37: upload_copy_time1_cuda = 0.002230
iter 37: download_copy_time1_cuda = 0.000062
iter 37: upload_copy_time2_cuda = 0.000059
iter 37: download_copy_time2_cuda = 0.001754

iter 38: cpu_time_pred = 0.000249
iter 38: gpu_time_dgemm_pred = 0.000619
iter 38: slack_pred = -0.000370
iter 38: slack_cuda = -0.015295
iter 38: cpu_time_cuda = 0.000240
iter 38: gpu_time_dsyrk_cuda = 0.000836
iter 38: gpu_time_dgemm_cuda = 0.015535
iter 38: gpu_time_dtrsm_cuda = 0.001564
iter 38: upload_copy_time1_cuda = 0.002227
iter 38: download_copy_time1_cuda = 0.000062
iter 38: upload_copy_time2_cuda = 0.000056
iter 38: download_copy_time2_cuda = 0.001800

iter 39: cpu_time_pred = 0.000240
iter 39: gpu_time_dgemm_pred = 0.000611
iter 39: slack_pred = -0.000371
iter 39: slack_cuda = -0.015603
iter 39: cpu_time_cuda = 0.000246
iter 39: gpu_time_dsyrk_cuda = 0.000858
iter 39: gpu_time_dgemm_cuda = 0.015849
iter 39: gpu_time_dtrsm_cuda = 0.001530
iter 39: upload_copy_time1_cuda = 0.002208
iter 39: download_copy_time1_cuda = 0.000062
iter 39: upload_copy_time2_cuda = 0.000057
iter 39: download_copy_time2_cuda = 0.001840

iter 40: cpu_time_pred = 0.000246
iter 40: gpu_time_dgemm_pred = 0.000603
iter 40: slack_pred = -0.000358
iter 40: slack_cuda = -0.016005
iter 40: cpu_time_cuda = 0.000247
iter 40: gpu_time_dsyrk_cuda = 0.000876
iter 40: gpu_time_dgemm_cuda = 0.016251
iter 40: gpu_time_dtrsm_cuda = 0.001541
iter 40: upload_copy_time1_cuda = 0.002189
iter 40: download_copy_time1_cuda = 0.000062
iter 40: upload_copy_time2_cuda = 0.000056
iter 40: download_copy_time2_cuda = 0.001898

iter 41: cpu_time_pred = 0.000247
iter 41: gpu_time_dgemm_pred = 0.000596
iter 41: slack_pred = -0.000349
iter 41: slack_cuda = -0.016527
iter 41: cpu_time_cuda = 0.000241
iter 41: gpu_time_dsyrk_cuda = 0.000896
iter 41: gpu_time_dgemm_cuda = 0.016767
iter 41: gpu_time_dtrsm_cuda = 0.001552
iter 41: upload_copy_time1_cuda = 0.002181
iter 41: download_copy_time1_cuda = 0.000063
iter 41: upload_copy_time2_cuda = 0.000057
iter 41: download_copy_time2_cuda = 0.001982

iter 42: cpu_time_pred = 0.000241
iter 42: gpu_time_dgemm_pred = 0.000588
iter 42: slack_pred = -0.000348
iter 42: slack_cuda = -0.016794
iter 42: cpu_time_cuda = 0.000240
iter 42: gpu_time_dsyrk_cuda = 0.000919
iter 42: gpu_time_dgemm_cuda = 0.017034
iter 42: gpu_time_dtrsm_cuda = 0.001540
iter 42: upload_copy_time1_cuda = 0.002166
iter 42: download_copy_time1_cuda = 0.000062
iter 42: upload_copy_time2_cuda = 0.000057
iter 42: download_copy_time2_cuda = 0.001989

iter 43: cpu_time_pred = 0.000240
iter 43: gpu_time_dgemm_pred = 0.000581
iter 43: slack_pred = -0.000341
iter 43: slack_cuda = -0.017222
iter 43: cpu_time_cuda = 0.000247
iter 43: gpu_time_dsyrk_cuda = 0.000944
iter 43: gpu_time_dgemm_cuda = 0.017468
iter 43: gpu_time_dtrsm_cuda = 0.001516
iter 43: upload_copy_time1_cuda = 0.002154
iter 43: download_copy_time1_cuda = 0.000062
iter 43: upload_copy_time2_cuda = 0.000056
iter 43: download_copy_time2_cuda = 0.002012

iter 44: cpu_time_pred = 0.000247
iter 44: gpu_time_dgemm_pred = 0.000573
iter 44: slack_pred = -0.000326
iter 44: slack_cuda = -0.017536
iter 44: cpu_time_cuda = 0.000241
iter 44: gpu_time_dsyrk_cuda = 0.000961
iter 44: gpu_time_dgemm_cuda = 0.017777
iter 44: gpu_time_dtrsm_cuda = 0.001529
iter 44: upload_copy_time1_cuda = 0.002142
iter 44: download_copy_time1_cuda = 0.000062
iter 44: upload_copy_time2_cuda = 0.000056
iter 44: download_copy_time2_cuda = 0.002075

iter 45: cpu_time_pred = 0.000241
iter 45: gpu_time_dgemm_pred = 0.000566
iter 45: slack_pred = -0.000325
iter 45: slack_cuda = -0.017921
iter 45: cpu_time_cuda = 0.000241
iter 45: gpu_time_dsyrk_cuda = 0.000984
iter 45: gpu_time_dgemm_cuda = 0.018162
iter 45: gpu_time_dtrsm_cuda = 0.002046
iter 45: upload_copy_time1_cuda = 0.002120
iter 45: download_copy_time1_cuda = 0.000072
iter 45: upload_copy_time2_cuda = 0.000057
iter 45: download_copy_time2_cuda = 0.002180

iter 46: cpu_time_pred = 0.000241
iter 46: gpu_time_dgemm_pred = 0.000558
iter 46: slack_pred = -0.000318
iter 46: slack_cuda = -0.017735
iter 46: cpu_time_cuda = 0.000250
iter 46: gpu_time_dsyrk_cuda = 0.001002
iter 46: gpu_time_dgemm_cuda = 0.017986
iter 46: gpu_time_dtrsm_cuda = 0.001551
iter 46: upload_copy_time1_cuda = 0.002105
iter 46: download_copy_time1_cuda = 0.000062
iter 46: upload_copy_time2_cuda = 0.000057
iter 46: download_copy_time2_cuda = 0.002178

iter 47: cpu_time_pred = 0.000250
iter 47: gpu_time_dgemm_pred = 0.000551
iter 47: slack_pred = -0.000301
iter 47: slack_cuda = -0.018662
iter 47: cpu_time_cuda = 0.000238
iter 47: gpu_time_dsyrk_cuda = 0.001022
iter 47: gpu_time_dgemm_cuda = 0.018899
iter 47: gpu_time_dtrsm_cuda = 0.001485
iter 47: upload_copy_time1_cuda = 0.002095
iter 47: download_copy_time1_cuda = 0.000070
iter 47: upload_copy_time2_cuda = 0.000056
iter 47: download_copy_time2_cuda = 0.002216

iter 48: cpu_time_pred = 0.000238
iter 48: gpu_time_dgemm_pred = 0.000544
iter 48: slack_pred = -0.000306
iter 48: slack_cuda = -0.019068
iter 48: cpu_time_cuda = 0.000239
iter 48: gpu_time_dsyrk_cuda = 0.001040
iter 48: gpu_time_dgemm_cuda = 0.019307
iter 48: gpu_time_dtrsm_cuda = 0.001489
iter 48: upload_copy_time1_cuda = 0.002103
iter 48: download_copy_time1_cuda = 0.000071
iter 48: upload_copy_time2_cuda = 0.000056
iter 48: download_copy_time2_cuda = 0.002261

iter 49: cpu_time_pred = 0.000239
iter 49: gpu_time_dgemm_pred = 0.000537
iter 49: slack_pred = -0.000298
iter 49: slack_cuda = -0.018777
iter 49: cpu_time_cuda = 0.000243
iter 49: gpu_time_dsyrk_cuda = 0.001064
iter 49: gpu_time_dgemm_cuda = 0.019020
iter 49: gpu_time_dtrsm_cuda = 0.008147
iter 49: upload_copy_time1_cuda = 0.002075
iter 49: download_copy_time1_cuda = 0.000068
iter 49: upload_copy_time2_cuda = 0.000056
iter 49: download_copy_time2_cuda = 0.002315

iter 50: cpu_time_pred = 0.000243
iter 50: gpu_time_dgemm_pred = 0.000529
iter 50: slack_pred = -0.000286
iter 50: slack_cuda = -0.019126
iter 50: cpu_time_cuda = 0.000239
iter 50: gpu_time_dsyrk_cuda = 0.001088
iter 50: gpu_time_dgemm_cuda = 0.019366
iter 50: gpu_time_dtrsm_cuda = 0.001486
iter 50: upload_copy_time1_cuda = 0.002080
iter 50: download_copy_time1_cuda = 0.000063
iter 50: upload_copy_time2_cuda = 0.000057
iter 50: download_copy_time2_cuda = 0.002419

iter 51: cpu_time_pred = 0.000239
iter 51: gpu_time_dgemm_pred = 0.000522
iter 51: slack_pred = -0.000283
iter 51: slack_cuda = -0.019407
iter 51: cpu_time_cuda = 0.000240
iter 51: gpu_time_dsyrk_cuda = 0.001106
iter 51: gpu_time_dgemm_cuda = 0.019647
iter 51: gpu_time_dtrsm_cuda = 0.001478
iter 51: upload_copy_time1_cuda = 0.002041
iter 51: download_copy_time1_cuda = 0.000062
iter 51: upload_copy_time2_cuda = 0.000056
iter 51: download_copy_time2_cuda = 0.002422

iter 52: cpu_time_pred = 0.000240
iter 52: gpu_time_dgemm_pred = 0.000515
iter 52: slack_pred = -0.000275
iter 52: slack_cuda = -0.019891
iter 52: cpu_time_cuda = 0.000239
iter 52: gpu_time_dsyrk_cuda = 0.001126
iter 52: gpu_time_dgemm_cuda = 0.020130
iter 52: gpu_time_dtrsm_cuda = 0.001478
iter 52: upload_copy_time1_cuda = 0.002030
iter 52: download_copy_time1_cuda = 0.000063
iter 52: upload_copy_time2_cuda = 0.000057
iter 52: download_copy_time2_cuda = 0.002435

iter 53: cpu_time_pred = 0.000239
iter 53: gpu_time_dgemm_pred = 0.000508
iter 53: slack_pred = -0.000270
iter 53: slack_cuda = -0.019436
iter 53: cpu_time_cuda = 0.000238
iter 53: gpu_time_dsyrk_cuda = 0.001145
iter 53: gpu_time_dgemm_cuda = 0.019675
iter 53: gpu_time_dtrsm_cuda = 0.004509
iter 53: upload_copy_time1_cuda = 0.002014
iter 53: download_copy_time1_cuda = 0.000063
iter 53: upload_copy_time2_cuda = 0.000056
iter 53: download_copy_time2_cuda = 0.002498

iter 54: cpu_time_pred = 0.000238
iter 54: gpu_time_dgemm_pred = 0.000501
iter 54: slack_pred = -0.000263
iter 54: slack_cuda = -0.019546
iter 54: cpu_time_cuda = 0.000240
iter 54: gpu_time_dsyrk_cuda = 0.001167
iter 54: gpu_time_dgemm_cuda = 0.019786
iter 54: gpu_time_dtrsm_cuda = 0.001462
iter 54: upload_copy_time1_cuda = 0.002033
iter 54: download_copy_time1_cuda = 0.000070
iter 54: upload_copy_time2_cuda = 0.000057
iter 54: download_copy_time2_cuda = 0.002607

iter 55: cpu_time_pred = 0.000240
iter 55: gpu_time_dgemm_pred = 0.000494
iter 55: slack_pred = -0.000254
iter 55: slack_cuda = -0.019734
iter 55: cpu_time_cuda = 0.000238
iter 55: gpu_time_dsyrk_cuda = 0.001190
iter 55: gpu_time_dgemm_cuda = 0.019972
iter 55: gpu_time_dtrsm_cuda = 0.001433
iter 55: upload_copy_time1_cuda = 0.001993
iter 55: download_copy_time1_cuda = 0.000069
iter 55: upload_copy_time2_cuda = 0.000056
iter 55: download_copy_time2_cuda = 0.002598

iter 56: cpu_time_pred = 0.000238
iter 56: gpu_time_dgemm_pred = 0.000487
iter 56: slack_pred = -0.000250
iter 56: slack_cuda = -0.020272
iter 56: cpu_time_cuda = 0.000245
iter 56: gpu_time_dsyrk_cuda = 0.001209
iter 56: gpu_time_dgemm_cuda = 0.020517
iter 56: gpu_time_dtrsm_cuda = 0.001435
iter 56: upload_copy_time1_cuda = 0.001980
iter 56: download_copy_time1_cuda = 0.000070
iter 56: upload_copy_time2_cuda = 0.000055
iter 56: download_copy_time2_cuda = 0.002638

iter 57: cpu_time_pred = 0.000245
iter 57: gpu_time_dgemm_pred = 0.000480
iter 57: slack_pred = -0.000235
iter 57: slack_cuda = -0.020460
iter 57: cpu_time_cuda = 0.000242
iter 57: gpu_time_dsyrk_cuda = 0.001230
iter 57: gpu_time_dgemm_cuda = 0.020702
iter 57: gpu_time_dtrsm_cuda = 0.001810
iter 57: upload_copy_time1_cuda = 0.001969
iter 57: download_copy_time1_cuda = 0.000069
iter 57: upload_copy_time2_cuda = 0.000090
iter 57: download_copy_time2_cuda = 0.002670

iter 58: cpu_time_pred = 0.000242
iter 58: gpu_time_dgemm_pred = 0.000474
iter 58: slack_pred = -0.000232
iter 58: slack_cuda = -0.020863
iter 58: cpu_time_cuda = 0.000241
iter 58: gpu_time_dsyrk_cuda = 0.001250
iter 58: gpu_time_dgemm_cuda = 0.021103
iter 58: gpu_time_dtrsm_cuda = 0.001455
iter 58: upload_copy_time1_cuda = 0.001947
iter 58: download_copy_time1_cuda = 0.000062
iter 58: upload_copy_time2_cuda = 0.000056
iter 58: download_copy_time2_cuda = 0.002738

iter 59: cpu_time_pred = 0.000241
iter 59: gpu_time_dgemm_pred = 0.000467
iter 59: slack_pred = -0.000226
iter 59: slack_cuda = -0.021269
iter 59: cpu_time_cuda = 0.000244
iter 59: gpu_time_dsyrk_cuda = 0.001276
iter 59: gpu_time_dgemm_cuda = 0.021513
iter 59: gpu_time_dtrsm_cuda = 0.001440
iter 59: upload_copy_time1_cuda = 0.001945
iter 59: download_copy_time1_cuda = 0.000063
iter 59: upload_copy_time2_cuda = 0.000057
iter 59: download_copy_time2_cuda = 0.002837

iter 60: cpu_time_pred = 0.000244
iter 60: gpu_time_dgemm_pred = 0.000460
iter 60: slack_pred = -0.000216
iter 60: slack_cuda = -0.021404
iter 60: cpu_time_cuda = 0.000246
iter 60: gpu_time_dsyrk_cuda = 0.001291
iter 60: gpu_time_dgemm_cuda = 0.021650
iter 60: gpu_time_dtrsm_cuda = 0.001443
iter 60: upload_copy_time1_cuda = 0.001925
iter 60: download_copy_time1_cuda = 0.000062
iter 60: upload_copy_time2_cuda = 0.000056
iter 60: download_copy_time2_cuda = 0.002828

iter 61: cpu_time_pred = 0.000246
iter 61: gpu_time_dgemm_pred = 0.000454
iter 61: slack_pred = -0.000207
iter 61: slack_cuda = -0.021880
iter 61: cpu_time_cuda = 0.000244
iter 61: gpu_time_dsyrk_cuda = 0.001314
iter 61: gpu_time_dgemm_cuda = 0.022124
iter 61: gpu_time_dtrsm_cuda = 0.001435
iter 61: upload_copy_time1_cuda = 0.001907
iter 61: download_copy_time1_cuda = 0.000062
iter 61: upload_copy_time2_cuda = 0.000056
iter 61: download_copy_time2_cuda = 0.002882

iter 62: cpu_time_pred = 0.000244
iter 62: gpu_time_dgemm_pred = 0.000447
iter 62: slack_pred = -0.000203
iter 62: slack_cuda = -0.022286
iter 62: cpu_time_cuda = 0.000239
iter 62: gpu_time_dsyrk_cuda = 0.001335
iter 62: gpu_time_dgemm_cuda = 0.022525
iter 62: gpu_time_dtrsm_cuda = 0.001438
iter 62: upload_copy_time1_cuda = 0.001899
iter 62: download_copy_time1_cuda = 0.000063
iter 62: upload_copy_time2_cuda = 0.000056
iter 62: download_copy_time2_cuda = 0.002921

iter 63: cpu_time_pred = 0.000239
iter 63: gpu_time_dgemm_pred = 0.000440
iter 63: slack_pred = -0.000201
iter 63: slack_cuda = -0.021677
iter 63: cpu_time_cuda = 0.000241
iter 63: gpu_time_dsyrk_cuda = 0.001351
iter 63: gpu_time_dgemm_cuda = 0.021917
iter 63: gpu_time_dtrsm_cuda = 0.001397
iter 63: upload_copy_time1_cuda = 0.001888
iter 63: download_copy_time1_cuda = 0.000062
iter 63: upload_copy_time2_cuda = 0.000056
iter 63: download_copy_time2_cuda = 0.002985

iter 64: cpu_time_pred = 0.000241
iter 64: gpu_time_dgemm_pred = 0.000434
iter 64: slack_pred = -0.000193
iter 64: slack_cuda = -0.022249
iter 64: cpu_time_cuda = 0.000242
iter 64: gpu_time_dsyrk_cuda = 0.001370
iter 64: gpu_time_dgemm_cuda = 0.022491
iter 64: gpu_time_dtrsm_cuda = 0.001655
iter 64: upload_copy_time1_cuda = 0.001863
iter 64: download_copy_time1_cuda = 0.000062
iter 64: upload_copy_time2_cuda = 0.000057
iter 64: download_copy_time2_cuda = 0.003022

iter 65: cpu_time_pred = 0.000242
iter 65: gpu_time_dgemm_pred = 0.000427
iter 65: slack_pred = -0.000185
iter 65: slack_cuda = -0.022454
iter 65: cpu_time_cuda = 0.000250
iter 65: gpu_time_dsyrk_cuda = 0.001393
iter 65: gpu_time_dgemm_cuda = 0.022704
iter 65: gpu_time_dtrsm_cuda = 0.001415
iter 65: upload_copy_time1_cuda = 0.001858
iter 65: download_copy_time1_cuda = 0.000070
iter 65: upload_copy_time2_cuda = 0.000056
iter 65: download_copy_time2_cuda = 0.003065

iter 66: cpu_time_pred = 0.000250
iter 66: gpu_time_dgemm_pred = 0.000421
iter 66: slack_pred = -0.000171
iter 66: slack_cuda = -0.022749
iter 66: cpu_time_cuda = 0.000240
iter 66: gpu_time_dsyrk_cuda = 0.001417
iter 66: gpu_time_dgemm_cuda = 0.022989
iter 66: gpu_time_dtrsm_cuda = 0.001411
iter 66: upload_copy_time1_cuda = 0.001844
iter 66: download_copy_time1_cuda = 0.000062
iter 66: upload_copy_time2_cuda = 0.000056
iter 66: download_copy_time2_cuda = 0.003093

iter 67: cpu_time_pred = 0.000240
iter 67: gpu_time_dgemm_pred = 0.000415
iter 67: slack_pred = -0.000174
iter 67: slack_cuda = -0.023072
iter 67: cpu_time_cuda = 0.000239
iter 67: gpu_time_dsyrk_cuda = 0.001436
iter 67: gpu_time_dgemm_cuda = 0.023311
iter 67: gpu_time_dtrsm_cuda = 0.001398
iter 67: upload_copy_time1_cuda = 0.001834
iter 67: download_copy_time1_cuda = 0.000063
iter 67: upload_copy_time2_cuda = 0.000056
iter 67: download_copy_time2_cuda = 0.003148

iter 68: cpu_time_pred = 0.000239
iter 68: gpu_time_dgemm_pred = 0.000408
iter 68: slack_pred = -0.000169
iter 68: slack_cuda = -0.023389
iter 68: cpu_time_cuda = 0.000422
iter 68: gpu_time_dsyrk_cuda = 0.001453
iter 68: gpu_time_dgemm_cuda = 0.023811
iter 68: gpu_time_dtrsm_cuda = 0.001415
iter 68: upload_copy_time1_cuda = 0.001816
iter 68: download_copy_time1_cuda = 0.000063
iter 68: upload_copy_time2_cuda = 0.000056
iter 68: download_copy_time2_cuda = 0.003277

iter 69: cpu_time_pred = 0.000422
iter 69: gpu_time_dgemm_pred = 0.000402
iter 69: slack_pred = 0.000020
iter 69: slack_cuda = -0.021843
iter 69: cpu_time_cuda = 0.000507
iter 69: gpu_time_dsyrk_cuda = 0.001474
iter 69: gpu_time_dgemm_cuda = 0.022351
iter 69: gpu_time_dtrsm_cuda = 0.001391
iter 69: upload_copy_time1_cuda = 0.001815
iter 69: download_copy_time1_cuda = 0.000063
iter 69: upload_copy_time2_cuda = 0.000055
iter 69: download_copy_time2_cuda = 0.003263

iter 70: cpu_time_pred = 0.000507
iter 70: gpu_time_dgemm_pred = 0.000396
iter 70: slack_pred = 0.000112
iter 70: slack_cuda = -0.022690
iter 70: cpu_time_cuda = 0.000243
iter 70: gpu_time_dsyrk_cuda = 0.001499
iter 70: gpu_time_dgemm_cuda = 0.022933
iter 70: gpu_time_dtrsm_cuda = 0.001373
iter 70: upload_copy_time1_cuda = 0.001792
iter 70: download_copy_time1_cuda = 0.000062
iter 70: upload_copy_time2_cuda = 0.000056
iter 70: download_copy_time2_cuda = 0.003574

iter 71: cpu_time_pred = 0.000243
iter 71: gpu_time_dgemm_pred = 0.000390
iter 71: slack_pred = -0.000147
iter 71: slack_cuda = -0.022645
iter 71: cpu_time_cuda = 0.000255
iter 71: gpu_time_dsyrk_cuda = 0.001516
iter 71: gpu_time_dgemm_cuda = 0.022900
iter 71: gpu_time_dtrsm_cuda = 0.007325
iter 71: upload_copy_time1_cuda = 0.001775
iter 71: download_copy_time1_cuda = 0.000063
iter 71: upload_copy_time2_cuda = 0.000053
iter 71: download_copy_time2_cuda = 0.003562

iter 72: cpu_time_pred = 0.000255
iter 72: gpu_time_dgemm_pred = 0.000384
iter 72: slack_pred = -0.000128
iter 72: slack_cuda = -0.022805
iter 72: cpu_time_cuda = 0.000235
iter 72: gpu_time_dsyrk_cuda = 0.001540
iter 72: gpu_time_dgemm_cuda = 0.023040
iter 72: gpu_time_dtrsm_cuda = 0.001356
iter 72: upload_copy_time1_cuda = 0.001778
iter 72: download_copy_time1_cuda = 0.000070
iter 72: upload_copy_time2_cuda = 0.000055
iter 72: download_copy_time2_cuda = 0.003401

iter 73: cpu_time_pred = 0.000235
iter 73: gpu_time_dgemm_pred = 0.000377
iter 73: slack_pred = -0.000142
iter 73: slack_cuda = -0.023157
iter 73: cpu_time_cuda = 0.000240
iter 73: gpu_time_dsyrk_cuda = 0.001600
iter 73: gpu_time_dgemm_cuda = 0.023397
iter 73: gpu_time_dtrsm_cuda = 0.001353
iter 73: upload_copy_time1_cuda = 0.001749
iter 73: download_copy_time1_cuda = 0.000070
iter 73: upload_copy_time2_cuda = 0.000057
iter 73: download_copy_time2_cuda = 0.003528

iter 74: cpu_time_pred = 0.000240
iter 74: gpu_time_dgemm_pred = 0.000371
iter 74: slack_pred = -0.000132
iter 74: slack_cuda = -0.023482
iter 74: cpu_time_cuda = 0.000238
iter 74: gpu_time_dsyrk_cuda = 0.001580
iter 74: gpu_time_dgemm_cuda = 0.023720
iter 74: gpu_time_dtrsm_cuda = 0.001350
iter 74: upload_copy_time1_cuda = 0.001728
iter 74: download_copy_time1_cuda = 0.000062
iter 74: upload_copy_time2_cuda = 0.000056
iter 74: download_copy_time2_cuda = 0.003497

iter 75: cpu_time_pred = 0.000238
iter 75: gpu_time_dgemm_pred = 0.000365
iter 75: slack_pred = -0.000128
iter 75: slack_cuda = -0.023774
iter 75: cpu_time_cuda = 0.000250
iter 75: gpu_time_dsyrk_cuda = 0.001603
iter 75: gpu_time_dgemm_cuda = 0.024025
iter 75: gpu_time_dtrsm_cuda = 0.001364
iter 75: upload_copy_time1_cuda = 0.001719
iter 75: download_copy_time1_cuda = 0.000062
iter 75: upload_copy_time2_cuda = 0.000055
iter 75: download_copy_time2_cuda = 0.003499

iter 76: cpu_time_pred = 0.000250
iter 76: gpu_time_dgemm_pred = 0.000360
iter 76: slack_pred = -0.000109
iter 76: slack_cuda = -0.024095
iter 76: cpu_time_cuda = 0.000245
iter 76: gpu_time_dsyrk_cuda = 0.001623
iter 76: gpu_time_dgemm_cuda = 0.024340
iter 76: gpu_time_dtrsm_cuda = 0.001347
iter 76: upload_copy_time1_cuda = 0.001704
iter 76: download_copy_time1_cuda = 0.000065
iter 76: upload_copy_time2_cuda = 0.000056
iter 76: download_copy_time2_cuda = 0.003567

iter 77: cpu_time_pred = 0.000245
iter 77: gpu_time_dgemm_pred = 0.000354
iter 77: slack_pred = -0.000108
iter 77: slack_cuda = -0.024370
iter 77: cpu_time_cuda = 0.000240
iter 77: gpu_time_dsyrk_cuda = 0.001642
iter 77: gpu_time_dgemm_cuda = 0.024611
iter 77: gpu_time_dtrsm_cuda = 0.001346
iter 77: upload_copy_time1_cuda = 0.001693
iter 77: download_copy_time1_cuda = 0.000071
iter 77: upload_copy_time2_cuda = 0.000057
iter 77: download_copy_time2_cuda = 0.003707

iter 78: cpu_time_pred = 0.000240
iter 78: gpu_time_dgemm_pred = 0.000348
iter 78: slack_pred = -0.000107
iter 78: slack_cuda = -0.024701
iter 78: cpu_time_cuda = 0.000242
iter 78: gpu_time_dsyrk_cuda = 0.001663
iter 78: gpu_time_dgemm_cuda = 0.024944
iter 78: gpu_time_dtrsm_cuda = 0.001363
iter 78: upload_copy_time1_cuda = 0.001687
iter 78: download_copy_time1_cuda = 0.000063
iter 78: upload_copy_time2_cuda = 0.000054
iter 78: download_copy_time2_cuda = 0.003731

iter 79: cpu_time_pred = 0.000242
iter 79: gpu_time_dgemm_pred = 0.000342
iter 79: slack_pred = -0.000100
iter 79: slack_cuda = -0.024194
iter 79: cpu_time_cuda = 0.000255
iter 79: gpu_time_dsyrk_cuda = 0.001684
iter 79: gpu_time_dgemm_cuda = 0.024449
iter 79: gpu_time_dtrsm_cuda = 0.001314
iter 79: upload_copy_time1_cuda = 0.001683
iter 79: download_copy_time1_cuda = 0.000063
iter 79: upload_copy_time2_cuda = 0.000056
iter 79: download_copy_time2_cuda = 0.003749

iter 80: cpu_time_pred = 0.000255
iter 80: gpu_time_dgemm_pred = 0.000336
iter 80: slack_pred = -0.000081
iter 80: slack_cuda = -0.024248
iter 80: cpu_time_cuda = 0.000237
iter 80: gpu_time_dsyrk_cuda = 0.001704
iter 80: gpu_time_dgemm_cuda = 0.024484
iter 80: gpu_time_dtrsm_cuda = 0.001337
iter 80: upload_copy_time1_cuda = 0.001655
iter 80: download_copy_time1_cuda = 0.000062
iter 80: upload_copy_time2_cuda = 0.000056
iter 80: download_copy_time2_cuda = 0.003753

iter 81: cpu_time_pred = 0.000237
iter 81: gpu_time_dgemm_pred = 0.000331
iter 81: slack_pred = -0.000094
iter 81: slack_cuda = -0.024589
iter 81: cpu_time_cuda = 0.000240
iter 81: gpu_time_dsyrk_cuda = 0.001728
iter 81: gpu_time_dgemm_cuda = 0.024829
iter 81: gpu_time_dtrsm_cuda = 0.002729
iter 81: upload_copy_time1_cuda = 0.001643
iter 81: download_copy_time1_cuda = 0.000062
iter 81: upload_copy_time2_cuda = 0.000053
iter 81: download_copy_time2_cuda = 0.003842

iter 82: cpu_time_pred = 0.000240
iter 82: gpu_time_dgemm_pred = 0.000325
iter 82: slack_pred = -0.000085
iter 82: slack_cuda = -0.024998
iter 82: cpu_time_cuda = 0.000238
iter 82: gpu_time_dsyrk_cuda = 0.001750
iter 82: gpu_time_dgemm_cuda = 0.025236
iter 82: gpu_time_dtrsm_cuda = 0.001309
iter 82: upload_copy_time1_cuda = 0.001648
iter 82: download_copy_time1_cuda = 0.000071
iter 82: upload_copy_time2_cuda = 0.000057
iter 82: download_copy_time2_cuda = 0.003951

iter 83: cpu_time_pred = 0.000238
iter 83: gpu_time_dgemm_pred = 0.000319
iter 83: slack_pred = -0.000082
iter 83: slack_cuda = -0.024894
iter 83: cpu_time_cuda = 0.000236
iter 83: gpu_time_dsyrk_cuda = 0.001767
iter 83: gpu_time_dgemm_cuda = 0.025130
iter 83: gpu_time_dtrsm_cuda = 0.001311
iter 83: upload_copy_time1_cuda = 0.001629
iter 83: download_copy_time1_cuda = 0.000067
iter 83: upload_copy_time2_cuda = 0.000056
iter 83: download_copy_time2_cuda = 0.003907

iter 84: cpu_time_pred = 0.000236
iter 84: gpu_time_dgemm_pred = 0.000314
iter 84: slack_pred = -0.000077
iter 84: slack_cuda = -0.026449
iter 84: cpu_time_cuda = 0.000236
iter 84: gpu_time_dsyrk_cuda = 0.001791
iter 84: gpu_time_dgemm_cuda = 0.026685
iter 84: gpu_time_dtrsm_cuda = 0.007592
iter 84: upload_copy_time1_cuda = 0.001601
iter 84: download_copy_time1_cuda = 0.000069
iter 84: upload_copy_time2_cuda = 0.000055
iter 84: download_copy_time2_cuda = 0.003928

iter 85: cpu_time_pred = 0.000236
iter 85: gpu_time_dgemm_pred = 0.000308
iter 85: slack_pred = -0.000072
iter 85: slack_cuda = -0.023823
iter 85: cpu_time_cuda = 0.000240
iter 85: gpu_time_dsyrk_cuda = 0.001815
iter 85: gpu_time_dgemm_cuda = 0.024063
iter 85: gpu_time_dtrsm_cuda = 0.001306
iter 85: upload_copy_time1_cuda = 0.001602
iter 85: download_copy_time1_cuda = 0.000062
iter 85: upload_copy_time2_cuda = 0.000057
iter 85: download_copy_time2_cuda = 0.004003

iter 86: cpu_time_pred = 0.000240
iter 86: gpu_time_dgemm_pred = 0.000303
iter 86: slack_pred = -0.000063
iter 86: slack_cuda = -0.024378
iter 86: cpu_time_cuda = 0.000242
iter 86: gpu_time_dsyrk_cuda = 0.001835
iter 86: gpu_time_dgemm_cuda = 0.024620
iter 86: gpu_time_dtrsm_cuda = 0.001310
iter 86: upload_copy_time1_cuda = 0.001575
iter 86: download_copy_time1_cuda = 0.000063
iter 86: upload_copy_time2_cuda = 0.000057
iter 86: download_copy_time2_cuda = 0.004171

iter 87: cpu_time_pred = 0.000242
iter 87: gpu_time_dgemm_pred = 0.000298
iter 87: slack_pred = -0.000056
iter 87: slack_cuda = -0.024494
iter 87: cpu_time_cuda = 0.000240
iter 87: gpu_time_dsyrk_cuda = 0.001851
iter 87: gpu_time_dgemm_cuda = 0.024734
iter 87: gpu_time_dtrsm_cuda = 0.001273
iter 87: upload_copy_time1_cuda = 0.001556
iter 87: download_copy_time1_cuda = 0.000062
iter 87: upload_copy_time2_cuda = 0.000056
iter 87: download_copy_time2_cuda = 0.004106

iter 88: cpu_time_pred = 0.000240
iter 88: gpu_time_dgemm_pred = 0.000292
iter 88: slack_pred = -0.000052
iter 88: slack_cuda = -0.024628
iter 88: cpu_time_cuda = 0.000237
iter 88: gpu_time_dsyrk_cuda = 0.001871
iter 88: gpu_time_dgemm_cuda = 0.024865
iter 88: gpu_time_dtrsm_cuda = 0.001280
iter 88: upload_copy_time1_cuda = 0.001560
iter 88: download_copy_time1_cuda = 0.000062
iter 88: upload_copy_time2_cuda = 0.000056
iter 88: download_copy_time2_cuda = 0.004141

iter 89: cpu_time_pred = 0.000237
iter 89: gpu_time_dgemm_pred = 0.000287
iter 89: slack_pred = -0.000050
iter 89: slack_cuda = -0.025017
iter 89: cpu_time_cuda = 0.000262
iter 89: gpu_time_dsyrk_cuda = 0.001889
iter 89: gpu_time_dgemm_cuda = 0.025279
iter 89: gpu_time_dtrsm_cuda = 0.001286
iter 89: upload_copy_time1_cuda = 0.001530
iter 89: download_copy_time1_cuda = 0.000062
iter 89: upload_copy_time2_cuda = 0.000056
iter 89: download_copy_time2_cuda = 0.004188

iter 90: cpu_time_pred = 0.000262
iter 90: gpu_time_dgemm_pred = 0.000282
iter 90: slack_pred = -0.000020
iter 90: slack_cuda = -0.025065
iter 90: cpu_time_cuda = 0.000240
iter 90: gpu_time_dsyrk_cuda = 0.001909
iter 90: gpu_time_dgemm_cuda = 0.025305
iter 90: gpu_time_dtrsm_cuda = 0.001275
iter 90: upload_copy_time1_cuda = 0.001524
iter 90: download_copy_time1_cuda = 0.000062
iter 90: upload_copy_time2_cuda = 0.000056
iter 90: download_copy_time2_cuda = 0.004238

iter 91: cpu_time_pred = 0.000240
iter 91: gpu_time_dgemm_pred = 0.000276
iter 91: slack_pred = -0.000037
iter 91: slack_cuda = -0.025546
iter 91: cpu_time_cuda = 0.000240
iter 91: gpu_time_dsyrk_cuda = 0.001935
iter 91: gpu_time_dgemm_cuda = 0.025786
iter 91: gpu_time_dtrsm_cuda = 0.001282
iter 91: upload_copy_time1_cuda = 0.001503
iter 91: download_copy_time1_cuda = 0.000063
iter 91: upload_copy_time2_cuda = 0.000056
iter 91: download_copy_time2_cuda = 0.004376

iter 92: cpu_time_pred = 0.000240
iter 92: gpu_time_dgemm_pred = 0.000271
iter 92: slack_pred = -0.000032
iter 92: slack_cuda = -0.025824
iter 92: cpu_time_cuda = 0.000239
iter 92: gpu_time_dsyrk_cuda = 0.001953
iter 92: gpu_time_dgemm_cuda = 0.026063
iter 92: gpu_time_dtrsm_cuda = 0.001266
iter 92: upload_copy_time1_cuda = 0.001485
iter 92: download_copy_time1_cuda = 0.000071
iter 92: upload_copy_time2_cuda = 0.000056
iter 92: download_copy_time2_cuda = 0.004337

iter 93: cpu_time_pred = 0.000239
iter 93: gpu_time_dgemm_pred = 0.000266
iter 93: slack_pred = -0.000027
iter 93: slack_cuda = -0.025905
iter 93: cpu_time_cuda = 0.000239
iter 93: gpu_time_dsyrk_cuda = 0.001976
iter 93: gpu_time_dgemm_cuda = 0.026144
iter 93: gpu_time_dtrsm_cuda = 0.001254
iter 93: upload_copy_time1_cuda = 0.001484
iter 93: download_copy_time1_cuda = 0.000063
iter 93: upload_copy_time2_cuda = 0.000056
iter 93: download_copy_time2_cuda = 0.004385

iter 94: cpu_time_pred = 0.000239
iter 94: gpu_time_dgemm_pred = 0.000261
iter 94: slack_pred = -0.000022
iter 94: slack_cuda = -0.024906
iter 94: cpu_time_cuda = 0.000251
iter 94: gpu_time_dsyrk_cuda = 0.001999
iter 94: gpu_time_dgemm_cuda = 0.025157
iter 94: gpu_time_dtrsm_cuda = 0.001272
iter 94: upload_copy_time1_cuda = 0.001467
iter 94: download_copy_time1_cuda = 0.000062
iter 94: upload_copy_time2_cuda = 0.000057
iter 94: download_copy_time2_cuda = 0.004423

iter 95: cpu_time_pred = 0.000251
iter 95: gpu_time_dgemm_pred = 0.000256
iter 95: slack_pred = -0.000005
iter 95: slack_cuda = -0.024891
iter 95: cpu_time_cuda = 0.000242
iter 95: gpu_time_dsyrk_cuda = 0.002016
iter 95: gpu_time_dgemm_cuda = 0.025132
iter 95: gpu_time_dtrsm_cuda = 0.001247
iter 95: upload_copy_time1_cuda = 0.001455
iter 95: download_copy_time1_cuda = 0.000071
iter 95: upload_copy_time2_cuda = 0.000056
iter 95: download_copy_time2_cuda = 0.004485

iter 96: cpu_time_pred = 0.000242
iter 96: gpu_time_dgemm_pred = 0.000251
iter 96: slack_pred = -0.000010
iter 96: slack_cuda = -0.026535
iter 96: cpu_time_cuda = 0.000245
iter 96: gpu_time_dsyrk_cuda = 0.002033
iter 96: gpu_time_dgemm_cuda = 0.026780
iter 96: gpu_time_dtrsm_cuda = 0.001254
iter 96: upload_copy_time1_cuda = 0.001431
iter 96: download_copy_time1_cuda = 0.000061
iter 96: upload_copy_time2_cuda = 0.000057
iter 96: download_copy_time2_cuda = 0.004529

iter 97: cpu_time_pred = 0.000245
iter 97: gpu_time_dgemm_pred = 0.000246
iter 97: slack_pred = -0.000002
iter 97: slack_cuda = -0.026033
iter 97: cpu_time_cuda = 0.000240
iter 97: gpu_time_dsyrk_cuda = 0.002060
iter 97: gpu_time_dgemm_cuda = 0.026273
iter 97: gpu_time_dtrsm_cuda = 0.001236
iter 97: upload_copy_time1_cuda = 0.001421
iter 97: download_copy_time1_cuda = 0.000062
iter 97: upload_copy_time2_cuda = 0.000057
iter 97: download_copy_time2_cuda = 0.004593

iter 98: cpu_time_pred = 0.000240
iter 98: gpu_time_dgemm_pred = 0.000241
iter 98: slack_pred = -0.000001
iter 98: slack_cuda = -0.025856
iter 98: cpu_time_cuda = 0.000239
iter 98: gpu_time_dsyrk_cuda = 0.002086
iter 98: gpu_time_dgemm_cuda = 0.026095
iter 98: gpu_time_dtrsm_cuda = 0.001226
iter 98: upload_copy_time1_cuda = 0.001412
iter 98: download_copy_time1_cuda = 0.000062
iter 98: upload_copy_time2_cuda = 0.000057
iter 98: download_copy_time2_cuda = 0.004604

iter 99: cpu_time_pred = 0.000239
iter 99: gpu_time_dgemm_pred = 0.000237
iter 99: slack_pred = 0.000002
iter 99: slack_cuda = -0.025852
iter 99: cpu_time_cuda = 0.000249
iter 99: gpu_time_dsyrk_cuda = 0.002096
iter 99: gpu_time_dgemm_cuda = 0.026101
iter 99: gpu_time_dtrsm_cuda = 0.001228
iter 99: upload_copy_time1_cuda = 0.001402
iter 99: download_copy_time1_cuda = 0.000061
iter 99: upload_copy_time2_cuda = 0.000056
iter 99: download_copy_time2_cuda = 0.004644

iter 100: cpu_time_pred = 0.000249
iter 100: gpu_time_dgemm_pred = 0.000232
iter 100: slack_pred = 0.000017
iter 100: slack_cuda = -0.026441
iter 100: cpu_time_cuda = 0.000237
iter 100: gpu_time_dsyrk_cuda = 0.002114
iter 100: gpu_time_dgemm_cuda = 0.026679
iter 100: gpu_time_dtrsm_cuda = 0.001255
iter 100: upload_copy_time1_cuda = 0.001381
iter 100: download_copy_time1_cuda = 0.000063
iter 100: upload_copy_time2_cuda = 0.000057
iter 100: download_copy_time2_cuda = 0.004799

iter 101: cpu_time_pred = 0.000237
iter 101: gpu_time_dgemm_pred = 0.000227
iter 101: slack_pred = 0.000010
iter 101: slack_cuda = -0.024486
iter 101: cpu_time_cuda = 0.000241
iter 101: gpu_time_dsyrk_cuda = 0.002142
iter 101: gpu_time_dgemm_cuda = 0.024726
iter 101: gpu_time_dtrsm_cuda = 0.001224
iter 101: upload_copy_time1_cuda = 0.001384
iter 101: download_copy_time1_cuda = 0.000062
iter 101: upload_copy_time2_cuda = 0.000056
iter 101: download_copy_time2_cuda = 0.004768

iter 102: cpu_time_pred = 0.000241
iter 102: gpu_time_dgemm_pred = 0.000222
iter 102: slack_pred = 0.000018
iter 102: slack_cuda = -0.024920
iter 102: cpu_time_cuda = 0.000241
iter 102: gpu_time_dsyrk_cuda = 0.002164
iter 102: gpu_time_dgemm_cuda = 0.025161
iter 102: gpu_time_dtrsm_cuda = 0.001212
iter 102: upload_copy_time1_cuda = 0.001353
iter 102: download_copy_time1_cuda = 0.000062
iter 102: upload_copy_time2_cuda = 0.000056
iter 102: download_copy_time2_cuda = 0.004801

iter 103: cpu_time_pred = 0.000241
iter 103: gpu_time_dgemm_pred = 0.000218
iter 103: slack_pred = 0.000024
iter 103: slack_cuda = -0.024791
iter 103: cpu_time_cuda = 0.000243
iter 103: gpu_time_dsyrk_cuda = 0.002181
iter 103: gpu_time_dgemm_cuda = 0.025034
iter 103: gpu_time_dtrsm_cuda = 0.001196
iter 103: upload_copy_time1_cuda = 0.001340
iter 103: download_copy_time1_cuda = 0.000069
iter 103: upload_copy_time2_cuda = 0.000056
iter 103: download_copy_time2_cuda = 0.004832

iter 104: cpu_time_pred = 0.000243
iter 104: gpu_time_dgemm_pred = 0.000213
iter 104: slack_pred = 0.000030
iter 104: slack_cuda = -0.024886
iter 104: cpu_time_cuda = 0.000238
iter 104: gpu_time_dsyrk_cuda = 0.002197
iter 104: gpu_time_dgemm_cuda = 0.025125
iter 104: gpu_time_dtrsm_cuda = 0.001201
iter 104: upload_copy_time1_cuda = 0.001326
iter 104: download_copy_time1_cuda = 0.000062
iter 104: upload_copy_time2_cuda = 0.000056
iter 104: download_copy_time2_cuda = 0.004905

iter 105: cpu_time_pred = 0.000238
iter 105: gpu_time_dgemm_pred = 0.000209
iter 105: slack_pred = 0.000030
iter 105: slack_cuda = -0.025157
iter 105: cpu_time_cuda = 0.000244
iter 105: gpu_time_dsyrk_cuda = 0.002234
iter 105: gpu_time_dgemm_cuda = 0.025400
iter 105: gpu_time_dtrsm_cuda = 0.001202
iter 105: upload_copy_time1_cuda = 0.001319
iter 105: download_copy_time1_cuda = 0.000071
iter 105: upload_copy_time2_cuda = 0.000057
iter 105: download_copy_time2_cuda = 0.005054

iter 106: cpu_time_pred = 0.000244
iter 106: gpu_time_dgemm_pred = 0.000204
iter 106: slack_pred = 0.000039
iter 106: slack_cuda = -0.025617
iter 106: cpu_time_cuda = 0.000240
iter 106: gpu_time_dsyrk_cuda = 0.002246
iter 106: gpu_time_dgemm_cuda = 0.025857
iter 106: gpu_time_dtrsm_cuda = 0.001196
iter 106: upload_copy_time1_cuda = 0.001297
iter 106: download_copy_time1_cuda = 0.000063
iter 106: upload_copy_time2_cuda = 0.000056
iter 106: download_copy_time2_cuda = 0.005005

iter 107: cpu_time_pred = 0.000240
iter 107: gpu_time_dgemm_pred = 0.000200
iter 107: slack_pred = 0.000040
iter 107: slack_cuda = -0.025744
iter 107: cpu_time_cuda = 0.000240
iter 107: gpu_time_dsyrk_cuda = 0.002272
iter 107: gpu_time_dgemm_cuda = 0.025983
iter 107: gpu_time_dtrsm_cuda = 0.001181
iter 107: upload_copy_time1_cuda = 0.001293
iter 107: download_copy_time1_cuda = 0.000061
iter 107: upload_copy_time2_cuda = 0.000056
iter 107: download_copy_time2_cuda = 0.004995

iter 108: cpu_time_pred = 0.000240
iter 108: gpu_time_dgemm_pred = 0.000195
iter 108: slack_pred = 0.000044
iter 108: slack_cuda = -0.025748
iter 108: cpu_time_cuda = 0.000241
iter 108: gpu_time_dsyrk_cuda = 0.002283
iter 108: gpu_time_dgemm_cuda = 0.025989
iter 108: gpu_time_dtrsm_cuda = 0.001192
iter 108: upload_copy_time1_cuda = 0.001280
iter 108: download_copy_time1_cuda = 0.000062
iter 108: upload_copy_time2_cuda = 0.000057
iter 108: download_copy_time2_cuda = 0.005065

iter 109: cpu_time_pred = 0.000241
iter 109: gpu_time_dgemm_pred = 0.000191
iter 109: slack_pred = 0.000050
iter 109: slack_cuda = -0.025968
iter 109: cpu_time_cuda = 0.000239
iter 109: gpu_time_dsyrk_cuda = 0.002306
iter 109: gpu_time_dgemm_cuda = 0.026207
iter 109: gpu_time_dtrsm_cuda = 0.001210
iter 109: upload_copy_time1_cuda = 0.001258
iter 109: download_copy_time1_cuda = 0.000072
iter 109: upload_copy_time2_cuda = 0.000056
iter 109: download_copy_time2_cuda = 0.005271

iter 110: cpu_time_pred = 0.000239
iter 110: gpu_time_dgemm_pred = 0.000187
iter 110: slack_pred = 0.000053
iter 110: slack_cuda = -0.024654
iter 110: cpu_time_cuda = 0.000240
iter 110: gpu_time_dsyrk_cuda = 0.002333
iter 110: gpu_time_dgemm_cuda = 0.024895
iter 110: gpu_time_dtrsm_cuda = 0.001173
iter 110: upload_copy_time1_cuda = 0.001250
iter 110: download_copy_time1_cuda = 0.000062
iter 110: upload_copy_time2_cuda = 0.000056
iter 110: download_copy_time2_cuda = 0.005192

iter 111: cpu_time_pred = 0.000240
iter 111: gpu_time_dgemm_pred = 0.000183
iter 111: slack_pred = 0.000058
iter 111: slack_cuda = -0.026248
iter 111: cpu_time_cuda = 0.000239
iter 111: gpu_time_dsyrk_cuda = 0.002354
iter 111: gpu_time_dgemm_cuda = 0.026488
iter 111: gpu_time_dtrsm_cuda = 0.001141
iter 111: upload_copy_time1_cuda = 0.001240
iter 111: download_copy_time1_cuda = 0.000070
iter 111: upload_copy_time2_cuda = 0.000056
iter 111: download_copy_time2_cuda = 0.005224

iter 112: cpu_time_pred = 0.000239
iter 112: gpu_time_dgemm_pred = 0.000178
iter 112: slack_pred = 0.000061
iter 112: slack_cuda = -0.024970
iter 112: cpu_time_cuda = 0.000257
iter 112: gpu_time_dsyrk_cuda = 0.002362
iter 112: gpu_time_dgemm_cuda = 0.025227
iter 112: gpu_time_dtrsm_cuda = 0.001176
iter 112: upload_copy_time1_cuda = 0.001218
iter 112: download_copy_time1_cuda = 0.000063
iter 112: upload_copy_time2_cuda = 0.000056
iter 112: download_copy_time2_cuda = 0.005258

iter 113: cpu_time_pred = 0.000257
iter 113: gpu_time_dgemm_pred = 0.000174
iter 113: slack_pred = 0.000083
iter 113: slack_cuda = -0.025153
iter 113: cpu_time_cuda = 0.000241
iter 113: gpu_time_dsyrk_cuda = 0.002392
iter 113: gpu_time_dgemm_cuda = 0.025394
iter 113: gpu_time_dtrsm_cuda = 0.001150
iter 113: upload_copy_time1_cuda = 0.001227
iter 113: download_copy_time1_cuda = 0.000063
iter 113: upload_copy_time2_cuda = 0.000057
iter 113: download_copy_time2_cuda = 0.005310

iter 114: cpu_time_pred = 0.000241
iter 114: gpu_time_dgemm_pred = 0.000170
iter 114: slack_pred = 0.000071
iter 114: slack_cuda = -0.025419
iter 114: cpu_time_cuda = 0.000239
iter 114: gpu_time_dsyrk_cuda = 0.002415
iter 114: gpu_time_dgemm_cuda = 0.025658
iter 114: gpu_time_dtrsm_cuda = 0.001145
iter 114: upload_copy_time1_cuda = 0.001191
iter 114: download_copy_time1_cuda = 0.000062
iter 114: upload_copy_time2_cuda = 0.000057
iter 114: download_copy_time2_cuda = 0.005500

iter 115: cpu_time_pred = 0.000239
iter 115: gpu_time_dgemm_pred = 0.000166
iter 115: slack_pred = 0.000073
iter 115: slack_cuda = -0.025908
iter 115: cpu_time_cuda = 0.000237
iter 115: gpu_time_dsyrk_cuda = 0.002434
iter 115: gpu_time_dgemm_cuda = 0.026146
iter 115: gpu_time_dtrsm_cuda = 0.001138
iter 115: upload_copy_time1_cuda = 0.001184
iter 115: download_copy_time1_cuda = 0.000070
iter 115: upload_copy_time2_cuda = 0.000056
iter 115: download_copy_time2_cuda = 0.005410

iter 116: cpu_time_pred = 0.000237
iter 116: gpu_time_dgemm_pred = 0.000162
iter 116: slack_pred = 0.000075
iter 116: slack_cuda = -0.025777
iter 116: cpu_time_cuda = 0.000242
iter 116: gpu_time_dsyrk_cuda = 0.002447
iter 116: gpu_time_dgemm_cuda = 0.026018
iter 116: gpu_time_dtrsm_cuda = 0.001135
iter 116: upload_copy_time1_cuda = 0.001166
iter 116: download_copy_time1_cuda = 0.000063
iter 116: upload_copy_time2_cuda = 0.000056
iter 116: download_copy_time2_cuda = 0.005411

iter 117: cpu_time_pred = 0.000242
iter 117: gpu_time_dgemm_pred = 0.000158
iter 117: slack_pred = 0.000083
iter 117: slack_cuda = -0.025869
iter 117: cpu_time_cuda = 0.000248
iter 117: gpu_time_dsyrk_cuda = 0.002476
iter 117: gpu_time_dgemm_cuda = 0.026117
iter 117: gpu_time_dtrsm_cuda = 0.001130
iter 117: upload_copy_time1_cuda = 0.001151
iter 117: download_copy_time1_cuda = 0.000062
iter 117: upload_copy_time2_cuda = 0.000056
iter 117: download_copy_time2_cuda = 0.005504

iter 118: cpu_time_pred = 0.000248
iter 118: gpu_time_dgemm_pred = 0.000154
iter 118: slack_pred = 0.000094
iter 118: slack_cuda = -0.023816
iter 118: cpu_time_cuda = 0.000239
iter 118: gpu_time_dsyrk_cuda = 0.002496
iter 118: gpu_time_dgemm_cuda = 0.024054
iter 118: gpu_time_dtrsm_cuda = 0.001618
iter 118: upload_copy_time1_cuda = 0.001138
iter 118: download_copy_time1_cuda = 0.000071
iter 118: upload_copy_time2_cuda = 0.000057
iter 118: download_copy_time2_cuda = 0.005715

iter 119: cpu_time_pred = 0.000239
iter 119: gpu_time_dgemm_pred = 0.000151
iter 119: slack_pred = 0.000088
iter 119: slack_cuda = -0.024044
iter 119: cpu_time_cuda = 0.000243
iter 119: gpu_time_dsyrk_cuda = 0.002512
iter 119: gpu_time_dgemm_cuda = 0.024287
iter 119: gpu_time_dtrsm_cuda = 0.001091
iter 119: upload_copy_time1_cuda = 0.001123
iter 119: download_copy_time1_cuda = 0.000069
iter 119: upload_copy_time2_cuda = 0.000056
iter 119: download_copy_time2_cuda = 0.005555

iter 120: cpu_time_pred = 0.000243
iter 120: gpu_time_dgemm_pred = 0.000147
iter 120: slack_pred = 0.000096
iter 120: slack_cuda = -0.023856
iter 120: cpu_time_cuda = 0.000238
iter 120: gpu_time_dsyrk_cuda = 0.002528
iter 120: gpu_time_dgemm_cuda = 0.024094
iter 120: gpu_time_dtrsm_cuda = 0.001094
iter 120: upload_copy_time1_cuda = 0.001113
iter 120: download_copy_time1_cuda = 0.000062
iter 120: upload_copy_time2_cuda = 0.000056
iter 120: download_copy_time2_cuda = 0.005632

iter 121: cpu_time_pred = 0.000238
iter 121: gpu_time_dgemm_pred = 0.000143
iter 121: slack_pred = 0.000095
iter 121: slack_cuda = -0.024033
iter 121: cpu_time_cuda = 0.000239
iter 121: gpu_time_dsyrk_cuda = 0.002564
iter 121: gpu_time_dgemm_cuda = 0.024272
iter 121: gpu_time_dtrsm_cuda = 0.004774
iter 121: upload_copy_time1_cuda = 0.001094
iter 121: download_copy_time1_cuda = 0.000069
iter 121: upload_copy_time2_cuda = 0.000056
iter 121: download_copy_time2_cuda = 0.005660

iter 122: cpu_time_pred = 0.000239
iter 122: gpu_time_dgemm_pred = 0.000139
iter 122: slack_pred = 0.000099
iter 122: slack_cuda = -0.024278
iter 122: cpu_time_cuda = 0.000239
iter 122: gpu_time_dsyrk_cuda = 0.002579
iter 122: gpu_time_dgemm_cuda = 0.024517
iter 122: gpu_time_dtrsm_cuda = 0.001111
iter 122: upload_copy_time1_cuda = 0.001097
iter 122: download_copy_time1_cuda = 0.000062
iter 122: upload_copy_time2_cuda = 0.000056
iter 122: download_copy_time2_cuda = 0.005734

iter 123: cpu_time_pred = 0.000239
iter 123: gpu_time_dgemm_pred = 0.000136
iter 123: slack_pred = 0.000103
iter 123: slack_cuda = -0.024539
iter 123: cpu_time_cuda = 0.000238
iter 123: gpu_time_dsyrk_cuda = 0.002601
iter 123: gpu_time_dgemm_cuda = 0.024777
iter 123: gpu_time_dtrsm_cuda = 0.001103
iter 123: upload_copy_time1_cuda = 0.001070
iter 123: download_copy_time1_cuda = 0.000062
iter 123: upload_copy_time2_cuda = 0.000056
iter 123: download_copy_time2_cuda = 0.005891

iter 124: cpu_time_pred = 0.000238
iter 124: gpu_time_dgemm_pred = 0.000132
iter 124: slack_pred = 0.000106
iter 124: slack_cuda = -0.024648
iter 124: cpu_time_cuda = 0.000237
iter 124: gpu_time_dsyrk_cuda = 0.002622
iter 124: gpu_time_dgemm_cuda = 0.024885
iter 124: gpu_time_dtrsm_cuda = 0.004540
iter 124: upload_copy_time1_cuda = 0.001055
iter 124: download_copy_time1_cuda = 0.000070
iter 124: upload_copy_time2_cuda = 0.000056
iter 124: download_copy_time2_cuda = 0.005827

iter 125: cpu_time_pred = 0.000237
iter 125: gpu_time_dgemm_pred = 0.000129
iter 125: slack_pred = 0.000108
iter 125: slack_cuda = -0.024877
iter 125: cpu_time_cuda = 0.000242
iter 125: gpu_time_dsyrk_cuda = 0.002635
iter 125: gpu_time_dgemm_cuda = 0.025119
iter 125: gpu_time_dtrsm_cuda = 0.001090
iter 125: upload_copy_time1_cuda = 0.001057
iter 125: download_copy_time1_cuda = 0.000061
iter 125: upload_copy_time2_cuda = 0.000056
iter 125: download_copy_time2_cuda = 0.005885

iter 126: cpu_time_pred = 0.000242
iter 126: gpu_time_dgemm_pred = 0.000125
iter 126: slack_pred = 0.000117
iter 126: slack_cuda = -0.024928
iter 126: cpu_time_cuda = 0.000238
iter 126: gpu_time_dsyrk_cuda = 0.002659
iter 126: gpu_time_dgemm_cuda = 0.025166
iter 126: gpu_time_dtrsm_cuda = 0.001074
iter 126: upload_copy_time1_cuda = 0.001035
iter 126: download_copy_time1_cuda = 0.000069
iter 126: upload_copy_time2_cuda = 0.000056
iter 126: download_copy_time2_cuda = 0.005920

iter 127: cpu_time_pred = 0.000238
iter 127: gpu_time_dgemm_pred = 0.000122
iter 127: slack_pred = 0.000116
iter 127: slack_cuda = -0.023353
iter 127: cpu_time_cuda = 0.000238
iter 127: gpu_time_dsyrk_cuda = 0.002686
iter 127: gpu_time_dgemm_cuda = 0.023591
iter 127: gpu_time_dtrsm_cuda = 0.004204
iter 127: upload_copy_time1_cuda = 0.001024
iter 127: download_copy_time1_cuda = 0.000061
iter 127: upload_copy_time2_cuda = 0.000055
iter 127: download_copy_time2_cuda = 0.005984

iter 128: cpu_time_pred = 0.000238
iter 128: gpu_time_dgemm_pred = 0.000118
iter 128: slack_pred = 0.000120
iter 128: slack_cuda = -0.023382
iter 128: cpu_time_cuda = 0.000234
iter 128: gpu_time_dsyrk_cuda = 0.002699
iter 128: gpu_time_dgemm_cuda = 0.023616
iter 128: gpu_time_dtrsm_cuda = 0.001055
iter 128: upload_copy_time1_cuda = 0.001016
iter 128: download_copy_time1_cuda = 0.000062
iter 128: upload_copy_time2_cuda = 0.000057
iter 128: download_copy_time2_cuda = 0.006043

iter 129: cpu_time_pred = 0.000234
iter 129: gpu_time_dgemm_pred = 0.000115
iter 129: slack_pred = 0.000119
iter 129: slack_cuda = -0.023631
iter 129: cpu_time_cuda = 0.000239
iter 129: gpu_time_dsyrk_cuda = 0.002720
iter 129: gpu_time_dgemm_cuda = 0.023870
iter 129: gpu_time_dtrsm_cuda = 0.001052
iter 129: upload_copy_time1_cuda = 0.000992
iter 129: download_copy_time1_cuda = 0.000072
iter 129: upload_copy_time2_cuda = 0.000056
iter 129: download_copy_time2_cuda = 0.006082

iter 130: cpu_time_pred = 0.000239
iter 130: gpu_time_dgemm_pred = 0.000111
iter 130: slack_pred = 0.000128
iter 130: slack_cuda = -0.024581
iter 130: cpu_time_cuda = 0.000237
iter 130: gpu_time_dsyrk_cuda = 0.002748
iter 130: gpu_time_dgemm_cuda = 0.024818
iter 130: gpu_time_dtrsm_cuda = 0.005422
iter 130: upload_copy_time1_cuda = 0.000983
iter 130: download_copy_time1_cuda = 0.000062
iter 130: upload_copy_time2_cuda = 0.000057
iter 130: download_copy_time2_cuda = 0.006097

iter 131: cpu_time_pred = 0.000237
iter 131: gpu_time_dgemm_pred = 0.000108
iter 131: slack_pred = 0.000129
iter 131: slack_cuda = -0.025820
iter 131: cpu_time_cuda = 0.000235
iter 131: gpu_time_dsyrk_cuda = 0.002763
iter 131: gpu_time_dgemm_cuda = 0.026055
iter 131: gpu_time_dtrsm_cuda = 0.001046
iter 131: upload_copy_time1_cuda = 0.000979
iter 131: download_copy_time1_cuda = 0.000069
iter 131: upload_copy_time2_cuda = 0.000056
iter 131: download_copy_time2_cuda = 0.006137

iter 132: cpu_time_pred = 0.000235
iter 132: gpu_time_dgemm_pred = 0.000105
iter 132: slack_pred = 0.000130
iter 132: slack_cuda = -0.024090
iter 132: cpu_time_cuda = 0.000243
iter 132: gpu_time_dsyrk_cuda = 0.002776
iter 132: gpu_time_dgemm_cuda = 0.024333
iter 132: gpu_time_dtrsm_cuda = 0.001034
iter 132: upload_copy_time1_cuda = 0.000957
iter 132: download_copy_time1_cuda = 0.000070
iter 132: upload_copy_time2_cuda = 0.000057
iter 132: download_copy_time2_cuda = 0.006347

iter 133: cpu_time_pred = 0.000243
iter 133: gpu_time_dgemm_pred = 0.000102
iter 133: slack_pred = 0.000141
iter 133: slack_cuda = -0.024167
iter 133: cpu_time_cuda = 0.000237
iter 133: gpu_time_dsyrk_cuda = 0.002801
iter 133: gpu_time_dgemm_cuda = 0.024404
iter 133: gpu_time_dtrsm_cuda = 0.002595
iter 133: upload_copy_time1_cuda = 0.000940
iter 133: download_copy_time1_cuda = 0.000061
iter 133: upload_copy_time2_cuda = 0.000056
iter 133: download_copy_time2_cuda = 0.006283

iter 134: cpu_time_pred = 0.000237
iter 134: gpu_time_dgemm_pred = 0.000099
iter 134: slack_pred = 0.000138
iter 134: slack_cuda = -0.021426
iter 134: cpu_time_cuda = 0.000236
iter 134: gpu_time_dsyrk_cuda = 0.002829
iter 134: gpu_time_dgemm_cuda = 0.021662
iter 134: gpu_time_dtrsm_cuda = 0.001038
iter 134: upload_copy_time1_cuda = 0.000933
iter 134: download_copy_time1_cuda = 0.000069
iter 134: upload_copy_time2_cuda = 0.000056
iter 134: download_copy_time2_cuda = 0.006294

iter 135: cpu_time_pred = 0.000236
iter 135: gpu_time_dgemm_pred = 0.000096
iter 135: slack_pred = 0.000140
iter 135: slack_cuda = -0.021639
iter 135: cpu_time_cuda = 0.000239
iter 135: gpu_time_dsyrk_cuda = 0.002846
iter 135: gpu_time_dgemm_cuda = 0.021878
iter 135: gpu_time_dtrsm_cuda = 0.001023
iter 135: upload_copy_time1_cuda = 0.000909
iter 135: download_copy_time1_cuda = 0.000068
iter 135: upload_copy_time2_cuda = 0.000060
iter 135: download_copy_time2_cuda = 0.006331

iter 136: cpu_time_pred = 0.000239
iter 136: gpu_time_dgemm_pred = 0.000093
iter 136: slack_pred = 0.000147
iter 136: slack_cuda = -0.021562
iter 136: cpu_time_cuda = 0.000237
iter 136: gpu_time_dsyrk_cuda = 0.002865
iter 136: gpu_time_dgemm_cuda = 0.021798
iter 136: gpu_time_dtrsm_cuda = 0.001021
iter 136: upload_copy_time1_cuda = 0.000901
iter 136: download_copy_time1_cuda = 0.000071
iter 136: upload_copy_time2_cuda = 0.000056
iter 136: download_copy_time2_cuda = 0.006401

iter 137: cpu_time_pred = 0.000237
iter 137: gpu_time_dgemm_pred = 0.000090
iter 137: slack_pred = 0.000147
iter 137: slack_cuda = -0.021881
iter 137: cpu_time_cuda = 0.000247
iter 137: gpu_time_dsyrk_cuda = 0.002896
iter 137: gpu_time_dgemm_cuda = 0.022128
iter 137: gpu_time_dtrsm_cuda = 0.001015
iter 137: upload_copy_time1_cuda = 0.000889
iter 137: download_copy_time1_cuda = 0.000069
iter 137: upload_copy_time2_cuda = 0.000056
iter 137: download_copy_time2_cuda = 0.006595

iter 138: cpu_time_pred = 0.000247
iter 138: gpu_time_dgemm_pred = 0.000087
iter 138: slack_pred = 0.000160
iter 138: slack_cuda = -0.022059
iter 138: cpu_time_cuda = 0.000235
iter 138: gpu_time_dsyrk_cuda = 0.002907
iter 138: gpu_time_dgemm_cuda = 0.022294
iter 138: gpu_time_dtrsm_cuda = 0.001000
iter 138: upload_copy_time1_cuda = 0.000869
iter 138: download_copy_time1_cuda = 0.000070
iter 138: upload_copy_time2_cuda = 0.000056
iter 138: download_copy_time2_cuda = 0.006506

iter 139: cpu_time_pred = 0.000235
iter 139: gpu_time_dgemm_pred = 0.000084
iter 139: slack_pred = 0.000151
iter 139: slack_cuda = -0.021930
iter 139: cpu_time_cuda = 0.000236
iter 139: gpu_time_dsyrk_cuda = 0.002934
iter 139: gpu_time_dgemm_cuda = 0.022166
iter 139: gpu_time_dtrsm_cuda = 0.001009
iter 139: upload_copy_time1_cuda = 0.000854
iter 139: download_copy_time1_cuda = 0.000061
iter 139: upload_copy_time2_cuda = 0.000055
iter 139: download_copy_time2_cuda = 0.006463

iter 140: cpu_time_pred = 0.000236
iter 140: gpu_time_dgemm_pred = 0.000081
iter 140: slack_pred = 0.000155
iter 140: slack_cuda = -0.022392
iter 140: cpu_time_cuda = 0.000238
iter 140: gpu_time_dsyrk_cuda = 0.002943
iter 140: gpu_time_dgemm_cuda = 0.022630
iter 140: gpu_time_dtrsm_cuda = 0.001011
iter 140: upload_copy_time1_cuda = 0.000842
iter 140: download_copy_time1_cuda = 0.000061
iter 140: upload_copy_time2_cuda = 0.000056
iter 140: download_copy_time2_cuda = 0.006596

iter 141: cpu_time_pred = 0.000238
iter 141: gpu_time_dgemm_pred = 0.000078
iter 141: slack_pred = 0.000160
iter 141: slack_cuda = -0.022219
iter 141: cpu_time_cuda = 0.000239
iter 141: gpu_time_dsyrk_cuda = 0.002971
iter 141: gpu_time_dgemm_cuda = 0.022458
iter 141: gpu_time_dtrsm_cuda = 0.001014
iter 141: upload_copy_time1_cuda = 0.000830
iter 141: download_copy_time1_cuda = 0.000072
iter 141: upload_copy_time2_cuda = 0.000057
iter 141: download_copy_time2_cuda = 0.006803

iter 142: cpu_time_pred = 0.000239
iter 142: gpu_time_dgemm_pred = 0.000076
iter 142: slack_pred = 0.000164
iter 142: slack_cuda = -0.022442
iter 142: cpu_time_cuda = 0.000252
iter 142: gpu_time_dsyrk_cuda = 0.002991
iter 142: gpu_time_dgemm_cuda = 0.022694
iter 142: gpu_time_dtrsm_cuda = 0.001001
iter 142: upload_copy_time1_cuda = 0.000821
iter 142: download_copy_time1_cuda = 0.000062
iter 142: upload_copy_time2_cuda = 0.000056
iter 142: download_copy_time2_cuda = 0.006691

iter 143: cpu_time_pred = 0.000252
iter 143: gpu_time_dgemm_pred = 0.000073
iter 143: slack_pred = 0.000179
iter 143: slack_cuda = -0.020537
iter 143: cpu_time_cuda = 0.000238
iter 143: gpu_time_dsyrk_cuda = 0.003009
iter 143: gpu_time_dgemm_cuda = 0.020775
iter 143: gpu_time_dtrsm_cuda = 0.000978
iter 143: upload_copy_time1_cuda = 0.000797
iter 143: download_copy_time1_cuda = 0.000061
iter 143: upload_copy_time2_cuda = 0.000056
iter 143: download_copy_time2_cuda = 0.006710

iter 144: cpu_time_pred = 0.000238
iter 144: gpu_time_dgemm_pred = 0.000070
iter 144: slack_pred = 0.000167
iter 144: slack_cuda = -0.020364
iter 144: cpu_time_cuda = 0.000236
iter 144: gpu_time_dsyrk_cuda = 0.003023
iter 144: gpu_time_dgemm_cuda = 0.020600
iter 144: gpu_time_dtrsm_cuda = 0.000970
iter 144: upload_copy_time1_cuda = 0.000794
iter 144: download_copy_time1_cuda = 0.000062
iter 144: upload_copy_time2_cuda = 0.000056
iter 144: download_copy_time2_cuda = 0.006734

iter 145: cpu_time_pred = 0.000236
iter 145: gpu_time_dgemm_pred = 0.000068
iter 145: slack_pred = 0.000169
iter 145: slack_cuda = -0.021026
iter 145: cpu_time_cuda = 0.000243
iter 145: gpu_time_dsyrk_cuda = 0.003054
iter 145: gpu_time_dgemm_cuda = 0.021269
iter 145: gpu_time_dtrsm_cuda = 0.000982
iter 145: upload_copy_time1_cuda = 0.000775
iter 145: download_copy_time1_cuda = 0.000061
iter 145: upload_copy_time2_cuda = 0.000056
iter 145: download_copy_time2_cuda = 0.006823

iter 146: cpu_time_pred = 0.000243
iter 146: gpu_time_dgemm_pred = 0.000065
iter 146: slack_pred = 0.000178
iter 146: slack_cuda = -0.020888
iter 146: cpu_time_cuda = 0.000238
iter 146: gpu_time_dsyrk_cuda = 0.003116
iter 146: gpu_time_dgemm_cuda = 0.021126
iter 146: gpu_time_dtrsm_cuda = 0.002669
iter 146: upload_copy_time1_cuda = 0.000764
iter 146: download_copy_time1_cuda = 0.000063
iter 146: upload_copy_time2_cuda = 0.000057
iter 146: download_copy_time2_cuda = 0.007026

iter 147: cpu_time_pred = 0.000238
iter 147: gpu_time_dgemm_pred = 0.000063
iter 147: slack_pred = 0.000175
iter 147: slack_cuda = -0.020880
iter 147: cpu_time_cuda = 0.000237
iter 147: gpu_time_dsyrk_cuda = 0.003089
iter 147: gpu_time_dgemm_cuda = 0.021117
iter 147: gpu_time_dtrsm_cuda = 0.000966
iter 147: upload_copy_time1_cuda = 0.000756
iter 147: download_copy_time1_cuda = 0.000069
iter 147: upload_copy_time2_cuda = 0.000055
iter 147: download_copy_time2_cuda = 0.006898

iter 148: cpu_time_pred = 0.000237
iter 148: gpu_time_dgemm_pred = 0.000060
iter 148: slack_pred = 0.000176
iter 148: slack_cuda = -0.020977
iter 148: cpu_time_cuda = 0.000234
iter 148: gpu_time_dsyrk_cuda = 0.003113
iter 148: gpu_time_dgemm_cuda = 0.021210
iter 148: gpu_time_dtrsm_cuda = 0.000962
iter 148: upload_copy_time1_cuda = 0.000741
iter 148: download_copy_time1_cuda = 0.000070
iter 148: upload_copy_time2_cuda = 0.000055
iter 148: download_copy_time2_cuda = 0.006904

iter 149: cpu_time_pred = 0.000234
iter 149: gpu_time_dgemm_pred = 0.000058
iter 149: slack_pred = 0.000176
iter 149: slack_cuda = -0.021216
iter 149: cpu_time_cuda = 0.000236
iter 149: gpu_time_dsyrk_cuda = 0.003129
iter 149: gpu_time_dgemm_cuda = 0.021453
iter 149: gpu_time_dtrsm_cuda = 0.000958
iter 149: upload_copy_time1_cuda = 0.000719
iter 149: download_copy_time1_cuda = 0.000070
iter 149: upload_copy_time2_cuda = 0.000056
iter 149: download_copy_time2_cuda = 0.006997

iter 150: cpu_time_pred = 0.000236
iter 150: gpu_time_dgemm_pred = 0.000055
iter 150: slack_pred = 0.000181
iter 150: slack_cuda = -0.017813
iter 150: cpu_time_cuda = 0.000240
iter 150: gpu_time_dsyrk_cuda = 0.003150
iter 150: gpu_time_dgemm_cuda = 0.018053
iter 150: gpu_time_dtrsm_cuda = 0.000935
iter 150: upload_copy_time1_cuda = 0.000705
iter 150: download_copy_time1_cuda = 0.000070
iter 150: upload_copy_time2_cuda = 0.000057
iter 150: download_copy_time2_cuda = 0.007240

iter 151: cpu_time_pred = 0.000240
iter 151: gpu_time_dgemm_pred = 0.000053
iter 151: slack_pred = 0.000187
iter 151: slack_cuda = -0.017916
iter 151: cpu_time_cuda = 0.000243
iter 151: gpu_time_dsyrk_cuda = 0.003179
iter 151: gpu_time_dgemm_cuda = 0.018160
iter 151: gpu_time_dtrsm_cuda = 0.000942
iter 151: upload_copy_time1_cuda = 0.000697
iter 151: download_copy_time1_cuda = 0.000061
iter 151: upload_copy_time2_cuda = 0.000056
iter 151: download_copy_time2_cuda = 0.007113

iter 152: cpu_time_pred = 0.000243
iter 152: gpu_time_dgemm_pred = 0.000051
iter 152: slack_pred = 0.000193
iter 152: slack_cuda = -0.018014
iter 152: cpu_time_cuda = 0.000238
iter 152: gpu_time_dsyrk_cuda = 0.003192
iter 152: gpu_time_dgemm_cuda = 0.018252
iter 152: gpu_time_dtrsm_cuda = 0.000934
iter 152: upload_copy_time1_cuda = 0.000678
iter 152: download_copy_time1_cuda = 0.000061
iter 152: upload_copy_time2_cuda = 0.000057
iter 152: download_copy_time2_cuda = 0.007121

iter 153: cpu_time_pred = 0.000238
iter 153: gpu_time_dgemm_pred = 0.000049
iter 153: slack_pred = 0.000189
iter 153: slack_cuda = -0.018243
iter 153: cpu_time_cuda = 0.000235
iter 153: gpu_time_dsyrk_cuda = 0.003219
iter 153: gpu_time_dgemm_cuda = 0.018478
iter 153: gpu_time_dtrsm_cuda = 0.000945
iter 153: upload_copy_time1_cuda = 0.000667
iter 153: download_copy_time1_cuda = 0.000061
iter 153: upload_copy_time2_cuda = 0.000056
iter 153: download_copy_time2_cuda = 0.007160

iter 154: cpu_time_pred = 0.000235
iter 154: gpu_time_dgemm_pred = 0.000047
iter 154: slack_pred = 0.000189
iter 154: slack_cuda = -0.018329
iter 154: cpu_time_cuda = 0.000243
iter 154: gpu_time_dsyrk_cuda = 0.003245
iter 154: gpu_time_dgemm_cuda = 0.018572
iter 154: gpu_time_dtrsm_cuda = 0.000934
iter 154: upload_copy_time1_cuda = 0.000650
iter 154: download_copy_time1_cuda = 0.000063
iter 154: upload_copy_time2_cuda = 0.000056
iter 154: download_copy_time2_cuda = 0.007238

iter 155: cpu_time_pred = 0.000243
iter 155: gpu_time_dgemm_pred = 0.000044
iter 155: slack_pred = 0.000199
iter 155: slack_cuda = -0.018277
iter 155: cpu_time_cuda = 0.000239
iter 155: gpu_time_dsyrk_cuda = 0.003266
iter 155: gpu_time_dgemm_cuda = 0.018515
iter 155: gpu_time_dtrsm_cuda = 0.000927
iter 155: upload_copy_time1_cuda = 0.000643
iter 155: download_copy_time1_cuda = 0.000063
iter 155: upload_copy_time2_cuda = 0.000057
iter 155: download_copy_time2_cuda = 0.007445

iter 156: cpu_time_pred = 0.000239
iter 156: gpu_time_dgemm_pred = 0.000042
iter 156: slack_pred = 0.000196
iter 156: slack_cuda = -0.018491
iter 156: cpu_time_cuda = 0.000238
iter 156: gpu_time_dsyrk_cuda = 0.003284
iter 156: gpu_time_dgemm_cuda = 0.018730
iter 156: gpu_time_dtrsm_cuda = 0.000922
iter 156: upload_copy_time1_cuda = 0.000623
iter 156: download_copy_time1_cuda = 0.000062
iter 156: upload_copy_time2_cuda = 0.000056
iter 156: download_copy_time2_cuda = 0.007322

iter 157: cpu_time_pred = 0.000238
iter 157: gpu_time_dgemm_pred = 0.000040
iter 157: slack_pred = 0.000198
iter 157: slack_cuda = -0.018498
iter 157: cpu_time_cuda = 0.000240
iter 157: gpu_time_dsyrk_cuda = 0.003295
iter 157: gpu_time_dgemm_cuda = 0.018739
iter 157: gpu_time_dtrsm_cuda = 0.000921
iter 157: upload_copy_time1_cuda = 0.000609
iter 157: download_copy_time1_cuda = 0.000062
iter 157: upload_copy_time2_cuda = 0.000057
iter 157: download_copy_time2_cuda = 0.007385

iter 158: cpu_time_pred = 0.000240
iter 158: gpu_time_dgemm_pred = 0.000038
iter 158: slack_pred = 0.000202
iter 158: slack_cuda = -0.018625
iter 158: cpu_time_cuda = 0.000245
iter 158: gpu_time_dsyrk_cuda = 0.003321
iter 158: gpu_time_dgemm_cuda = 0.018870
iter 158: gpu_time_dtrsm_cuda = 0.000944
iter 158: upload_copy_time1_cuda = 0.000597
iter 158: download_copy_time1_cuda = 0.000060
iter 158: upload_copy_time2_cuda = 0.000055
iter 158: download_copy_time2_cuda = 0.007425

iter 159: cpu_time_pred = 0.000245
iter 159: gpu_time_dgemm_pred = 0.000037
iter 159: slack_pred = 0.000208
iter 159: slack_cuda = -0.018819
iter 159: cpu_time_cuda = 0.000244
iter 159: gpu_time_dsyrk_cuda = 0.003341
iter 159: gpu_time_dgemm_cuda = 0.019063
iter 159: gpu_time_dtrsm_cuda = 0.000878
iter 159: upload_copy_time1_cuda = 0.000584
iter 159: download_copy_time1_cuda = 0.000060
iter 159: upload_copy_time2_cuda = 0.000056
iter 159: download_copy_time2_cuda = 0.007438

iter 160: cpu_time_pred = 0.000244
iter 160: gpu_time_dgemm_pred = 0.000035
iter 160: slack_pred = 0.000209
iter 160: slack_cuda = -0.016369
iter 160: cpu_time_cuda = 0.000235
iter 160: gpu_time_dsyrk_cuda = 0.003358
iter 160: gpu_time_dgemm_cuda = 0.016604
iter 160: gpu_time_dtrsm_cuda = 0.001249
iter 160: upload_copy_time1_cuda = 0.000578
iter 160: download_copy_time1_cuda = 0.000062
iter 160: upload_copy_time2_cuda = 0.000056
iter 160: download_copy_time2_cuda = 0.007515

iter 161: cpu_time_pred = 0.000235
iter 161: gpu_time_dgemm_pred = 0.000033
iter 161: slack_pred = 0.000202
iter 161: slack_cuda = -0.016378
iter 161: cpu_time_cuda = 0.000236
iter 161: gpu_time_dsyrk_cuda = 0.003382
iter 161: gpu_time_dgemm_cuda = 0.016614
iter 161: gpu_time_dtrsm_cuda = 0.000878
iter 161: upload_copy_time1_cuda = 0.000566
iter 161: download_copy_time1_cuda = 0.000060
iter 161: upload_copy_time2_cuda = 0.000056
iter 161: download_copy_time2_cuda = 0.007578

iter 162: cpu_time_pred = 0.000236
iter 162: gpu_time_dgemm_pred = 0.000031
iter 162: slack_pred = 0.000205
iter 162: slack_cuda = -0.019071
iter 162: cpu_time_cuda = 0.000236
iter 162: gpu_time_dsyrk_cuda = 0.003412
iter 162: gpu_time_dgemm_cuda = 0.019308
iter 162: gpu_time_dtrsm_cuda = 0.000876
iter 162: upload_copy_time1_cuda = 0.000543
iter 162: download_copy_time1_cuda = 0.000069
iter 162: upload_copy_time2_cuda = 0.000056
iter 162: download_copy_time2_cuda = 0.007568

iter 163: cpu_time_pred = 0.000236
iter 163: gpu_time_dgemm_pred = 0.000029
iter 163: slack_pred = 0.000207
iter 163: slack_cuda = -0.016778
iter 163: cpu_time_cuda = 0.000235
iter 163: gpu_time_dsyrk_cuda = 0.003429
iter 163: gpu_time_dgemm_cuda = 0.017013
iter 163: gpu_time_dtrsm_cuda = 0.000865
iter 163: upload_copy_time1_cuda = 0.000538
iter 163: download_copy_time1_cuda = 0.000059
iter 163: upload_copy_time2_cuda = 0.000055
iter 163: download_copy_time2_cuda = 0.007625

iter 164: cpu_time_pred = 0.000235
iter 164: gpu_time_dgemm_pred = 0.000028
iter 164: slack_pred = 0.000207
iter 164: slack_cuda = -0.016802
iter 164: cpu_time_cuda = 0.000238
iter 164: gpu_time_dsyrk_cuda = 0.003449
iter 164: gpu_time_dgemm_cuda = 0.017040
iter 164: gpu_time_dtrsm_cuda = 0.000872
iter 164: upload_copy_time1_cuda = 0.000517
iter 164: download_copy_time1_cuda = 0.000071
iter 164: upload_copy_time2_cuda = 0.000056
iter 164: download_copy_time2_cuda = 0.007898

iter 165: cpu_time_pred = 0.000238
iter 165: gpu_time_dgemm_pred = 0.000026
iter 165: slack_pred = 0.000212
iter 165: slack_cuda = -0.016829
iter 165: cpu_time_cuda = 0.000246
iter 165: gpu_time_dsyrk_cuda = 0.003464
iter 165: gpu_time_dgemm_cuda = 0.017075
iter 165: gpu_time_dtrsm_cuda = 0.000858
iter 165: upload_copy_time1_cuda = 0.000508
iter 165: download_copy_time1_cuda = 0.000070
iter 165: upload_copy_time2_cuda = 0.000056
iter 165: download_copy_time2_cuda = 0.007780

iter 166: cpu_time_pred = 0.000246
iter 166: gpu_time_dgemm_pred = 0.000025
iter 166: slack_pred = 0.000221
iter 166: slack_cuda = -0.013215
iter 166: cpu_time_cuda = 0.000253
iter 166: gpu_time_dsyrk_cuda = 0.003487
iter 166: gpu_time_dgemm_cuda = 0.013468
iter 166: gpu_time_dtrsm_cuda = 0.000846
iter 166: upload_copy_time1_cuda = 0.000495
iter 166: download_copy_time1_cuda = 0.000061
iter 166: upload_copy_time2_cuda = 0.000057
iter 166: download_copy_time2_cuda = 0.007820

iter 167: cpu_time_pred = 0.000253
iter 167: gpu_time_dgemm_pred = 0.000023
iter 167: slack_pred = 0.000230
iter 167: slack_cuda = -0.013152
iter 167: cpu_time_cuda = 0.000241
iter 167: gpu_time_dsyrk_cuda = 0.003510
iter 167: gpu_time_dgemm_cuda = 0.013393
iter 167: gpu_time_dtrsm_cuda = 0.000842
iter 167: upload_copy_time1_cuda = 0.000484
iter 167: download_copy_time1_cuda = 0.000062
iter 167: upload_copy_time2_cuda = 0.000056
iter 167: download_copy_time2_cuda = 0.007813

iter 168: cpu_time_pred = 0.000241
iter 168: gpu_time_dgemm_pred = 0.000022
iter 168: slack_pred = 0.000220
iter 168: slack_cuda = -0.013300
iter 168: cpu_time_cuda = 0.000235
iter 168: gpu_time_dsyrk_cuda = 0.003526
iter 168: gpu_time_dgemm_cuda = 0.013535
iter 168: gpu_time_dtrsm_cuda = 0.000837
iter 168: upload_copy_time1_cuda = 0.000474
iter 168: download_copy_time1_cuda = 0.000059
iter 168: upload_copy_time2_cuda = 0.000056
iter 168: download_copy_time2_cuda = 0.007912

iter 169: cpu_time_pred = 0.000235
iter 169: gpu_time_dgemm_pred = 0.000020
iter 169: slack_pred = 0.000215
iter 169: slack_cuda = -0.013344
iter 169: cpu_time_cuda = 0.000241
iter 169: gpu_time_dsyrk_cuda = 0.003559
iter 169: gpu_time_dgemm_cuda = 0.013584
iter 169: gpu_time_dtrsm_cuda = 0.000861
iter 169: upload_copy_time1_cuda = 0.000452
iter 169: download_copy_time1_cuda = 0.000062
iter 169: upload_copy_time2_cuda = 0.000057
iter 169: download_copy_time2_cuda = 0.008149

iter 170: cpu_time_pred = 0.000241
iter 170: gpu_time_dgemm_pred = 0.000019
iter 170: slack_pred = 0.000222
iter 170: slack_cuda = -0.013343
iter 170: cpu_time_cuda = 0.000239
iter 170: gpu_time_dsyrk_cuda = 0.003569
iter 170: gpu_time_dgemm_cuda = 0.013582
iter 170: gpu_time_dtrsm_cuda = 0.000839
iter 170: upload_copy_time1_cuda = 0.000442
iter 170: download_copy_time1_cuda = 0.000061
iter 170: upload_copy_time2_cuda = 0.000056
iter 170: download_copy_time2_cuda = 0.007992

iter 171: cpu_time_pred = 0.000239
iter 171: gpu_time_dgemm_pred = 0.000017
iter 171: slack_pred = 0.000221
iter 171: slack_cuda = -0.013505
iter 171: cpu_time_cuda = 0.000239
iter 171: gpu_time_dsyrk_cuda = 0.003599
iter 171: gpu_time_dgemm_cuda = 0.013743
iter 171: gpu_time_dtrsm_cuda = 0.000840
iter 171: upload_copy_time1_cuda = 0.000421
iter 171: download_copy_time1_cuda = 0.000060
iter 171: upload_copy_time2_cuda = 0.000056
iter 171: download_copy_time2_cuda = 0.007980

iter 172: cpu_time_pred = 0.000239
iter 172: gpu_time_dgemm_pred = 0.000016
iter 172: slack_pred = 0.000222
iter 172: slack_cuda = -0.013425
iter 172: cpu_time_cuda = 0.000238
iter 172: gpu_time_dsyrk_cuda = 0.003605
iter 172: gpu_time_dgemm_cuda = 0.013664
iter 172: gpu_time_dtrsm_cuda = 0.000828
iter 172: upload_copy_time1_cuda = 0.000411
iter 172: download_copy_time1_cuda = 0.000060
iter 172: upload_copy_time2_cuda = 0.000056
iter 172: download_copy_time2_cuda = 0.008046

iter 173: cpu_time_pred = 0.000238
iter 173: gpu_time_dgemm_pred = 0.000015
iter 173: slack_pred = 0.000223
iter 173: slack_cuda = -0.013497
iter 173: cpu_time_cuda = 0.000239
iter 173: gpu_time_dsyrk_cuda = 0.003639
iter 173: gpu_time_dgemm_cuda = 0.013736
iter 173: gpu_time_dtrsm_cuda = 0.000835
iter 173: upload_copy_time1_cuda = 0.000403
iter 173: download_copy_time1_cuda = 0.000063
iter 173: upload_copy_time2_cuda = 0.000057
iter 173: download_copy_time2_cuda = 0.008374

iter 174: cpu_time_pred = 0.000239
iter 174: gpu_time_dgemm_pred = 0.000014
iter 174: slack_pred = 0.000225
iter 174: slack_cuda = -0.011008
iter 174: cpu_time_cuda = 0.000240
iter 174: gpu_time_dsyrk_cuda = 0.003653
iter 174: gpu_time_dgemm_cuda = 0.011248
iter 174: gpu_time_dtrsm_cuda = 0.000800
iter 174: upload_copy_time1_cuda = 0.000399
iter 174: download_copy_time1_cuda = 0.000060
iter 174: upload_copy_time2_cuda = 0.000056
iter 174: download_copy_time2_cuda = 0.008203

iter 175: cpu_time_pred = 0.000240
iter 175: gpu_time_dgemm_pred = 0.000013
iter 175: slack_pred = 0.000227
iter 175: slack_cuda = -0.011057
iter 175: cpu_time_cuda = 0.000241
iter 175: gpu_time_dsyrk_cuda = 0.003674
iter 175: gpu_time_dgemm_cuda = 0.011298
iter 175: gpu_time_dtrsm_cuda = 0.000799
iter 175: upload_copy_time1_cuda = 0.000360
iter 175: download_copy_time1_cuda = 0.000061
iter 175: upload_copy_time2_cuda = 0.000056
iter 175: download_copy_time2_cuda = 0.008202

iter 176: cpu_time_pred = 0.000241
iter 176: gpu_time_dgemm_pred = 0.000012
iter 176: slack_pred = 0.000229
iter 176: slack_cuda = -0.013721
iter 176: cpu_time_cuda = 0.000244
iter 176: gpu_time_dsyrk_cuda = 0.003705
iter 176: gpu_time_dgemm_cuda = 0.013965
iter 176: gpu_time_dtrsm_cuda = 0.000799
iter 176: upload_copy_time1_cuda = 0.000352
iter 176: download_copy_time1_cuda = 0.000060
iter 176: upload_copy_time2_cuda = 0.000057
iter 176: download_copy_time2_cuda = 0.008234

iter 177: cpu_time_pred = 0.000244
iter 177: gpu_time_dgemm_pred = 0.000011
iter 177: slack_pred = 0.000233
iter 177: slack_cuda = -0.013821
iter 177: cpu_time_cuda = 0.000240
iter 177: gpu_time_dsyrk_cuda = 0.003714
iter 177: gpu_time_dgemm_cuda = 0.014061
iter 177: gpu_time_dtrsm_cuda = 0.000822
iter 177: upload_copy_time1_cuda = 0.000338
iter 177: download_copy_time1_cuda = 0.000061
iter 177: upload_copy_time2_cuda = 0.000056
iter 177: download_copy_time2_cuda = 0.008302

iter 178: cpu_time_pred = 0.000240
iter 178: gpu_time_dgemm_pred = 0.000010
iter 178: slack_pred = 0.000231
iter 178: slack_cuda = -0.013895
iter 178: cpu_time_cuda = 0.000237
iter 178: gpu_time_dsyrk_cuda = 0.003744
iter 178: gpu_time_dgemm_cuda = 0.014132
iter 178: gpu_time_dtrsm_cuda = 0.000807
iter 178: upload_copy_time1_cuda = 0.000316
iter 178: download_copy_time1_cuda = 0.000061
iter 178: upload_copy_time2_cuda = 0.000058
iter 178: download_copy_time2_cuda = 0.008495

iter 179: cpu_time_pred = 0.000237
iter 179: gpu_time_dgemm_pred = 0.000009
iter 179: slack_pred = 0.000229
iter 179: slack_cuda = -0.011091
iter 179: cpu_time_cuda = 0.000242
iter 179: gpu_time_dsyrk_cuda = 0.003750
iter 179: gpu_time_dgemm_cuda = 0.011333
iter 179: gpu_time_dtrsm_cuda = 0.000783
iter 179: upload_copy_time1_cuda = 0.000295
iter 179: download_copy_time1_cuda = 0.000060
iter 179: upload_copy_time2_cuda = 0.000056
iter 179: download_copy_time2_cuda = 0.008416

iter 180: cpu_time_pred = 0.000242
iter 180: gpu_time_dgemm_pred = 0.000008
iter 180: slack_pred = 0.000235
iter 180: slack_cuda = -0.011166
iter 180: cpu_time_cuda = 0.000238
iter 180: gpu_time_dsyrk_cuda = 0.003793
iter 180: gpu_time_dgemm_cuda = 0.011404
iter 180: gpu_time_dtrsm_cuda = 0.000806
iter 180: upload_copy_time1_cuda = 0.000289
iter 180: download_copy_time1_cuda = 0.000060
iter 180: upload_copy_time2_cuda = 0.000056
iter 180: download_copy_time2_cuda = 0.008380

iter 181: cpu_time_pred = 0.000238
iter 181: gpu_time_dgemm_pred = 0.000007
iter 181: slack_pred = 0.000231
iter 181: slack_cuda = -0.011205
iter 181: cpu_time_cuda = 0.000241
iter 181: gpu_time_dsyrk_cuda = 0.003804
iter 181: gpu_time_dgemm_cuda = 0.011446
iter 181: gpu_time_dtrsm_cuda = 0.000780
iter 181: upload_copy_time1_cuda = 0.000275
iter 181: download_copy_time1_cuda = 0.000060
iter 181: upload_copy_time2_cuda = 0.000056
iter 181: download_copy_time2_cuda = 0.008505

iter 182: cpu_time_pred = 0.000241
iter 182: gpu_time_dgemm_pred = 0.000006
iter 182: slack_pred = 0.000235
iter 182: slack_cuda = -0.007078
iter 182: cpu_time_cuda = 0.000244
iter 182: gpu_time_dsyrk_cuda = 0.003825
iter 182: gpu_time_dgemm_cuda = 0.007323
iter 182: gpu_time_dtrsm_cuda = 0.000751
iter 182: upload_copy_time1_cuda = 0.000257
iter 182: download_copy_time1_cuda = 0.000060
iter 182: upload_copy_time2_cuda = 0.000057
iter 182: download_copy_time2_cuda = 0.008745

iter 183: cpu_time_pred = 0.000244
iter 183: gpu_time_dgemm_pred = 0.000005
iter 183: slack_pred = 0.000239
iter 183: slack_cuda = -0.007163
iter 183: cpu_time_cuda = 0.000253
iter 183: gpu_time_dsyrk_cuda = 0.003847
iter 183: gpu_time_dgemm_cuda = 0.007416
iter 183: gpu_time_dtrsm_cuda = 0.000754
iter 183: upload_copy_time1_cuda = 0.000241
iter 183: download_copy_time1_cuda = 0.000060
iter 183: upload_copy_time2_cuda = 0.000056
iter 183: download_copy_time2_cuda = 0.008596

iter 184: cpu_time_pred = 0.000253
iter 184: gpu_time_dgemm_pred = 0.000005
iter 184: slack_pred = 0.000248
iter 184: slack_cuda = -0.007140
iter 184: cpu_time_cuda = 0.000246
iter 184: gpu_time_dsyrk_cuda = 0.003858
iter 184: gpu_time_dgemm_cuda = 0.007386
iter 184: gpu_time_dtrsm_cuda = 0.000765
iter 184: upload_copy_time1_cuda = 0.000234
iter 184: download_copy_time1_cuda = 0.000061
iter 184: upload_copy_time2_cuda = 0.000062
iter 184: download_copy_time2_cuda = 0.008690

iter 185: cpu_time_pred = 0.000246
iter 185: gpu_time_dgemm_pred = 0.000004
iter 185: slack_pred = 0.000242
iter 185: slack_cuda = -0.007210
iter 185: cpu_time_cuda = 0.000241
iter 185: gpu_time_dsyrk_cuda = 0.003890
iter 185: gpu_time_dgemm_cuda = 0.007451
iter 185: gpu_time_dtrsm_cuda = 0.000756
iter 185: upload_copy_time1_cuda = 0.000236
iter 185: download_copy_time1_cuda = 0.000060
iter 185: upload_copy_time2_cuda = 0.000056
iter 185: download_copy_time2_cuda = 0.008637

iter 186: cpu_time_pred = 0.000241
iter 186: gpu_time_dgemm_pred = 0.000003
iter 186: slack_pred = 0.000238
iter 186: slack_cuda = -0.007283
iter 186: cpu_time_cuda = 0.000240
iter 186: gpu_time_dsyrk_cuda = 0.003903
iter 186: gpu_time_dgemm_cuda = 0.007523
iter 186: gpu_time_dtrsm_cuda = 0.000761
iter 186: upload_copy_time1_cuda = 0.000210
iter 186: download_copy_time1_cuda = 0.000060
iter 186: upload_copy_time2_cuda = 0.000056
iter 186: download_copy_time2_cuda = 0.008724

iter 187: cpu_time_pred = 0.000240
iter 187: gpu_time_dgemm_pred = 0.000003
iter 187: slack_pred = 0.000237
iter 187: slack_cuda = -0.007225
iter 187: cpu_time_cuda = 0.000242
iter 187: gpu_time_dsyrk_cuda = 0.003931
iter 187: gpu_time_dgemm_cuda = 0.007466
iter 187: gpu_time_dtrsm_cuda = 0.000745
iter 187: upload_copy_time1_cuda = 0.000187
iter 187: download_copy_time1_cuda = 0.000061
iter 187: upload_copy_time2_cuda = 0.000056
iter 187: download_copy_time2_cuda = 0.009006

iter 188: cpu_time_pred = 0.000242
iter 188: gpu_time_dgemm_pred = 0.000002
iter 188: slack_pred = 0.000239
iter 188: slack_cuda = -0.007279
iter 188: cpu_time_cuda = 0.000256
iter 188: gpu_time_dsyrk_cuda = 0.003943
iter 188: gpu_time_dgemm_cuda = 0.007535
iter 188: gpu_time_dtrsm_cuda = 0.000739
iter 188: upload_copy_time1_cuda = 0.000179
iter 188: download_copy_time1_cuda = 0.000060
iter 188: upload_copy_time2_cuda = 0.000056
iter 188: download_copy_time2_cuda = 0.008822

iter 189: cpu_time_pred = 0.000256
iter 189: gpu_time_dgemm_pred = 0.000002
iter 189: slack_pred = 0.000254
iter 189: slack_cuda = -0.007332
iter 189: cpu_time_cuda = 0.000243
iter 189: gpu_time_dsyrk_cuda = 0.003968
iter 189: gpu_time_dgemm_cuda = 0.007575
iter 189: gpu_time_dtrsm_cuda = 0.000743
iter 189: upload_copy_time1_cuda = 0.000168
iter 189: download_copy_time1_cuda = 0.000060
iter 189: upload_copy_time2_cuda = 0.000056
iter 189: download_copy_time2_cuda = 0.008873

iter 190: cpu_time_pred = 0.000243
iter 190: gpu_time_dgemm_pred = 0.000001
iter 190: slack_pred = 0.000242
iter 190: slack_cuda = -0.004567
iter 190: cpu_time_cuda = 0.000240
iter 190: gpu_time_dsyrk_cuda = 0.003992
iter 190: gpu_time_dgemm_cuda = 0.004808
iter 190: gpu_time_dtrsm_cuda = 0.001273
iter 190: upload_copy_time1_cuda = 0.000146
iter 190: download_copy_time1_cuda = 0.000060
iter 190: upload_copy_time2_cuda = 0.000056
iter 190: download_copy_time2_cuda = 0.008926

iter 191: cpu_time_pred = 0.000240
iter 191: gpu_time_dgemm_pred = 0.000001
iter 191: slack_pred = 0.000239
iter 191: slack_cuda = -0.004354
iter 191: cpu_time_cuda = 0.000240
iter 191: gpu_time_dsyrk_cuda = 0.004007
iter 191: gpu_time_dgemm_cuda = 0.004595
iter 191: gpu_time_dtrsm_cuda = 0.000706
iter 191: upload_copy_time1_cuda = 0.000134
iter 191: download_copy_time1_cuda = 0.000060
iter 191: upload_copy_time2_cuda = 0.000056
iter 191: download_copy_time2_cuda = 0.009004

iter 192: cpu_time_pred = 0.000240
iter 192: gpu_time_dgemm_pred = 0.000001
iter 192: slack_pred = 0.000239
iter 192: slack_cuda = -0.004316
iter 192: cpu_time_cuda = 0.000238
iter 192: gpu_time_dsyrk_cuda = 0.004023
iter 192: gpu_time_dgemm_cuda = 0.004554
iter 192: gpu_time_dtrsm_cuda = 0.000710
iter 192: upload_copy_time1_cuda = 0.000128
iter 192: download_copy_time1_cuda = 0.000060
iter 192: upload_copy_time2_cuda = 0.000056
iter 192: download_copy_time2_cuda = 0.009056

iter 193: cpu_time_pred = 0.000238
iter 193: gpu_time_dgemm_pred = 0.000001
iter 193: slack_pred = 0.000237
iter 193: slack_cuda = -0.004351
iter 193: cpu_time_cuda = 0.000241
iter 193: gpu_time_dsyrk_cuda = 0.004049
iter 193: gpu_time_dgemm_cuda = 0.004592
iter 193: gpu_time_dtrsm_cuda = 0.000719
iter 193: upload_copy_time1_cuda = 0.000112
iter 193: download_copy_time1_cuda = 0.000060
iter 193: upload_copy_time2_cuda = 0.000057
iter 193: download_copy_time2_cuda = 0.009072

iter 194: cpu_time_pred = 0.000241
iter 194: gpu_time_dgemm_pred = 0.000000
iter 194: slack_pred = 0.000241
iter 194: slack_cuda = -0.004350
iter 194: cpu_time_cuda = 0.000241
iter 194: gpu_time_dsyrk_cuda = 0.004073
iter 194: gpu_time_dgemm_cuda = 0.004591
iter 194: gpu_time_dtrsm_cuda = 0.000716
iter 194: upload_copy_time1_cuda = 0.000101
iter 194: download_copy_time1_cuda = 0.000060
iter 194: upload_copy_time2_cuda = 0.000056
iter 194: download_copy_time2_cuda = 0.009075

iter 195: cpu_time_pred = 0.000241
iter 195: gpu_time_dgemm_pred = 0.000000
iter 195: slack_pred = 0.000241
iter 195: slack_cuda = -0.004367
iter 195: cpu_time_cuda = 0.000244
iter 195: gpu_time_dsyrk_cuda = 0.004088
iter 195: gpu_time_dgemm_cuda = 0.004611
iter 195: gpu_time_dtrsm_cuda = 0.000536
iter 195: upload_copy_time1_cuda = 0.000094
iter 195: download_copy_time1_cuda = 0.000060
iter 195: upload_copy_time2_cuda = 0.000056
iter 195: download_copy_time2_cuda = 0.009113

iter 196: cpu_time_pred = 0.000244
iter 196: gpu_time_dgemm_pred = 0.000000
iter 196: slack_pred = 0.000244
iter 196: slack_cuda = -0.004399
iter 196: cpu_time_cuda = 0.000238
iter 196: gpu_time_dsyrk_cuda = 0.004111
iter 196: gpu_time_dgemm_cuda = 0.004637
iter 196: gpu_time_dtrsm_cuda = 0.000558
iter 196: upload_copy_time1_cuda = 0.000084
iter 196: download_copy_time1_cuda = 0.000063
iter 196: upload_copy_time2_cuda = 0.000057
iter 196: download_copy_time2_cuda = 0.009428

iter 197: cpu_time_pred = 0.000238
iter 197: gpu_time_dgemm_pred = 0.000000
iter 197: slack_pred = 0.000238
iter 197: slack_cuda = -0.004462
iter 197: cpu_time_cuda = 0.000240
iter 197: gpu_time_dsyrk_cuda = 0.004130
iter 197: gpu_time_dgemm_cuda = 0.004702
iter 197: gpu_time_dtrsm_cuda = 0.000541
iter 197: upload_copy_time1_cuda = 0.000078
iter 197: download_copy_time1_cuda = 0.000059
iter 197: upload_copy_time2_cuda = 0.000056
iter 197: download_copy_time2_cuda = 0.009287

iter 198: cpu_time_pred = 0.000240
iter 198: gpu_time_dgemm_pred = 0.000000
iter 198: slack_pred = 0.000240
iter 198: slack_cuda = 0.000192
iter 198: cpu_time_cuda = 0.000194
iter 198: gpu_time_dsyrk_cuda = 0.004147
iter 198: gpu_time_dgemm_cuda = 0.000002
iter 198: gpu_time_dtrsm_cuda = 0.000002
iter 198: upload_copy_time1_cuda = 0.000055
iter 198: download_copy_time1_cuda = 0.000049
iter 198: upload_copy_time2_cuda = 0.000045
iter 198: download_copy_time2_cuda = 0.009083

total_cpu_time_cuda = 0.048424
total_gpu_time_cuda = 4.222459
total_copy_time_cuda = 1.232895
main_loop_time_cuda = 0.000000
Normalized difference of predicted CPU runtime per iteration is: 0.677041%
Normalized difference of predicted GPU_dgemm runtime per iteration is: -96.260094%
Normalized difference of predicted slack per iteration is: -97.516101%
20480     ---   (  ---  )    516.06 (   5.55)     ---  
total_time = 20.849431
17.80user 3.72system 0:22.60elapsed 95%CPU (0avgtext+0avgdata 6708932maxresident)k
5752inputs+0outputs (1major+842444minor)pagefaults 0swaps
send out message: 22 3 log
