send out message: 24 37 /home/lchen/MAGMA/magma-1.5.0/results
send out message: 20 26 MAGMA_LU_GPUDVFS.total.pwr
MAGMA 1.5.0  compiled for CUDA capability >= 3.0
CUDA runtime 5000, driver 6050. MAGMA not compiled with OpenMP. 
device 0: Tesla K20c, 705.5 MHz clock, 4799.6 MB memory, capability 3.5
Usage: /home/lchen/MAGMA/magma-1.5.0/testing/testing_dgetrf [options] [-h|--help]

ngpu 1
    M     N   CPU GFlop/s (sec)   GPU GFlop/s (sec)   |PA-LU|/(N*|A|)
=========================================================================
init_time = 3.490603
iter 0: slack_cuda = 0.000000
iter 0: cpu_time_cuda = 0.000000
iter 0: gpu_time_cuda = 0.000000
iter 0: download_copy_time_cuda = 0.000000
iter 0: upload_copy_time_cuda = 0.000993
iter 0: per_iter_time_cuda = 0.001373

iter 1: slack_cuda = -0.061210
iter 1: cpu_time_cuda = 0.160850
iter 1: gpu_time_cuda = 0.222059
iter 1: download_copy_time_cuda = 0.000924
iter 1: upload_copy_time_cuda = 0.000986
iter 1: per_iter_time_cuda = 0.385243

iter 2: slack_cuda = -0.060106
iter 2: cpu_time_cuda = 0.159776
iter 2: gpu_time_cuda = 0.219882
iter 2: download_copy_time_cuda = 0.000899
iter 2: upload_copy_time_cuda = 0.000977
iter 2: per_iter_time_cuda = 0.381946

iter 3: slack_cuda = -0.056246
iter 3: cpu_time_cuda = 0.158783
iter 3: gpu_time_cuda = 0.215030
iter 3: download_copy_time_cuda = 0.000896
iter 3: upload_copy_time_cuda = 0.000964
iter 3: per_iter_time_cuda = 0.376074

iter 4: slack_cuda = -0.053372
iter 4: cpu_time_cuda = 0.157834
iter 4: gpu_time_cuda = 0.211206
iter 4: download_copy_time_cuda = 0.000889
iter 4: upload_copy_time_cuda = 0.000957
iter 4: per_iter_time_cuda = 0.371294

iter 5: slack_cuda = -0.054199
iter 5: cpu_time_cuda = 0.157093
iter 5: gpu_time_cuda = 0.211292
iter 5: download_copy_time_cuda = 0.000892
iter 5: upload_copy_time_cuda = 0.000952
iter 5: per_iter_time_cuda = 0.370628

iter 6: slack_cuda = -0.052824
iter 6: cpu_time_cuda = 0.155782
iter 6: gpu_time_cuda = 0.208605
iter 6: download_copy_time_cuda = 0.000879
iter 6: upload_copy_time_cuda = 0.000951
iter 6: per_iter_time_cuda = 0.366615

iter 7: slack_cuda = -0.047337
iter 7: cpu_time_cuda = 0.154774
iter 7: gpu_time_cuda = 0.202111
iter 7: download_copy_time_cuda = 0.000873
iter 7: upload_copy_time_cuda = 0.000938
iter 7: per_iter_time_cuda = 0.359093

iter 8: slack_cuda = -0.049445
iter 8: cpu_time_cuda = 0.153842
iter 8: gpu_time_cuda = 0.203287
iter 8: download_copy_time_cuda = 0.000870
iter 8: upload_copy_time_cuda = 0.000928
iter 8: per_iter_time_cuda = 0.359324

iter 9: slack_cuda = -0.044781
iter 9: cpu_time_cuda = 0.152768
iter 9: gpu_time_cuda = 0.197549
iter 9: download_copy_time_cuda = 0.000863
iter 9: upload_copy_time_cuda = 0.000929
iter 9: per_iter_time_cuda = 0.352505

iter 10: slack_cuda = -0.046927
iter 10: cpu_time_cuda = 0.151604
iter 10: gpu_time_cuda = 0.198531
iter 10: download_copy_time_cuda = 0.000860
iter 10: upload_copy_time_cuda = 0.000922
iter 10: per_iter_time_cuda = 0.352325

iter 11: slack_cuda = -0.044396
iter 11: cpu_time_cuda = 0.150475
iter 11: gpu_time_cuda = 0.194870
iter 11: download_copy_time_cuda = 0.000861
iter 11: upload_copy_time_cuda = 0.000916
iter 11: per_iter_time_cuda = 0.347522

iter 12: slack_cuda = -0.044914
iter 12: cpu_time_cuda = 0.149500
iter 12: gpu_time_cuda = 0.194414
iter 12: download_copy_time_cuda = 0.000848
iter 12: upload_copy_time_cuda = 0.000902
iter 12: per_iter_time_cuda = 0.346052

iter 13: slack_cuda = -0.040225
iter 13: cpu_time_cuda = 0.148552
iter 13: gpu_time_cuda = 0.188776
iter 13: download_copy_time_cuda = 0.000839
iter 13: upload_copy_time_cuda = 0.000895
iter 13: per_iter_time_cuda = 0.339456

iter 14: slack_cuda = -0.039681
iter 14: cpu_time_cuda = 0.147404
iter 14: gpu_time_cuda = 0.187085
iter 14: download_copy_time_cuda = 0.000835
iter 14: upload_copy_time_cuda = 0.000891
iter 14: per_iter_time_cuda = 0.336598

iter 15: slack_cuda = -0.037306
iter 15: cpu_time_cuda = 0.146469
iter 15: gpu_time_cuda = 0.183775
iter 15: download_copy_time_cuda = 0.000831
iter 15: upload_copy_time_cuda = 0.000884
iter 15: per_iter_time_cuda = 0.332342

iter 16: slack_cuda = -0.038808
iter 16: cpu_time_cuda = 0.145439
iter 16: gpu_time_cuda = 0.184248
iter 16: download_copy_time_cuda = 0.000820
iter 16: upload_copy_time_cuda = 0.000885
iter 16: per_iter_time_cuda = 0.331774

iter 17: slack_cuda = -0.034824
iter 17: cpu_time_cuda = 0.144456
iter 17: gpu_time_cuda = 0.179279
iter 17: download_copy_time_cuda = 0.000818
iter 17: upload_copy_time_cuda = 0.000881
iter 17: per_iter_time_cuda = 0.325802

iter 18: slack_cuda = -0.033894
iter 18: cpu_time_cuda = 0.143531
iter 18: gpu_time_cuda = 0.177425
iter 18: download_copy_time_cuda = 0.000813
iter 18: upload_copy_time_cuda = 0.000873
iter 18: per_iter_time_cuda = 0.323014

iter 19: slack_cuda = -0.031841
iter 19: cpu_time_cuda = 0.142494
iter 19: gpu_time_cuda = 0.174336
iter 19: download_copy_time_cuda = 0.000807
iter 19: upload_copy_time_cuda = 0.000868
iter 19: per_iter_time_cuda = 0.318881

iter 20: slack_cuda = -0.030370
iter 20: cpu_time_cuda = 0.141647
iter 20: gpu_time_cuda = 0.172016
iter 20: download_copy_time_cuda = 0.000802
iter 20: upload_copy_time_cuda = 0.000863
iter 20: per_iter_time_cuda = 0.315704

iter 21: slack_cuda = -0.030811
iter 21: cpu_time_cuda = 0.140584
iter 21: gpu_time_cuda = 0.171395
iter 21: download_copy_time_cuda = 0.000796
iter 21: upload_copy_time_cuda = 0.000859
iter 21: per_iter_time_cuda = 0.314006

iter 22: slack_cuda = -0.028199
iter 22: cpu_time_cuda = 0.139510
iter 22: gpu_time_cuda = 0.167709
iter 22: download_copy_time_cuda = 0.000790
iter 22: upload_copy_time_cuda = 0.000853
iter 22: per_iter_time_cuda = 0.309232

iter 23: slack_cuda = -0.026932
iter 23: cpu_time_cuda = 0.138918
iter 23: gpu_time_cuda = 0.165851
iter 23: download_copy_time_cuda = 0.000786
iter 23: upload_copy_time_cuda = 0.000844
iter 23: per_iter_time_cuda = 0.306775

iter 24: slack_cuda = -0.024417
iter 24: cpu_time_cuda = 0.137408
iter 24: gpu_time_cuda = 0.161825
iter 24: download_copy_time_cuda = 0.000781
iter 24: upload_copy_time_cuda = 0.000839
iter 24: per_iter_time_cuda = 0.301220

iter 25: slack_cuda = -0.025218
iter 25: cpu_time_cuda = 0.136487
iter 25: gpu_time_cuda = 0.161705
iter 25: download_copy_time_cuda = 0.000775
iter 25: upload_copy_time_cuda = 0.000832
iter 25: per_iter_time_cuda = 0.300183

iter 26: slack_cuda = -0.022641
iter 26: cpu_time_cuda = 0.135982
iter 26: gpu_time_cuda = 0.158623
iter 26: download_copy_time_cuda = 0.000770
iter 26: upload_copy_time_cuda = 0.000828
iter 26: per_iter_time_cuda = 0.296566

iter 27: slack_cuda = -0.021842
iter 27: cpu_time_cuda = 0.135732
iter 27: gpu_time_cuda = 0.157574
iter 27: download_copy_time_cuda = 0.000766
iter 27: upload_copy_time_cuda = 0.000825
iter 27: per_iter_time_cuda = 0.295268

iter 28: slack_cuda = -0.020846
iter 28: cpu_time_cuda = 0.134813
iter 28: gpu_time_cuda = 0.155659
iter 28: download_copy_time_cuda = 0.000760
iter 28: upload_copy_time_cuda = 0.000822
iter 28: per_iter_time_cuda = 0.292416

iter 29: slack_cuda = -0.018153
iter 29: cpu_time_cuda = 0.133667
iter 29: gpu_time_cuda = 0.151819
iter 29: download_copy_time_cuda = 0.000755
iter 29: upload_copy_time_cuda = 0.000817
iter 29: per_iter_time_cuda = 0.287418

iter 30: slack_cuda = -0.018876
iter 30: cpu_time_cuda = 0.132590
iter 30: gpu_time_cuda = 0.151465
iter 30: download_copy_time_cuda = 0.000746
iter 30: upload_copy_time_cuda = 0.000808
iter 30: per_iter_time_cuda = 0.285972

iter 31: slack_cuda = -0.016568
iter 31: cpu_time_cuda = 0.131383
iter 31: gpu_time_cuda = 0.147951
iter 31: download_copy_time_cuda = 0.000735
iter 31: upload_copy_time_cuda = 0.000797
iter 31: per_iter_time_cuda = 0.281222

iter 32: slack_cuda = -0.016916
iter 32: cpu_time_cuda = 0.130169
iter 32: gpu_time_cuda = 0.147084
iter 32: download_copy_time_cuda = 0.000735
iter 32: upload_copy_time_cuda = 0.000792
iter 32: per_iter_time_cuda = 0.279129

iter 33: slack_cuda = -0.014228
iter 33: cpu_time_cuda = 0.129169
iter 33: gpu_time_cuda = 0.143397
iter 33: download_copy_time_cuda = 0.000725
iter 33: upload_copy_time_cuda = 0.000789
iter 33: per_iter_time_cuda = 0.274433

iter 34: slack_cuda = -0.014136
iter 34: cpu_time_cuda = 0.128209
iter 34: gpu_time_cuda = 0.142345
iter 34: download_copy_time_cuda = 0.000726
iter 34: upload_copy_time_cuda = 0.000778
iter 34: per_iter_time_cuda = 0.272408

iter 35: slack_cuda = -0.011414
iter 35: cpu_time_cuda = 0.127212
iter 35: gpu_time_cuda = 0.138627
iter 35: download_copy_time_cuda = 0.000720
iter 35: upload_copy_time_cuda = 0.000775
iter 35: per_iter_time_cuda = 0.267691

iter 36: slack_cuda = -0.011866
iter 36: cpu_time_cuda = 0.126236
iter 36: gpu_time_cuda = 0.138102
iter 36: download_copy_time_cuda = 0.000715
iter 36: upload_copy_time_cuda = 0.000768
iter 36: per_iter_time_cuda = 0.266178

iter 37: slack_cuda = -0.008773
iter 37: cpu_time_cuda = 0.125268
iter 37: gpu_time_cuda = 0.134041
iter 37: download_copy_time_cuda = 0.000709
iter 37: upload_copy_time_cuda = 0.000762
iter 37: per_iter_time_cuda = 0.261124

iter 38: slack_cuda = -0.011206
iter 38: cpu_time_cuda = 0.124331
iter 38: gpu_time_cuda = 0.135537
iter 38: download_copy_time_cuda = 0.000697
iter 38: upload_copy_time_cuda = 0.000755
iter 38: per_iter_time_cuda = 0.261684

iter 39: slack_cuda = -0.008211
iter 39: cpu_time_cuda = 0.123277
iter 39: gpu_time_cuda = 0.131488
iter 39: download_copy_time_cuda = 0.000700
iter 39: upload_copy_time_cuda = 0.000750
iter 39: per_iter_time_cuda = 0.256552

iter 40: slack_cuda = -0.006677
iter 40: cpu_time_cuda = 0.122181
iter 40: gpu_time_cuda = 0.128858
iter 40: download_copy_time_cuda = 0.000694
iter 40: upload_copy_time_cuda = 0.000743
iter 40: per_iter_time_cuda = 0.252824

iter 41: slack_cuda = -0.003732
iter 41: cpu_time_cuda = 0.121176
iter 41: gpu_time_cuda = 0.124908
iter 41: download_copy_time_cuda = 0.000689
iter 41: upload_copy_time_cuda = 0.000737
iter 41: per_iter_time_cuda = 0.247852

iter 42: slack_cuda = -0.006275
iter 42: cpu_time_cuda = 0.120240
iter 42: gpu_time_cuda = 0.126515
iter 42: download_copy_time_cuda = 0.000683
iter 42: upload_copy_time_cuda = 0.000729
iter 42: per_iter_time_cuda = 0.248493

iter 43: slack_cuda = -0.002876
iter 43: cpu_time_cuda = 0.119544
iter 43: gpu_time_cuda = 0.122421
iter 43: download_copy_time_cuda = 0.000689
iter 43: upload_copy_time_cuda = 0.000728
iter 43: per_iter_time_cuda = 0.243737

iter 44: slack_cuda = -0.002735
iter 44: cpu_time_cuda = 0.118553
iter 44: gpu_time_cuda = 0.121289
iter 44: download_copy_time_cuda = 0.000675
iter 44: upload_copy_time_cuda = 0.000720
iter 44: per_iter_time_cuda = 0.241576

iter 45: slack_cuda = -0.001094
iter 45: cpu_time_cuda = 0.117552
iter 45: gpu_time_cuda = 0.118646
iter 45: download_copy_time_cuda = 0.000667
iter 45: upload_copy_time_cuda = 0.000714
iter 45: per_iter_time_cuda = 0.237922

iter 46: slack_cuda = 0.001254
iter 46: cpu_time_cuda = 0.116565
iter 46: gpu_time_cuda = 0.115311
iter 46: download_copy_time_cuda = 0.000662
iter 46: upload_copy_time_cuda = 0.000714
iter 46: per_iter_time_cuda = 0.233578

iter 47: slack_cuda = 0.000737
iter 47: cpu_time_cuda = 0.115544
iter 47: gpu_time_cuda = 0.114807
iter 47: download_copy_time_cuda = 0.000653
iter 47: upload_copy_time_cuda = 0.000702
iter 47: per_iter_time_cuda = 0.232037

iter 48: slack_cuda = 0.001133
iter 48: cpu_time_cuda = 0.114396
iter 48: gpu_time_cuda = 0.113263
iter 48: download_copy_time_cuda = 0.000647
iter 48: upload_copy_time_cuda = 0.000694
iter 48: per_iter_time_cuda = 0.229329

iter 49: slack_cuda = 0.002276
iter 49: cpu_time_cuda = 0.113449
iter 49: gpu_time_cuda = 0.111173
iter 49: download_copy_time_cuda = 0.000650
iter 49: upload_copy_time_cuda = 0.000691
iter 49: per_iter_time_cuda = 0.226291

iter 50: slack_cuda = 0.002261
iter 50: cpu_time_cuda = 0.112496
iter 50: gpu_time_cuda = 0.110235
iter 50: download_copy_time_cuda = 0.000636
iter 50: upload_copy_time_cuda = 0.000684
iter 50: per_iter_time_cuda = 0.224379

iter 51: slack_cuda = 0.004868
iter 51: cpu_time_cuda = 0.111464
iter 51: gpu_time_cuda = 0.106596
iter 51: download_copy_time_cuda = 0.000637
iter 51: upload_copy_time_cuda = 0.000680
iter 51: per_iter_time_cuda = 0.219699

iter 52: slack_cuda = 0.004554
iter 52: cpu_time_cuda = 0.110299
iter 52: gpu_time_cuda = 0.105745
iter 52: download_copy_time_cuda = 0.000635
iter 52: upload_copy_time_cuda = 0.000673
iter 52: per_iter_time_cuda = 0.217687

iter 53: slack_cuda = 0.006769
iter 53: cpu_time_cuda = 0.109179
iter 53: gpu_time_cuda = 0.102410
iter 53: download_copy_time_cuda = 0.000622
iter 53: upload_copy_time_cuda = 0.000666
iter 53: per_iter_time_cuda = 0.213210

iter 54: slack_cuda = 0.006612
iter 54: cpu_time_cuda = 0.108159
iter 54: gpu_time_cuda = 0.101547
iter 54: download_copy_time_cuda = 0.000616
iter 54: upload_copy_time_cuda = 0.000660
iter 54: per_iter_time_cuda = 0.211306

iter 55: slack_cuda = 0.008395
iter 55: cpu_time_cuda = 0.107203
iter 55: gpu_time_cuda = 0.098808
iter 55: download_copy_time_cuda = 0.000620
iter 55: upload_copy_time_cuda = 0.000653
iter 55: per_iter_time_cuda = 0.207585

iter 56: slack_cuda = 0.007464
iter 56: cpu_time_cuda = 0.106098
iter 56: gpu_time_cuda = 0.098634
iter 56: download_copy_time_cuda = 0.000606
iter 56: upload_copy_time_cuda = 0.000645
iter 56: per_iter_time_cuda = 0.206291

iter 57: slack_cuda = 0.010280
iter 57: cpu_time_cuda = 0.105146
iter 57: gpu_time_cuda = 0.094866
iter 57: download_copy_time_cuda = 0.000600
iter 57: upload_copy_time_cuda = 0.000641
iter 57: per_iter_time_cuda = 0.201563

iter 58: slack_cuda = 0.009663
iter 58: cpu_time_cuda = 0.104165
iter 58: gpu_time_cuda = 0.094502
iter 58: download_copy_time_cuda = 0.000602
iter 58: upload_copy_time_cuda = 0.000642
iter 58: per_iter_time_cuda = 0.200210

iter 59: slack_cuda = 0.010803
iter 59: cpu_time_cuda = 0.103166
iter 59: gpu_time_cuda = 0.092363
iter 59: download_copy_time_cuda = 0.000590
iter 59: upload_copy_time_cuda = 0.000631
iter 59: per_iter_time_cuda = 0.197044

iter 60: slack_cuda = 0.008984
iter 60: cpu_time_cuda = 0.102145
iter 60: gpu_time_cuda = 0.093162
iter 60: download_copy_time_cuda = 0.000585
iter 60: upload_copy_time_cuda = 0.000617
iter 60: per_iter_time_cuda = 0.196800

iter 61: slack_cuda = 0.012473
iter 61: cpu_time_cuda = 0.101151
iter 61: gpu_time_cuda = 0.088678
iter 61: download_copy_time_cuda = 0.000582
iter 61: upload_copy_time_cuda = 0.000618
iter 61: per_iter_time_cuda = 0.191317

iter 62: slack_cuda = 0.012209
iter 62: cpu_time_cuda = 0.100156
iter 62: gpu_time_cuda = 0.087947
iter 62: download_copy_time_cuda = 0.000573
iter 62: upload_copy_time_cuda = 0.000612
iter 62: per_iter_time_cuda = 0.189584

iter 63: slack_cuda = 0.013594
iter 63: cpu_time_cuda = 0.099157
iter 63: gpu_time_cuda = 0.085563
iter 63: download_copy_time_cuda = 0.000564
iter 63: upload_copy_time_cuda = 0.000611
iter 63: per_iter_time_cuda = 0.186180

iter 64: slack_cuda = 0.013026
iter 64: cpu_time_cuda = 0.097892
iter 64: gpu_time_cuda = 0.084866
iter 64: download_copy_time_cuda = 0.000560
iter 64: upload_copy_time_cuda = 0.000600
iter 64: per_iter_time_cuda = 0.184201

iter 65: slack_cuda = 0.014794
iter 65: cpu_time_cuda = 0.096921
iter 65: gpu_time_cuda = 0.082127
iter 65: download_copy_time_cuda = 0.000554
iter 65: upload_copy_time_cuda = 0.000594
iter 65: per_iter_time_cuda = 0.180473

iter 66: slack_cuda = 0.015826
iter 66: cpu_time_cuda = 0.095945
iter 66: gpu_time_cuda = 0.080119
iter 66: download_copy_time_cuda = 0.000549
iter 66: upload_copy_time_cuda = 0.000590
iter 66: per_iter_time_cuda = 0.177494

iter 67: slack_cuda = 0.016410
iter 67: cpu_time_cuda = 0.094943
iter 67: gpu_time_cuda = 0.078533
iter 67: download_copy_time_cuda = 0.000543
iter 67: upload_copy_time_cuda = 0.000584
iter 67: per_iter_time_cuda = 0.174893

iter 68: slack_cuda = 0.015847
iter 68: cpu_time_cuda = 0.093970
iter 68: gpu_time_cuda = 0.078124
iter 68: download_copy_time_cuda = 0.000538
iter 68: upload_copy_time_cuda = 0.000570
iter 68: per_iter_time_cuda = 0.173487

iter 69: slack_cuda = 0.016856
iter 69: cpu_time_cuda = 0.092998
iter 69: gpu_time_cuda = 0.076142
iter 69: download_copy_time_cuda = 0.000530
iter 69: upload_copy_time_cuda = 0.000570
iter 69: per_iter_time_cuda = 0.170522

iter 70: slack_cuda = 0.016638
iter 70: cpu_time_cuda = 0.091945
iter 70: gpu_time_cuda = 0.075308
iter 70: download_copy_time_cuda = 0.000527
iter 70: upload_copy_time_cuda = 0.000557
iter 70: per_iter_time_cuda = 0.168622

iter 71: slack_cuda = 0.018895
iter 71: cpu_time_cuda = 0.090992
iter 71: gpu_time_cuda = 0.072098
iter 71: download_copy_time_cuda = 0.000517
iter 71: upload_copy_time_cuda = 0.000559
iter 71: per_iter_time_cuda = 0.164453

iter 72: slack_cuda = 0.017546
iter 72: cpu_time_cuda = 0.089823
iter 72: gpu_time_cuda = 0.072277
iter 72: download_copy_time_cuda = 0.000518
iter 72: upload_copy_time_cuda = 0.000554
iter 72: per_iter_time_cuda = 0.163447

iter 73: slack_cuda = 0.018841
iter 73: cpu_time_cuda = 0.088775
iter 73: gpu_time_cuda = 0.069934
iter 73: download_copy_time_cuda = 0.000521
iter 73: upload_copy_time_cuda = 0.000554
iter 73: per_iter_time_cuda = 0.160060

iter 74: slack_cuda = 0.018781
iter 74: cpu_time_cuda = 0.087514
iter 74: gpu_time_cuda = 0.068733
iter 74: download_copy_time_cuda = 0.000507
iter 74: upload_copy_time_cuda = 0.000540
iter 74: per_iter_time_cuda = 0.157573

iter 75: slack_cuda = 0.020416
iter 75: cpu_time_cuda = 0.086526
iter 75: gpu_time_cuda = 0.066110
iter 75: download_copy_time_cuda = 0.000503
iter 75: upload_copy_time_cuda = 0.000536
iter 75: per_iter_time_cuda = 0.153960

iter 76: slack_cuda = 0.019226
iter 76: cpu_time_cuda = 0.085523
iter 76: gpu_time_cuda = 0.066297
iter 76: download_copy_time_cuda = 0.000505
iter 76: upload_copy_time_cuda = 0.000528
iter 76: per_iter_time_cuda = 0.153134

iter 77: slack_cuda = 0.020523
iter 77: cpu_time_cuda = 0.084547
iter 77: gpu_time_cuda = 0.064024
iter 77: download_copy_time_cuda = 0.000491
iter 77: upload_copy_time_cuda = 0.000523
iter 77: per_iter_time_cuda = 0.149865

iter 78: slack_cuda = 0.020955
iter 78: cpu_time_cuda = 0.083523
iter 78: gpu_time_cuda = 0.062568
iter 78: download_copy_time_cuda = 0.000486
iter 78: upload_copy_time_cuda = 0.000516
iter 78: per_iter_time_cuda = 0.147376

iter 79: slack_cuda = 0.021517
iter 79: cpu_time_cuda = 0.082529
iter 79: gpu_time_cuda = 0.061012
iter 79: download_copy_time_cuda = 0.000486
iter 79: upload_copy_time_cuda = 0.000518
iter 79: per_iter_time_cuda = 0.144829

iter 80: slack_cuda = 0.020930
iter 80: cpu_time_cuda = 0.081453
iter 80: gpu_time_cuda = 0.060523
iter 80: download_copy_time_cuda = 0.000473
iter 80: upload_copy_time_cuda = 0.000504
iter 80: per_iter_time_cuda = 0.143236

iter 81: slack_cuda = 0.022119
iter 81: cpu_time_cuda = 0.080549
iter 81: gpu_time_cuda = 0.058431
iter 81: download_copy_time_cuda = 0.000467
iter 81: upload_copy_time_cuda = 0.000492
iter 81: per_iter_time_cuda = 0.140206

iter 82: slack_cuda = 0.022271
iter 82: cpu_time_cuda = 0.079555
iter 82: gpu_time_cuda = 0.057284
iter 82: download_copy_time_cuda = 0.000470
iter 82: upload_copy_time_cuda = 0.000487
iter 82: per_iter_time_cuda = 0.138065

iter 83: slack_cuda = 0.022652
iter 83: cpu_time_cuda = 0.078542
iter 83: gpu_time_cuda = 0.055890
iter 83: download_copy_time_cuda = 0.000456
iter 83: upload_copy_time_cuda = 0.000481
iter 83: per_iter_time_cuda = 0.135637

iter 84: slack_cuda = 0.022565
iter 84: cpu_time_cuda = 0.077507
iter 84: gpu_time_cuda = 0.054943
iter 84: download_copy_time_cuda = 0.000452
iter 84: upload_copy_time_cuda = 0.000474
iter 84: per_iter_time_cuda = 0.133636

iter 85: slack_cuda = 0.023802
iter 85: cpu_time_cuda = 0.076540
iter 85: gpu_time_cuda = 0.052738
iter 85: download_copy_time_cuda = 0.000446
iter 85: upload_copy_time_cuda = 0.000470
iter 85: per_iter_time_cuda = 0.130456

iter 86: slack_cuda = 0.023416
iter 86: cpu_time_cuda = 0.075549
iter 86: gpu_time_cuda = 0.052133
iter 86: download_copy_time_cuda = 0.000434
iter 86: upload_copy_time_cuda = 0.000463
iter 86: per_iter_time_cuda = 0.128838

iter 87: slack_cuda = 0.025087
iter 87: cpu_time_cuda = 0.074587
iter 87: gpu_time_cuda = 0.049500
iter 87: download_copy_time_cuda = 0.000436
iter 87: upload_copy_time_cuda = 0.000458
iter 87: per_iter_time_cuda = 0.125234

iter 88: slack_cuda = 0.023828
iter 88: cpu_time_cuda = 0.073361
iter 88: gpu_time_cuda = 0.049533
iter 88: download_copy_time_cuda = 0.000422
iter 88: upload_copy_time_cuda = 0.000451
iter 88: per_iter_time_cuda = 0.124024

iter 89: slack_cuda = 0.025907
iter 89: cpu_time_cuda = 0.072404
iter 89: gpu_time_cuda = 0.046498
iter 89: download_copy_time_cuda = 0.000425
iter 89: upload_copy_time_cuda = 0.000443
iter 89: per_iter_time_cuda = 0.120023

iter 90: slack_cuda = 0.025272
iter 90: cpu_time_cuda = 0.071380
iter 90: gpu_time_cuda = 0.046108
iter 90: download_copy_time_cuda = 0.000419
iter 90: upload_copy_time_cuda = 0.000444
iter 90: per_iter_time_cuda = 0.118603

iter 91: slack_cuda = 0.025369
iter 91: cpu_time_cuda = 0.070381
iter 91: gpu_time_cuda = 0.045012
iter 91: download_copy_time_cuda = 0.000415
iter 91: upload_copy_time_cuda = 0.000436
iter 91: per_iter_time_cuda = 0.116493

iter 92: slack_cuda = 0.024758
iter 92: cpu_time_cuda = 0.069378
iter 92: gpu_time_cuda = 0.044620
iter 92: download_copy_time_cuda = 0.000408
iter 92: upload_copy_time_cuda = 0.000427
iter 92: per_iter_time_cuda = 0.115085

iter 93: slack_cuda = 0.025498
iter 93: cpu_time_cuda = 0.068405
iter 93: gpu_time_cuda = 0.042907
iter 93: download_copy_time_cuda = 0.000403
iter 93: upload_copy_time_cuda = 0.000420
iter 93: per_iter_time_cuda = 0.112385

iter 94: slack_cuda = 0.024854
iter 94: cpu_time_cuda = 0.067264
iter 94: gpu_time_cuda = 0.042410
iter 94: download_copy_time_cuda = 0.000389
iter 94: upload_copy_time_cuda = 0.000414
iter 94: per_iter_time_cuda = 0.110725

iter 95: slack_cuda = 0.025517
iter 95: cpu_time_cuda = 0.065996
iter 95: gpu_time_cuda = 0.040479
iter 95: download_copy_time_cuda = 0.000384
iter 95: upload_copy_time_cuda = 0.000409
iter 95: per_iter_time_cuda = 0.107516

iter 96: slack_cuda = 0.024012
iter 96: cpu_time_cuda = 0.064385
iter 96: gpu_time_cuda = 0.040373
iter 96: download_copy_time_cuda = 0.000383
iter 96: upload_copy_time_cuda = 0.000401
iter 96: per_iter_time_cuda = 0.105786

iter 97: slack_cuda = 0.025301
iter 97: cpu_time_cuda = 0.063291
iter 97: gpu_time_cuda = 0.037990
iter 97: download_copy_time_cuda = 0.000372
iter 97: upload_copy_time_cuda = 0.000403
iter 97: per_iter_time_cuda = 0.102302

iter 98: slack_cuda = 0.024770
iter 98: cpu_time_cuda = 0.062306
iter 98: gpu_time_cuda = 0.037535
iter 98: download_copy_time_cuda = 0.000368
iter 98: upload_copy_time_cuda = 0.000391
iter 98: per_iter_time_cuda = 0.100848

iter 99: slack_cuda = 0.025315
iter 99: cpu_time_cuda = 0.061248
iter 99: gpu_time_cuda = 0.035933
iter 99: download_copy_time_cuda = 0.000369
iter 99: upload_copy_time_cuda = 0.000384
iter 99: per_iter_time_cuda = 0.098171

iter 100: slack_cuda = 0.024834
iter 100: cpu_time_cuda = 0.060232
iter 100: gpu_time_cuda = 0.035398
iter 100: download_copy_time_cuda = 0.000356
iter 100: upload_copy_time_cuda = 0.000379
iter 100: per_iter_time_cuda = 0.096609

iter 101: slack_cuda = 0.024798
iter 101: cpu_time_cuda = 0.059241
iter 101: gpu_time_cuda = 0.034443
iter 101: download_copy_time_cuda = 0.000354
iter 101: upload_copy_time_cuda = 0.000373
iter 101: per_iter_time_cuda = 0.094650

iter 102: slack_cuda = 0.024939
iter 102: cpu_time_cuda = 0.058202
iter 102: gpu_time_cuda = 0.033263
iter 102: download_copy_time_cuda = 0.000360
iter 102: upload_copy_time_cuda = 0.000367
iter 102: per_iter_time_cuda = 0.092437

iter 103: slack_cuda = 0.025390
iter 103: cpu_time_cuda = 0.057172
iter 103: gpu_time_cuda = 0.031782
iter 103: download_copy_time_cuda = 0.000340
iter 103: upload_copy_time_cuda = 0.000361
iter 103: per_iter_time_cuda = 0.089891

iter 104: slack_cuda = 0.024358
iter 104: cpu_time_cuda = 0.056073
iter 104: gpu_time_cuda = 0.031715
iter 104: download_copy_time_cuda = 0.000338
iter 104: upload_copy_time_cuda = 0.000356
iter 104: per_iter_time_cuda = 0.088724

iter 105: slack_cuda = 0.025057
iter 105: cpu_time_cuda = 0.055044
iter 105: gpu_time_cuda = 0.029988
iter 105: download_copy_time_cuda = 0.000336
iter 105: upload_copy_time_cuda = 0.000351
iter 105: per_iter_time_cuda = 0.085955

iter 106: slack_cuda = 0.024371
iter 106: cpu_time_cuda = 0.054109
iter 106: gpu_time_cuda = 0.029739
iter 106: download_copy_time_cuda = 0.000323
iter 106: upload_copy_time_cuda = 0.000345
iter 106: per_iter_time_cuda = 0.084737

iter 107: slack_cuda = 0.024953
iter 107: cpu_time_cuda = 0.053097
iter 107: gpu_time_cuda = 0.028145
iter 107: download_copy_time_cuda = 0.000322
iter 107: upload_copy_time_cuda = 0.000339
iter 107: per_iter_time_cuda = 0.082110

iter 108: slack_cuda = 0.024779
iter 108: cpu_time_cuda = 0.052051
iter 108: gpu_time_cuda = 0.027271
iter 108: download_copy_time_cuda = 0.000321
iter 108: upload_copy_time_cuda = 0.000332
iter 108: per_iter_time_cuda = 0.080177

iter 109: slack_cuda = 0.025214
iter 109: cpu_time_cuda = 0.051180
iter 109: gpu_time_cuda = 0.025966
iter 109: download_copy_time_cuda = 0.000307
iter 109: upload_copy_time_cuda = 0.000326
iter 109: per_iter_time_cuda = 0.077984

iter 110: slack_cuda = 0.024779
iter 110: cpu_time_cuda = 0.050011
iter 110: gpu_time_cuda = 0.025232
iter 110: download_copy_time_cuda = 0.000305
iter 110: upload_copy_time_cuda = 0.000320
iter 110: per_iter_time_cuda = 0.076070

iter 111: slack_cuda = 0.024915
iter 111: cpu_time_cuda = 0.049039
iter 111: gpu_time_cuda = 0.024124
iter 111: download_copy_time_cuda = 0.000302
iter 111: upload_copy_time_cuda = 0.000313
iter 111: per_iter_time_cuda = 0.073973

iter 112: slack_cuda = 0.024489
iter 112: cpu_time_cuda = 0.048051
iter 112: gpu_time_cuda = 0.023562
iter 112: download_copy_time_cuda = 0.000293
iter 112: upload_copy_time_cuda = 0.000309
iter 112: per_iter_time_cuda = 0.072410

iter 113: slack_cuda = 0.024441
iter 113: cpu_time_cuda = 0.047064
iter 113: gpu_time_cuda = 0.022624
iter 113: download_copy_time_cuda = 0.000287
iter 113: upload_copy_time_cuda = 0.000301
iter 113: per_iter_time_cuda = 0.070472

iter 114: slack_cuda = 0.024366
iter 114: cpu_time_cuda = 0.046082
iter 114: gpu_time_cuda = 0.021716
iter 114: download_copy_time_cuda = 0.000285
iter 114: upload_copy_time_cuda = 0.000296
iter 114: per_iter_time_cuda = 0.068572

iter 115: slack_cuda = 0.024031
iter 115: cpu_time_cuda = 0.045082
iter 115: gpu_time_cuda = 0.021051
iter 115: download_copy_time_cuda = 0.000270
iter 115: upload_copy_time_cuda = 0.000290
iter 115: per_iter_time_cuda = 0.066900

iter 116: slack_cuda = 0.023650
iter 116: cpu_time_cuda = 0.044004
iter 116: gpu_time_cuda = 0.020354
iter 116: download_copy_time_cuda = 0.000271
iter 116: upload_copy_time_cuda = 0.000284
iter 116: per_iter_time_cuda = 0.065108

iter 117: slack_cuda = 0.023410
iter 117: cpu_time_cuda = 0.042715
iter 117: gpu_time_cuda = 0.019304
iter 117: download_copy_time_cuda = 0.000260
iter 117: upload_copy_time_cuda = 0.000279
iter 117: per_iter_time_cuda = 0.062753

iter 118: slack_cuda = 0.022977
iter 118: cpu_time_cuda = 0.041742
iter 118: gpu_time_cuda = 0.018766
iter 118: download_copy_time_cuda = 0.000257
iter 118: upload_copy_time_cuda = 0.000273
iter 118: per_iter_time_cuda = 0.061234

iter 119: slack_cuda = 0.022996
iter 119: cpu_time_cuda = 0.040699
iter 119: gpu_time_cuda = 0.017703
iter 119: download_copy_time_cuda = 0.000256
iter 119: upload_copy_time_cuda = 0.000267
iter 119: per_iter_time_cuda = 0.059124

iter 120: slack_cuda = 0.022388
iter 120: cpu_time_cuda = 0.039730
iter 120: gpu_time_cuda = 0.017343
iter 120: download_copy_time_cuda = 0.000246
iter 120: upload_copy_time_cuda = 0.000260
iter 120: per_iter_time_cuda = 0.057774

iter 121: slack_cuda = 0.022370
iter 121: cpu_time_cuda = 0.038688
iter 121: gpu_time_cuda = 0.016318
iter 121: download_copy_time_cuda = 0.000242
iter 121: upload_copy_time_cuda = 0.000255
iter 121: per_iter_time_cuda = 0.055695

iter 122: slack_cuda = 0.021908
iter 122: cpu_time_cuda = 0.037803
iter 122: gpu_time_cuda = 0.015895
iter 122: download_copy_time_cuda = 0.000239
iter 122: upload_copy_time_cuda = 0.000250
iter 122: per_iter_time_cuda = 0.054378

iter 123: slack_cuda = 0.021663
iter 123: cpu_time_cuda = 0.036742
iter 123: gpu_time_cuda = 0.015079
iter 123: download_copy_time_cuda = 0.000229
iter 123: upload_copy_time_cuda = 0.000243
iter 123: per_iter_time_cuda = 0.052480

iter 124: slack_cuda = 0.021316
iter 124: cpu_time_cuda = 0.035754
iter 124: gpu_time_cuda = 0.014439
iter 124: download_copy_time_cuda = 0.000224
iter 124: upload_copy_time_cuda = 0.000237
iter 124: per_iter_time_cuda = 0.050842

iter 125: slack_cuda = 0.021261
iter 125: cpu_time_cuda = 0.034779
iter 125: gpu_time_cuda = 0.013518
iter 125: download_copy_time_cuda = 0.000225
iter 125: upload_copy_time_cuda = 0.000231
iter 125: per_iter_time_cuda = 0.048935

iter 126: slack_cuda = 0.020650
iter 126: cpu_time_cuda = 0.033783
iter 126: gpu_time_cuda = 0.013133
iter 126: download_copy_time_cuda = 0.000212
iter 126: upload_copy_time_cuda = 0.000227
iter 126: per_iter_time_cuda = 0.047541

iter 127: slack_cuda = 0.020535
iter 127: cpu_time_cuda = 0.032807
iter 127: gpu_time_cuda = 0.012272
iter 127: download_copy_time_cuda = 0.000210
iter 127: upload_copy_time_cuda = 0.000219
iter 127: per_iter_time_cuda = 0.045697

iter 128: slack_cuda = 0.020085
iter 128: cpu_time_cuda = 0.031830
iter 128: gpu_time_cuda = 0.011745
iter 128: download_copy_time_cuda = 0.000206
iter 128: upload_copy_time_cuda = 0.000212
iter 128: per_iter_time_cuda = 0.044177

iter 129: slack_cuda = 0.019856
iter 129: cpu_time_cuda = 0.030887
iter 129: gpu_time_cuda = 0.011031
iter 129: download_copy_time_cuda = 0.000195
iter 129: upload_copy_time_cuda = 0.000207
iter 129: per_iter_time_cuda = 0.042496

iter 130: slack_cuda = 0.019373
iter 130: cpu_time_cuda = 0.029953
iter 130: gpu_time_cuda = 0.010580
iter 130: download_copy_time_cuda = 0.000191
iter 130: upload_copy_time_cuda = 0.000201
iter 130: per_iter_time_cuda = 0.041110

iter 131: slack_cuda = 0.018979
iter 131: cpu_time_cuda = 0.028940
iter 131: gpu_time_cuda = 0.009961
iter 131: download_copy_time_cuda = 0.000191
iter 131: upload_copy_time_cuda = 0.000196
iter 131: per_iter_time_cuda = 0.039480

iter 132: slack_cuda = 0.018473
iter 132: cpu_time_cuda = 0.027981
iter 132: gpu_time_cuda = 0.009508
iter 132: download_copy_time_cuda = 0.000179
iter 132: upload_copy_time_cuda = 0.000199
iter 132: per_iter_time_cuda = 0.038051

iter 133: slack_cuda = 0.018144
iter 133: cpu_time_cuda = 0.026967
iter 133: gpu_time_cuda = 0.008822
iter 133: download_copy_time_cuda = 0.000175
iter 133: upload_copy_time_cuda = 0.000201
iter 133: per_iter_time_cuda = 0.036344

iter 134: slack_cuda = 0.017664
iter 134: cpu_time_cuda = 0.026014
iter 134: gpu_time_cuda = 0.008350
iter 134: download_copy_time_cuda = 0.000176
iter 134: upload_copy_time_cuda = 0.000201
iter 134: per_iter_time_cuda = 0.034924

iter 135: slack_cuda = 0.017356
iter 135: cpu_time_cuda = 0.025040
iter 135: gpu_time_cuda = 0.007684
iter 135: download_copy_time_cuda = 0.000163
iter 135: upload_copy_time_cuda = 0.000197
iter 135: per_iter_time_cuda = 0.033258

iter 136: slack_cuda = 0.016744
iter 136: cpu_time_cuda = 0.023995
iter 136: gpu_time_cuda = 0.007251
iter 136: download_copy_time_cuda = 0.000159
iter 136: upload_copy_time_cuda = 0.000195
iter 136: per_iter_time_cuda = 0.031778

iter 137: slack_cuda = 0.016612
iter 137: cpu_time_cuda = 0.023059
iter 137: gpu_time_cuda = 0.006447
iter 137: download_copy_time_cuda = 0.000160
iter 137: upload_copy_time_cuda = 0.000199
iter 137: per_iter_time_cuda = 0.030044

iter 138: slack_cuda = 0.015646
iter 138: cpu_time_cuda = 0.021910
iter 138: gpu_time_cuda = 0.006264
iter 138: download_copy_time_cuda = 0.000147
iter 138: upload_copy_time_cuda = 0.000192
iter 138: per_iter_time_cuda = 0.028680

iter 139: slack_cuda = 0.014898
iter 139: cpu_time_cuda = 0.020795
iter 139: gpu_time_cuda = 0.005896
iter 139: download_copy_time_cuda = 0.000143
iter 139: upload_copy_time_cuda = 0.000193
iter 139: per_iter_time_cuda = 0.027201

iter 140: slack_cuda = 0.014408
iter 140: cpu_time_cuda = 0.019758
iter 140: gpu_time_cuda = 0.005350
iter 140: download_copy_time_cuda = 0.000142
iter 140: upload_copy_time_cuda = 0.000195
iter 140: per_iter_time_cuda = 0.025616

iter 141: slack_cuda = 0.013941
iter 141: cpu_time_cuda = 0.018806
iter 141: gpu_time_cuda = 0.004865
iter 141: download_copy_time_cuda = 0.000132
iter 141: upload_copy_time_cuda = 0.000198
iter 141: per_iter_time_cuda = 0.024176

iter 142: slack_cuda = 0.013207
iter 142: cpu_time_cuda = 0.017841
iter 142: gpu_time_cuda = 0.004633
iter 142: download_copy_time_cuda = 0.000127
iter 142: upload_copy_time_cuda = 0.000192
iter 142: per_iter_time_cuda = 0.022960

iter 143: slack_cuda = 0.012813
iter 143: cpu_time_cuda = 0.016906
iter 143: gpu_time_cuda = 0.004093
iter 143: download_copy_time_cuda = 0.000126
iter 143: upload_copy_time_cuda = 0.000194
iter 143: per_iter_time_cuda = 0.021480

iter 144: slack_cuda = 0.012042
iter 144: cpu_time_cuda = 0.015909
iter 144: gpu_time_cuda = 0.003867
iter 144: download_copy_time_cuda = 0.000121
iter 144: upload_copy_time_cuda = 0.000191
iter 144: per_iter_time_cuda = 0.020252

iter 145: slack_cuda = 0.011339
iter 145: cpu_time_cuda = 0.014955
iter 145: gpu_time_cuda = 0.003616
iter 145: download_copy_time_cuda = 0.000108
iter 145: upload_copy_time_cuda = 0.000185
iter 145: per_iter_time_cuda = 0.019028

iter 146: slack_cuda = 0.010865
iter 146: cpu_time_cuda = 0.014004
iter 146: gpu_time_cuda = 0.003139
iter 146: download_copy_time_cuda = 0.000106
iter 146: upload_copy_time_cuda = 0.000188
iter 146: per_iter_time_cuda = 0.017603

iter 147: slack_cuda = 0.010415
iter 147: cpu_time_cuda = 0.013078
iter 147: gpu_time_cuda = 0.002663
iter 147: download_copy_time_cuda = 0.000098
iter 147: upload_copy_time_cuda = 0.000195
iter 147: per_iter_time_cuda = 0.016190

iter 148: slack_cuda = 0.009613
iter 148: cpu_time_cuda = 0.012201
iter 148: gpu_time_cuda = 0.002587
iter 148: download_copy_time_cuda = 0.000095
iter 148: upload_copy_time_cuda = 0.000189
iter 148: per_iter_time_cuda = 0.015228

iter 149: slack_cuda = 0.008709
iter 149: cpu_time_cuda = 0.011133
iter 149: gpu_time_cuda = 0.002424
iter 149: download_copy_time_cuda = 0.000095
iter 149: upload_copy_time_cuda = 0.000187
iter 149: per_iter_time_cuda = 0.013991

iter 150: slack_cuda = 0.008205
iter 150: cpu_time_cuda = 0.010162
iter 150: gpu_time_cuda = 0.001956
iter 150: download_copy_time_cuda = 0.000095
iter 150: upload_copy_time_cuda = 0.000188
iter 150: per_iter_time_cuda = 0.012563

iter 151: slack_cuda = 0.007334
iter 151: cpu_time_cuda = 0.009193
iter 151: gpu_time_cuda = 0.001858
iter 151: download_copy_time_cuda = 0.000085
iter 151: upload_copy_time_cuda = 0.000185
iter 151: per_iter_time_cuda = 0.011474

iter 152: slack_cuda = 0.006506
iter 152: cpu_time_cuda = 0.008224
iter 152: gpu_time_cuda = 0.001718
iter 152: download_copy_time_cuda = 0.000087
iter 152: upload_copy_time_cuda = 0.000187
iter 152: per_iter_time_cuda = 0.010375

iter 153: slack_cuda = 0.006039
iter 153: cpu_time_cuda = 0.007279
iter 153: gpu_time_cuda = 0.001240
iter 153: download_copy_time_cuda = 0.000082
iter 153: upload_copy_time_cuda = 0.000188
iter 153: per_iter_time_cuda = 0.008947

iter 154: slack_cuda = 0.005177
iter 154: cpu_time_cuda = 0.006369
iter 154: gpu_time_cuda = 0.001191
iter 154: download_copy_time_cuda = 0.000080
iter 154: upload_copy_time_cuda = 0.000185
iter 154: per_iter_time_cuda = 0.007975

iter 155: slack_cuda = 0.004364
iter 155: cpu_time_cuda = 0.005408
iter 155: gpu_time_cuda = 0.001044
iter 155: download_copy_time_cuda = 0.000072
iter 155: upload_copy_time_cuda = 0.000187
iter 155: per_iter_time_cuda = 0.006868

iter 156: slack_cuda = 0.003527
iter 156: cpu_time_cuda = 0.004441
iter 156: gpu_time_cuda = 0.000914
iter 156: download_copy_time_cuda = 0.000068
iter 156: upload_copy_time_cuda = 0.000181
iter 156: per_iter_time_cuda = 0.005762

iter 157: slack_cuda = 0.002607
iter 157: cpu_time_cuda = 0.003483
iter 157: gpu_time_cuda = 0.000876
iter 157: download_copy_time_cuda = 0.000068
iter 157: upload_copy_time_cuda = 0.000179
iter 157: per_iter_time_cuda = 0.004757

iter 158: slack_cuda = 0.001690
iter 158: cpu_time_cuda = 0.002571
iter 158: gpu_time_cuda = 0.000881
iter 158: download_copy_time_cuda = 0.000068
iter 158: upload_copy_time_cuda = 0.000179
iter 158: per_iter_time_cuda = 0.003845

iter 159: slack_cuda = 0.001458
iter 159: cpu_time_cuda = 0.001466
iter 159: gpu_time_cuda = 0.000008
iter 159: download_copy_time_cuda = 0.000063
iter 159: upload_copy_time_cuda = 0.000177
iter 159: per_iter_time_cuda = 0.001761

total_cpu_time_cuda = 12.903185
total_gpu_time_cuda = 12.247932
total_copy_time_cuda = 0.158314
main_loop_time_cuda = 25.364304
Normalized difference of predicted CPU runtime per iteration is: 0.000000%
Normalized difference of predicted GPU runtime per iteration is: 0.000000%
Normalized difference of predicted slack per iteration is: 0.000000%
10240 10240     ---   (  ---  )     27.90 (  25.66)     ---   
total_time = 29.669757
26.35user 3.58system 0:31.07elapsed 96%CPU (0avgtext+0avgdata 972412maxresident)k
3912inputs+0outputs (1major+225070minor)pagefaults 0swaps
send out message: 22 3 log
