send out message: 24 37 /home/lchen/MAGMA/magma-1.3.0/results
send out message: 20 26 MAGMA_LU_GPUDVFS.total.pwr
MAGMA 1.5.0  compiled for CUDA capability >= 3.0
CUDA runtime 5000, driver 6050. MAGMA not compiled with OpenMP. 
device 0: Tesla K20c, 705.5 MHz clock, 4799.6 MB memory, capability 3.5
Usage: /home/lchen/MAGMA/test/magma-1.5.0/testing/testing_dgetrf [options] [-h|--help]

ngpu 1
    M     N   CPU GFlop/s (sec)   GPU GFlop/s (sec)   |PA-LU|/(N*|A|)
=========================================================================
init_time = 0.841718
iter 1: cpu_time_pred = 0.000000
iter 1: gpu_time_pred = 0.000000
iter 2: cpu_time_pred = 0.075164
iter 2: gpu_time_pred = 0.052897
iter 2: ratio_split_freq = 0.081030
iter 2: seconds_until_interrupt = 0.026553
iter 3: cpu_time_pred = 0.074188
iter 3: gpu_time_pred = 0.051532
iter 4: cpu_time_pred = 0.073212
iter 4: gpu_time_pred = 0.050185
iter 4: ratio_split_freq = 0.088324
iter 4: seconds_until_interrupt = 0.028187
iter 5: cpu_time_pred = 0.072235
iter 5: gpu_time_pred = 0.048856
iter 6: cpu_time_pred = 0.071259
iter 6: gpu_time_pred = 0.047544
iter 6: ratio_split_freq = 0.096018
iter 6: seconds_until_interrupt = 0.029819
iter 7: cpu_time_pred = 0.070283
iter 7: gpu_time_pred = 0.046250
iter 8: cpu_time_pred = 0.069307
iter 8: gpu_time_pred = 0.044975
iter 8: ratio_split_freq = 0.104145
iter 8: seconds_until_interrupt = 0.031451
iter 9: cpu_time_pred = 0.068331
iter 9: gpu_time_pred = 0.043717
iter 10: cpu_time_pred = 0.067355
iter 10: gpu_time_pred = 0.042477
iter 10: ratio_split_freq = 0.112743
iter 10: seconds_until_interrupt = 0.033082
iter 11: cpu_time_pred = 0.066378
iter 11: gpu_time_pred = 0.041254
iter 12: cpu_time_pred = 0.065402
iter 12: gpu_time_pred = 0.040050
iter 12: ratio_split_freq = 0.121855
iter 12: seconds_until_interrupt = 0.034711
iter 13: cpu_time_pred = 0.064426
iter 13: gpu_time_pred = 0.038863
iter 14: cpu_time_pred = 0.063450
iter 14: gpu_time_pred = 0.037694
iter 14: ratio_split_freq = 0.131527
iter 14: seconds_until_interrupt = 0.036340
iter 15: cpu_time_pred = 0.062474
iter 15: gpu_time_pred = 0.036544
iter 16: cpu_time_pred = 0.061498
iter 16: gpu_time_pred = 0.035410
iter 16: ratio_split_freq = 0.141814
iter 16: seconds_until_interrupt = 0.037967
iter 17: cpu_time_pred = 0.060522
iter 17: gpu_time_pred = 0.034295
iter 18: cpu_time_pred = 0.059545
iter 18: gpu_time_pred = 0.033198
iter 18: ratio_split_freq = 0.152774
iter 18: seconds_until_interrupt = 0.039593
iter 19: cpu_time_pred = 0.058569
iter 19: gpu_time_pred = 0.032118
iter 20: cpu_time_pred = 0.057593
iter 20: gpu_time_pred = 0.031057
iter 20: ratio_split_freq = 0.164479
iter 20: seconds_until_interrupt = 0.041217
iter 21: cpu_time_pred = 0.056617
iter 21: gpu_time_pred = 0.030013
iter 22: cpu_time_pred = 0.055641
iter 22: gpu_time_pred = 0.028987
iter 22: ratio_split_freq = 0.177004
iter 22: seconds_until_interrupt = 0.042840
iter 23: cpu_time_pred = 0.054665
iter 23: gpu_time_pred = 0.027979
iter 24: cpu_time_pred = 0.053688
iter 24: gpu_time_pred = 0.026988
iter 24: ratio_split_freq = 0.190440
iter 24: seconds_until_interrupt = 0.044460
iter 25: cpu_time_pred = 0.052712
iter 25: gpu_time_pred = 0.026016
iter 26: cpu_time_pred = 0.051736
iter 26: gpu_time_pred = 0.025061
iter 26: ratio_split_freq = 0.204891
iter 26: seconds_until_interrupt = 0.046078
iter 27: cpu_time_pred = 0.050760
iter 27: gpu_time_pred = 0.024124
iter 28: cpu_time_pred = 0.049784
iter 28: gpu_time_pred = 0.023206
iter 28: ratio_split_freq = 0.220475
iter 28: seconds_until_interrupt = 0.047694
iter 29: cpu_time_pred = 0.048808
iter 29: gpu_time_pred = 0.022304
iter 30: cpu_time_pred = 0.047832
iter 30: gpu_time_pred = 0.021421
iter 30: ratio_split_freq = 0.237330
iter 30: seconds_until_interrupt = 0.049308
iter 31: cpu_time_pred = 0.046855
iter 31: gpu_time_pred = 0.020556
iter 32: cpu_time_pred = 0.045879
iter 32: gpu_time_pred = 0.019708
iter 32: ratio_split_freq = 0.255621
iter 32: seconds_until_interrupt = 0.050918
iter 33: cpu_time_pred = 0.044903
iter 33: gpu_time_pred = 0.018878
iter 34: cpu_time_pred = 0.043927
iter 34: gpu_time_pred = 0.018067
iter 34: ratio_split_freq = 0.275537
iter 34: seconds_until_interrupt = 0.052525
iter 35: cpu_time_pred = 0.042951
iter 35: gpu_time_pred = 0.017273
iter 36: cpu_time_pred = 0.041975
iter 36: gpu_time_pred = 0.016496
iter 36: ratio_split_freq = 0.297306
iter 36: seconds_until_interrupt = 0.054128
iter 37: cpu_time_pred = 0.040998
iter 37: gpu_time_pred = 0.015738
iter 38: cpu_time_pred = 0.040022
iter 38: gpu_time_pred = 0.014997
iter 38: ratio_split_freq = 0.321199
iter 38: seconds_until_interrupt = 0.055726
iter 39: cpu_time_pred = 0.039046
iter 39: gpu_time_pred = 0.014275
iter 40: cpu_time_pred = 0.038070
iter 40: gpu_time_pred = 0.013570
iter 40: ratio_split_freq = 0.347542
iter 40: seconds_until_interrupt = 0.057319
iter 41: cpu_time_pred = 0.037094
iter 41: gpu_time_pred = 0.012883
iter 42: cpu_time_pred = 0.036118
iter 42: gpu_time_pred = 0.012214
iter 42: ratio_split_freq = 0.376734
iter 42: seconds_until_interrupt = 0.058907
iter 43: cpu_time_pred = 0.035142
iter 43: gpu_time_pred = 0.011563
iter 44: cpu_time_pred = 0.034165
iter 44: gpu_time_pred = 0.010929
iter 44: ratio_split_freq = 0.409261
iter 44: seconds_until_interrupt = 0.060487
iter 45: cpu_time_pred = 0.033189
iter 45: gpu_time_pred = 0.010314
iter 46: cpu_time_pred = 0.032213
iter 46: gpu_time_pred = 0.009716
iter 46: ratio_split_freq = 0.445731
iter 46: seconds_until_interrupt = 0.062059
iter 47: cpu_time_pred = 0.031237
iter 47: gpu_time_pred = 0.009136
iter 48: cpu_time_pred = 0.030261
iter 48: gpu_time_pred = 0.008574
iter 48: ratio_split_freq = 0.486907
iter 48: seconds_until_interrupt = 0.063621
iter 49: cpu_time_pred = 0.029285
iter 49: gpu_time_pred = 0.008030
iter 50: cpu_time_pred = 0.028308
iter 50: gpu_time_pred = 0.007503
iter 50: ratio_split_freq = 0.533762
iter 50: seconds_until_interrupt = 0.065171
iter 51: cpu_time_pred = 0.027332
iter 51: gpu_time_pred = 0.006995
iter 52: cpu_time_pred = 0.026356
iter 52: gpu_time_pred = 0.006504
iter 52: ratio_split_freq = 0.587559
iter 52: seconds_until_interrupt = 0.066707
iter 53: cpu_time_pred = 0.025380
iter 53: gpu_time_pred = 0.006031
iter 54: cpu_time_pred = 0.024404
iter 54: gpu_time_pred = 0.005576
iter 54: ratio_split_freq = 0.649964
iter 54: seconds_until_interrupt = 0.068225
iter 55: cpu_time_pred = 0.023428
iter 55: gpu_time_pred = 0.005139
iter 56: cpu_time_pred = 0.022452
iter 56: gpu_time_pred = 0.004720
iter 56: ratio_split_freq = 0.723221
iter 56: seconds_until_interrupt = 0.069720
iter 57: cpu_time_pred = 0.021475
iter 57: gpu_time_pred = 0.004318
iter 58: cpu_time_pred = 0.020499
iter 58: gpu_time_pred = 0.003934
iter 58: ratio_split_freq = 0.810432
iter 58: seconds_until_interrupt = 0.071186
iter 59: cpu_time_pred = 0.019523
iter 59: gpu_time_pred = 0.003569
iter 60: cpu_time_pred = 0.018547
iter 60: gpu_time_pred = 0.003221
iter 60: ratio_split_freq = 0.916004
iter 60: seconds_until_interrupt = 0.072615
iter 61: cpu_time_pred = 0.017571
iter 61: gpu_time_pred = 0.002891
iter 62: cpu_time_pred = 0.016595
iter 62: gpu_time_pred = 0.002578
iter 62: ratio_split_freq = 1.046415
iter 62: seconds_until_interrupt = 0.073992
iter 63: cpu_time_pred = 0.015618
iter 63: gpu_time_pred = 0.002284
iter 64: cpu_time_pred = 0.014642
iter 64: gpu_time_pred = 0.002007
iter 64: ratio_split_freq = 1.211604
iter 64: seconds_until_interrupt = 0.075298
iter 65: cpu_time_pred = 0.013666
iter 65: gpu_time_pred = 0.001749
iter 66: cpu_time_pred = 0.012690
iter 66: gpu_time_pred = 0.001508
iter 66: ratio_split_freq = 1.427619
iter 66: seconds_until_interrupt = 0.076501
iter 67: cpu_time_pred = 0.011714
iter 67: gpu_time_pred = 0.001285
iter 68: cpu_time_pred = 0.010738
iter 68: gpu_time_pred = 0.001080
iter 68: ratio_split_freq = 1.722185
iter 68: seconds_until_interrupt = 0.077545
iter 69: cpu_time_pred = 0.009762
iter 69: gpu_time_pred = 0.000892
iter 70: cpu_time_pred = 0.008785
iter 70: gpu_time_pred = 0.000723
iter 70: ratio_split_freq = 2.147670
iter 70: seconds_until_interrupt = 0.078330
iter 71: cpu_time_pred = 0.007809
iter 71: gpu_time_pred = 0.000571
iter 72: cpu_time_pred = 0.006833
iter 72: gpu_time_pred = 0.000437
iter 72: ratio_split_freq = 2.816289
iter 72: seconds_until_interrupt = 0.078642
iter 73: cpu_time_pred = 0.005857
iter 73: gpu_time_pred = 0.000321
iter 74: cpu_time_pred = 0.004881
iter 74: gpu_time_pred = 0.000223
iter 74: ratio_split_freq = 4.019803
iter 74: seconds_until_interrupt = 0.077951
iter 75: cpu_time_pred = 0.003905
iter 75: gpu_time_pred = 0.000143
iter 76: cpu_time_pred = 0.002928
iter 76: gpu_time_pred = 0.000080
iter 76: ratio_split_freq = 6.828002
iter 76: seconds_until_interrupt = 0.074478
iter 77: cpu_time_pred = 0.001952
iter 77: gpu_time_pred = 0.000036
iter 78: cpu_time_pred = 0.000976
iter 78: gpu_time_pred = 0.000009
iter 78: ratio_split_freq = 20.868998
iter 78: seconds_until_interrupt = 0.056909
iter 79: cpu_time_pred = 0.000000
iter 79: gpu_time_pred = 0.000000
 5120  5120     ---   (  ---  )     22.87 (   3.91)     ---   
total_time = 4.891590
4.39user 0.67system 0:06.18elapsed 81%CPU (0avgtext+0avgdata 357800maxresident)k
3912inputs+0outputs (1major+71462minor)pagefaults 0swaps
send out message: 22 3 log
