send out message: 24 37 /home/lchen/MAGMA/magma-1.5.0/results
send out message: 20 26 MAGMA_LU_GPUDVFS.total.pwr
MAGMA 1.5.0  compiled for CUDA capability >= 3.0
CUDA runtime 5000, driver 6050. MAGMA not compiled with OpenMP. 
device 0: Tesla K20c, 705.5 MHz clock, 4799.6 MB memory, capability 3.5
Usage: /home/lchen/MAGMA/magma-1.5.0/testing/testing_dgetrf [options] [-h|--help]

ngpu 1
    M     N   CPU GFlop/s (sec)   GPU GFlop/s (sec)   |PA-LU|/(N*|A|)
=========================================================================
init_time = 9.953991
iter 0: slack_cuda = 0.000000
iter 0: cpu_time_cuda = 0.000000
iter 0: gpu_time_cuda = 0.000000
iter 0: download_copy_time_cuda = 0.000000
iter 0: upload_copy_time_cuda = 0.002033
iter 0: per_iter_time_cuda = 0.003114

iter 1: slack_cuda = -0.620874
iter 1: cpu_time_cuda = 0.231012
iter 1: gpu_time_cuda = 0.851887
iter 1: download_copy_time_cuda = 0.001892
iter 1: upload_copy_time_cuda = 0.002022
iter 1: per_iter_time_cuda = 1.087890

iter 2: slack_cuda = -0.623167
iter 2: cpu_time_cuda = 0.230275
iter 2: gpu_time_cuda = 0.853443
iter 2: download_copy_time_cuda = 0.001874
iter 2: upload_copy_time_cuda = 0.002014
iter 2: per_iter_time_cuda = 1.088683

iter 3: slack_cuda = -0.615186
iter 3: cpu_time_cuda = 0.229904
iter 3: gpu_time_cuda = 0.845090
iter 3: download_copy_time_cuda = 0.001868
iter 3: upload_copy_time_cuda = 0.002012
iter 3: per_iter_time_cuda = 1.079923

iter 4: slack_cuda = -0.612636
iter 4: cpu_time_cuda = 0.228857
iter 4: gpu_time_cuda = 0.841493
iter 4: download_copy_time_cuda = 0.001866
iter 4: upload_copy_time_cuda = 0.002004
iter 4: per_iter_time_cuda = 1.075259

iter 5: slack_cuda = -0.607458
iter 5: cpu_time_cuda = 0.228097
iter 5: gpu_time_cuda = 0.835555
iter 5: download_copy_time_cuda = 0.001856
iter 5: upload_copy_time_cuda = 0.001997
iter 5: per_iter_time_cuda = 1.068540

iter 6: slack_cuda = -0.605420
iter 6: cpu_time_cuda = 0.227251
iter 6: gpu_time_cuda = 0.832671
iter 6: download_copy_time_cuda = 0.001851
iter 6: upload_copy_time_cuda = 0.001989
iter 6: per_iter_time_cuda = 1.064803

iter 7: slack_cuda = -0.596964
iter 7: cpu_time_cuda = 0.226566
iter 7: gpu_time_cuda = 0.823531
iter 7: download_copy_time_cuda = 0.001851
iter 7: upload_copy_time_cuda = 0.001983
iter 7: per_iter_time_cuda = 1.054945

iter 8: slack_cuda = -0.599200
iter 8: cpu_time_cuda = 0.226078
iter 8: gpu_time_cuda = 0.825278
iter 8: download_copy_time_cuda = 0.001838
iter 8: upload_copy_time_cuda = 0.001978
iter 8: per_iter_time_cuda = 1.056199

iter 9: slack_cuda = -0.588667
iter 9: cpu_time_cuda = 0.225569
iter 9: gpu_time_cuda = 0.814236
iter 9: download_copy_time_cuda = 0.001836
iter 9: upload_copy_time_cuda = 0.001971
iter 9: per_iter_time_cuda = 1.044656

iter 10: slack_cuda = -0.586272
iter 10: cpu_time_cuda = 0.224827
iter 10: gpu_time_cuda = 0.811099
iter 10: download_copy_time_cuda = 0.001834
iter 10: upload_copy_time_cuda = 0.001966
iter 10: per_iter_time_cuda = 1.040774

iter 11: slack_cuda = -0.577267
iter 11: cpu_time_cuda = 0.224210
iter 11: gpu_time_cuda = 0.801477
iter 11: download_copy_time_cuda = 0.001821
iter 11: upload_copy_time_cuda = 0.001954
iter 11: per_iter_time_cuda = 1.030500

iter 12: slack_cuda = -0.574135
iter 12: cpu_time_cuda = 0.224389
iter 12: gpu_time_cuda = 0.798524
iter 12: download_copy_time_cuda = 0.001817
iter 12: upload_copy_time_cuda = 0.001949
iter 12: per_iter_time_cuda = 1.027721

iter 13: slack_cuda = -0.566659
iter 13: cpu_time_cuda = 0.222572
iter 13: gpu_time_cuda = 0.789232
iter 13: download_copy_time_cuda = 0.001815
iter 13: upload_copy_time_cuda = 0.001947
iter 13: per_iter_time_cuda = 1.016595

iter 14: slack_cuda = -0.569795
iter 14: cpu_time_cuda = 0.222165
iter 14: gpu_time_cuda = 0.791960
iter 14: download_copy_time_cuda = 0.001820
iter 14: upload_copy_time_cuda = 0.001958
iter 14: per_iter_time_cuda = 1.018948

iter 15: slack_cuda = -0.558919
iter 15: cpu_time_cuda = 0.221458
iter 15: gpu_time_cuda = 0.780378
iter 15: download_copy_time_cuda = 0.001801
iter 15: upload_copy_time_cuda = 0.001929
iter 15: per_iter_time_cuda = 1.006579

iter 16: slack_cuda = -0.559948
iter 16: cpu_time_cuda = 0.220553
iter 16: gpu_time_cuda = 0.780501
iter 16: download_copy_time_cuda = 0.001797
iter 16: upload_copy_time_cuda = 0.001928
iter 16: per_iter_time_cuda = 1.005794

iter 17: slack_cuda = -0.551090
iter 17: cpu_time_cuda = 0.219903
iter 17: gpu_time_cuda = 0.770993
iter 17: download_copy_time_cuda = 0.001782
iter 17: upload_copy_time_cuda = 0.001922
iter 17: per_iter_time_cuda = 0.995597

iter 18: slack_cuda = -0.547723
iter 18: cpu_time_cuda = 0.219050
iter 18: gpu_time_cuda = 0.766773
iter 18: download_copy_time_cuda = 0.001782
iter 18: upload_copy_time_cuda = 0.001914
iter 18: per_iter_time_cuda = 0.990545

iter 19: slack_cuda = -0.540684
iter 19: cpu_time_cuda = 0.218270
iter 19: gpu_time_cuda = 0.758954
iter 19: download_copy_time_cuda = 0.001777
iter 19: upload_copy_time_cuda = 0.001910
iter 19: per_iter_time_cuda = 0.981924

iter 20: slack_cuda = -0.543948
iter 20: cpu_time_cuda = 0.217290
iter 20: gpu_time_cuda = 0.761238
iter 20: download_copy_time_cuda = 0.001765
iter 20: upload_copy_time_cuda = 0.001902
iter 20: per_iter_time_cuda = 0.983204

iter 21: slack_cuda = -0.532748
iter 21: cpu_time_cuda = 0.216540
iter 21: gpu_time_cuda = 0.749288
iter 21: download_copy_time_cuda = 0.001761
iter 21: upload_copy_time_cuda = 0.001895
iter 21: per_iter_time_cuda = 0.970488

iter 22: slack_cuda = -0.534472
iter 22: cpu_time_cuda = 0.215863
iter 22: gpu_time_cuda = 0.750335
iter 22: download_copy_time_cuda = 0.001762
iter 22: upload_copy_time_cuda = 0.001889
iter 22: per_iter_time_cuda = 0.970863

iter 23: slack_cuda = -0.528060
iter 23: cpu_time_cuda = 0.215047
iter 23: gpu_time_cuda = 0.743106
iter 23: download_copy_time_cuda = 0.001760
iter 23: upload_copy_time_cuda = 0.001883
iter 23: per_iter_time_cuda = 0.962800

iter 24: slack_cuda = -0.522196
iter 24: cpu_time_cuda = 0.215833
iter 24: gpu_time_cuda = 0.738029
iter 24: download_copy_time_cuda = 0.001749
iter 24: upload_copy_time_cuda = 0.001889
iter 24: per_iter_time_cuda = 0.958543

iter 25: slack_cuda = -0.515735
iter 25: cpu_time_cuda = 0.213679
iter 25: gpu_time_cuda = 0.729413
iter 25: download_copy_time_cuda = 0.001746
iter 25: upload_copy_time_cuda = 0.001867
iter 25: per_iter_time_cuda = 0.947707

iter 26: slack_cuda = -0.516955
iter 26: cpu_time_cuda = 0.212986
iter 26: gpu_time_cuda = 0.729942
iter 26: download_copy_time_cuda = 0.001736
iter 26: upload_copy_time_cuda = 0.001863
iter 26: per_iter_time_cuda = 0.947531

iter 27: slack_cuda = -0.508859
iter 27: cpu_time_cuda = 0.212292
iter 27: gpu_time_cuda = 0.721151
iter 27: download_copy_time_cuda = 0.001731
iter 27: upload_copy_time_cuda = 0.001854
iter 27: per_iter_time_cuda = 0.938026

iter 28: slack_cuda = -0.510291
iter 28: cpu_time_cuda = 0.211528
iter 28: gpu_time_cuda = 0.721819
iter 28: download_copy_time_cuda = 0.001718
iter 28: upload_copy_time_cuda = 0.001851
iter 28: per_iter_time_cuda = 0.937913

iter 29: slack_cuda = -0.500555
iter 29: cpu_time_cuda = 0.210893
iter 29: gpu_time_cuda = 0.711448
iter 29: download_copy_time_cuda = 0.001714
iter 29: upload_copy_time_cuda = 0.001840
iter 29: per_iter_time_cuda = 0.926888

iter 30: slack_cuda = -0.499355
iter 30: cpu_time_cuda = 0.210374
iter 30: gpu_time_cuda = 0.709728
iter 30: download_copy_time_cuda = 0.001711
iter 30: upload_copy_time_cuda = 0.001839
iter 30: per_iter_time_cuda = 0.924646

iter 31: slack_cuda = -0.490535
iter 31: cpu_time_cuda = 0.209581
iter 31: gpu_time_cuda = 0.700116
iter 31: download_copy_time_cuda = 0.001700
iter 31: upload_copy_time_cuda = 0.001830
iter 31: per_iter_time_cuda = 0.914192

iter 32: slack_cuda = -0.490876
iter 32: cpu_time_cuda = 0.208890
iter 32: gpu_time_cuda = 0.699766
iter 32: download_copy_time_cuda = 0.001697
iter 32: upload_copy_time_cuda = 0.001827
iter 32: per_iter_time_cuda = 0.913165

iter 33: slack_cuda = -0.481879
iter 33: cpu_time_cuda = 0.207841
iter 33: gpu_time_cuda = 0.689719
iter 33: download_copy_time_cuda = 0.001697
iter 33: upload_copy_time_cuda = 0.001822
iter 33: per_iter_time_cuda = 0.902069

iter 34: slack_cuda = -0.483710
iter 34: cpu_time_cuda = 0.207397
iter 34: gpu_time_cuda = 0.691106
iter 34: download_copy_time_cuda = 0.001694
iter 34: upload_copy_time_cuda = 0.001811
iter 34: per_iter_time_cuda = 0.902989

iter 35: slack_cuda = -0.478176
iter 35: cpu_time_cuda = 0.207244
iter 35: gpu_time_cuda = 0.685420
iter 35: download_copy_time_cuda = 0.001684
iter 35: upload_copy_time_cuda = 0.001832
iter 35: per_iter_time_cuda = 0.897174

iter 36: slack_cuda = -0.476804
iter 36: cpu_time_cuda = 0.205791
iter 36: gpu_time_cuda = 0.682595
iter 36: download_copy_time_cuda = 0.001678
iter 36: upload_copy_time_cuda = 0.001801
iter 36: per_iter_time_cuda = 0.892810

iter 37: slack_cuda = -0.469810
iter 37: cpu_time_cuda = 0.204772
iter 37: gpu_time_cuda = 0.674582
iter 37: download_copy_time_cuda = 0.001681
iter 37: upload_copy_time_cuda = 0.001791
iter 37: per_iter_time_cuda = 0.883772

iter 38: slack_cuda = -0.465579
iter 38: cpu_time_cuda = 0.204547
iter 38: gpu_time_cuda = 0.670126
iter 38: download_copy_time_cuda = 0.001681
iter 38: upload_copy_time_cuda = 0.001784
iter 38: per_iter_time_cuda = 0.879060

iter 39: slack_cuda = -0.458099
iter 39: cpu_time_cuda = 0.203752
iter 39: gpu_time_cuda = 0.661852
iter 39: download_copy_time_cuda = 0.001662
iter 39: upload_copy_time_cuda = 0.001783
iter 39: per_iter_time_cuda = 0.869981

iter 40: slack_cuda = -0.455149
iter 40: cpu_time_cuda = 0.206906
iter 40: gpu_time_cuda = 0.662054
iter 40: download_copy_time_cuda = 0.001651
iter 40: upload_copy_time_cuda = 0.001779
iter 40: per_iter_time_cuda = 0.873357

iter 41: slack_cuda = -0.458944
iter 41: cpu_time_cuda = 0.202081
iter 41: gpu_time_cuda = 0.661025
iter 41: download_copy_time_cuda = 0.001648
iter 41: upload_copy_time_cuda = 0.001771
iter 41: per_iter_time_cuda = 0.867469

iter 42: slack_cuda = -0.453506
iter 42: cpu_time_cuda = 0.201161
iter 42: gpu_time_cuda = 0.654666
iter 42: download_copy_time_cuda = 0.001646
iter 42: upload_copy_time_cuda = 0.001761
iter 42: per_iter_time_cuda = 0.860176

iter 43: slack_cuda = -0.445289
iter 43: cpu_time_cuda = 0.200757
iter 43: gpu_time_cuda = 0.646047
iter 43: download_copy_time_cuda = 0.001633
iter 43: upload_copy_time_cuda = 0.001755
iter 43: per_iter_time_cuda = 0.851134

iter 44: slack_cuda = -0.444051
iter 44: cpu_time_cuda = 0.199664
iter 44: gpu_time_cuda = 0.643715
iter 44: download_copy_time_cuda = 0.001631
iter 44: upload_copy_time_cuda = 0.001751
iter 44: per_iter_time_cuda = 0.847698

iter 45: slack_cuda = -0.435514
iter 45: cpu_time_cuda = 0.199110
iter 45: gpu_time_cuda = 0.634624
iter 45: download_copy_time_cuda = 0.001629
iter 45: upload_copy_time_cuda = 0.001742
iter 45: per_iter_time_cuda = 0.838032

iter 46: slack_cuda = -0.438304
iter 46: cpu_time_cuda = 0.198631
iter 46: gpu_time_cuda = 0.636935
iter 46: download_copy_time_cuda = 0.001615
iter 46: upload_copy_time_cuda = 0.001763
iter 46: per_iter_time_cuda = 0.839885

iter 47: slack_cuda = -0.431230
iter 47: cpu_time_cuda = 0.197908
iter 47: gpu_time_cuda = 0.629137
iter 47: download_copy_time_cuda = 0.001627
iter 47: upload_copy_time_cuda = 0.001735
iter 47: per_iter_time_cuda = 0.831328

iter 48: slack_cuda = -0.431081
iter 48: cpu_time_cuda = 0.196612
iter 48: gpu_time_cuda = 0.627693
iter 48: download_copy_time_cuda = 0.001611
iter 48: upload_copy_time_cuda = 0.001725
iter 48: per_iter_time_cuda = 0.828557

iter 49: slack_cuda = -0.422437
iter 49: cpu_time_cuda = 0.196578
iter 49: gpu_time_cuda = 0.619015
iter 49: download_copy_time_cuda = 0.001599
iter 49: upload_copy_time_cuda = 0.001721
iter 49: per_iter_time_cuda = 0.819815

iter 50: slack_cuda = -0.418888
iter 50: cpu_time_cuda = 0.195685
iter 50: gpu_time_cuda = 0.614573
iter 50: download_copy_time_cuda = 0.001599
iter 50: upload_copy_time_cuda = 0.001717
iter 50: per_iter_time_cuda = 0.814491

iter 51: slack_cuda = -0.413265
iter 51: cpu_time_cuda = 0.194763
iter 51: gpu_time_cuda = 0.608028
iter 51: download_copy_time_cuda = 0.001596
iter 51: upload_copy_time_cuda = 0.001708
iter 51: per_iter_time_cuda = 0.807005

iter 52: slack_cuda = -0.415605
iter 52: cpu_time_cuda = 0.194237
iter 52: gpu_time_cuda = 0.609842
iter 52: download_copy_time_cuda = 0.001581
iter 52: upload_copy_time_cuda = 0.001702
iter 52: per_iter_time_cuda = 0.808271

iter 53: slack_cuda = -0.406132
iter 53: cpu_time_cuda = 0.194666
iter 53: gpu_time_cuda = 0.600798
iter 53: download_copy_time_cuda = 0.001578
iter 53: upload_copy_time_cuda = 0.001702
iter 53: per_iter_time_cuda = 0.799673

iter 54: slack_cuda = -0.408129
iter 54: cpu_time_cuda = 0.192972
iter 54: gpu_time_cuda = 0.601101
iter 54: download_copy_time_cuda = 0.001574
iter 54: upload_copy_time_cuda = 0.001684
iter 54: per_iter_time_cuda = 0.798235

iter 55: slack_cuda = -0.403179
iter 55: cpu_time_cuda = 0.192061
iter 55: gpu_time_cuda = 0.595240
iter 55: download_copy_time_cuda = 0.001565
iter 55: upload_copy_time_cuda = 0.001677
iter 55: per_iter_time_cuda = 0.791452

iter 56: slack_cuda = -0.397564
iter 56: cpu_time_cuda = 0.191436
iter 56: gpu_time_cuda = 0.589000
iter 56: download_copy_time_cuda = 0.001567
iter 56: upload_copy_time_cuda = 0.001679
iter 56: per_iter_time_cuda = 0.784579

iter 57: slack_cuda = -0.390691
iter 57: cpu_time_cuda = 0.190799
iter 57: gpu_time_cuda = 0.581491
iter 57: download_copy_time_cuda = 0.001560
iter 57: upload_copy_time_cuda = 0.001664
iter 57: per_iter_time_cuda = 0.776400

iter 58: slack_cuda = -0.392181
iter 58: cpu_time_cuda = 0.189995
iter 58: gpu_time_cuda = 0.582176
iter 58: download_copy_time_cuda = 0.001545
iter 58: upload_copy_time_cuda = 0.001666
iter 58: per_iter_time_cuda = 0.776271

iter 59: slack_cuda = -0.384299
iter 59: cpu_time_cuda = 0.189440
iter 59: gpu_time_cuda = 0.573740
iter 59: download_copy_time_cuda = 0.001542
iter 59: upload_copy_time_cuda = 0.001652
iter 59: per_iter_time_cuda = 0.767267

iter 60: slack_cuda = -0.387710
iter 60: cpu_time_cuda = 0.188613
iter 60: gpu_time_cuda = 0.576322
iter 60: download_copy_time_cuda = 0.001531
iter 60: upload_copy_time_cuda = 0.001649
iter 60: per_iter_time_cuda = 0.769016

iter 61: slack_cuda = -0.379686
iter 61: cpu_time_cuda = 0.187475
iter 61: gpu_time_cuda = 0.567161
iter 61: download_copy_time_cuda = 0.001529
iter 61: upload_copy_time_cuda = 0.001645
iter 61: per_iter_time_cuda = 0.758707

iter 62: slack_cuda = -0.377106
iter 62: cpu_time_cuda = 0.186635
iter 62: gpu_time_cuda = 0.563741
iter 62: download_copy_time_cuda = 0.001526
iter 62: upload_copy_time_cuda = 0.001635
iter 62: per_iter_time_cuda = 0.754424

iter 63: slack_cuda = -0.369651
iter 63: cpu_time_cuda = 0.186118
iter 63: gpu_time_cuda = 0.555769
iter 63: download_copy_time_cuda = 0.001523
iter 63: upload_copy_time_cuda = 0.001629
iter 63: per_iter_time_cuda = 0.745959

iter 64: slack_cuda = -0.368508
iter 64: cpu_time_cuda = 0.187188
iter 64: gpu_time_cuda = 0.555696
iter 64: download_copy_time_cuda = 0.001523
iter 64: upload_copy_time_cuda = 0.001638
iter 64: per_iter_time_cuda = 0.746941

iter 65: slack_cuda = -0.361779
iter 65: cpu_time_cuda = 0.185127
iter 65: gpu_time_cuda = 0.546906
iter 65: download_copy_time_cuda = 0.001511
iter 65: upload_copy_time_cuda = 0.001615
iter 65: per_iter_time_cuda = 0.736037

iter 66: slack_cuda = -0.361113
iter 66: cpu_time_cuda = 0.185452
iter 66: gpu_time_cuda = 0.546565
iter 66: download_copy_time_cuda = 0.001500
iter 66: upload_copy_time_cuda = 0.001665
iter 66: per_iter_time_cuda = 0.736574

iter 67: slack_cuda = -0.363550
iter 67: cpu_time_cuda = 0.183491
iter 67: gpu_time_cuda = 0.547040
iter 67: download_copy_time_cuda = 0.001498
iter 67: upload_copy_time_cuda = 0.001606
iter 67: per_iter_time_cuda = 0.734504

iter 68: slack_cuda = -0.357076
iter 68: cpu_time_cuda = 0.183121
iter 68: gpu_time_cuda = 0.540196
iter 68: download_copy_time_cuda = 0.001492
iter 68: upload_copy_time_cuda = 0.001597
iter 68: per_iter_time_cuda = 0.727275

iter 69: slack_cuda = -0.350652
iter 69: cpu_time_cuda = 0.182070
iter 69: gpu_time_cuda = 0.532722
iter 69: download_copy_time_cuda = 0.001481
iter 69: upload_copy_time_cuda = 0.001591
iter 69: per_iter_time_cuda = 0.718709

iter 70: slack_cuda = -0.347277
iter 70: cpu_time_cuda = 0.182520
iter 70: gpu_time_cuda = 0.529797
iter 70: download_copy_time_cuda = 0.001476
iter 70: upload_copy_time_cuda = 0.001584
iter 70: per_iter_time_cuda = 0.716243

iter 71: slack_cuda = -0.343488
iter 71: cpu_time_cuda = 0.180909
iter 71: gpu_time_cuda = 0.524398
iter 71: download_copy_time_cuda = 0.001475
iter 71: upload_copy_time_cuda = 0.001576
iter 71: per_iter_time_cuda = 0.709218

iter 72: slack_cuda = -0.345158
iter 72: cpu_time_cuda = 0.179938
iter 72: gpu_time_cuda = 0.525095
iter 72: download_copy_time_cuda = 0.001464
iter 72: upload_copy_time_cuda = 0.001575
iter 72: per_iter_time_cuda = 0.708924

iter 73: slack_cuda = -0.338517
iter 73: cpu_time_cuda = 0.179772
iter 73: gpu_time_cuda = 0.518289
iter 73: download_copy_time_cuda = 0.001478
iter 73: upload_copy_time_cuda = 0.001568
iter 73: per_iter_time_cuda = 0.701952

iter 74: slack_cuda = -0.335866
iter 74: cpu_time_cuda = 0.178913
iter 74: gpu_time_cuda = 0.514779
iter 74: download_copy_time_cuda = 0.001457
iter 74: upload_copy_time_cuda = 0.001560
iter 74: per_iter_time_cuda = 0.697555

iter 75: slack_cuda = -0.328792
iter 75: cpu_time_cuda = 0.178206
iter 75: gpu_time_cuda = 0.506998
iter 75: download_copy_time_cuda = 0.001449
iter 75: upload_copy_time_cuda = 0.001558
iter 75: per_iter_time_cuda = 0.689054

iter 76: slack_cuda = -0.327413
iter 76: cpu_time_cuda = 0.177099
iter 76: gpu_time_cuda = 0.504513
iter 76: download_copy_time_cuda = 0.001442
iter 76: upload_copy_time_cuda = 0.001548
iter 76: per_iter_time_cuda = 0.685448

iter 77: slack_cuda = -0.321785
iter 77: cpu_time_cuda = 0.176403
iter 77: gpu_time_cuda = 0.498188
iter 77: download_copy_time_cuda = 0.001441
iter 77: upload_copy_time_cuda = 0.001543
iter 77: per_iter_time_cuda = 0.678414

iter 78: slack_cuda = -0.324759
iter 78: cpu_time_cuda = 0.175625
iter 78: gpu_time_cuda = 0.500384
iter 78: download_copy_time_cuda = 0.001431
iter 78: upload_copy_time_cuda = 0.001534
iter 78: per_iter_time_cuda = 0.679815

iter 79: slack_cuda = -0.316023
iter 79: cpu_time_cuda = 0.174910
iter 79: gpu_time_cuda = 0.490932
iter 79: download_copy_time_cuda = 0.001424
iter 79: upload_copy_time_cuda = 0.001528
iter 79: per_iter_time_cuda = 0.669628

iter 80: slack_cuda = -0.315683
iter 80: cpu_time_cuda = 0.174825
iter 80: gpu_time_cuda = 0.490508
iter 80: download_copy_time_cuda = 0.001424
iter 80: upload_copy_time_cuda = 0.001550
iter 80: per_iter_time_cuda = 0.669207

iter 81: slack_cuda = -0.312177
iter 81: cpu_time_cuda = 0.173723
iter 81: gpu_time_cuda = 0.485900
iter 81: download_copy_time_cuda = 0.001415
iter 81: upload_copy_time_cuda = 0.001520
iter 81: per_iter_time_cuda = 0.663382

iter 82: slack_cuda = -0.309268
iter 82: cpu_time_cuda = 0.172851
iter 82: gpu_time_cuda = 0.482119
iter 82: download_copy_time_cuda = 0.001409
iter 82: upload_copy_time_cuda = 0.001511
iter 82: per_iter_time_cuda = 0.658714

iter 83: slack_cuda = -0.300369
iter 83: cpu_time_cuda = 0.172376
iter 83: gpu_time_cuda = 0.472744
iter 83: download_copy_time_cuda = 0.001405
iter 83: upload_copy_time_cuda = 0.001504
iter 83: per_iter_time_cuda = 0.648839

iter 84: slack_cuda = -0.302931
iter 84: cpu_time_cuda = 0.171591
iter 84: gpu_time_cuda = 0.474522
iter 84: download_copy_time_cuda = 0.001390
iter 84: upload_copy_time_cuda = 0.001496
iter 84: per_iter_time_cuda = 0.649817

iter 85: slack_cuda = -0.292059
iter 85: cpu_time_cuda = 0.173807
iter 85: gpu_time_cuda = 0.465867
iter 85: download_copy_time_cuda = 0.001389
iter 85: upload_copy_time_cuda = 0.001492
iter 85: per_iter_time_cuda = 0.643359

iter 86: slack_cuda = -0.298649
iter 86: cpu_time_cuda = 0.169661
iter 86: gpu_time_cuda = 0.468311
iter 86: download_copy_time_cuda = 0.001389
iter 86: upload_copy_time_cuda = 0.001486
iter 86: per_iter_time_cuda = 0.641668

iter 87: slack_cuda = -0.294526
iter 87: cpu_time_cuda = 0.169012
iter 87: gpu_time_cuda = 0.463538
iter 87: download_copy_time_cuda = 0.001376
iter 87: upload_copy_time_cuda = 0.001475
iter 87: per_iter_time_cuda = 0.636210

iter 88: slack_cuda = -0.289071
iter 88: cpu_time_cuda = 0.169485
iter 88: gpu_time_cuda = 0.458556
iter 88: download_copy_time_cuda = 0.001377
iter 88: upload_copy_time_cuda = 0.001499
iter 88: per_iter_time_cuda = 0.631787

iter 89: slack_cuda = -0.281831
iter 89: cpu_time_cuda = 0.167646
iter 89: gpu_time_cuda = 0.449476
iter 89: download_copy_time_cuda = 0.001381
iter 89: upload_copy_time_cuda = 0.001468
iter 89: per_iter_time_cuda = 0.620772

iter 90: slack_cuda = -0.283236
iter 90: cpu_time_cuda = 0.167340
iter 90: gpu_time_cuda = 0.450576
iter 90: download_copy_time_cuda = 0.001358
iter 90: upload_copy_time_cuda = 0.001458
iter 90: per_iter_time_cuda = 0.621518

iter 91: slack_cuda = -0.277552
iter 91: cpu_time_cuda = 0.166316
iter 91: gpu_time_cuda = 0.443868
iter 91: download_copy_time_cuda = 0.001355
iter 91: upload_copy_time_cuda = 0.001456
iter 91: per_iter_time_cuda = 0.613779

iter 92: slack_cuda = -0.283198
iter 92: cpu_time_cuda = 0.165888
iter 92: gpu_time_cuda = 0.449086
iter 92: download_copy_time_cuda = 0.001355
iter 92: upload_copy_time_cuda = 0.001444
iter 92: per_iter_time_cuda = 0.618559

iter 93: slack_cuda = -0.272383
iter 93: cpu_time_cuda = 0.164654
iter 93: gpu_time_cuda = 0.437037
iter 93: download_copy_time_cuda = 0.001342
iter 93: upload_copy_time_cuda = 0.001437
iter 93: per_iter_time_cuda = 0.605250

iter 94: slack_cuda = -0.270214
iter 94: cpu_time_cuda = 0.164356
iter 94: gpu_time_cuda = 0.434570
iter 94: download_copy_time_cuda = 0.001338
iter 94: upload_copy_time_cuda = 0.001433
iter 94: per_iter_time_cuda = 0.602470

iter 95: slack_cuda = -0.267225
iter 95: cpu_time_cuda = 0.163364
iter 95: gpu_time_cuda = 0.430589
iter 95: download_copy_time_cuda = 0.001334
iter 95: upload_copy_time_cuda = 0.001422
iter 95: per_iter_time_cuda = 0.597484

iter 96: slack_cuda = -0.263665
iter 96: cpu_time_cuda = 0.163293
iter 96: gpu_time_cuda = 0.426958
iter 96: download_copy_time_cuda = 0.001322
iter 96: upload_copy_time_cuda = 0.001443
iter 96: per_iter_time_cuda = 0.593855

iter 97: slack_cuda = -0.256522
iter 97: cpu_time_cuda = 0.162454
iter 97: gpu_time_cuda = 0.418976
iter 97: download_copy_time_cuda = 0.001332
iter 97: upload_copy_time_cuda = 0.001416
iter 97: per_iter_time_cuda = 0.584951

iter 98: slack_cuda = -0.258856
iter 98: cpu_time_cuda = 0.161755
iter 98: gpu_time_cuda = 0.420611
iter 98: download_copy_time_cuda = 0.001318
iter 98: upload_copy_time_cuda = 0.001406
iter 98: per_iter_time_cuda = 0.585853

iter 99: slack_cuda = -0.259596
iter 99: cpu_time_cuda = 0.160579
iter 99: gpu_time_cuda = 0.420174
iter 99: download_copy_time_cuda = 0.001305
iter 99: upload_copy_time_cuda = 0.001403
iter 99: per_iter_time_cuda = 0.584227

iter 100: slack_cuda = -0.256518
iter 100: cpu_time_cuda = 0.159838
iter 100: gpu_time_cuda = 0.416356
iter 100: download_copy_time_cuda = 0.001304
iter 100: upload_copy_time_cuda = 0.001391
iter 100: per_iter_time_cuda = 0.579652

iter 101: slack_cuda = -0.247655
iter 101: cpu_time_cuda = 0.159064
iter 101: gpu_time_cuda = 0.406719
iter 101: download_copy_time_cuda = 0.001301
iter 101: upload_copy_time_cuda = 0.001386
iter 101: per_iter_time_cuda = 0.569212

iter 102: slack_cuda = -0.245920
iter 102: cpu_time_cuda = 0.158558
iter 102: gpu_time_cuda = 0.404478
iter 102: download_copy_time_cuda = 0.001286
iter 102: upload_copy_time_cuda = 0.001384
iter 102: per_iter_time_cuda = 0.566455

iter 103: slack_cuda = -0.240197
iter 103: cpu_time_cuda = 0.158173
iter 103: gpu_time_cuda = 0.398370
iter 103: download_copy_time_cuda = 0.001284
iter 103: upload_copy_time_cuda = 0.001383
iter 103: per_iter_time_cuda = 0.559958

iter 104: slack_cuda = -0.244634
iter 104: cpu_time_cuda = 0.156831
iter 104: gpu_time_cuda = 0.401465
iter 104: download_copy_time_cuda = 0.001285
iter 104: upload_copy_time_cuda = 0.001371
iter 104: per_iter_time_cuda = 0.561686

iter 105: slack_cuda = -0.240118
iter 105: cpu_time_cuda = 0.156975
iter 105: gpu_time_cuda = 0.397092
iter 105: download_copy_time_cuda = 0.001269
iter 105: upload_copy_time_cuda = 0.001385
iter 105: per_iter_time_cuda = 0.557521

iter 106: slack_cuda = -0.237159
iter 106: cpu_time_cuda = 0.155044
iter 106: gpu_time_cuda = 0.392203
iter 106: download_copy_time_cuda = 0.001275
iter 106: upload_copy_time_cuda = 0.001353
iter 106: per_iter_time_cuda = 0.550623

iter 107: slack_cuda = -0.230132
iter 107: cpu_time_cuda = 0.154536
iter 107: gpu_time_cuda = 0.384668
iter 107: download_copy_time_cuda = 0.001256
iter 107: upload_copy_time_cuda = 0.001345
iter 107: per_iter_time_cuda = 0.542549

iter 108: slack_cuda = -0.228975
iter 108: cpu_time_cuda = 0.153674
iter 108: gpu_time_cuda = 0.382649
iter 108: download_copy_time_cuda = 0.001275
iter 108: upload_copy_time_cuda = 0.001346
iter 108: per_iter_time_cuda = 0.539689

iter 109: slack_cuda = -0.225407
iter 109: cpu_time_cuda = 0.153053
iter 109: gpu_time_cuda = 0.378460
iter 109: download_copy_time_cuda = 0.001249
iter 109: upload_copy_time_cuda = 0.001334
iter 109: per_iter_time_cuda = 0.534838

iter 110: slack_cuda = -0.225802
iter 110: cpu_time_cuda = 0.152716
iter 110: gpu_time_cuda = 0.378518
iter 110: download_copy_time_cuda = 0.001240
iter 110: upload_copy_time_cuda = 0.001329
iter 110: per_iter_time_cuda = 0.534540

iter 111: slack_cuda = -0.219728
iter 111: cpu_time_cuda = 0.152008
iter 111: gpu_time_cuda = 0.371736
iter 111: download_copy_time_cuda = 0.001233
iter 111: upload_copy_time_cuda = 0.001323
iter 111: per_iter_time_cuda = 0.527035

iter 112: slack_cuda = -0.219721
iter 112: cpu_time_cuda = 0.150829
iter 112: gpu_time_cuda = 0.370551
iter 112: download_copy_time_cuda = 0.001233
iter 112: upload_copy_time_cuda = 0.001319
iter 112: per_iter_time_cuda = 0.524658

iter 113: slack_cuda = -0.214409
iter 113: cpu_time_cuda = 0.150604
iter 113: gpu_time_cuda = 0.365013
iter 113: download_copy_time_cuda = 0.001219
iter 113: upload_copy_time_cuda = 0.001307
iter 113: per_iter_time_cuda = 0.518863

iter 114: slack_cuda = -0.214544
iter 114: cpu_time_cuda = 0.149966
iter 114: gpu_time_cuda = 0.364510
iter 114: download_copy_time_cuda = 0.001219
iter 114: upload_copy_time_cuda = 0.001331
iter 114: per_iter_time_cuda = 0.517816

iter 115: slack_cuda = -0.207135
iter 115: cpu_time_cuda = 0.148812
iter 115: gpu_time_cuda = 0.355947
iter 115: download_copy_time_cuda = 0.001221
iter 115: upload_copy_time_cuda = 0.001297
iter 115: per_iter_time_cuda = 0.507989

iter 116: slack_cuda = -0.208628
iter 116: cpu_time_cuda = 0.148060
iter 116: gpu_time_cuda = 0.356689
iter 116: download_copy_time_cuda = 0.001203
iter 116: upload_copy_time_cuda = 0.001301
iter 116: per_iter_time_cuda = 0.507971

iter 117: slack_cuda = -0.202117
iter 117: cpu_time_cuda = 0.147479
iter 117: gpu_time_cuda = 0.349597
iter 117: download_copy_time_cuda = 0.001199
iter 117: upload_copy_time_cuda = 0.001287
iter 117: per_iter_time_cuda = 0.500261

iter 118: slack_cuda = -0.205618
iter 118: cpu_time_cuda = 0.146587
iter 118: gpu_time_cuda = 0.352205
iter 118: download_copy_time_cuda = 0.001197
iter 118: upload_copy_time_cuda = 0.001279
iter 118: per_iter_time_cuda = 0.501962

iter 119: slack_cuda = -0.203202
iter 119: cpu_time_cuda = 0.145894
iter 119: gpu_time_cuda = 0.349096
iter 119: download_copy_time_cuda = 0.001184
iter 119: upload_copy_time_cuda = 0.001272
iter 119: per_iter_time_cuda = 0.498149

iter 120: slack_cuda = -0.196620
iter 120: cpu_time_cuda = 0.149352
iter 120: gpu_time_cuda = 0.345972
iter 120: download_copy_time_cuda = 0.001181
iter 120: upload_copy_time_cuda = 0.001268
iter 120: per_iter_time_cuda = 0.498478

iter 121: slack_cuda = -0.192563
iter 121: cpu_time_cuda = 0.144923
iter 121: gpu_time_cuda = 0.337485
iter 121: download_copy_time_cuda = 0.001180
iter 121: upload_copy_time_cuda = 0.001261
iter 121: per_iter_time_cuda = 0.485536

iter 122: slack_cuda = -0.190875
iter 122: cpu_time_cuda = 0.147991
iter 122: gpu_time_cuda = 0.338866
iter 122: download_copy_time_cuda = 0.001167
iter 122: upload_copy_time_cuda = 0.001250
iter 122: per_iter_time_cuda = 0.489956

iter 123: slack_cuda = -0.189567
iter 123: cpu_time_cuda = 0.143126
iter 123: gpu_time_cuda = 0.332694
iter 123: download_copy_time_cuda = 0.001162
iter 123: upload_copy_time_cuda = 0.001245
iter 123: per_iter_time_cuda = 0.478908

iter 124: slack_cuda = -0.189024
iter 124: cpu_time_cuda = 0.143267
iter 124: gpu_time_cuda = 0.332291
iter 124: download_copy_time_cuda = 0.001163
iter 124: upload_copy_time_cuda = 0.001266
iter 124: per_iter_time_cuda = 0.478731

iter 125: slack_cuda = -0.184001
iter 125: cpu_time_cuda = 0.141708
iter 125: gpu_time_cuda = 0.325710
iter 125: download_copy_time_cuda = 0.001152
iter 125: upload_copy_time_cuda = 0.001236
iter 125: per_iter_time_cuda = 0.470479

iter 126: slack_cuda = -0.181462
iter 126: cpu_time_cuda = 0.140712
iter 126: gpu_time_cuda = 0.322175
iter 126: download_copy_time_cuda = 0.001143
iter 126: upload_copy_time_cuda = 0.001225
iter 126: per_iter_time_cuda = 0.465925

iter 127: slack_cuda = -0.175570
iter 127: cpu_time_cuda = 0.139958
iter 127: gpu_time_cuda = 0.315527
iter 127: download_copy_time_cuda = 0.001146
iter 127: upload_copy_time_cuda = 0.001221
iter 127: per_iter_time_cuda = 0.458567

iter 128: slack_cuda = -0.174949
iter 128: cpu_time_cuda = 0.139220
iter 128: gpu_time_cuda = 0.314169
iter 128: download_copy_time_cuda = 0.001130
iter 128: upload_copy_time_cuda = 0.001219
iter 128: per_iter_time_cuda = 0.456445

iter 129: slack_cuda = -0.170470
iter 129: cpu_time_cuda = 0.138617
iter 129: gpu_time_cuda = 0.309088
iter 129: download_copy_time_cuda = 0.001132
iter 129: upload_copy_time_cuda = 0.001208
iter 129: per_iter_time_cuda = 0.450738

iter 130: slack_cuda = -0.175574
iter 130: cpu_time_cuda = 0.137945
iter 130: gpu_time_cuda = 0.313520
iter 130: download_copy_time_cuda = 0.001131
iter 130: upload_copy_time_cuda = 0.001206
iter 130: per_iter_time_cuda = 0.454507

iter 131: slack_cuda = -0.169419
iter 131: cpu_time_cuda = 0.137580
iter 131: gpu_time_cuda = 0.306999
iter 131: download_copy_time_cuda = 0.001115
iter 131: upload_copy_time_cuda = 0.001196
iter 131: per_iter_time_cuda = 0.447577

iter 132: slack_cuda = -0.167635
iter 132: cpu_time_cuda = 0.136643
iter 132: gpu_time_cuda = 0.304278
iter 132: download_copy_time_cuda = 0.001115
iter 132: upload_copy_time_cuda = 0.001190
iter 132: per_iter_time_cuda = 0.443925

iter 133: slack_cuda = -0.161449
iter 133: cpu_time_cuda = 0.135894
iter 133: gpu_time_cuda = 0.297342
iter 133: download_copy_time_cuda = 0.001114
iter 133: upload_copy_time_cuda = 0.001189
iter 133: per_iter_time_cuda = 0.436224

iter 134: slack_cuda = -0.160691
iter 134: cpu_time_cuda = 0.135161
iter 134: gpu_time_cuda = 0.295852
iter 134: download_copy_time_cuda = 0.001098
iter 134: upload_copy_time_cuda = 0.001177
iter 134: per_iter_time_cuda = 0.433968

iter 135: slack_cuda = -0.156928
iter 135: cpu_time_cuda = 0.135036
iter 135: gpu_time_cuda = 0.291964
iter 135: download_copy_time_cuda = 0.001096
iter 135: upload_copy_time_cuda = 0.001202
iter 135: per_iter_time_cuda = 0.430028

iter 136: slack_cuda = -0.162161
iter 136: cpu_time_cuda = 0.133777
iter 136: gpu_time_cuda = 0.295938
iter 136: download_copy_time_cuda = 0.001092
iter 136: upload_copy_time_cuda = 0.001166
iter 136: per_iter_time_cuda = 0.432647

iter 137: slack_cuda = -0.154162
iter 137: cpu_time_cuda = 0.133206
iter 137: gpu_time_cuda = 0.287367
iter 137: download_copy_time_cuda = 0.001081
iter 137: upload_copy_time_cuda = 0.001159
iter 137: per_iter_time_cuda = 0.423477

iter 138: slack_cuda = -0.152630
iter 138: cpu_time_cuda = 0.132804
iter 138: gpu_time_cuda = 0.285434
iter 138: download_copy_time_cuda = 0.001076
iter 138: upload_copy_time_cuda = 0.001155
iter 138: per_iter_time_cuda = 0.421154

iter 139: slack_cuda = -0.148258
iter 139: cpu_time_cuda = 0.131680
iter 139: gpu_time_cuda = 0.279938
iter 139: download_copy_time_cuda = 0.001078
iter 139: upload_copy_time_cuda = 0.001148
iter 139: per_iter_time_cuda = 0.414519

iter 140: slack_cuda = -0.148695
iter 140: cpu_time_cuda = 0.130935
iter 140: gpu_time_cuda = 0.279630
iter 140: download_copy_time_cuda = 0.001062
iter 140: upload_copy_time_cuda = 0.001133
iter 140: per_iter_time_cuda = 0.413432

iter 141: slack_cuda = -0.143413
iter 141: cpu_time_cuda = 0.130444
iter 141: gpu_time_cuda = 0.273857
iter 141: download_copy_time_cuda = 0.001058
iter 141: upload_copy_time_cuda = 0.001140
iter 141: per_iter_time_cuda = 0.407167

iter 142: slack_cuda = -0.144608
iter 142: cpu_time_cuda = 0.129428
iter 142: gpu_time_cuda = 0.274036
iter 142: download_copy_time_cuda = 0.001059
iter 142: upload_copy_time_cuda = 0.001129
iter 142: per_iter_time_cuda = 0.406318

iter 143: slack_cuda = -0.136813
iter 143: cpu_time_cuda = 0.129869
iter 143: gpu_time_cuda = 0.266682
iter 143: download_copy_time_cuda = 0.001048
iter 143: upload_copy_time_cuda = 0.001124
iter 143: per_iter_time_cuda = 0.399388

iter 144: slack_cuda = -0.140077
iter 144: cpu_time_cuda = 0.128063
iter 144: gpu_time_cuda = 0.268140
iter 144: download_copy_time_cuda = 0.001044
iter 144: upload_copy_time_cuda = 0.001116
iter 144: per_iter_time_cuda = 0.399032

iter 145: slack_cuda = -0.137739
iter 145: cpu_time_cuda = 0.127379
iter 145: gpu_time_cuda = 0.265118
iter 145: download_copy_time_cuda = 0.001033
iter 145: upload_copy_time_cuda = 0.001108
iter 145: per_iter_time_cuda = 0.395279

iter 146: slack_cuda = -0.138142
iter 146: cpu_time_cuda = 0.126656
iter 146: gpu_time_cuda = 0.264799
iter 146: download_copy_time_cuda = 0.001029
iter 146: upload_copy_time_cuda = 0.001104
iter 146: per_iter_time_cuda = 0.394251

iter 147: slack_cuda = -0.114648
iter 147: cpu_time_cuda = 0.140905
iter 147: gpu_time_cuda = 0.255552
iter 147: download_copy_time_cuda = 0.001024
iter 147: upload_copy_time_cuda = 0.001124
iter 147: per_iter_time_cuda = 0.399261

iter 148: slack_cuda = -0.131586
iter 148: cpu_time_cuda = 0.125369
iter 148: gpu_time_cuda = 0.256955
iter 148: download_copy_time_cuda = 0.001030
iter 148: upload_copy_time_cuda = 0.001088
iter 148: per_iter_time_cuda = 0.385075

iter 149: slack_cuda = -0.126195
iter 149: cpu_time_cuda = 0.124250
iter 149: gpu_time_cuda = 0.250445
iter 149: download_copy_time_cuda = 0.001012
iter 149: upload_copy_time_cuda = 0.001089
iter 149: per_iter_time_cuda = 0.377429

iter 150: slack_cuda = -0.134143
iter 150: cpu_time_cuda = 0.123463
iter 150: gpu_time_cuda = 0.257606
iter 150: download_copy_time_cuda = 0.001009
iter 150: upload_copy_time_cuda = 0.001080
iter 150: per_iter_time_cuda = 0.383798

iter 151: slack_cuda = -0.128862
iter 151: cpu_time_cuda = 0.123095
iter 151: gpu_time_cuda = 0.251956
iter 151: download_copy_time_cuda = 0.000999
iter 151: upload_copy_time_cuda = 0.001068
iter 151: per_iter_time_cuda = 0.377752

iter 152: slack_cuda = -0.122085
iter 152: cpu_time_cuda = 0.122174
iter 152: gpu_time_cuda = 0.244259
iter 152: download_copy_time_cuda = 0.000992
iter 152: upload_copy_time_cuda = 0.001063
iter 152: per_iter_time_cuda = 0.369121

iter 153: slack_cuda = -0.116096
iter 153: cpu_time_cuda = 0.121549
iter 153: gpu_time_cuda = 0.237645
iter 153: download_copy_time_cuda = 0.000992
iter 153: upload_copy_time_cuda = 0.001059
iter 153: per_iter_time_cuda = 0.361883

iter 154: slack_cuda = -0.117493
iter 154: cpu_time_cuda = 0.120841
iter 154: gpu_time_cuda = 0.238333
iter 154: download_copy_time_cuda = 0.000991
iter 154: upload_copy_time_cuda = 0.001054
iter 154: per_iter_time_cuda = 0.361841

iter 155: slack_cuda = -0.113445
iter 155: cpu_time_cuda = 0.120264
iter 155: gpu_time_cuda = 0.233709
iter 155: download_copy_time_cuda = 0.000991
iter 155: upload_copy_time_cuda = 0.001046
iter 155: per_iter_time_cuda = 0.356620

iter 156: slack_cuda = -0.117774
iter 156: cpu_time_cuda = 0.120375
iter 156: gpu_time_cuda = 0.238148
iter 156: download_copy_time_cuda = 0.000975
iter 156: upload_copy_time_cuda = 0.001042
iter 156: per_iter_time_cuda = 0.361145

iter 157: slack_cuda = -0.108527
iter 157: cpu_time_cuda = 0.118663
iter 157: gpu_time_cuda = 0.227190
iter 157: download_copy_time_cuda = 0.000971
iter 157: upload_copy_time_cuda = 0.001036
iter 157: per_iter_time_cuda = 0.348469

iter 158: slack_cuda = -0.108922
iter 158: cpu_time_cuda = 0.117875
iter 158: gpu_time_cuda = 0.226796
iter 158: download_copy_time_cuda = 0.000957
iter 158: upload_copy_time_cuda = 0.001028
iter 158: per_iter_time_cuda = 0.347266

iter 159: slack_cuda = -0.104890
iter 159: cpu_time_cuda = 0.117446
iter 159: gpu_time_cuda = 0.222336
iter 159: download_copy_time_cuda = 0.000963
iter 159: upload_copy_time_cuda = 0.001025
iter 159: per_iter_time_cuda = 0.342352

iter 160: slack_cuda = -0.107036
iter 160: cpu_time_cuda = 0.116520
iter 160: gpu_time_cuda = 0.223555
iter 160: download_copy_time_cuda = 0.000947
iter 160: upload_copy_time_cuda = 0.001017
iter 160: per_iter_time_cuda = 0.342628

iter 161: slack_cuda = -0.100004
iter 161: cpu_time_cuda = 0.116271
iter 161: gpu_time_cuda = 0.216275
iter 161: download_copy_time_cuda = 0.000941
iter 161: upload_copy_time_cuda = 0.001034
iter 161: per_iter_time_cuda = 0.335690

iter 162: slack_cuda = -0.104559
iter 162: cpu_time_cuda = 0.115413
iter 162: gpu_time_cuda = 0.219972
iter 162: download_copy_time_cuda = 0.000944
iter 162: upload_copy_time_cuda = 0.001005
iter 162: per_iter_time_cuda = 0.337919

iter 163: slack_cuda = -0.117688
iter 163: cpu_time_cuda = 0.114599
iter 163: gpu_time_cuda = 0.232286
iter 163: download_copy_time_cuda = 0.000932
iter 163: upload_copy_time_cuda = 0.000996
iter 163: per_iter_time_cuda = 0.349396

iter 164: slack_cuda = -0.098091
iter 164: cpu_time_cuda = 0.113696
iter 164: gpu_time_cuda = 0.211786
iter 164: download_copy_time_cuda = 0.000924
iter 164: upload_copy_time_cuda = 0.001000
iter 164: per_iter_time_cuda = 0.327988

iter 165: slack_cuda = -0.093145
iter 165: cpu_time_cuda = 0.113231
iter 165: gpu_time_cuda = 0.206375
iter 165: download_copy_time_cuda = 0.000924
iter 165: upload_copy_time_cuda = 0.000984
iter 165: per_iter_time_cuda = 0.322084

iter 166: slack_cuda = -0.092066
iter 166: cpu_time_cuda = 0.112344
iter 166: gpu_time_cuda = 0.204410
iter 166: download_copy_time_cuda = 0.000915
iter 166: upload_copy_time_cuda = 0.000980
iter 166: per_iter_time_cuda = 0.319229

iter 167: slack_cuda = -0.088991
iter 167: cpu_time_cuda = 0.111425
iter 167: gpu_time_cuda = 0.200416
iter 167: download_copy_time_cuda = 0.000909
iter 167: upload_copy_time_cuda = 0.000971
iter 167: per_iter_time_cuda = 0.314286

iter 168: slack_cuda = -0.093154
iter 168: cpu_time_cuda = 0.111058
iter 168: gpu_time_cuda = 0.204212
iter 168: download_copy_time_cuda = 0.000911
iter 168: upload_copy_time_cuda = 0.000967
iter 168: per_iter_time_cuda = 0.317719

iter 169: slack_cuda = -0.086474
iter 169: cpu_time_cuda = 0.109704
iter 169: gpu_time_cuda = 0.196179
iter 169: download_copy_time_cuda = 0.000896
iter 169: upload_copy_time_cuda = 0.000958
iter 169: per_iter_time_cuda = 0.308298

iter 170: slack_cuda = -0.087271
iter 170: cpu_time_cuda = 0.108876
iter 170: gpu_time_cuda = 0.196147
iter 170: download_copy_time_cuda = 0.000911
iter 170: upload_copy_time_cuda = 0.000949
iter 170: per_iter_time_cuda = 0.307441

iter 171: slack_cuda = -0.083076
iter 171: cpu_time_cuda = 0.108223
iter 171: gpu_time_cuda = 0.191299
iter 171: download_copy_time_cuda = 0.000893
iter 171: upload_copy_time_cuda = 0.000947
iter 171: per_iter_time_cuda = 0.301935

iter 172: slack_cuda = -0.084717
iter 172: cpu_time_cuda = 0.107443
iter 172: gpu_time_cuda = 0.192160
iter 172: download_copy_time_cuda = 0.000880
iter 172: upload_copy_time_cuda = 0.000939
iter 172: per_iter_time_cuda = 0.301999

iter 173: slack_cuda = -0.084054
iter 173: cpu_time_cuda = 0.106695
iter 173: gpu_time_cuda = 0.190748
iter 173: download_copy_time_cuda = 0.000873
iter 173: upload_copy_time_cuda = 0.000936
iter 173: per_iter_time_cuda = 0.299821

iter 174: slack_cuda = -0.081353
iter 174: cpu_time_cuda = 0.106011
iter 174: gpu_time_cuda = 0.187364
iter 174: download_copy_time_cuda = 0.000872
iter 174: upload_copy_time_cuda = 0.000928
iter 174: per_iter_time_cuda = 0.295741

iter 175: slack_cuda = -0.076386
iter 175: cpu_time_cuda = 0.105108
iter 175: gpu_time_cuda = 0.181494
iter 175: download_copy_time_cuda = 0.000861
iter 175: upload_copy_time_cuda = 0.000926
iter 175: per_iter_time_cuda = 0.288956

iter 176: slack_cuda = -0.077917
iter 176: cpu_time_cuda = 0.104686
iter 176: gpu_time_cuda = 0.182603
iter 176: download_copy_time_cuda = 0.000857
iter 176: upload_copy_time_cuda = 0.000917
iter 176: per_iter_time_cuda = 0.289613

iter 177: slack_cuda = -0.059797
iter 177: cpu_time_cuda = 0.119083
iter 177: gpu_time_cuda = 0.178880
iter 177: download_copy_time_cuda = 0.000852
iter 177: upload_copy_time_cuda = 0.000938
iter 177: per_iter_time_cuda = 0.300333

iter 178: slack_cuda = -0.078313
iter 178: cpu_time_cuda = 0.103328
iter 178: gpu_time_cuda = 0.181641
iter 178: download_copy_time_cuda = 0.000847
iter 178: upload_copy_time_cuda = 0.000904
iter 178: per_iter_time_cuda = 0.287278

iter 179: slack_cuda = -0.071257
iter 179: cpu_time_cuda = 0.102534
iter 179: gpu_time_cuda = 0.173792
iter 179: download_copy_time_cuda = 0.000841
iter 179: upload_copy_time_cuda = 0.000898
iter 179: per_iter_time_cuda = 0.278613

iter 180: slack_cuda = -0.069047
iter 180: cpu_time_cuda = 0.101848
iter 180: gpu_time_cuda = 0.170896
iter 180: download_copy_time_cuda = 0.000839
iter 180: upload_copy_time_cuda = 0.000896
iter 180: per_iter_time_cuda = 0.275032

iter 181: slack_cuda = -0.065791
iter 181: cpu_time_cuda = 0.101124
iter 181: gpu_time_cuda = 0.166914
iter 181: download_copy_time_cuda = 0.000827
iter 181: upload_copy_time_cuda = 0.000882
iter 181: per_iter_time_cuda = 0.270299

iter 182: slack_cuda = -0.068829
iter 182: cpu_time_cuda = 0.100992
iter 182: gpu_time_cuda = 0.169821
iter 182: download_copy_time_cuda = 0.000824
iter 182: upload_copy_time_cuda = 0.000877
iter 182: per_iter_time_cuda = 0.273059

iter 183: slack_cuda = -0.074120
iter 183: cpu_time_cuda = 0.099722
iter 183: gpu_time_cuda = 0.173842
iter 183: download_copy_time_cuda = 0.000824
iter 183: upload_copy_time_cuda = 0.000870
iter 183: per_iter_time_cuda = 0.275800

iter 184: slack_cuda = -0.062885
iter 184: cpu_time_cuda = 0.099134
iter 184: gpu_time_cuda = 0.162019
iter 184: download_copy_time_cuda = 0.000806
iter 184: upload_copy_time_cuda = 0.000866
iter 184: per_iter_time_cuda = 0.263358

iter 185: slack_cuda = -0.059429
iter 185: cpu_time_cuda = 0.098333
iter 185: gpu_time_cuda = 0.157762
iter 185: download_copy_time_cuda = 0.000806
iter 185: upload_copy_time_cuda = 0.000861
iter 185: per_iter_time_cuda = 0.258306

iter 186: slack_cuda = -0.059324
iter 186: cpu_time_cuda = 0.097641
iter 186: gpu_time_cuda = 0.156966
iter 186: download_copy_time_cuda = 0.000799
iter 186: upload_copy_time_cuda = 0.000851
iter 186: per_iter_time_cuda = 0.256779

iter 187: slack_cuda = -0.057332
iter 187: cpu_time_cuda = 0.096948
iter 187: gpu_time_cuda = 0.154281
iter 187: download_copy_time_cuda = 0.000793
iter 187: upload_copy_time_cuda = 0.000848
iter 187: per_iter_time_cuda = 0.253404

iter 188: slack_cuda = -0.066557
iter 188: cpu_time_cuda = 0.096126
iter 188: gpu_time_cuda = 0.162683
iter 188: download_copy_time_cuda = 0.000792
iter 188: upload_copy_time_cuda = 0.000841
iter 188: per_iter_time_cuda = 0.260968

iter 189: slack_cuda = -0.054174
iter 189: cpu_time_cuda = 0.098023
iter 189: gpu_time_cuda = 0.152197
iter 189: download_copy_time_cuda = 0.000787
iter 189: upload_copy_time_cuda = 0.000832
iter 189: per_iter_time_cuda = 0.252349

iter 190: slack_cuda = -0.054024
iter 190: cpu_time_cuda = 0.094621
iter 190: gpu_time_cuda = 0.148645
iter 190: download_copy_time_cuda = 0.000774
iter 190: upload_copy_time_cuda = 0.000829
iter 190: per_iter_time_cuda = 0.245388

iter 191: slack_cuda = -0.050639
iter 191: cpu_time_cuda = 0.093735
iter 191: gpu_time_cuda = 0.144375
iter 191: download_copy_time_cuda = 0.000771
iter 191: upload_copy_time_cuda = 0.000822
iter 191: per_iter_time_cuda = 0.240237

iter 192: slack_cuda = -0.052568
iter 192: cpu_time_cuda = 0.092984
iter 192: gpu_time_cuda = 0.145552
iter 192: download_copy_time_cuda = 0.000773
iter 192: upload_copy_time_cuda = 0.000815
iter 192: per_iter_time_cuda = 0.240620

iter 193: slack_cuda = -0.048143
iter 193: cpu_time_cuda = 0.092316
iter 193: gpu_time_cuda = 0.140459
iter 193: download_copy_time_cuda = 0.000760
iter 193: upload_copy_time_cuda = 0.000808
iter 193: per_iter_time_cuda = 0.234833

iter 194: slack_cuda = -0.052913
iter 194: cpu_time_cuda = 0.091679
iter 194: gpu_time_cuda = 0.144592
iter 194: download_copy_time_cuda = 0.000758
iter 194: upload_copy_time_cuda = 0.000807
iter 194: per_iter_time_cuda = 0.238315

iter 195: slack_cuda = -0.046421
iter 195: cpu_time_cuda = 0.090880
iter 195: gpu_time_cuda = 0.137301
iter 195: download_copy_time_cuda = 0.000747
iter 195: upload_copy_time_cuda = 0.000798
iter 195: per_iter_time_cuda = 0.230215

iter 196: slack_cuda = -0.045987
iter 196: cpu_time_cuda = 0.090058
iter 196: gpu_time_cuda = 0.136045
iter 196: download_copy_time_cuda = 0.000742
iter 196: upload_copy_time_cuda = 0.000789
iter 196: per_iter_time_cuda = 0.228111

iter 197: slack_cuda = -0.042413
iter 197: cpu_time_cuda = 0.089661
iter 197: gpu_time_cuda = 0.132074
iter 197: download_copy_time_cuda = 0.000740
iter 197: upload_copy_time_cuda = 0.000812
iter 197: per_iter_time_cuda = 0.223829

iter 198: slack_cuda = -0.043901
iter 198: cpu_time_cuda = 0.088829
iter 198: gpu_time_cuda = 0.132730
iter 198: download_copy_time_cuda = 0.000733
iter 198: upload_copy_time_cuda = 0.000786
iter 198: per_iter_time_cuda = 0.223550

iter 199: slack_cuda = -0.043807
iter 199: cpu_time_cuda = 0.087745
iter 199: gpu_time_cuda = 0.131552
iter 199: download_copy_time_cuda = 0.000743
iter 199: upload_copy_time_cuda = 0.000771
iter 199: per_iter_time_cuda = 0.221277

iter 200: slack_cuda = -0.041087
iter 200: cpu_time_cuda = 0.087265
iter 200: gpu_time_cuda = 0.128352
iter 200: download_copy_time_cuda = 0.000728
iter 200: upload_copy_time_cuda = 0.000768
iter 200: per_iter_time_cuda = 0.217577

iter 201: slack_cuda = -0.037042
iter 201: cpu_time_cuda = 0.086771
iter 201: gpu_time_cuda = 0.123812
iter 201: download_copy_time_cuda = 0.000713
iter 201: upload_copy_time_cuda = 0.000761
iter 201: per_iter_time_cuda = 0.212515

iter 202: slack_cuda = -0.035185
iter 202: cpu_time_cuda = 0.088391
iter 202: gpu_time_cuda = 0.123576
iter 202: download_copy_time_cuda = 0.000708
iter 202: upload_copy_time_cuda = 0.000754
iter 202: per_iter_time_cuda = 0.213894

iter 203: slack_cuda = -0.035100
iter 203: cpu_time_cuda = 0.085671
iter 203: gpu_time_cuda = 0.120771
iter 203: download_copy_time_cuda = 0.000708
iter 203: upload_copy_time_cuda = 0.000744
iter 203: per_iter_time_cuda = 0.208361

iter 204: slack_cuda = -0.041777
iter 204: cpu_time_cuda = 0.084688
iter 204: gpu_time_cuda = 0.126465
iter 204: download_copy_time_cuda = 0.000697
iter 204: upload_copy_time_cuda = 0.000741
iter 204: per_iter_time_cuda = 0.213048

iter 205: slack_cuda = -0.032793
iter 205: cpu_time_cuda = 0.083924
iter 205: gpu_time_cuda = 0.116717
iter 205: download_copy_time_cuda = 0.000691
iter 205: upload_copy_time_cuda = 0.000734
iter 205: per_iter_time_cuda = 0.202525

iter 206: slack_cuda = -0.033465
iter 206: cpu_time_cuda = 0.082929
iter 206: gpu_time_cuda = 0.116394
iter 206: download_copy_time_cuda = 0.000692
iter 206: upload_copy_time_cuda = 0.000728
iter 206: per_iter_time_cuda = 0.201206

iter 207: slack_cuda = -0.029679
iter 207: cpu_time_cuda = 0.082580
iter 207: gpu_time_cuda = 0.112259
iter 207: download_copy_time_cuda = 0.000677
iter 207: upload_copy_time_cuda = 0.000722
iter 207: per_iter_time_cuda = 0.196707

iter 208: slack_cuda = -0.032097
iter 208: cpu_time_cuda = 0.081834
iter 208: gpu_time_cuda = 0.113931
iter 208: download_copy_time_cuda = 0.000672
iter 208: upload_copy_time_cuda = 0.000717
iter 208: per_iter_time_cuda = 0.197611

iter 209: slack_cuda = -0.035311
iter 209: cpu_time_cuda = 0.081067
iter 209: gpu_time_cuda = 0.116378
iter 209: download_copy_time_cuda = 0.000672
iter 209: upload_copy_time_cuda = 0.000708
iter 209: per_iter_time_cuda = 0.199275

iter 210: slack_cuda = -0.028016
iter 210: cpu_time_cuda = 0.080251
iter 210: gpu_time_cuda = 0.108267
iter 210: download_copy_time_cuda = 0.000658
iter 210: upload_copy_time_cuda = 0.000706
iter 210: per_iter_time_cuda = 0.190326

iter 211: slack_cuda = -0.024795
iter 211: cpu_time_cuda = 0.079585
iter 211: gpu_time_cuda = 0.104380
iter 211: download_copy_time_cuda = 0.000656
iter 211: upload_copy_time_cuda = 0.000696
iter 211: per_iter_time_cuda = 0.185759

iter 212: slack_cuda = -0.025288
iter 212: cpu_time_cuda = 0.078746
iter 212: gpu_time_cuda = 0.104034
iter 212: download_copy_time_cuda = 0.000656
iter 212: upload_copy_time_cuda = 0.000692
iter 212: per_iter_time_cuda = 0.184565

iter 213: slack_cuda = -0.024229
iter 213: cpu_time_cuda = 0.077888
iter 213: gpu_time_cuda = 0.102117
iter 213: download_copy_time_cuda = 0.000643
iter 213: upload_copy_time_cuda = 0.000687
iter 213: per_iter_time_cuda = 0.181777

iter 214: slack_cuda = -0.036144
iter 214: cpu_time_cuda = 0.077013
iter 214: gpu_time_cuda = 0.113157
iter 214: download_copy_time_cuda = 0.000640
iter 214: upload_copy_time_cuda = 0.000681
iter 214: per_iter_time_cuda = 0.191973

iter 215: slack_cuda = -0.030200
iter 215: cpu_time_cuda = 0.076519
iter 215: gpu_time_cuda = 0.106719
iter 215: download_copy_time_cuda = 0.000640
iter 215: upload_copy_time_cuda = 0.000671
iter 215: per_iter_time_cuda = 0.184976

iter 216: slack_cuda = -0.021258
iter 216: cpu_time_cuda = 0.075467
iter 216: gpu_time_cuda = 0.096725
iter 216: download_copy_time_cuda = 0.000628
iter 216: upload_copy_time_cuda = 0.000670
iter 216: per_iter_time_cuda = 0.173918

iter 217: slack_cuda = -0.018077
iter 217: cpu_time_cuda = 0.075202
iter 217: gpu_time_cuda = 0.093279
iter 217: download_copy_time_cuda = 0.000623
iter 217: upload_copy_time_cuda = 0.000660
iter 217: per_iter_time_cuda = 0.170186

iter 218: slack_cuda = -0.020043
iter 218: cpu_time_cuda = 0.074198
iter 218: gpu_time_cuda = 0.094241
iter 218: download_copy_time_cuda = 0.000623
iter 218: upload_copy_time_cuda = 0.000655
iter 218: per_iter_time_cuda = 0.170138

iter 219: slack_cuda = -0.021644
iter 219: cpu_time_cuda = 0.073823
iter 219: gpu_time_cuda = 0.095467
iter 219: download_copy_time_cuda = 0.000608
iter 219: upload_copy_time_cuda = 0.000645
iter 219: per_iter_time_cuda = 0.170963

iter 220: slack_cuda = -0.018602
iter 220: cpu_time_cuda = 0.072873
iter 220: gpu_time_cuda = 0.091475
iter 220: download_copy_time_cuda = 0.000606
iter 220: upload_copy_time_cuda = 0.000640
iter 220: per_iter_time_cuda = 0.166022

iter 221: slack_cuda = -0.014868
iter 221: cpu_time_cuda = 0.072397
iter 221: gpu_time_cuda = 0.087265
iter 221: download_copy_time_cuda = 0.000595
iter 221: upload_copy_time_cuda = 0.000636
iter 221: per_iter_time_cuda = 0.161303

iter 222: slack_cuda = -0.014906
iter 222: cpu_time_cuda = 0.071203
iter 222: gpu_time_cuda = 0.086109
iter 222: download_copy_time_cuda = 0.000596
iter 222: upload_copy_time_cuda = 0.000629
iter 222: per_iter_time_cuda = 0.158944

iter 223: slack_cuda = -0.012816
iter 223: cpu_time_cuda = 0.071233
iter 223: gpu_time_cuda = 0.084049
iter 223: download_copy_time_cuda = 0.000584
iter 223: upload_copy_time_cuda = 0.000645
iter 223: per_iter_time_cuda = 0.156972

iter 224: slack_cuda = -0.022404
iter 224: cpu_time_cuda = 0.069874
iter 224: gpu_time_cuda = 0.092278
iter 224: download_copy_time_cuda = 0.000591
iter 224: upload_copy_time_cuda = 0.000615
iter 224: per_iter_time_cuda = 0.163758

iter 225: slack_cuda = -0.011362
iter 225: cpu_time_cuda = 0.069824
iter 225: gpu_time_cuda = 0.081186
iter 225: download_copy_time_cuda = 0.000579
iter 225: upload_copy_time_cuda = 0.000610
iter 225: per_iter_time_cuda = 0.152594

iter 226: slack_cuda = -0.012833
iter 226: cpu_time_cuda = 0.068969
iter 226: gpu_time_cuda = 0.081801
iter 226: download_copy_time_cuda = 0.000575
iter 226: upload_copy_time_cuda = 0.000603
iter 226: per_iter_time_cuda = 0.152340

iter 227: slack_cuda = -0.010852
iter 227: cpu_time_cuda = 0.067832
iter 227: gpu_time_cuda = 0.078684
iter 227: download_copy_time_cuda = 0.000572
iter 227: upload_copy_time_cuda = 0.000597
iter 227: per_iter_time_cuda = 0.148074

iter 228: slack_cuda = -0.007349
iter 228: cpu_time_cuda = 0.069545
iter 228: gpu_time_cuda = 0.076894
iter 228: download_copy_time_cuda = 0.000565
iter 228: upload_copy_time_cuda = 0.000592
iter 228: per_iter_time_cuda = 0.147979

iter 229: slack_cuda = -0.005237
iter 229: cpu_time_cuda = 0.068735
iter 229: gpu_time_cuda = 0.073972
iter 229: download_copy_time_cuda = 0.000563
iter 229: upload_copy_time_cuda = 0.000585
iter 229: per_iter_time_cuda = 0.144247

iter 230: slack_cuda = -0.006332
iter 230: cpu_time_cuda = 0.067609
iter 230: gpu_time_cuda = 0.073942
iter 230: download_copy_time_cuda = 0.000555
iter 230: upload_copy_time_cuda = 0.000576
iter 230: per_iter_time_cuda = 0.143059

iter 231: slack_cuda = -0.011539
iter 231: cpu_time_cuda = 0.066997
iter 231: gpu_time_cuda = 0.078536
iter 231: download_copy_time_cuda = 0.000542
iter 231: upload_copy_time_cuda = 0.000572
iter 231: per_iter_time_cuda = 0.147026

iter 232: slack_cuda = -0.004986
iter 232: cpu_time_cuda = 0.066679
iter 232: gpu_time_cuda = 0.071665
iter 232: download_copy_time_cuda = 0.000550
iter 232: upload_copy_time_cuda = 0.000565
iter 232: per_iter_time_cuda = 0.139838

iter 233: slack_cuda = -0.002481
iter 233: cpu_time_cuda = 0.065739
iter 233: gpu_time_cuda = 0.068220
iter 233: download_copy_time_cuda = 0.000535
iter 233: upload_copy_time_cuda = 0.000558
iter 233: per_iter_time_cuda = 0.135434

iter 234: slack_cuda = -0.004211
iter 234: cpu_time_cuda = 0.064308
iter 234: gpu_time_cuda = 0.068519
iter 234: download_copy_time_cuda = 0.000529
iter 234: upload_copy_time_cuda = 0.000553
iter 234: per_iter_time_cuda = 0.134280

iter 235: slack_cuda = -0.002272
iter 235: cpu_time_cuda = 0.063574
iter 235: gpu_time_cuda = 0.065847
iter 235: download_copy_time_cuda = 0.000519
iter 235: upload_copy_time_cuda = 0.000548
iter 235: per_iter_time_cuda = 0.130864

iter 236: slack_cuda = -0.003416
iter 236: cpu_time_cuda = 0.063106
iter 236: gpu_time_cuda = 0.066522
iter 236: download_copy_time_cuda = 0.000512
iter 236: upload_copy_time_cuda = 0.000541
iter 236: per_iter_time_cuda = 0.131058

iter 237: slack_cuda = -0.001110
iter 237: cpu_time_cuda = 0.062494
iter 237: gpu_time_cuda = 0.063604
iter 237: download_copy_time_cuda = 0.000515
iter 237: upload_copy_time_cuda = 0.000536
iter 237: per_iter_time_cuda = 0.127522

iter 238: slack_cuda = -0.000170
iter 238: cpu_time_cuda = 0.061822
iter 238: gpu_time_cuda = 0.061992
iter 238: download_copy_time_cuda = 0.000504
iter 238: upload_copy_time_cuda = 0.000527
iter 238: per_iter_time_cuda = 0.125211

iter 239: slack_cuda = 0.001555
iter 239: cpu_time_cuda = 0.061041
iter 239: gpu_time_cuda = 0.059486
iter 239: download_copy_time_cuda = 0.000504
iter 239: upload_copy_time_cuda = 0.000524
iter 239: per_iter_time_cuda = 0.121912

iter 240: slack_cuda = -0.001281
iter 240: cpu_time_cuda = 0.060366
iter 240: gpu_time_cuda = 0.061647
iter 240: download_copy_time_cuda = 0.000492
iter 240: upload_copy_time_cuda = 0.000516
iter 240: per_iter_time_cuda = 0.123368

iter 241: slack_cuda = -0.006117
iter 241: cpu_time_cuda = 0.059258
iter 241: gpu_time_cuda = 0.065375
iter 241: download_copy_time_cuda = 0.000494
iter 241: upload_copy_time_cuda = 0.000509
iter 241: per_iter_time_cuda = 0.125987

iter 242: slack_cuda = 0.001608
iter 242: cpu_time_cuda = 0.058557
iter 242: gpu_time_cuda = 0.056949
iter 242: download_copy_time_cuda = 0.000485
iter 242: upload_copy_time_cuda = 0.000505
iter 242: per_iter_time_cuda = 0.116841

iter 243: slack_cuda = 0.004080
iter 243: cpu_time_cuda = 0.057970
iter 243: gpu_time_cuda = 0.053890
iter 243: download_copy_time_cuda = 0.000474
iter 243: upload_copy_time_cuda = 0.000496
iter 243: per_iter_time_cuda = 0.113174

iter 244: slack_cuda = 0.003383
iter 244: cpu_time_cuda = 0.057082
iter 244: gpu_time_cuda = 0.053699
iter 244: download_copy_time_cuda = 0.000464
iter 244: upload_copy_time_cuda = 0.000495
iter 244: per_iter_time_cuda = 0.112075

iter 245: slack_cuda = 0.003881
iter 245: cpu_time_cuda = 0.056285
iter 245: gpu_time_cuda = 0.052404
iter 245: download_copy_time_cuda = 0.000465
iter 245: upload_copy_time_cuda = 0.000486
iter 245: per_iter_time_cuda = 0.109985

iter 246: slack_cuda = 0.001110
iter 246: cpu_time_cuda = 0.055586
iter 246: gpu_time_cuda = 0.054476
iter 246: download_copy_time_cuda = 0.000453
iter 246: upload_copy_time_cuda = 0.000478
iter 246: per_iter_time_cuda = 0.111333

iter 247: slack_cuda = 0.001478
iter 247: cpu_time_cuda = 0.054862
iter 247: gpu_time_cuda = 0.053384
iter 247: download_copy_time_cuda = 0.000448
iter 247: upload_copy_time_cuda = 0.000475
iter 247: per_iter_time_cuda = 0.109506

iter 248: slack_cuda = 0.004255
iter 248: cpu_time_cuda = 0.052728
iter 248: gpu_time_cuda = 0.048473
iter 248: download_copy_time_cuda = 0.000442
iter 248: upload_copy_time_cuda = 0.000464
iter 248: per_iter_time_cuda = 0.102439

iter 249: slack_cuda = 0.006162
iter 249: cpu_time_cuda = 0.052142
iter 249: gpu_time_cuda = 0.045980
iter 249: download_copy_time_cuda = 0.000443
iter 249: upload_copy_time_cuda = 0.000460
iter 249: per_iter_time_cuda = 0.099369

iter 250: slack_cuda = 0.005260
iter 250: cpu_time_cuda = 0.051597
iter 250: gpu_time_cuda = 0.046336
iter 250: download_copy_time_cuda = 0.000431
iter 250: upload_copy_time_cuda = 0.000453
iter 250: per_iter_time_cuda = 0.099147

iter 251: slack_cuda = 0.002128
iter 251: cpu_time_cuda = 0.050665
iter 251: gpu_time_cuda = 0.048537
iter 251: download_copy_time_cuda = 0.000429
iter 251: upload_copy_time_cuda = 0.000445
iter 251: per_iter_time_cuda = 0.100409

iter 252: slack_cuda = 0.005085
iter 252: cpu_time_cuda = 0.050043
iter 252: gpu_time_cuda = 0.044958
iter 252: download_copy_time_cuda = 0.000427
iter 252: upload_copy_time_cuda = 0.000452
iter 252: per_iter_time_cuda = 0.096212

iter 253: slack_cuda = 0.007518
iter 253: cpu_time_cuda = 0.048901
iter 253: gpu_time_cuda = 0.041383
iter 253: download_copy_time_cuda = 0.000418
iter 253: upload_copy_time_cuda = 0.000437
iter 253: per_iter_time_cuda = 0.091472

iter 254: slack_cuda = 0.006780
iter 254: cpu_time_cuda = 0.048101
iter 254: gpu_time_cuda = 0.041321
iter 254: download_copy_time_cuda = 0.000423
iter 254: upload_copy_time_cuda = 0.000428
iter 254: per_iter_time_cuda = 0.090598

iter 255: slack_cuda = 0.007887
iter 255: cpu_time_cuda = 0.047218
iter 255: gpu_time_cuda = 0.039331
iter 255: download_copy_time_cuda = 0.000399
iter 255: upload_copy_time_cuda = 0.000421
iter 255: per_iter_time_cuda = 0.087707

iter 256: slack_cuda = 0.005671
iter 256: cpu_time_cuda = 0.046564
iter 256: gpu_time_cuda = 0.040893
iter 256: download_copy_time_cuda = 0.000397
iter 256: upload_copy_time_cuda = 0.000414
iter 256: per_iter_time_cuda = 0.088601

iter 257: slack_cuda = 0.006399
iter 257: cpu_time_cuda = 0.045883
iter 257: gpu_time_cuda = 0.039484
iter 257: download_copy_time_cuda = 0.000384
iter 257: upload_copy_time_cuda = 0.000411
iter 257: per_iter_time_cuda = 0.086496

iter 258: slack_cuda = 0.007096
iter 258: cpu_time_cuda = 0.044743
iter 258: gpu_time_cuda = 0.037647
iter 258: download_copy_time_cuda = 0.000381
iter 258: upload_copy_time_cuda = 0.000402
iter 258: per_iter_time_cuda = 0.083490

iter 259: slack_cuda = 0.008982
iter 259: cpu_time_cuda = 0.044050
iter 259: gpu_time_cuda = 0.035068
iter 259: download_copy_time_cuda = 0.000382
iter 259: upload_copy_time_cuda = 0.000399
iter 259: per_iter_time_cuda = 0.080217

iter 260: slack_cuda = 0.008859
iter 260: cpu_time_cuda = 0.043718
iter 260: gpu_time_cuda = 0.034859
iter 260: download_copy_time_cuda = 0.000372
iter 260: upload_copy_time_cuda = 0.000391
iter 260: per_iter_time_cuda = 0.079663

iter 261: slack_cuda = 0.009456
iter 261: cpu_time_cuda = 0.042426
iter 261: gpu_time_cuda = 0.032969
iter 261: download_copy_time_cuda = 0.000368
iter 261: upload_copy_time_cuda = 0.000386
iter 261: per_iter_time_cuda = 0.076467

iter 262: slack_cuda = 0.007568
iter 262: cpu_time_cuda = 0.041702
iter 262: gpu_time_cuda = 0.034134
iter 262: download_copy_time_cuda = 0.000366
iter 262: upload_copy_time_cuda = 0.000389
iter 262: per_iter_time_cuda = 0.076893

iter 263: slack_cuda = 0.008394
iter 263: cpu_time_cuda = 0.041418
iter 263: gpu_time_cuda = 0.033023
iter 263: download_copy_time_cuda = 0.000358
iter 263: upload_copy_time_cuda = 0.000386
iter 263: per_iter_time_cuda = 0.075491

iter 264: slack_cuda = 0.008202
iter 264: cpu_time_cuda = 0.040358
iter 264: gpu_time_cuda = 0.032156
iter 264: download_copy_time_cuda = 0.000354
iter 264: upload_copy_time_cuda = 0.000386
iter 264: per_iter_time_cuda = 0.073558

iter 265: slack_cuda = 0.009602
iter 265: cpu_time_cuda = 0.039697
iter 265: gpu_time_cuda = 0.030094
iter 265: download_copy_time_cuda = 0.000349
iter 265: upload_copy_time_cuda = 0.000385
iter 265: per_iter_time_cuda = 0.070819

iter 266: slack_cuda = 0.009438
iter 266: cpu_time_cuda = 0.039382
iter 266: gpu_time_cuda = 0.029944
iter 266: download_copy_time_cuda = 0.000337
iter 266: upload_copy_time_cuda = 0.000383
iter 266: per_iter_time_cuda = 0.070345

iter 267: slack_cuda = 0.022747
iter 267: cpu_time_cuda = 0.053257
iter 267: gpu_time_cuda = 0.030510
iter 267: download_copy_time_cuda = 0.000335
iter 267: upload_copy_time_cuda = 0.000430
iter 267: per_iter_time_cuda = 0.084837

iter 268: slack_cuda = 0.009529
iter 268: cpu_time_cuda = 0.037532
iter 268: gpu_time_cuda = 0.028002
iter 268: download_copy_time_cuda = 0.000327
iter 268: upload_copy_time_cuda = 0.000379
iter 268: per_iter_time_cuda = 0.066525

iter 269: slack_cuda = 0.011674
iter 269: cpu_time_cuda = 0.037143
iter 269: gpu_time_cuda = 0.025469
iter 269: download_copy_time_cuda = 0.000319
iter 269: upload_copy_time_cuda = 0.000380
iter 269: per_iter_time_cuda = 0.063582

iter 270: slack_cuda = 0.011008
iter 270: cpu_time_cuda = 0.036071
iter 270: gpu_time_cuda = 0.025063
iter 270: download_copy_time_cuda = 0.000317
iter 270: upload_copy_time_cuda = 0.000372
iter 270: per_iter_time_cuda = 0.062087

iter 271: slack_cuda = 0.012023
iter 271: cpu_time_cuda = 0.035693
iter 271: gpu_time_cuda = 0.023670
iter 271: download_copy_time_cuda = 0.000313
iter 271: upload_copy_time_cuda = 0.000367
iter 271: per_iter_time_cuda = 0.060307

iter 272: slack_cuda = 0.010643
iter 272: cpu_time_cuda = 0.034651
iter 272: gpu_time_cuda = 0.024008
iter 272: download_copy_time_cuda = 0.000299
iter 272: upload_copy_time_cuda = 0.000377
iter 272: per_iter_time_cuda = 0.059596

iter 273: slack_cuda = 0.010826
iter 273: cpu_time_cuda = 0.034354
iter 273: gpu_time_cuda = 0.023528
iter 273: download_copy_time_cuda = 0.000299
iter 273: upload_copy_time_cuda = 0.000374
iter 273: per_iter_time_cuda = 0.058811

iter 274: slack_cuda = 0.011674
iter 274: cpu_time_cuda = 0.033463
iter 274: gpu_time_cuda = 0.021789
iter 274: download_copy_time_cuda = 0.000288
iter 274: upload_copy_time_cuda = 0.000366
iter 274: per_iter_time_cuda = 0.056164

iter 275: slack_cuda = 0.012767
iter 275: cpu_time_cuda = 0.032817
iter 275: gpu_time_cuda = 0.020049
iter 275: download_copy_time_cuda = 0.000284
iter 275: upload_copy_time_cuda = 0.000369
iter 275: per_iter_time_cuda = 0.053776

iter 276: slack_cuda = 0.011304
iter 276: cpu_time_cuda = 0.031690
iter 276: gpu_time_cuda = 0.020386
iter 276: download_copy_time_cuda = 0.000283
iter 276: upload_copy_time_cuda = 0.000367
iter 276: per_iter_time_cuda = 0.052968

iter 277: slack_cuda = 0.010635
iter 277: cpu_time_cuda = 0.031198
iter 277: gpu_time_cuda = 0.020564
iter 277: download_copy_time_cuda = 0.000272
iter 277: upload_copy_time_cuda = 0.000368
iter 277: per_iter_time_cuda = 0.052650

iter 278: slack_cuda = 0.010667
iter 278: cpu_time_cuda = 0.030036
iter 278: gpu_time_cuda = 0.019369
iter 278: download_copy_time_cuda = 0.000266
iter 278: upload_copy_time_cuda = 0.000368
iter 278: per_iter_time_cuda = 0.050282

iter 279: slack_cuda = 0.012595
iter 279: cpu_time_cuda = 0.029781
iter 279: gpu_time_cuda = 0.017186
iter 279: download_copy_time_cuda = 0.000265
iter 279: upload_copy_time_cuda = 0.000367
iter 279: per_iter_time_cuda = 0.047840

iter 280: slack_cuda = 0.011814
iter 280: cpu_time_cuda = 0.028683
iter 280: gpu_time_cuda = 0.016868
iter 280: download_copy_time_cuda = 0.000255
iter 280: upload_copy_time_cuda = 0.000372
iter 280: per_iter_time_cuda = 0.046421

iter 281: slack_cuda = 0.012426
iter 281: cpu_time_cuda = 0.028057
iter 281: gpu_time_cuda = 0.015632
iter 281: download_copy_time_cuda = 0.000250
iter 281: upload_copy_time_cuda = 0.000365
iter 281: per_iter_time_cuda = 0.044540

iter 282: slack_cuda = 0.010969
iter 282: cpu_time_cuda = 0.027328
iter 282: gpu_time_cuda = 0.016358
iter 282: download_copy_time_cuda = 0.000248
iter 282: upload_copy_time_cuda = 0.000367
iter 282: per_iter_time_cuda = 0.044542

iter 283: slack_cuda = 0.011018
iter 283: cpu_time_cuda = 0.026658
iter 283: gpu_time_cuda = 0.015640
iter 283: download_copy_time_cuda = 0.000237
iter 283: upload_copy_time_cuda = 0.000363
iter 283: per_iter_time_cuda = 0.043127

iter 284: slack_cuda = 0.012036
iter 284: cpu_time_cuda = 0.026340
iter 284: gpu_time_cuda = 0.014304
iter 284: download_copy_time_cuda = 0.000233
iter 284: upload_copy_time_cuda = 0.000361
iter 284: per_iter_time_cuda = 0.041466

iter 285: slack_cuda = 0.012280
iter 285: cpu_time_cuda = 0.025221
iter 285: gpu_time_cuda = 0.012941
iter 285: download_copy_time_cuda = 0.000231
iter 285: upload_copy_time_cuda = 0.000358
iter 285: per_iter_time_cuda = 0.038975

iter 286: slack_cuda = 0.011450
iter 286: cpu_time_cuda = 0.024454
iter 286: gpu_time_cuda = 0.013004
iter 286: download_copy_time_cuda = 0.000219
iter 286: upload_copy_time_cuda = 0.000358
iter 286: per_iter_time_cuda = 0.038258

iter 287: slack_cuda = 0.011468
iter 287: cpu_time_cuda = 0.024150
iter 287: gpu_time_cuda = 0.012682
iter 287: download_copy_time_cuda = 0.000215
iter 287: upload_copy_time_cuda = 0.000356
iter 287: per_iter_time_cuda = 0.037629

iter 288: slack_cuda = 0.011142
iter 288: cpu_time_cuda = 0.023165
iter 288: gpu_time_cuda = 0.012023
iter 288: download_copy_time_cuda = 0.000211
iter 288: upload_copy_time_cuda = 0.000357
iter 288: per_iter_time_cuda = 0.035976

iter 289: slack_cuda = 0.011384
iter 289: cpu_time_cuda = 0.022484
iter 289: gpu_time_cuda = 0.011100
iter 289: download_copy_time_cuda = 0.000202
iter 289: upload_copy_time_cuda = 0.000350
iter 289: per_iter_time_cuda = 0.034353

iter 290: slack_cuda = 0.011430
iter 290: cpu_time_cuda = 0.022096
iter 290: gpu_time_cuda = 0.010666
iter 290: download_copy_time_cuda = 0.000198
iter 290: upload_copy_time_cuda = 0.000343
iter 290: per_iter_time_cuda = 0.033519

iter 291: slack_cuda = 0.011452
iter 291: cpu_time_cuda = 0.021150
iter 291: gpu_time_cuda = 0.009698
iter 291: download_copy_time_cuda = 0.000197
iter 291: upload_copy_time_cuda = 0.000346
iter 291: per_iter_time_cuda = 0.031611

iter 292: slack_cuda = 0.010700
iter 292: cpu_time_cuda = 0.020416
iter 292: gpu_time_cuda = 0.009715
iter 292: download_copy_time_cuda = 0.000189
iter 292: upload_copy_time_cuda = 0.000349
iter 292: per_iter_time_cuda = 0.030886

iter 293: slack_cuda = 0.010813
iter 293: cpu_time_cuda = 0.019665
iter 293: gpu_time_cuda = 0.008852
iter 293: download_copy_time_cuda = 0.000183
iter 293: upload_copy_time_cuda = 0.000348
iter 293: per_iter_time_cuda = 0.029251

iter 294: slack_cuda = 0.010844
iter 294: cpu_time_cuda = 0.019343
iter 294: gpu_time_cuda = 0.008499
iter 294: download_copy_time_cuda = 0.000179
iter 294: upload_copy_time_cuda = 0.000346
iter 294: per_iter_time_cuda = 0.028570

iter 295: slack_cuda = 0.010492
iter 295: cpu_time_cuda = 0.018223
iter 295: gpu_time_cuda = 0.007732
iter 295: download_copy_time_cuda = 0.000167
iter 295: upload_copy_time_cuda = 0.000348
iter 295: per_iter_time_cuda = 0.026672

iter 296: slack_cuda = 0.010223
iter 296: cpu_time_cuda = 0.017542
iter 296: gpu_time_cuda = 0.007319
iter 296: download_copy_time_cuda = 0.000171
iter 296: upload_copy_time_cuda = 0.000347
iter 296: per_iter_time_cuda = 0.025579

iter 297: slack_cuda = 0.010292
iter 297: cpu_time_cuda = 0.016827
iter 297: gpu_time_cuda = 0.006535
iter 297: download_copy_time_cuda = 0.000170
iter 297: upload_copy_time_cuda = 0.000344
iter 297: per_iter_time_cuda = 0.024069

iter 298: slack_cuda = 0.009868
iter 298: cpu_time_cuda = 0.016250
iter 298: gpu_time_cuda = 0.006381
iter 298: download_copy_time_cuda = 0.000158
iter 298: upload_copy_time_cuda = 0.000348
iter 298: per_iter_time_cuda = 0.023333

iter 299: slack_cuda = 0.009336
iter 299: cpu_time_cuda = 0.015218
iter 299: gpu_time_cuda = 0.005881
iter 299: download_copy_time_cuda = 0.000146
iter 299: upload_copy_time_cuda = 0.000341
iter 299: per_iter_time_cuda = 0.021780

iter 300: slack_cuda = 0.008920
iter 300: cpu_time_cuda = 0.014460
iter 300: gpu_time_cuda = 0.005539
iter 300: download_copy_time_cuda = 0.000145
iter 300: upload_copy_time_cuda = 0.000345
iter 300: per_iter_time_cuda = 0.020686

iter 301: slack_cuda = 0.008952
iter 301: cpu_time_cuda = 0.013930
iter 301: gpu_time_cuda = 0.004979
iter 301: download_copy_time_cuda = 0.000133
iter 301: upload_copy_time_cuda = 0.000344
iter 301: per_iter_time_cuda = 0.019575

iter 302: slack_cuda = 0.008374
iter 302: cpu_time_cuda = 0.012999
iter 302: gpu_time_cuda = 0.004625
iter 302: download_copy_time_cuda = 0.000129
iter 302: upload_copy_time_cuda = 0.000341
iter 302: per_iter_time_cuda = 0.018280

iter 303: slack_cuda = 0.008280
iter 303: cpu_time_cuda = 0.012399
iter 303: gpu_time_cuda = 0.004119
iter 303: download_copy_time_cuda = 0.000131
iter 303: upload_copy_time_cuda = 0.000333
iter 303: per_iter_time_cuda = 0.017164

iter 304: slack_cuda = 0.008063
iter 304: cpu_time_cuda = 0.011935
iter 304: gpu_time_cuda = 0.003872
iter 304: download_copy_time_cuda = 0.000117
iter 304: upload_copy_time_cuda = 0.000340
iter 304: per_iter_time_cuda = 0.016445

iter 305: slack_cuda = 0.007555
iter 305: cpu_time_cuda = 0.010993
iter 305: gpu_time_cuda = 0.003438
iter 305: download_copy_time_cuda = 0.000113
iter 305: upload_copy_time_cuda = 0.000336
iter 305: per_iter_time_cuda = 0.015061

iter 306: slack_cuda = 0.007175
iter 306: cpu_time_cuda = 0.010363
iter 306: gpu_time_cuda = 0.003188
iter 306: download_copy_time_cuda = 0.000112
iter 306: upload_copy_time_cuda = 0.000328
iter 306: per_iter_time_cuda = 0.014162

iter 307: slack_cuda = 0.006931
iter 307: cpu_time_cuda = 0.009636
iter 307: gpu_time_cuda = 0.002706
iter 307: download_copy_time_cuda = 0.000114
iter 307: upload_copy_time_cuda = 0.000335
iter 307: per_iter_time_cuda = 0.012962

iter 308: slack_cuda = 0.006277
iter 308: cpu_time_cuda = 0.008946
iter 308: gpu_time_cuda = 0.002669
iter 308: download_copy_time_cuda = 0.000104
iter 308: upload_copy_time_cuda = 0.000330
iter 308: per_iter_time_cuda = 0.012216

iter 309: slack_cuda = 0.005756
iter 309: cpu_time_cuda = 0.008233
iter 309: gpu_time_cuda = 0.002477
iter 309: download_copy_time_cuda = 0.000104
iter 309: upload_copy_time_cuda = 0.000329
iter 309: per_iter_time_cuda = 0.011312

iter 310: slack_cuda = 0.005416
iter 310: cpu_time_cuda = 0.007548
iter 310: gpu_time_cuda = 0.002133
iter 310: download_copy_time_cuda = 0.000099
iter 310: upload_copy_time_cuda = 0.000326
iter 310: per_iter_time_cuda = 0.010268

iter 311: slack_cuda = 0.004977
iter 311: cpu_time_cuda = 0.006904
iter 311: gpu_time_cuda = 0.001927
iter 311: download_copy_time_cuda = 0.000094
iter 311: upload_copy_time_cuda = 0.000325
iter 311: per_iter_time_cuda = 0.009408

iter 312: slack_cuda = 0.004372
iter 312: cpu_time_cuda = 0.006136
iter 312: gpu_time_cuda = 0.001764
iter 312: download_copy_time_cuda = 0.000096
iter 312: upload_copy_time_cuda = 0.000328
iter 312: per_iter_time_cuda = 0.008484

iter 313: slack_cuda = 0.004118
iter 313: cpu_time_cuda = 0.005467
iter 313: gpu_time_cuda = 0.001350
iter 313: download_copy_time_cuda = 0.000094
iter 313: upload_copy_time_cuda = 0.000327
iter 313: per_iter_time_cuda = 0.007397

iter 314: slack_cuda = 0.003676
iter 314: cpu_time_cuda = 0.004946
iter 314: gpu_time_cuda = 0.001270
iter 314: download_copy_time_cuda = 0.000073
iter 314: upload_copy_time_cuda = 0.000321
iter 314: per_iter_time_cuda = 0.006765

iter 315: slack_cuda = 0.003119
iter 315: cpu_time_cuda = 0.004232
iter 315: gpu_time_cuda = 0.001113
iter 315: download_copy_time_cuda = 0.000076
iter 315: upload_copy_time_cuda = 0.000323
iter 315: per_iter_time_cuda = 0.005905

iter 316: slack_cuda = 0.002346
iter 316: cpu_time_cuda = 0.003374
iter 316: gpu_time_cuda = 0.001027
iter 316: download_copy_time_cuda = 0.000077
iter 316: upload_copy_time_cuda = 0.000324
iter 316: per_iter_time_cuda = 0.004962

iter 317: slack_cuda = 0.001683
iter 317: cpu_time_cuda = 0.002661
iter 317: gpu_time_cuda = 0.000978
iter 317: download_copy_time_cuda = 0.000068
iter 317: upload_copy_time_cuda = 0.000324
iter 317: per_iter_time_cuda = 0.004189

iter 318: slack_cuda = 0.001073
iter 318: cpu_time_cuda = 0.001989
iter 318: gpu_time_cuda = 0.000916
iter 318: download_copy_time_cuda = 0.000064
iter 318: upload_copy_time_cuda = 0.000319
iter 318: per_iter_time_cuda = 0.003428

iter 319: slack_cuda = 0.001123
iter 319: cpu_time_cuda = 0.001129
iter 319: gpu_time_cuda = 0.000006
iter 319: download_copy_time_cuda = 0.000063
iter 319: upload_copy_time_cuda = 0.000317
iter 319: per_iter_time_cuda = 0.001560

total_cpu_time_cuda = 37.198372
total_gpu_time_cuda = 92.977669
total_copy_time_cuda = 0.641311
main_loop_time_cuda = 131.026230
Normalized difference of predicted CPU runtime per iteration is: 0.000000%
Normalized difference of predicted GPU runtime per iteration is: 0.000000%
Normalized difference of predicted slack per iteration is: 0.000000%
20480 20480     ---   (  ---  )     43.30 ( 132.25)     ---   
total_time = 143.834674
122.24user 21.87system 2:25.17elapsed 99%CPU (0avgtext+0avgdata 3430568maxresident)k
0inputs+0outputs (0major+842714minor)pagefaults 0swaps
send out message: 22 3 log
