send out message: 24 37 /home/lchen/MAGMA/magma-1.3.0/results
send out message: 20 26 MAGMA_LU_GPUDVFS.total.pwr
MAGMA 1.5.0  compiled for CUDA capability >= 3.0
CUDA runtime 5000, driver 6050. MAGMA not compiled with OpenMP. 
device 0: Tesla K20c, 705.5 MHz clock, 4799.6 MB memory, capability 3.5
Usage: /home/lchen/MAGMA/test/magma-1.5.0/testing/testing_dgetrf [options] [-h|--help]

ngpu 1
    M     N   CPU GFlop/s (sec)   GPU GFlop/s (sec)   |PA-LU|/(N*|A|)
=========================================================================
init_time = 0.842922
iter 1: cpu_time_pred = 0.000000
iter 1: gpu_time_pred = 0.000000
iter 1: ratio_split_freq = -nan
iter 1: seconds_until_interrupt = -nan
iter 2: cpu_time_pred = 0.007516
iter 2: gpu_time_pred = 0.005290
iter 2: ratio_split_freq = 0.081030
iter 2: seconds_until_interrupt = 0.002588
iter 3: cpu_time_pred = 0.007419
iter 3: gpu_time_pred = 0.005153
iter 3: ratio_split_freq = 0.084629
iter 3: seconds_until_interrupt = 0.002634
iter 4: cpu_time_pred = 0.007321
iter 4: gpu_time_pred = 0.005018
iter 4: ratio_split_freq = 0.088324
iter 4: seconds_until_interrupt = 0.002677
iter 5: cpu_time_pred = 0.007224
iter 5: gpu_time_pred = 0.004886
iter 5: ratio_split_freq = 0.092119
iter 5: seconds_until_interrupt = 0.002718
iter 6: cpu_time_pred = 0.007126
iter 6: gpu_time_pred = 0.004754
iter 6: ratio_split_freq = 0.096018
iter 6: seconds_until_interrupt = 0.002757
iter 7: cpu_time_pred = 0.007028
iter 7: gpu_time_pred = 0.004625
iter 7: ratio_split_freq = 0.100025
iter 7: seconds_until_interrupt = 0.002794
iter 8: cpu_time_pred = 0.006931
iter 8: gpu_time_pred = 0.004497
iter 8: ratio_split_freq = 0.104145
iter 8: seconds_until_interrupt = 0.002829
iter 9: cpu_time_pred = 0.006833
iter 9: gpu_time_pred = 0.004372
iter 9: ratio_split_freq = 0.108383
iter 9: seconds_until_interrupt = 0.002861
iter 10: cpu_time_pred = 0.006735
iter 10: gpu_time_pred = 0.004248
iter 10: ratio_split_freq = 0.112743
iter 10: seconds_until_interrupt = 0.002892
iter 11: cpu_time_pred = 0.006638
iter 11: gpu_time_pred = 0.004125
iter 11: ratio_split_freq = 0.117232
iter 11: seconds_until_interrupt = 0.002921
iter 12: cpu_time_pred = 0.006540
iter 12: gpu_time_pred = 0.004005
iter 12: ratio_split_freq = 0.121855
iter 12: seconds_until_interrupt = 0.002947
iter 13: cpu_time_pred = 0.006443
iter 13: gpu_time_pred = 0.003886
iter 13: ratio_split_freq = 0.126618
iter 13: seconds_until_interrupt = 0.002972
iter 14: cpu_time_pred = 0.006345
iter 14: gpu_time_pred = 0.003769
iter 14: ratio_split_freq = 0.131527
iter 14: seconds_until_interrupt = 0.002994
iter 15: cpu_time_pred = 0.006247
iter 15: gpu_time_pred = 0.003654
iter 15: ratio_split_freq = 0.136590
iter 15: seconds_until_interrupt = 0.003014
iter 16: cpu_time_pred = 0.006150
iter 16: gpu_time_pred = 0.003541
iter 16: ratio_split_freq = 0.141814
iter 16: seconds_until_interrupt = 0.003033
iter 17: cpu_time_pred = 0.006052
iter 17: gpu_time_pred = 0.003430
iter 17: ratio_split_freq = 0.147206
iter 17: seconds_until_interrupt = 0.003049
iter 18: cpu_time_pred = 0.005955
iter 18: gpu_time_pred = 0.003320
iter 18: ratio_split_freq = 0.152774
iter 18: seconds_until_interrupt = 0.003063
iter 19: cpu_time_pred = 0.005857
iter 19: gpu_time_pred = 0.003212
iter 19: ratio_split_freq = 0.158529
iter 19: seconds_until_interrupt = 0.003075
iter 20: cpu_time_pred = 0.005759
iter 20: gpu_time_pred = 0.003106
iter 20: ratio_split_freq = 0.164479
iter 20: seconds_until_interrupt = 0.003085
iter 21: cpu_time_pred = 0.005662
iter 21: gpu_time_pred = 0.003001
iter 21: ratio_split_freq = 0.170633
iter 21: seconds_until_interrupt = 0.003093
iter 22: cpu_time_pred = 0.005564
iter 22: gpu_time_pred = 0.002899
iter 22: ratio_split_freq = 0.177004
iter 22: seconds_until_interrupt = 0.003099
iter 23: cpu_time_pred = 0.005466
iter 23: gpu_time_pred = 0.002798
iter 23: ratio_split_freq = 0.183602
iter 23: seconds_until_interrupt = 0.003102
iter 24: cpu_time_pred = 0.005369
iter 24: gpu_time_pred = 0.002699
iter 24: ratio_split_freq = 0.190440
iter 24: seconds_until_interrupt = 0.003104
iter 25: cpu_time_pred = 0.005271
iter 25: gpu_time_pred = 0.002602
iter 25: ratio_split_freq = 0.197532
iter 25: seconds_until_interrupt = 0.003103
iter 26: cpu_time_pred = 0.005174
iter 26: gpu_time_pred = 0.002506
iter 26: ratio_split_freq = 0.204891
iter 26: seconds_until_interrupt = 0.003101
iter 27: cpu_time_pred = 0.005076
iter 27: gpu_time_pred = 0.002412
iter 27: ratio_split_freq = 0.212533
iter 27: seconds_until_interrupt = 0.003096
iter 28: cpu_time_pred = 0.004978
iter 28: gpu_time_pred = 0.002321
iter 28: ratio_split_freq = 0.220475
iter 28: seconds_until_interrupt = 0.003090
iter 29: cpu_time_pred = 0.004881
iter 29: gpu_time_pred = 0.002230
iter 29: ratio_split_freq = 0.228734
iter 29: seconds_until_interrupt = 0.003081
iter 30: cpu_time_pred = 0.004783
iter 30: gpu_time_pred = 0.002142
iter 30: ratio_split_freq = 0.237330
iter 30: seconds_until_interrupt = 0.003070
iter 31: cpu_time_pred = 0.004686
iter 31: gpu_time_pred = 0.002056
iter 31: ratio_split_freq = 0.246285
iter 31: seconds_until_interrupt = 0.003057
iter 32: cpu_time_pred = 0.004588
iter 32: gpu_time_pred = 0.001971
iter 32: ratio_split_freq = 0.255621
iter 32: seconds_until_interrupt = 0.003042
iter 33: cpu_time_pred = 0.004490
iter 33: gpu_time_pred = 0.001888
iter 33: ratio_split_freq = 0.265363
iter 33: seconds_until_interrupt = 0.003025
iter 34: cpu_time_pred = 0.004393
iter 34: gpu_time_pred = 0.001807
iter 34: ratio_split_freq = 0.275537
iter 34: seconds_until_interrupt = 0.003006
iter 35: cpu_time_pred = 0.004295
iter 35: gpu_time_pred = 0.001727
iter 35: ratio_split_freq = 0.286174
iter 35: seconds_until_interrupt = 0.002985
iter 36: cpu_time_pred = 0.004197
iter 36: gpu_time_pred = 0.001650
iter 36: ratio_split_freq = 0.297306
iter 36: seconds_until_interrupt = 0.002962
iter 37: cpu_time_pred = 0.004100
iter 37: gpu_time_pred = 0.001574
iter 37: ratio_split_freq = 0.308968
iter 37: seconds_until_interrupt = 0.002937
iter 38: cpu_time_pred = 0.004002
iter 38: gpu_time_pred = 0.001500
iter 38: ratio_split_freq = 0.321199
iter 38: seconds_until_interrupt = 0.002909
iter 39: cpu_time_pred = 0.003905
iter 39: gpu_time_pred = 0.001427
iter 39: ratio_split_freq = 0.334041
iter 39: seconds_until_interrupt = 0.002880
iter 40: cpu_time_pred = 0.003807
iter 40: gpu_time_pred = 0.001357
iter 40: ratio_split_freq = 0.347542
iter 40: seconds_until_interrupt = 0.002848
iter 41: cpu_time_pred = 0.003709
iter 41: gpu_time_pred = 0.001288
iter 41: ratio_split_freq = 0.361754
iter 41: seconds_until_interrupt = 0.002815
iter 42: cpu_time_pred = 0.003612
iter 42: gpu_time_pred = 0.001221
iter 42: ratio_split_freq = 0.376734
iter 42: seconds_until_interrupt = 0.002779
iter 43: cpu_time_pred = 0.003514
iter 43: gpu_time_pred = 0.001156
iter 43: ratio_split_freq = 0.392546
iter 43: seconds_until_interrupt = 0.002741
iter 44: cpu_time_pred = 0.003417
iter 44: gpu_time_pred = 0.001093
iter 44: ratio_split_freq = 0.409261
iter 44: seconds_until_interrupt = 0.002701
iter 45: cpu_time_pred = 0.003319
iter 45: gpu_time_pred = 0.001031
iter 45: ratio_split_freq = 0.426960
iter 45: seconds_until_interrupt = 0.002659
iter 46: cpu_time_pred = 0.003221
iter 46: gpu_time_pred = 0.000972
iter 46: ratio_split_freq = 0.445731
iter 46: seconds_until_interrupt = 0.002615
iter 47: cpu_time_pred = 0.003124
iter 47: gpu_time_pred = 0.000914
iter 47: ratio_split_freq = 0.465676
iter 47: seconds_until_interrupt = 0.002569
iter 48: cpu_time_pred = 0.003026
iter 48: gpu_time_pred = 0.000857
iter 48: ratio_split_freq = 0.486907
iter 48: seconds_until_interrupt = 0.002521
iter 49: cpu_time_pred = 0.002928
iter 49: gpu_time_pred = 0.000803
iter 49: ratio_split_freq = 0.509554
iter 49: seconds_until_interrupt = 0.002471
iter 50: cpu_time_pred = 0.002831
iter 50: gpu_time_pred = 0.000750
iter 50: ratio_split_freq = 0.533762
iter 50: seconds_until_interrupt = 0.002419
iter 51: cpu_time_pred = 0.002733
iter 51: gpu_time_pred = 0.000699
iter 51: ratio_split_freq = 0.559700
iter 51: seconds_until_interrupt = 0.002364
iter 52: cpu_time_pred = 0.002636
iter 52: gpu_time_pred = 0.000650
iter 52: ratio_split_freq = 0.587559
iter 52: seconds_until_interrupt = 0.002308
iter 53: cpu_time_pred = 0.002538
iter 53: gpu_time_pred = 0.000603
iter 53: ratio_split_freq = 0.617562
iter 53: seconds_until_interrupt = 0.002249
iter 54: cpu_time_pred = 0.002440
iter 54: gpu_time_pred = 0.000558
iter 54: ratio_split_freq = 0.649964
iter 54: seconds_until_interrupt = 0.002189
iter 55: cpu_time_pred = 0.002343
iter 55: gpu_time_pred = 0.000514
iter 55: ratio_split_freq = 0.685066
iter 55: seconds_until_interrupt = 0.002126
iter 56: cpu_time_pred = 0.002245
iter 56: gpu_time_pred = 0.000472
iter 56: ratio_split_freq = 0.723221
iter 56: seconds_until_interrupt = 0.002061
iter 57: cpu_time_pred = 0.002148
iter 57: gpu_time_pred = 0.000432
iter 57: ratio_split_freq = 0.764845
iter 57: seconds_until_interrupt = 0.001995
iter 58: cpu_time_pred = 0.002050
iter 58: gpu_time_pred = 0.000393
iter 58: ratio_split_freq = 0.810432
iter 58: seconds_until_interrupt = 0.001926
iter 59: cpu_time_pred = 0.001952
iter 59: gpu_time_pred = 0.000357
iter 59: ratio_split_freq = 0.860579
iter 59: seconds_until_interrupt = 0.001855
iter 60: cpu_time_pred = 0.001855
iter 60: gpu_time_pred = 0.000322
iter 60: ratio_split_freq = 0.916004
iter 60: seconds_until_interrupt = 0.001782
iter 61: cpu_time_pred = 0.001757
iter 61: gpu_time_pred = 0.000289
iter 61: ratio_split_freq = 0.977587
iter 61: seconds_until_interrupt = 0.001707
iter 62: cpu_time_pred = 0.001659
iter 62: gpu_time_pred = 0.000258
iter 62: ratio_split_freq = 1.046415
iter 62: seconds_until_interrupt = 0.001629
iter 63: cpu_time_pred = 0.001562
iter 63: gpu_time_pred = 0.000228
iter 63: ratio_split_freq = 1.123847
iter 63: seconds_until_interrupt = 0.001550
iter 64: cpu_time_pred = 0.001464
iter 64: gpu_time_pred = 0.000201
iter 64: ratio_split_freq = 1.211604
iter 64: seconds_until_interrupt = 0.001469
iter 65: cpu_time_pred = 0.001367
iter 65: gpu_time_pred = 0.000175
iter 65: ratio_split_freq = 1.311896
iter 65: seconds_until_interrupt = 0.001385
iter 66: cpu_time_pred = 0.001269
iter 66: gpu_time_pred = 0.000151
iter 66: ratio_split_freq = 1.427619
iter 66: seconds_until_interrupt = 0.001300
iter 67: cpu_time_pred = 0.001171
iter 67: gpu_time_pred = 0.000128
iter 67: ratio_split_freq = 1.562629
iter 67: seconds_until_interrupt = 0.001212
iter 68: cpu_time_pred = 0.001074
iter 68: gpu_time_pred = 0.000108
iter 68: ratio_split_freq = 1.722185
iter 68: seconds_until_interrupt = 0.001123
iter 69: cpu_time_pred = 0.000976
iter 69: gpu_time_pred = 0.000089
iter 69: ratio_split_freq = 1.913653
iter 69: seconds_until_interrupt = 0.001031
iter 70: cpu_time_pred = 0.000879
iter 70: gpu_time_pred = 0.000072
iter 70: ratio_split_freq = 2.147670
iter 70: seconds_until_interrupt = 0.000937
iter 71: cpu_time_pred = 0.000781
iter 71: gpu_time_pred = 0.000057
iter 71: ratio_split_freq = 2.440191
iter 71: seconds_until_interrupt = 0.000841
iter 72: cpu_time_pred = 0.000683
iter 72: gpu_time_pred = 0.000044
iter 72: ratio_split_freq = 2.816289
iter 72: seconds_until_interrupt = 0.000744
iter 73: cpu_time_pred = 0.000586
iter 73: gpu_time_pred = 0.000032
iter 73: ratio_split_freq = 3.317753
iter 73: seconds_until_interrupt = 0.000644
iter 74: cpu_time_pred = 0.000488
iter 74: gpu_time_pred = 0.000022
iter 74: ratio_split_freq = 4.019803
iter 74: seconds_until_interrupt = 0.000541
iter 75: cpu_time_pred = 0.000390
iter 75: gpu_time_pred = 0.000014
iter 75: ratio_split_freq = 5.072878
iter 75: seconds_until_interrupt = 0.000437
iter 76: cpu_time_pred = 0.000293
iter 76: gpu_time_pred = 0.000008
iter 76: ratio_split_freq = 6.828002
iter 76: seconds_until_interrupt = 0.000331
iter 77: cpu_time_pred = 0.000195
iter 77: gpu_time_pred = 0.000004
iter 77: ratio_split_freq = 10.338251
iter 77: seconds_until_interrupt = 0.000223
iter 78: cpu_time_pred = 0.000098
iter 78: gpu_time_pred = 0.000001
iter 78: ratio_split_freq = 20.868998
iter 78: seconds_until_interrupt = 0.000112
iter 79: cpu_time_pred = 0.000000
iter 79: gpu_time_pred = 0.000000
iter 79: ratio_split_freq = -nan
iter 79: seconds_until_interrupt = -nan
 5120  5120     ---   (  ---  )     68.28 (   1.31)     ---   
total_time = 2.288523
1.49user 0.90system 0:03.57elapsed 67%CPU (0avgtext+0avgdata 357768maxresident)k
3904inputs+0outputs (1major+71456minor)pagefaults 0swaps
send out message: 22 3 log
