send out message: 24 37 /home/lchen/MAGMA/magma-1.3.0/results
send out message: 20 26 MAGMA_LU_GPUDVFS.total.pwr
MAGMA 1.5.0  compiled for CUDA capability >= 3.0
CUDA runtime 5000, driver 6050. MAGMA not compiled with OpenMP. 
device 0: Tesla K20c, 705.5 MHz clock, 4799.6 MB memory, capability 3.5
Usage: /home/lchen/MAGMA/test/magma-1.5.0/testing/testing_dgetrf [options] [-h|--help]

ngpu 1
    M     N   CPU GFlop/s (sec)   GPU GFlop/s (sec)   |PA-LU|/(N*|A|)
=========================================================================
init_time = 0.845382
iter 1: cpu_time_pred = 0.000000
iter 1: gpu_time_pred = 0.000000
iter 2: cpu_time_pred = 0.007516
iter 2: gpu_time_pred = 0.005290
iter 3: cpu_time_pred = 0.007419
iter 3: gpu_time_pred = 0.005153
iter 4: cpu_time_pred = 0.007321
iter 4: gpu_time_pred = 0.005018
iter 5: cpu_time_pred = 0.007224
iter 5: gpu_time_pred = 0.004886
iter 6: cpu_time_pred = 0.007126
iter 6: gpu_time_pred = 0.004754
iter 7: cpu_time_pred = 0.007028
iter 7: gpu_time_pred = 0.004625
iter 8: cpu_time_pred = 0.006931
iter 8: gpu_time_pred = 0.004497
iter 9: cpu_time_pred = 0.006833
iter 9: gpu_time_pred = 0.004372
iter 10: cpu_time_pred = 0.006735
iter 10: gpu_time_pred = 0.004248
iter 11: cpu_time_pred = 0.006638
iter 11: gpu_time_pred = 0.004125
iter 12: cpu_time_pred = 0.006540
iter 12: gpu_time_pred = 0.004005
iter 13: cpu_time_pred = 0.006443
iter 13: gpu_time_pred = 0.003886
iter 14: cpu_time_pred = 0.006345
iter 14: gpu_time_pred = 0.003769
iter 15: cpu_time_pred = 0.006247
iter 15: gpu_time_pred = 0.003654
iter 16: cpu_time_pred = 0.006150
iter 16: gpu_time_pred = 0.003541
iter 17: cpu_time_pred = 0.006052
iter 17: gpu_time_pred = 0.003430
iter 18: cpu_time_pred = 0.005955
iter 18: gpu_time_pred = 0.003320
iter 19: cpu_time_pred = 0.005857
iter 19: gpu_time_pred = 0.003212
iter 20: cpu_time_pred = 0.005759
iter 20: gpu_time_pred = 0.003106
iter 21: cpu_time_pred = 0.005662
iter 21: gpu_time_pred = 0.003001
iter 22: cpu_time_pred = 0.005564
iter 22: gpu_time_pred = 0.002899
iter 23: cpu_time_pred = 0.005466
iter 23: gpu_time_pred = 0.002798
iter 24: cpu_time_pred = 0.005369
iter 24: gpu_time_pred = 0.002699
iter 25: cpu_time_pred = 0.005271
iter 25: gpu_time_pred = 0.002602
iter 26: cpu_time_pred = 0.005174
iter 26: gpu_time_pred = 0.002506
iter 27: cpu_time_pred = 0.005076
iter 27: gpu_time_pred = 0.002412
iter 28: cpu_time_pred = 0.004978
iter 28: gpu_time_pred = 0.002321
iter 29: cpu_time_pred = 0.004881
iter 29: gpu_time_pred = 0.002230
iter 30: cpu_time_pred = 0.004783
iter 30: gpu_time_pred = 0.002142
iter 31: cpu_time_pred = 0.004686
iter 31: gpu_time_pred = 0.002056
iter 32: cpu_time_pred = 0.004588
iter 32: gpu_time_pred = 0.001971
iter 33: cpu_time_pred = 0.004490
iter 33: gpu_time_pred = 0.001888
iter 34: cpu_time_pred = 0.004393
iter 34: gpu_time_pred = 0.001807
iter 35: cpu_time_pred = 0.004295
iter 35: gpu_time_pred = 0.001727
iter 36: cpu_time_pred = 0.004197
iter 36: gpu_time_pred = 0.001650
iter 37: cpu_time_pred = 0.004100
iter 37: gpu_time_pred = 0.001574
iter 38: cpu_time_pred = 0.004002
iter 38: gpu_time_pred = 0.001500
iter 39: cpu_time_pred = 0.003905
iter 39: gpu_time_pred = 0.001427
iter 40: cpu_time_pred = 0.003807
iter 40: gpu_time_pred = 0.001357
iter 41: cpu_time_pred = 0.003709
iter 41: gpu_time_pred = 0.001288
iter 42: cpu_time_pred = 0.003612
iter 42: gpu_time_pred = 0.001221
iter 43: cpu_time_pred = 0.003514
iter 43: gpu_time_pred = 0.001156
iter 44: cpu_time_pred = 0.003417
iter 44: gpu_time_pred = 0.001093
iter 45: cpu_time_pred = 0.003319
iter 45: gpu_time_pred = 0.001031
iter 46: cpu_time_pred = 0.003221
iter 46: gpu_time_pred = 0.000972
iter 47: cpu_time_pred = 0.003124
iter 47: gpu_time_pred = 0.000914
iter 48: cpu_time_pred = 0.003026
iter 48: gpu_time_pred = 0.000857
iter 49: cpu_time_pred = 0.002928
iter 49: gpu_time_pred = 0.000803
iter 50: cpu_time_pred = 0.002831
iter 50: gpu_time_pred = 0.000750
iter 51: cpu_time_pred = 0.002733
iter 51: gpu_time_pred = 0.000699
iter 52: cpu_time_pred = 0.002636
iter 52: gpu_time_pred = 0.000650
iter 53: cpu_time_pred = 0.002538
iter 53: gpu_time_pred = 0.000603
iter 54: cpu_time_pred = 0.002440
iter 54: gpu_time_pred = 0.000558
iter 55: cpu_time_pred = 0.002343
iter 55: gpu_time_pred = 0.000514
iter 56: cpu_time_pred = 0.002245
iter 56: gpu_time_pred = 0.000472
iter 57: cpu_time_pred = 0.002148
iter 57: gpu_time_pred = 0.000432
iter 58: cpu_time_pred = 0.002050
iter 58: gpu_time_pred = 0.000393
iter 59: cpu_time_pred = 0.001952
iter 59: gpu_time_pred = 0.000357
iter 60: cpu_time_pred = 0.001855
iter 60: gpu_time_pred = 0.000322
iter 61: cpu_time_pred = 0.001757
iter 61: gpu_time_pred = 0.000289
iter 62: cpu_time_pred = 0.001659
iter 62: gpu_time_pred = 0.000258
iter 63: cpu_time_pred = 0.001562
iter 63: gpu_time_pred = 0.000228
iter 64: cpu_time_pred = 0.001464
iter 64: gpu_time_pred = 0.000201
iter 65: cpu_time_pred = 0.001367
iter 65: gpu_time_pred = 0.000175
iter 66: cpu_time_pred = 0.001269
iter 66: gpu_time_pred = 0.000151
iter 67: cpu_time_pred = 0.001171
iter 67: gpu_time_pred = 0.000128
iter 68: cpu_time_pred = 0.001074
iter 68: gpu_time_pred = 0.000108
iter 69: cpu_time_pred = 0.000976
iter 69: gpu_time_pred = 0.000089
iter 70: cpu_time_pred = 0.000879
iter 70: gpu_time_pred = 0.000072
iter 71: cpu_time_pred = 0.000781
iter 71: gpu_time_pred = 0.000057
iter 72: cpu_time_pred = 0.000683
iter 72: gpu_time_pred = 0.000044
iter 73: cpu_time_pred = 0.000586
iter 73: gpu_time_pred = 0.000032
iter 74: cpu_time_pred = 0.000488
iter 74: gpu_time_pred = 0.000022
iter 75: cpu_time_pred = 0.000390
iter 75: gpu_time_pred = 0.000014
iter 76: cpu_time_pred = 0.000293
iter 76: gpu_time_pred = 0.000008
iter 77: cpu_time_pred = 0.000195
iter 77: gpu_time_pred = 0.000004
iter 78: cpu_time_pred = 0.000098
iter 78: gpu_time_pred = 0.000001
iter 79: cpu_time_pred = 0.000000
iter 79: gpu_time_pred = 0.000000
 5120  5120     ---   (  ---  )    182.25 (   0.49)     ---   
total_time = 1.469450
1.32user 0.45system 0:02.62elapsed 67%CPU (0avgtext+0avgdata 357536maxresident)k
3904inputs+0outputs (1major+71455minor)pagefaults 0swaps
send out message: 22 3 log
