send out message: 24 37 /home/lchen/MAGMA/magma-1.5.0/results
send out message: 20 26 MAGMA_LU_GPUDVFS.total.pwr
MAGMA 1.5.0  compiled for CUDA capability >= 3.0
CUDA runtime 5000, driver 6050. MAGMA not compiled with OpenMP. 
device 0: Tesla K20c, 705.5 MHz clock, 4799.6 MB memory, capability 3.5
Usage: /home/lchen/MAGMA/magma-1.5.0/testing/testing_dgetrf [options] [-h|--help]

ngpu 1
    M     N   CPU GFlop/s (sec)   GPU GFlop/s (sec)   |PA-LU|/(N*|A|)
=========================================================================
init_time = 0.816561
iter 0: slack_cuda = 0.000000
iter 0: cpu_time_cuda = 0.000000
iter 0: gpu_time_cuda = 0.000000
iter 0: download_copy_time_cuda = 0.000000
iter 0: upload_copy_time_cuda = 0.000508
iter 0: per_iter_time_cuda = 0.000797

iter 1: slack_cuda = 0.017393
iter 1: cpu_time_cuda = 0.075068
iter 1: gpu_time_cuda = 0.057675
iter 1: download_copy_time_cuda = 0.000483
iter 1: upload_copy_time_cuda = 0.000487
iter 1: per_iter_time_cuda = 0.133972

iter 2: slack_cuda = 0.016831
iter 2: cpu_time_cuda = 0.074222
iter 2: gpu_time_cuda = 0.057391
iter 2: download_copy_time_cuda = 0.000466
iter 2: upload_copy_time_cuda = 0.000482
iter 2: per_iter_time_cuda = 0.132811

iter 3: slack_cuda = 0.018164
iter 3: cpu_time_cuda = 0.073284
iter 3: gpu_time_cuda = 0.055121
iter 3: download_copy_time_cuda = 0.000453
iter 3: upload_copy_time_cuda = 0.000472
iter 3: per_iter_time_cuda = 0.129581

iter 4: slack_cuda = 0.017495
iter 4: cpu_time_cuda = 0.072290
iter 4: gpu_time_cuda = 0.054795
iter 4: download_copy_time_cuda = 0.000454
iter 4: upload_copy_time_cuda = 0.000467
iter 4: per_iter_time_cuda = 0.128264

iter 5: slack_cuda = 0.019266
iter 5: cpu_time_cuda = 0.071741
iter 5: gpu_time_cuda = 0.052475
iter 5: download_copy_time_cuda = 0.000440
iter 5: upload_copy_time_cuda = 0.000461
iter 5: per_iter_time_cuda = 0.125377

iter 6: slack_cuda = 0.019011
iter 6: cpu_time_cuda = 0.070418
iter 6: gpu_time_cuda = 0.051407
iter 6: download_copy_time_cuda = 0.000438
iter 6: upload_copy_time_cuda = 0.000457
iter 6: per_iter_time_cuda = 0.122973

iter 7: slack_cuda = 0.007296
iter 7: cpu_time_cuda = 0.057467
iter 7: gpu_time_cuda = 0.050171
iter 7: download_copy_time_cuda = 0.000439
iter 7: upload_copy_time_cuda = 0.000445
iter 7: per_iter_time_cuda = 0.108765

iter 8: slack_cuda = 0.002990
iter 8: cpu_time_cuda = 0.051946
iter 8: gpu_time_cuda = 0.048956
iter 8: download_copy_time_cuda = 0.000429
iter 8: upload_copy_time_cuda = 0.000442
iter 8: per_iter_time_cuda = 0.102015

iter 9: slack_cuda = 0.003542
iter 9: cpu_time_cuda = 0.051300
iter 9: gpu_time_cuda = 0.047759
iter 9: download_copy_time_cuda = 0.000418
iter 9: upload_copy_time_cuda = 0.000436
iter 9: per_iter_time_cuda = 0.100149

iter 10: slack_cuda = 0.004187
iter 10: cpu_time_cuda = 0.050615
iter 10: gpu_time_cuda = 0.046428
iter 10: download_copy_time_cuda = 0.000416
iter 10: upload_copy_time_cuda = 0.000431
iter 10: per_iter_time_cuda = 0.098133

iter 11: slack_cuda = 0.004691
iter 11: cpu_time_cuda = 0.049869
iter 11: gpu_time_cuda = 0.045178
iter 11: download_copy_time_cuda = 0.000407
iter 11: upload_copy_time_cuda = 0.000423
iter 11: per_iter_time_cuda = 0.096124

iter 12: slack_cuda = 0.005075
iter 12: cpu_time_cuda = 0.049129
iter 12: gpu_time_cuda = 0.044054
iter 12: download_copy_time_cuda = 0.000402
iter 12: upload_copy_time_cuda = 0.000418
iter 12: per_iter_time_cuda = 0.094239

iter 13: slack_cuda = 0.006757
iter 13: cpu_time_cuda = 0.048454
iter 13: gpu_time_cuda = 0.041698
iter 13: download_copy_time_cuda = 0.000401
iter 13: upload_copy_time_cuda = 0.000410
iter 13: per_iter_time_cuda = 0.091193

iter 14: slack_cuda = 0.005904
iter 14: cpu_time_cuda = 0.047557
iter 14: gpu_time_cuda = 0.041652
iter 14: download_copy_time_cuda = 0.000390
iter 14: upload_copy_time_cuda = 0.000408
iter 14: per_iter_time_cuda = 0.090236

iter 15: slack_cuda = 0.006860
iter 15: cpu_time_cuda = 0.046934
iter 15: gpu_time_cuda = 0.040074
iter 15: download_copy_time_cuda = 0.000385
iter 15: upload_copy_time_cuda = 0.000400
iter 15: per_iter_time_cuda = 0.088025

iter 16: slack_cuda = 0.006292
iter 16: cpu_time_cuda = 0.045861
iter 16: gpu_time_cuda = 0.039569
iter 16: download_copy_time_cuda = 0.000384
iter 16: upload_copy_time_cuda = 0.000392
iter 16: per_iter_time_cuda = 0.086439

iter 17: slack_cuda = 0.007038
iter 17: cpu_time_cuda = 0.045162
iter 17: gpu_time_cuda = 0.038124
iter 17: download_copy_time_cuda = 0.000371
iter 17: upload_copy_time_cuda = 0.000388
iter 17: per_iter_time_cuda = 0.084278

iter 18: slack_cuda = 0.007086
iter 18: cpu_time_cuda = 0.044521
iter 18: gpu_time_cuda = 0.037435
iter 18: download_copy_time_cuda = 0.000368
iter 18: upload_copy_time_cuda = 0.000380
iter 18: per_iter_time_cuda = 0.082937

iter 19: slack_cuda = 0.007513
iter 19: cpu_time_cuda = 0.043666
iter 19: gpu_time_cuda = 0.036153
iter 19: download_copy_time_cuda = 0.000368
iter 19: upload_copy_time_cuda = 0.000374
iter 19: per_iter_time_cuda = 0.080796

iter 20: slack_cuda = 0.008088
iter 20: cpu_time_cuda = 0.043041
iter 20: gpu_time_cuda = 0.034953
iter 20: download_copy_time_cuda = 0.000354
iter 20: upload_copy_time_cuda = 0.000371
iter 20: per_iter_time_cuda = 0.078949

iter 21: slack_cuda = 0.008842
iter 21: cpu_time_cuda = 0.042329
iter 21: gpu_time_cuda = 0.033486
iter 21: download_copy_time_cuda = 0.000354
iter 21: upload_copy_time_cuda = 0.000366
iter 21: per_iter_time_cuda = 0.076767

iter 22: slack_cuda = 0.008815
iter 22: cpu_time_cuda = 0.041507
iter 22: gpu_time_cuda = 0.032692
iter 22: download_copy_time_cuda = 0.000352
iter 22: upload_copy_time_cuda = 0.000357
iter 22: per_iter_time_cuda = 0.075139

iter 23: slack_cuda = 0.009233
iter 23: cpu_time_cuda = 0.040777
iter 23: gpu_time_cuda = 0.031543
iter 23: download_copy_time_cuda = 0.000338
iter 23: upload_copy_time_cuda = 0.000353
iter 23: per_iter_time_cuda = 0.073243

iter 24: slack_cuda = 0.008711
iter 24: cpu_time_cuda = 0.040104
iter 24: gpu_time_cuda = 0.031393
iter 24: download_copy_time_cuda = 0.000337
iter 24: upload_copy_time_cuda = 0.000348
iter 24: per_iter_time_cuda = 0.072403

iter 25: slack_cuda = 0.009502
iter 25: cpu_time_cuda = 0.039491
iter 25: gpu_time_cuda = 0.029988
iter 25: download_copy_time_cuda = 0.000335
iter 25: upload_copy_time_cuda = 0.000342
iter 25: per_iter_time_cuda = 0.070382

iter 26: slack_cuda = 0.009554
iter 26: cpu_time_cuda = 0.038875
iter 26: gpu_time_cuda = 0.029321
iter 26: download_copy_time_cuda = 0.000322
iter 26: upload_copy_time_cuda = 0.000335
iter 26: per_iter_time_cuda = 0.069070

iter 27: slack_cuda = 0.010059
iter 27: cpu_time_cuda = 0.038031
iter 27: gpu_time_cuda = 0.027972
iter 27: download_copy_time_cuda = 0.000319
iter 27: upload_copy_time_cuda = 0.000332
iter 27: per_iter_time_cuda = 0.066841

iter 28: slack_cuda = 0.010344
iter 28: cpu_time_cuda = 0.037537
iter 28: gpu_time_cuda = 0.027193
iter 28: download_copy_time_cuda = 0.000319
iter 28: upload_copy_time_cuda = 0.000327
iter 28: per_iter_time_cuda = 0.065571

iter 29: slack_cuda = 0.010671
iter 29: cpu_time_cuda = 0.036588
iter 29: gpu_time_cuda = 0.025917
iter 29: download_copy_time_cuda = 0.000306
iter 29: upload_copy_time_cuda = 0.000323
iter 29: per_iter_time_cuda = 0.063328

iter 30: slack_cuda = 0.010388
iter 30: cpu_time_cuda = 0.035832
iter 30: gpu_time_cuda = 0.025444
iter 30: download_copy_time_cuda = 0.000306
iter 30: upload_copy_time_cuda = 0.000314
iter 30: per_iter_time_cuda = 0.062082

iter 31: slack_cuda = 0.011200
iter 31: cpu_time_cuda = 0.035151
iter 31: gpu_time_cuda = 0.023951
iter 31: download_copy_time_cuda = 0.000294
iter 31: upload_copy_time_cuda = 0.000308
iter 31: per_iter_time_cuda = 0.059899

iter 32: slack_cuda = 0.011119
iter 32: cpu_time_cuda = 0.034450
iter 32: gpu_time_cuda = 0.023331
iter 32: download_copy_time_cuda = 0.000289
iter 32: upload_copy_time_cuda = 0.000300
iter 32: per_iter_time_cuda = 0.058556

iter 33: slack_cuda = 0.011504
iter 33: cpu_time_cuda = 0.033777
iter 33: gpu_time_cuda = 0.022273
iter 33: download_copy_time_cuda = 0.000285
iter 33: upload_copy_time_cuda = 0.000294
iter 33: per_iter_time_cuda = 0.056820

iter 34: slack_cuda = 0.011388
iter 34: cpu_time_cuda = 0.033044
iter 34: gpu_time_cuda = 0.021655
iter 34: download_copy_time_cuda = 0.000277
iter 34: upload_copy_time_cuda = 0.000288
iter 34: per_iter_time_cuda = 0.055455

iter 35: slack_cuda = 0.011589
iter 35: cpu_time_cuda = 0.032439
iter 35: gpu_time_cuda = 0.020850
iter 35: download_copy_time_cuda = 0.000274
iter 35: upload_copy_time_cuda = 0.000284
iter 35: per_iter_time_cuda = 0.054031

iter 36: slack_cuda = 0.011482
iter 36: cpu_time_cuda = 0.031554
iter 36: gpu_time_cuda = 0.020072
iter 36: download_copy_time_cuda = 0.000270
iter 36: upload_copy_time_cuda = 0.000280
iter 36: per_iter_time_cuda = 0.052369

iter 37: slack_cuda = 0.011542
iter 37: cpu_time_cuda = 0.030674
iter 37: gpu_time_cuda = 0.019132
iter 37: download_copy_time_cuda = 0.000268
iter 37: upload_copy_time_cuda = 0.000272
iter 37: per_iter_time_cuda = 0.050523

iter 38: slack_cuda = 0.011298
iter 38: cpu_time_cuda = 0.029894
iter 38: gpu_time_cuda = 0.018596
iter 38: download_copy_time_cuda = 0.000254
iter 38: upload_copy_time_cuda = 0.000267
iter 38: per_iter_time_cuda = 0.049193

iter 39: slack_cuda = 0.011636
iter 39: cpu_time_cuda = 0.029224
iter 39: gpu_time_cuda = 0.017588
iter 39: download_copy_time_cuda = 0.000255
iter 39: upload_copy_time_cuda = 0.000262
iter 39: per_iter_time_cuda = 0.047513

iter 40: slack_cuda = 0.011411
iter 40: cpu_time_cuda = 0.028523
iter 40: gpu_time_cuda = 0.017111
iter 40: download_copy_time_cuda = 0.000245
iter 40: upload_copy_time_cuda = 0.000257
iter 40: per_iter_time_cuda = 0.046319

iter 41: slack_cuda = 0.011601
iter 41: cpu_time_cuda = 0.027837
iter 41: gpu_time_cuda = 0.016235
iter 41: download_copy_time_cuda = 0.000241
iter 41: upload_copy_time_cuda = 0.000248
iter 41: per_iter_time_cuda = 0.044738

iter 42: slack_cuda = 0.011574
iter 42: cpu_time_cuda = 0.027203
iter 42: gpu_time_cuda = 0.015629
iter 42: download_copy_time_cuda = 0.000239
iter 42: upload_copy_time_cuda = 0.000245
iter 42: per_iter_time_cuda = 0.043494

iter 43: slack_cuda = 0.011515
iter 43: cpu_time_cuda = 0.026511
iter 43: gpu_time_cuda = 0.014996
iter 43: download_copy_time_cuda = 0.000228
iter 43: upload_copy_time_cuda = 0.000237
iter 43: per_iter_time_cuda = 0.042147

iter 44: slack_cuda = 0.011609
iter 44: cpu_time_cuda = 0.025833
iter 44: gpu_time_cuda = 0.014223
iter 44: download_copy_time_cuda = 0.000224
iter 44: upload_copy_time_cuda = 0.000234
iter 44: per_iter_time_cuda = 0.040691

iter 45: slack_cuda = 0.011702
iter 45: cpu_time_cuda = 0.025137
iter 45: gpu_time_cuda = 0.013436
iter 45: download_copy_time_cuda = 0.000224
iter 45: upload_copy_time_cuda = 0.000225
iter 45: per_iter_time_cuda = 0.039193

iter 46: slack_cuda = 0.011370
iter 46: cpu_time_cuda = 0.024317
iter 46: gpu_time_cuda = 0.012947
iter 46: download_copy_time_cuda = 0.000210
iter 46: upload_copy_time_cuda = 0.000221
iter 46: per_iter_time_cuda = 0.037867

iter 47: slack_cuda = 0.011420
iter 47: cpu_time_cuda = 0.023551
iter 47: gpu_time_cuda = 0.012131
iter 47: download_copy_time_cuda = 0.000209
iter 47: upload_copy_time_cuda = 0.000212
iter 47: per_iter_time_cuda = 0.036277

iter 48: slack_cuda = 0.011331
iter 48: cpu_time_cuda = 0.023040
iter 48: gpu_time_cuda = 0.011709
iter 48: download_copy_time_cuda = 0.000205
iter 48: upload_copy_time_cuda = 0.000207
iter 48: per_iter_time_cuda = 0.035333

iter 49: slack_cuda = 0.011408
iter 49: cpu_time_cuda = 0.022349
iter 49: gpu_time_cuda = 0.010941
iter 49: download_copy_time_cuda = 0.000194
iter 49: upload_copy_time_cuda = 0.000203
iter 49: per_iter_time_cuda = 0.033863

iter 50: slack_cuda = 0.011158
iter 50: cpu_time_cuda = 0.021632
iter 50: gpu_time_cuda = 0.010474
iter 50: download_copy_time_cuda = 0.000190
iter 50: upload_copy_time_cuda = 0.000195
iter 50: per_iter_time_cuda = 0.032657

iter 51: slack_cuda = 0.011283
iter 51: cpu_time_cuda = 0.021070
iter 51: gpu_time_cuda = 0.009786
iter 51: download_copy_time_cuda = 0.000190
iter 51: upload_copy_time_cuda = 0.000189
iter 51: per_iter_time_cuda = 0.031405

iter 52: slack_cuda = 0.010738
iter 52: cpu_time_cuda = 0.020204
iter 52: gpu_time_cuda = 0.009466
iter 52: download_copy_time_cuda = 0.000179
iter 52: upload_copy_time_cuda = 0.000184
iter 52: per_iter_time_cuda = 0.030200

iter 53: slack_cuda = 0.010768
iter 53: cpu_time_cuda = 0.019451
iter 53: gpu_time_cuda = 0.008683
iter 53: download_copy_time_cuda = 0.000174
iter 53: upload_copy_time_cuda = 0.000179
iter 53: per_iter_time_cuda = 0.028653

iter 54: slack_cuda = 0.010958
iter 54: cpu_time_cuda = 0.019194
iter 54: gpu_time_cuda = 0.008236
iter 54: download_copy_time_cuda = 0.000173
iter 54: upload_copy_time_cuda = 0.000174
iter 54: per_iter_time_cuda = 0.027940

iter 55: slack_cuda = 0.010641
iter 55: cpu_time_cuda = 0.018209
iter 55: gpu_time_cuda = 0.007568
iter 55: download_copy_time_cuda = 0.000162
iter 55: upload_copy_time_cuda = 0.000166
iter 55: per_iter_time_cuda = 0.026266

iter 56: slack_cuda = 0.010075
iter 56: cpu_time_cuda = 0.017340
iter 56: gpu_time_cuda = 0.007265
iter 56: download_copy_time_cuda = 0.000158
iter 56: upload_copy_time_cuda = 0.000164
iter 56: per_iter_time_cuda = 0.025087

iter 57: slack_cuda = 0.010040
iter 57: cpu_time_cuda = 0.016610
iter 57: gpu_time_cuda = 0.006570
iter 57: download_copy_time_cuda = 0.000158
iter 57: upload_copy_time_cuda = 0.000157
iter 57: per_iter_time_cuda = 0.023653

iter 58: slack_cuda = 0.009519
iter 58: cpu_time_cuda = 0.015707
iter 58: gpu_time_cuda = 0.006188
iter 58: download_copy_time_cuda = 0.000146
iter 58: upload_copy_time_cuda = 0.000152
iter 58: per_iter_time_cuda = 0.022350

iter 59: slack_cuda = 0.009080
iter 59: cpu_time_cuda = 0.014915
iter 59: gpu_time_cuda = 0.005835
iter 59: download_copy_time_cuda = 0.000143
iter 59: upload_copy_time_cuda = 0.000159
iter 59: per_iter_time_cuda = 0.021210

iter 60: slack_cuda = 0.009105
iter 60: cpu_time_cuda = 0.014410
iter 60: gpu_time_cuda = 0.005305
iter 60: download_copy_time_cuda = 0.000142
iter 60: upload_copy_time_cuda = 0.000153
iter 60: per_iter_time_cuda = 0.020168

iter 61: slack_cuda = 0.008556
iter 61: cpu_time_cuda = 0.013433
iter 61: gpu_time_cuda = 0.004877
iter 61: download_copy_time_cuda = 0.000131
iter 61: upload_copy_time_cuda = 0.000155
iter 61: per_iter_time_cuda = 0.018755

iter 62: slack_cuda = 0.008169
iter 62: cpu_time_cuda = 0.012720
iter 62: gpu_time_cuda = 0.004551
iter 62: download_copy_time_cuda = 0.000129
iter 62: upload_copy_time_cuda = 0.000152
iter 62: per_iter_time_cuda = 0.017708

iter 63: slack_cuda = 0.007752
iter 63: cpu_time_cuda = 0.012003
iter 63: gpu_time_cuda = 0.004252
iter 63: download_copy_time_cuda = 0.000127
iter 63: upload_copy_time_cuda = 0.000154
iter 63: per_iter_time_cuda = 0.016695

iter 64: slack_cuda = 0.007623
iter 64: cpu_time_cuda = 0.011386
iter 64: gpu_time_cuda = 0.003763
iter 64: download_copy_time_cuda = 0.000112
iter 64: upload_copy_time_cuda = 0.000147
iter 64: per_iter_time_cuda = 0.015563

iter 65: slack_cuda = 0.007241
iter 65: cpu_time_cuda = 0.010675
iter 65: gpu_time_cuda = 0.003433
iter 65: download_copy_time_cuda = 0.000109
iter 65: upload_copy_time_cuda = 0.000148
iter 65: per_iter_time_cuda = 0.014518

iter 66: slack_cuda = 0.006890
iter 66: cpu_time_cuda = 0.010044
iter 66: gpu_time_cuda = 0.003154
iter 66: download_copy_time_cuda = 0.000110
iter 66: upload_copy_time_cuda = 0.000148
iter 66: per_iter_time_cuda = 0.013609

iter 67: slack_cuda = 0.006953
iter 67: cpu_time_cuda = 0.009605
iter 67: gpu_time_cuda = 0.002652
iter 67: download_copy_time_cuda = 0.000096
iter 67: upload_copy_time_cuda = 0.000138
iter 67: per_iter_time_cuda = 0.012645

iter 68: slack_cuda = 0.006282
iter 68: cpu_time_cuda = 0.008822
iter 68: gpu_time_cuda = 0.002541
iter 68: download_copy_time_cuda = 0.000095
iter 68: upload_copy_time_cuda = 0.000144
iter 68: per_iter_time_cuda = 0.011753

iter 69: slack_cuda = 0.005619
iter 69: cpu_time_cuda = 0.007997
iter 69: gpu_time_cuda = 0.002377
iter 69: download_copy_time_cuda = 0.000095
iter 69: upload_copy_time_cuda = 0.000139
iter 69: per_iter_time_cuda = 0.010759

iter 70: slack_cuda = 0.005407
iter 70: cpu_time_cuda = 0.007364
iter 70: gpu_time_cuda = 0.001957
iter 70: download_copy_time_cuda = 0.000082
iter 70: upload_copy_time_cuda = 0.000147
iter 70: per_iter_time_cuda = 0.009700

iter 71: slack_cuda = 0.004774
iter 71: cpu_time_cuda = 0.006632
iter 71: gpu_time_cuda = 0.001857
iter 71: download_copy_time_cuda = 0.000080
iter 71: upload_copy_time_cuda = 0.000141
iter 71: per_iter_time_cuda = 0.008860

iter 72: slack_cuda = 0.004254
iter 72: cpu_time_cuda = 0.005993
iter 72: gpu_time_cuda = 0.001740
iter 72: download_copy_time_cuda = 0.000080
iter 72: upload_copy_time_cuda = 0.000142
iter 72: per_iter_time_cuda = 0.008104

iter 73: slack_cuda = 0.004110
iter 73: cpu_time_cuda = 0.005401
iter 73: gpu_time_cuda = 0.001290
iter 73: download_copy_time_cuda = 0.000066
iter 73: upload_copy_time_cuda = 0.000141
iter 73: per_iter_time_cuda = 0.007048

iter 74: slack_cuda = 0.003494
iter 74: cpu_time_cuda = 0.004708
iter 74: gpu_time_cuda = 0.001214
iter 74: download_copy_time_cuda = 0.000062
iter 74: upload_copy_time_cuda = 0.000140
iter 74: per_iter_time_cuda = 0.006269

iter 75: slack_cuda = 0.002947
iter 75: cpu_time_cuda = 0.003989
iter 75: gpu_time_cuda = 0.001043
iter 75: download_copy_time_cuda = 0.000059
iter 75: upload_copy_time_cuda = 0.000140
iter 75: per_iter_time_cuda = 0.005377

iter 76: slack_cuda = 0.002432
iter 76: cpu_time_cuda = 0.003346
iter 76: gpu_time_cuda = 0.000914
iter 76: download_copy_time_cuda = 0.000058
iter 76: upload_copy_time_cuda = 0.000141
iter 76: per_iter_time_cuda = 0.004606

iter 77: slack_cuda = 0.001711
iter 77: cpu_time_cuda = 0.002625
iter 77: gpu_time_cuda = 0.000914
iter 77: download_copy_time_cuda = 0.000057
iter 77: upload_copy_time_cuda = 0.000141
iter 77: per_iter_time_cuda = 0.003887

iter 78: slack_cuda = 0.001014
iter 78: cpu_time_cuda = 0.001929
iter 78: gpu_time_cuda = 0.000916
iter 78: download_copy_time_cuda = 0.000057
iter 78: upload_copy_time_cuda = 0.000136
iter 78: per_iter_time_cuda = 0.003176

iter 79: slack_cuda = 0.001088
iter 79: cpu_time_cuda = 0.001094
iter 79: gpu_time_cuda = 0.000006
iter 79: download_copy_time_cuda = 0.000056
iter 79: upload_copy_time_cuda = 0.000140
iter 79: per_iter_time_cuda = 0.001337

total_cpu_time_cuda = 2.386630
total_gpu_time_cuda = 1.671647
total_copy_time_cuda = 0.041615
main_loop_time_cuda = 4.119100
Normalized difference of predicted CPU runtime per iteration is: 0.000000%
Normalized difference of predicted GPU runtime per iteration is: 0.000000%
Normalized difference of predicted slack per iteration is: 0.000000%
 5120  5120     ---   (  ---  )     21.30 (   4.20)     ---   
total_time = 5.138115
4.66user 0.79system 0:06.79elapsed 80%CPU (0avgtext+0avgdata 358420maxresident)k
0inputs+0outputs (0major+72086minor)pagefaults 0swaps
send out message: 22 3 log
