send out message: 24 37 /home/lchen/MAGMA/magma-1.5.0/results
send out message: 20 26 MAGMA_LU_GPUDVFS.total.pwr
MAGMA 1.5.0  compiled for CUDA capability >= 3.0
CUDA runtime 5000, driver 6050. MAGMA not compiled with OpenMP. 
device 0: Tesla K20c, 705.5 MHz clock, 4799.6 MB memory, capability 3.5
Usage: /home/lchen/MAGMA/magma-1.5.0/testing/testing_dgetrf [options] [-h|--help]

ngpu 1
    M     N   CPU GFlop/s (sec)   GPU GFlop/s (sec)   |PA-LU|/(N*|A|)
=========================================================================
init_time = 0.820345
iter 0: slack_cuda = 0.000000
iter 0: cpu_time_cuda = 0.000000
iter 0: gpu_time_cuda = 0.000000
iter 0: download_copy_time_cuda = 0.000000
iter 0: upload_copy_time_cuda = 0.000520
iter 0: per_iter_time_cuda = 0.000837

iter 1: slack_cuda = 0.018376
iter 1: cpu_time_cuda = 0.075077
iter 1: gpu_time_cuda = 0.056701
iter 1: download_copy_time_cuda = 0.000483
iter 1: upload_copy_time_cuda = 0.000496
iter 1: per_iter_time_cuda = 0.133018

iter 2: slack_cuda = 0.017201
iter 2: cpu_time_cuda = 0.074258
iter 2: gpu_time_cuda = 0.057056
iter 2: download_copy_time_cuda = 0.000457
iter 2: upload_copy_time_cuda = 0.000487
iter 2: per_iter_time_cuda = 0.132512

iter 3: slack_cuda = 0.013360
iter 3: cpu_time_cuda = 0.068567
iter 3: gpu_time_cuda = 0.055207
iter 3: download_copy_time_cuda = 0.000456
iter 3: upload_copy_time_cuda = 0.000475
iter 3: per_iter_time_cuda = 0.124951

iter 4: slack_cuda = 0.000385
iter 4: cpu_time_cuda = 0.054634
iter 4: gpu_time_cuda = 0.054249
iter 4: download_copy_time_cuda = 0.000464
iter 4: upload_copy_time_cuda = 0.000470
iter 4: per_iter_time_cuda = 0.110073

iter 5: slack_cuda = 0.001618
iter 5: cpu_time_cuda = 0.054262
iter 5: gpu_time_cuda = 0.052644
iter 5: download_copy_time_cuda = 0.000462
iter 5: upload_copy_time_cuda = 0.000465
iter 5: per_iter_time_cuda = 0.108078

iter 6: slack_cuda = 0.001849
iter 6: cpu_time_cuda = 0.053406
iter 6: gpu_time_cuda = 0.051557
iter 6: download_copy_time_cuda = 0.000456
iter 6: upload_copy_time_cuda = 0.000461
iter 6: per_iter_time_cuda = 0.106123

iter 7: slack_cuda = 0.003124
iter 7: cpu_time_cuda = 0.052608
iter 7: gpu_time_cuda = 0.049484
iter 7: download_copy_time_cuda = 0.000447
iter 7: upload_copy_time_cuda = 0.000454
iter 7: per_iter_time_cuda = 0.103234

iter 8: slack_cuda = 0.002852
iter 8: cpu_time_cuda = 0.052145
iter 8: gpu_time_cuda = 0.049293
iter 8: download_copy_time_cuda = 0.000449
iter 8: upload_copy_time_cuda = 0.000451
iter 8: per_iter_time_cuda = 0.102579

iter 9: slack_cuda = 0.004409
iter 9: cpu_time_cuda = 0.051726
iter 9: gpu_time_cuda = 0.047317
iter 9: download_copy_time_cuda = 0.000438
iter 9: upload_copy_time_cuda = 0.000443
iter 9: per_iter_time_cuda = 0.100163

iter 10: slack_cuda = 0.004219
iter 10: cpu_time_cuda = 0.050639
iter 10: gpu_time_cuda = 0.046421
iter 10: download_copy_time_cuda = 0.000433
iter 10: upload_copy_time_cuda = 0.000439
iter 10: per_iter_time_cuda = 0.098175

iter 11: slack_cuda = 0.005858
iter 11: cpu_time_cuda = 0.049945
iter 11: gpu_time_cuda = 0.044088
iter 11: download_copy_time_cuda = 0.000427
iter 11: upload_copy_time_cuda = 0.000429
iter 11: per_iter_time_cuda = 0.095127

iter 12: slack_cuda = 0.004883
iter 12: cpu_time_cuda = 0.049116
iter 12: gpu_time_cuda = 0.044233
iter 12: download_copy_time_cuda = 0.000419
iter 12: upload_copy_time_cuda = 0.000425
iter 12: per_iter_time_cuda = 0.094433

iter 13: slack_cuda = 0.006210
iter 13: cpu_time_cuda = 0.048446
iter 13: gpu_time_cuda = 0.042236
iter 13: download_copy_time_cuda = 0.000420
iter 13: upload_copy_time_cuda = 0.000422
iter 13: per_iter_time_cuda = 0.091763

iter 14: slack_cuda = 0.006163
iter 14: cpu_time_cuda = 0.047631
iter 14: gpu_time_cuda = 0.041468
iter 14: download_copy_time_cuda = 0.000420
iter 14: upload_copy_time_cuda = 0.000411
iter 14: per_iter_time_cuda = 0.090167

iter 15: slack_cuda = 0.007103
iter 15: cpu_time_cuda = 0.046705
iter 15: gpu_time_cuda = 0.039602
iter 15: download_copy_time_cuda = 0.000404
iter 15: upload_copy_time_cuda = 0.000404
iter 15: per_iter_time_cuda = 0.087346

iter 16: slack_cuda = 0.006369
iter 16: cpu_time_cuda = 0.045927
iter 16: gpu_time_cuda = 0.039558
iter 16: download_copy_time_cuda = 0.000400
iter 16: upload_copy_time_cuda = 0.000402
iter 16: per_iter_time_cuda = 0.086523

iter 17: slack_cuda = 0.006950
iter 17: cpu_time_cuda = 0.045225
iter 17: gpu_time_cuda = 0.038276
iter 17: download_copy_time_cuda = 0.000397
iter 17: upload_copy_time_cuda = 0.000396
iter 17: per_iter_time_cuda = 0.084535

iter 18: slack_cuda = 0.007208
iter 18: cpu_time_cuda = 0.044549
iter 18: gpu_time_cuda = 0.037341
iter 18: download_copy_time_cuda = 0.000388
iter 18: upload_copy_time_cuda = 0.000388
iter 18: per_iter_time_cuda = 0.082900

iter 19: slack_cuda = 0.007948
iter 19: cpu_time_cuda = 0.043868
iter 19: gpu_time_cuda = 0.035921
iter 19: download_copy_time_cuda = 0.000389
iter 19: upload_copy_time_cuda = 0.000380
iter 19: per_iter_time_cuda = 0.080788

iter 20: slack_cuda = 0.007686
iter 20: cpu_time_cuda = 0.043252
iter 20: gpu_time_cuda = 0.035566
iter 20: download_copy_time_cuda = 0.000366
iter 20: upload_copy_time_cuda = 0.000377
iter 20: per_iter_time_cuda = 0.079801

iter 21: slack_cuda = 0.008664
iter 21: cpu_time_cuda = 0.042272
iter 21: gpu_time_cuda = 0.033608
iter 21: download_copy_time_cuda = 0.000359
iter 21: upload_copy_time_cuda = 0.000373
iter 21: per_iter_time_cuda = 0.076853

iter 22: slack_cuda = 0.008410
iter 22: cpu_time_cuda = 0.041556
iter 22: gpu_time_cuda = 0.033146
iter 22: download_copy_time_cuda = 0.000357
iter 22: upload_copy_time_cuda = 0.000363
iter 22: per_iter_time_cuda = 0.075667

iter 23: slack_cuda = 0.009332
iter 23: cpu_time_cuda = 0.040760
iter 23: gpu_time_cuda = 0.031428
iter 23: download_copy_time_cuda = 0.000347
iter 23: upload_copy_time_cuda = 0.000358
iter 23: per_iter_time_cuda = 0.073126

iter 24: slack_cuda = 0.009095
iter 24: cpu_time_cuda = 0.040130
iter 24: gpu_time_cuda = 0.031034
iter 24: download_copy_time_cuda = 0.000343
iter 24: upload_copy_time_cuda = 0.000355
iter 24: per_iter_time_cuda = 0.072093

iter 25: slack_cuda = 0.009450
iter 25: cpu_time_cuda = 0.039502
iter 25: gpu_time_cuda = 0.030051
iter 25: download_copy_time_cuda = 0.000345
iter 25: upload_copy_time_cuda = 0.000349
iter 25: per_iter_time_cuda = 0.070477

iter 26: slack_cuda = 0.009930
iter 26: cpu_time_cuda = 0.038921
iter 26: gpu_time_cuda = 0.028992
iter 26: download_copy_time_cuda = 0.000340
iter 26: upload_copy_time_cuda = 0.000343
iter 26: per_iter_time_cuda = 0.068818

iter 27: slack_cuda = 0.010197
iter 27: cpu_time_cuda = 0.038087
iter 27: gpu_time_cuda = 0.027890
iter 27: download_copy_time_cuda = 0.000322
iter 27: upload_copy_time_cuda = 0.000337
iter 27: per_iter_time_cuda = 0.066836

iter 28: slack_cuda = 0.010318
iter 28: cpu_time_cuda = 0.037379
iter 28: gpu_time_cuda = 0.027061
iter 28: download_copy_time_cuda = 0.000325
iter 28: upload_copy_time_cuda = 0.000333
iter 28: per_iter_time_cuda = 0.065292

iter 29: slack_cuda = 0.010804
iter 29: cpu_time_cuda = 0.036821
iter 29: gpu_time_cuda = 0.026017
iter 29: download_copy_time_cuda = 0.000322
iter 29: upload_copy_time_cuda = 0.000328
iter 29: per_iter_time_cuda = 0.063682

iter 30: slack_cuda = 0.010589
iter 30: cpu_time_cuda = 0.035909
iter 30: gpu_time_cuda = 0.025320
iter 30: download_copy_time_cuda = 0.000318
iter 30: upload_copy_time_cuda = 0.000320
iter 30: per_iter_time_cuda = 0.062062

iter 31: slack_cuda = 0.011221
iter 31: cpu_time_cuda = 0.035181
iter 31: gpu_time_cuda = 0.023960
iter 31: download_copy_time_cuda = 0.000303
iter 31: upload_copy_time_cuda = 0.000314
iter 31: per_iter_time_cuda = 0.059958

iter 32: slack_cuda = 0.011054
iter 32: cpu_time_cuda = 0.034527
iter 32: gpu_time_cuda = 0.023473
iter 32: download_copy_time_cuda = 0.000287
iter 32: upload_copy_time_cuda = 0.000307
iter 32: per_iter_time_cuda = 0.058785

iter 33: slack_cuda = 0.011555
iter 33: cpu_time_cuda = 0.033851
iter 33: gpu_time_cuda = 0.022296
iter 33: download_copy_time_cuda = 0.000287
iter 33: upload_copy_time_cuda = 0.000298
iter 33: per_iter_time_cuda = 0.056924

iter 34: slack_cuda = 0.011599
iter 34: cpu_time_cuda = 0.033251
iter 34: gpu_time_cuda = 0.021652
iter 34: download_copy_time_cuda = 0.000277
iter 34: upload_copy_time_cuda = 0.000296
iter 34: per_iter_time_cuda = 0.055671

iter 35: slack_cuda = 0.011752
iter 35: cpu_time_cuda = 0.032397
iter 35: gpu_time_cuda = 0.020645
iter 35: download_copy_time_cuda = 0.000271
iter 35: upload_copy_time_cuda = 0.000288
iter 35: per_iter_time_cuda = 0.053794

iter 36: slack_cuda = 0.011394
iter 36: cpu_time_cuda = 0.031656
iter 36: gpu_time_cuda = 0.020262
iter 36: download_copy_time_cuda = 0.000271
iter 36: upload_copy_time_cuda = 0.000281
iter 36: per_iter_time_cuda = 0.052659

iter 37: slack_cuda = 0.011629
iter 37: cpu_time_cuda = 0.030673
iter 37: gpu_time_cuda = 0.019044
iter 37: download_copy_time_cuda = 0.000263
iter 37: upload_copy_time_cuda = 0.000279
iter 37: per_iter_time_cuda = 0.050447

iter 38: slack_cuda = 0.011163
iter 38: cpu_time_cuda = 0.029973
iter 38: gpu_time_cuda = 0.018810
iter 38: download_copy_time_cuda = 0.000258
iter 38: upload_copy_time_cuda = 0.000271
iter 38: per_iter_time_cuda = 0.049501

iter 39: slack_cuda = 0.011493
iter 39: cpu_time_cuda = 0.029217
iter 39: gpu_time_cuda = 0.017723
iter 39: download_copy_time_cuda = 0.000257
iter 39: upload_copy_time_cuda = 0.000266
iter 39: per_iter_time_cuda = 0.047651

iter 40: slack_cuda = 0.012033
iter 40: cpu_time_cuda = 0.029068
iter 40: gpu_time_cuda = 0.017035
iter 40: download_copy_time_cuda = 0.000246
iter 40: upload_copy_time_cuda = 0.000261
iter 40: per_iter_time_cuda = 0.046799

iter 41: slack_cuda = 0.011710
iter 41: cpu_time_cuda = 0.027952
iter 41: gpu_time_cuda = 0.016243
iter 41: download_copy_time_cuda = 0.000241
iter 41: upload_copy_time_cuda = 0.000254
iter 41: per_iter_time_cuda = 0.044872

iter 42: slack_cuda = 0.011597
iter 42: cpu_time_cuda = 0.027239
iter 42: gpu_time_cuda = 0.015642
iter 42: download_copy_time_cuda = 0.000240
iter 42: upload_copy_time_cuda = 0.000248
iter 42: per_iter_time_cuda = 0.043553

iter 43: slack_cuda = 0.011715
iter 43: cpu_time_cuda = 0.026563
iter 43: gpu_time_cuda = 0.014848
iter 43: download_copy_time_cuda = 0.000230
iter 43: upload_copy_time_cuda = 0.000242
iter 43: per_iter_time_cuda = 0.042066

iter 44: slack_cuda = 0.011644
iter 44: cpu_time_cuda = 0.025791
iter 44: gpu_time_cuda = 0.014148
iter 44: download_copy_time_cuda = 0.000226
iter 44: upload_copy_time_cuda = 0.000236
iter 44: per_iter_time_cuda = 0.040582

iter 45: slack_cuda = 0.011782
iter 45: cpu_time_cuda = 0.025147
iter 45: gpu_time_cuda = 0.013365
iter 45: download_copy_time_cuda = 0.000225
iter 45: upload_copy_time_cuda = 0.000230
iter 45: per_iter_time_cuda = 0.039156

iter 46: slack_cuda = 0.011479
iter 46: cpu_time_cuda = 0.024397
iter 46: gpu_time_cuda = 0.012918
iter 46: download_copy_time_cuda = 0.000223
iter 46: upload_copy_time_cuda = 0.000226
iter 46: per_iter_time_cuda = 0.037947

iter 47: slack_cuda = 0.011360
iter 47: cpu_time_cuda = 0.023571
iter 47: gpu_time_cuda = 0.012210
iter 47: download_copy_time_cuda = 0.000211
iter 47: upload_copy_time_cuda = 0.000219
iter 47: per_iter_time_cuda = 0.036391

iter 48: slack_cuda = 0.011249
iter 48: cpu_time_cuda = 0.022976
iter 48: gpu_time_cuda = 0.011727
iter 48: download_copy_time_cuda = 0.000206
iter 48: upload_copy_time_cuda = 0.000212
iter 48: per_iter_time_cuda = 0.035299

iter 49: slack_cuda = 0.011481
iter 49: cpu_time_cuda = 0.022322
iter 49: gpu_time_cuda = 0.010841
iter 49: download_copy_time_cuda = 0.000197
iter 49: upload_copy_time_cuda = 0.000206
iter 49: per_iter_time_cuda = 0.033745

iter 50: slack_cuda = 0.011239
iter 50: cpu_time_cuda = 0.021726
iter 50: gpu_time_cuda = 0.010488
iter 50: download_copy_time_cuda = 0.000193
iter 50: upload_copy_time_cuda = 0.000200
iter 50: per_iter_time_cuda = 0.032784

iter 51: slack_cuda = 0.011024
iter 51: cpu_time_cuda = 0.020902
iter 51: gpu_time_cuda = 0.009878
iter 51: download_copy_time_cuda = 0.000193
iter 51: upload_copy_time_cuda = 0.000195
iter 51: per_iter_time_cuda = 0.031348

iter 52: slack_cuda = 0.010760
iter 52: cpu_time_cuda = 0.020217
iter 52: gpu_time_cuda = 0.009458
iter 52: download_copy_time_cuda = 0.000187
iter 52: upload_copy_time_cuda = 0.000186
iter 52: per_iter_time_cuda = 0.030226

iter 53: slack_cuda = 0.010821
iter 53: cpu_time_cuda = 0.019491
iter 53: gpu_time_cuda = 0.008669
iter 53: download_copy_time_cuda = 0.000181
iter 53: upload_copy_time_cuda = 0.000182
iter 53: per_iter_time_cuda = 0.028689

iter 54: slack_cuda = 0.010517
iter 54: cpu_time_cuda = 0.018814
iter 54: gpu_time_cuda = 0.008297
iter 54: download_copy_time_cuda = 0.000185
iter 54: upload_copy_time_cuda = 0.000176
iter 54: per_iter_time_cuda = 0.027636

iter 55: slack_cuda = 0.010362
iter 55: cpu_time_cuda = 0.017990
iter 55: gpu_time_cuda = 0.007628
iter 55: download_copy_time_cuda = 0.000166
iter 55: upload_copy_time_cuda = 0.000171
iter 55: per_iter_time_cuda = 0.026122

iter 56: slack_cuda = 0.010064
iter 56: cpu_time_cuda = 0.017314
iter 56: gpu_time_cuda = 0.007250
iter 56: download_copy_time_cuda = 0.000163
iter 56: upload_copy_time_cuda = 0.000167
iter 56: per_iter_time_cuda = 0.025054

iter 57: slack_cuda = 0.010106
iter 57: cpu_time_cuda = 0.016639
iter 57: gpu_time_cuda = 0.006533
iter 57: download_copy_time_cuda = 0.000162
iter 57: upload_copy_time_cuda = 0.000160
iter 57: per_iter_time_cuda = 0.023656

iter 58: slack_cuda = 0.009634
iter 58: cpu_time_cuda = 0.015757
iter 58: gpu_time_cuda = 0.006122
iter 58: download_copy_time_cuda = 0.000154
iter 58: upload_copy_time_cuda = 0.000155
iter 58: per_iter_time_cuda = 0.022352

iter 59: slack_cuda = 0.009020
iter 59: cpu_time_cuda = 0.014969
iter 59: gpu_time_cuda = 0.005949
iter 59: download_copy_time_cuda = 0.000150
iter 59: upload_copy_time_cuda = 0.000161
iter 59: per_iter_time_cuda = 0.021392

iter 60: slack_cuda = 0.008765
iter 60: cpu_time_cuda = 0.014221
iter 60: gpu_time_cuda = 0.005456
iter 60: download_copy_time_cuda = 0.000145
iter 60: upload_copy_time_cuda = 0.000154
iter 60: per_iter_time_cuda = 0.020145

iter 61: slack_cuda = 0.008713
iter 61: cpu_time_cuda = 0.013457
iter 61: gpu_time_cuda = 0.004744
iter 61: download_copy_time_cuda = 0.000139
iter 61: upload_copy_time_cuda = 0.000155
iter 61: per_iter_time_cuda = 0.018654

iter 62: slack_cuda = 0.008167
iter 62: cpu_time_cuda = 0.012764
iter 62: gpu_time_cuda = 0.004597
iter 62: download_copy_time_cuda = 0.000134
iter 62: upload_copy_time_cuda = 0.000157
iter 62: per_iter_time_cuda = 0.017814

iter 63: slack_cuda = 0.008168
iter 63: cpu_time_cuda = 0.012143
iter 63: gpu_time_cuda = 0.003975
iter 63: download_copy_time_cuda = 0.000136
iter 63: upload_copy_time_cuda = 0.000152
iter 63: per_iter_time_cuda = 0.016565

iter 64: slack_cuda = 0.007634
iter 64: cpu_time_cuda = 0.011311
iter 64: gpu_time_cuda = 0.003677
iter 64: download_copy_time_cuda = 0.000125
iter 64: upload_copy_time_cuda = 0.000149
iter 64: per_iter_time_cuda = 0.015420

iter 65: slack_cuda = 0.007156
iter 65: cpu_time_cuda = 0.010709
iter 65: gpu_time_cuda = 0.003552
iter 65: download_copy_time_cuda = 0.000121
iter 65: upload_copy_time_cuda = 0.000144
iter 65: per_iter_time_cuda = 0.014687

iter 66: slack_cuda = 0.006974
iter 66: cpu_time_cuda = 0.010035
iter 66: gpu_time_cuda = 0.003062
iter 66: download_copy_time_cuda = 0.000121
iter 66: upload_copy_time_cuda = 0.000145
iter 66: per_iter_time_cuda = 0.013522

iter 67: slack_cuda = 0.006695
iter 67: cpu_time_cuda = 0.009375
iter 67: gpu_time_cuda = 0.002680
iter 67: download_copy_time_cuda = 0.000110
iter 67: upload_copy_time_cuda = 0.000146
iter 67: per_iter_time_cuda = 0.012463

iter 68: slack_cuda = 0.006121
iter 68: cpu_time_cuda = 0.008701
iter 68: gpu_time_cuda = 0.002580
iter 68: download_copy_time_cuda = 0.000105
iter 68: upload_copy_time_cuda = 0.000143
iter 68: per_iter_time_cuda = 0.011689

iter 69: slack_cuda = 0.005649
iter 69: cpu_time_cuda = 0.008144
iter 69: gpu_time_cuda = 0.002495
iter 69: download_copy_time_cuda = 0.000107
iter 69: upload_copy_time_cuda = 0.000144
iter 69: per_iter_time_cuda = 0.011046

iter 70: slack_cuda = 0.005326
iter 70: cpu_time_cuda = 0.007323
iter 70: gpu_time_cuda = 0.001997
iter 70: download_copy_time_cuda = 0.000095
iter 70: upload_copy_time_cuda = 0.000159
iter 70: per_iter_time_cuda = 0.009733

iter 71: slack_cuda = 0.004844
iter 71: cpu_time_cuda = 0.006693
iter 71: gpu_time_cuda = 0.001849
iter 71: download_copy_time_cuda = 0.000093
iter 71: upload_copy_time_cuda = 0.000146
iter 71: per_iter_time_cuda = 0.008948

iter 72: slack_cuda = 0.004206
iter 72: cpu_time_cuda = 0.005968
iter 72: gpu_time_cuda = 0.001763
iter 72: download_copy_time_cuda = 0.000092
iter 72: upload_copy_time_cuda = 0.000150
iter 72: per_iter_time_cuda = 0.008128

iter 73: slack_cuda = 0.004054
iter 73: cpu_time_cuda = 0.005352
iter 73: gpu_time_cuda = 0.001298
iter 73: download_copy_time_cuda = 0.000079
iter 73: upload_copy_time_cuda = 0.000150
iter 73: per_iter_time_cuda = 0.007034

iter 74: slack_cuda = 0.003429
iter 74: cpu_time_cuda = 0.004680
iter 74: gpu_time_cuda = 0.001251
iter 74: download_copy_time_cuda = 0.000076
iter 74: upload_copy_time_cuda = 0.000148
iter 74: per_iter_time_cuda = 0.006305

iter 75: slack_cuda = 0.002933
iter 75: cpu_time_cuda = 0.003998
iter 75: gpu_time_cuda = 0.001065
iter 75: download_copy_time_cuda = 0.000072
iter 75: upload_copy_time_cuda = 0.000148
iter 75: per_iter_time_cuda = 0.005436

iter 76: slack_cuda = 0.002435
iter 76: cpu_time_cuda = 0.003364
iter 76: gpu_time_cuda = 0.000929
iter 76: download_copy_time_cuda = 0.000069
iter 76: upload_copy_time_cuda = 0.000145
iter 76: per_iter_time_cuda = 0.004660

iter 77: slack_cuda = 0.001725
iter 77: cpu_time_cuda = 0.002645
iter 77: gpu_time_cuda = 0.000919
iter 77: download_copy_time_cuda = 0.000068
iter 77: upload_copy_time_cuda = 0.000145
iter 77: per_iter_time_cuda = 0.003928

iter 78: slack_cuda = 0.001003
iter 78: cpu_time_cuda = 0.001930
iter 78: gpu_time_cuda = 0.000927
iter 78: download_copy_time_cuda = 0.000071
iter 78: upload_copy_time_cuda = 0.000143
iter 78: per_iter_time_cuda = 0.003215

iter 79: slack_cuda = 0.001145
iter 79: cpu_time_cuda = 0.001151
iter 79: gpu_time_cuda = 0.000006
iter 79: download_copy_time_cuda = 0.000068
iter 79: upload_copy_time_cuda = 0.000137
iter 79: per_iter_time_cuda = 0.001407

total_cpu_time_cuda = 2.326859
total_gpu_time_cuda = 1.668701
total_copy_time_cuda = 0.042733
main_loop_time_cuda = 4.059380
Normalized difference of predicted CPU runtime per iteration is: 0.000000%
Normalized difference of predicted GPU runtime per iteration is: 0.000000%
Normalized difference of predicted slack per iteration is: 0.000000%
 5120  5120     ---   (  ---  )     21.60 (   4.14)     ---   
total_time = 5.084539
4.61user 0.77system 0:06.74elapsed 79%CPU (0avgtext+0avgdata 358464maxresident)k
0inputs+0outputs (0major+72145minor)pagefaults 0swaps
send out message: 22 3 log
