send out message: 24 37 /home/lchen/MAGMA/magma-1.3.0/results
send out message: 20 26 MAGMA_LU_GPUDVFS.total.pwr
MAGMA 1.5.0  compiled for CUDA capability >= 3.0
CUDA runtime 5000, driver 6050. MAGMA not compiled with OpenMP. 
device 0: Tesla K20c, 705.5 MHz clock, 4799.6 MB memory, capability 3.5
Usage: /home/lchen/MAGMA/test/magma-1.5.0/testing/testing_dgetrf [options] [-h|--help]

ngpu 1
    M     N   CPU GFlop/s (sec)   GPU GFlop/s (sec)   |PA-LU|/(N*|A|)
=========================================================================
iter 0: cpu_time_cuda = 0.001205
iter 0: gpu_time_cuda = 0.000000
iter 0: download_copy_time_cuda = 0.000000
iter 0: upload_copy_time_cuda = 0.000499
iter 0: per_iter_time_cuda = 0.000746

iter 1: cpu_time_cuda = 0.007604
iter 1: gpu_time_cuda = 0.005798
iter 1: download_copy_time_cuda = 0.000476
iter 1: upload_copy_time_cuda = 0.000476
iter 1: per_iter_time_cuda = 0.014615

iter 2: cpu_time_cuda = 0.007512
iter 2: gpu_time_cuda = 0.005983
iter 2: download_copy_time_cuda = 0.000460
iter 2: upload_copy_time_cuda = 0.000476
iter 2: per_iter_time_cuda = 0.014688

iter 3: cpu_time_cuda = 0.007419
iter 3: gpu_time_cuda = 0.005652
iter 3: download_copy_time_cuda = 0.000456
iter 3: upload_copy_time_cuda = 0.000471
iter 3: per_iter_time_cuda = 0.014277

iter 4: cpu_time_cuda = 0.007332
iter 4: gpu_time_cuda = 0.005801
iter 4: download_copy_time_cuda = 0.000450
iter 4: upload_copy_time_cuda = 0.000459
iter 4: per_iter_time_cuda = 0.014304

iter 5: cpu_time_cuda = 0.007229
iter 5: gpu_time_cuda = 0.005436
iter 5: download_copy_time_cuda = 0.000438
iter 5: upload_copy_time_cuda = 0.000463
iter 5: per_iter_time_cuda = 0.013835

iter 6: cpu_time_cuda = 0.007136
iter 6: gpu_time_cuda = 0.005293
iter 6: download_copy_time_cuda = 0.000439
iter 6: upload_copy_time_cuda = 0.000454
iter 6: per_iter_time_cuda = 0.013589

iter 7: cpu_time_cuda = 0.007036
iter 7: gpu_time_cuda = 0.005080
iter 7: download_copy_time_cuda = 0.000443
iter 7: upload_copy_time_cuda = 0.000446
iter 7: per_iter_time_cuda = 0.013281

iter 8: cpu_time_cuda = 0.006934
iter 8: gpu_time_cuda = 0.005189
iter 8: download_copy_time_cuda = 0.000429
iter 8: upload_copy_time_cuda = 0.000443
iter 8: per_iter_time_cuda = 0.013274

iter 9: cpu_time_cuda = 0.006907
iter 9: gpu_time_cuda = 0.004802
iter 9: download_copy_time_cuda = 0.000424
iter 9: upload_copy_time_cuda = 0.000451
iter 9: per_iter_time_cuda = 0.012853

iter 10: cpu_time_cuda = 0.006739
iter 10: gpu_time_cuda = 0.004766
iter 10: download_copy_time_cuda = 0.000431
iter 10: upload_copy_time_cuda = 0.000432
iter 10: per_iter_time_cuda = 0.012622

iter 11: cpu_time_cuda = 0.006664
iter 11: gpu_time_cuda = 0.004680
iter 11: download_copy_time_cuda = 0.000413
iter 11: upload_copy_time_cuda = 0.000423
iter 11: per_iter_time_cuda = 0.012428

iter 12: cpu_time_cuda = 0.006545
iter 12: gpu_time_cuda = 0.004604
iter 12: download_copy_time_cuda = 0.000408
iter 12: upload_copy_time_cuda = 0.000416
iter 12: per_iter_time_cuda = 0.012221

iter 13: cpu_time_cuda = 0.006456
iter 13: gpu_time_cuda = 0.004448
iter 13: download_copy_time_cuda = 0.000402
iter 13: upload_copy_time_cuda = 0.000416
iter 13: per_iter_time_cuda = 0.011969

iter 14: cpu_time_cuda = 0.006360
iter 14: gpu_time_cuda = 0.004437
iter 14: download_copy_time_cuda = 0.000390
iter 14: upload_copy_time_cuda = 0.000410
iter 14: per_iter_time_cuda = 0.011853

iter 15: cpu_time_cuda = 0.006254
iter 15: gpu_time_cuda = 0.004121
iter 15: download_copy_time_cuda = 0.000384
iter 15: upload_copy_time_cuda = 0.000401
iter 15: per_iter_time_cuda = 0.011409

iter 16: cpu_time_cuda = 0.006121
iter 16: gpu_time_cuda = 0.004192
iter 16: download_copy_time_cuda = 0.000384
iter 16: upload_copy_time_cuda = 0.000394
iter 16: per_iter_time_cuda = 0.011347

iter 17: cpu_time_cuda = 0.006029
iter 17: gpu_time_cuda = 0.003956
iter 17: download_copy_time_cuda = 0.000370
iter 17: upload_copy_time_cuda = 0.000384
iter 17: per_iter_time_cuda = 0.010993

iter 18: cpu_time_cuda = 0.005934
iter 18: gpu_time_cuda = 0.003812
iter 18: download_copy_time_cuda = 0.000368
iter 18: upload_copy_time_cuda = 0.000377
iter 18: per_iter_time_cuda = 0.010740

iter 19: cpu_time_cuda = 0.005846
iter 19: gpu_time_cuda = 0.003714
iter 19: download_copy_time_cuda = 0.000368
iter 19: upload_copy_time_cuda = 0.000372
iter 19: per_iter_time_cuda = 0.010544

iter 20: cpu_time_cuda = 0.005742
iter 20: gpu_time_cuda = 0.003647
iter 20: download_copy_time_cuda = 0.000355
iter 20: upload_copy_time_cuda = 0.000368
iter 20: per_iter_time_cuda = 0.010357

iter 21: cpu_time_cuda = 0.005642
iter 21: gpu_time_cuda = 0.003575
iter 21: download_copy_time_cuda = 0.000353
iter 21: upload_copy_time_cuda = 0.000363
iter 21: per_iter_time_cuda = 0.010175

iter 22: cpu_time_cuda = 0.005549
iter 22: gpu_time_cuda = 0.003477
iter 22: download_copy_time_cuda = 0.000344
iter 22: upload_copy_time_cuda = 0.000357
iter 22: per_iter_time_cuda = 0.009967

iter 23: cpu_time_cuda = 0.005440
iter 23: gpu_time_cuda = 0.003366
iter 23: download_copy_time_cuda = 0.000340
iter 23: upload_copy_time_cuda = 0.000351
iter 23: per_iter_time_cuda = 0.009744

iter 24: cpu_time_cuda = 0.005352
iter 24: gpu_time_cuda = 0.003226
iter 24: download_copy_time_cuda = 0.000338
iter 24: upload_copy_time_cuda = 0.000346
iter 24: per_iter_time_cuda = 0.009504

iter 25: cpu_time_cuda = 0.005254
iter 25: gpu_time_cuda = 0.003105
iter 25: download_copy_time_cuda = 0.000329
iter 25: upload_copy_time_cuda = 0.000341
iter 25: per_iter_time_cuda = 0.009270

iter 26: cpu_time_cuda = 0.005161
iter 26: gpu_time_cuda = 0.003150
iter 26: download_copy_time_cuda = 0.000323
iter 26: upload_copy_time_cuda = 0.000335
iter 26: per_iter_time_cuda = 0.009198

iter 27: cpu_time_cuda = 0.005127
iter 27: gpu_time_cuda = 0.003069
iter 27: download_copy_time_cuda = 0.000324
iter 27: upload_copy_time_cuda = 0.000333
iter 27: per_iter_time_cuda = 0.009057

iter 28: cpu_time_cuda = 0.004973
iter 28: gpu_time_cuda = 0.002829
iter 28: download_copy_time_cuda = 0.000312
iter 28: upload_copy_time_cuda = 0.000324
iter 28: per_iter_time_cuda = 0.008643

iter 29: cpu_time_cuda = 0.004887
iter 29: gpu_time_cuda = 0.002728
iter 29: download_copy_time_cuda = 0.000307
iter 29: upload_copy_time_cuda = 0.000318
iter 29: per_iter_time_cuda = 0.008447

iter 30: cpu_time_cuda = 0.004791
iter 30: gpu_time_cuda = 0.002593
iter 30: download_copy_time_cuda = 0.000308
iter 30: upload_copy_time_cuda = 0.000314
iter 30: per_iter_time_cuda = 0.008204

iter 31: cpu_time_cuda = 0.004687
iter 31: gpu_time_cuda = 0.002573
iter 31: download_copy_time_cuda = 0.000297
iter 31: upload_copy_time_cuda = 0.000307
iter 31: per_iter_time_cuda = 0.008061

iter 32: cpu_time_cuda = 0.004585
iter 32: gpu_time_cuda = 0.002446
iter 32: download_copy_time_cuda = 0.000288
iter 32: upload_copy_time_cuda = 0.000299
iter 32: per_iter_time_cuda = 0.007819

iter 33: cpu_time_cuda = 0.004502
iter 33: gpu_time_cuda = 0.002391
iter 33: download_copy_time_cuda = 0.000294
iter 33: upload_copy_time_cuda = 0.000293
iter 33: per_iter_time_cuda = 0.007679

iter 34: cpu_time_cuda = 0.004425
iter 34: gpu_time_cuda = 0.002339
iter 34: download_copy_time_cuda = 0.000277
iter 34: upload_copy_time_cuda = 0.000291
iter 34: per_iter_time_cuda = 0.007529

iter 35: cpu_time_cuda = 0.004327
iter 35: gpu_time_cuda = 0.002146
iter 35: download_copy_time_cuda = 0.000272
iter 35: upload_copy_time_cuda = 0.000281
iter 35: per_iter_time_cuda = 0.007228

iter 36: cpu_time_cuda = 0.004209
iter 36: gpu_time_cuda = 0.002107
iter 36: download_copy_time_cuda = 0.000272
iter 36: upload_copy_time_cuda = 0.000275
iter 36: per_iter_time_cuda = 0.007059

iter 37: cpu_time_cuda = 0.004095
iter 37: gpu_time_cuda = 0.001978
iter 37: download_copy_time_cuda = 0.000262
iter 37: upload_copy_time_cuda = 0.000270
iter 37: per_iter_time_cuda = 0.006799

iter 38: cpu_time_cuda = 0.004002
iter 38: gpu_time_cuda = 0.001922
iter 38: download_copy_time_cuda = 0.000258
iter 38: upload_copy_time_cuda = 0.000267
iter 38: per_iter_time_cuda = 0.006646

iter 39: cpu_time_cuda = 0.003904
iter 39: gpu_time_cuda = 0.001908
iter 39: download_copy_time_cuda = 0.000257
iter 39: upload_copy_time_cuda = 0.000259
iter 39: per_iter_time_cuda = 0.006530

iter 40: cpu_time_cuda = 0.003813
iter 40: gpu_time_cuda = 0.001768
iter 40: download_copy_time_cuda = 0.000247
iter 40: upload_copy_time_cuda = 0.000253
iter 40: per_iter_time_cuda = 0.006277

iter 41: cpu_time_cuda = 0.003727
iter 41: gpu_time_cuda = 0.001726
iter 41: download_copy_time_cuda = 0.000241
iter 41: upload_copy_time_cuda = 0.000248
iter 41: per_iter_time_cuda = 0.006139

iter 42: cpu_time_cuda = 0.003628
iter 42: gpu_time_cuda = 0.001654
iter 42: download_copy_time_cuda = 0.000241
iter 42: upload_copy_time_cuda = 0.000243
iter 42: per_iter_time_cuda = 0.005954

iter 43: cpu_time_cuda = 0.003535
iter 43: gpu_time_cuda = 0.001546
iter 43: download_copy_time_cuda = 0.000231
iter 43: upload_copy_time_cuda = 0.000238
iter 43: per_iter_time_cuda = 0.005740

iter 44: cpu_time_cuda = 0.003439
iter 44: gpu_time_cuda = 0.001521
iter 44: download_copy_time_cuda = 0.000227
iter 44: upload_copy_time_cuda = 0.000231
iter 44: per_iter_time_cuda = 0.005599

iter 45: cpu_time_cuda = 0.003346
iter 45: gpu_time_cuda = 0.001419
iter 45: download_copy_time_cuda = 0.000227
iter 45: upload_copy_time_cuda = 0.000226
iter 45: per_iter_time_cuda = 0.005417

iter 46: cpu_time_cuda = 0.003246
iter 46: gpu_time_cuda = 0.001383
iter 46: download_copy_time_cuda = 0.000214
iter 46: upload_copy_time_cuda = 0.000221
iter 46: per_iter_time_cuda = 0.005261

iter 47: cpu_time_cuda = 0.003151
iter 47: gpu_time_cuda = 0.001297
iter 47: download_copy_time_cuda = 0.000211
iter 47: upload_copy_time_cuda = 0.000215
iter 47: per_iter_time_cuda = 0.005068

iter 48: cpu_time_cuda = 0.003062
iter 48: gpu_time_cuda = 0.001257
iter 48: download_copy_time_cuda = 0.000207
iter 48: upload_copy_time_cuda = 0.000205
iter 48: per_iter_time_cuda = 0.004915

iter 49: cpu_time_cuda = 0.002964
iter 49: gpu_time_cuda = 0.001172
iter 49: download_copy_time_cuda = 0.000194
iter 49: upload_copy_time_cuda = 0.000200
iter 49: per_iter_time_cuda = 0.004721

iter 50: cpu_time_cuda = 0.002888
iter 50: gpu_time_cuda = 0.001132
iter 50: download_copy_time_cuda = 0.000192
iter 50: upload_copy_time_cuda = 0.000196
iter 50: per_iter_time_cuda = 0.004597

iter 51: cpu_time_cuda = 0.002798
iter 51: gpu_time_cuda = 0.001026
iter 51: download_copy_time_cuda = 0.000191
iter 51: upload_copy_time_cuda = 0.000191
iter 51: per_iter_time_cuda = 0.004390

iter 52: cpu_time_cuda = 0.002684
iter 52: gpu_time_cuda = 0.001006
iter 52: download_copy_time_cuda = 0.000178
iter 52: upload_copy_time_cuda = 0.000184
iter 52: per_iter_time_cuda = 0.004230

iter 53: cpu_time_cuda = 0.002592
iter 53: gpu_time_cuda = 0.000932
iter 53: download_copy_time_cuda = 0.000175
iter 53: upload_copy_time_cuda = 0.000184
iter 53: per_iter_time_cuda = 0.004058

iter 54: cpu_time_cuda = 0.002496
iter 54: gpu_time_cuda = 0.000878
iter 54: download_copy_time_cuda = 0.000175
iter 54: upload_copy_time_cuda = 0.000175
iter 54: per_iter_time_cuda = 0.003901

iter 55: cpu_time_cuda = 0.002399
iter 55: gpu_time_cuda = 0.000824
iter 55: download_copy_time_cuda = 0.000163
iter 55: upload_copy_time_cuda = 0.000178
iter 55: per_iter_time_cuda = 0.003738

iter 56: cpu_time_cuda = 0.002314
iter 56: gpu_time_cuda = 0.000795
iter 56: download_copy_time_cuda = 0.000164
iter 56: upload_copy_time_cuda = 0.000174
iter 56: per_iter_time_cuda = 0.003623

iter 57: cpu_time_cuda = 0.002216
iter 57: gpu_time_cuda = 0.000671
iter 57: download_copy_time_cuda = 0.000159
iter 57: upload_copy_time_cuda = 0.000174
iter 57: per_iter_time_cuda = 0.003396

iter 58: cpu_time_cuda = 0.002104
iter 58: gpu_time_cuda = 0.000626
iter 58: download_copy_time_cuda = 0.000147
iter 58: upload_copy_time_cuda = 0.000177
iter 58: per_iter_time_cuda = 0.003223

iter 59: cpu_time_cuda = 0.001992
iter 59: gpu_time_cuda = 0.000584
iter 59: download_copy_time_cuda = 0.000145
iter 59: upload_copy_time_cuda = 0.000171
iter 59: per_iter_time_cuda = 0.003061

iter 60: cpu_time_cuda = 0.001897
iter 60: gpu_time_cuda = 0.000552
iter 60: download_copy_time_cuda = 0.000145
iter 60: upload_copy_time_cuda = 0.000173
iter 60: per_iter_time_cuda = 0.002934

iter 61: cpu_time_cuda = 0.001804
iter 61: gpu_time_cuda = 0.000499
iter 61: download_copy_time_cuda = 0.000131
iter 61: upload_copy_time_cuda = 0.000174
iter 61: per_iter_time_cuda = 0.002787

iter 62: cpu_time_cuda = 0.001705
iter 62: gpu_time_cuda = 0.000488
iter 62: download_copy_time_cuda = 0.000129
iter 62: upload_copy_time_cuda = 0.000175
iter 62: per_iter_time_cuda = 0.002658

iter 63: cpu_time_cuda = 0.001605
iter 63: gpu_time_cuda = 0.000459
iter 63: download_copy_time_cuda = 0.000119
iter 63: upload_copy_time_cuda = 0.000170
iter 63: per_iter_time_cuda = 0.002511

iter 64: cpu_time_cuda = 0.001576
iter 64: gpu_time_cuda = 0.000413
iter 64: download_copy_time_cuda = 0.000110
iter 64: upload_copy_time_cuda = 0.000168
iter 64: per_iter_time_cuda = 0.002425

iter 65: cpu_time_cuda = 0.001423
iter 65: gpu_time_cuda = 0.000362
iter 65: download_copy_time_cuda = 0.000112
iter 65: upload_copy_time_cuda = 0.000170
iter 65: per_iter_time_cuda = 0.002228

iter 66: cpu_time_cuda = 0.001335
iter 66: gpu_time_cuda = 0.000345
iter 66: download_copy_time_cuda = 0.000111
iter 66: upload_copy_time_cuda = 0.000164
iter 66: per_iter_time_cuda = 0.002124

iter 67: cpu_time_cuda = 0.001235
iter 67: gpu_time_cuda = 0.000291
iter 67: download_copy_time_cuda = 0.000097
iter 67: upload_copy_time_cuda = 0.000167
iter 67: per_iter_time_cuda = 0.001964

iter 68: cpu_time_cuda = 0.001146
iter 68: gpu_time_cuda = 0.000290
iter 68: download_copy_time_cuda = 0.000095
iter 68: upload_copy_time_cuda = 0.000170
iter 68: per_iter_time_cuda = 0.001869

iter 69: cpu_time_cuda = 0.001057
iter 69: gpu_time_cuda = 0.000242
iter 69: download_copy_time_cuda = 0.000095
iter 69: upload_copy_time_cuda = 0.000167
iter 69: per_iter_time_cuda = 0.001725

iter 70: cpu_time_cuda = 0.000976
iter 70: gpu_time_cuda = 0.000204
iter 70: download_copy_time_cuda = 0.000081
iter 70: upload_copy_time_cuda = 0.000168
iter 70: per_iter_time_cuda = 0.001596

iter 71: cpu_time_cuda = 0.000878
iter 71: gpu_time_cuda = 0.000196
iter 71: download_copy_time_cuda = 0.000080
iter 71: upload_copy_time_cuda = 0.000169
iter 71: per_iter_time_cuda = 0.001481

iter 72: cpu_time_cuda = 0.000786
iter 72: gpu_time_cuda = 0.000194
iter 72: download_copy_time_cuda = 0.000079
iter 72: upload_copy_time_cuda = 0.000165
iter 72: per_iter_time_cuda = 0.001387

iter 73: cpu_time_cuda = 0.000691
iter 73: gpu_time_cuda = 0.000147
iter 73: download_copy_time_cuda = 0.000068
iter 73: upload_copy_time_cuda = 0.000172
iter 73: per_iter_time_cuda = 0.001241

iter 74: cpu_time_cuda = 0.000649
iter 74: gpu_time_cuda = 0.000135
iter 74: download_copy_time_cuda = 0.000062
iter 74: upload_copy_time_cuda = 0.000167
iter 74: per_iter_time_cuda = 0.001176

iter 75: cpu_time_cuda = 0.000533
iter 75: gpu_time_cuda = 0.000120
iter 75: download_copy_time_cuda = 0.000060
iter 75: upload_copy_time_cuda = 0.000164
iter 75: per_iter_time_cuda = 0.001035

iter 76: cpu_time_cuda = 0.000457
iter 76: gpu_time_cuda = 0.000111
iter 76: download_copy_time_cuda = 0.000058
iter 76: upload_copy_time_cuda = 0.000167
iter 76: per_iter_time_cuda = 0.000956

iter 77: cpu_time_cuda = 0.000364
iter 77: gpu_time_cuda = 0.000110
iter 77: download_copy_time_cuda = 0.000059
iter 77: upload_copy_time_cuda = 0.000163
iter 77: per_iter_time_cuda = 0.000859

iter 78: cpu_time_cuda = 0.000273
iter 78: gpu_time_cuda = 0.000110
iter 78: download_copy_time_cuda = 0.000057
iter 78: upload_copy_time_cuda = 0.000158
iter 78: per_iter_time_cuda = 0.000744

iter 79: cpu_time_cuda = 0.000160
iter 79: gpu_time_cuda = 0.000002
iter 79: download_copy_time_cuda = 0.000057
iter 79: upload_copy_time_cuda = 0.000145
iter 79: per_iter_time_cuda = 0.000417

total_cpu_time_cuda = 0.303655
total_gpu_time_cuda = 0.174826
total_copy_time_cuda = 0.042151
main_loop_time_cuda = 0.542060
Normalized difference of predicted CPU runtime per iteration is: 0.000000%
Normalized difference of predicted GPU runtime per iteration is: 0.000000%
Normalized difference of predicted slack per iteration is: 0.000000%
 5120  5120     ---   (  ---  )    144.58 (   0.62)     ---   
1.47user 0.44system 0:02.87elapsed 66%CPU (0avgtext+0avgdata 357388maxresident)k
0inputs+0outputs (0major+71400minor)pagefaults 0swaps
send out message: 22 3 log
