send out message: 24 37 /home/lchen/MAGMA/magma-1.5.0/results
send out message: 20 26 MAGMA_LU_GPUDVFS.total.pwr
MAGMA 1.5.0  compiled for CUDA capability >= 3.0
CUDA runtime 5000, driver 6050. MAGMA not compiled with OpenMP. 
device 0: Tesla K20c, 705.5 MHz clock, 4799.6 MB memory, capability 3.5
Usage: /home/lchen/MAGMA/magma-1.5.0/testing/testing_dgetrf [options] [-h|--help]

ngpu 1
    M     N   CPU GFlop/s (sec)   GPU GFlop/s (sec)   |PA-LU|/(N*|A|)
=========================================================================
init_time = 9.892056
iter 0: slack_cuda = 0.000000
iter 0: cpu_time_cuda = 0.000000
iter 0: gpu_time_cuda = 0.000000
iter 0: download_copy_time_cuda = 0.000000
iter 0: upload_copy_time_cuda = 0.002013
iter 0: per_iter_time_cuda = 0.003098

iter 1: slack_cuda = -0.620960
iter 1: cpu_time_cuda = 0.231767
iter 1: gpu_time_cuda = 0.852727
iter 1: download_copy_time_cuda = 0.001922
iter 1: upload_copy_time_cuda = 0.002228
iter 1: per_iter_time_cuda = 1.089743

iter 2: slack_cuda = -0.621241
iter 2: cpu_time_cuda = 0.231361
iter 2: gpu_time_cuda = 0.852602
iter 2: download_copy_time_cuda = 0.002085
iter 2: upload_copy_time_cuda = 0.002198
iter 2: per_iter_time_cuda = 1.089311

iter 3: slack_cuda = -0.612408
iter 3: cpu_time_cuda = 0.233530
iter 3: gpu_time_cuda = 0.845937
iter 3: download_copy_time_cuda = 0.002081
iter 3: upload_copy_time_cuda = 0.002190
iter 3: per_iter_time_cuda = 1.084780

iter 4: slack_cuda = -0.611433
iter 4: cpu_time_cuda = 0.229828
iter 4: gpu_time_cuda = 0.841261
iter 4: download_copy_time_cuda = 0.002083
iter 4: upload_copy_time_cuda = 0.002210
iter 4: per_iter_time_cuda = 1.076429

iter 5: slack_cuda = -0.605644
iter 5: cpu_time_cuda = 0.229049
iter 5: gpu_time_cuda = 0.834693
iter 5: download_copy_time_cuda = 0.002096
iter 5: upload_copy_time_cuda = 0.002199
iter 5: per_iter_time_cuda = 1.069085

iter 6: slack_cuda = -0.602976
iter 6: cpu_time_cuda = 0.228174
iter 6: gpu_time_cuda = 0.831150
iter 6: download_copy_time_cuda = 0.002190
iter 6: upload_copy_time_cuda = 0.002204
iter 6: per_iter_time_cuda = 1.064756

iter 7: slack_cuda = -0.596449
iter 7: cpu_time_cuda = 0.227408
iter 7: gpu_time_cuda = 0.823857
iter 7: download_copy_time_cuda = 0.002060
iter 7: upload_copy_time_cuda = 0.002169
iter 7: per_iter_time_cuda = 1.056519

iter 8: slack_cuda = -0.597365
iter 8: cpu_time_cuda = 0.226774
iter 8: gpu_time_cuda = 0.824140
iter 8: download_copy_time_cuda = 0.002050
iter 8: upload_copy_time_cuda = 0.002177
iter 8: per_iter_time_cuda = 1.056195

iter 9: slack_cuda = -0.586506
iter 9: cpu_time_cuda = 0.227419
iter 9: gpu_time_cuda = 0.813924
iter 9: download_copy_time_cuda = 0.002051
iter 9: upload_copy_time_cuda = 0.002176
iter 9: per_iter_time_cuda = 1.046605

iter 10: slack_cuda = -0.586295
iter 10: cpu_time_cuda = 0.225361
iter 10: gpu_time_cuda = 0.811655
iter 10: download_copy_time_cuda = 0.002048
iter 10: upload_copy_time_cuda = 0.002167
iter 10: per_iter_time_cuda = 1.042275

iter 11: slack_cuda = -0.577113
iter 11: cpu_time_cuda = 0.224680
iter 11: gpu_time_cuda = 0.801793
iter 11: download_copy_time_cuda = 0.002046
iter 11: upload_copy_time_cuda = 0.002138
iter 11: per_iter_time_cuda = 1.031691

iter 12: slack_cuda = -0.574338
iter 12: cpu_time_cuda = 0.224041
iter 12: gpu_time_cuda = 0.798379
iter 12: download_copy_time_cuda = 0.002031
iter 12: upload_copy_time_cuda = 0.002141
iter 12: per_iter_time_cuda = 1.027656

iter 13: slack_cuda = -0.565045
iter 13: cpu_time_cuda = 0.223630
iter 13: gpu_time_cuda = 0.788675
iter 13: download_copy_time_cuda = 0.002020
iter 13: upload_copy_time_cuda = 0.001930
iter 13: per_iter_time_cuda = 1.017270

iter 14: slack_cuda = -0.567671
iter 14: cpu_time_cuda = 0.222886
iter 14: gpu_time_cuda = 0.790557
iter 14: download_copy_time_cuda = 0.001825
iter 14: upload_copy_time_cuda = 0.001928
iter 14: per_iter_time_cuda = 1.018233

iter 15: slack_cuda = -0.560544
iter 15: cpu_time_cuda = 0.221813
iter 15: gpu_time_cuda = 0.782357
iter 15: download_copy_time_cuda = 0.001816
iter 15: upload_copy_time_cuda = 0.001921
iter 15: per_iter_time_cuda = 1.008926

iter 16: slack_cuda = -0.558656
iter 16: cpu_time_cuda = 0.221148
iter 16: gpu_time_cuda = 0.779803
iter 16: download_copy_time_cuda = 0.001808
iter 16: upload_copy_time_cuda = 0.001910
iter 16: per_iter_time_cuda = 1.005693

iter 17: slack_cuda = -0.551554
iter 17: cpu_time_cuda = 0.220841
iter 17: gpu_time_cuda = 0.772395
iter 17: download_copy_time_cuda = 0.001829
iter 17: upload_copy_time_cuda = 0.001907
iter 17: per_iter_time_cuda = 0.997988

iter 18: slack_cuda = -0.546593
iter 18: cpu_time_cuda = 0.219741
iter 18: gpu_time_cuda = 0.766334
iter 18: download_copy_time_cuda = 0.001797
iter 18: upload_copy_time_cuda = 0.001899
iter 18: per_iter_time_cuda = 0.990803

iter 19: slack_cuda = -0.538875
iter 19: cpu_time_cuda = 0.218843
iter 19: gpu_time_cuda = 0.757718
iter 19: download_copy_time_cuda = 0.001800
iter 19: upload_copy_time_cuda = 0.001895
iter 19: per_iter_time_cuda = 0.981264

iter 20: slack_cuda = -0.543498
iter 20: cpu_time_cuda = 0.218044
iter 20: gpu_time_cuda = 0.761542
iter 20: download_copy_time_cuda = 0.001798
iter 20: upload_copy_time_cuda = 0.001886
iter 20: per_iter_time_cuda = 0.984281

iter 21: slack_cuda = -0.532605
iter 21: cpu_time_cuda = 0.217603
iter 21: gpu_time_cuda = 0.750208
iter 21: download_copy_time_cuda = 0.001777
iter 21: upload_copy_time_cuda = 0.001888
iter 21: per_iter_time_cuda = 0.972472

iter 22: slack_cuda = -0.534015
iter 22: cpu_time_cuda = 0.216574
iter 22: gpu_time_cuda = 0.750589
iter 22: download_copy_time_cuda = 0.001773
iter 22: upload_copy_time_cuda = 0.001875
iter 22: per_iter_time_cuda = 0.971820

iter 23: slack_cuda = -0.528178
iter 23: cpu_time_cuda = 0.215806
iter 23: gpu_time_cuda = 0.743983
iter 23: download_copy_time_cuda = 0.001778
iter 23: upload_copy_time_cuda = 0.001871
iter 23: per_iter_time_cuda = 0.964430

iter 24: slack_cuda = -0.521655
iter 24: cpu_time_cuda = 0.216523
iter 24: gpu_time_cuda = 0.738177
iter 24: download_copy_time_cuda = 0.001771
iter 24: upload_copy_time_cuda = 0.001863
iter 24: per_iter_time_cuda = 0.959344

iter 25: slack_cuda = -0.513653
iter 25: cpu_time_cuda = 0.215733
iter 25: gpu_time_cuda = 0.729387
iter 25: download_copy_time_cuda = 0.001760
iter 25: upload_copy_time_cuda = 0.001874
iter 25: per_iter_time_cuda = 0.949785

iter 26: slack_cuda = -0.515786
iter 26: cpu_time_cuda = 0.213918
iter 26: gpu_time_cuda = 0.729704
iter 26: download_copy_time_cuda = 0.001761
iter 26: upload_copy_time_cuda = 0.001853
iter 26: per_iter_time_cuda = 0.948228

iter 27: slack_cuda = -0.506672
iter 27: cpu_time_cuda = 0.213192
iter 27: gpu_time_cuda = 0.719865
iter 27: download_copy_time_cuda = 0.001747
iter 27: upload_copy_time_cuda = 0.001846
iter 27: per_iter_time_cuda = 0.937630

iter 28: slack_cuda = -0.509764
iter 28: cpu_time_cuda = 0.213084
iter 28: gpu_time_cuda = 0.722848
iter 28: download_copy_time_cuda = 0.001737
iter 28: upload_copy_time_cuda = 0.001838
iter 28: per_iter_time_cuda = 0.940501

iter 29: slack_cuda = -0.499890
iter 29: cpu_time_cuda = 0.211890
iter 29: gpu_time_cuda = 0.711781
iter 29: download_copy_time_cuda = 0.001734
iter 29: upload_copy_time_cuda = 0.001843
iter 29: per_iter_time_cuda = 0.928231

iter 30: slack_cuda = -0.498068
iter 30: cpu_time_cuda = 0.211332
iter 30: gpu_time_cuda = 0.709400
iter 30: download_copy_time_cuda = 0.001727
iter 30: upload_copy_time_cuda = 0.001826
iter 30: per_iter_time_cuda = 0.925264

iter 31: slack_cuda = -0.489839
iter 31: cpu_time_cuda = 0.210496
iter 31: gpu_time_cuda = 0.700335
iter 31: download_copy_time_cuda = 0.001726
iter 31: upload_copy_time_cuda = 0.001819
iter 31: per_iter_time_cuda = 0.915336

iter 32: slack_cuda = -0.489810
iter 32: cpu_time_cuda = 0.209731
iter 32: gpu_time_cuda = 0.699541
iter 32: download_copy_time_cuda = 0.001725
iter 32: upload_copy_time_cuda = 0.001816
iter 32: per_iter_time_cuda = 0.913812

iter 33: slack_cuda = -0.481809
iter 33: cpu_time_cuda = 0.208870
iter 33: gpu_time_cuda = 0.690679
iter 33: download_copy_time_cuda = 0.001714
iter 33: upload_copy_time_cuda = 0.001807
iter 33: per_iter_time_cuda = 0.904059

iter 34: slack_cuda = -0.483120
iter 34: cpu_time_cuda = 0.208250
iter 34: gpu_time_cuda = 0.691370
iter 34: download_copy_time_cuda = 0.001713
iter 34: upload_copy_time_cuda = 0.001802
iter 34: per_iter_time_cuda = 0.904111

iter 35: slack_cuda = -0.477346
iter 35: cpu_time_cuda = 0.207638
iter 35: gpu_time_cuda = 0.684984
iter 35: download_copy_time_cuda = 0.001698
iter 35: upload_copy_time_cuda = 0.001796
iter 35: per_iter_time_cuda = 0.897077

iter 36: slack_cuda = -0.474608
iter 36: cpu_time_cuda = 0.206933
iter 36: gpu_time_cuda = 0.681541
iter 36: download_copy_time_cuda = 0.001730
iter 36: upload_copy_time_cuda = 0.001799
iter 36: per_iter_time_cuda = 0.892998

iter 37: slack_cuda = -0.469019
iter 37: cpu_time_cuda = 0.206060
iter 37: gpu_time_cuda = 0.675079
iter 37: download_copy_time_cuda = 0.001703
iter 37: upload_copy_time_cuda = 0.001784
iter 37: per_iter_time_cuda = 0.885573

iter 38: slack_cuda = -0.464969
iter 38: cpu_time_cuda = 0.205931
iter 38: gpu_time_cuda = 0.670900
iter 38: download_copy_time_cuda = 0.001685
iter 38: upload_copy_time_cuda = 0.001777
iter 38: per_iter_time_cuda = 0.881235

iter 39: slack_cuda = -0.457495
iter 39: cpu_time_cuda = 0.204674
iter 39: gpu_time_cuda = 0.662169
iter 39: download_copy_time_cuda = 0.001673
iter 39: upload_copy_time_cuda = 0.001771
iter 39: per_iter_time_cuda = 0.871216

iter 40: slack_cuda = -0.458815
iter 40: cpu_time_cuda = 0.203984
iter 40: gpu_time_cuda = 0.662799
iter 40: download_copy_time_cuda = 0.001677
iter 40: upload_copy_time_cuda = 0.001801
iter 40: per_iter_time_cuda = 0.871232

iter 41: slack_cuda = -0.457889
iter 41: cpu_time_cuda = 0.203081
iter 41: gpu_time_cuda = 0.660970
iter 41: download_copy_time_cuda = 0.001670
iter 41: upload_copy_time_cuda = 0.001756
iter 41: per_iter_time_cuda = 0.868420

iter 42: slack_cuda = -0.446258
iter 42: cpu_time_cuda = 0.208502
iter 42: gpu_time_cuda = 0.654760
iter 42: download_copy_time_cuda = 0.001663
iter 42: upload_copy_time_cuda = 0.001750
iter 42: per_iter_time_cuda = 0.867623

iter 43: slack_cuda = -0.444493
iter 43: cpu_time_cuda = 0.201689
iter 43: gpu_time_cuda = 0.646182
iter 43: download_copy_time_cuda = 0.001684
iter 43: upload_copy_time_cuda = 0.001742
iter 43: per_iter_time_cuda = 0.852237

iter 44: slack_cuda = -0.442501
iter 44: cpu_time_cuda = 0.200755
iter 44: gpu_time_cuda = 0.643256
iter 44: download_copy_time_cuda = 0.001656
iter 44: upload_copy_time_cuda = 0.001739
iter 44: per_iter_time_cuda = 0.848348

iter 45: slack_cuda = -0.433395
iter 45: cpu_time_cuda = 0.200807
iter 45: gpu_time_cuda = 0.634202
iter 45: download_copy_time_cuda = 0.001642
iter 45: upload_copy_time_cuda = 0.001733
iter 45: per_iter_time_cuda = 0.839305

iter 46: slack_cuda = -0.437076
iter 46: cpu_time_cuda = 0.199383
iter 46: gpu_time_cuda = 0.636460
iter 46: download_copy_time_cuda = 0.001641
iter 46: upload_copy_time_cuda = 0.001727
iter 46: per_iter_time_cuda = 0.840137

iter 47: slack_cuda = -0.428500
iter 47: cpu_time_cuda = 0.198843
iter 47: gpu_time_cuda = 0.627343
iter 47: download_copy_time_cuda = 0.001627
iter 47: upload_copy_time_cuda = 0.001732
iter 47: per_iter_time_cuda = 0.830485

iter 48: slack_cuda = -0.429821
iter 48: cpu_time_cuda = 0.198268
iter 48: gpu_time_cuda = 0.628089
iter 48: download_copy_time_cuda = 0.001644
iter 48: upload_copy_time_cuda = 0.001729
iter 48: per_iter_time_cuda = 0.830667

iter 49: slack_cuda = -0.422588
iter 49: cpu_time_cuda = 0.197389
iter 49: gpu_time_cuda = 0.619977
iter 49: download_copy_time_cuda = 0.001628
iter 49: upload_copy_time_cuda = 0.001707
iter 49: per_iter_time_cuda = 0.821601

iter 50: slack_cuda = -0.418597
iter 50: cpu_time_cuda = 0.196521
iter 50: gpu_time_cuda = 0.615118
iter 50: download_copy_time_cuda = 0.001656
iter 50: upload_copy_time_cuda = 0.001705
iter 50: per_iter_time_cuda = 0.815915

iter 51: slack_cuda = -0.411325
iter 51: cpu_time_cuda = 0.195842
iter 51: gpu_time_cuda = 0.607167
iter 51: download_copy_time_cuda = 0.001608
iter 51: upload_copy_time_cuda = 0.001693
iter 51: per_iter_time_cuda = 0.807225

iter 52: slack_cuda = -0.414772
iter 52: cpu_time_cuda = 0.195286
iter 52: gpu_time_cuda = 0.610058
iter 52: download_copy_time_cuda = 0.001613
iter 52: upload_copy_time_cuda = 0.001699
iter 52: per_iter_time_cuda = 0.809575

iter 53: slack_cuda = -0.406401
iter 53: cpu_time_cuda = 0.194265
iter 53: gpu_time_cuda = 0.600667
iter 53: download_copy_time_cuda = 0.001600
iter 53: upload_copy_time_cuda = 0.001683
iter 53: per_iter_time_cuda = 0.799137

iter 54: slack_cuda = -0.408077
iter 54: cpu_time_cuda = 0.193522
iter 54: gpu_time_cuda = 0.601599
iter 54: download_copy_time_cuda = 0.001588
iter 54: upload_copy_time_cuda = 0.001676
iter 54: per_iter_time_cuda = 0.799290

iter 55: slack_cuda = -0.402991
iter 55: cpu_time_cuda = 0.192839
iter 55: gpu_time_cuda = 0.595829
iter 55: download_copy_time_cuda = 0.001606
iter 55: upload_copy_time_cuda = 0.001674
iter 55: per_iter_time_cuda = 0.792861

iter 56: slack_cuda = -0.397518
iter 56: cpu_time_cuda = 0.192196
iter 56: gpu_time_cuda = 0.589714
iter 56: download_copy_time_cuda = 0.001596
iter 56: upload_copy_time_cuda = 0.001664
iter 56: per_iter_time_cuda = 0.786095

iter 57: slack_cuda = -0.387334
iter 57: cpu_time_cuda = 0.194281
iter 57: gpu_time_cuda = 0.581615
iter 57: download_copy_time_cuda = 0.001579
iter 57: upload_copy_time_cuda = 0.001662
iter 57: per_iter_time_cuda = 0.780030

iter 58: slack_cuda = -0.390941
iter 58: cpu_time_cuda = 0.190835
iter 58: gpu_time_cuda = 0.581776
iter 58: download_copy_time_cuda = 0.001577
iter 58: upload_copy_time_cuda = 0.001651
iter 58: per_iter_time_cuda = 0.776737

iter 59: slack_cuda = -0.382152
iter 59: cpu_time_cuda = 0.190248
iter 59: gpu_time_cuda = 0.572400
iter 59: download_copy_time_cuda = 0.001565
iter 59: upload_copy_time_cuda = 0.001643
iter 59: per_iter_time_cuda = 0.766744

iter 60: slack_cuda = -0.386881
iter 60: cpu_time_cuda = 0.190336
iter 60: gpu_time_cuda = 0.577217
iter 60: download_copy_time_cuda = 0.001563
iter 60: upload_copy_time_cuda = 0.001647
iter 60: per_iter_time_cuda = 0.771686

iter 61: slack_cuda = -0.379511
iter 61: cpu_time_cuda = 0.188853
iter 61: gpu_time_cuda = 0.568365
iter 61: download_copy_time_cuda = 0.001553
iter 61: upload_copy_time_cuda = 0.001633
iter 61: per_iter_time_cuda = 0.761300

iter 62: slack_cuda = -0.375956
iter 62: cpu_time_cuda = 0.187738
iter 62: gpu_time_cuda = 0.563694
iter 62: download_copy_time_cuda = 0.001549
iter 62: upload_copy_time_cuda = 0.001629
iter 62: per_iter_time_cuda = 0.755506

iter 63: slack_cuda = -0.369266
iter 63: cpu_time_cuda = 0.187185
iter 63: gpu_time_cuda = 0.556451
iter 63: download_copy_time_cuda = 0.001532
iter 63: upload_copy_time_cuda = 0.001622
iter 63: per_iter_time_cuda = 0.747709

iter 64: slack_cuda = -0.368684
iter 64: cpu_time_cuda = 0.186882
iter 64: gpu_time_cuda = 0.555565
iter 64: download_copy_time_cuda = 0.001526
iter 64: upload_copy_time_cuda = 0.001611
iter 64: per_iter_time_cuda = 0.746473

iter 65: slack_cuda = -0.361311
iter 65: cpu_time_cuda = 0.185863
iter 65: gpu_time_cuda = 0.547174
iter 65: download_copy_time_cuda = 0.001555
iter 65: upload_copy_time_cuda = 0.001607
iter 65: per_iter_time_cuda = 0.737086

iter 66: slack_cuda = -0.363138
iter 66: cpu_time_cuda = 0.185008
iter 66: gpu_time_cuda = 0.548146
iter 66: download_copy_time_cuda = 0.001529
iter 66: upload_copy_time_cuda = 0.001615
iter 66: per_iter_time_cuda = 0.737209

iter 67: slack_cuda = -0.359398
iter 67: cpu_time_cuda = 0.184430
iter 67: gpu_time_cuda = 0.543828
iter 67: download_copy_time_cuda = 0.001514
iter 67: upload_copy_time_cuda = 0.001598
iter 67: per_iter_time_cuda = 0.732241

iter 68: slack_cuda = -0.357295
iter 68: cpu_time_cuda = 0.183585
iter 68: gpu_time_cuda = 0.540880
iter 68: download_copy_time_cuda = 0.001504
iter 68: upload_copy_time_cuda = 0.001620
iter 68: per_iter_time_cuda = 0.728466

iter 69: slack_cuda = -0.348386
iter 69: cpu_time_cuda = 0.183791
iter 69: gpu_time_cuda = 0.532177
iter 69: download_copy_time_cuda = 0.001542
iter 69: upload_copy_time_cuda = 0.001583
iter 69: per_iter_time_cuda = 0.719950

iter 70: slack_cuda = -0.348282
iter 70: cpu_time_cuda = 0.182111
iter 70: gpu_time_cuda = 0.530393
iter 70: download_copy_time_cuda = 0.001496
iter 70: upload_copy_time_cuda = 0.001576
iter 70: per_iter_time_cuda = 0.716438

iter 71: slack_cuda = -0.340849
iter 71: cpu_time_cuda = 0.181289
iter 71: gpu_time_cuda = 0.522138
iter 71: download_copy_time_cuda = 0.001499
iter 71: upload_copy_time_cuda = 0.001569
iter 71: per_iter_time_cuda = 0.707347

iter 72: slack_cuda = -0.345757
iter 72: cpu_time_cuda = 0.180609
iter 72: gpu_time_cuda = 0.526366
iter 72: download_copy_time_cuda = 0.001481
iter 72: upload_copy_time_cuda = 0.001565
iter 72: per_iter_time_cuda = 0.710876

iter 73: slack_cuda = -0.332258
iter 73: cpu_time_cuda = 0.185566
iter 73: gpu_time_cuda = 0.517825
iter 73: download_copy_time_cuda = 0.001506
iter 73: upload_copy_time_cuda = 0.001560
iter 73: per_iter_time_cuda = 0.707310

iter 74: slack_cuda = -0.335387
iter 74: cpu_time_cuda = 0.179368
iter 74: gpu_time_cuda = 0.514755
iter 74: download_copy_time_cuda = 0.001471
iter 74: upload_copy_time_cuda = 0.001559
iter 74: per_iter_time_cuda = 0.698001

iter 75: slack_cuda = -0.328332
iter 75: cpu_time_cuda = 0.178597
iter 75: gpu_time_cuda = 0.506930
iter 75: download_copy_time_cuda = 0.001469
iter 75: upload_copy_time_cuda = 0.001546
iter 75: per_iter_time_cuda = 0.689391

iter 76: slack_cuda = -0.325855
iter 76: cpu_time_cuda = 0.178042
iter 76: gpu_time_cuda = 0.503898
iter 76: download_copy_time_cuda = 0.001462
iter 76: upload_copy_time_cuda = 0.001544
iter 76: per_iter_time_cuda = 0.685817

iter 77: slack_cuda = -0.315441
iter 77: cpu_time_cuda = 0.182706
iter 77: gpu_time_cuda = 0.498146
iter 77: download_copy_time_cuda = 0.001464
iter 77: upload_copy_time_cuda = 0.001551
iter 77: per_iter_time_cuda = 0.684713

iter 78: slack_cuda = -0.323889
iter 78: cpu_time_cuda = 0.176361
iter 78: gpu_time_cuda = 0.500250
iter 78: download_copy_time_cuda = 0.001458
iter 78: upload_copy_time_cuda = 0.001528
iter 78: per_iter_time_cuda = 0.680441

iter 79: slack_cuda = -0.314325
iter 79: cpu_time_cuda = 0.175909
iter 79: gpu_time_cuda = 0.490234
iter 79: download_copy_time_cuda = 0.001444
iter 79: upload_copy_time_cuda = 0.001547
iter 79: per_iter_time_cuda = 0.669981

iter 80: slack_cuda = -0.314749
iter 80: cpu_time_cuda = 0.175353
iter 80: gpu_time_cuda = 0.490102
iter 80: download_copy_time_cuda = 0.001466
iter 80: upload_copy_time_cuda = 0.001937
iter 80: per_iter_time_cuda = 0.669858

iter 81: slack_cuda = -0.311007
iter 81: cpu_time_cuda = 0.174373
iter 81: gpu_time_cuda = 0.485379
iter 81: download_copy_time_cuda = 0.001430
iter 81: upload_copy_time_cuda = 0.001511
iter 81: per_iter_time_cuda = 0.663517

iter 82: slack_cuda = -0.307372
iter 82: cpu_time_cuda = 0.173723
iter 82: gpu_time_cuda = 0.481095
iter 82: download_copy_time_cuda = 0.001425
iter 82: upload_copy_time_cuda = 0.001502
iter 82: per_iter_time_cuda = 0.658574

iter 83: slack_cuda = -0.299888
iter 83: cpu_time_cuda = 0.172798
iter 83: gpu_time_cuda = 0.472687
iter 83: download_copy_time_cuda = 0.001428
iter 83: upload_copy_time_cuda = 0.001496
iter 83: per_iter_time_cuda = 0.649236

iter 84: slack_cuda = -0.302839
iter 84: cpu_time_cuda = 0.171883
iter 84: gpu_time_cuda = 0.474722
iter 84: download_copy_time_cuda = 0.001415
iter 84: upload_copy_time_cuda = 0.001490
iter 84: per_iter_time_cuda = 0.650323

iter 85: slack_cuda = -0.294603
iter 85: cpu_time_cuda = 0.171144
iter 85: gpu_time_cuda = 0.465747
iter 85: download_copy_time_cuda = 0.001407
iter 85: upload_copy_time_cuda = 0.001483
iter 85: per_iter_time_cuda = 0.640598

iter 86: slack_cuda = -0.296515
iter 86: cpu_time_cuda = 0.170596
iter 86: gpu_time_cuda = 0.467111
iter 86: download_copy_time_cuda = 0.001411
iter 86: upload_copy_time_cuda = 0.001477
iter 86: per_iter_time_cuda = 0.641415

iter 87: slack_cuda = -0.292445
iter 87: cpu_time_cuda = 0.169671
iter 87: gpu_time_cuda = 0.462116
iter 87: download_copy_time_cuda = 0.001401
iter 87: upload_copy_time_cuda = 0.001471
iter 87: per_iter_time_cuda = 0.635483

iter 88: slack_cuda = -0.289379
iter 88: cpu_time_cuda = 0.169280
iter 88: gpu_time_cuda = 0.458659
iter 88: download_copy_time_cuda = 0.001396
iter 88: upload_copy_time_cuda = 0.001579
iter 88: per_iter_time_cuda = 0.631770

iter 89: slack_cuda = -0.280291
iter 89: cpu_time_cuda = 0.168474
iter 89: gpu_time_cuda = 0.448765
iter 89: download_copy_time_cuda = 0.001391
iter 89: upload_copy_time_cuda = 0.001458
iter 89: per_iter_time_cuda = 0.620891

iter 90: slack_cuda = -0.282819
iter 90: cpu_time_cuda = 0.168146
iter 90: gpu_time_cuda = 0.450965
iter 90: download_copy_time_cuda = 0.001422
iter 90: upload_copy_time_cuda = 0.001453
iter 90: per_iter_time_cuda = 0.622788

iter 91: slack_cuda = -0.277824
iter 91: cpu_time_cuda = 0.167103
iter 91: gpu_time_cuda = 0.444928
iter 91: download_copy_time_cuda = 0.001377
iter 91: upload_copy_time_cuda = 0.001447
iter 91: per_iter_time_cuda = 0.615644

iter 92: slack_cuda = -0.282823
iter 92: cpu_time_cuda = 0.166217
iter 92: gpu_time_cuda = 0.449040
iter 92: download_copy_time_cuda = 0.001372
iter 92: upload_copy_time_cuda = 0.001438
iter 92: per_iter_time_cuda = 0.618855

iter 93: slack_cuda = -0.270847
iter 93: cpu_time_cuda = 0.165452
iter 93: gpu_time_cuda = 0.436300
iter 93: download_copy_time_cuda = 0.001384
iter 93: upload_copy_time_cuda = 0.001433
iter 93: per_iter_time_cuda = 0.605351

iter 94: slack_cuda = -0.269866
iter 94: cpu_time_cuda = 0.164765
iter 94: gpu_time_cuda = 0.434631
iter 94: download_copy_time_cuda = 0.001360
iter 94: upload_copy_time_cuda = 0.001423
iter 94: per_iter_time_cuda = 0.602952

iter 95: slack_cuda = -0.267777
iter 95: cpu_time_cuda = 0.163978
iter 95: gpu_time_cuda = 0.431755
iter 95: download_copy_time_cuda = 0.001350
iter 95: upload_copy_time_cuda = 0.001417
iter 95: per_iter_time_cuda = 0.599287

iter 96: slack_cuda = -0.263685
iter 96: cpu_time_cuda = 0.163706
iter 96: gpu_time_cuda = 0.427392
iter 96: download_copy_time_cuda = 0.001337
iter 96: upload_copy_time_cuda = 0.001447
iter 96: per_iter_time_cuda = 0.594716

iter 97: slack_cuda = -0.255528
iter 97: cpu_time_cuda = 0.162915
iter 97: gpu_time_cuda = 0.418443
iter 97: download_copy_time_cuda = 0.001341
iter 97: upload_copy_time_cuda = 0.001406
iter 97: per_iter_time_cuda = 0.584885

iter 98: slack_cuda = -0.258622
iter 98: cpu_time_cuda = 0.161919
iter 98: gpu_time_cuda = 0.420541
iter 98: download_copy_time_cuda = 0.001326
iter 98: upload_copy_time_cuda = 0.001400
iter 98: per_iter_time_cuda = 0.585953

iter 99: slack_cuda = -0.256612
iter 99: cpu_time_cuda = 0.161614
iter 99: gpu_time_cuda = 0.418226
iter 99: download_copy_time_cuda = 0.001331
iter 99: upload_copy_time_cuda = 0.001393
iter 99: per_iter_time_cuda = 0.583332

iter 100: slack_cuda = -0.254058
iter 100: cpu_time_cuda = 0.160719
iter 100: gpu_time_cuda = 0.414777
iter 100: download_copy_time_cuda = 0.001362
iter 100: upload_copy_time_cuda = 0.001389
iter 100: per_iter_time_cuda = 0.579005

iter 101: slack_cuda = -0.246054
iter 101: cpu_time_cuda = 0.159964
iter 101: gpu_time_cuda = 0.406017
iter 101: download_copy_time_cuda = 0.001310
iter 101: upload_copy_time_cuda = 0.001382
iter 101: per_iter_time_cuda = 0.569428

iter 102: slack_cuda = -0.240124
iter 102: cpu_time_cuda = 0.164084
iter 102: gpu_time_cuda = 0.404208
iter 102: download_copy_time_cuda = 0.001305
iter 102: upload_copy_time_cuda = 0.001377
iter 102: per_iter_time_cuda = 0.571726

iter 103: slack_cuda = -0.239866
iter 103: cpu_time_cuda = 0.158527
iter 103: gpu_time_cuda = 0.398393
iter 103: download_copy_time_cuda = 0.001299
iter 103: upload_copy_time_cuda = 0.001370
iter 103: per_iter_time_cuda = 0.560343

iter 104: slack_cuda = -0.242129
iter 104: cpu_time_cuda = 0.157635
iter 104: gpu_time_cuda = 0.399763
iter 104: download_copy_time_cuda = 0.001294
iter 104: upload_copy_time_cuda = 0.001364
iter 104: per_iter_time_cuda = 0.560810

iter 105: slack_cuda = -0.239867
iter 105: cpu_time_cuda = 0.156670
iter 105: gpu_time_cuda = 0.396537
iter 105: download_copy_time_cuda = 0.001300
iter 105: upload_copy_time_cuda = 0.001387
iter 105: per_iter_time_cuda = 0.556684

iter 106: slack_cuda = -0.235287
iter 106: cpu_time_cuda = 0.156677
iter 106: gpu_time_cuda = 0.391964
iter 106: download_copy_time_cuda = 0.001298
iter 106: upload_copy_time_cuda = 0.001348
iter 106: per_iter_time_cuda = 0.552032

iter 107: slack_cuda = -0.228992
iter 107: cpu_time_cuda = 0.155355
iter 107: gpu_time_cuda = 0.384347
iter 107: download_copy_time_cuda = 0.001276
iter 107: upload_copy_time_cuda = 0.001361
iter 107: per_iter_time_cuda = 0.543081

iter 108: slack_cuda = -0.228227
iter 108: cpu_time_cuda = 0.154482
iter 108: gpu_time_cuda = 0.382709
iter 108: download_copy_time_cuda = 0.001269
iter 108: upload_copy_time_cuda = 0.001341
iter 108: per_iter_time_cuda = 0.540541

iter 109: slack_cuda = -0.224320
iter 109: cpu_time_cuda = 0.153920
iter 109: gpu_time_cuda = 0.378240
iter 109: download_copy_time_cuda = 0.001263
iter 109: upload_copy_time_cuda = 0.001329
iter 109: per_iter_time_cuda = 0.535505

iter 110: slack_cuda = -0.226262
iter 110: cpu_time_cuda = 0.153026
iter 110: gpu_time_cuda = 0.379289
iter 110: download_copy_time_cuda = 0.001260
iter 110: upload_copy_time_cuda = 0.001323
iter 110: per_iter_time_cuda = 0.535641

iter 111: slack_cuda = -0.216215
iter 111: cpu_time_cuda = 0.154913
iter 111: gpu_time_cuda = 0.371128
iter 111: download_copy_time_cuda = 0.001254
iter 111: upload_copy_time_cuda = 0.001319
iter 111: per_iter_time_cuda = 0.529361

iter 112: slack_cuda = -0.219083
iter 112: cpu_time_cuda = 0.151665
iter 112: gpu_time_cuda = 0.370748
iter 112: download_copy_time_cuda = 0.001245
iter 112: upload_copy_time_cuda = 0.001322
iter 112: per_iter_time_cuda = 0.525712

iter 113: slack_cuda = -0.212806
iter 113: cpu_time_cuda = 0.150982
iter 113: gpu_time_cuda = 0.363788
iter 113: download_copy_time_cuda = 0.001244
iter 113: upload_copy_time_cuda = 0.001306
iter 113: per_iter_time_cuda = 0.518049

iter 114: slack_cuda = -0.212429
iter 114: cpu_time_cuda = 0.150500
iter 114: gpu_time_cuda = 0.362929
iter 114: download_copy_time_cuda = 0.001232
iter 114: upload_copy_time_cuda = 0.001331
iter 114: per_iter_time_cuda = 0.516753

iter 115: slack_cuda = -0.206756
iter 115: cpu_time_cuda = 0.149624
iter 115: gpu_time_cuda = 0.356380
iter 115: download_copy_time_cuda = 0.001244
iter 115: upload_copy_time_cuda = 0.001292
iter 115: per_iter_time_cuda = 0.509255

iter 116: slack_cuda = -0.208086
iter 116: cpu_time_cuda = 0.148858
iter 116: gpu_time_cuda = 0.356944
iter 116: download_copy_time_cuda = 0.001226
iter 116: upload_copy_time_cuda = 0.001285
iter 116: per_iter_time_cuda = 0.509034

iter 117: slack_cuda = -0.201428
iter 117: cpu_time_cuda = 0.148066
iter 117: gpu_time_cuda = 0.349494
iter 117: download_copy_time_cuda = 0.001221
iter 117: upload_copy_time_cuda = 0.001278
iter 117: per_iter_time_cuda = 0.500766

iter 118: slack_cuda = -0.205333
iter 118: cpu_time_cuda = 0.147326
iter 118: gpu_time_cuda = 0.352659
iter 118: download_copy_time_cuda = 0.001214
iter 118: upload_copy_time_cuda = 0.001270
iter 118: per_iter_time_cuda = 0.503175

iter 119: slack_cuda = -0.201474
iter 119: cpu_time_cuda = 0.146383
iter 119: gpu_time_cuda = 0.347857
iter 119: download_copy_time_cuda = 0.001203
iter 119: upload_copy_time_cuda = 0.001265
iter 119: per_iter_time_cuda = 0.497411

iter 120: slack_cuda = -0.200762
iter 120: cpu_time_cuda = 0.145900
iter 120: gpu_time_cuda = 0.346662
iter 120: download_copy_time_cuda = 0.001222
iter 120: upload_copy_time_cuda = 0.001262
iter 120: per_iter_time_cuda = 0.495752

iter 121: slack_cuda = -0.192660
iter 121: cpu_time_cuda = 0.145001
iter 121: gpu_time_cuda = 0.337662
iter 121: download_copy_time_cuda = 0.001192
iter 121: upload_copy_time_cuda = 0.001254
iter 121: per_iter_time_cuda = 0.485799

iter 122: slack_cuda = -0.193699
iter 122: cpu_time_cuda = 0.144632
iter 122: gpu_time_cuda = 0.338330
iter 122: download_copy_time_cuda = 0.001186
iter 122: upload_copy_time_cuda = 0.001249
iter 122: per_iter_time_cuda = 0.486091

iter 123: slack_cuda = -0.187648
iter 123: cpu_time_cuda = 0.143809
iter 123: gpu_time_cuda = 0.331457
iter 123: download_copy_time_cuda = 0.001180
iter 123: upload_copy_time_cuda = 0.001257
iter 123: per_iter_time_cuda = 0.478384

iter 124: slack_cuda = -0.189297
iter 124: cpu_time_cuda = 0.143411
iter 124: gpu_time_cuda = 0.332708
iter 124: download_copy_time_cuda = 0.001178
iter 124: upload_copy_time_cuda = 0.001269
iter 124: per_iter_time_cuda = 0.479293

iter 125: slack_cuda = -0.182592
iter 125: cpu_time_cuda = 0.142576
iter 125: gpu_time_cuda = 0.325167
iter 125: download_copy_time_cuda = 0.001168
iter 125: upload_copy_time_cuda = 0.001230
iter 125: per_iter_time_cuda = 0.470820

iter 126: slack_cuda = -0.180621
iter 126: cpu_time_cuda = 0.141620
iter 126: gpu_time_cuda = 0.322241
iter 126: download_copy_time_cuda = 0.001162
iter 126: upload_copy_time_cuda = 0.001220
iter 126: per_iter_time_cuda = 0.466919

iter 127: slack_cuda = -0.175063
iter 127: cpu_time_cuda = 0.140793
iter 127: gpu_time_cuda = 0.315856
iter 127: download_copy_time_cuda = 0.001164
iter 127: upload_copy_time_cuda = 0.001216
iter 127: per_iter_time_cuda = 0.459753

iter 128: slack_cuda = -0.174682
iter 128: cpu_time_cuda = 0.139931
iter 128: gpu_time_cuda = 0.314612
iter 128: download_copy_time_cuda = 0.001147
iter 128: upload_copy_time_cuda = 0.001212
iter 128: per_iter_time_cuda = 0.457598

iter 129: slack_cuda = -0.169683
iter 129: cpu_time_cuda = 0.139341
iter 129: gpu_time_cuda = 0.309024
iter 129: download_copy_time_cuda = 0.001151
iter 129: upload_copy_time_cuda = 0.001208
iter 129: per_iter_time_cuda = 0.451426

iter 130: slack_cuda = -0.174522
iter 130: cpu_time_cuda = 0.138929
iter 130: gpu_time_cuda = 0.313451
iter 130: download_copy_time_cuda = 0.001138
iter 130: upload_copy_time_cuda = 0.001199
iter 130: per_iter_time_cuda = 0.455412

iter 131: slack_cuda = -0.173118
iter 131: cpu_time_cuda = 0.137936
iter 131: gpu_time_cuda = 0.311054
iter 131: download_copy_time_cuda = 0.001137
iter 131: upload_copy_time_cuda = 0.001194
iter 131: per_iter_time_cuda = 0.452014

iter 132: slack_cuda = -0.166258
iter 132: cpu_time_cuda = 0.137444
iter 132: gpu_time_cuda = 0.303702
iter 132: download_copy_time_cuda = 0.001171
iter 132: upload_copy_time_cuda = 0.001186
iter 132: per_iter_time_cuda = 0.444188

iter 133: slack_cuda = -0.160704
iter 133: cpu_time_cuda = 0.136632
iter 133: gpu_time_cuda = 0.297336
iter 133: download_copy_time_cuda = 0.001120
iter 133: upload_copy_time_cuda = 0.001183
iter 133: per_iter_time_cuda = 0.436957

iter 134: slack_cuda = -0.159998
iter 134: cpu_time_cuda = 0.135798
iter 134: gpu_time_cuda = 0.295796
iter 134: download_copy_time_cuda = 0.001116
iter 134: upload_copy_time_cuda = 0.001170
iter 134: per_iter_time_cuda = 0.434561

iter 135: slack_cuda = -0.156591
iter 135: cpu_time_cuda = 0.135337
iter 135: gpu_time_cuda = 0.291927
iter 135: download_copy_time_cuda = 0.001107
iter 135: upload_copy_time_cuda = 0.001200
iter 135: per_iter_time_cuda = 0.430296

iter 136: slack_cuda = -0.162031
iter 136: cpu_time_cuda = 0.134463
iter 136: gpu_time_cuda = 0.296495
iter 136: download_copy_time_cuda = 0.001116
iter 136: upload_copy_time_cuda = 0.001159
iter 136: per_iter_time_cuda = 0.433913

iter 137: slack_cuda = -0.153571
iter 137: cpu_time_cuda = 0.134239
iter 137: gpu_time_cuda = 0.287810
iter 137: download_copy_time_cuda = 0.001100
iter 137: upload_copy_time_cuda = 0.001159
iter 137: per_iter_time_cuda = 0.424975

iter 138: slack_cuda = -0.152474
iter 138: cpu_time_cuda = 0.132993
iter 138: gpu_time_cuda = 0.285467
iter 138: download_copy_time_cuda = 0.001091
iter 138: upload_copy_time_cuda = 0.001149
iter 138: per_iter_time_cuda = 0.421381

iter 139: slack_cuda = -0.147222
iter 139: cpu_time_cuda = 0.132424
iter 139: gpu_time_cuda = 0.279646
iter 139: download_copy_time_cuda = 0.001085
iter 139: upload_copy_time_cuda = 0.001145
iter 139: per_iter_time_cuda = 0.414977

iter 140: slack_cuda = -0.148554
iter 140: cpu_time_cuda = 0.131651
iter 140: gpu_time_cuda = 0.280205
iter 140: download_copy_time_cuda = 0.001092
iter 140: upload_copy_time_cuda = 0.001136
iter 140: per_iter_time_cuda = 0.414766

iter 141: slack_cuda = -0.143097
iter 141: cpu_time_cuda = 0.130794
iter 141: gpu_time_cuda = 0.273891
iter 141: download_copy_time_cuda = 0.001082
iter 141: upload_copy_time_cuda = 0.001130
iter 141: per_iter_time_cuda = 0.407578

iter 142: slack_cuda = -0.143575
iter 142: cpu_time_cuda = 0.130186
iter 142: gpu_time_cuda = 0.273761
iter 142: download_copy_time_cuda = 0.001074
iter 142: upload_copy_time_cuda = 0.001132
iter 142: per_iter_time_cuda = 0.406830

iter 143: slack_cuda = -0.137373
iter 143: cpu_time_cuda = 0.129363
iter 143: gpu_time_cuda = 0.266736
iter 143: download_copy_time_cuda = 0.001062
iter 143: upload_copy_time_cuda = 0.001118
iter 143: per_iter_time_cuda = 0.398949

iter 144: slack_cuda = -0.139274
iter 144: cpu_time_cuda = 0.128897
iter 144: gpu_time_cuda = 0.268171
iter 144: download_copy_time_cuda = 0.001061
iter 144: upload_copy_time_cuda = 0.001111
iter 144: per_iter_time_cuda = 0.399906

iter 145: slack_cuda = -0.136786
iter 145: cpu_time_cuda = 0.128147
iter 145: gpu_time_cuda = 0.264933
iter 145: download_copy_time_cuda = 0.001085
iter 145: upload_copy_time_cuda = 0.001107
iter 145: per_iter_time_cuda = 0.395931

iter 146: slack_cuda = -0.137697
iter 146: cpu_time_cuda = 0.127323
iter 146: gpu_time_cuda = 0.265020
iter 146: download_copy_time_cuda = 0.001058
iter 146: upload_copy_time_cuda = 0.001101
iter 146: per_iter_time_cuda = 0.395167

iter 147: slack_cuda = -0.115383
iter 147: cpu_time_cuda = 0.140993
iter 147: gpu_time_cuda = 0.256376
iter 147: download_copy_time_cuda = 0.001041
iter 147: upload_copy_time_cuda = 0.001123
iter 147: per_iter_time_cuda = 0.400203

iter 148: slack_cuda = -0.131107
iter 148: cpu_time_cuda = 0.125688
iter 148: gpu_time_cuda = 0.256795
iter 148: download_copy_time_cuda = 0.001051
iter 148: upload_copy_time_cuda = 0.001089
iter 148: per_iter_time_cuda = 0.385263

iter 149: slack_cuda = -0.125101
iter 149: cpu_time_cuda = 0.125353
iter 149: gpu_time_cuda = 0.250454
iter 149: download_copy_time_cuda = 0.001028
iter 149: upload_copy_time_cuda = 0.001080
iter 149: per_iter_time_cuda = 0.378559

iter 150: slack_cuda = -0.134051
iter 150: cpu_time_cuda = 0.124316
iter 150: gpu_time_cuda = 0.258366
iter 150: download_copy_time_cuda = 0.001022
iter 150: upload_copy_time_cuda = 0.001074
iter 150: per_iter_time_cuda = 0.385431

iter 151: slack_cuda = -0.127759
iter 151: cpu_time_cuda = 0.123508
iter 151: gpu_time_cuda = 0.251267
iter 151: download_copy_time_cuda = 0.001022
iter 151: upload_copy_time_cuda = 0.001078
iter 151: per_iter_time_cuda = 0.377536

iter 152: slack_cuda = -0.121466
iter 152: cpu_time_cuda = 0.122791
iter 152: gpu_time_cuda = 0.244257
iter 152: download_copy_time_cuda = 0.001019
iter 152: upload_copy_time_cuda = 0.001062
iter 152: per_iter_time_cuda = 0.369771

iter 153: slack_cuda = -0.114761
iter 153: cpu_time_cuda = 0.122245
iter 153: gpu_time_cuda = 0.237006
iter 153: download_copy_time_cuda = 0.001019
iter 153: upload_copy_time_cuda = 0.001054
iter 153: per_iter_time_cuda = 0.361964

iter 154: slack_cuda = -0.116773
iter 154: cpu_time_cuda = 0.121510
iter 154: gpu_time_cuda = 0.238282
iter 154: download_copy_time_cuda = 0.000997
iter 154: upload_copy_time_cuda = 0.001060
iter 154: per_iter_time_cuda = 0.362464

iter 155: slack_cuda = -0.114987
iter 155: cpu_time_cuda = 0.120664
iter 155: gpu_time_cuda = 0.235651
iter 155: download_copy_time_cuda = 0.001000
iter 155: upload_copy_time_cuda = 0.001047
iter 155: per_iter_time_cuda = 0.358988

iter 156: slack_cuda = -0.117246
iter 156: cpu_time_cuda = 0.119925
iter 156: gpu_time_cuda = 0.237171
iter 156: download_copy_time_cuda = 0.000986
iter 156: upload_copy_time_cuda = 0.001038
iter 156: per_iter_time_cuda = 0.359724

iter 157: slack_cuda = -0.108080
iter 157: cpu_time_cuda = 0.119194
iter 157: gpu_time_cuda = 0.227274
iter 157: download_copy_time_cuda = 0.000982
iter 157: upload_copy_time_cuda = 0.001031
iter 157: per_iter_time_cuda = 0.349089

iter 158: slack_cuda = -0.108470
iter 158: cpu_time_cuda = 0.118463
iter 158: gpu_time_cuda = 0.226934
iter 158: download_copy_time_cuda = 0.000983
iter 158: upload_copy_time_cuda = 0.001027
iter 158: per_iter_time_cuda = 0.348020

iter 159: slack_cuda = -0.103432
iter 159: cpu_time_cuda = 0.117663
iter 159: gpu_time_cuda = 0.221095
iter 159: download_copy_time_cuda = 0.000976
iter 159: upload_copy_time_cuda = 0.001018
iter 159: per_iter_time_cuda = 0.341344

iter 160: slack_cuda = -0.107978
iter 160: cpu_time_cuda = 0.116885
iter 160: gpu_time_cuda = 0.224864
iter 160: download_copy_time_cuda = 0.001003
iter 160: upload_copy_time_cuda = 0.001011
iter 160: per_iter_time_cuda = 0.344369

iter 161: slack_cuda = -0.098992
iter 161: cpu_time_cuda = 0.117201
iter 161: gpu_time_cuda = 0.216192
iter 161: download_copy_time_cuda = 0.000981
iter 161: upload_copy_time_cuda = 0.001038
iter 161: per_iter_time_cuda = 0.336044

iter 162: slack_cuda = -0.102776
iter 162: cpu_time_cuda = 0.115680
iter 162: gpu_time_cuda = 0.218456
iter 162: download_copy_time_cuda = 0.000962
iter 162: upload_copy_time_cuda = 0.000999
iter 162: per_iter_time_cuda = 0.336685

iter 163: slack_cuda = -0.118919
iter 163: cpu_time_cuda = 0.114971
iter 163: gpu_time_cuda = 0.233891
iter 163: download_copy_time_cuda = 0.000952
iter 163: upload_copy_time_cuda = 0.000996
iter 163: per_iter_time_cuda = 0.351394

iter 164: slack_cuda = -0.097068
iter 164: cpu_time_cuda = 0.114333
iter 164: gpu_time_cuda = 0.211402
iter 164: download_copy_time_cuda = 0.000949
iter 164: upload_copy_time_cuda = 0.000987
iter 164: per_iter_time_cuda = 0.328260

iter 165: slack_cuda = -0.092910
iter 165: cpu_time_cuda = 0.113534
iter 165: gpu_time_cuda = 0.206444
iter 165: download_copy_time_cuda = 0.000945
iter 165: upload_copy_time_cuda = 0.000981
iter 165: per_iter_time_cuda = 0.322484

iter 166: slack_cuda = -0.092187
iter 166: cpu_time_cuda = 0.112850
iter 166: gpu_time_cuda = 0.205037
iter 166: download_copy_time_cuda = 0.000931
iter 166: upload_copy_time_cuda = 0.000976
iter 166: per_iter_time_cuda = 0.320371

iter 167: slack_cuda = -0.088745
iter 167: cpu_time_cuda = 0.112020
iter 167: gpu_time_cuda = 0.200765
iter 167: download_copy_time_cuda = 0.000934
iter 167: upload_copy_time_cuda = 0.000971
iter 167: per_iter_time_cuda = 0.315259

iter 168: slack_cuda = -0.092204
iter 168: cpu_time_cuda = 0.111463
iter 168: gpu_time_cuda = 0.203667
iter 168: download_copy_time_cuda = 0.000919
iter 168: upload_copy_time_cuda = 0.000966
iter 168: per_iter_time_cuda = 0.317592

iter 169: slack_cuda = -0.086033
iter 169: cpu_time_cuda = 0.110434
iter 169: gpu_time_cuda = 0.196467
iter 169: download_copy_time_cuda = 0.000924
iter 169: upload_copy_time_cuda = 0.000956
iter 169: per_iter_time_cuda = 0.309350

iter 170: slack_cuda = -0.086219
iter 170: cpu_time_cuda = 0.110054
iter 170: gpu_time_cuda = 0.196273
iter 170: download_copy_time_cuda = 0.000913
iter 170: upload_copy_time_cuda = 0.000952
iter 170: per_iter_time_cuda = 0.308758

iter 171: slack_cuda = -0.082405
iter 171: cpu_time_cuda = 0.108833
iter 171: gpu_time_cuda = 0.191238
iter 171: download_copy_time_cuda = 0.000902
iter 171: upload_copy_time_cuda = 0.000945
iter 171: per_iter_time_cuda = 0.302490

iter 172: slack_cuda = -0.080934
iter 172: cpu_time_cuda = 0.111656
iter 172: gpu_time_cuda = 0.192590
iter 172: download_copy_time_cuda = 0.000909
iter 172: upload_copy_time_cuda = 0.000939
iter 172: per_iter_time_cuda = 0.306673

iter 173: slack_cuda = -0.081679
iter 173: cpu_time_cuda = 0.111125
iter 173: gpu_time_cuda = 0.192804
iter 173: download_copy_time_cuda = 0.000895
iter 173: upload_copy_time_cuda = 0.000931
iter 173: per_iter_time_cuda = 0.306322

iter 174: slack_cuda = -0.077365
iter 174: cpu_time_cuda = 0.110108
iter 174: gpu_time_cuda = 0.187473
iter 174: download_copy_time_cuda = 0.000887
iter 174: upload_copy_time_cuda = 0.000928
iter 174: per_iter_time_cuda = 0.299969

iter 175: slack_cuda = -0.072210
iter 175: cpu_time_cuda = 0.109345
iter 175: gpu_time_cuda = 0.181555
iter 175: download_copy_time_cuda = 0.000878
iter 175: upload_copy_time_cuda = 0.000922
iter 175: per_iter_time_cuda = 0.293261

iter 176: slack_cuda = -0.074483
iter 176: cpu_time_cuda = 0.108531
iter 176: gpu_time_cuda = 0.183014
iter 176: download_copy_time_cuda = 0.000876
iter 176: upload_copy_time_cuda = 0.000918
iter 176: per_iter_time_cuda = 0.293893

iter 177: slack_cuda = -0.074028
iter 177: cpu_time_cuda = 0.104794
iter 177: gpu_time_cuda = 0.178822
iter 177: download_copy_time_cuda = 0.000890
iter 177: upload_copy_time_cuda = 0.000940
iter 177: per_iter_time_cuda = 0.286052

iter 178: slack_cuda = -0.075896
iter 178: cpu_time_cuda = 0.104123
iter 178: gpu_time_cuda = 0.180019
iter 178: download_copy_time_cuda = 0.000868
iter 178: upload_copy_time_cuda = 0.000903
iter 178: per_iter_time_cuda = 0.286461

iter 179: slack_cuda = -0.070069
iter 179: cpu_time_cuda = 0.103266
iter 179: gpu_time_cuda = 0.173336
iter 179: download_copy_time_cuda = 0.000861
iter 179: upload_copy_time_cuda = 0.000898
iter 179: per_iter_time_cuda = 0.278903

iter 180: slack_cuda = -0.068375
iter 180: cpu_time_cuda = 0.102639
iter 180: gpu_time_cuda = 0.171014
iter 180: download_copy_time_cuda = 0.000850
iter 180: upload_copy_time_cuda = 0.000891
iter 180: per_iter_time_cuda = 0.275943

iter 181: slack_cuda = -0.064753
iter 181: cpu_time_cuda = 0.101850
iter 181: gpu_time_cuda = 0.166603
iter 181: download_copy_time_cuda = 0.000852
iter 181: upload_copy_time_cuda = 0.000886
iter 181: per_iter_time_cuda = 0.270741

iter 182: slack_cuda = -0.068274
iter 182: cpu_time_cuda = 0.101613
iter 182: gpu_time_cuda = 0.169887
iter 182: download_copy_time_cuda = 0.000840
iter 182: upload_copy_time_cuda = 0.000876
iter 182: per_iter_time_cuda = 0.273774

iter 183: slack_cuda = -0.073819
iter 183: cpu_time_cuda = 0.100185
iter 183: gpu_time_cuda = 0.174004
iter 183: download_copy_time_cuda = 0.000845
iter 183: upload_copy_time_cuda = 0.000872
iter 183: per_iter_time_cuda = 0.276459

iter 184: slack_cuda = -0.062798
iter 184: cpu_time_cuda = 0.099527
iter 184: gpu_time_cuda = 0.162325
iter 184: download_copy_time_cuda = 0.000834
iter 184: upload_copy_time_cuda = 0.000872
iter 184: per_iter_time_cuda = 0.264096

iter 185: slack_cuda = -0.058468
iter 185: cpu_time_cuda = 0.098915
iter 185: gpu_time_cuda = 0.157383
iter 185: download_copy_time_cuda = 0.000821
iter 185: upload_copy_time_cuda = 0.000864
iter 185: per_iter_time_cuda = 0.258523

iter 186: slack_cuda = -0.058730
iter 186: cpu_time_cuda = 0.098305
iter 186: gpu_time_cuda = 0.157035
iter 186: download_copy_time_cuda = 0.000816
iter 186: upload_copy_time_cuda = 0.000854
iter 186: per_iter_time_cuda = 0.257541

iter 187: slack_cuda = -0.057398
iter 187: cpu_time_cuda = 0.097479
iter 187: gpu_time_cuda = 0.154878
iter 187: download_copy_time_cuda = 0.000841
iter 187: upload_copy_time_cuda = 0.000847
iter 187: per_iter_time_cuda = 0.254578

iter 188: slack_cuda = -0.065681
iter 188: cpu_time_cuda = 0.097079
iter 188: gpu_time_cuda = 0.162761
iter 188: download_copy_time_cuda = 0.000807
iter 188: upload_copy_time_cuda = 0.000841
iter 188: per_iter_time_cuda = 0.262019

iter 189: slack_cuda = -0.054526
iter 189: cpu_time_cuda = 0.096093
iter 189: gpu_time_cuda = 0.150619
iter 189: download_copy_time_cuda = 0.000803
iter 189: upload_copy_time_cuda = 0.000839
iter 189: per_iter_time_cuda = 0.248886

iter 190: slack_cuda = -0.052982
iter 190: cpu_time_cuda = 0.095420
iter 190: gpu_time_cuda = 0.148402
iter 190: download_copy_time_cuda = 0.000790
iter 190: upload_copy_time_cuda = 0.000827
iter 190: per_iter_time_cuda = 0.245972

iter 191: slack_cuda = -0.049491
iter 191: cpu_time_cuda = 0.094809
iter 191: gpu_time_cuda = 0.144300
iter 191: download_copy_time_cuda = 0.000790
iter 191: upload_copy_time_cuda = 0.000822
iter 191: per_iter_time_cuda = 0.241263

iter 192: slack_cuda = -0.050874
iter 192: cpu_time_cuda = 0.094306
iter 192: gpu_time_cuda = 0.145181
iter 192: download_copy_time_cuda = 0.000785
iter 192: upload_copy_time_cuda = 0.000817
iter 192: per_iter_time_cuda = 0.241574

iter 193: slack_cuda = -0.047131
iter 193: cpu_time_cuda = 0.092927
iter 193: gpu_time_cuda = 0.140058
iter 193: download_copy_time_cuda = 0.000783
iter 193: upload_copy_time_cuda = 0.000810
iter 193: per_iter_time_cuda = 0.235071

iter 194: slack_cuda = -0.049877
iter 194: cpu_time_cuda = 0.092428
iter 194: gpu_time_cuda = 0.142305
iter 194: download_copy_time_cuda = 0.000779
iter 194: upload_copy_time_cuda = 0.000802
iter 194: per_iter_time_cuda = 0.236796

iter 195: slack_cuda = -0.044625
iter 195: cpu_time_cuda = 0.091588
iter 195: gpu_time_cuda = 0.136213
iter 195: download_copy_time_cuda = 0.000761
iter 195: upload_copy_time_cuda = 0.000798
iter 195: per_iter_time_cuda = 0.229846

iter 196: slack_cuda = -0.030447
iter 196: cpu_time_cuda = 0.105299
iter 196: gpu_time_cuda = 0.135746
iter 196: download_copy_time_cuda = 0.000772
iter 196: upload_copy_time_cuda = 0.000821
iter 196: per_iter_time_cuda = 0.243134

iter 197: slack_cuda = -0.041400
iter 197: cpu_time_cuda = 0.090371
iter 197: gpu_time_cuda = 0.131771
iter 197: download_copy_time_cuda = 0.000764
iter 197: upload_copy_time_cuda = 0.000782
iter 197: per_iter_time_cuda = 0.224158

iter 198: slack_cuda = -0.043563
iter 198: cpu_time_cuda = 0.089498
iter 198: gpu_time_cuda = 0.133062
iter 198: download_copy_time_cuda = 0.000772
iter 198: upload_copy_time_cuda = 0.000774
iter 198: per_iter_time_cuda = 0.224583

iter 199: slack_cuda = -0.045889
iter 199: cpu_time_cuda = 0.088667
iter 199: gpu_time_cuda = 0.134556
iter 199: download_copy_time_cuda = 0.000748
iter 199: upload_copy_time_cuda = 0.000773
iter 199: per_iter_time_cuda = 0.225219

iter 200: slack_cuda = -0.040243
iter 200: cpu_time_cuda = 0.087948
iter 200: gpu_time_cuda = 0.128191
iter 200: download_copy_time_cuda = 0.000740
iter 200: upload_copy_time_cuda = 0.000765
iter 200: per_iter_time_cuda = 0.218116

iter 201: slack_cuda = -0.036272
iter 201: cpu_time_cuda = 0.087341
iter 201: gpu_time_cuda = 0.123614
iter 201: download_copy_time_cuda = 0.000737
iter 201: upload_copy_time_cuda = 0.000760
iter 201: per_iter_time_cuda = 0.212921

iter 202: slack_cuda = -0.037028
iter 202: cpu_time_cuda = 0.086513
iter 202: gpu_time_cuda = 0.123540
iter 202: download_copy_time_cuda = 0.000724
iter 202: upload_copy_time_cuda = 0.000753
iter 202: per_iter_time_cuda = 0.212000

iter 203: slack_cuda = -0.035155
iter 203: cpu_time_cuda = 0.085890
iter 203: gpu_time_cuda = 0.121046
iter 203: download_copy_time_cuda = 0.000726
iter 203: upload_copy_time_cuda = 0.000746
iter 203: per_iter_time_cuda = 0.208875

iter 204: slack_cuda = -0.039590
iter 204: cpu_time_cuda = 0.085104
iter 204: gpu_time_cuda = 0.124695
iter 204: download_copy_time_cuda = 0.000718
iter 204: upload_copy_time_cuda = 0.000743
iter 204: per_iter_time_cuda = 0.211728

iter 205: slack_cuda = -0.032546
iter 205: cpu_time_cuda = 0.084547
iter 205: gpu_time_cuda = 0.117093
iter 205: download_copy_time_cuda = 0.000716
iter 205: upload_copy_time_cuda = 0.000736
iter 205: per_iter_time_cuda = 0.203551

iter 206: slack_cuda = -0.032864
iter 206: cpu_time_cuda = 0.083728
iter 206: gpu_time_cuda = 0.116592
iter 206: download_copy_time_cuda = 0.000709
iter 206: upload_copy_time_cuda = 0.000735
iter 206: per_iter_time_cuda = 0.202229

iter 207: slack_cuda = -0.029142
iter 207: cpu_time_cuda = 0.083054
iter 207: gpu_time_cuda = 0.112197
iter 207: download_copy_time_cuda = 0.000693
iter 207: upload_copy_time_cuda = 0.000724
iter 207: per_iter_time_cuda = 0.197124

iter 208: slack_cuda = -0.030870
iter 208: cpu_time_cuda = 0.082349
iter 208: gpu_time_cuda = 0.113219
iter 208: download_copy_time_cuda = 0.000699
iter 208: upload_copy_time_cuda = 0.000732
iter 208: per_iter_time_cuda = 0.197463

iter 209: slack_cuda = -0.036907
iter 209: cpu_time_cuda = 0.081569
iter 209: gpu_time_cuda = 0.118476
iter 209: download_copy_time_cuda = 0.000685
iter 209: upload_copy_time_cuda = 0.000709
iter 209: per_iter_time_cuda = 0.201890

iter 210: slack_cuda = -0.027269
iter 210: cpu_time_cuda = 0.080860
iter 210: gpu_time_cuda = 0.108129
iter 210: download_copy_time_cuda = 0.000693
iter 210: upload_copy_time_cuda = 0.000713
iter 210: per_iter_time_cuda = 0.190839

iter 211: slack_cuda = -0.024212
iter 211: cpu_time_cuda = 0.080228
iter 211: gpu_time_cuda = 0.104440
iter 211: download_copy_time_cuda = 0.000674
iter 211: upload_copy_time_cuda = 0.000700
iter 211: per_iter_time_cuda = 0.186487

iter 212: slack_cuda = -0.024457
iter 212: cpu_time_cuda = 0.079271
iter 212: gpu_time_cuda = 0.103728
iter 212: download_copy_time_cuda = 0.000666
iter 212: upload_copy_time_cuda = 0.000691
iter 212: per_iter_time_cuda = 0.184800

iter 213: slack_cuda = -0.023179
iter 213: cpu_time_cuda = 0.078539
iter 213: gpu_time_cuda = 0.101718
iter 213: download_copy_time_cuda = 0.000667
iter 213: upload_copy_time_cuda = 0.000685
iter 213: per_iter_time_cuda = 0.182050

iter 214: slack_cuda = -0.036237
iter 214: cpu_time_cuda = 0.077717
iter 214: gpu_time_cuda = 0.113954
iter 214: download_copy_time_cuda = 0.000655
iter 214: upload_copy_time_cuda = 0.000681
iter 214: per_iter_time_cuda = 0.193485

iter 215: slack_cuda = -0.029286
iter 215: cpu_time_cuda = 0.076931
iter 215: gpu_time_cuda = 0.106218
iter 215: download_copy_time_cuda = 0.000657
iter 215: upload_copy_time_cuda = 0.000673
iter 215: per_iter_time_cuda = 0.184901

iter 216: slack_cuda = -0.020515
iter 216: cpu_time_cuda = 0.076318
iter 216: gpu_time_cuda = 0.096833
iter 216: download_copy_time_cuda = 0.000649
iter 216: upload_copy_time_cuda = 0.000666
iter 216: per_iter_time_cuda = 0.174895

iter 217: slack_cuda = -0.017566
iter 217: cpu_time_cuda = 0.075690
iter 217: gpu_time_cuda = 0.093255
iter 217: download_copy_time_cuda = 0.000649
iter 217: upload_copy_time_cuda = 0.000663
iter 217: per_iter_time_cuda = 0.170681

iter 218: slack_cuda = -0.019099
iter 218: cpu_time_cuda = 0.074966
iter 218: gpu_time_cuda = 0.094065
iter 218: download_copy_time_cuda = 0.000645
iter 218: upload_copy_time_cuda = 0.000655
iter 218: per_iter_time_cuda = 0.170754

iter 219: slack_cuda = -0.019451
iter 219: cpu_time_cuda = 0.074550
iter 219: gpu_time_cuda = 0.094001
iter 219: download_copy_time_cuda = 0.000630
iter 219: upload_copy_time_cuda = 0.000648
iter 219: per_iter_time_cuda = 0.170253

iter 220: slack_cuda = -0.017336
iter 220: cpu_time_cuda = 0.073497
iter 220: gpu_time_cuda = 0.090833
iter 220: download_copy_time_cuda = 0.000619
iter 220: upload_copy_time_cuda = 0.000642
iter 220: per_iter_time_cuda = 0.166005

iter 221: slack_cuda = -0.014956
iter 221: cpu_time_cuda = 0.072771
iter 221: gpu_time_cuda = 0.087727
iter 221: download_copy_time_cuda = 0.000621
iter 221: upload_copy_time_cuda = 0.000638
iter 221: per_iter_time_cuda = 0.162168

iter 222: slack_cuda = -0.013996
iter 222: cpu_time_cuda = 0.072251
iter 222: gpu_time_cuda = 0.086247
iter 222: download_copy_time_cuda = 0.000616
iter 222: upload_copy_time_cuda = 0.000662
iter 222: per_iter_time_cuda = 0.160238

iter 223: slack_cuda = -0.010416
iter 223: cpu_time_cuda = 0.073589
iter 223: gpu_time_cuda = 0.084006
iter 223: download_copy_time_cuda = 0.000629
iter 223: upload_copy_time_cuda = 0.000626
iter 223: per_iter_time_cuda = 0.159264

iter 224: slack_cuda = -0.017960
iter 224: cpu_time_cuda = 0.072681
iter 224: gpu_time_cuda = 0.090642
iter 224: download_copy_time_cuda = 0.000603
iter 224: upload_copy_time_cuda = 0.000620
iter 224: per_iter_time_cuda = 0.164953

iter 225: slack_cuda = -0.010026
iter 225: cpu_time_cuda = 0.070694
iter 225: gpu_time_cuda = 0.080720
iter 225: download_copy_time_cuda = 0.000598
iter 225: upload_copy_time_cuda = 0.000613
iter 225: per_iter_time_cuda = 0.153019

iter 226: slack_cuda = -0.012121
iter 226: cpu_time_cuda = 0.069293
iter 226: gpu_time_cuda = 0.081414
iter 226: download_copy_time_cuda = 0.000595
iter 226: upload_copy_time_cuda = 0.000603
iter 226: per_iter_time_cuda = 0.152298

iter 227: slack_cuda = -0.008865
iter 227: cpu_time_cuda = 0.068740
iter 227: gpu_time_cuda = 0.077606
iter 227: download_copy_time_cuda = 0.000588
iter 227: upload_copy_time_cuda = 0.000600
iter 227: per_iter_time_cuda = 0.147926

iter 228: slack_cuda = -0.008774
iter 228: cpu_time_cuda = 0.068026
iter 228: gpu_time_cuda = 0.076800
iter 228: download_copy_time_cuda = 0.000584
iter 228: upload_copy_time_cuda = 0.000591
iter 228: per_iter_time_cuda = 0.146401

iter 229: slack_cuda = -0.006579
iter 229: cpu_time_cuda = 0.067162
iter 229: gpu_time_cuda = 0.073742
iter 229: download_copy_time_cuda = 0.000577
iter 229: upload_copy_time_cuda = 0.000588
iter 229: per_iter_time_cuda = 0.142460

iter 230: slack_cuda = -0.007385
iter 230: cpu_time_cuda = 0.066416
iter 230: gpu_time_cuda = 0.073801
iter 230: download_copy_time_cuda = 0.000572
iter 230: upload_copy_time_cuda = 0.000581
iter 230: per_iter_time_cuda = 0.141755

iter 231: slack_cuda = -0.009631
iter 231: cpu_time_cuda = 0.065715
iter 231: gpu_time_cuda = 0.075346
iter 231: download_copy_time_cuda = 0.000573
iter 231: upload_copy_time_cuda = 0.000571
iter 231: per_iter_time_cuda = 0.142589

iter 232: slack_cuda = -0.006316
iter 232: cpu_time_cuda = 0.065278
iter 232: gpu_time_cuda = 0.071594
iter 232: download_copy_time_cuda = 0.000565
iter 232: upload_copy_time_cuda = 0.000567
iter 232: per_iter_time_cuda = 0.138379

iter 233: slack_cuda = -0.004292
iter 233: cpu_time_cuda = 0.064163
iter 233: gpu_time_cuda = 0.068455
iter 233: download_copy_time_cuda = 0.000566
iter 233: upload_copy_time_cuda = 0.000562
iter 233: per_iter_time_cuda = 0.134126

iter 234: slack_cuda = -0.005251
iter 234: cpu_time_cuda = 0.063344
iter 234: gpu_time_cuda = 0.068595
iter 234: download_copy_time_cuda = 0.000548
iter 234: upload_copy_time_cuda = 0.000553
iter 234: per_iter_time_cuda = 0.133412

iter 235: slack_cuda = -0.003350
iter 235: cpu_time_cuda = 0.062540
iter 235: gpu_time_cuda = 0.065890
iter 235: download_copy_time_cuda = 0.000549
iter 235: upload_copy_time_cuda = 0.000547
iter 235: per_iter_time_cuda = 0.129902

iter 236: slack_cuda = -0.004969
iter 236: cpu_time_cuda = 0.061795
iter 236: gpu_time_cuda = 0.066764
iter 236: download_copy_time_cuda = 0.000539
iter 236: upload_copy_time_cuda = 0.000544
iter 236: per_iter_time_cuda = 0.130016

iter 237: slack_cuda = -0.002562
iter 237: cpu_time_cuda = 0.061082
iter 237: gpu_time_cuda = 0.063644
iter 237: download_copy_time_cuda = 0.000526
iter 237: upload_copy_time_cuda = 0.000538
iter 237: per_iter_time_cuda = 0.126161

iter 238: slack_cuda = -0.001754
iter 238: cpu_time_cuda = 0.060349
iter 238: gpu_time_cuda = 0.062103
iter 238: download_copy_time_cuda = 0.000535
iter 238: upload_copy_time_cuda = 0.000531
iter 238: per_iter_time_cuda = 0.123888

iter 239: slack_cuda = -0.000091
iter 239: cpu_time_cuda = 0.059667
iter 239: gpu_time_cuda = 0.059758
iter 239: download_copy_time_cuda = 0.000522
iter 239: upload_copy_time_cuda = 0.000523
iter 239: per_iter_time_cuda = 0.120829

iter 240: slack_cuda = -0.001621
iter 240: cpu_time_cuda = 0.058807
iter 240: gpu_time_cuda = 0.060428
iter 240: download_copy_time_cuda = 0.000515
iter 240: upload_copy_time_cuda = 0.000521
iter 240: per_iter_time_cuda = 0.120621

iter 241: slack_cuda = -0.006834
iter 241: cpu_time_cuda = 0.058270
iter 241: gpu_time_cuda = 0.065104
iter 241: download_copy_time_cuda = 0.000509
iter 241: upload_copy_time_cuda = 0.000511
iter 241: per_iter_time_cuda = 0.124749

iter 242: slack_cuda = 0.001022
iter 242: cpu_time_cuda = 0.057674
iter 242: gpu_time_cuda = 0.056653
iter 242: download_copy_time_cuda = 0.000500
iter 242: upload_copy_time_cuda = 0.000505
iter 242: per_iter_time_cuda = 0.115682

iter 243: slack_cuda = 0.003044
iter 243: cpu_time_cuda = 0.056776
iter 243: gpu_time_cuda = 0.053732
iter 243: download_copy_time_cuda = 0.000497
iter 243: upload_copy_time_cuda = 0.000500
iter 243: per_iter_time_cuda = 0.111851

iter 244: slack_cuda = 0.002625
iter 244: cpu_time_cuda = 0.056033
iter 244: gpu_time_cuda = 0.053408
iter 244: download_copy_time_cuda = 0.000494
iter 244: upload_copy_time_cuda = 0.000492
iter 244: per_iter_time_cuda = 0.110772

iter 245: slack_cuda = 0.003421
iter 245: cpu_time_cuda = 0.055364
iter 245: gpu_time_cuda = 0.051943
iter 245: download_copy_time_cuda = 0.000489
iter 245: upload_copy_time_cuda = 0.000489
iter 245: per_iter_time_cuda = 0.108634

iter 246: slack_cuda = -0.000961
iter 246: cpu_time_cuda = 0.054651
iter 246: gpu_time_cuda = 0.055611
iter 246: download_copy_time_cuda = 0.000486
iter 246: upload_copy_time_cuda = 0.000483
iter 246: per_iter_time_cuda = 0.111571

iter 247: slack_cuda = 0.000718
iter 247: cpu_time_cuda = 0.053827
iter 247: gpu_time_cuda = 0.053110
iter 247: download_copy_time_cuda = 0.000473
iter 247: upload_copy_time_cuda = 0.000475
iter 247: per_iter_time_cuda = 0.108220

iter 248: slack_cuda = 0.004606
iter 248: cpu_time_cuda = 0.053126
iter 248: gpu_time_cuda = 0.048520
iter 248: download_copy_time_cuda = 0.000473
iter 248: upload_copy_time_cuda = 0.000468
iter 248: per_iter_time_cuda = 0.102919

iter 249: slack_cuda = 0.006480
iter 249: cpu_time_cuda = 0.052611
iter 249: gpu_time_cuda = 0.046131
iter 249: download_copy_time_cuda = 0.000471
iter 249: upload_copy_time_cuda = 0.000463
iter 249: per_iter_time_cuda = 0.100014

iter 250: slack_cuda = 0.005026
iter 250: cpu_time_cuda = 0.051899
iter 250: gpu_time_cuda = 0.046873
iter 250: download_copy_time_cuda = 0.000455
iter 250: upload_copy_time_cuda = 0.000455
iter 250: per_iter_time_cuda = 0.100019

iter 251: slack_cuda = 0.003058
iter 251: cpu_time_cuda = 0.051095
iter 251: gpu_time_cuda = 0.048037
iter 251: download_copy_time_cuda = 0.000450
iter 251: upload_copy_time_cuda = 0.000452
iter 251: per_iter_time_cuda = 0.100373

iter 252: slack_cuda = 0.005237
iter 252: cpu_time_cuda = 0.050389
iter 252: gpu_time_cuda = 0.045152
iter 252: download_copy_time_cuda = 0.000443
iter 252: upload_copy_time_cuda = 0.000442
iter 252: per_iter_time_cuda = 0.096756

iter 253: slack_cuda = 0.008223
iter 253: cpu_time_cuda = 0.049678
iter 253: gpu_time_cuda = 0.041455
iter 253: download_copy_time_cuda = 0.000443
iter 253: upload_copy_time_cuda = 0.000437
iter 253: per_iter_time_cuda = 0.092352

iter 254: slack_cuda = 0.007505
iter 254: cpu_time_cuda = 0.048844
iter 254: gpu_time_cuda = 0.041339
iter 254: download_copy_time_cuda = 0.000440
iter 254: upload_copy_time_cuda = 0.000429
iter 254: per_iter_time_cuda = 0.091379

iter 255: slack_cuda = 0.008543
iter 255: cpu_time_cuda = 0.047857
iter 255: gpu_time_cuda = 0.039315
iter 255: download_copy_time_cuda = 0.000421
iter 255: upload_copy_time_cuda = 0.000425
iter 255: per_iter_time_cuda = 0.088360

iter 256: slack_cuda = 0.005272
iter 256: cpu_time_cuda = 0.046906
iter 256: gpu_time_cuda = 0.041634
iter 256: download_copy_time_cuda = 0.000412
iter 256: upload_copy_time_cuda = 0.000420
iter 256: per_iter_time_cuda = 0.089717

iter 257: slack_cuda = 0.008083
iter 257: cpu_time_cuda = 0.046093
iter 257: gpu_time_cuda = 0.038010
iter 257: download_copy_time_cuda = 0.000404
iter 257: upload_copy_time_cuda = 0.000415
iter 257: per_iter_time_cuda = 0.085262

iter 258: slack_cuda = 0.007261
iter 258: cpu_time_cuda = 0.045385
iter 258: gpu_time_cuda = 0.038124
iter 258: download_copy_time_cuda = 0.000404
iter 258: upload_copy_time_cuda = 0.000406
iter 258: per_iter_time_cuda = 0.084643

iter 259: slack_cuda = 0.009477
iter 259: cpu_time_cuda = 0.044615
iter 259: gpu_time_cuda = 0.035138
iter 259: download_copy_time_cuda = 0.000398
iter 259: upload_copy_time_cuda = 0.000402
iter 259: per_iter_time_cuda = 0.080872

iter 260: slack_cuda = 0.008898
iter 260: cpu_time_cuda = 0.043884
iter 260: gpu_time_cuda = 0.034986
iter 260: download_copy_time_cuda = 0.000397
iter 260: upload_copy_time_cuda = 0.000394
iter 260: per_iter_time_cuda = 0.079982

iter 261: slack_cuda = 0.010195
iter 261: cpu_time_cuda = 0.043135
iter 261: gpu_time_cuda = 0.032940
iter 261: download_copy_time_cuda = 0.000383
iter 261: upload_copy_time_cuda = 0.000389
iter 261: per_iter_time_cuda = 0.077156

iter 262: slack_cuda = 0.008104
iter 262: cpu_time_cuda = 0.042307
iter 262: gpu_time_cuda = 0.034203
iter 262: download_copy_time_cuda = 0.000381
iter 262: upload_copy_time_cuda = 0.000382
iter 262: per_iter_time_cuda = 0.077587

iter 263: slack_cuda = 0.008701
iter 263: cpu_time_cuda = 0.041522
iter 263: gpu_time_cuda = 0.032821
iter 263: download_copy_time_cuda = 0.000371
iter 263: upload_copy_time_cuda = 0.000390
iter 263: per_iter_time_cuda = 0.075410

iter 264: slack_cuda = 0.008339
iter 264: cpu_time_cuda = 0.040771
iter 264: gpu_time_cuda = 0.032432
iter 264: download_copy_time_cuda = 0.000367
iter 264: upload_copy_time_cuda = 0.000389
iter 264: per_iter_time_cuda = 0.074274

iter 265: slack_cuda = 0.009971
iter 265: cpu_time_cuda = 0.040083
iter 265: gpu_time_cuda = 0.030112
iter 265: download_copy_time_cuda = 0.000365
iter 265: upload_copy_time_cuda = 0.000384
iter 265: per_iter_time_cuda = 0.071247

iter 266: slack_cuda = 0.009509
iter 266: cpu_time_cuda = 0.039556
iter 266: gpu_time_cuda = 0.030047
iter 266: download_copy_time_cuda = 0.000352
iter 266: upload_copy_time_cuda = 0.000438
iter 266: per_iter_time_cuda = 0.074349

iter 267: slack_cuda = 0.008267
iter 267: cpu_time_cuda = 0.038762
iter 267: gpu_time_cuda = 0.030494
iter 267: download_copy_time_cuda = 0.000352
iter 267: upload_copy_time_cuda = 0.000376
iter 267: per_iter_time_cuda = 0.070267

iter 268: slack_cuda = 0.010149
iter 268: cpu_time_cuda = 0.037886
iter 268: gpu_time_cuda = 0.027737
iter 268: download_copy_time_cuda = 0.000348
iter 268: upload_copy_time_cuda = 0.000377
iter 268: per_iter_time_cuda = 0.066628

iter 269: slack_cuda = 0.011784
iter 269: cpu_time_cuda = 0.037139
iter 269: gpu_time_cuda = 0.025355
iter 269: download_copy_time_cuda = 0.000329
iter 269: upload_copy_time_cuda = 0.000376
iter 269: per_iter_time_cuda = 0.063479

iter 270: slack_cuda = 0.011281
iter 270: cpu_time_cuda = 0.036395
iter 270: gpu_time_cuda = 0.025114
iter 270: download_copy_time_cuda = 0.000322
iter 270: upload_copy_time_cuda = 0.000385
iter 270: per_iter_time_cuda = 0.062488

iter 271: slack_cuda = 0.012044
iter 271: cpu_time_cuda = 0.035693
iter 271: gpu_time_cuda = 0.023649
iter 271: download_copy_time_cuda = 0.000319
iter 271: upload_copy_time_cuda = 0.000368
iter 271: per_iter_time_cuda = 0.060295

iter 272: slack_cuda = 0.010279
iter 272: cpu_time_cuda = 0.035004
iter 272: gpu_time_cuda = 0.024725
iter 272: download_copy_time_cuda = 0.000309
iter 272: upload_copy_time_cuda = 0.000374
iter 272: per_iter_time_cuda = 0.060679

iter 273: slack_cuda = 0.010566
iter 273: cpu_time_cuda = 0.034341
iter 273: gpu_time_cuda = 0.023774
iter 273: download_copy_time_cuda = 0.000309
iter 273: upload_copy_time_cuda = 0.000372
iter 273: per_iter_time_cuda = 0.059060

iter 274: slack_cuda = 0.012097
iter 274: cpu_time_cuda = 0.033666
iter 274: gpu_time_cuda = 0.021569
iter 274: download_copy_time_cuda = 0.000301
iter 274: upload_copy_time_cuda = 0.000376
iter 274: per_iter_time_cuda = 0.056177

iter 275: slack_cuda = 0.013090
iter 275: cpu_time_cuda = 0.033085
iter 275: gpu_time_cuda = 0.019995
iter 275: download_copy_time_cuda = 0.000298
iter 275: upload_copy_time_cuda = 0.000378
iter 275: per_iter_time_cuda = 0.054012

iter 276: slack_cuda = 0.011654
iter 276: cpu_time_cuda = 0.032166
iter 276: gpu_time_cuda = 0.020512
iter 276: download_copy_time_cuda = 0.000311
iter 276: upload_copy_time_cuda = 0.000367
iter 276: per_iter_time_cuda = 0.053609

iter 277: slack_cuda = 0.011017
iter 277: cpu_time_cuda = 0.031378
iter 277: gpu_time_cuda = 0.020361
iter 277: download_copy_time_cuda = 0.000295
iter 277: upload_copy_time_cuda = 0.000370
iter 277: per_iter_time_cuda = 0.052654

iter 278: slack_cuda = 0.011301
iter 278: cpu_time_cuda = 0.030547
iter 278: gpu_time_cuda = 0.019246
iter 278: download_copy_time_cuda = 0.000276
iter 278: upload_copy_time_cuda = 0.000365
iter 278: per_iter_time_cuda = 0.050681

iter 279: slack_cuda = 0.012490
iter 279: cpu_time_cuda = 0.029744
iter 279: gpu_time_cuda = 0.017253
iter 279: download_copy_time_cuda = 0.000270
iter 279: upload_copy_time_cuda = 0.000363
iter 279: per_iter_time_cuda = 0.047877

iter 280: slack_cuda = 0.012169
iter 280: cpu_time_cuda = 0.029091
iter 280: gpu_time_cuda = 0.016922
iter 280: download_copy_time_cuda = 0.000272
iter 280: upload_copy_time_cuda = 0.000369
iter 280: per_iter_time_cuda = 0.046894

iter 281: slack_cuda = 0.012877
iter 281: cpu_time_cuda = 0.028391
iter 281: gpu_time_cuda = 0.015515
iter 281: download_copy_time_cuda = 0.000275
iter 281: upload_copy_time_cuda = 0.000365
iter 281: per_iter_time_cuda = 0.044786

iter 282: slack_cuda = 0.010940
iter 282: cpu_time_cuda = 0.027733
iter 282: gpu_time_cuda = 0.016793
iter 282: download_copy_time_cuda = 0.000256
iter 282: upload_copy_time_cuda = 0.000361
iter 282: per_iter_time_cuda = 0.045382

iter 283: slack_cuda = 0.011464
iter 283: cpu_time_cuda = 0.026991
iter 283: gpu_time_cuda = 0.015527
iter 283: download_copy_time_cuda = 0.000258
iter 283: upload_copy_time_cuda = 0.000361
iter 283: per_iter_time_cuda = 0.043375

iter 284: slack_cuda = 0.012000
iter 284: cpu_time_cuda = 0.026346
iter 284: gpu_time_cuda = 0.014346
iter 284: download_copy_time_cuda = 0.000241
iter 284: upload_copy_time_cuda = 0.000361
iter 284: per_iter_time_cuda = 0.041524

iter 285: slack_cuda = 0.012570
iter 285: cpu_time_cuda = 0.025493
iter 285: gpu_time_cuda = 0.012923
iter 285: download_copy_time_cuda = 0.000237
iter 285: upload_copy_time_cuda = 0.000358
iter 285: per_iter_time_cuda = 0.039242

iter 286: slack_cuda = 0.011770
iter 286: cpu_time_cuda = 0.024773
iter 286: gpu_time_cuda = 0.013003
iter 286: download_copy_time_cuda = 0.000237
iter 286: upload_copy_time_cuda = 0.000358
iter 286: per_iter_time_cuda = 0.038594

iter 287: slack_cuda = 0.011475
iter 287: cpu_time_cuda = 0.024150
iter 287: gpu_time_cuda = 0.012675
iter 287: download_copy_time_cuda = 0.000231
iter 287: upload_copy_time_cuda = 0.000358
iter 287: per_iter_time_cuda = 0.037647

iter 288: slack_cuda = 0.011409
iter 288: cpu_time_cuda = 0.023311
iter 288: gpu_time_cuda = 0.011902
iter 288: download_copy_time_cuda = 0.000221
iter 288: upload_copy_time_cuda = 0.000358
iter 288: per_iter_time_cuda = 0.036020

iter 289: slack_cuda = 0.011519
iter 289: cpu_time_cuda = 0.022645
iter 289: gpu_time_cuda = 0.011126
iter 289: download_copy_time_cuda = 0.000223
iter 289: upload_copy_time_cuda = 0.000353
iter 289: per_iter_time_cuda = 0.034569

iter 290: slack_cuda = 0.011341
iter 290: cpu_time_cuda = 0.021937
iter 290: gpu_time_cuda = 0.010596
iter 290: download_copy_time_cuda = 0.000217
iter 290: upload_copy_time_cuda = 0.000344
iter 290: per_iter_time_cuda = 0.033307

iter 291: slack_cuda = 0.011509
iter 291: cpu_time_cuda = 0.021224
iter 291: gpu_time_cuda = 0.009715
iter 291: download_copy_time_cuda = 0.000200
iter 291: upload_copy_time_cuda = 0.000348
iter 291: per_iter_time_cuda = 0.031708

iter 292: slack_cuda = 0.010824
iter 292: cpu_time_cuda = 0.020567
iter 292: gpu_time_cuda = 0.009743
iter 292: download_copy_time_cuda = 0.000202
iter 292: upload_copy_time_cuda = 0.000353
iter 292: per_iter_time_cuda = 0.031076

iter 293: slack_cuda = 0.010902
iter 293: cpu_time_cuda = 0.019790
iter 293: gpu_time_cuda = 0.008888
iter 293: download_copy_time_cuda = 0.000199
iter 293: upload_copy_time_cuda = 0.000354
iter 293: per_iter_time_cuda = 0.029440

iter 294: slack_cuda = 0.010570
iter 294: cpu_time_cuda = 0.019127
iter 294: gpu_time_cuda = 0.008557
iter 294: download_copy_time_cuda = 0.000188
iter 294: upload_copy_time_cuda = 0.000351
iter 294: per_iter_time_cuda = 0.028430

iter 295: slack_cuda = 0.010762
iter 295: cpu_time_cuda = 0.018454
iter 295: gpu_time_cuda = 0.007692
iter 295: download_copy_time_cuda = 0.000189
iter 295: upload_copy_time_cuda = 0.000349
iter 295: per_iter_time_cuda = 0.026889

iter 296: slack_cuda = 0.010346
iter 296: cpu_time_cuda = 0.017733
iter 296: gpu_time_cuda = 0.007387
iter 296: download_copy_time_cuda = 0.000179
iter 296: upload_copy_time_cuda = 0.000347
iter 296: per_iter_time_cuda = 0.025849

iter 297: slack_cuda = 0.010502
iter 297: cpu_time_cuda = 0.016981
iter 297: gpu_time_cuda = 0.006479
iter 297: download_copy_time_cuda = 0.000178
iter 297: upload_copy_time_cuda = 0.000350
iter 297: per_iter_time_cuda = 0.024192

iter 298: slack_cuda = 0.009664
iter 298: cpu_time_cuda = 0.016093
iter 298: gpu_time_cuda = 0.006429
iter 298: download_copy_time_cuda = 0.000169
iter 298: upload_copy_time_cuda = 0.000345
iter 298: per_iter_time_cuda = 0.023233

iter 299: slack_cuda = 0.009380
iter 299: cpu_time_cuda = 0.015375
iter 299: gpu_time_cuda = 0.005995
iter 299: download_copy_time_cuda = 0.000163
iter 299: upload_copy_time_cuda = 0.000340
iter 299: per_iter_time_cuda = 0.022073

iter 300: slack_cuda = 0.009105
iter 300: cpu_time_cuda = 0.014556
iter 300: gpu_time_cuda = 0.005452
iter 300: download_copy_time_cuda = 0.000156
iter 300: upload_copy_time_cuda = 0.000346
iter 300: per_iter_time_cuda = 0.020699

iter 301: slack_cuda = 0.009064
iter 301: cpu_time_cuda = 0.013811
iter 301: gpu_time_cuda = 0.004747
iter 301: download_copy_time_cuda = 0.000152
iter 301: upload_copy_time_cuda = 0.000347
iter 301: per_iter_time_cuda = 0.019248

iter 302: slack_cuda = 0.008603
iter 302: cpu_time_cuda = 0.013221
iter 302: gpu_time_cuda = 0.004618
iter 302: download_copy_time_cuda = 0.000146
iter 302: upload_copy_time_cuda = 0.000339
iter 302: per_iter_time_cuda = 0.018509

iter 303: slack_cuda = 0.008385
iter 303: cpu_time_cuda = 0.012428
iter 303: gpu_time_cuda = 0.004043
iter 303: download_copy_time_cuda = 0.000144
iter 303: upload_copy_time_cuda = 0.000343
iter 303: per_iter_time_cuda = 0.017147

iter 304: slack_cuda = 0.007917
iter 304: cpu_time_cuda = 0.011746
iter 304: gpu_time_cuda = 0.003828
iter 304: download_copy_time_cuda = 0.000139
iter 304: upload_copy_time_cuda = 0.000342
iter 304: per_iter_time_cuda = 0.016236

iter 305: slack_cuda = 0.007490
iter 305: cpu_time_cuda = 0.011105
iter 305: gpu_time_cuda = 0.003615
iter 305: download_copy_time_cuda = 0.000134
iter 305: upload_copy_time_cuda = 0.000338
iter 305: per_iter_time_cuda = 0.015376

iter 306: slack_cuda = 0.007121
iter 306: cpu_time_cuda = 0.010415
iter 306: gpu_time_cuda = 0.003295
iter 306: download_copy_time_cuda = 0.000134
iter 306: upload_copy_time_cuda = 0.000341
iter 306: per_iter_time_cuda = 0.014364

iter 307: slack_cuda = 0.006981
iter 307: cpu_time_cuda = 0.009722
iter 307: gpu_time_cuda = 0.002742
iter 307: download_copy_time_cuda = 0.000122
iter 307: upload_copy_time_cuda = 0.000330
iter 307: per_iter_time_cuda = 0.013090

iter 308: slack_cuda = 0.006337
iter 308: cpu_time_cuda = 0.009015
iter 308: gpu_time_cuda = 0.002678
iter 308: download_copy_time_cuda = 0.000107
iter 308: upload_copy_time_cuda = 0.000337
iter 308: per_iter_time_cuda = 0.012310

iter 309: slack_cuda = 0.005847
iter 309: cpu_time_cuda = 0.008257
iter 309: gpu_time_cuda = 0.002410
iter 309: download_copy_time_cuda = 0.000110
iter 309: upload_copy_time_cuda = 0.000328
iter 309: per_iter_time_cuda = 0.011276

iter 310: slack_cuda = 0.005410
iter 310: cpu_time_cuda = 0.007525
iter 310: gpu_time_cuda = 0.002116
iter 310: download_copy_time_cuda = 0.000096
iter 310: upload_copy_time_cuda = 0.000330
iter 310: per_iter_time_cuda = 0.010244

iter 311: slack_cuda = 0.004920
iter 311: cpu_time_cuda = 0.006790
iter 311: gpu_time_cuda = 0.001870
iter 311: download_copy_time_cuda = 0.000104
iter 311: upload_copy_time_cuda = 0.000336
iter 311: per_iter_time_cuda = 0.009264

iter 312: slack_cuda = 0.004353
iter 312: cpu_time_cuda = 0.006092
iter 312: gpu_time_cuda = 0.001740
iter 312: download_copy_time_cuda = 0.000094
iter 312: upload_copy_time_cuda = 0.000327
iter 312: per_iter_time_cuda = 0.008424

iter 313: slack_cuda = 0.004065
iter 313: cpu_time_cuda = 0.005427
iter 313: gpu_time_cuda = 0.001362
iter 313: download_copy_time_cuda = 0.000102
iter 313: upload_copy_time_cuda = 0.000325
iter 313: per_iter_time_cuda = 0.007377

iter 314: slack_cuda = 0.003572
iter 314: cpu_time_cuda = 0.004837
iter 314: gpu_time_cuda = 0.001265
iter 314: download_copy_time_cuda = 0.000086
iter 314: upload_copy_time_cuda = 0.000324
iter 314: per_iter_time_cuda = 0.006668

iter 315: slack_cuda = 0.002982
iter 315: cpu_time_cuda = 0.004090
iter 315: gpu_time_cuda = 0.001108
iter 315: download_copy_time_cuda = 0.000079
iter 315: upload_copy_time_cuda = 0.000331
iter 315: per_iter_time_cuda = 0.005760

iter 316: slack_cuda = 0.002318
iter 316: cpu_time_cuda = 0.003357
iter 316: gpu_time_cuda = 0.001039
iter 316: download_copy_time_cuda = 0.000077
iter 316: upload_copy_time_cuda = 0.000327
iter 316: per_iter_time_cuda = 0.004956

iter 317: slack_cuda = 0.001652
iter 317: cpu_time_cuda = 0.002635
iter 317: gpu_time_cuda = 0.000983
iter 317: download_copy_time_cuda = 0.000079
iter 317: upload_copy_time_cuda = 0.000326
iter 317: per_iter_time_cuda = 0.004187

iter 318: slack_cuda = 0.001055
iter 318: cpu_time_cuda = 0.001980
iter 318: gpu_time_cuda = 0.000925
iter 318: download_copy_time_cuda = 0.000066
iter 318: upload_copy_time_cuda = 0.000323
iter 318: per_iter_time_cuda = 0.003438

iter 319: slack_cuda = 0.001129
iter 319: cpu_time_cuda = 0.001134
iter 319: gpu_time_cuda = 0.000006
iter 319: download_copy_time_cuda = 0.000065
iter 319: upload_copy_time_cuda = 0.000322
iter 319: per_iter_time_cuda = 0.001572

total_cpu_time_cuda = 37.361374
total_gpu_time_cuda = 92.957436
total_copy_time_cuda = 0.652115
main_loop_time_cuda = 131.184219
Normalized difference of predicted CPU runtime per iteration is: 0.000000%
Normalized difference of predicted GPU runtime per iteration is: 0.000000%
Normalized difference of predicted slack per iteration is: 0.000000%
20480 20480     ---   (  ---  )     43.25 ( 132.40)     ---   
total_time = 143.904990
121.19user 22.99system 2:25.25elapsed 99%CPU (0avgtext+0avgdata 3432756maxresident)k
0inputs+0outputs (0major+841788minor)pagefaults 0swaps
send out message: 22 3 log
