send out message: 24 37 /home/lchen/MAGMA/magma-1.5.0/results
send out message: 20 26 MAGMA_LU_GPUDVFS.total.pwr
MAGMA 1.5.0  compiled for CUDA capability >= 3.0
CUDA runtime 5000, driver 6050. MAGMA not compiled with OpenMP. 
device 0: Tesla K20c, 705.5 MHz clock, 4799.6 MB memory, capability 3.5
Usage: /home/lchen/MAGMA/magma-1.5.0/testing/testing_dgetrf [options] [-h|--help]

ngpu 1
    M     N   CPU GFlop/s (sec)   GPU GFlop/s (sec)   |PA-LU|/(N*|A|)
=========================================================================
init_time = 9.948930
iter 0: slack_cuda = 0.000000
iter 0: cpu_time_cuda = 0.000000
iter 0: gpu_time_cuda = 0.000000
iter 0: download_copy_time_cuda = 0.000000
iter 0: upload_copy_time_cuda = 0.002193
iter 0: per_iter_time_cuda = 0.003260

iter 1: slack_cuda = -0.619270
iter 1: cpu_time_cuda = 0.232818
iter 1: gpu_time_cuda = 0.852088
iter 1: download_copy_time_cuda = 0.002127
iter 1: upload_copy_time_cuda = 0.001987
iter 1: per_iter_time_cuda = 1.090100

iter 2: slack_cuda = -0.621760
iter 2: cpu_time_cuda = 0.231326
iter 2: gpu_time_cuda = 0.853086
iter 2: download_copy_time_cuda = 0.001897
iter 2: upload_copy_time_cuda = 0.001987
iter 2: per_iter_time_cuda = 1.089396

iter 3: slack_cuda = -0.614259
iter 3: cpu_time_cuda = 0.230671
iter 3: gpu_time_cuda = 0.844929
iter 3: download_copy_time_cuda = 0.001884
iter 3: upload_copy_time_cuda = 0.001982
iter 3: per_iter_time_cuda = 1.080510

iter 4: slack_cuda = -0.611132
iter 4: cpu_time_cuda = 0.229994
iter 4: gpu_time_cuda = 0.841127
iter 4: download_copy_time_cuda = 0.001879
iter 4: upload_copy_time_cuda = 0.001974
iter 4: per_iter_time_cuda = 1.076020

iter 5: slack_cuda = -0.603292
iter 5: cpu_time_cuda = 0.229803
iter 5: gpu_time_cuda = 0.833095
iter 5: download_copy_time_cuda = 0.001884
iter 5: upload_copy_time_cuda = 0.001965
iter 5: per_iter_time_cuda = 1.067779

iter 6: slack_cuda = -0.601151
iter 6: cpu_time_cuda = 0.229739
iter 6: gpu_time_cuda = 0.830890
iter 6: download_copy_time_cuda = 0.001870
iter 6: upload_copy_time_cuda = 0.001963
iter 6: per_iter_time_cuda = 1.065512

iter 7: slack_cuda = -0.595962
iter 7: cpu_time_cuda = 0.228695
iter 7: gpu_time_cuda = 0.824657
iter 7: download_copy_time_cuda = 0.001864
iter 7: upload_copy_time_cuda = 0.001958
iter 7: per_iter_time_cuda = 1.058194

iter 8: slack_cuda = -0.597584
iter 8: cpu_time_cuda = 0.226962
iter 8: gpu_time_cuda = 0.824546
iter 8: download_copy_time_cuda = 0.001857
iter 8: upload_copy_time_cuda = 0.001948
iter 8: per_iter_time_cuda = 1.056360

iter 9: slack_cuda = -0.586468
iter 9: cpu_time_cuda = 0.227610
iter 9: gpu_time_cuda = 0.814078
iter 9: download_copy_time_cuda = 0.001853
iter 9: upload_copy_time_cuda = 0.001943
iter 9: per_iter_time_cuda = 1.046521

iter 10: slack_cuda = -0.585064
iter 10: cpu_time_cuda = 0.226581
iter 10: gpu_time_cuda = 0.811646
iter 10: download_copy_time_cuda = 0.001849
iter 10: upload_copy_time_cuda = 0.001955
iter 10: per_iter_time_cuda = 1.043078

iter 11: slack_cuda = -0.576301
iter 11: cpu_time_cuda = 0.225122
iter 11: gpu_time_cuda = 0.801423
iter 11: download_copy_time_cuda = 0.001839
iter 11: upload_copy_time_cuda = 0.001932
iter 11: per_iter_time_cuda = 1.031343

iter 12: slack_cuda = -0.573686
iter 12: cpu_time_cuda = 0.224311
iter 12: gpu_time_cuda = 0.797998
iter 12: download_copy_time_cuda = 0.001837
iter 12: upload_copy_time_cuda = 0.001936
iter 12: per_iter_time_cuda = 1.027125

iter 13: slack_cuda = -0.564831
iter 13: cpu_time_cuda = 0.223668
iter 13: gpu_time_cuda = 0.788499
iter 13: download_copy_time_cuda = 0.001831
iter 13: upload_copy_time_cuda = 0.001922
iter 13: per_iter_time_cuda = 1.016944

iter 14: slack_cuda = -0.568531
iter 14: cpu_time_cuda = 0.223719
iter 14: gpu_time_cuda = 0.792251
iter 14: download_copy_time_cuda = 0.001827
iter 14: upload_copy_time_cuda = 0.001917
iter 14: per_iter_time_cuda = 1.020728

iter 15: slack_cuda = -0.481624
iter 15: cpu_time_cuda = 0.298921
iter 15: gpu_time_cuda = 0.780544
iter 15: download_copy_time_cuda = 0.001884
iter 15: upload_copy_time_cuda = 0.001934
iter 15: per_iter_time_cuda = 1.084348

iter 16: slack_cuda = -0.555722
iter 16: cpu_time_cuda = 0.224908
iter 16: gpu_time_cuda = 0.780631
iter 16: download_copy_time_cuda = 0.002468
iter 16: upload_copy_time_cuda = 0.002118
iter 16: per_iter_time_cuda = 1.011159

iter 17: slack_cuda = -0.548597
iter 17: cpu_time_cuda = 0.222562
iter 17: gpu_time_cuda = 0.771159
iter 17: download_copy_time_cuda = 0.002562
iter 17: upload_copy_time_cuda = 0.002138
iter 17: per_iter_time_cuda = 0.999432

iter 18: slack_cuda = -0.544071
iter 18: cpu_time_cuda = 0.221983
iter 18: gpu_time_cuda = 0.766054
iter 18: download_copy_time_cuda = 0.002509
iter 18: upload_copy_time_cuda = 0.002083
iter 18: per_iter_time_cuda = 0.993657

iter 19: slack_cuda = -0.536718
iter 19: cpu_time_cuda = 0.220664
iter 19: gpu_time_cuda = 0.757382
iter 19: download_copy_time_cuda = 0.002428
iter 19: upload_copy_time_cuda = 0.002081
iter 19: per_iter_time_cuda = 0.983579

iter 20: slack_cuda = -0.534396
iter 20: cpu_time_cuda = 0.226957
iter 20: gpu_time_cuda = 0.761352
iter 20: download_copy_time_cuda = 0.002428
iter 20: upload_copy_time_cuda = 0.002096
iter 20: per_iter_time_cuda = 0.993864

iter 21: slack_cuda = -0.524297
iter 21: cpu_time_cuda = 0.226035
iter 21: gpu_time_cuda = 0.750333
iter 21: download_copy_time_cuda = 0.002395
iter 21: upload_copy_time_cuda = 0.002080
iter 21: per_iter_time_cuda = 0.981854

iter 22: slack_cuda = -0.532328
iter 22: cpu_time_cuda = 0.218540
iter 22: gpu_time_cuda = 0.750869
iter 22: download_copy_time_cuda = 0.002416
iter 22: upload_copy_time_cuda = 0.002065
iter 22: per_iter_time_cuda = 0.974894

iter 23: slack_cuda = -0.526227
iter 23: cpu_time_cuda = 0.217860
iter 23: gpu_time_cuda = 0.744087
iter 23: download_copy_time_cuda = 0.002405
iter 23: upload_copy_time_cuda = 0.002061
iter 23: per_iter_time_cuda = 0.967399

iter 24: slack_cuda = -0.520819
iter 24: cpu_time_cuda = 0.217181
iter 24: gpu_time_cuda = 0.738000
iter 24: download_copy_time_cuda = 0.002389
iter 24: upload_copy_time_cuda = 0.002049
iter 24: per_iter_time_cuda = 0.960640

iter 25: slack_cuda = -0.512417
iter 25: cpu_time_cuda = 0.217224
iter 25: gpu_time_cuda = 0.729641
iter 25: download_copy_time_cuda = 0.002360
iter 25: upload_copy_time_cuda = 0.002141
iter 25: per_iter_time_cuda = 0.952382

iter 26: slack_cuda = -0.513446
iter 26: cpu_time_cuda = 0.216066
iter 26: gpu_time_cuda = 0.729512
iter 26: download_copy_time_cuda = 0.002394
iter 26: upload_copy_time_cuda = 0.002040
iter 26: per_iter_time_cuda = 0.951018

iter 27: slack_cuda = -0.505572
iter 27: cpu_time_cuda = 0.214798
iter 27: gpu_time_cuda = 0.720370
iter 27: download_copy_time_cuda = 0.002339
iter 27: upload_copy_time_cuda = 0.002048
iter 27: per_iter_time_cuda = 0.940559

iter 28: slack_cuda = -0.507756
iter 28: cpu_time_cuda = 0.214075
iter 28: gpu_time_cuda = 0.721831
iter 28: download_copy_time_cuda = 0.002336
iter 28: upload_copy_time_cuda = 0.002047
iter 28: per_iter_time_cuda = 0.941286

iter 29: slack_cuda = -0.496859
iter 29: cpu_time_cuda = 0.214532
iter 29: gpu_time_cuda = 0.711390
iter 29: download_copy_time_cuda = 0.002338
iter 29: upload_copy_time_cuda = 0.002024
iter 29: per_iter_time_cuda = 0.931282

iter 30: slack_cuda = -0.496647
iter 30: cpu_time_cuda = 0.212440
iter 30: gpu_time_cuda = 0.709087
iter 30: download_copy_time_cuda = 0.002339
iter 30: upload_copy_time_cuda = 0.002052
iter 30: per_iter_time_cuda = 0.926921

iter 31: slack_cuda = -0.489412
iter 31: cpu_time_cuda = 0.211296
iter 31: gpu_time_cuda = 0.700708
iter 31: download_copy_time_cuda = 0.002311
iter 31: upload_copy_time_cuda = 0.002028
iter 31: per_iter_time_cuda = 0.917311

iter 32: slack_cuda = -0.488923
iter 32: cpu_time_cuda = 0.210794
iter 32: gpu_time_cuda = 0.699717
iter 32: download_copy_time_cuda = 0.002299
iter 32: upload_copy_time_cuda = 0.002020
iter 32: per_iter_time_cuda = 0.915840

iter 33: slack_cuda = -0.480946
iter 33: cpu_time_cuda = 0.209639
iter 33: gpu_time_cuda = 0.690585
iter 33: download_copy_time_cuda = 0.002294
iter 33: upload_copy_time_cuda = 0.001996
iter 33: per_iter_time_cuda = 0.905485

iter 34: slack_cuda = -0.481671
iter 34: cpu_time_cuda = 0.210070
iter 34: gpu_time_cuda = 0.691740
iter 34: download_copy_time_cuda = 0.002312
iter 34: upload_copy_time_cuda = 0.002029
iter 34: per_iter_time_cuda = 0.907141

iter 35: slack_cuda = -0.476050
iter 35: cpu_time_cuda = 0.209599
iter 35: gpu_time_cuda = 0.685649
iter 35: download_copy_time_cuda = 0.002289
iter 35: upload_copy_time_cuda = 0.001984
iter 35: per_iter_time_cuda = 0.900483

iter 36: slack_cuda = -0.474590
iter 36: cpu_time_cuda = 0.208909
iter 36: gpu_time_cuda = 0.683499
iter 36: download_copy_time_cuda = 0.002269
iter 36: upload_copy_time_cuda = 0.001997
iter 36: per_iter_time_cuda = 0.897656

iter 37: slack_cuda = -0.467373
iter 37: cpu_time_cuda = 0.207388
iter 37: gpu_time_cuda = 0.674761
iter 37: download_copy_time_cuda = 0.002281
iter 37: upload_copy_time_cuda = 0.001985
iter 37: per_iter_time_cuda = 0.887376

iter 38: slack_cuda = -0.464118
iter 38: cpu_time_cuda = 0.206952
iter 38: gpu_time_cuda = 0.671070
iter 38: download_copy_time_cuda = 0.002278
iter 38: upload_copy_time_cuda = 0.002171
iter 38: per_iter_time_cuda = 0.883426

iter 39: slack_cuda = -0.455272
iter 39: cpu_time_cuda = 0.206020
iter 39: gpu_time_cuda = 0.661292
iter 39: download_copy_time_cuda = 0.002243
iter 39: upload_copy_time_cuda = 0.001958
iter 39: per_iter_time_cuda = 0.872456

iter 40: slack_cuda = -0.458065
iter 40: cpu_time_cuda = 0.204921
iter 40: gpu_time_cuda = 0.662986
iter 40: download_copy_time_cuda = 0.002276
iter 40: upload_copy_time_cuda = 0.001956
iter 40: per_iter_time_cuda = 0.873102

iter 41: slack_cuda = -0.456039
iter 41: cpu_time_cuda = 0.203864
iter 41: gpu_time_cuda = 0.659903
iter 41: download_copy_time_cuda = 0.002226
iter 41: upload_copy_time_cuda = 0.001967
iter 41: per_iter_time_cuda = 0.868926

iter 42: slack_cuda = -0.450816
iter 42: cpu_time_cuda = 0.203972
iter 42: gpu_time_cuda = 0.654789
iter 42: download_copy_time_cuda = 0.002240
iter 42: upload_copy_time_cuda = 0.001937
iter 42: per_iter_time_cuda = 0.863888

iter 43: slack_cuda = -0.443231
iter 43: cpu_time_cuda = 0.203158
iter 43: gpu_time_cuda = 0.646390
iter 43: download_copy_time_cuda = 0.002208
iter 43: upload_copy_time_cuda = 0.001957
iter 43: per_iter_time_cuda = 0.854660

iter 44: slack_cuda = -0.440925
iter 44: cpu_time_cuda = 0.202447
iter 44: gpu_time_cuda = 0.643372
iter 44: download_copy_time_cuda = 0.002222
iter 44: upload_copy_time_cuda = 0.001926
iter 44: per_iter_time_cuda = 0.850912

iter 45: slack_cuda = -0.433657
iter 45: cpu_time_cuda = 0.200731
iter 45: gpu_time_cuda = 0.634388
iter 45: download_copy_time_cuda = 0.002217
iter 45: upload_copy_time_cuda = 0.001959
iter 45: per_iter_time_cuda = 0.840213

iter 46: slack_cuda = -0.435093
iter 46: cpu_time_cuda = 0.202308
iter 46: gpu_time_cuda = 0.637401
iter 46: download_copy_time_cuda = 0.002211
iter 46: upload_copy_time_cuda = 0.001932
iter 46: per_iter_time_cuda = 0.844782

iter 47: slack_cuda = -0.427086
iter 47: cpu_time_cuda = 0.200243
iter 47: gpu_time_cuda = 0.627329
iter 47: download_copy_time_cuda = 0.002189
iter 47: upload_copy_time_cuda = 0.002015
iter 47: per_iter_time_cuda = 0.832698

iter 48: slack_cuda = -0.428358
iter 48: cpu_time_cuda = 0.199564
iter 48: gpu_time_cuda = 0.627922
iter 48: download_copy_time_cuda = 0.002185
iter 48: upload_copy_time_cuda = 0.001945
iter 48: per_iter_time_cuda = 0.832569

iter 49: slack_cuda = -0.419981
iter 49: cpu_time_cuda = 0.198830
iter 49: gpu_time_cuda = 0.618811
iter 49: download_copy_time_cuda = 0.002189
iter 49: upload_copy_time_cuda = 0.001894
iter 49: per_iter_time_cuda = 0.822641

iter 50: slack_cuda = -0.417034
iter 50: cpu_time_cuda = 0.198221
iter 50: gpu_time_cuda = 0.615254
iter 50: download_copy_time_cuda = 0.002156
iter 50: upload_copy_time_cuda = 0.001909
iter 50: per_iter_time_cuda = 0.818462

iter 51: slack_cuda = -0.409606
iter 51: cpu_time_cuda = 0.197618
iter 51: gpu_time_cuda = 0.607223
iter 51: download_copy_time_cuda = 0.002178
iter 51: upload_copy_time_cuda = 0.001885
iter 51: per_iter_time_cuda = 0.809827

iter 52: slack_cuda = -0.413378
iter 52: cpu_time_cuda = 0.196404
iter 52: gpu_time_cuda = 0.609782
iter 52: download_copy_time_cuda = 0.002140
iter 52: upload_copy_time_cuda = 0.001880
iter 52: per_iter_time_cuda = 0.811133

iter 53: slack_cuda = -0.405073
iter 53: cpu_time_cuda = 0.195450
iter 53: gpu_time_cuda = 0.600524
iter 53: download_copy_time_cuda = 0.002204
iter 53: upload_copy_time_cuda = 0.001883
iter 53: per_iter_time_cuda = 0.801002

iter 54: slack_cuda = -0.407152
iter 54: cpu_time_cuda = 0.194289
iter 54: gpu_time_cuda = 0.601441
iter 54: download_copy_time_cuda = 0.002202
iter 54: upload_copy_time_cuda = 0.001865
iter 54: per_iter_time_cuda = 0.800699

iter 55: slack_cuda = -0.376509
iter 55: cpu_time_cuda = 0.219207
iter 55: gpu_time_cuda = 0.595716
iter 55: download_copy_time_cuda = 0.002273
iter 55: upload_copy_time_cuda = 0.001933
iter 55: per_iter_time_cuda = 0.820116

iter 56: slack_cuda = -0.395673
iter 56: cpu_time_cuda = 0.193276
iter 56: gpu_time_cuda = 0.588948
iter 56: download_copy_time_cuda = 0.002132
iter 56: upload_copy_time_cuda = 0.001909
iter 56: per_iter_time_cuda = 0.787184

iter 57: slack_cuda = -0.388693
iter 57: cpu_time_cuda = 0.192994
iter 57: gpu_time_cuda = 0.581688
iter 57: download_copy_time_cuda = 0.002141
iter 57: upload_copy_time_cuda = 0.001866
iter 57: per_iter_time_cuda = 0.779594

iter 58: slack_cuda = -0.389772
iter 58: cpu_time_cuda = 0.191734
iter 58: gpu_time_cuda = 0.581507
iter 58: download_copy_time_cuda = 0.002096
iter 58: upload_copy_time_cuda = 0.001863
iter 58: per_iter_time_cuda = 0.778102

iter 59: slack_cuda = -0.382250
iter 59: cpu_time_cuda = 0.191122
iter 59: gpu_time_cuda = 0.573372
iter 59: download_copy_time_cuda = 0.002116
iter 59: upload_copy_time_cuda = 0.001844
iter 59: per_iter_time_cuda = 0.769345

iter 60: slack_cuda = -0.386040
iter 60: cpu_time_cuda = 0.190334
iter 60: gpu_time_cuda = 0.576374
iter 60: download_copy_time_cuda = 0.002079
iter 60: upload_copy_time_cuda = 0.001904
iter 60: per_iter_time_cuda = 0.771606

iter 61: slack_cuda = -0.378620
iter 61: cpu_time_cuda = 0.189551
iter 61: gpu_time_cuda = 0.568171
iter 61: download_copy_time_cuda = 0.002128
iter 61: upload_copy_time_cuda = 0.001859
iter 61: per_iter_time_cuda = 0.762601

iter 62: slack_cuda = -0.375935
iter 62: cpu_time_cuda = 0.188089
iter 62: gpu_time_cuda = 0.564025
iter 62: download_copy_time_cuda = 0.002086
iter 62: upload_copy_time_cuda = 0.001839
iter 62: per_iter_time_cuda = 0.756933

iter 63: slack_cuda = -0.367880
iter 63: cpu_time_cuda = 0.188169
iter 63: gpu_time_cuda = 0.556048
iter 63: download_copy_time_cuda = 0.002051
iter 63: upload_copy_time_cuda = 0.001814
iter 63: per_iter_time_cuda = 0.749015

iter 64: slack_cuda = -0.368252
iter 64: cpu_time_cuda = 0.187493
iter 64: gpu_time_cuda = 0.555745
iter 64: download_copy_time_cuda = 0.002041
iter 64: upload_copy_time_cuda = 0.001806
iter 64: per_iter_time_cuda = 0.747971

iter 65: slack_cuda = -0.360207
iter 65: cpu_time_cuda = 0.186286
iter 65: gpu_time_cuda = 0.546493
iter 65: download_copy_time_cuda = 0.002035
iter 65: upload_copy_time_cuda = 0.001795
iter 65: per_iter_time_cuda = 0.737498

iter 66: slack_cuda = -0.361677
iter 66: cpu_time_cuda = 0.186016
iter 66: gpu_time_cuda = 0.547692
iter 66: download_copy_time_cuda = 0.002023
iter 66: upload_copy_time_cuda = 0.001792
iter 66: per_iter_time_cuda = 0.738405

iter 67: slack_cuda = -0.357637
iter 67: cpu_time_cuda = 0.185567
iter 67: gpu_time_cuda = 0.543203
iter 67: download_copy_time_cuda = 0.002037
iter 67: upload_copy_time_cuda = 0.001802
iter 67: per_iter_time_cuda = 0.733487

iter 68: slack_cuda = -0.356217
iter 68: cpu_time_cuda = 0.184326
iter 68: gpu_time_cuda = 0.540542
iter 68: download_copy_time_cuda = 0.002015
iter 68: upload_copy_time_cuda = 0.001779
iter 68: per_iter_time_cuda = 0.729548

iter 69: slack_cuda = -0.325027
iter 69: cpu_time_cuda = 0.206675
iter 69: gpu_time_cuda = 0.531702
iter 69: download_copy_time_cuda = 0.002004
iter 69: upload_copy_time_cuda = 0.001909
iter 69: per_iter_time_cuda = 0.743239

iter 70: slack_cuda = -0.346628
iter 70: cpu_time_cuda = 0.183383
iter 70: gpu_time_cuda = 0.530011
iter 70: download_copy_time_cuda = 0.002115
iter 70: upload_copy_time_cuda = 0.001789
iter 70: per_iter_time_cuda = 0.718167

iter 71: slack_cuda = -0.341005
iter 71: cpu_time_cuda = 0.182519
iter 71: gpu_time_cuda = 0.523524
iter 71: download_copy_time_cuda = 0.001993
iter 71: upload_copy_time_cuda = 0.001775
iter 71: per_iter_time_cuda = 0.710659

iter 72: slack_cuda = -0.343583
iter 72: cpu_time_cuda = 0.181813
iter 72: gpu_time_cuda = 0.525396
iter 72: download_copy_time_cuda = 0.001993
iter 72: upload_copy_time_cuda = 0.001753
iter 72: per_iter_time_cuda = 0.711821

iter 73: slack_cuda = -0.335388
iter 73: cpu_time_cuda = 0.181263
iter 73: gpu_time_cuda = 0.516651
iter 73: download_copy_time_cuda = 0.001992
iter 73: upload_copy_time_cuda = 0.001748
iter 73: per_iter_time_cuda = 0.702507

iter 74: slack_cuda = -0.334065
iter 74: cpu_time_cuda = 0.180356
iter 74: gpu_time_cuda = 0.514420
iter 74: download_copy_time_cuda = 0.001991
iter 74: upload_copy_time_cuda = 0.001768
iter 74: per_iter_time_cuda = 0.699379

iter 75: slack_cuda = -0.326796
iter 75: cpu_time_cuda = 0.180216
iter 75: gpu_time_cuda = 0.507012
iter 75: download_copy_time_cuda = 0.001953
iter 75: upload_copy_time_cuda = 0.001731
iter 75: per_iter_time_cuda = 0.691760

iter 76: slack_cuda = -0.303518
iter 76: cpu_time_cuda = 0.200850
iter 76: gpu_time_cuda = 0.504368
iter 76: download_copy_time_cuda = 0.001952
iter 76: upload_copy_time_cuda = 0.001564
iter 76: per_iter_time_cuda = 0.709669

iter 77: slack_cuda = -0.320162
iter 77: cpu_time_cuda = 0.177721
iter 77: gpu_time_cuda = 0.497883
iter 77: download_copy_time_cuda = 0.001762
iter 77: upload_copy_time_cuda = 0.001525
iter 77: per_iter_time_cuda = 0.679744

iter 78: slack_cuda = -0.323191
iter 78: cpu_time_cuda = 0.177506
iter 78: gpu_time_cuda = 0.500697
iter 78: download_copy_time_cuda = 0.001746
iter 78: upload_copy_time_cuda = 0.001520
iter 78: per_iter_time_cuda = 0.682318

iter 79: slack_cuda = -0.314946
iter 79: cpu_time_cuda = 0.176408
iter 79: gpu_time_cuda = 0.491354
iter 79: download_copy_time_cuda = 0.001725
iter 79: upload_copy_time_cuda = 0.001512
iter 79: per_iter_time_cuda = 0.671847

iter 80: slack_cuda = -0.314711
iter 80: cpu_time_cuda = 0.175650
iter 80: gpu_time_cuda = 0.490362
iter 80: download_copy_time_cuda = 0.001729
iter 80: upload_copy_time_cuda = 0.001510
iter 80: per_iter_time_cuda = 0.670103

iter 81: slack_cuda = -0.309199
iter 81: cpu_time_cuda = 0.174981
iter 81: gpu_time_cuda = 0.484180
iter 81: download_copy_time_cuda = 0.001721
iter 81: upload_copy_time_cuda = 0.001498
iter 81: per_iter_time_cuda = 0.663210

iter 82: slack_cuda = -0.306304
iter 82: cpu_time_cuda = 0.174143
iter 82: gpu_time_cuda = 0.480446
iter 82: download_copy_time_cuda = 0.001416
iter 82: upload_copy_time_cuda = 0.001497
iter 82: per_iter_time_cuda = 0.658332

iter 83: slack_cuda = -0.278454
iter 83: cpu_time_cuda = 0.195731
iter 83: gpu_time_cuda = 0.474185
iter 83: download_copy_time_cuda = 0.001696
iter 83: upload_copy_time_cuda = 0.001520
iter 83: per_iter_time_cuda = 0.674048

iter 84: slack_cuda = -0.300880
iter 84: cpu_time_cuda = 0.172731
iter 84: gpu_time_cuda = 0.473611
iter 84: download_copy_time_cuda = 0.001697
iter 84: upload_copy_time_cuda = 0.001479
iter 84: per_iter_time_cuda = 0.650336

iter 85: slack_cuda = -0.293712
iter 85: cpu_time_cuda = 0.172081
iter 85: gpu_time_cuda = 0.465793
iter 85: download_copy_time_cuda = 0.001680
iter 85: upload_copy_time_cuda = 0.001520
iter 85: per_iter_time_cuda = 0.641892

iter 86: slack_cuda = -0.296267
iter 86: cpu_time_cuda = 0.171690
iter 86: gpu_time_cuda = 0.467957
iter 86: download_copy_time_cuda = 0.001673
iter 86: upload_copy_time_cuda = 0.001471
iter 86: per_iter_time_cuda = 0.643609

iter 87: slack_cuda = -0.289971
iter 87: cpu_time_cuda = 0.170638
iter 87: gpu_time_cuda = 0.460609
iter 87: download_copy_time_cuda = 0.001670
iter 87: upload_copy_time_cuda = 0.001467
iter 87: per_iter_time_cuda = 0.635206

iter 88: slack_cuda = -0.288125
iter 88: cpu_time_cuda = 0.170362
iter 88: gpu_time_cuda = 0.458487
iter 88: download_copy_time_cuda = 0.001654
iter 88: upload_copy_time_cuda = 0.001459
iter 88: per_iter_time_cuda = 0.632782

iter 89: slack_cuda = -0.279809
iter 89: cpu_time_cuda = 0.169787
iter 89: gpu_time_cuda = 0.449597
iter 89: download_copy_time_cuda = 0.001689
iter 89: upload_copy_time_cuda = 0.001452
iter 89: per_iter_time_cuda = 0.623332

iter 90: slack_cuda = -0.281625
iter 90: cpu_time_cuda = 0.169066
iter 90: gpu_time_cuda = 0.450692
iter 90: download_copy_time_cuda = 0.001644
iter 90: upload_copy_time_cuda = 0.001442
iter 90: per_iter_time_cuda = 0.623654

iter 91: slack_cuda = -0.254488
iter 91: cpu_time_cuda = 0.190009
iter 91: gpu_time_cuda = 0.444497
iter 91: download_copy_time_cuda = 0.001632
iter 91: upload_copy_time_cuda = 0.001472
iter 91: per_iter_time_cuda = 0.638490

iter 92: slack_cuda = -0.281346
iter 92: cpu_time_cuda = 0.167164
iter 92: gpu_time_cuda = 0.448510
iter 92: download_copy_time_cuda = 0.001630
iter 92: upload_copy_time_cuda = 0.001459
iter 92: per_iter_time_cuda = 0.619555

iter 93: slack_cuda = -0.268473
iter 93: cpu_time_cuda = 0.167172
iter 93: gpu_time_cuda = 0.435645
iter 93: download_copy_time_cuda = 0.001616
iter 93: upload_copy_time_cuda = 0.001421
iter 93: per_iter_time_cuda = 0.606639

iter 94: slack_cuda = -0.268409
iter 94: cpu_time_cuda = 0.166191
iter 94: gpu_time_cuda = 0.434600
iter 94: download_copy_time_cuda = 0.001604
iter 94: upload_copy_time_cuda = 0.001423
iter 94: per_iter_time_cuda = 0.604599

iter 95: slack_cuda = -0.264580
iter 95: cpu_time_cuda = 0.165468
iter 95: gpu_time_cuda = 0.430048
iter 95: download_copy_time_cuda = 0.001605
iter 95: upload_copy_time_cuda = 0.001411
iter 95: per_iter_time_cuda = 0.599332

iter 96: slack_cuda = -0.263745
iter 96: cpu_time_cuda = 0.164296
iter 96: gpu_time_cuda = 0.428041
iter 96: download_copy_time_cuda = 0.001586
iter 96: upload_copy_time_cuda = 0.001408
iter 96: per_iter_time_cuda = 0.596111

iter 97: slack_cuda = -0.254759
iter 97: cpu_time_cuda = 0.164273
iter 97: gpu_time_cuda = 0.419033
iter 97: download_copy_time_cuda = 0.001587
iter 97: upload_copy_time_cuda = 0.001399
iter 97: per_iter_time_cuda = 0.587080

iter 98: slack_cuda = -0.258557
iter 98: cpu_time_cuda = 0.162858
iter 98: gpu_time_cuda = 0.421415
iter 98: download_copy_time_cuda = 0.001576
iter 98: upload_copy_time_cuda = 0.001388
iter 98: per_iter_time_cuda = 0.588012

iter 99: slack_cuda = -0.207717
iter 99: cpu_time_cuda = 0.212252
iter 99: gpu_time_cuda = 0.419969
iter 99: download_copy_time_cuda = 0.001584
iter 99: upload_copy_time_cuda = 0.001419
iter 99: per_iter_time_cuda = 0.636021

iter 100: slack_cuda = -0.253144
iter 100: cpu_time_cuda = 0.161106
iter 100: gpu_time_cuda = 0.414251
iter 100: download_copy_time_cuda = 0.001569
iter 100: upload_copy_time_cuda = 0.001379
iter 100: per_iter_time_cuda = 0.579070

iter 101: slack_cuda = -0.245196
iter 101: cpu_time_cuda = 0.160746
iter 101: gpu_time_cuda = 0.405942
iter 101: download_copy_time_cuda = 0.001553
iter 101: upload_copy_time_cuda = 0.001373
iter 101: per_iter_time_cuda = 0.570363

iter 102: slack_cuda = -0.244430
iter 102: cpu_time_cuda = 0.160261
iter 102: gpu_time_cuda = 0.404690
iter 102: download_copy_time_cuda = 0.001550
iter 102: upload_copy_time_cuda = 0.001364
iter 102: per_iter_time_cuda = 0.568621

iter 103: slack_cuda = -0.238595
iter 103: cpu_time_cuda = 0.159762
iter 103: gpu_time_cuda = 0.398357
iter 103: download_copy_time_cuda = 0.001542
iter 103: upload_copy_time_cuda = 0.001364
iter 103: per_iter_time_cuda = 0.561782

iter 104: slack_cuda = -0.243193
iter 104: cpu_time_cuda = 0.158413
iter 104: gpu_time_cuda = 0.401606
iter 104: download_copy_time_cuda = 0.001535
iter 104: upload_copy_time_cuda = 0.001354
iter 104: per_iter_time_cuda = 0.563659

iter 105: slack_cuda = -0.239289
iter 105: cpu_time_cuda = 0.157276
iter 105: gpu_time_cuda = 0.396565
iter 105: download_copy_time_cuda = 0.001524
iter 105: upload_copy_time_cuda = 0.001348
iter 105: per_iter_time_cuda = 0.557461

iter 106: slack_cuda = -0.235103
iter 106: cpu_time_cuda = 0.156888
iter 106: gpu_time_cuda = 0.391990
iter 106: download_copy_time_cuda = 0.001511
iter 106: upload_copy_time_cuda = 0.001339
iter 106: per_iter_time_cuda = 0.552484

iter 107: slack_cuda = -0.227123
iter 107: cpu_time_cuda = 0.157119
iter 107: gpu_time_cuda = 0.384242
iter 107: download_copy_time_cuda = 0.001501
iter 107: upload_copy_time_cuda = 0.001331
iter 107: per_iter_time_cuda = 0.544931

iter 108: slack_cuda = -0.205732
iter 108: cpu_time_cuda = 0.177757
iter 108: gpu_time_cuda = 0.383490
iter 108: download_copy_time_cuda = 0.001492
iter 108: upload_copy_time_cuda = 0.001361
iter 108: per_iter_time_cuda = 0.565004

iter 109: slack_cuda = -0.223602
iter 109: cpu_time_cuda = 0.154150
iter 109: gpu_time_cuda = 0.377752
iter 109: download_copy_time_cuda = 0.001541
iter 109: upload_copy_time_cuda = 0.001321
iter 109: per_iter_time_cuda = 0.535518

iter 110: slack_cuda = -0.225205
iter 110: cpu_time_cuda = 0.153879
iter 110: gpu_time_cuda = 0.379084
iter 110: download_copy_time_cuda = 0.001472
iter 110: upload_copy_time_cuda = 0.001316
iter 110: per_iter_time_cuda = 0.536500

iter 111: slack_cuda = -0.218219
iter 111: cpu_time_cuda = 0.152868
iter 111: gpu_time_cuda = 0.371087
iter 111: download_copy_time_cuda = 0.001468
iter 111: upload_copy_time_cuda = 0.001308
iter 111: per_iter_time_cuda = 0.527470

iter 112: slack_cuda = -0.218620
iter 112: cpu_time_cuda = 0.152064
iter 112: gpu_time_cuda = 0.370684
iter 112: download_copy_time_cuda = 0.001465
iter 112: upload_copy_time_cuda = 0.001303
iter 112: per_iter_time_cuda = 0.526255

iter 113: slack_cuda = -0.213051
iter 113: cpu_time_cuda = 0.151565
iter 113: gpu_time_cuda = 0.364616
iter 113: download_copy_time_cuda = 0.001453
iter 113: upload_copy_time_cuda = 0.001298
iter 113: per_iter_time_cuda = 0.519664

iter 114: slack_cuda = -0.212498
iter 114: cpu_time_cuda = 0.151051
iter 114: gpu_time_cuda = 0.363549
iter 114: download_copy_time_cuda = 0.001454
iter 114: upload_copy_time_cuda = 0.001303
iter 114: per_iter_time_cuda = 0.518073

iter 115: slack_cuda = -0.205928
iter 115: cpu_time_cuda = 0.150152
iter 115: gpu_time_cuda = 0.356080
iter 115: download_copy_time_cuda = 0.001443
iter 115: upload_copy_time_cuda = 0.001284
iter 115: per_iter_time_cuda = 0.509683

iter 116: slack_cuda = -0.206712
iter 116: cpu_time_cuda = 0.149849
iter 116: gpu_time_cuda = 0.356561
iter 116: download_copy_time_cuda = 0.001429
iter 116: upload_copy_time_cuda = 0.001280
iter 116: per_iter_time_cuda = 0.509837

iter 117: slack_cuda = -0.200562
iter 117: cpu_time_cuda = 0.148754
iter 117: gpu_time_cuda = 0.349316
iter 117: download_copy_time_cuda = 0.001448
iter 117: upload_copy_time_cuda = 0.001271
iter 117: per_iter_time_cuda = 0.501509

iter 118: slack_cuda = -0.182316
iter 118: cpu_time_cuda = 0.169885
iter 118: gpu_time_cuda = 0.352200
iter 118: download_copy_time_cuda = 0.001412
iter 118: upload_copy_time_cuda = 0.001300
iter 118: per_iter_time_cuda = 0.525584

iter 119: slack_cuda = -0.200012
iter 119: cpu_time_cuda = 0.147137
iter 119: gpu_time_cuda = 0.347149
iter 119: download_copy_time_cuda = 0.001417
iter 119: upload_copy_time_cuda = 0.001264
iter 119: per_iter_time_cuda = 0.497677

iter 120: slack_cuda = -0.199182
iter 120: cpu_time_cuda = 0.146565
iter 120: gpu_time_cuda = 0.345747
iter 120: download_copy_time_cuda = 0.001404
iter 120: upload_copy_time_cuda = 0.001255
iter 120: per_iter_time_cuda = 0.495681

iter 121: slack_cuda = -0.191041
iter 121: cpu_time_cuda = 0.145876
iter 121: gpu_time_cuda = 0.336918
iter 121: download_copy_time_cuda = 0.001387
iter 121: upload_copy_time_cuda = 0.001253
iter 121: per_iter_time_cuda = 0.486135

iter 122: slack_cuda = -0.192191
iter 122: cpu_time_cuda = 0.145599
iter 122: gpu_time_cuda = 0.337790
iter 122: download_copy_time_cuda = 0.001382
iter 122: upload_copy_time_cuda = 0.001242
iter 122: per_iter_time_cuda = 0.486707

iter 123: slack_cuda = -0.186850
iter 123: cpu_time_cuda = 0.144545
iter 123: gpu_time_cuda = 0.331395
iter 123: download_copy_time_cuda = 0.001364
iter 123: upload_copy_time_cuda = 0.001273
iter 123: per_iter_time_cuda = 0.479266

iter 124: slack_cuda = -0.190318
iter 124: cpu_time_cuda = 0.143719
iter 124: gpu_time_cuda = 0.334037
iter 124: download_copy_time_cuda = 0.001368
iter 124: upload_copy_time_cuda = 0.001247
iter 124: per_iter_time_cuda = 0.481058

iter 125: slack_cuda = -0.183057
iter 125: cpu_time_cuda = 0.143600
iter 125: gpu_time_cuda = 0.326657
iter 125: download_copy_time_cuda = 0.001363
iter 125: upload_copy_time_cuda = 0.001230
iter 125: per_iter_time_cuda = 0.473547

iter 126: slack_cuda = -0.180068
iter 126: cpu_time_cuda = 0.141891
iter 126: gpu_time_cuda = 0.321959
iter 126: download_copy_time_cuda = 0.001345
iter 126: upload_copy_time_cuda = 0.001216
iter 126: per_iter_time_cuda = 0.467090

iter 127: slack_cuda = -0.173754
iter 127: cpu_time_cuda = 0.141805
iter 127: gpu_time_cuda = 0.315559
iter 127: download_copy_time_cuda = 0.001338
iter 127: upload_copy_time_cuda = 0.001210
iter 127: per_iter_time_cuda = 0.460650

iter 128: slack_cuda = -0.146396
iter 128: cpu_time_cuda = 0.168453
iter 128: gpu_time_cuda = 0.314850
iter 128: download_copy_time_cuda = 0.001343
iter 128: upload_copy_time_cuda = 0.001238
iter 128: per_iter_time_cuda = 0.486740

iter 129: slack_cuda = -0.169288
iter 129: cpu_time_cuda = 0.139742
iter 129: gpu_time_cuda = 0.309030
iter 129: download_copy_time_cuda = 0.001349
iter 129: upload_copy_time_cuda = 0.001200
iter 129: per_iter_time_cuda = 0.452038

iter 130: slack_cuda = -0.173964
iter 130: cpu_time_cuda = 0.139528
iter 130: gpu_time_cuda = 0.313492
iter 130: download_copy_time_cuda = 0.001328
iter 130: upload_copy_time_cuda = 0.001195
iter 130: per_iter_time_cuda = 0.456251

iter 131: slack_cuda = -0.169385
iter 131: cpu_time_cuda = 0.138804
iter 131: gpu_time_cuda = 0.308189
iter 131: download_copy_time_cuda = 0.001347
iter 131: upload_copy_time_cuda = 0.001187
iter 131: per_iter_time_cuda = 0.450230

iter 132: slack_cuda = -0.166184
iter 132: cpu_time_cuda = 0.137826
iter 132: gpu_time_cuda = 0.304011
iter 132: download_copy_time_cuda = 0.001346
iter 132: upload_copy_time_cuda = 0.001181
iter 132: per_iter_time_cuda = 0.445076

iter 133: slack_cuda = -0.160472
iter 133: cpu_time_cuda = 0.137084
iter 133: gpu_time_cuda = 0.297557
iter 133: download_copy_time_cuda = 0.001309
iter 133: upload_copy_time_cuda = 0.001177
iter 133: per_iter_time_cuda = 0.437824

iter 134: slack_cuda = -0.159940
iter 134: cpu_time_cuda = 0.136488
iter 134: gpu_time_cuda = 0.296428
iter 134: download_copy_time_cuda = 0.001305
iter 134: upload_copy_time_cuda = 0.001168
iter 134: per_iter_time_cuda = 0.436075

iter 135: slack_cuda = -0.156841
iter 135: cpu_time_cuda = 0.135645
iter 135: gpu_time_cuda = 0.292487
iter 135: download_copy_time_cuda = 0.001302
iter 135: upload_copy_time_cuda = 0.001162
iter 135: per_iter_time_cuda = 0.431269

iter 136: slack_cuda = -0.160330
iter 136: cpu_time_cuda = 0.135539
iter 136: gpu_time_cuda = 0.295869
iter 136: download_copy_time_cuda = 0.001290
iter 136: upload_copy_time_cuda = 0.001154
iter 136: per_iter_time_cuda = 0.434546

iter 137: slack_cuda = -0.152731
iter 137: cpu_time_cuda = 0.134585
iter 137: gpu_time_cuda = 0.287316
iter 137: download_copy_time_cuda = 0.001293
iter 137: upload_copy_time_cuda = 0.001153
iter 137: per_iter_time_cuda = 0.425020

iter 138: slack_cuda = -0.151306
iter 138: cpu_time_cuda = 0.133977
iter 138: gpu_time_cuda = 0.285283
iter 138: download_copy_time_cuda = 0.001274
iter 138: upload_copy_time_cuda = 0.001142
iter 138: per_iter_time_cuda = 0.422363

iter 139: slack_cuda = -0.147365
iter 139: cpu_time_cuda = 0.132742
iter 139: gpu_time_cuda = 0.280108
iter 139: download_copy_time_cuda = 0.001275
iter 139: upload_copy_time_cuda = 0.001159
iter 139: per_iter_time_cuda = 0.415971

iter 140: slack_cuda = -0.125248
iter 140: cpu_time_cuda = 0.154545
iter 140: gpu_time_cuda = 0.279793
iter 140: download_copy_time_cuda = 0.001265
iter 140: upload_copy_time_cuda = 0.001165
iter 140: per_iter_time_cuda = 0.437523

iter 141: slack_cuda = -0.143437
iter 141: cpu_time_cuda = 0.131691
iter 141: gpu_time_cuda = 0.275127
iter 141: download_copy_time_cuda = 0.001257
iter 141: upload_copy_time_cuda = 0.001124
iter 141: per_iter_time_cuda = 0.409888

iter 142: slack_cuda = -0.143106
iter 142: cpu_time_cuda = 0.130947
iter 142: gpu_time_cuda = 0.274053
iter 142: download_copy_time_cuda = 0.001253
iter 142: upload_copy_time_cuda = 0.001118
iter 142: per_iter_time_cuda = 0.408060

iter 143: slack_cuda = -0.137778
iter 143: cpu_time_cuda = 0.129717
iter 143: gpu_time_cuda = 0.267495
iter 143: download_copy_time_cuda = 0.001241
iter 143: upload_copy_time_cuda = 0.001113
iter 143: per_iter_time_cuda = 0.400248

iter 144: slack_cuda = -0.138407
iter 144: cpu_time_cuda = 0.129400
iter 144: gpu_time_cuda = 0.267807
iter 144: download_copy_time_cuda = 0.001270
iter 144: upload_copy_time_cuda = 0.001107
iter 144: per_iter_time_cuda = 0.400257

iter 145: slack_cuda = -0.136461
iter 145: cpu_time_cuda = 0.128488
iter 145: gpu_time_cuda = 0.264949
iter 145: download_copy_time_cuda = 0.001217
iter 145: upload_copy_time_cuda = 0.001102
iter 145: per_iter_time_cuda = 0.396430

iter 146: slack_cuda = -0.137212
iter 146: cpu_time_cuda = 0.127639
iter 146: gpu_time_cuda = 0.264852
iter 146: download_copy_time_cuda = 0.001216
iter 146: upload_copy_time_cuda = 0.001094
iter 146: per_iter_time_cuda = 0.395465

iter 147: slack_cuda = -0.129914
iter 147: cpu_time_cuda = 0.126867
iter 147: gpu_time_cuda = 0.256780
iter 147: download_copy_time_cuda = 0.001200
iter 147: upload_copy_time_cuda = 0.001100
iter 147: per_iter_time_cuda = 0.386594

iter 148: slack_cuda = -0.130777
iter 148: cpu_time_cuda = 0.126125
iter 148: gpu_time_cuda = 0.256902
iter 148: download_copy_time_cuda = 0.001193
iter 148: upload_copy_time_cuda = 0.001082
iter 148: per_iter_time_cuda = 0.385965

iter 149: slack_cuda = -0.125779
iter 149: cpu_time_cuda = 0.125608
iter 149: gpu_time_cuda = 0.251387
iter 149: download_copy_time_cuda = 0.001186
iter 149: upload_copy_time_cuda = 0.001078
iter 149: per_iter_time_cuda = 0.379920

iter 150: slack_cuda = -0.132269
iter 150: cpu_time_cuda = 0.125263
iter 150: gpu_time_cuda = 0.257532
iter 150: download_copy_time_cuda = 0.001198
iter 150: upload_copy_time_cuda = 0.001071
iter 150: per_iter_time_cuda = 0.385760

iter 151: slack_cuda = -0.126671
iter 151: cpu_time_cuda = 0.124184
iter 151: gpu_time_cuda = 0.250855
iter 151: download_copy_time_cuda = 0.001176
iter 151: upload_copy_time_cuda = 0.001061
iter 151: per_iter_time_cuda = 0.377903

iter 152: slack_cuda = -0.073730
iter 152: cpu_time_cuda = 0.170150
iter 152: gpu_time_cuda = 0.243880
iter 152: download_copy_time_cuda = 0.001162
iter 152: upload_copy_time_cuda = 0.001089
iter 152: per_iter_time_cuda = 0.416943

iter 153: slack_cuda = -0.114990
iter 153: cpu_time_cuda = 0.122524
iter 153: gpu_time_cuda = 0.237514
iter 153: download_copy_time_cuda = 0.001170
iter 153: upload_copy_time_cuda = 0.001052
iter 153: per_iter_time_cuda = 0.362922

iter 154: slack_cuda = -0.115409
iter 154: cpu_time_cuda = 0.121908
iter 154: gpu_time_cuda = 0.237317
iter 154: download_copy_time_cuda = 0.001155
iter 154: upload_copy_time_cuda = 0.001045
iter 154: per_iter_time_cuda = 0.362045

iter 155: slack_cuda = -0.112881
iter 155: cpu_time_cuda = 0.121563
iter 155: gpu_time_cuda = 0.234443
iter 155: download_copy_time_cuda = 0.001147
iter 155: upload_copy_time_cuda = 0.001040
iter 155: per_iter_time_cuda = 0.358820

iter 156: slack_cuda = -0.119282
iter 156: cpu_time_cuda = 0.120496
iter 156: gpu_time_cuda = 0.239778
iter 156: download_copy_time_cuda = 0.001126
iter 156: upload_copy_time_cuda = 0.001033
iter 156: per_iter_time_cuda = 0.363043

iter 157: slack_cuda = -0.107985
iter 157: cpu_time_cuda = 0.119891
iter 157: gpu_time_cuda = 0.227875
iter 157: download_copy_time_cuda = 0.001125
iter 157: upload_copy_time_cuda = 0.001023
iter 157: per_iter_time_cuda = 0.350521

iter 158: slack_cuda = -0.107819
iter 158: cpu_time_cuda = 0.119058
iter 158: gpu_time_cuda = 0.226877
iter 158: download_copy_time_cuda = 0.001123
iter 158: upload_copy_time_cuda = 0.001020
iter 158: per_iter_time_cuda = 0.348688

iter 159: slack_cuda = -0.102879
iter 159: cpu_time_cuda = 0.118428
iter 159: gpu_time_cuda = 0.221308
iter 159: download_copy_time_cuda = 0.001158
iter 159: upload_copy_time_cuda = 0.001014
iter 159: per_iter_time_cuda = 0.342505

iter 160: slack_cuda = -0.107180
iter 160: cpu_time_cuda = 0.117923
iter 160: gpu_time_cuda = 0.225103
iter 160: download_copy_time_cuda = 0.001101
iter 160: upload_copy_time_cuda = 0.001015
iter 160: per_iter_time_cuda = 0.345761

iter 161: slack_cuda = -0.099169
iter 161: cpu_time_cuda = 0.117030
iter 161: gpu_time_cuda = 0.216198
iter 161: download_copy_time_cuda = 0.001002
iter 161: upload_copy_time_cuda = 0.001020
iter 161: per_iter_time_cuda = 0.335847

iter 162: slack_cuda = -0.103437
iter 162: cpu_time_cuda = 0.116880
iter 162: gpu_time_cuda = 0.220317
iter 162: download_copy_time_cuda = 0.001102
iter 162: upload_copy_time_cuda = 0.000997
iter 162: per_iter_time_cuda = 0.339886

iter 163: slack_cuda = -0.119508
iter 163: cpu_time_cuda = 0.115250
iter 163: gpu_time_cuda = 0.234758
iter 163: download_copy_time_cuda = 0.001081
iter 163: upload_copy_time_cuda = 0.000991
iter 163: per_iter_time_cuda = 0.352680

iter 164: slack_cuda = -0.097015
iter 164: cpu_time_cuda = 0.114458
iter 164: gpu_time_cuda = 0.211473
iter 164: download_copy_time_cuda = 0.001077
iter 164: upload_copy_time_cuda = 0.000985
iter 164: per_iter_time_cuda = 0.328587

iter 165: slack_cuda = -0.092076
iter 165: cpu_time_cuda = 0.113920
iter 165: gpu_time_cuda = 0.205996
iter 165: download_copy_time_cuda = 0.001072
iter 165: upload_copy_time_cuda = 0.000979
iter 165: per_iter_time_cuda = 0.322553

iter 166: slack_cuda = -0.091904
iter 166: cpu_time_cuda = 0.113241
iter 166: gpu_time_cuda = 0.205145
iter 166: download_copy_time_cuda = 0.001079
iter 166: upload_copy_time_cuda = 0.000970
iter 166: per_iter_time_cuda = 0.321021

iter 167: slack_cuda = -0.066711
iter 167: cpu_time_cuda = 0.134745
iter 167: gpu_time_cuda = 0.201456
iter 167: download_copy_time_cuda = 0.001070
iter 167: upload_copy_time_cuda = 0.001003
iter 167: per_iter_time_cuda = 0.338921

iter 168: slack_cuda = -0.090637
iter 168: cpu_time_cuda = 0.111948
iter 168: gpu_time_cuda = 0.202585
iter 168: download_copy_time_cuda = 0.001055
iter 168: upload_copy_time_cuda = 0.000959
iter 168: per_iter_time_cuda = 0.317127

iter 169: slack_cuda = -0.085050
iter 169: cpu_time_cuda = 0.110909
iter 169: gpu_time_cuda = 0.195959
iter 169: download_copy_time_cuda = 0.001034
iter 169: upload_copy_time_cuda = 0.000951
iter 169: per_iter_time_cuda = 0.309420

iter 170: slack_cuda = -0.085914
iter 170: cpu_time_cuda = 0.109909
iter 170: gpu_time_cuda = 0.195823
iter 170: download_copy_time_cuda = 0.001030
iter 170: upload_copy_time_cuda = 0.000946
iter 170: per_iter_time_cuda = 0.308279

iter 171: slack_cuda = -0.081269
iter 171: cpu_time_cuda = 0.109584
iter 171: gpu_time_cuda = 0.190853
iter 171: download_copy_time_cuda = 0.001022
iter 171: upload_copy_time_cuda = 0.000938
iter 171: per_iter_time_cuda = 0.302969

iter 172: slack_cuda = -0.082411
iter 172: cpu_time_cuda = 0.108920
iter 172: gpu_time_cuda = 0.191331
iter 172: download_copy_time_cuda = 0.001014
iter 172: upload_copy_time_cuda = 0.000932
iter 172: per_iter_time_cuda = 0.302787

iter 173: slack_cuda = -0.081933
iter 173: cpu_time_cuda = 0.107941
iter 173: gpu_time_cuda = 0.189874
iter 173: download_copy_time_cuda = 0.001027
iter 173: upload_copy_time_cuda = 0.000931
iter 173: per_iter_time_cuda = 0.300371

iter 174: slack_cuda = -0.079612
iter 174: cpu_time_cuda = 0.107136
iter 174: gpu_time_cuda = 0.186749
iter 174: download_copy_time_cuda = 0.001013
iter 174: upload_copy_time_cuda = 0.000925
iter 174: per_iter_time_cuda = 0.296429

iter 175: slack_cuda = -0.075826
iter 175: cpu_time_cuda = 0.106092
iter 175: gpu_time_cuda = 0.181918
iter 175: download_copy_time_cuda = 0.001000
iter 175: upload_copy_time_cuda = 0.000914
iter 175: per_iter_time_cuda = 0.290496

iter 176: slack_cuda = -0.077143
iter 176: cpu_time_cuda = 0.105863
iter 176: gpu_time_cuda = 0.183006
iter 176: download_copy_time_cuda = 0.000989
iter 176: upload_copy_time_cuda = 0.000910
iter 176: per_iter_time_cuda = 0.291345

iter 177: slack_cuda = -0.074722
iter 177: cpu_time_cuda = 0.104714
iter 177: gpu_time_cuda = 0.179436
iter 177: download_copy_time_cuda = 0.000973
iter 177: upload_copy_time_cuda = 0.000903
iter 177: per_iter_time_cuda = 0.286589

iter 178: slack_cuda = -0.078630
iter 178: cpu_time_cuda = 0.104119
iter 178: gpu_time_cuda = 0.182749
iter 178: download_copy_time_cuda = 0.000967
iter 178: upload_copy_time_cuda = 0.000897
iter 178: per_iter_time_cuda = 0.289292

iter 179: slack_cuda = -0.069827
iter 179: cpu_time_cuda = 0.103478
iter 179: gpu_time_cuda = 0.173305
iter 179: download_copy_time_cuda = 0.000960
iter 179: upload_copy_time_cuda = 0.000892
iter 179: per_iter_time_cuda = 0.279185

iter 180: slack_cuda = -0.068635
iter 180: cpu_time_cuda = 0.102734
iter 180: gpu_time_cuda = 0.171369
iter 180: download_copy_time_cuda = 0.000961
iter 180: upload_copy_time_cuda = 0.000911
iter 180: per_iter_time_cuda = 0.276538

iter 181: slack_cuda = -0.064777
iter 181: cpu_time_cuda = 0.101967
iter 181: gpu_time_cuda = 0.166744
iter 181: download_copy_time_cuda = 0.000854
iter 181: upload_copy_time_cuda = 0.000882
iter 181: per_iter_time_cuda = 0.271012

iter 182: slack_cuda = -0.067441
iter 182: cpu_time_cuda = 0.101924
iter 182: gpu_time_cuda = 0.169365
iter 182: download_copy_time_cuda = 0.000949
iter 182: upload_copy_time_cuda = 0.000873
iter 182: per_iter_time_cuda = 0.273672

iter 183: slack_cuda = -0.072996
iter 183: cpu_time_cuda = 0.100549
iter 183: gpu_time_cuda = 0.173545
iter 183: download_copy_time_cuda = 0.000929
iter 183: upload_copy_time_cuda = 0.000866
iter 183: per_iter_time_cuda = 0.276447

iter 184: slack_cuda = -0.037837
iter 184: cpu_time_cuda = 0.124452
iter 184: gpu_time_cuda = 0.162288
iter 184: download_copy_time_cuda = 0.000924
iter 184: upload_copy_time_cuda = 0.000894
iter 184: per_iter_time_cuda = 0.289182

iter 185: slack_cuda = -0.057955
iter 185: cpu_time_cuda = 0.099205
iter 185: gpu_time_cuda = 0.157160
iter 185: download_copy_time_cuda = 0.000935
iter 185: upload_copy_time_cuda = 0.000860
iter 185: per_iter_time_cuda = 0.258705

iter 186: slack_cuda = -0.058620
iter 186: cpu_time_cuda = 0.098783
iter 186: gpu_time_cuda = 0.157403
iter 186: download_copy_time_cuda = 0.000912
iter 186: upload_copy_time_cuda = 0.000850
iter 186: per_iter_time_cuda = 0.258485

iter 187: slack_cuda = -0.056218
iter 187: cpu_time_cuda = 0.098083
iter 187: gpu_time_cuda = 0.154301
iter 187: download_copy_time_cuda = 0.000936
iter 187: upload_copy_time_cuda = 0.000847
iter 187: per_iter_time_cuda = 0.254719

iter 188: slack_cuda = -0.068369
iter 188: cpu_time_cuda = 0.097350
iter 188: gpu_time_cuda = 0.165719
iter 188: download_copy_time_cuda = 0.000912
iter 188: upload_copy_time_cuda = 0.000869
iter 188: per_iter_time_cuda = 0.265387

iter 189: slack_cuda = -0.054158
iter 189: cpu_time_cuda = 0.096295
iter 189: gpu_time_cuda = 0.150453
iter 189: download_copy_time_cuda = 0.000819
iter 189: upload_copy_time_cuda = 0.000832
iter 189: per_iter_time_cuda = 0.248928

iter 190: slack_cuda = -0.052983
iter 190: cpu_time_cuda = 0.095591
iter 190: gpu_time_cuda = 0.148575
iter 190: download_copy_time_cuda = 0.000882
iter 190: upload_copy_time_cuda = 0.000822
iter 190: per_iter_time_cuda = 0.246403

iter 191: slack_cuda = -0.049834
iter 191: cpu_time_cuda = 0.094659
iter 191: gpu_time_cuda = 0.144493
iter 191: download_copy_time_cuda = 0.000870
iter 191: upload_copy_time_cuda = 0.000817
iter 191: per_iter_time_cuda = 0.241386

iter 192: slack_cuda = -0.051217
iter 192: cpu_time_cuda = 0.093792
iter 192: gpu_time_cuda = 0.145009
iter 192: download_copy_time_cuda = 0.000860
iter 192: upload_copy_time_cuda = 0.000814
iter 192: per_iter_time_cuda = 0.240973

iter 193: slack_cuda = -0.046676
iter 193: cpu_time_cuda = 0.093324
iter 193: gpu_time_cuda = 0.140000
iter 193: download_copy_time_cuda = 0.000854
iter 193: upload_copy_time_cuda = 0.000805
iter 193: per_iter_time_cuda = 0.235492

iter 194: slack_cuda = -0.051491
iter 194: cpu_time_cuda = 0.092490
iter 194: gpu_time_cuda = 0.143981
iter 194: download_copy_time_cuda = 0.000844
iter 194: upload_copy_time_cuda = 0.000797
iter 194: per_iter_time_cuda = 0.238610

iter 195: slack_cuda = -0.045264
iter 195: cpu_time_cuda = 0.091652
iter 195: gpu_time_cuda = 0.136916
iter 195: download_copy_time_cuda = 0.000838
iter 195: upload_copy_time_cuda = 0.000795
iter 195: per_iter_time_cuda = 0.230704

iter 196: slack_cuda = -0.044967
iter 196: cpu_time_cuda = 0.090928
iter 196: gpu_time_cuda = 0.135895
iter 196: download_copy_time_cuda = 0.000836
iter 196: upload_copy_time_cuda = 0.000786
iter 196: per_iter_time_cuda = 0.228929

iter 197: slack_cuda = -0.041676
iter 197: cpu_time_cuda = 0.090225
iter 197: gpu_time_cuda = 0.131902
iter 197: download_copy_time_cuda = 0.000848
iter 197: upload_copy_time_cuda = 0.000782
iter 197: per_iter_time_cuda = 0.224238

iter 198: slack_cuda = -0.042941
iter 198: cpu_time_cuda = 0.089613
iter 198: gpu_time_cuda = 0.132554
iter 198: download_copy_time_cuda = 0.000821
iter 198: upload_copy_time_cuda = 0.000774
iter 198: per_iter_time_cuda = 0.224248

iter 199: slack_cuda = -0.046189
iter 199: cpu_time_cuda = 0.088824
iter 199: gpu_time_cuda = 0.135013
iter 199: download_copy_time_cuda = 0.000814
iter 199: upload_copy_time_cuda = 0.000768
iter 199: per_iter_time_cuda = 0.225902

iter 200: slack_cuda = -0.040243
iter 200: cpu_time_cuda = 0.088391
iter 200: gpu_time_cuda = 0.128634
iter 200: download_copy_time_cuda = 0.000819
iter 200: upload_copy_time_cuda = 0.000760
iter 200: per_iter_time_cuda = 0.219076

iter 201: slack_cuda = -0.036029
iter 201: cpu_time_cuda = 0.087444
iter 201: gpu_time_cuda = 0.123473
iter 201: download_copy_time_cuda = 0.000799
iter 201: upload_copy_time_cuda = 0.000756
iter 201: per_iter_time_cuda = 0.212943

iter 202: slack_cuda = -0.036984
iter 202: cpu_time_cuda = 0.086736
iter 202: gpu_time_cuda = 0.123720
iter 202: download_copy_time_cuda = 0.000792
iter 202: upload_copy_time_cuda = 0.000753
iter 202: per_iter_time_cuda = 0.212472

iter 203: slack_cuda = -0.033840
iter 203: cpu_time_cuda = 0.086341
iter 203: gpu_time_cuda = 0.120180
iter 203: download_copy_time_cuda = 0.000805
iter 203: upload_copy_time_cuda = 0.000744
iter 203: per_iter_time_cuda = 0.208544

iter 204: slack_cuda = -0.039158
iter 204: cpu_time_cuda = 0.085486
iter 204: gpu_time_cuda = 0.124643
iter 204: download_copy_time_cuda = 0.000783
iter 204: upload_copy_time_cuda = 0.000739
iter 204: per_iter_time_cuda = 0.212127

iter 205: slack_cuda = -0.010057
iter 205: cpu_time_cuda = 0.106692
iter 205: gpu_time_cuda = 0.116749
iter 205: download_copy_time_cuda = 0.000774
iter 205: upload_copy_time_cuda = 0.000763
iter 205: per_iter_time_cuda = 0.225519

iter 206: slack_cuda = -0.032567
iter 206: cpu_time_cuda = 0.084243
iter 206: gpu_time_cuda = 0.116810
iter 206: download_copy_time_cuda = 0.000776
iter 206: upload_copy_time_cuda = 0.000727
iter 206: per_iter_time_cuda = 0.203027

iter 207: slack_cuda = -0.028669
iter 207: cpu_time_cuda = 0.083581
iter 207: gpu_time_cuda = 0.112250
iter 207: download_copy_time_cuda = 0.000750
iter 207: upload_copy_time_cuda = 0.000720
iter 207: per_iter_time_cuda = 0.197767

iter 208: slack_cuda = -0.029735
iter 208: cpu_time_cuda = 0.083233
iter 208: gpu_time_cuda = 0.112968
iter 208: download_copy_time_cuda = 0.000756
iter 208: upload_copy_time_cuda = 0.000714
iter 208: per_iter_time_cuda = 0.198134

iter 209: slack_cuda = -0.036844
iter 209: cpu_time_cuda = 0.082021
iter 209: gpu_time_cuda = 0.118865
iter 209: download_copy_time_cuda = 0.000762
iter 209: upload_copy_time_cuda = 0.000714
iter 209: per_iter_time_cuda = 0.202832

iter 210: slack_cuda = -0.026816
iter 210: cpu_time_cuda = 0.081162
iter 210: gpu_time_cuda = 0.107978
iter 210: download_copy_time_cuda = 0.000742
iter 210: upload_copy_time_cuda = 0.000699
iter 210: per_iter_time_cuda = 0.191034

iter 211: slack_cuda = -0.023923
iter 211: cpu_time_cuda = 0.080410
iter 211: gpu_time_cuda = 0.104333
iter 211: download_copy_time_cuda = 0.000735
iter 211: upload_copy_time_cuda = 0.000694
iter 211: per_iter_time_cuda = 0.186610

iter 212: slack_cuda = -0.024561
iter 212: cpu_time_cuda = 0.079497
iter 212: gpu_time_cuda = 0.104058
iter 212: download_copy_time_cuda = 0.000744
iter 212: upload_copy_time_cuda = 0.000702
iter 212: per_iter_time_cuda = 0.185457

iter 213: slack_cuda = -0.022398
iter 213: cpu_time_cuda = 0.079046
iter 213: gpu_time_cuda = 0.101444
iter 213: download_copy_time_cuda = 0.000745
iter 213: upload_copy_time_cuda = 0.000684
iter 213: per_iter_time_cuda = 0.182366

iter 214: slack_cuda = -0.031065
iter 214: cpu_time_cuda = 0.078219
iter 214: gpu_time_cuda = 0.109284
iter 214: download_copy_time_cuda = 0.000726
iter 214: upload_copy_time_cuda = 0.000677
iter 214: per_iter_time_cuda = 0.189403

iter 215: slack_cuda = -0.028569
iter 215: cpu_time_cuda = 0.077633
iter 215: gpu_time_cuda = 0.106202
iter 215: download_copy_time_cuda = 0.000715
iter 215: upload_copy_time_cuda = 0.000670
iter 215: per_iter_time_cuda = 0.185682

iter 216: slack_cuda = -0.019844
iter 216: cpu_time_cuda = 0.077031
iter 216: gpu_time_cuda = 0.096875
iter 216: download_copy_time_cuda = 0.000710
iter 216: upload_copy_time_cuda = 0.000665
iter 216: per_iter_time_cuda = 0.175720

iter 217: slack_cuda = -0.017016
iter 217: cpu_time_cuda = 0.076226
iter 217: gpu_time_cuda = 0.093242
iter 217: download_copy_time_cuda = 0.000707
iter 217: upload_copy_time_cuda = 0.000662
iter 217: per_iter_time_cuda = 0.171292

iter 218: slack_cuda = -0.019705
iter 218: cpu_time_cuda = 0.075044
iter 218: gpu_time_cuda = 0.094749
iter 218: download_copy_time_cuda = 0.000699
iter 218: upload_copy_time_cuda = 0.000653
iter 218: per_iter_time_cuda = 0.171576

iter 219: slack_cuda = -0.020382
iter 219: cpu_time_cuda = 0.074996
iter 219: gpu_time_cuda = 0.095377
iter 219: download_copy_time_cuda = 0.000679
iter 219: upload_copy_time_cuda = 0.000643
iter 219: per_iter_time_cuda = 0.172128

iter 220: slack_cuda = -0.017479
iter 220: cpu_time_cuda = 0.073562
iter 220: gpu_time_cuda = 0.091041
iter 220: download_copy_time_cuda = 0.000671
iter 220: upload_copy_time_cuda = 0.000639
iter 220: per_iter_time_cuda = 0.166353

iter 221: slack_cuda = -0.014527
iter 221: cpu_time_cuda = 0.073441
iter 221: gpu_time_cuda = 0.087968
iter 221: download_copy_time_cuda = 0.000704
iter 221: upload_copy_time_cuda = 0.000635
iter 221: per_iter_time_cuda = 0.163199

iter 222: slack_cuda = -0.013832
iter 222: cpu_time_cuda = 0.072304
iter 222: gpu_time_cuda = 0.086137
iter 222: download_copy_time_cuda = 0.000656
iter 222: upload_copy_time_cuda = 0.000626
iter 222: per_iter_time_cuda = 0.160146

iter 223: slack_cuda = -0.012244
iter 223: cpu_time_cuda = 0.071768
iter 223: gpu_time_cuda = 0.084012
iter 223: download_copy_time_cuda = 0.000645
iter 223: upload_copy_time_cuda = 0.000624
iter 223: per_iter_time_cuda = 0.157470

iter 224: slack_cuda = -0.020504
iter 224: cpu_time_cuda = 0.070816
iter 224: gpu_time_cuda = 0.091319
iter 224: download_copy_time_cuda = 0.000645
iter 224: upload_copy_time_cuda = 0.000613
iter 224: per_iter_time_cuda = 0.163802

iter 225: slack_cuda = -0.010002
iter 225: cpu_time_cuda = 0.070656
iter 225: gpu_time_cuda = 0.080658
iter 225: download_copy_time_cuda = 0.000636
iter 225: upload_copy_time_cuda = 0.000610
iter 225: per_iter_time_cuda = 0.152966

iter 226: slack_cuda = -0.011926
iter 226: cpu_time_cuda = 0.069780
iter 226: gpu_time_cuda = 0.081706
iter 226: download_copy_time_cuda = 0.000662
iter 226: upload_copy_time_cuda = 0.000603
iter 226: per_iter_time_cuda = 0.153175

iter 227: slack_cuda = -0.009207
iter 227: cpu_time_cuda = 0.068805
iter 227: gpu_time_cuda = 0.078012
iter 227: download_copy_time_cuda = 0.000618
iter 227: upload_copy_time_cuda = 0.000595
iter 227: per_iter_time_cuda = 0.148426

iter 228: slack_cuda = -0.008302
iter 228: cpu_time_cuda = 0.068424
iter 228: gpu_time_cuda = 0.076726
iter 228: download_copy_time_cuda = 0.000608
iter 228: upload_copy_time_cuda = 0.000590
iter 228: per_iter_time_cuda = 0.146750

iter 229: slack_cuda = -0.006180
iter 229: cpu_time_cuda = 0.067490
iter 229: gpu_time_cuda = 0.073670
iter 229: download_copy_time_cuda = 0.000598
iter 229: upload_copy_time_cuda = 0.000586
iter 229: per_iter_time_cuda = 0.142737

iter 230: slack_cuda = -0.007395
iter 230: cpu_time_cuda = 0.066374
iter 230: gpu_time_cuda = 0.073769
iter 230: download_copy_time_cuda = 0.000616
iter 230: upload_copy_time_cuda = 0.000579
iter 230: per_iter_time_cuda = 0.141732

iter 231: slack_cuda = -0.009855
iter 231: cpu_time_cuda = 0.066085
iter 231: gpu_time_cuda = 0.075940
iter 231: download_copy_time_cuda = 0.000592
iter 231: upload_copy_time_cuda = 0.000572
iter 231: per_iter_time_cuda = 0.143577

iter 232: slack_cuda = -0.006286
iter 232: cpu_time_cuda = 0.065440
iter 232: gpu_time_cuda = 0.071727
iter 232: download_copy_time_cuda = 0.000584
iter 232: upload_copy_time_cuda = 0.000563
iter 232: per_iter_time_cuda = 0.138695

iter 233: slack_cuda = -0.003921
iter 233: cpu_time_cuda = 0.064399
iter 233: gpu_time_cuda = 0.068320
iter 233: download_copy_time_cuda = 0.000580
iter 233: upload_copy_time_cuda = 0.000559
iter 233: per_iter_time_cuda = 0.134242

iter 234: slack_cuda = 0.024341
iter 234: cpu_time_cuda = 0.092603
iter 234: gpu_time_cuda = 0.068262
iter 234: download_copy_time_cuda = 0.000579
iter 234: upload_copy_time_cuda = 0.000586
iter 234: per_iter_time_cuda = 0.162455

iter 235: slack_cuda = 0.006531
iter 235: cpu_time_cuda = 0.072708
iter 235: gpu_time_cuda = 0.066177
iter 235: download_copy_time_cuda = 0.000589
iter 235: upload_copy_time_cuda = 0.000549
iter 235: per_iter_time_cuda = 0.140408

iter 236: slack_cuda = -0.004341
iter 236: cpu_time_cuda = 0.062087
iter 236: gpu_time_cuda = 0.066428
iter 236: download_copy_time_cuda = 0.000569
iter 236: upload_copy_time_cuda = 0.000542
iter 236: per_iter_time_cuda = 0.130007

iter 237: slack_cuda = -0.003787
iter 237: cpu_time_cuda = 0.061017
iter 237: gpu_time_cuda = 0.064804
iter 237: download_copy_time_cuda = 0.000550
iter 237: upload_copy_time_cuda = 0.000535
iter 237: per_iter_time_cuda = 0.127281

iter 238: slack_cuda = -0.002144
iter 238: cpu_time_cuda = 0.060287
iter 238: gpu_time_cuda = 0.062431
iter 238: download_copy_time_cuda = 0.000542
iter 238: upload_copy_time_cuda = 0.000528
iter 238: per_iter_time_cuda = 0.124164

iter 239: slack_cuda = -0.000030
iter 239: cpu_time_cuda = 0.059571
iter 239: gpu_time_cuda = 0.059602
iter 239: download_copy_time_cuda = 0.000534
iter 239: upload_copy_time_cuda = 0.000523
iter 239: per_iter_time_cuda = 0.120601

iter 240: slack_cuda = -0.001480
iter 240: cpu_time_cuda = 0.059360
iter 240: gpu_time_cuda = 0.060839
iter 240: download_copy_time_cuda = 0.000561
iter 240: upload_copy_time_cuda = 0.000516
iter 240: per_iter_time_cuda = 0.121636

iter 241: slack_cuda = -0.006924
iter 241: cpu_time_cuda = 0.058549
iter 241: gpu_time_cuda = 0.065473
iter 241: download_copy_time_cuda = 0.000522
iter 241: upload_copy_time_cuda = 0.000511
iter 241: per_iter_time_cuda = 0.125414

iter 242: slack_cuda = 0.001834
iter 242: cpu_time_cuda = 0.058528
iter 242: gpu_time_cuda = 0.056694
iter 242: download_copy_time_cuda = 0.000527
iter 242: upload_copy_time_cuda = 0.000504
iter 242: per_iter_time_cuda = 0.116605

iter 243: slack_cuda = 0.003446
iter 243: cpu_time_cuda = 0.057170
iter 243: gpu_time_cuda = 0.053724
iter 243: download_copy_time_cuda = 0.000510
iter 243: upload_copy_time_cuda = 0.000498
iter 243: per_iter_time_cuda = 0.112254

iter 244: slack_cuda = 0.003001
iter 244: cpu_time_cuda = 0.056518
iter 244: gpu_time_cuda = 0.053517
iter 244: download_copy_time_cuda = 0.000503
iter 244: upload_copy_time_cuda = 0.000492
iter 244: per_iter_time_cuda = 0.111373

iter 245: slack_cuda = 0.003983
iter 245: cpu_time_cuda = 0.055888
iter 245: gpu_time_cuda = 0.051905
iter 245: download_copy_time_cuda = 0.000536
iter 245: upload_copy_time_cuda = 0.000487
iter 245: per_iter_time_cuda = 0.109177

iter 246: slack_cuda = 0.000389
iter 246: cpu_time_cuda = 0.054836
iter 246: gpu_time_cuda = 0.054447
iter 246: download_copy_time_cuda = 0.000493
iter 246: upload_copy_time_cuda = 0.000480
iter 246: per_iter_time_cuda = 0.110606

iter 247: slack_cuda = 0.001289
iter 247: cpu_time_cuda = 0.054268
iter 247: gpu_time_cuda = 0.052979
iter 247: download_copy_time_cuda = 0.000476
iter 247: upload_copy_time_cuda = 0.000503
iter 247: per_iter_time_cuda = 0.108576

iter 248: slack_cuda = 0.004714
iter 248: cpu_time_cuda = 0.053468
iter 248: gpu_time_cuda = 0.048754
iter 248: download_copy_time_cuda = 0.000536
iter 248: upload_copy_time_cuda = 0.000466
iter 248: per_iter_time_cuda = 0.103568

iter 249: slack_cuda = 0.006567
iter 249: cpu_time_cuda = 0.052508
iter 249: gpu_time_cuda = 0.045941
iter 249: download_copy_time_cuda = 0.000481
iter 249: upload_copy_time_cuda = 0.000463
iter 249: per_iter_time_cuda = 0.099740

iter 250: slack_cuda = 0.004929
iter 250: cpu_time_cuda = 0.051903
iter 250: gpu_time_cuda = 0.046974
iter 250: download_copy_time_cuda = 0.000461
iter 250: upload_copy_time_cuda = 0.000454
iter 250: per_iter_time_cuda = 0.100135

iter 251: slack_cuda = 0.002823
iter 251: cpu_time_cuda = 0.051136
iter 251: gpu_time_cuda = 0.048313
iter 251: download_copy_time_cuda = 0.000464
iter 251: upload_copy_time_cuda = 0.000458
iter 251: per_iter_time_cuda = 0.100715

iter 252: slack_cuda = 0.005290
iter 252: cpu_time_cuda = 0.050333
iter 252: gpu_time_cuda = 0.045043
iter 252: download_copy_time_cuda = 0.000446
iter 252: upload_copy_time_cuda = 0.000442
iter 252: per_iter_time_cuda = 0.096598

iter 253: slack_cuda = 0.008007
iter 253: cpu_time_cuda = 0.049626
iter 253: gpu_time_cuda = 0.041619
iter 253: download_copy_time_cuda = 0.000449
iter 253: upload_copy_time_cuda = 0.000437
iter 253: per_iter_time_cuda = 0.092475

iter 254: slack_cuda = 0.007857
iter 254: cpu_time_cuda = 0.049000
iter 254: gpu_time_cuda = 0.041143
iter 254: download_copy_time_cuda = 0.000454
iter 254: upload_copy_time_cuda = 0.000433
iter 254: per_iter_time_cuda = 0.091367

iter 255: slack_cuda = 0.008974
iter 255: cpu_time_cuda = 0.048028
iter 255: gpu_time_cuda = 0.039054
iter 255: download_copy_time_cuda = 0.000431
iter 255: upload_copy_time_cuda = 0.000437
iter 255: per_iter_time_cuda = 0.088296

iter 256: slack_cuda = 0.005703
iter 256: cpu_time_cuda = 0.046867
iter 256: gpu_time_cuda = 0.041163
iter 256: download_copy_time_cuda = 0.000426
iter 256: upload_copy_time_cuda = 0.000418
iter 256: per_iter_time_cuda = 0.089221

iter 257: slack_cuda = 0.008045
iter 257: cpu_time_cuda = 0.046173
iter 257: gpu_time_cuda = 0.038129
iter 257: download_copy_time_cuda = 0.000416
iter 257: upload_copy_time_cuda = 0.000414
iter 257: per_iter_time_cuda = 0.085476

iter 258: slack_cuda = 0.008140
iter 258: cpu_time_cuda = 0.045627
iter 258: gpu_time_cuda = 0.037488
iter 258: download_copy_time_cuda = 0.000414
iter 258: upload_copy_time_cuda = 0.000406
iter 258: per_iter_time_cuda = 0.084272

iter 259: slack_cuda = 0.009523
iter 259: cpu_time_cuda = 0.044759
iter 259: gpu_time_cuda = 0.035236
iter 259: download_copy_time_cuda = 0.000410
iter 259: upload_copy_time_cuda = 0.000403
iter 259: per_iter_time_cuda = 0.081133

iter 260: slack_cuda = 0.009063
iter 260: cpu_time_cuda = 0.043892
iter 260: gpu_time_cuda = 0.034829
iter 260: download_copy_time_cuda = 0.000409
iter 260: upload_copy_time_cuda = 0.000395
iter 260: per_iter_time_cuda = 0.079851

iter 261: slack_cuda = 0.010259
iter 261: cpu_time_cuda = 0.043269
iter 261: gpu_time_cuda = 0.033010
iter 261: download_copy_time_cuda = 0.000396
iter 261: upload_copy_time_cuda = 0.000389
iter 261: per_iter_time_cuda = 0.077391

iter 262: slack_cuda = 0.007975
iter 262: cpu_time_cuda = 0.042459
iter 262: gpu_time_cuda = 0.034484
iter 262: download_copy_time_cuda = 0.000410
iter 262: upload_copy_time_cuda = 0.000400
iter 262: per_iter_time_cuda = 0.078079

iter 263: slack_cuda = 0.008000
iter 263: cpu_time_cuda = 0.041689
iter 263: gpu_time_cuda = 0.033689
iter 263: download_copy_time_cuda = 0.000385
iter 263: upload_copy_time_cuda = 0.000387
iter 263: per_iter_time_cuda = 0.076470

iter 264: slack_cuda = 0.008612
iter 264: cpu_time_cuda = 0.040837
iter 264: gpu_time_cuda = 0.032225
iter 264: download_copy_time_cuda = 0.000381
iter 264: upload_copy_time_cuda = 0.000383
iter 264: per_iter_time_cuda = 0.074144

iter 265: slack_cuda = 0.010146
iter 265: cpu_time_cuda = 0.040200
iter 265: gpu_time_cuda = 0.030054
iter 265: download_copy_time_cuda = 0.000385
iter 265: upload_copy_time_cuda = 0.000382
iter 265: per_iter_time_cuda = 0.071335

iter 266: slack_cuda = 0.009488
iter 266: cpu_time_cuda = 0.039512
iter 266: gpu_time_cuda = 0.030024
iter 266: download_copy_time_cuda = 0.000358
iter 266: upload_copy_time_cuda = 0.000381
iter 266: per_iter_time_cuda = 0.070586

iter 267: slack_cuda = 0.008604
iter 267: cpu_time_cuda = 0.038999
iter 267: gpu_time_cuda = 0.030395
iter 267: download_copy_time_cuda = 0.000355
iter 267: upload_copy_time_cuda = 0.000383
iter 267: per_iter_time_cuda = 0.070429

iter 268: slack_cuda = 0.010742
iter 268: cpu_time_cuda = 0.038140
iter 268: gpu_time_cuda = 0.027398
iter 268: download_copy_time_cuda = 0.000348
iter 268: upload_copy_time_cuda = 0.000377
iter 268: per_iter_time_cuda = 0.066547

iter 269: slack_cuda = 0.011790
iter 269: cpu_time_cuda = 0.037112
iter 269: gpu_time_cuda = 0.025322
iter 269: download_copy_time_cuda = 0.000349
iter 269: upload_copy_time_cuda = 0.000377
iter 269: per_iter_time_cuda = 0.063434

iter 270: slack_cuda = 0.011295
iter 270: cpu_time_cuda = 0.036452
iter 270: gpu_time_cuda = 0.025157
iter 270: download_copy_time_cuda = 0.000369
iter 270: upload_copy_time_cuda = 0.000383
iter 270: per_iter_time_cuda = 0.062651

iter 271: slack_cuda = 0.011888
iter 271: cpu_time_cuda = 0.035720
iter 271: gpu_time_cuda = 0.023832
iter 271: download_copy_time_cuda = 0.000332
iter 271: upload_copy_time_cuda = 0.000374
iter 271: per_iter_time_cuda = 0.060537

iter 272: slack_cuda = 0.010368
iter 272: cpu_time_cuda = 0.035146
iter 272: gpu_time_cuda = 0.024778
iter 272: download_copy_time_cuda = 0.000319
iter 272: upload_copy_time_cuda = 0.000377
iter 272: per_iter_time_cuda = 0.060889

iter 273: slack_cuda = 0.010703
iter 273: cpu_time_cuda = 0.034329
iter 273: gpu_time_cuda = 0.023626
iter 273: download_copy_time_cuda = 0.000313
iter 273: upload_copy_time_cuda = 0.000376
iter 273: per_iter_time_cuda = 0.058908

iter 274: slack_cuda = 0.011979
iter 274: cpu_time_cuda = 0.033791
iter 274: gpu_time_cuda = 0.021812
iter 274: download_copy_time_cuda = 0.000304
iter 274: upload_copy_time_cuda = 0.000378
iter 274: per_iter_time_cuda = 0.056560

iter 275: slack_cuda = 0.012839
iter 275: cpu_time_cuda = 0.032986
iter 275: gpu_time_cuda = 0.020148
iter 275: download_copy_time_cuda = 0.000291
iter 275: upload_copy_time_cuda = 0.000368
iter 275: per_iter_time_cuda = 0.054059

iter 276: slack_cuda = 0.011572
iter 276: cpu_time_cuda = 0.032140
iter 276: gpu_time_cuda = 0.020568
iter 276: download_copy_time_cuda = 0.000291
iter 276: upload_copy_time_cuda = 0.000372
iter 276: per_iter_time_cuda = 0.053631

iter 277: slack_cuda = 0.010716
iter 277: cpu_time_cuda = 0.031195
iter 277: gpu_time_cuda = 0.020479
iter 277: download_copy_time_cuda = 0.000289
iter 277: upload_copy_time_cuda = 0.000371
iter 277: per_iter_time_cuda = 0.052606

iter 278: slack_cuda = 0.011112
iter 278: cpu_time_cuda = 0.030438
iter 278: gpu_time_cuda = 0.019326
iter 278: download_copy_time_cuda = 0.000275
iter 278: upload_copy_time_cuda = 0.000371
iter 278: per_iter_time_cuda = 0.050666

iter 279: slack_cuda = 0.012415
iter 279: cpu_time_cuda = 0.029780
iter 279: gpu_time_cuda = 0.017365
iter 279: download_copy_time_cuda = 0.000271
iter 279: upload_copy_time_cuda = 0.000365
iter 279: per_iter_time_cuda = 0.048035

iter 280: slack_cuda = 0.012221
iter 280: cpu_time_cuda = 0.029086
iter 280: gpu_time_cuda = 0.016865
iter 280: download_copy_time_cuda = 0.000269
iter 280: upload_copy_time_cuda = 0.000363
iter 280: per_iter_time_cuda = 0.046832

iter 281: slack_cuda = 0.012895
iter 281: cpu_time_cuda = 0.028493
iter 281: gpu_time_cuda = 0.015598
iter 281: download_copy_time_cuda = 0.000258
iter 281: upload_copy_time_cuda = 0.000365
iter 281: per_iter_time_cuda = 0.044961

iter 282: slack_cuda = 0.011211
iter 282: cpu_time_cuda = 0.027716
iter 282: gpu_time_cuda = 0.016505
iter 282: download_copy_time_cuda = 0.000254
iter 282: upload_copy_time_cuda = 0.000362
iter 282: per_iter_time_cuda = 0.045087

iter 283: slack_cuda = 0.011513
iter 283: cpu_time_cuda = 0.027074
iter 283: gpu_time_cuda = 0.015562
iter 283: download_copy_time_cuda = 0.000254
iter 283: upload_copy_time_cuda = 0.000363
iter 283: per_iter_time_cuda = 0.043498

iter 284: slack_cuda = 0.012027
iter 284: cpu_time_cuda = 0.026327
iter 284: gpu_time_cuda = 0.014300
iter 284: download_copy_time_cuda = 0.000240
iter 284: upload_copy_time_cuda = 0.000363
iter 284: per_iter_time_cuda = 0.041472

iter 285: slack_cuda = 0.012532
iter 285: cpu_time_cuda = 0.025478
iter 285: gpu_time_cuda = 0.012946
iter 285: download_copy_time_cuda = 0.000236
iter 285: upload_copy_time_cuda = 0.000364
iter 285: per_iter_time_cuda = 0.039258

iter 286: slack_cuda = 0.011826
iter 286: cpu_time_cuda = 0.024777
iter 286: gpu_time_cuda = 0.012951
iter 286: download_copy_time_cuda = 0.000233
iter 286: upload_copy_time_cuda = 0.000356
iter 286: per_iter_time_cuda = 0.038550

iter 287: slack_cuda = 0.011332
iter 287: cpu_time_cuda = 0.024003
iter 287: gpu_time_cuda = 0.012671
iter 287: download_copy_time_cuda = 0.000222
iter 287: upload_copy_time_cuda = 0.000352
iter 287: per_iter_time_cuda = 0.037488

iter 288: slack_cuda = 0.011225
iter 288: cpu_time_cuda = 0.023300
iter 288: gpu_time_cuda = 0.012075
iter 288: download_copy_time_cuda = 0.000213
iter 288: upload_copy_time_cuda = 0.000351
iter 288: per_iter_time_cuda = 0.036169

iter 289: slack_cuda = 0.011504
iter 289: cpu_time_cuda = 0.022658
iter 289: gpu_time_cuda = 0.011154
iter 289: download_copy_time_cuda = 0.000214
iter 289: upload_copy_time_cuda = 0.000350
iter 289: per_iter_time_cuda = 0.034608

iter 290: slack_cuda = 0.011817
iter 290: cpu_time_cuda = 0.022438
iter 290: gpu_time_cuda = 0.010621
iter 290: download_copy_time_cuda = 0.000201
iter 290: upload_copy_time_cuda = 0.000351
iter 290: per_iter_time_cuda = 0.033835

iter 291: slack_cuda = 0.012400
iter 291: cpu_time_cuda = 0.022089
iter 291: gpu_time_cuda = 0.009688
iter 291: download_copy_time_cuda = 0.000192
iter 291: upload_copy_time_cuda = 0.000345
iter 291: per_iter_time_cuda = 0.032544

iter 292: slack_cuda = 0.010830
iter 292: cpu_time_cuda = 0.020526
iter 292: gpu_time_cuda = 0.009695
iter 292: download_copy_time_cuda = 0.000196
iter 292: upload_copy_time_cuda = 0.000355
iter 292: per_iter_time_cuda = 0.030986

iter 293: slack_cuda = 0.010967
iter 293: cpu_time_cuda = 0.019802
iter 293: gpu_time_cuda = 0.008836
iter 293: download_copy_time_cuda = 0.000192
iter 293: upload_copy_time_cuda = 0.000347
iter 293: per_iter_time_cuda = 0.029393

iter 294: slack_cuda = 0.010837
iter 294: cpu_time_cuda = 0.019477
iter 294: gpu_time_cuda = 0.008639
iter 294: download_copy_time_cuda = 0.000180
iter 294: upload_copy_time_cuda = 0.000350
iter 294: per_iter_time_cuda = 0.028859

iter 295: slack_cuda = 0.010688
iter 295: cpu_time_cuda = 0.018464
iter 295: gpu_time_cuda = 0.007776
iter 295: download_copy_time_cuda = 0.000178
iter 295: upload_copy_time_cuda = 0.000351
iter 295: per_iter_time_cuda = 0.026983

iter 296: slack_cuda = 0.010908
iter 296: cpu_time_cuda = 0.018266
iter 296: gpu_time_cuda = 0.007358
iter 296: download_copy_time_cuda = 0.000166
iter 296: upload_copy_time_cuda = 0.000343
iter 296: per_iter_time_cuda = 0.026339

iter 297: slack_cuda = 0.010519
iter 297: cpu_time_cuda = 0.017032
iter 297: gpu_time_cuda = 0.006513
iter 297: download_copy_time_cuda = 0.000161
iter 297: upload_copy_time_cuda = 0.000348
iter 297: per_iter_time_cuda = 0.024259

iter 298: slack_cuda = 0.009825
iter 298: cpu_time_cuda = 0.016163
iter 298: gpu_time_cuda = 0.006338
iter 298: download_copy_time_cuda = 0.000159
iter 298: upload_copy_time_cuda = 0.000350
iter 298: per_iter_time_cuda = 0.023214

iter 299: slack_cuda = 0.009523
iter 299: cpu_time_cuda = 0.015406
iter 299: gpu_time_cuda = 0.005882
iter 299: download_copy_time_cuda = 0.000151
iter 299: upload_copy_time_cuda = 0.000348
iter 299: per_iter_time_cuda = 0.021988

iter 300: slack_cuda = 0.008997
iter 300: cpu_time_cuda = 0.014564
iter 300: gpu_time_cuda = 0.005566
iter 300: download_copy_time_cuda = 0.000145
iter 300: upload_copy_time_cuda = 0.000338
iter 300: per_iter_time_cuda = 0.020816

iter 301: slack_cuda = 0.008983
iter 301: cpu_time_cuda = 0.013847
iter 301: gpu_time_cuda = 0.004863
iter 301: download_copy_time_cuda = 0.000140
iter 301: upload_copy_time_cuda = 0.000345
iter 301: per_iter_time_cuda = 0.019396

iter 302: slack_cuda = 0.008526
iter 302: cpu_time_cuda = 0.013120
iter 302: gpu_time_cuda = 0.004594
iter 302: download_copy_time_cuda = 0.000143
iter 302: upload_copy_time_cuda = 0.000341
iter 302: per_iter_time_cuda = 0.018394

iter 303: slack_cuda = 0.008454
iter 303: cpu_time_cuda = 0.012592
iter 303: gpu_time_cuda = 0.004138
iter 303: download_copy_time_cuda = 0.000129
iter 303: upload_copy_time_cuda = 0.000335
iter 303: per_iter_time_cuda = 0.017384

iter 304: slack_cuda = 0.007911
iter 304: cpu_time_cuda = 0.011805
iter 304: gpu_time_cuda = 0.003894
iter 304: download_copy_time_cuda = 0.000125
iter 304: upload_copy_time_cuda = 0.000340
iter 304: per_iter_time_cuda = 0.016351

iter 305: slack_cuda = 0.007574
iter 305: cpu_time_cuda = 0.011084
iter 305: gpu_time_cuda = 0.003510
iter 305: download_copy_time_cuda = 0.000124
iter 305: upload_copy_time_cuda = 0.000332
iter 305: per_iter_time_cuda = 0.015243

iter 306: slack_cuda = 0.007208
iter 306: cpu_time_cuda = 0.010459
iter 306: gpu_time_cuda = 0.003250
iter 306: download_copy_time_cuda = 0.000122
iter 306: upload_copy_time_cuda = 0.000334
iter 306: per_iter_time_cuda = 0.014346

iter 307: slack_cuda = 0.006979
iter 307: cpu_time_cuda = 0.009718
iter 307: gpu_time_cuda = 0.002739
iter 307: download_copy_time_cuda = 0.000119
iter 307: upload_copy_time_cuda = 0.000333
iter 307: per_iter_time_cuda = 0.013088

iter 308: slack_cuda = 0.006261
iter 308: cpu_time_cuda = 0.008958
iter 308: gpu_time_cuda = 0.002697
iter 308: download_copy_time_cuda = 0.000115
iter 308: upload_copy_time_cuda = 0.000335
iter 308: per_iter_time_cuda = 0.012284

iter 309: slack_cuda = 0.005846
iter 309: cpu_time_cuda = 0.008244
iter 309: gpu_time_cuda = 0.002398
iter 309: download_copy_time_cuda = 0.000103
iter 309: upload_copy_time_cuda = 0.000328
iter 309: per_iter_time_cuda = 0.011249

iter 310: slack_cuda = 0.005383
iter 310: cpu_time_cuda = 0.007506
iter 310: gpu_time_cuda = 0.002123
iter 310: download_copy_time_cuda = 0.000100
iter 310: upload_copy_time_cuda = 0.000332
iter 310: per_iter_time_cuda = 0.010238

iter 311: slack_cuda = 0.004901
iter 311: cpu_time_cuda = 0.006819
iter 311: gpu_time_cuda = 0.001918
iter 311: download_copy_time_cuda = 0.000104
iter 311: upload_copy_time_cuda = 0.000331
iter 311: per_iter_time_cuda = 0.009342

iter 312: slack_cuda = 0.004377
iter 312: cpu_time_cuda = 0.006142
iter 312: gpu_time_cuda = 0.001765
iter 312: download_copy_time_cuda = 0.000100
iter 312: upload_copy_time_cuda = 0.000331
iter 312: per_iter_time_cuda = 0.008505

iter 313: slack_cuda = 0.004176
iter 313: cpu_time_cuda = 0.005513
iter 313: gpu_time_cuda = 0.001337
iter 313: download_copy_time_cuda = 0.000099
iter 313: upload_copy_time_cuda = 0.000332
iter 313: per_iter_time_cuda = 0.007443

iter 314: slack_cuda = 0.003494
iter 314: cpu_time_cuda = 0.004752
iter 314: gpu_time_cuda = 0.001258
iter 314: download_copy_time_cuda = 0.000087
iter 314: upload_copy_time_cuda = 0.000329
iter 314: per_iter_time_cuda = 0.006586

iter 315: slack_cuda = 0.002905
iter 315: cpu_time_cuda = 0.004035
iter 315: gpu_time_cuda = 0.001130
iter 315: download_copy_time_cuda = 0.000084
iter 315: upload_copy_time_cuda = 0.000323
iter 315: per_iter_time_cuda = 0.005735

iter 316: slack_cuda = 0.002310
iter 316: cpu_time_cuda = 0.003300
iter 316: gpu_time_cuda = 0.000990
iter 316: download_copy_time_cuda = 0.000086
iter 316: upload_copy_time_cuda = 0.000327
iter 316: per_iter_time_cuda = 0.004862

iter 317: slack_cuda = 0.001656
iter 317: cpu_time_cuda = 0.002625
iter 317: gpu_time_cuda = 0.000969
iter 317: download_copy_time_cuda = 0.000081
iter 317: upload_copy_time_cuda = 0.000321
iter 317: per_iter_time_cuda = 0.004155

iter 318: slack_cuda = 0.001029
iter 318: cpu_time_cuda = 0.001954
iter 318: gpu_time_cuda = 0.000925
iter 318: download_copy_time_cuda = 0.000084
iter 318: upload_copy_time_cuda = 0.000320
iter 318: per_iter_time_cuda = 0.003430

iter 319: slack_cuda = 0.001147
iter 319: cpu_time_cuda = 0.001154
iter 319: gpu_time_cuda = 0.000007
iter 319: download_copy_time_cuda = 0.000076
iter 319: upload_copy_time_cuda = 0.000321
iter 319: per_iter_time_cuda = 0.001604

total_cpu_time_cuda = 37.964005
total_gpu_time_cuda = 92.955978
total_copy_time_cuda = 0.716805
main_loop_time_cuda = 131.852646
Normalized difference of predicted CPU runtime per iteration is: 0.000000%
Normalized difference of predicted GPU runtime per iteration is: 0.000000%
Normalized difference of predicted slack per iteration is: 0.000000%
20480 20480     ---   (  ---  )     43.03 ( 133.07)     ---   
total_time = 144.802569
122.08user 22.73system 2:26.41elapsed 98%CPU (0avgtext+0avgdata 3430596maxresident)k
0inputs+0outputs (0major+844153minor)pagefaults 0swaps
send out message: 22 3 log
