send out message: 24 37 /home/lchen/MAGMA/magma-1.5.0/results
send out message: 20 26 MAGMA_LU_GPUDVFS.total.pwr
MAGMA 1.5.0  compiled for CUDA capability >= 3.0
CUDA runtime 5000, driver 6050. MAGMA not compiled with OpenMP. 
device 0: Tesla K20c, 705.5 MHz clock, 4799.6 MB memory, capability 3.5
Usage: /home/lchen/MAGMA/magma-1.5.0/testing/testing_dgetrf [options] [-h|--help]

ngpu 1
    M     N   CPU GFlop/s (sec)   GPU GFlop/s (sec)   |PA-LU|/(N*|A|)
=========================================================================
init_time = 1.448521
iter 0: slack_cuda = 0.000000
iter 0: cpu_time_cuda = 0.000000
iter 0: gpu_time_cuda = 0.000000
iter 0: download_copy_time_cuda = 0.000000
iter 0: upload_copy_time_cuda = 0.000532
iter 0: per_iter_time_cuda = 0.000784

iter 1: slack_cuda = 0.074194
iter 1: cpu_time_cuda = 0.131492
iter 1: gpu_time_cuda = 0.057298
iter 1: download_copy_time_cuda = 0.000493
iter 1: upload_copy_time_cuda = 0.000503
iter 1: per_iter_time_cuda = 0.190076

iter 2: slack_cuda = 0.072694
iter 2: cpu_time_cuda = 0.129657
iter 2: gpu_time_cuda = 0.056964
iter 2: download_copy_time_cuda = 0.000465
iter 2: upload_copy_time_cuda = 0.000496
iter 2: per_iter_time_cuda = 0.187852

iter 3: slack_cuda = 0.072781
iter 3: cpu_time_cuda = 0.128086
iter 3: gpu_time_cuda = 0.055305
iter 3: download_copy_time_cuda = 0.000463
iter 3: upload_copy_time_cuda = 0.000499
iter 3: per_iter_time_cuda = 0.184620

iter 4: slack_cuda = 0.072318
iter 4: cpu_time_cuda = 0.126543
iter 4: gpu_time_cuda = 0.054225
iter 4: download_copy_time_cuda = 0.000456
iter 4: upload_copy_time_cuda = 0.000485
iter 4: per_iter_time_cuda = 0.181979

iter 5: slack_cuda = 0.072452
iter 5: cpu_time_cuda = 0.125087
iter 5: gpu_time_cuda = 0.052634
iter 5: download_copy_time_cuda = 0.000450
iter 5: upload_copy_time_cuda = 0.000477
iter 5: per_iter_time_cuda = 0.178915

iter 6: slack_cuda = 0.071989
iter 6: cpu_time_cuda = 0.123711
iter 6: gpu_time_cuda = 0.051722
iter 6: download_copy_time_cuda = 0.000447
iter 6: upload_copy_time_cuda = 0.000471
iter 6: per_iter_time_cuda = 0.176618

iter 7: slack_cuda = 0.071722
iter 7: cpu_time_cuda = 0.121603
iter 7: gpu_time_cuda = 0.049881
iter 7: download_copy_time_cuda = 0.000448
iter 7: upload_copy_time_cuda = 0.000465
iter 7: per_iter_time_cuda = 0.172657

iter 8: slack_cuda = 0.071142
iter 8: cpu_time_cuda = 0.119867
iter 8: gpu_time_cuda = 0.048725
iter 8: download_copy_time_cuda = 0.000435
iter 8: upload_copy_time_cuda = 0.000460
iter 8: per_iter_time_cuda = 0.169746

iter 9: slack_cuda = 0.071318
iter 9: cpu_time_cuda = 0.118081
iter 9: gpu_time_cuda = 0.046762
iter 9: download_copy_time_cuda = 0.000432
iter 9: upload_copy_time_cuda = 0.000501
iter 9: per_iter_time_cuda = 0.166046

iter 10: slack_cuda = 0.069680
iter 10: cpu_time_cuda = 0.116454
iter 10: gpu_time_cuda = 0.046775
iter 10: download_copy_time_cuda = 0.000430
iter 10: upload_copy_time_cuda = 0.000449
iter 10: per_iter_time_cuda = 0.164371

iter 11: slack_cuda = 0.070288
iter 11: cpu_time_cuda = 0.114861
iter 11: gpu_time_cuda = 0.044573
iter 11: download_copy_time_cuda = 0.000418
iter 11: upload_copy_time_cuda = 0.000441
iter 11: per_iter_time_cuda = 0.160557

iter 12: slack_cuda = 0.069437
iter 12: cpu_time_cuda = 0.113531
iter 12: gpu_time_cuda = 0.044094
iter 12: download_copy_time_cuda = 0.000418
iter 12: upload_copy_time_cuda = 0.000437
iter 12: per_iter_time_cuda = 0.158740

iter 13: slack_cuda = 0.069752
iter 13: cpu_time_cuda = 0.111787
iter 13: gpu_time_cuda = 0.042035
iter 13: download_copy_time_cuda = 0.000416
iter 13: upload_copy_time_cuda = 0.000435
iter 13: per_iter_time_cuda = 0.154932

iter 14: slack_cuda = 0.067796
iter 14: cpu_time_cuda = 0.109684
iter 14: gpu_time_cuda = 0.041888
iter 14: download_copy_time_cuda = 0.000402
iter 14: upload_copy_time_cuda = 0.000423
iter 14: per_iter_time_cuda = 0.152655

iter 15: slack_cuda = 0.067548
iter 15: cpu_time_cuda = 0.107727
iter 15: gpu_time_cuda = 0.040179
iter 15: download_copy_time_cuda = 0.000398
iter 15: upload_copy_time_cuda = 0.000418
iter 15: per_iter_time_cuda = 0.148981

iter 16: slack_cuda = 0.066144
iter 16: cpu_time_cuda = 0.105648
iter 16: gpu_time_cuda = 0.039504
iter 16: download_copy_time_cuda = 0.000388
iter 16: upload_copy_time_cuda = 0.000418
iter 16: per_iter_time_cuda = 0.146226

iter 17: slack_cuda = 0.066542
iter 17: cpu_time_cuda = 0.104026
iter 17: gpu_time_cuda = 0.037484
iter 17: download_copy_time_cuda = 0.000382
iter 17: upload_copy_time_cuda = 0.000406
iter 17: per_iter_time_cuda = 0.142562

iter 18: slack_cuda = 0.065100
iter 18: cpu_time_cuda = 0.102142
iter 18: gpu_time_cuda = 0.037042
iter 18: download_copy_time_cuda = 0.000382
iter 18: upload_copy_time_cuda = 0.000401
iter 18: per_iter_time_cuda = 0.140221

iter 19: slack_cuda = 0.065166
iter 19: cpu_time_cuda = 0.100663
iter 19: gpu_time_cuda = 0.035497
iter 19: download_copy_time_cuda = 0.000371
iter 19: upload_copy_time_cuda = 0.000394
iter 19: per_iter_time_cuda = 0.137187

iter 20: slack_cuda = 0.064053
iter 20: cpu_time_cuda = 0.098760
iter 20: gpu_time_cuda = 0.034707
iter 20: download_copy_time_cuda = 0.000367
iter 20: upload_copy_time_cuda = 0.000387
iter 20: per_iter_time_cuda = 0.134478

iter 21: slack_cuda = 0.063606
iter 21: cpu_time_cuda = 0.097051
iter 21: gpu_time_cuda = 0.033445
iter 21: download_copy_time_cuda = 0.000365
iter 21: upload_copy_time_cuda = 0.000381
iter 21: per_iter_time_cuda = 0.131496

iter 22: slack_cuda = 0.062808
iter 22: cpu_time_cuda = 0.095463
iter 22: gpu_time_cuda = 0.032654
iter 22: download_copy_time_cuda = 0.000364
iter 22: upload_copy_time_cuda = 0.000376
iter 22: per_iter_time_cuda = 0.129110

iter 23: slack_cuda = 0.061891
iter 23: cpu_time_cuda = 0.093745
iter 23: gpu_time_cuda = 0.031855
iter 23: download_copy_time_cuda = 0.000352
iter 23: upload_copy_time_cuda = 0.000370
iter 23: per_iter_time_cuda = 0.126575

iter 24: slack_cuda = 0.061080
iter 24: cpu_time_cuda = 0.092051
iter 24: gpu_time_cuda = 0.030971
iter 24: download_copy_time_cuda = 0.000351
iter 24: upload_copy_time_cuda = 0.000364
iter 24: per_iter_time_cuda = 0.123988

iter 25: slack_cuda = 0.060498
iter 25: cpu_time_cuda = 0.090491
iter 25: gpu_time_cuda = 0.029993
iter 25: download_copy_time_cuda = 0.000339
iter 25: upload_copy_time_cuda = 0.000360
iter 25: per_iter_time_cuda = 0.121436

iter 26: slack_cuda = 0.059900
iter 26: cpu_time_cuda = 0.088850
iter 26: gpu_time_cuda = 0.028951
iter 26: download_copy_time_cuda = 0.000337
iter 26: upload_copy_time_cuda = 0.000353
iter 26: per_iter_time_cuda = 0.118740

iter 27: slack_cuda = 0.059130
iter 27: cpu_time_cuda = 0.087206
iter 27: gpu_time_cuda = 0.028075
iter 27: download_copy_time_cuda = 0.000334
iter 27: upload_copy_time_cuda = 0.000347
iter 27: per_iter_time_cuda = 0.116186

iter 28: slack_cuda = 0.058303
iter 28: cpu_time_cuda = 0.085533
iter 28: gpu_time_cuda = 0.027230
iter 28: download_copy_time_cuda = 0.000320
iter 28: upload_copy_time_cuda = 0.000343
iter 28: per_iter_time_cuda = 0.113639

iter 29: slack_cuda = 0.058052
iter 29: cpu_time_cuda = 0.084075
iter 29: gpu_time_cuda = 0.026023
iter 29: download_copy_time_cuda = 0.000318
iter 29: upload_copy_time_cuda = 0.000339
iter 29: per_iter_time_cuda = 0.110969

iter 30: slack_cuda = 0.057051
iter 30: cpu_time_cuda = 0.082265
iter 30: gpu_time_cuda = 0.025215
iter 30: download_copy_time_cuda = 0.000321
iter 30: upload_copy_time_cuda = 0.000328
iter 30: per_iter_time_cuda = 0.108344

iter 31: slack_cuda = 0.056384
iter 31: cpu_time_cuda = 0.080431
iter 31: gpu_time_cuda = 0.024047
iter 31: download_copy_time_cuda = 0.000306
iter 31: upload_copy_time_cuda = 0.000321
iter 31: per_iter_time_cuda = 0.105319

iter 32: slack_cuda = 0.055353
iter 32: cpu_time_cuda = 0.078947
iter 32: gpu_time_cuda = 0.023594
iter 32: download_copy_time_cuda = 0.000299
iter 32: upload_copy_time_cuda = 0.000316
iter 32: per_iter_time_cuda = 0.103368

iter 33: slack_cuda = 0.054939
iter 33: cpu_time_cuda = 0.077236
iter 33: gpu_time_cuda = 0.022297
iter 33: download_copy_time_cuda = 0.000299
iter 33: upload_copy_time_cuda = 0.000309
iter 33: per_iter_time_cuda = 0.100352

iter 34: slack_cuda = 0.054110
iter 34: cpu_time_cuda = 0.075883
iter 34: gpu_time_cuda = 0.021773
iter 34: download_copy_time_cuda = 0.000287
iter 34: upload_copy_time_cuda = 0.000305
iter 34: per_iter_time_cuda = 0.098468

iter 35: slack_cuda = 0.053347
iter 35: cpu_time_cuda = 0.074027
iter 35: gpu_time_cuda = 0.020680
iter 35: download_copy_time_cuda = 0.000286
iter 35: upload_copy_time_cuda = 0.000301
iter 35: per_iter_time_cuda = 0.095506

iter 36: slack_cuda = 0.052464
iter 36: cpu_time_cuda = 0.072583
iter 36: gpu_time_cuda = 0.020118
iter 36: download_copy_time_cuda = 0.000285
iter 36: upload_copy_time_cuda = 0.000295
iter 36: per_iter_time_cuda = 0.093493

iter 37: slack_cuda = 0.050977
iter 37: cpu_time_cuda = 0.070126
iter 37: gpu_time_cuda = 0.019149
iter 37: download_copy_time_cuda = 0.000275
iter 37: upload_copy_time_cuda = 0.000288
iter 37: per_iter_time_cuda = 0.090052

iter 38: slack_cuda = 0.049844
iter 38: cpu_time_cuda = 0.068573
iter 38: gpu_time_cuda = 0.018729
iter 38: download_copy_time_cuda = 0.000271
iter 38: upload_copy_time_cuda = 0.000283
iter 38: per_iter_time_cuda = 0.088065

iter 39: slack_cuda = 0.049161
iter 39: cpu_time_cuda = 0.066757
iter 39: gpu_time_cuda = 0.017596
iter 39: download_copy_time_cuda = 0.000270
iter 39: upload_copy_time_cuda = 0.000277
iter 39: per_iter_time_cuda = 0.085107

iter 40: slack_cuda = 0.048101
iter 40: cpu_time_cuda = 0.065167
iter 40: gpu_time_cuda = 0.017065
iter 40: download_copy_time_cuda = 0.000256
iter 40: upload_copy_time_cuda = 0.000270
iter 40: per_iter_time_cuda = 0.082961

iter 41: slack_cuda = 0.047309
iter 41: cpu_time_cuda = 0.063609
iter 41: gpu_time_cuda = 0.016300
iter 41: download_copy_time_cuda = 0.000253
iter 41: upload_copy_time_cuda = 0.000267
iter 41: per_iter_time_cuda = 0.080633

iter 42: slack_cuda = 0.046443
iter 42: cpu_time_cuda = 0.061936
iter 42: gpu_time_cuda = 0.015493
iter 42: download_copy_time_cuda = 0.000254
iter 42: upload_copy_time_cuda = 0.000259
iter 42: per_iter_time_cuda = 0.078147

iter 43: slack_cuda = 0.045637
iter 43: cpu_time_cuda = 0.060441
iter 43: gpu_time_cuda = 0.014804
iter 43: download_copy_time_cuda = 0.000240
iter 43: upload_copy_time_cuda = 0.000253
iter 43: per_iter_time_cuda = 0.075940

iter 44: slack_cuda = 0.044550
iter 44: cpu_time_cuda = 0.058668
iter 44: gpu_time_cuda = 0.014119
iter 44: download_copy_time_cuda = 0.000239
iter 44: upload_copy_time_cuda = 0.000247
iter 44: per_iter_time_cuda = 0.073478

iter 45: slack_cuda = 0.043668
iter 45: cpu_time_cuda = 0.057043
iter 45: gpu_time_cuda = 0.013375
iter 45: download_copy_time_cuda = 0.000238
iter 45: upload_copy_time_cuda = 0.000242
iter 45: per_iter_time_cuda = 0.071096

iter 46: slack_cuda = 0.042643
iter 46: cpu_time_cuda = 0.055597
iter 46: gpu_time_cuda = 0.012954
iter 46: download_copy_time_cuda = 0.000224
iter 46: upload_copy_time_cuda = 0.000236
iter 46: per_iter_time_cuda = 0.069212

iter 47: slack_cuda = 0.041482
iter 47: cpu_time_cuda = 0.053741
iter 47: gpu_time_cuda = 0.012259
iter 47: download_copy_time_cuda = 0.000222
iter 47: upload_copy_time_cuda = 0.000229
iter 47: per_iter_time_cuda = 0.066651

iter 48: slack_cuda = 0.040465
iter 48: cpu_time_cuda = 0.052166
iter 48: gpu_time_cuda = 0.011702
iter 48: download_copy_time_cuda = 0.000219
iter 48: upload_copy_time_cuda = 0.000221
iter 48: per_iter_time_cuda = 0.064504

iter 49: slack_cuda = 0.039964
iter 49: cpu_time_cuda = 0.050945
iter 49: gpu_time_cuda = 0.010981
iter 49: download_copy_time_cuda = 0.000205
iter 49: upload_copy_time_cuda = 0.000216
iter 49: per_iter_time_cuda = 0.062549

iter 50: slack_cuda = 0.038502
iter 50: cpu_time_cuda = 0.048959
iter 50: gpu_time_cuda = 0.010457
iter 50: download_copy_time_cuda = 0.000204
iter 50: upload_copy_time_cuda = 0.000210
iter 50: per_iter_time_cuda = 0.060026

iter 51: slack_cuda = 0.037526
iter 51: cpu_time_cuda = 0.047401
iter 51: gpu_time_cuda = 0.009875
iter 51: download_copy_time_cuda = 0.000194
iter 51: upload_copy_time_cuda = 0.000204
iter 51: per_iter_time_cuda = 0.057867

iter 52: slack_cuda = 0.036263
iter 52: cpu_time_cuda = 0.045696
iter 52: gpu_time_cuda = 0.009433
iter 52: download_copy_time_cuda = 0.000190
iter 52: upload_copy_time_cuda = 0.000198
iter 52: per_iter_time_cuda = 0.055713

iter 53: slack_cuda = 0.035561
iter 53: cpu_time_cuda = 0.044178
iter 53: gpu_time_cuda = 0.008617
iter 53: download_copy_time_cuda = 0.000189
iter 53: upload_copy_time_cuda = 0.000193
iter 53: per_iter_time_cuda = 0.053380

iter 54: slack_cuda = 0.034162
iter 54: cpu_time_cuda = 0.042420
iter 54: gpu_time_cuda = 0.008257
iter 54: download_copy_time_cuda = 0.000187
iter 54: upload_copy_time_cuda = 0.000188
iter 54: per_iter_time_cuda = 0.051237

iter 55: slack_cuda = 0.033372
iter 55: cpu_time_cuda = 0.040966
iter 55: gpu_time_cuda = 0.007594
iter 55: download_copy_time_cuda = 0.000172
iter 55: upload_copy_time_cuda = 0.000182
iter 55: per_iter_time_cuda = 0.049096

iter 56: slack_cuda = 0.031846
iter 56: cpu_time_cuda = 0.039108
iter 56: gpu_time_cuda = 0.007262
iter 56: download_copy_time_cuda = 0.000173
iter 56: upload_copy_time_cuda = 0.000176
iter 56: per_iter_time_cuda = 0.046906

iter 57: slack_cuda = 0.031056
iter 57: cpu_time_cuda = 0.037563
iter 57: gpu_time_cuda = 0.006507
iter 57: download_copy_time_cuda = 0.000163
iter 57: upload_copy_time_cuda = 0.000170
iter 57: per_iter_time_cuda = 0.044586

iter 58: slack_cuda = 0.029299
iter 58: cpu_time_cuda = 0.035497
iter 58: gpu_time_cuda = 0.006198
iter 58: download_copy_time_cuda = 0.000158
iter 58: upload_copy_time_cuda = 0.000165
iter 58: per_iter_time_cuda = 0.042199

iter 59: slack_cuda = 0.027762
iter 59: cpu_time_cuda = 0.033652
iter 59: gpu_time_cuda = 0.005890
iter 59: download_copy_time_cuda = 0.000157
iter 59: upload_copy_time_cuda = 0.000161
iter 59: per_iter_time_cuda = 0.040044

iter 60: slack_cuda = 0.026536
iter 60: cpu_time_cuda = 0.031958
iter 60: gpu_time_cuda = 0.005422
iter 60: download_copy_time_cuda = 0.000148
iter 60: upload_copy_time_cuda = 0.000165
iter 60: per_iter_time_cuda = 0.037874

iter 61: slack_cuda = 0.025529
iter 61: cpu_time_cuda = 0.030359
iter 61: gpu_time_cuda = 0.004830
iter 61: download_copy_time_cuda = 0.000143
iter 61: upload_copy_time_cuda = 0.000158
iter 61: per_iter_time_cuda = 0.035667

iter 62: slack_cuda = 0.024311
iter 62: cpu_time_cuda = 0.028847
iter 62: gpu_time_cuda = 0.004536
iter 62: download_copy_time_cuda = 0.000142
iter 62: upload_copy_time_cuda = 0.000162
iter 62: per_iter_time_cuda = 0.033866

iter 63: slack_cuda = 0.022993
iter 63: cpu_time_cuda = 0.027014
iter 63: gpu_time_cuda = 0.004021
iter 63: download_copy_time_cuda = 0.000132
iter 63: upload_copy_time_cuda = 0.000162
iter 63: per_iter_time_cuda = 0.031509

iter 64: slack_cuda = 0.021735
iter 64: cpu_time_cuda = 0.025437
iter 64: gpu_time_cuda = 0.003703
iter 64: download_copy_time_cuda = 0.000125
iter 64: upload_copy_time_cuda = 0.000151
iter 64: per_iter_time_cuda = 0.029597

iter 65: slack_cuda = 0.020596
iter 65: cpu_time_cuda = 0.023990
iter 65: gpu_time_cuda = 0.003394
iter 65: download_copy_time_cuda = 0.000124
iter 65: upload_copy_time_cuda = 0.000154
iter 65: per_iter_time_cuda = 0.027839

iter 66: slack_cuda = 0.019371
iter 66: cpu_time_cuda = 0.022493
iter 66: gpu_time_cuda = 0.003122
iter 66: download_copy_time_cuda = 0.000113
iter 66: upload_copy_time_cuda = 0.000154
iter 66: per_iter_time_cuda = 0.026068

iter 67: slack_cuda = 0.018371
iter 67: cpu_time_cuda = 0.020991
iter 67: gpu_time_cuda = 0.002620
iter 67: download_copy_time_cuda = 0.000109
iter 67: upload_copy_time_cuda = 0.000153
iter 67: per_iter_time_cuda = 0.024052

iter 68: slack_cuda = 0.016896
iter 68: cpu_time_cuda = 0.019501
iter 68: gpu_time_cuda = 0.002606
iter 68: download_copy_time_cuda = 0.000109
iter 68: upload_copy_time_cuda = 0.000156
iter 68: per_iter_time_cuda = 0.022551

iter 69: slack_cuda = 0.015872
iter 69: cpu_time_cuda = 0.018310
iter 69: gpu_time_cuda = 0.002437
iter 69: download_copy_time_cuda = 0.000098
iter 69: upload_copy_time_cuda = 0.000166
iter 69: per_iter_time_cuda = 0.021188

iter 70: slack_cuda = 0.014563
iter 70: cpu_time_cuda = 0.016450
iter 70: gpu_time_cuda = 0.001887
iter 70: download_copy_time_cuda = 0.000095
iter 70: upload_copy_time_cuda = 0.000159
iter 70: per_iter_time_cuda = 0.018769

iter 71: slack_cuda = 0.012986
iter 71: cpu_time_cuda = 0.014866
iter 71: gpu_time_cuda = 0.001880
iter 71: download_copy_time_cuda = 0.000094
iter 71: upload_copy_time_cuda = 0.000159
iter 71: per_iter_time_cuda = 0.017173

iter 72: slack_cuda = 0.011532
iter 72: cpu_time_cuda = 0.013256
iter 72: gpu_time_cuda = 0.001724
iter 72: download_copy_time_cuda = 0.000082
iter 72: upload_copy_time_cuda = 0.000155
iter 72: per_iter_time_cuda = 0.015392

iter 73: slack_cuda = 0.010519
iter 73: cpu_time_cuda = 0.011762
iter 73: gpu_time_cuda = 0.001244
iter 73: download_copy_time_cuda = 0.000078
iter 73: upload_copy_time_cuda = 0.000154
iter 73: per_iter_time_cuda = 0.013415

iter 74: slack_cuda = 0.009071
iter 74: cpu_time_cuda = 0.010257
iter 74: gpu_time_cuda = 0.001186
iter 74: download_copy_time_cuda = 0.000076
iter 74: upload_copy_time_cuda = 0.000156
iter 74: per_iter_time_cuda = 0.011844

iter 75: slack_cuda = 0.007795
iter 75: cpu_time_cuda = 0.008789
iter 75: gpu_time_cuda = 0.000994
iter 75: download_copy_time_cuda = 0.000072
iter 75: upload_copy_time_cuda = 0.000147
iter 75: per_iter_time_cuda = 0.010175

iter 76: slack_cuda = 0.006331
iter 76: cpu_time_cuda = 0.007199
iter 76: gpu_time_cuda = 0.000868
iter 76: download_copy_time_cuda = 0.000071
iter 76: upload_copy_time_cuda = 0.000152
iter 76: per_iter_time_cuda = 0.008466

iter 77: slack_cuda = 0.004728
iter 77: cpu_time_cuda = 0.005611
iter 77: gpu_time_cuda = 0.000883
iter 77: download_copy_time_cuda = 0.000070
iter 77: upload_copy_time_cuda = 0.000147
iter 77: per_iter_time_cuda = 0.006879

iter 78: slack_cuda = 0.003194
iter 78: cpu_time_cuda = 0.004062
iter 78: gpu_time_cuda = 0.000868
iter 78: download_copy_time_cuda = 0.000061
iter 78: upload_copy_time_cuda = 0.000150
iter 78: per_iter_time_cuda = 0.005303

iter 79: slack_cuda = 0.002222
iter 79: cpu_time_cuda = 0.002235
iter 79: gpu_time_cuda = 0.000013
iter 79: download_copy_time_cuda = 0.000061
iter 79: upload_copy_time_cuda = 0.000146
iter 79: per_iter_time_cuda = 0.002521

total_cpu_time_cuda = 5.208847
total_gpu_time_cuda = 1.667069
total_copy_time_cuda = 0.043727
main_loop_time_cuda = 6.945930
Normalized difference of predicted CPU runtime per iteration is: 0.000000%
Normalized difference of predicted GPU runtime per iteration is: 0.000000%
Normalized difference of predicted slack per iteration is: 0.000000%
 5120  5120     ---   (  ---  )     12.12 (   7.38)     ---   
total_time = 9.043216
8.45user 1.02system 0:10.58elapsed 89%CPU (0avgtext+0avgdata 357796maxresident)k
3912inputs+0outputs (1major+71465minor)pagefaults 0swaps
send out message: 22 3 log
