send out message: 24 37 /home/lchen/MAGMA/magma-1.5.0/results
send out message: 20 26 MAGMA_LU_GPUDVFS.total.pwr
MAGMA 1.5.0  compiled for CUDA capability >= 3.0
CUDA runtime 5000, driver 6050. MAGMA not compiled with OpenMP. 
device 0: Tesla K20c, 705.5 MHz clock, 4799.6 MB memory, capability 3.5
Usage: /home/lchen/MAGMA/magma-1.5.0/testing/testing_dgetrf [options] [-h|--help]

ngpu 1
    M     N   CPU GFlop/s (sec)   GPU GFlop/s (sec)   |PA-LU|/(N*|A|)
=========================================================================
init_time = 5.844815
iter 0: slack_cuda = 0.000000
iter 0: cpu_time_cuda = 0.000000
iter 0: gpu_time_cuda = 0.000000
iter 0: download_copy_time_cuda = 0.000000
iter 0: upload_copy_time_cuda = 0.001007
iter 0: per_iter_time_cuda = 0.001514

iter 1: slack_cuda = 0.046915
iter 1: cpu_time_cuda = 0.268152
iter 1: gpu_time_cuda = 0.221237
iter 1: download_copy_time_cuda = 0.000933
iter 1: upload_copy_time_cuda = 0.000985
iter 1: per_iter_time_cuda = 0.491777

iter 2: slack_cuda = 0.045794
iter 2: cpu_time_cuda = 0.265918
iter 2: gpu_time_cuda = 0.220124
iter 2: download_copy_time_cuda = 0.000915
iter 2: upload_copy_time_cuda = 0.000982
iter 2: per_iter_time_cuda = 0.488401

iter 3: slack_cuda = 0.049184
iter 3: cpu_time_cuda = 0.264651
iter 3: gpu_time_cuda = 0.215466
iter 3: download_copy_time_cuda = 0.000909
iter 3: upload_copy_time_cuda = 0.000969
iter 3: per_iter_time_cuda = 0.482422

iter 4: slack_cuda = 0.052728
iter 4: cpu_time_cuda = 0.265398
iter 4: gpu_time_cuda = 0.212670
iter 4: download_copy_time_cuda = 0.000915
iter 4: upload_copy_time_cuda = 0.000974
iter 4: per_iter_time_cuda = 0.480402

iter 5: slack_cuda = 0.052508
iter 5: cpu_time_cuda = 0.263767
iter 5: gpu_time_cuda = 0.211259
iter 5: download_copy_time_cuda = 0.000900
iter 5: upload_copy_time_cuda = 0.000952
iter 5: per_iter_time_cuda = 0.477309

iter 6: slack_cuda = 0.053734
iter 6: cpu_time_cuda = 0.262161
iter 6: gpu_time_cuda = 0.208427
iter 6: download_copy_time_cuda = 0.000882
iter 6: upload_copy_time_cuda = 0.000960
iter 6: per_iter_time_cuda = 0.472869

iter 7: slack_cuda = 0.057092
iter 7: cpu_time_cuda = 0.260334
iter 7: gpu_time_cuda = 0.203242
iter 7: download_copy_time_cuda = 0.000886
iter 7: upload_copy_time_cuda = 0.000947
iter 7: per_iter_time_cuda = 0.465834

iter 8: slack_cuda = 0.055567
iter 8: cpu_time_cuda = 0.258557
iter 8: gpu_time_cuda = 0.202990
iter 8: download_copy_time_cuda = 0.000882
iter 8: upload_copy_time_cuda = 0.000948
iter 8: per_iter_time_cuda = 0.463813

iter 9: slack_cuda = 0.060513
iter 9: cpu_time_cuda = 0.259268
iter 9: gpu_time_cuda = 0.198754
iter 9: download_copy_time_cuda = 0.000870
iter 9: upload_copy_time_cuda = 0.000937
iter 9: per_iter_time_cuda = 0.460268

iter 10: slack_cuda = 0.057218
iter 10: cpu_time_cuda = 0.254607
iter 10: gpu_time_cuda = 0.197389
iter 10: download_copy_time_cuda = 0.000871
iter 10: upload_copy_time_cuda = 0.000939
iter 10: per_iter_time_cuda = 0.454235

iter 11: slack_cuda = 0.058472
iter 11: cpu_time_cuda = 0.253011
iter 11: gpu_time_cuda = 0.194538
iter 11: download_copy_time_cuda = 0.000858
iter 11: upload_copy_time_cuda = 0.000930
iter 11: per_iter_time_cuda = 0.449743

iter 12: slack_cuda = 0.060112
iter 12: cpu_time_cuda = 0.251257
iter 12: gpu_time_cuda = 0.191145
iter 12: download_copy_time_cuda = 0.000852
iter 12: upload_copy_time_cuda = 0.000914
iter 12: per_iter_time_cuda = 0.444591

iter 13: slack_cuda = 0.063686
iter 13: cpu_time_cuda = 0.249590
iter 13: gpu_time_cuda = 0.185904
iter 13: download_copy_time_cuda = 0.000851
iter 13: upload_copy_time_cuda = 0.000914
iter 13: per_iter_time_cuda = 0.437683

iter 14: slack_cuda = 0.060009
iter 14: cpu_time_cuda = 0.247904
iter 14: gpu_time_cuda = 0.187895
iter 14: download_copy_time_cuda = 0.000839
iter 14: upload_copy_time_cuda = 0.000907
iter 14: per_iter_time_cuda = 0.437968

iter 15: slack_cuda = 0.062797
iter 15: cpu_time_cuda = 0.246397
iter 15: gpu_time_cuda = 0.183600
iter 15: download_copy_time_cuda = 0.000835
iter 15: upload_copy_time_cuda = 0.000918
iter 15: per_iter_time_cuda = 0.432161

iter 16: slack_cuda = 0.062176
iter 16: cpu_time_cuda = 0.244556
iter 16: gpu_time_cuda = 0.182380
iter 16: download_copy_time_cuda = 0.000835
iter 16: upload_copy_time_cuda = 0.000895
iter 16: per_iter_time_cuda = 0.429075

iter 17: slack_cuda = 0.063400
iter 17: cpu_time_cuda = 0.242774
iter 17: gpu_time_cuda = 0.179373
iter 17: download_copy_time_cuda = 0.000822
iter 17: upload_copy_time_cuda = 0.000891
iter 17: per_iter_time_cuda = 0.424261

iter 18: slack_cuda = 0.061786
iter 18: cpu_time_cuda = 0.241188
iter 18: gpu_time_cuda = 0.179403
iter 18: download_copy_time_cuda = 0.000817
iter 18: upload_copy_time_cuda = 0.000889
iter 18: per_iter_time_cuda = 0.422706

iter 19: slack_cuda = 0.066265
iter 19: cpu_time_cuda = 0.239528
iter 19: gpu_time_cuda = 0.173264
iter 19: download_copy_time_cuda = 0.000817
iter 19: upload_copy_time_cuda = 0.000880
iter 19: per_iter_time_cuda = 0.414900

iter 20: slack_cuda = 0.064051
iter 20: cpu_time_cuda = 0.238046
iter 20: gpu_time_cuda = 0.173995
iter 20: download_copy_time_cuda = 0.000821
iter 20: upload_copy_time_cuda = 0.000874
iter 20: per_iter_time_cuda = 0.414131

iter 21: slack_cuda = 0.067024
iter 21: cpu_time_cuda = 0.236410
iter 21: gpu_time_cuda = 0.169386
iter 21: download_copy_time_cuda = 0.000801
iter 21: upload_copy_time_cuda = 0.000953
iter 21: per_iter_time_cuda = 0.408117

iter 22: slack_cuda = 0.066563
iter 22: cpu_time_cuda = 0.234683
iter 22: gpu_time_cuda = 0.168120
iter 22: download_copy_time_cuda = 0.000804
iter 22: upload_copy_time_cuda = 0.000859
iter 22: per_iter_time_cuda = 0.404862

iter 23: slack_cuda = 0.066477
iter 23: cpu_time_cuda = 0.232848
iter 23: gpu_time_cuda = 0.166370
iter 23: download_copy_time_cuda = 0.000791
iter 23: upload_copy_time_cuda = 0.000849
iter 23: per_iter_time_cuda = 0.401263

iter 24: slack_cuda = 0.066404
iter 24: cpu_time_cuda = 0.230882
iter 24: gpu_time_cuda = 0.164477
iter 24: download_copy_time_cuda = 0.000785
iter 24: upload_copy_time_cuda = 0.000848
iter 24: per_iter_time_cuda = 0.397387

iter 25: slack_cuda = 0.067650
iter 25: cpu_time_cuda = 0.229311
iter 25: gpu_time_cuda = 0.161661
iter 25: download_copy_time_cuda = 0.000785
iter 25: upload_copy_time_cuda = 0.000848
iter 25: per_iter_time_cuda = 0.392987

iter 26: slack_cuda = 0.068349
iter 26: cpu_time_cuda = 0.227733
iter 26: gpu_time_cuda = 0.159384
iter 26: download_copy_time_cuda = 0.000774
iter 26: upload_copy_time_cuda = 0.000835
iter 26: per_iter_time_cuda = 0.389113

iter 27: slack_cuda = 0.069824
iter 27: cpu_time_cuda = 0.226135
iter 27: gpu_time_cuda = 0.156310
iter 27: download_copy_time_cuda = 0.000773
iter 27: upload_copy_time_cuda = 0.000824
iter 27: per_iter_time_cuda = 0.384436

iter 28: slack_cuda = 0.069786
iter 28: cpu_time_cuda = 0.224595
iter 28: gpu_time_cuda = 0.154809
iter 28: download_copy_time_cuda = 0.000769
iter 28: upload_copy_time_cuda = 0.000828
iter 28: per_iter_time_cuda = 0.381394

iter 29: slack_cuda = 0.069809
iter 29: cpu_time_cuda = 0.222779
iter 29: gpu_time_cuda = 0.152970
iter 29: download_copy_time_cuda = 0.000759
iter 29: upload_copy_time_cuda = 0.000819
iter 29: per_iter_time_cuda = 0.377716

iter 30: slack_cuda = 0.070489
iter 30: cpu_time_cuda = 0.220952
iter 30: gpu_time_cuda = 0.150464
iter 30: download_copy_time_cuda = 0.000754
iter 30: upload_copy_time_cuda = 0.000828
iter 30: per_iter_time_cuda = 0.373383

iter 31: slack_cuda = 0.072183
iter 31: cpu_time_cuda = 0.219059
iter 31: gpu_time_cuda = 0.146876
iter 31: download_copy_time_cuda = 0.000752
iter 31: upload_copy_time_cuda = 0.000807
iter 31: per_iter_time_cuda = 0.367877

iter 32: slack_cuda = 0.072170
iter 32: cpu_time_cuda = 0.217118
iter 32: gpu_time_cuda = 0.144948
iter 32: download_copy_time_cuda = 0.000737
iter 32: upload_copy_time_cuda = 0.000809
iter 32: per_iter_time_cuda = 0.363991

iter 33: slack_cuda = 0.072660
iter 33: cpu_time_cuda = 0.215277
iter 33: gpu_time_cuda = 0.142618
iter 33: download_copy_time_cuda = 0.000740
iter 33: upload_copy_time_cuda = 0.000800
iter 33: per_iter_time_cuda = 0.359826

iter 34: slack_cuda = 0.101488
iter 34: cpu_time_cuda = 0.243671
iter 34: gpu_time_cuda = 0.142183
iter 34: download_copy_time_cuda = 0.000736
iter 34: upload_copy_time_cuda = 0.021137
iter 34: per_iter_time_cuda = 0.425945

iter 35: slack_cuda = 0.074468
iter 35: cpu_time_cuda = 0.212705
iter 35: gpu_time_cuda = 0.138237
iter 35: download_copy_time_cuda = 0.000756
iter 35: upload_copy_time_cuda = 0.000784
iter 35: per_iter_time_cuda = 0.352868

iter 36: slack_cuda = 0.073034
iter 36: cpu_time_cuda = 0.210515
iter 36: gpu_time_cuda = 0.137480
iter 36: download_copy_time_cuda = 0.000722
iter 36: upload_copy_time_cuda = 0.000778
iter 36: per_iter_time_cuda = 0.349866

iter 37: slack_cuda = 0.075026
iter 37: cpu_time_cuda = 0.208937
iter 37: gpu_time_cuda = 0.133911
iter 37: download_copy_time_cuda = 0.000720
iter 37: upload_copy_time_cuda = 0.000784
iter 37: per_iter_time_cuda = 0.344731

iter 38: slack_cuda = 0.074527
iter 38: cpu_time_cuda = 0.207247
iter 38: gpu_time_cuda = 0.132720
iter 38: download_copy_time_cuda = 0.000705
iter 38: upload_copy_time_cuda = 0.000766
iter 38: per_iter_time_cuda = 0.341805

iter 39: slack_cuda = 0.075179
iter 39: cpu_time_cuda = 0.205432
iter 39: gpu_time_cuda = 0.130253
iter 39: download_copy_time_cuda = 0.000706
iter 39: upload_copy_time_cuda = 0.000764
iter 39: per_iter_time_cuda = 0.337531

iter 40: slack_cuda = 0.075434
iter 40: cpu_time_cuda = 0.203609
iter 40: gpu_time_cuda = 0.128175
iter 40: download_copy_time_cuda = 0.000706
iter 40: upload_copy_time_cuda = 0.000760
iter 40: per_iter_time_cuda = 0.333616

iter 41: slack_cuda = 0.077579
iter 41: cpu_time_cuda = 0.201994
iter 41: gpu_time_cuda = 0.124414
iter 41: download_copy_time_cuda = 0.000699
iter 41: upload_copy_time_cuda = 0.000747
iter 41: per_iter_time_cuda = 0.328226

iter 42: slack_cuda = 0.075908
iter 42: cpu_time_cuda = 0.200437
iter 42: gpu_time_cuda = 0.124529
iter 42: download_copy_time_cuda = 0.000692
iter 42: upload_copy_time_cuda = 0.000738
iter 42: per_iter_time_cuda = 0.326756

iter 43: slack_cuda = 0.077715
iter 43: cpu_time_cuda = 0.198863
iter 43: gpu_time_cuda = 0.121148
iter 43: download_copy_time_cuda = 0.000690
iter 43: upload_copy_time_cuda = 0.000741
iter 43: per_iter_time_cuda = 0.321806

iter 44: slack_cuda = 0.076041
iter 44: cpu_time_cuda = 0.197146
iter 44: gpu_time_cuda = 0.121105
iter 44: download_copy_time_cuda = 0.000678
iter 44: upload_copy_time_cuda = 0.000731
iter 44: per_iter_time_cuda = 0.320032

iter 45: slack_cuda = 0.077175
iter 45: cpu_time_cuda = 0.195449
iter 45: gpu_time_cuda = 0.118274
iter 45: download_copy_time_cuda = 0.000676
iter 45: upload_copy_time_cuda = 0.000725
iter 45: per_iter_time_cuda = 0.315488

iter 46: slack_cuda = 0.077267
iter 46: cpu_time_cuda = 0.193736
iter 46: gpu_time_cuda = 0.116470
iter 46: download_copy_time_cuda = 0.000674
iter 46: upload_copy_time_cuda = 0.000716
iter 46: per_iter_time_cuda = 0.311972

iter 47: slack_cuda = 0.077870
iter 47: cpu_time_cuda = 0.192103
iter 47: gpu_time_cuda = 0.114233
iter 47: download_copy_time_cuda = 0.000659
iter 47: upload_copy_time_cuda = 0.000718
iter 47: per_iter_time_cuda = 0.308078

iter 48: slack_cuda = 0.076160
iter 48: cpu_time_cuda = 0.190138
iter 48: gpu_time_cuda = 0.113979
iter 48: download_copy_time_cuda = 0.000658
iter 48: upload_copy_time_cuda = 0.000711
iter 48: per_iter_time_cuda = 0.305843

iter 49: slack_cuda = 0.078058
iter 49: cpu_time_cuda = 0.188535
iter 49: gpu_time_cuda = 0.110477
iter 49: download_copy_time_cuda = 0.000647
iter 49: upload_copy_time_cuda = 0.000708
iter 49: per_iter_time_cuda = 0.300778

iter 50: slack_cuda = 0.076606
iter 50: cpu_time_cuda = 0.186953
iter 50: gpu_time_cuda = 0.110346
iter 50: download_copy_time_cuda = 0.000643
iter 50: upload_copy_time_cuda = 0.000688
iter 50: per_iter_time_cuda = 0.298990

iter 51: slack_cuda = 0.077944
iter 51: cpu_time_cuda = 0.185302
iter 51: gpu_time_cuda = 0.107358
iter 51: download_copy_time_cuda = 0.000643
iter 51: upload_copy_time_cuda = 0.000683
iter 51: per_iter_time_cuda = 0.294337

iter 52: slack_cuda = 0.077018
iter 52: cpu_time_cuda = 0.183384
iter 52: gpu_time_cuda = 0.106366
iter 52: download_copy_time_cuda = 0.000631
iter 52: upload_copy_time_cuda = 0.000680
iter 52: per_iter_time_cuda = 0.291425

iter 53: slack_cuda = 0.078373
iter 53: cpu_time_cuda = 0.181411
iter 53: gpu_time_cuda = 0.103038
iter 53: download_copy_time_cuda = 0.000627
iter 53: upload_copy_time_cuda = 0.000680
iter 53: per_iter_time_cuda = 0.286105

iter 54: slack_cuda = 0.078644
iter 54: cpu_time_cuda = 0.179941
iter 54: gpu_time_cuda = 0.101297
iter 54: download_copy_time_cuda = 0.000626
iter 54: upload_copy_time_cuda = 0.000666
iter 54: per_iter_time_cuda = 0.282897

iter 55: slack_cuda = 0.078847
iter 55: cpu_time_cuda = 0.178025
iter 55: gpu_time_cuda = 0.099178
iter 55: download_copy_time_cuda = 0.000615
iter 55: upload_copy_time_cuda = 0.000662
iter 55: per_iter_time_cuda = 0.278821

iter 56: slack_cuda = 0.077220
iter 56: cpu_time_cuda = 0.176245
iter 56: gpu_time_cuda = 0.099026
iter 56: download_copy_time_cuda = 0.000610
iter 56: upload_copy_time_cuda = 0.000656
iter 56: per_iter_time_cuda = 0.276874

iter 57: slack_cuda = 0.077403
iter 57: cpu_time_cuda = 0.173062
iter 57: gpu_time_cuda = 0.095658
iter 57: download_copy_time_cuda = 0.000630
iter 57: upload_copy_time_cuda = 0.000658
iter 57: per_iter_time_cuda = 0.270374

iter 58: slack_cuda = 0.075690
iter 58: cpu_time_cuda = 0.171364
iter 58: gpu_time_cuda = 0.095674
iter 58: download_copy_time_cuda = 0.000608
iter 58: upload_copy_time_cuda = 0.000642
iter 58: per_iter_time_cuda = 0.268636

iter 59: slack_cuda = 0.076545
iter 59: cpu_time_cuda = 0.169614
iter 59: gpu_time_cuda = 0.093070
iter 59: download_copy_time_cuda = 0.000596
iter 59: upload_copy_time_cuda = 0.000651
iter 59: per_iter_time_cuda = 0.264272

iter 60: slack_cuda = 0.077781
iter 60: cpu_time_cuda = 0.168193
iter 60: gpu_time_cuda = 0.090412
iter 60: download_copy_time_cuda = 0.000596
iter 60: upload_copy_time_cuda = 0.000634
iter 60: per_iter_time_cuda = 0.260174

iter 61: slack_cuda = 0.077418
iter 61: cpu_time_cuda = 0.166234
iter 61: gpu_time_cuda = 0.088816
iter 61: download_copy_time_cuda = 0.000586
iter 61: upload_copy_time_cuda = 0.000628
iter 61: per_iter_time_cuda = 0.256605

iter 62: slack_cuda = 0.077772
iter 62: cpu_time_cuda = 0.164677
iter 62: gpu_time_cuda = 0.086905
iter 62: download_copy_time_cuda = 0.000582
iter 62: upload_copy_time_cuda = 0.000624
iter 62: per_iter_time_cuda = 0.253115

iter 63: slack_cuda = 0.077016
iter 63: cpu_time_cuda = 0.162987
iter 63: gpu_time_cuda = 0.085971
iter 63: download_copy_time_cuda = 0.000578
iter 63: upload_copy_time_cuda = 0.000618
iter 63: per_iter_time_cuda = 0.250479

iter 64: slack_cuda = 0.077501
iter 64: cpu_time_cuda = 0.161418
iter 64: gpu_time_cuda = 0.083917
iter 64: download_copy_time_cuda = 0.000565
iter 64: upload_copy_time_cuda = 0.000614
iter 64: per_iter_time_cuda = 0.246830

iter 65: slack_cuda = 0.076634
iter 65: cpu_time_cuda = 0.159269
iter 65: gpu_time_cuda = 0.082635
iter 65: download_copy_time_cuda = 0.000570
iter 65: upload_copy_time_cuda = 0.000603
iter 65: per_iter_time_cuda = 0.243394

iter 66: slack_cuda = 0.076810
iter 66: cpu_time_cuda = 0.157965
iter 66: gpu_time_cuda = 0.081156
iter 66: download_copy_time_cuda = 0.000563
iter 66: upload_copy_time_cuda = 0.000602
iter 66: per_iter_time_cuda = 0.240602

iter 67: slack_cuda = 0.122855
iter 67: cpu_time_cuda = 0.201792
iter 67: gpu_time_cuda = 0.078937
iter 67: download_copy_time_cuda = 0.000552
iter 67: upload_copy_time_cuda = 0.001443
iter 67: per_iter_time_cuda = 0.283811

iter 68: slack_cuda = 0.077665
iter 68: cpu_time_cuda = 0.154718
iter 68: gpu_time_cuda = 0.077053
iter 68: download_copy_time_cuda = 0.000552
iter 68: upload_copy_time_cuda = 0.000588
iter 68: per_iter_time_cuda = 0.233220

iter 69: slack_cuda = 0.078020
iter 69: cpu_time_cuda = 0.152742
iter 69: gpu_time_cuda = 0.074722
iter 69: download_copy_time_cuda = 0.000546
iter 69: upload_copy_time_cuda = 0.000576
iter 69: per_iter_time_cuda = 0.228891

iter 70: slack_cuda = 0.076368
iter 70: cpu_time_cuda = 0.151332
iter 70: gpu_time_cuda = 0.074964
iter 70: download_copy_time_cuda = 0.000533
iter 70: upload_copy_time_cuda = 0.000578
iter 70: per_iter_time_cuda = 0.227730

iter 71: slack_cuda = 0.077305
iter 71: cpu_time_cuda = 0.149460
iter 71: gpu_time_cuda = 0.072156
iter 71: download_copy_time_cuda = 0.000532
iter 71: upload_copy_time_cuda = 0.000576
iter 71: per_iter_time_cuda = 0.223050

iter 72: slack_cuda = 0.075149
iter 72: cpu_time_cuda = 0.147970
iter 72: gpu_time_cuda = 0.072821
iter 72: download_copy_time_cuda = 0.000530
iter 72: upload_copy_time_cuda = 0.000567
iter 72: per_iter_time_cuda = 0.222208

iter 73: slack_cuda = 0.076046
iter 73: cpu_time_cuda = 0.145922
iter 73: gpu_time_cuda = 0.069876
iter 73: download_copy_time_cuda = 0.000518
iter 73: upload_copy_time_cuda = 0.000564
iter 73: per_iter_time_cuda = 0.217192

iter 74: slack_cuda = 0.075555
iter 74: cpu_time_cuda = 0.143928
iter 74: gpu_time_cuda = 0.068373
iter 74: download_copy_time_cuda = 0.000515
iter 74: upload_copy_time_cuda = 0.000555
iter 74: per_iter_time_cuda = 0.213680

iter 75: slack_cuda = 0.075599
iter 75: cpu_time_cuda = 0.142345
iter 75: gpu_time_cuda = 0.066745
iter 75: download_copy_time_cuda = 0.000524
iter 75: upload_copy_time_cuda = 0.000552
iter 75: per_iter_time_cuda = 0.210477

iter 76: slack_cuda = 0.074979
iter 76: cpu_time_cuda = 0.140610
iter 76: gpu_time_cuda = 0.065631
iter 76: download_copy_time_cuda = 0.000502
iter 76: upload_copy_time_cuda = 0.000538
iter 76: per_iter_time_cuda = 0.207602

iter 77: slack_cuda = 0.075214
iter 77: cpu_time_cuda = 0.139305
iter 77: gpu_time_cuda = 0.064091
iter 77: download_copy_time_cuda = 0.000500
iter 77: upload_copy_time_cuda = 0.000535
iter 77: per_iter_time_cuda = 0.204757

iter 78: slack_cuda = 0.073791
iter 78: cpu_time_cuda = 0.137481
iter 78: gpu_time_cuda = 0.063690
iter 78: download_copy_time_cuda = 0.000498
iter 78: upload_copy_time_cuda = 0.000521
iter 78: per_iter_time_cuda = 0.202498

iter 79: slack_cuda = 0.074843
iter 79: cpu_time_cuda = 0.135893
iter 79: gpu_time_cuda = 0.061051
iter 79: download_copy_time_cuda = 0.000482
iter 79: upload_copy_time_cuda = 0.000519
iter 79: per_iter_time_cuda = 0.198249

iter 80: slack_cuda = 0.073513
iter 80: cpu_time_cuda = 0.133872
iter 80: gpu_time_cuda = 0.060359
iter 80: download_copy_time_cuda = 0.000479
iter 80: upload_copy_time_cuda = 0.000517
iter 80: per_iter_time_cuda = 0.195534

iter 81: slack_cuda = 0.073669
iter 81: cpu_time_cuda = 0.132204
iter 81: gpu_time_cuda = 0.058536
iter 81: download_copy_time_cuda = 0.000488
iter 81: upload_copy_time_cuda = 0.000509
iter 81: per_iter_time_cuda = 0.192046

iter 82: slack_cuda = 0.074234
iter 82: cpu_time_cuda = 0.131452
iter 82: gpu_time_cuda = 0.057219
iter 82: download_copy_time_cuda = 0.000467
iter 82: upload_copy_time_cuda = 0.000510
iter 82: per_iter_time_cuda = 0.189957

iter 83: slack_cuda = 0.073985
iter 83: cpu_time_cuda = 0.129686
iter 83: gpu_time_cuda = 0.055701
iter 83: download_copy_time_cuda = 0.000481
iter 83: upload_copy_time_cuda = 0.000503
iter 83: per_iter_time_cuda = 0.186694

iter 84: slack_cuda = 0.072913
iter 84: cpu_time_cuda = 0.128005
iter 84: gpu_time_cuda = 0.055092
iter 84: download_copy_time_cuda = 0.000460
iter 84: upload_copy_time_cuda = 0.000488
iter 84: per_iter_time_cuda = 0.184346

iter 85: slack_cuda = 0.074124
iter 85: cpu_time_cuda = 0.126399
iter 85: gpu_time_cuda = 0.052275
iter 85: download_copy_time_cuda = 0.000450
iter 85: upload_copy_time_cuda = 0.000481
iter 85: per_iter_time_cuda = 0.179894

iter 86: slack_cuda = 0.072629
iter 86: cpu_time_cuda = 0.124704
iter 86: gpu_time_cuda = 0.052075
iter 86: download_copy_time_cuda = 0.000448
iter 86: upload_copy_time_cuda = 0.000490
iter 86: per_iter_time_cuda = 0.178002

iter 87: slack_cuda = 0.072312
iter 87: cpu_time_cuda = 0.122955
iter 87: gpu_time_cuda = 0.050643
iter 87: download_copy_time_cuda = 0.000449
iter 87: upload_copy_time_cuda = 0.000474
iter 87: per_iter_time_cuda = 0.174803

iter 88: slack_cuda = 0.071305
iter 88: cpu_time_cuda = 0.121046
iter 88: gpu_time_cuda = 0.049741
iter 88: download_copy_time_cuda = 0.000434
iter 88: upload_copy_time_cuda = 0.000469
iter 88: per_iter_time_cuda = 0.171987

iter 89: slack_cuda = 0.071719
iter 89: cpu_time_cuda = 0.119370
iter 89: gpu_time_cuda = 0.047651
iter 89: download_copy_time_cuda = 0.000431
iter 89: upload_copy_time_cuda = 0.000461
iter 89: per_iter_time_cuda = 0.168199

iter 90: slack_cuda = 0.070998
iter 90: cpu_time_cuda = 0.117672
iter 90: gpu_time_cuda = 0.046673
iter 90: download_copy_time_cuda = 0.000432
iter 90: upload_copy_time_cuda = 0.000459
iter 90: per_iter_time_cuda = 0.165521

iter 91: slack_cuda = 0.070578
iter 91: cpu_time_cuda = 0.116080
iter 91: gpu_time_cuda = 0.045502
iter 91: download_copy_time_cuda = 0.000418
iter 91: upload_copy_time_cuda = 0.000453
iter 91: per_iter_time_cuda = 0.162743

iter 92: slack_cuda = 0.069939
iter 92: cpu_time_cuda = 0.114407
iter 92: gpu_time_cuda = 0.044468
iter 92: download_copy_time_cuda = 0.000419
iter 92: upload_copy_time_cuda = 0.000447
iter 92: per_iter_time_cuda = 0.160023

iter 93: slack_cuda = 0.112460
iter 93: cpu_time_cuda = 0.155498
iter 93: gpu_time_cuda = 0.043038
iter 93: download_copy_time_cuda = 0.000407
iter 93: upload_copy_time_cuda = 0.001385
iter 93: per_iter_time_cuda = 0.201334

iter 94: slack_cuda = 0.068731
iter 94: cpu_time_cuda = 0.110860
iter 94: gpu_time_cuda = 0.042130
iter 94: download_copy_time_cuda = 0.000407
iter 94: upload_copy_time_cuda = 0.000426
iter 94: per_iter_time_cuda = 0.154093

iter 95: slack_cuda = 0.069708
iter 95: cpu_time_cuda = 0.108919
iter 95: gpu_time_cuda = 0.039211
iter 95: download_copy_time_cuda = 0.000400
iter 95: upload_copy_time_cuda = 0.000421
iter 95: per_iter_time_cuda = 0.149226

iter 96: slack_cuda = 0.066027
iter 96: cpu_time_cuda = 0.106289
iter 96: gpu_time_cuda = 0.040262
iter 96: download_copy_time_cuda = 0.000396
iter 96: upload_copy_time_cuda = 0.000420
iter 96: per_iter_time_cuda = 0.147634

iter 97: slack_cuda = 0.066318
iter 97: cpu_time_cuda = 0.104427
iter 97: gpu_time_cuda = 0.038110
iter 97: download_copy_time_cuda = 0.000383
iter 97: upload_copy_time_cuda = 0.000407
iter 97: per_iter_time_cuda = 0.143596

iter 98: slack_cuda = 0.065539
iter 98: cpu_time_cuda = 0.102817
iter 98: gpu_time_cuda = 0.037278
iter 98: download_copy_time_cuda = 0.000383
iter 98: upload_copy_time_cuda = 0.000403
iter 98: per_iter_time_cuda = 0.141162

iter 99: slack_cuda = 0.065183
iter 99: cpu_time_cuda = 0.101157
iter 99: gpu_time_cuda = 0.035974
iter 99: download_copy_time_cuda = 0.000372
iter 99: upload_copy_time_cuda = 0.000405
iter 99: per_iter_time_cuda = 0.138171

iter 100: slack_cuda = 0.063649
iter 100: cpu_time_cuda = 0.099440
iter 100: gpu_time_cuda = 0.035791
iter 100: download_copy_time_cuda = 0.000367
iter 100: upload_copy_time_cuda = 0.000390
iter 100: per_iter_time_cuda = 0.136253

iter 101: slack_cuda = 0.063724
iter 101: cpu_time_cuda = 0.097769
iter 101: gpu_time_cuda = 0.034046
iter 101: download_copy_time_cuda = 0.000365
iter 101: upload_copy_time_cuda = 0.000384
iter 101: per_iter_time_cuda = 0.132826

iter 102: slack_cuda = 0.063140
iter 102: cpu_time_cuda = 0.096053
iter 102: gpu_time_cuda = 0.032914
iter 102: download_copy_time_cuda = 0.000358
iter 102: upload_copy_time_cuda = 0.000378
iter 102: per_iter_time_cuda = 0.129974

iter 103: slack_cuda = 0.062226
iter 103: cpu_time_cuda = 0.094346
iter 103: gpu_time_cuda = 0.032121
iter 103: download_copy_time_cuda = 0.000351
iter 103: upload_copy_time_cuda = 0.000372
iter 103: per_iter_time_cuda = 0.127457

iter 104: slack_cuda = 0.061291
iter 104: cpu_time_cuda = 0.092747
iter 104: gpu_time_cuda = 0.031456
iter 104: download_copy_time_cuda = 0.000351
iter 104: upload_copy_time_cuda = 0.000366
iter 104: per_iter_time_cuda = 0.125182

iter 105: slack_cuda = 0.060872
iter 105: cpu_time_cuda = 0.091099
iter 105: gpu_time_cuda = 0.030228
iter 105: download_copy_time_cuda = 0.000341
iter 105: upload_copy_time_cuda = 0.000362
iter 105: per_iter_time_cuda = 0.122287

iter 106: slack_cuda = 0.060222
iter 106: cpu_time_cuda = 0.089462
iter 106: gpu_time_cuda = 0.029239
iter 106: download_copy_time_cuda = 0.000336
iter 106: upload_copy_time_cuda = 0.000356
iter 106: per_iter_time_cuda = 0.119645

iter 107: slack_cuda = 0.059550
iter 107: cpu_time_cuda = 0.087803
iter 107: gpu_time_cuda = 0.028253
iter 107: download_copy_time_cuda = 0.000336
iter 107: upload_copy_time_cuda = 0.000348
iter 107: per_iter_time_cuda = 0.116965

iter 108: slack_cuda = 0.058797
iter 108: cpu_time_cuda = 0.086119
iter 108: gpu_time_cuda = 0.027323
iter 108: download_copy_time_cuda = 0.000324
iter 108: upload_copy_time_cuda = 0.000343
iter 108: per_iter_time_cuda = 0.114346

iter 109: slack_cuda = 0.058536
iter 109: cpu_time_cuda = 0.084426
iter 109: gpu_time_cuda = 0.025890
iter 109: download_copy_time_cuda = 0.000320
iter 109: upload_copy_time_cuda = 0.000339
iter 109: per_iter_time_cuda = 0.111211

iter 110: slack_cuda = 0.057419
iter 110: cpu_time_cuda = 0.082742
iter 110: gpu_time_cuda = 0.025323
iter 110: download_copy_time_cuda = 0.000322
iter 110: upload_copy_time_cuda = 0.000330
iter 110: per_iter_time_cuda = 0.108943

iter 111: slack_cuda = 0.056675
iter 111: cpu_time_cuda = 0.081034
iter 111: gpu_time_cuda = 0.024359
iter 111: download_copy_time_cuda = 0.000307
iter 111: upload_copy_time_cuda = 0.000322
iter 111: per_iter_time_cuda = 0.106237

iter 112: slack_cuda = 0.055809
iter 112: cpu_time_cuda = 0.079374
iter 112: gpu_time_cuda = 0.023565
iter 112: download_copy_time_cuda = 0.000300
iter 112: upload_copy_time_cuda = 0.000321
iter 112: per_iter_time_cuda = 0.103778

iter 113: slack_cuda = 0.055397
iter 113: cpu_time_cuda = 0.077748
iter 113: gpu_time_cuda = 0.022350
iter 113: download_copy_time_cuda = 0.000303
iter 113: upload_copy_time_cuda = 0.000312
iter 113: per_iter_time_cuda = 0.100925

iter 114: slack_cuda = 0.054271
iter 114: cpu_time_cuda = 0.076191
iter 114: gpu_time_cuda = 0.021919
iter 114: download_copy_time_cuda = 0.000287
iter 114: upload_copy_time_cuda = 0.000305
iter 114: per_iter_time_cuda = 0.098921

iter 115: slack_cuda = 0.053528
iter 115: cpu_time_cuda = 0.074556
iter 115: gpu_time_cuda = 0.021027
iter 115: download_copy_time_cuda = 0.000285
iter 115: upload_copy_time_cuda = 0.000301
iter 115: per_iter_time_cuda = 0.096384

iter 116: slack_cuda = 0.052336
iter 116: cpu_time_cuda = 0.072730
iter 116: gpu_time_cuda = 0.020394
iter 116: download_copy_time_cuda = 0.000286
iter 116: upload_copy_time_cuda = 0.000294
iter 116: per_iter_time_cuda = 0.093921

iter 117: slack_cuda = 0.051220
iter 117: cpu_time_cuda = 0.070645
iter 117: gpu_time_cuda = 0.019425
iter 117: download_copy_time_cuda = 0.000273
iter 117: upload_copy_time_cuda = 0.000290
iter 117: per_iter_time_cuda = 0.090846

iter 118: slack_cuda = 0.050251
iter 118: cpu_time_cuda = 0.069014
iter 118: gpu_time_cuda = 0.018763
iter 118: download_copy_time_cuda = 0.000270
iter 118: upload_copy_time_cuda = 0.000281
iter 118: per_iter_time_cuda = 0.088540

iter 119: slack_cuda = 0.049623
iter 119: cpu_time_cuda = 0.067266
iter 119: gpu_time_cuda = 0.017643
iter 119: download_copy_time_cuda = 0.000266
iter 119: upload_copy_time_cuda = 0.000276
iter 119: per_iter_time_cuda = 0.085682

iter 120: slack_cuda = 0.048196
iter 120: cpu_time_cuda = 0.065619
iter 120: gpu_time_cuda = 0.017422
iter 120: download_copy_time_cuda = 0.000256
iter 120: upload_copy_time_cuda = 0.000273
iter 120: per_iter_time_cuda = 0.083792

iter 121: slack_cuda = 0.047525
iter 121: cpu_time_cuda = 0.063943
iter 121: gpu_time_cuda = 0.016418
iter 121: download_copy_time_cuda = 0.000257
iter 121: upload_copy_time_cuda = 0.000264
iter 121: per_iter_time_cuda = 0.081094

iter 122: slack_cuda = 0.046657
iter 122: cpu_time_cuda = 0.062419
iter 122: gpu_time_cuda = 0.015762
iter 122: download_copy_time_cuda = 0.000253
iter 122: upload_copy_time_cuda = 0.000258
iter 122: per_iter_time_cuda = 0.078899

iter 123: slack_cuda = 0.045879
iter 123: cpu_time_cuda = 0.060785
iter 123: gpu_time_cuda = 0.014906
iter 123: download_copy_time_cuda = 0.000241
iter 123: upload_copy_time_cuda = 0.000253
iter 123: per_iter_time_cuda = 0.076395

iter 124: slack_cuda = 0.044768
iter 124: cpu_time_cuda = 0.059062
iter 124: gpu_time_cuda = 0.014294
iter 124: download_copy_time_cuda = 0.000240
iter 124: upload_copy_time_cuda = 0.000250
iter 124: per_iter_time_cuda = 0.074061

iter 125: slack_cuda = 0.044002
iter 125: cpu_time_cuda = 0.057455
iter 125: gpu_time_cuda = 0.013453
iter 125: download_copy_time_cuda = 0.000237
iter 125: upload_copy_time_cuda = 0.000240
iter 125: per_iter_time_cuda = 0.071594

iter 126: slack_cuda = 0.042696
iter 126: cpu_time_cuda = 0.055812
iter 126: gpu_time_cuda = 0.013116
iter 126: download_copy_time_cuda = 0.000225
iter 126: upload_copy_time_cuda = 0.000235
iter 126: per_iter_time_cuda = 0.069590

iter 127: slack_cuda = 0.041950
iter 127: cpu_time_cuda = 0.054110
iter 127: gpu_time_cuda = 0.012160
iter 127: download_copy_time_cuda = 0.000225
iter 127: upload_copy_time_cuda = 0.000228
iter 127: per_iter_time_cuda = 0.066927

iter 128: slack_cuda = 0.040702
iter 128: cpu_time_cuda = 0.052504
iter 128: gpu_time_cuda = 0.011802
iter 128: download_copy_time_cuda = 0.000218
iter 128: upload_copy_time_cuda = 0.000222
iter 128: per_iter_time_cuda = 0.064950

iter 129: slack_cuda = 0.039865
iter 129: cpu_time_cuda = 0.050882
iter 129: gpu_time_cuda = 0.011017
iter 129: download_copy_time_cuda = 0.000213
iter 129: upload_copy_time_cuda = 0.000216
iter 129: per_iter_time_cuda = 0.062540

iter 130: slack_cuda = 0.038641
iter 130: cpu_time_cuda = 0.049267
iter 130: gpu_time_cuda = 0.010626
iter 130: download_copy_time_cuda = 0.000206
iter 130: upload_copy_time_cuda = 0.000219
iter 130: per_iter_time_cuda = 0.060537

iter 131: slack_cuda = 0.037693
iter 131: cpu_time_cuda = 0.047684
iter 131: gpu_time_cuda = 0.009991
iter 131: download_copy_time_cuda = 0.000202
iter 131: upload_copy_time_cuda = 0.000216
iter 131: per_iter_time_cuda = 0.058300

iter 132: slack_cuda = 0.036363
iter 132: cpu_time_cuda = 0.045952
iter 132: gpu_time_cuda = 0.009589
iter 132: download_copy_time_cuda = 0.000190
iter 132: upload_copy_time_cuda = 0.000209
iter 132: per_iter_time_cuda = 0.056148

iter 133: slack_cuda = 0.035524
iter 133: cpu_time_cuda = 0.044308
iter 133: gpu_time_cuda = 0.008783
iter 133: download_copy_time_cuda = 0.000199
iter 133: upload_copy_time_cuda = 0.000212
iter 133: per_iter_time_cuda = 0.053700

iter 134: slack_cuda = 0.034378
iter 134: cpu_time_cuda = 0.042677
iter 134: gpu_time_cuda = 0.008299
iter 134: download_copy_time_cuda = 0.000179
iter 134: upload_copy_time_cuda = 0.000207
iter 134: per_iter_time_cuda = 0.051558

iter 135: slack_cuda = 0.033236
iter 135: cpu_time_cuda = 0.040982
iter 135: gpu_time_cuda = 0.007746
iter 135: download_copy_time_cuda = 0.000174
iter 135: upload_copy_time_cuda = 0.000208
iter 135: per_iter_time_cuda = 0.049311

iter 136: slack_cuda = 0.031935
iter 136: cpu_time_cuda = 0.039294
iter 136: gpu_time_cuda = 0.007359
iter 136: download_copy_time_cuda = 0.000172
iter 136: upload_copy_time_cuda = 0.000214
iter 136: per_iter_time_cuda = 0.047246

iter 137: slack_cuda = 0.031201
iter 137: cpu_time_cuda = 0.037713
iter 137: gpu_time_cuda = 0.006511
iter 137: download_copy_time_cuda = 0.000172
iter 137: upload_copy_time_cuda = 0.000210
iter 137: per_iter_time_cuda = 0.044818

iter 138: slack_cuda = 0.029392
iter 138: cpu_time_cuda = 0.035704
iter 138: gpu_time_cuda = 0.006312
iter 138: download_copy_time_cuda = 0.000158
iter 138: upload_copy_time_cuda = 0.000210
iter 138: per_iter_time_cuda = 0.042574

iter 139: slack_cuda = 0.027932
iter 139: cpu_time_cuda = 0.033838
iter 139: gpu_time_cuda = 0.005906
iter 139: download_copy_time_cuda = 0.000153
iter 139: upload_copy_time_cuda = 0.000209
iter 139: per_iter_time_cuda = 0.040295

iter 140: slack_cuda = 0.026715
iter 140: cpu_time_cuda = 0.032151
iter 140: gpu_time_cuda = 0.005436
iter 140: download_copy_time_cuda = 0.000155
iter 140: upload_copy_time_cuda = 0.000206
iter 140: per_iter_time_cuda = 0.038145

iter 141: slack_cuda = 0.025660
iter 141: cpu_time_cuda = 0.030516
iter 141: gpu_time_cuda = 0.004856
iter 141: download_copy_time_cuda = 0.000143
iter 141: upload_copy_time_cuda = 0.000211
iter 141: per_iter_time_cuda = 0.035924

iter 142: slack_cuda = 0.024348
iter 142: cpu_time_cuda = 0.028888
iter 142: gpu_time_cuda = 0.004540
iter 142: download_copy_time_cuda = 0.000140
iter 142: upload_copy_time_cuda = 0.000204
iter 142: per_iter_time_cuda = 0.033965

iter 143: slack_cuda = 0.023075
iter 143: cpu_time_cuda = 0.027170
iter 143: gpu_time_cuda = 0.004096
iter 143: download_copy_time_cuda = 0.000139
iter 143: upload_copy_time_cuda = 0.000204
iter 143: per_iter_time_cuda = 0.031796

iter 144: slack_cuda = 0.021694
iter 144: cpu_time_cuda = 0.025580
iter 144: gpu_time_cuda = 0.003886
iter 144: download_copy_time_cuda = 0.000123
iter 144: upload_copy_time_cuda = 0.000201
iter 144: per_iter_time_cuda = 0.029970

iter 145: slack_cuda = 0.020656
iter 145: cpu_time_cuda = 0.024080
iter 145: gpu_time_cuda = 0.003423
iter 145: download_copy_time_cuda = 0.000121
iter 145: upload_copy_time_cuda = 0.000203
iter 145: per_iter_time_cuda = 0.028009

iter 146: slack_cuda = 0.019409
iter 146: cpu_time_cuda = 0.022560
iter 146: gpu_time_cuda = 0.003151
iter 146: download_copy_time_cuda = 0.000121
iter 146: upload_copy_time_cuda = 0.000199
iter 146: per_iter_time_cuda = 0.026220

iter 147: slack_cuda = 0.018331
iter 147: cpu_time_cuda = 0.021034
iter 147: gpu_time_cuda = 0.002703
iter 147: download_copy_time_cuda = 0.000111
iter 147: upload_copy_time_cuda = 0.000204
iter 147: per_iter_time_cuda = 0.024236

iter 148: slack_cuda = 0.016808
iter 148: cpu_time_cuda = 0.019441
iter 148: gpu_time_cuda = 0.002633
iter 148: download_copy_time_cuda = 0.000109
iter 148: upload_copy_time_cuda = 0.000201
iter 148: per_iter_time_cuda = 0.022569

iter 149: slack_cuda = 0.015529
iter 149: cpu_time_cuda = 0.017946
iter 149: gpu_time_cuda = 0.002416
iter 149: download_copy_time_cuda = 0.000110
iter 149: upload_copy_time_cuda = 0.000203
iter 149: per_iter_time_cuda = 0.020851

iter 150: slack_cuda = 0.014339
iter 150: cpu_time_cuda = 0.016353
iter 150: gpu_time_cuda = 0.002014
iter 150: download_copy_time_cuda = 0.000099
iter 150: upload_copy_time_cuda = 0.000199
iter 150: per_iter_time_cuda = 0.018841

iter 151: slack_cuda = 0.012941
iter 151: cpu_time_cuda = 0.014784
iter 151: gpu_time_cuda = 0.001843
iter 151: download_copy_time_cuda = 0.000100
iter 151: upload_copy_time_cuda = 0.000202
iter 151: per_iter_time_cuda = 0.017105

iter 152: slack_cuda = 0.011534
iter 152: cpu_time_cuda = 0.013229
iter 152: gpu_time_cuda = 0.001695
iter 152: download_copy_time_cuda = 0.000096
iter 152: upload_copy_time_cuda = 0.000200
iter 152: per_iter_time_cuda = 0.015396

iter 153: slack_cuda = 0.010503
iter 153: cpu_time_cuda = 0.011757
iter 153: gpu_time_cuda = 0.001254
iter 153: download_copy_time_cuda = 0.000098
iter 153: upload_copy_time_cuda = 0.000194
iter 153: per_iter_time_cuda = 0.013476

iter 154: slack_cuda = 0.009049
iter 154: cpu_time_cuda = 0.010258
iter 154: gpu_time_cuda = 0.001209
iter 154: download_copy_time_cuda = 0.000085
iter 154: upload_copy_time_cuda = 0.000195
iter 154: per_iter_time_cuda = 0.011919

iter 155: slack_cuda = 0.007692
iter 155: cpu_time_cuda = 0.008753
iter 155: gpu_time_cuda = 0.001061
iter 155: download_copy_time_cuda = 0.000082
iter 155: upload_copy_time_cuda = 0.000189
iter 155: per_iter_time_cuda = 0.010260

iter 156: slack_cuda = 0.006260
iter 156: cpu_time_cuda = 0.007145
iter 156: gpu_time_cuda = 0.000885
iter 156: download_copy_time_cuda = 0.000083
iter 156: upload_copy_time_cuda = 0.000192
iter 156: per_iter_time_cuda = 0.008475

iter 157: slack_cuda = 0.004738
iter 157: cpu_time_cuda = 0.005621
iter 157: gpu_time_cuda = 0.000883
iter 157: download_copy_time_cuda = 0.000082
iter 157: upload_copy_time_cuda = 0.000197
iter 157: per_iter_time_cuda = 0.006953

iter 158: slack_cuda = 0.003193
iter 158: cpu_time_cuda = 0.004077
iter 158: gpu_time_cuda = 0.000884
iter 158: download_copy_time_cuda = 0.000073
iter 158: upload_copy_time_cuda = 0.000194
iter 158: per_iter_time_cuda = 0.005396

iter 159: slack_cuda = 0.002191
iter 159: cpu_time_cuda = 0.002204
iter 159: gpu_time_cuda = 0.000013
iter 159: download_copy_time_cuda = 0.000071
iter 159: upload_copy_time_cuda = 0.000189
iter 159: per_iter_time_cuda = 0.002558

total_cpu_time_cuda = 21.556849
total_gpu_time_cuda = 12.234283
total_copy_time_cuda = 0.184048
main_loop_time_cuda = 34.061810
Normalized difference of predicted CPU runtime per iteration is: 0.000000%
Normalized difference of predicted GPU runtime per iteration is: 0.000000%
Normalized difference of predicted slack per iteration is: 0.000000%
10240 10240     ---   (  ---  )     19.71 (  36.31)     ---   
total_time = 42.967339
38.82user 4.51system 0:44.29elapsed 97%CPU (0avgtext+0avgdata 972224maxresident)k
0inputs+0outputs (0major+225878minor)pagefaults 0swaps
send out message: 22 3 log
