send out message: 24 37 /home/lchen/MAGMA/magma-1.5.0/results
send out message: 20 26 MAGMA_LU_GPUDVFS.total.pwr
MAGMA 1.5.0  compiled for CUDA capability >= 3.0
CUDA runtime 5000, driver 6050. MAGMA not compiled with OpenMP. 
device 0: Tesla K20c, 705.5 MHz clock, 4799.6 MB memory, capability 3.5
Usage: /home/lchen/MAGMA/magma-1.5.0/testing/testing_dgetrf [options] [-h|--help]

ngpu 1
    M     N   CPU GFlop/s (sec)   GPU GFlop/s (sec)   |PA-LU|/(N*|A|)
=========================================================================
init_time = 23.236188
iter 0: slack_cuda = 0.000000
iter 0: cpu_time_cuda = 0.000000
iter 0: gpu_time_cuda = 0.000000
iter 0: download_copy_time_cuda = 0.000000
iter 0: upload_copy_time_cuda = 0.002242
iter 0: per_iter_time_cuda = 0.003341

iter 1: slack_cuda = -0.315576
iter 1: cpu_time_cuda = 0.538528
iter 1: gpu_time_cuda = 0.854104
iter 1: download_copy_time_cuda = 0.002409
iter 1: upload_copy_time_cuda = 0.002046
iter 1: per_iter_time_cuda = 1.398212

iter 2: slack_cuda = -0.315959
iter 2: cpu_time_cuda = 0.536670
iter 2: gpu_time_cuda = 0.852630
iter 2: download_copy_time_cuda = 0.001884
iter 2: upload_copy_time_cuda = 0.002043
iter 2: per_iter_time_cuda = 1.394349

iter 3: slack_cuda = -0.309559
iter 3: cpu_time_cuda = 0.535277
iter 3: gpu_time_cuda = 0.844836
iter 3: download_copy_time_cuda = 0.001886
iter 3: upload_copy_time_cuda = 0.002039
iter 3: per_iter_time_cuda = 1.385133

iter 4: slack_cuda = -0.308177
iter 4: cpu_time_cuda = 0.533380
iter 4: gpu_time_cuda = 0.841557
iter 4: download_copy_time_cuda = 0.001884
iter 4: upload_copy_time_cuda = 0.002025
iter 4: per_iter_time_cuda = 1.379912

iter 5: slack_cuda = -0.302396
iter 5: cpu_time_cuda = 0.532095
iter 5: gpu_time_cuda = 0.834491
iter 5: download_copy_time_cuda = 0.001876
iter 5: upload_copy_time_cuda = 0.002018
iter 5: per_iter_time_cuda = 1.371551

iter 6: slack_cuda = -0.300538
iter 6: cpu_time_cuda = 0.530536
iter 6: gpu_time_cuda = 0.831075
iter 6: download_copy_time_cuda = 0.001879
iter 6: upload_copy_time_cuda = 0.002020
iter 6: per_iter_time_cuda = 1.366614

iter 7: slack_cuda = -0.294715
iter 7: cpu_time_cuda = 0.529012
iter 7: gpu_time_cuda = 0.823726
iter 7: download_copy_time_cuda = 0.001872
iter 7: upload_copy_time_cuda = 0.002008
iter 7: per_iter_time_cuda = 1.357676

iter 8: slack_cuda = -0.297217
iter 8: cpu_time_cuda = 0.527386
iter 8: gpu_time_cuda = 0.824603
iter 8: download_copy_time_cuda = 0.001870
iter 8: upload_copy_time_cuda = 0.002013
iter 8: per_iter_time_cuda = 1.356972

iter 9: slack_cuda = -0.288088
iter 9: cpu_time_cuda = 0.525001
iter 9: gpu_time_cuda = 0.813089
iter 9: download_copy_time_cuda = 0.001856
iter 9: upload_copy_time_cuda = 0.002001
iter 9: per_iter_time_cuda = 1.343038

iter 10: slack_cuda = -0.287712
iter 10: cpu_time_cuda = 0.523536
iter 10: gpu_time_cuda = 0.811247
iter 10: download_copy_time_cuda = 0.001847
iter 10: upload_copy_time_cuda = 0.001994
iter 10: per_iter_time_cuda = 1.339708

iter 11: slack_cuda = -0.279139
iter 11: cpu_time_cuda = 0.522379
iter 11: gpu_time_cuda = 0.801518
iter 11: download_copy_time_cuda = 0.001834
iter 11: upload_copy_time_cuda = 0.001991
iter 11: per_iter_time_cuda = 1.328823

iter 12: slack_cuda = -0.278136
iter 12: cpu_time_cuda = 0.519818
iter 12: gpu_time_cuda = 0.797954
iter 12: download_copy_time_cuda = 0.001834
iter 12: upload_copy_time_cuda = 0.001979
iter 12: per_iter_time_cuda = 1.322661

iter 13: slack_cuda = -0.270407
iter 13: cpu_time_cuda = 0.518739
iter 13: gpu_time_cuda = 0.789145
iter 13: download_copy_time_cuda = 0.001831
iter 13: upload_copy_time_cuda = 0.001972
iter 13: per_iter_time_cuda = 1.312749

iter 14: slack_cuda = -0.274261
iter 14: cpu_time_cuda = 0.517379
iter 14: gpu_time_cuda = 0.791640
iter 14: download_copy_time_cuda = 0.001819
iter 14: upload_copy_time_cuda = 0.001970
iter 14: per_iter_time_cuda = 1.313900

iter 15: slack_cuda = -0.264654
iter 15: cpu_time_cuda = 0.515278
iter 15: gpu_time_cuda = 0.779932
iter 15: download_copy_time_cuda = 0.001828
iter 15: upload_copy_time_cuda = 0.001957
iter 15: per_iter_time_cuda = 1.300040

iter 16: slack_cuda = -0.267166
iter 16: cpu_time_cuda = 0.513474
iter 16: gpu_time_cuda = 0.780640
iter 16: download_copy_time_cuda = 0.001803
iter 16: upload_copy_time_cuda = 0.001961
iter 16: per_iter_time_cuda = 1.298949

iter 17: slack_cuda = -0.260336
iter 17: cpu_time_cuda = 0.512064
iter 17: gpu_time_cuda = 0.772400
iter 17: download_copy_time_cuda = 0.001809
iter 17: upload_copy_time_cuda = 0.001945
iter 17: per_iter_time_cuda = 1.289269

iter 18: slack_cuda = -0.257601
iter 18: cpu_time_cuda = 0.510180
iter 18: gpu_time_cuda = 0.767781
iter 18: download_copy_time_cuda = 0.001801
iter 18: upload_copy_time_cuda = 0.001935
iter 18: per_iter_time_cuda = 1.282760

iter 19: slack_cuda = -0.250586
iter 19: cpu_time_cuda = 0.508028
iter 19: gpu_time_cuda = 0.758614
iter 19: download_copy_time_cuda = 0.001783
iter 19: upload_copy_time_cuda = 0.001933
iter 19: per_iter_time_cuda = 1.271407

iter 20: slack_cuda = -0.255271
iter 20: cpu_time_cuda = 0.505824
iter 20: gpu_time_cuda = 0.761095
iter 20: download_copy_time_cuda = 0.001781
iter 20: upload_copy_time_cuda = 0.001927
iter 20: per_iter_time_cuda = 1.271689

iter 21: slack_cuda = -0.244652
iter 21: cpu_time_cuda = 0.504882
iter 21: gpu_time_cuda = 0.749535
iter 21: download_copy_time_cuda = 0.001785
iter 21: upload_copy_time_cuda = 0.001915
iter 21: per_iter_time_cuda = 1.259150

iter 22: slack_cuda = -0.246596
iter 22: cpu_time_cuda = 0.503142
iter 22: gpu_time_cuda = 0.749738
iter 22: download_copy_time_cuda = 0.001781
iter 22: upload_copy_time_cuda = 0.001914
iter 22: per_iter_time_cuda = 1.257626

iter 23: slack_cuda = -0.241516
iter 23: cpu_time_cuda = 0.501220
iter 23: gpu_time_cuda = 0.742736
iter 23: download_copy_time_cuda = 0.001773
iter 23: upload_copy_time_cuda = 0.001922
iter 23: per_iter_time_cuda = 1.248707

iter 24: slack_cuda = -0.238606
iter 24: cpu_time_cuda = 0.499342
iter 24: gpu_time_cuda = 0.737948
iter 24: download_copy_time_cuda = 0.001778
iter 24: upload_copy_time_cuda = 0.001904
iter 24: per_iter_time_cuda = 1.242039

iter 25: slack_cuda = -0.231666
iter 25: cpu_time_cuda = 0.498117
iter 25: gpu_time_cuda = 0.729783
iter 25: download_copy_time_cuda = 0.001750
iter 25: upload_copy_time_cuda = 0.001892
iter 25: per_iter_time_cuda = 1.232568

iter 26: slack_cuda = -0.233590
iter 26: cpu_time_cuda = 0.496478
iter 26: gpu_time_cuda = 0.730068
iter 26: download_copy_time_cuda = 0.001765
iter 26: upload_copy_time_cuda = 0.001886
iter 26: per_iter_time_cuda = 1.231238

iter 27: slack_cuda = -0.224703
iter 27: cpu_time_cuda = 0.494602
iter 27: gpu_time_cuda = 0.719305
iter 27: download_copy_time_cuda = 0.001750
iter 27: upload_copy_time_cuda = 0.001878
iter 27: per_iter_time_cuda = 1.218576

iter 28: slack_cuda = -0.230849
iter 28: cpu_time_cuda = 0.492872
iter 28: gpu_time_cuda = 0.723721
iter 28: download_copy_time_cuda = 0.001732
iter 28: upload_copy_time_cuda = 0.001883
iter 28: per_iter_time_cuda = 1.221218

iter 29: slack_cuda = -0.219614
iter 29: cpu_time_cuda = 0.491322
iter 29: gpu_time_cuda = 0.710936
iter 29: download_copy_time_cuda = 0.001731
iter 29: upload_copy_time_cuda = 0.001867
iter 29: per_iter_time_cuda = 1.206867

iter 30: slack_cuda = -0.218652
iter 30: cpu_time_cuda = 0.490167
iter 30: gpu_time_cuda = 0.708819
iter 30: download_copy_time_cuda = 0.001729
iter 30: upload_copy_time_cuda = 0.001869
iter 30: per_iter_time_cuda = 1.203611

iter 31: slack_cuda = -0.212108
iter 31: cpu_time_cuda = 0.488516
iter 31: gpu_time_cuda = 0.700624
iter 31: download_copy_time_cuda = 0.001715
iter 31: upload_copy_time_cuda = 0.001852
iter 31: per_iter_time_cuda = 1.193711

iter 32: slack_cuda = -0.212982
iter 32: cpu_time_cuda = 0.486252
iter 32: gpu_time_cuda = 0.699233
iter 32: download_copy_time_cuda = 0.001716
iter 32: upload_copy_time_cuda = 0.001854
iter 32: per_iter_time_cuda = 1.190097

iter 33: slack_cuda = -0.205236
iter 33: cpu_time_cuda = 0.484511
iter 33: gpu_time_cuda = 0.689747
iter 33: download_copy_time_cuda = 0.001711
iter 33: upload_copy_time_cuda = 0.001843
iter 33: per_iter_time_cuda = 1.178836

iter 34: slack_cuda = -0.209595
iter 34: cpu_time_cuda = 0.482779
iter 34: gpu_time_cuda = 0.692373
iter 34: download_copy_time_cuda = 0.001708
iter 34: upload_copy_time_cuda = 0.001834
iter 34: per_iter_time_cuda = 1.179706

iter 35: slack_cuda = -0.203319
iter 35: cpu_time_cuda = 0.481660
iter 35: gpu_time_cuda = 0.684979
iter 35: download_copy_time_cuda = 0.001701
iter 35: upload_copy_time_cuda = 0.001830
iter 35: per_iter_time_cuda = 1.171183

iter 36: slack_cuda = -0.202875
iter 36: cpu_time_cuda = 0.479817
iter 36: gpu_time_cuda = 0.682693
iter 36: download_copy_time_cuda = 0.001702
iter 36: upload_copy_time_cuda = 0.001821
iter 36: per_iter_time_cuda = 1.167019

iter 37: slack_cuda = -0.196685
iter 37: cpu_time_cuda = 0.478656
iter 37: gpu_time_cuda = 0.675341
iter 37: download_copy_time_cuda = 0.001700
iter 37: upload_copy_time_cuda = 0.001814
iter 37: per_iter_time_cuda = 1.158495

iter 38: slack_cuda = -0.194252
iter 38: cpu_time_cuda = 0.476426
iter 38: gpu_time_cuda = 0.670678
iter 38: download_copy_time_cuda = 0.001681
iter 38: upload_copy_time_cuda = 0.001810
iter 38: per_iter_time_cuda = 1.151578

iter 39: slack_cuda = -0.188189
iter 39: cpu_time_cuda = 0.474585
iter 39: gpu_time_cuda = 0.662774
iter 39: download_copy_time_cuda = 0.001682
iter 39: upload_copy_time_cuda = 0.001811
iter 39: per_iter_time_cuda = 1.141801

iter 40: slack_cuda = -0.190802
iter 40: cpu_time_cuda = 0.472515
iter 40: gpu_time_cuda = 0.663316
iter 40: download_copy_time_cuda = 0.001675
iter 40: upload_copy_time_cuda = 0.001799
iter 40: per_iter_time_cuda = 1.140281

iter 41: slack_cuda = -0.189979
iter 41: cpu_time_cuda = 0.470781
iter 41: gpu_time_cuda = 0.660759
iter 41: download_copy_time_cuda = 0.001673
iter 41: upload_copy_time_cuda = 0.001790
iter 41: per_iter_time_cuda = 1.135987

iter 42: slack_cuda = -0.185244
iter 42: cpu_time_cuda = 0.469311
iter 42: gpu_time_cuda = 0.654555
iter 42: download_copy_time_cuda = 0.001858
iter 42: upload_copy_time_cuda = 0.001794
iter 42: per_iter_time_cuda = 1.128518

iter 43: slack_cuda = -0.178137
iter 43: cpu_time_cuda = 0.467770
iter 43: gpu_time_cuda = 0.645907
iter 43: download_copy_time_cuda = 0.001659
iter 43: upload_copy_time_cuda = 0.001779
iter 43: per_iter_time_cuda = 1.118078

iter 44: slack_cuda = -0.177333
iter 44: cpu_time_cuda = 0.466267
iter 44: gpu_time_cuda = 0.643600
iter 44: download_copy_time_cuda = 0.001659
iter 44: upload_copy_time_cuda = 0.001772
iter 44: per_iter_time_cuda = 1.114268

iter 45: slack_cuda = -0.169714
iter 45: cpu_time_cuda = 0.464374
iter 45: gpu_time_cuda = 0.634088
iter 45: download_copy_time_cuda = 0.001634
iter 45: upload_copy_time_cuda = 0.001971
iter 45: per_iter_time_cuda = 1.103025

iter 46: slack_cuda = -0.172643
iter 46: cpu_time_cuda = 0.462501
iter 46: gpu_time_cuda = 0.635145
iter 46: download_copy_time_cuda = 0.001818
iter 46: upload_copy_time_cuda = 0.001971
iter 46: per_iter_time_cuda = 1.102397

iter 47: slack_cuda = -0.167564
iter 47: cpu_time_cuda = 0.460577
iter 47: gpu_time_cuda = 0.628141
iter 47: download_copy_time_cuda = 0.001821
iter 47: upload_copy_time_cuda = 0.001750
iter 47: per_iter_time_cuda = 1.093238

iter 48: slack_cuda = -0.168701
iter 48: cpu_time_cuda = 0.458953
iter 48: gpu_time_cuda = 0.627654
iter 48: download_copy_time_cuda = 0.001617
iter 48: upload_copy_time_cuda = 0.001745
iter 48: per_iter_time_cuda = 1.090908

iter 49: slack_cuda = -0.161755
iter 49: cpu_time_cuda = 0.457227
iter 49: gpu_time_cuda = 0.618982
iter 49: download_copy_time_cuda = 0.001617
iter 49: upload_copy_time_cuda = 0.001741
iter 49: per_iter_time_cuda = 1.080498

iter 50: slack_cuda = -0.158363
iter 50: cpu_time_cuda = 0.455789
iter 50: gpu_time_cuda = 0.614152
iter 50: download_copy_time_cuda = 0.001612
iter 50: upload_copy_time_cuda = 0.001740
iter 50: per_iter_time_cuda = 1.074246

iter 51: slack_cuda = -0.153947
iter 51: cpu_time_cuda = 0.454114
iter 51: gpu_time_cuda = 0.608060
iter 51: download_copy_time_cuda = 0.001597
iter 51: upload_copy_time_cuda = 0.001733
iter 51: per_iter_time_cuda = 1.066439

iter 52: slack_cuda = -0.156191
iter 52: cpu_time_cuda = 0.453150
iter 52: gpu_time_cuda = 0.609341
iter 52: download_copy_time_cuda = 0.001596
iter 52: upload_copy_time_cuda = 0.001729
iter 52: per_iter_time_cuda = 1.066777

iter 53: slack_cuda = -0.145879
iter 53: cpu_time_cuda = 0.454600
iter 53: gpu_time_cuda = 0.600479
iter 53: download_copy_time_cuda = 0.001602
iter 53: upload_copy_time_cuda = 0.001718
iter 53: per_iter_time_cuda = 1.059358

iter 54: slack_cuda = -0.147519
iter 54: cpu_time_cuda = 0.452843
iter 54: gpu_time_cuda = 0.600361
iter 54: download_copy_time_cuda = 0.001581
iter 54: upload_copy_time_cuda = 0.001711
iter 54: per_iter_time_cuda = 1.057439

iter 55: slack_cuda = -0.144409
iter 55: cpu_time_cuda = 0.450959
iter 55: gpu_time_cuda = 0.595368
iter 55: download_copy_time_cuda = 0.001591
iter 55: upload_copy_time_cuda = 0.001894
iter 55: per_iter_time_cuda = 1.050749

iter 56: slack_cuda = -0.139242
iter 56: cpu_time_cuda = 0.449604
iter 56: gpu_time_cuda = 0.588846
iter 56: download_copy_time_cuda = 0.001795
iter 56: upload_copy_time_cuda = 0.001887
iter 56: per_iter_time_cuda = 1.043064

iter 57: slack_cuda = -0.134171
iter 57: cpu_time_cuda = 0.447498
iter 57: gpu_time_cuda = 0.581669
iter 57: download_copy_time_cuda = 0.001778
iter 57: upload_copy_time_cuda = 0.001690
iter 57: per_iter_time_cuda = 1.033570

iter 58: slack_cuda = -0.135901
iter 58: cpu_time_cuda = 0.445882
iter 58: gpu_time_cuda = 0.581783
iter 58: download_copy_time_cuda = 0.001569
iter 58: upload_copy_time_cuda = 0.001862
iter 58: per_iter_time_cuda = 1.032029

iter 59: slack_cuda = -0.128655
iter 59: cpu_time_cuda = 0.444563
iter 59: gpu_time_cuda = 0.573218
iter 59: download_copy_time_cuda = 0.001763
iter 59: upload_copy_time_cuda = 0.001864
iter 59: per_iter_time_cuda = 1.022364

iter 60: slack_cuda = -0.134057
iter 60: cpu_time_cuda = 0.442674
iter 60: gpu_time_cuda = 0.576731
iter 60: download_copy_time_cuda = 0.001765
iter 60: upload_copy_time_cuda = 0.001670
iter 60: per_iter_time_cuda = 1.023763

iter 61: slack_cuda = -0.126125
iter 61: cpu_time_cuda = 0.440830
iter 61: gpu_time_cuda = 0.566955
iter 61: download_copy_time_cuda = 0.001540
iter 61: upload_copy_time_cuda = 0.001844
iter 61: per_iter_time_cuda = 1.012096

iter 62: slack_cuda = -0.124733
iter 62: cpu_time_cuda = 0.439048
iter 62: gpu_time_cuda = 0.563781
iter 62: download_copy_time_cuda = 0.001732
iter 62: upload_copy_time_cuda = 0.001848
iter 62: per_iter_time_cuda = 1.007347

iter 63: slack_cuda = -0.118948
iter 63: cpu_time_cuda = 0.436985
iter 63: gpu_time_cuda = 0.555932
iter 63: download_copy_time_cuda = 0.001732
iter 63: upload_copy_time_cuda = 0.001659
iter 63: per_iter_time_cuda = 0.997259

iter 64: slack_cuda = -0.120931
iter 64: cpu_time_cuda = 0.435021
iter 64: gpu_time_cuda = 0.555951
iter 64: download_copy_time_cuda = 0.001526
iter 64: upload_copy_time_cuda = 0.001837
iter 64: per_iter_time_cuda = 0.995255

iter 65: slack_cuda = -0.112902
iter 65: cpu_time_cuda = 0.433726
iter 65: gpu_time_cuda = 0.546628
iter 65: download_copy_time_cuda = 0.001717
iter 65: upload_copy_time_cuda = 0.001831
iter 65: per_iter_time_cuda = 0.984812

iter 66: slack_cuda = -0.115179
iter 66: cpu_time_cuda = 0.431736
iter 66: gpu_time_cuda = 0.546915
iter 66: download_copy_time_cuda = 0.001699
iter 66: upload_copy_time_cuda = 0.001634
iter 66: per_iter_time_cuda = 0.982888

iter 67: slack_cuda = -0.114455
iter 67: cpu_time_cuda = 0.430194
iter 67: gpu_time_cuda = 0.544648
iter 67: download_copy_time_cuda = 0.001510
iter 67: upload_copy_time_cuda = 0.001816
iter 67: per_iter_time_cuda = 0.979066

iter 68: slack_cuda = -0.112880
iter 68: cpu_time_cuda = 0.428678
iter 68: gpu_time_cuda = 0.541558
iter 68: download_copy_time_cuda = 0.001692
iter 68: upload_copy_time_cuda = 0.001821
iter 68: per_iter_time_cuda = 0.974652

iter 69: slack_cuda = -0.105230
iter 69: cpu_time_cuda = 0.426896
iter 69: gpu_time_cuda = 0.532126
iter 69: download_copy_time_cuda = 0.001686
iter 69: upload_copy_time_cuda = 0.001613
iter 69: per_iter_time_cuda = 0.963222

iter 70: slack_cuda = -0.105238
iter 70: cpu_time_cuda = 0.424993
iter 70: gpu_time_cuda = 0.530231
iter 70: download_copy_time_cuda = 0.001501
iter 70: upload_copy_time_cuda = 0.001814
iter 70: per_iter_time_cuda = 0.959428

iter 71: slack_cuda = -0.098926
iter 71: cpu_time_cuda = 0.423707
iter 71: gpu_time_cuda = 0.522633
iter 71: download_copy_time_cuda = 0.001708
iter 71: upload_copy_time_cuda = 0.001811
iter 71: per_iter_time_cuda = 0.950729

iter 72: slack_cuda = -0.103939
iter 72: cpu_time_cuda = 0.421629
iter 72: gpu_time_cuda = 0.525568
iter 72: download_copy_time_cuda = 0.001692
iter 72: upload_copy_time_cuda = 0.001596
iter 72: per_iter_time_cuda = 0.951378

iter 73: slack_cuda = -0.097087
iter 73: cpu_time_cuda = 0.420202
iter 73: gpu_time_cuda = 0.517289
iter 73: download_copy_time_cuda = 0.001476
iter 73: upload_copy_time_cuda = 0.001765
iter 73: per_iter_time_cuda = 0.941616

iter 74: slack_cuda = -0.095837
iter 74: cpu_time_cuda = 0.418622
iter 74: gpu_time_cuda = 0.514460
iter 74: download_copy_time_cuda = 0.001659
iter 74: upload_copy_time_cuda = 0.001773
iter 74: per_iter_time_cuda = 0.937402

iter 75: slack_cuda = -0.089810
iter 75: cpu_time_cuda = 0.417183
iter 75: gpu_time_cuda = 0.506993
iter 75: download_copy_time_cuda = 0.001652
iter 75: upload_copy_time_cuda = 0.001580
iter 75: per_iter_time_cuda = 0.928284

iter 76: slack_cuda = -0.089442
iter 76: cpu_time_cuda = 0.415268
iter 76: gpu_time_cuda = 0.504710
iter 76: download_copy_time_cuda = 0.001457
iter 76: upload_copy_time_cuda = 0.001569
iter 76: per_iter_time_cuda = 0.923882

iter 77: slack_cuda = -0.084761
iter 77: cpu_time_cuda = 0.413612
iter 77: gpu_time_cuda = 0.498373
iter 77: download_copy_time_cuda = 0.001457
iter 77: upload_copy_time_cuda = 0.001563
iter 77: per_iter_time_cuda = 0.915872

iter 78: slack_cuda = -0.087290
iter 78: cpu_time_cuda = 0.412089
iter 78: gpu_time_cuda = 0.499379
iter 78: download_copy_time_cuda = 0.001440
iter 78: upload_copy_time_cuda = 0.001556
iter 78: per_iter_time_cuda = 0.915341

iter 79: slack_cuda = -0.080145
iter 79: cpu_time_cuda = 0.410100
iter 79: gpu_time_cuda = 0.490245
iter 79: download_copy_time_cuda = 0.001442
iter 79: upload_copy_time_cuda = 0.001537
iter 79: per_iter_time_cuda = 0.904195

iter 80: slack_cuda = -0.081797
iter 80: cpu_time_cuda = 0.408410
iter 80: gpu_time_cuda = 0.490207
iter 80: download_copy_time_cuda = 0.001433
iter 80: upload_copy_time_cuda = 0.001549
iter 80: per_iter_time_cuda = 0.902467

iter 81: slack_cuda = -0.078838
iter 81: cpu_time_cuda = 0.406645
iter 81: gpu_time_cuda = 0.485483
iter 81: download_copy_time_cuda = 0.001425
iter 81: upload_copy_time_cuda = 0.001537
iter 81: per_iter_time_cuda = 0.895940

iter 82: slack_cuda = -0.076423
iter 82: cpu_time_cuda = 0.405040
iter 82: gpu_time_cuda = 0.481463
iter 82: download_copy_time_cuda = 0.001422
iter 82: upload_copy_time_cuda = 0.001531
iter 82: per_iter_time_cuda = 0.890316

iter 83: slack_cuda = -0.070110
iter 83: cpu_time_cuda = 0.403052
iter 83: gpu_time_cuda = 0.473162
iter 83: download_copy_time_cuda = 0.001420
iter 83: upload_copy_time_cuda = 0.001525
iter 83: per_iter_time_cuda = 0.880009

iter 84: slack_cuda = -0.072795
iter 84: cpu_time_cuda = 0.401115
iter 84: gpu_time_cuda = 0.473910
iter 84: download_copy_time_cuda = 0.001406
iter 84: upload_copy_time_cuda = 0.001524
iter 84: per_iter_time_cuda = 0.878800

iter 85: slack_cuda = -0.066292
iter 85: cpu_time_cuda = 0.399566
iter 85: gpu_time_cuda = 0.465858
iter 85: download_copy_time_cuda = 0.001404
iter 85: upload_copy_time_cuda = 0.001514
iter 85: per_iter_time_cuda = 0.869177

iter 86: slack_cuda = -0.070033
iter 86: cpu_time_cuda = 0.397716
iter 86: gpu_time_cuda = 0.467749
iter 86: download_copy_time_cuda = 0.001403
iter 86: upload_copy_time_cuda = 0.001514
iter 86: per_iter_time_cuda = 0.869211

iter 87: slack_cuda = -0.067212
iter 87: cpu_time_cuda = 0.396250
iter 87: gpu_time_cuda = 0.463462
iter 87: download_copy_time_cuda = 0.001387
iter 87: upload_copy_time_cuda = 0.001489
iter 87: per_iter_time_cuda = 0.863425

iter 88: slack_cuda = -0.064575
iter 88: cpu_time_cuda = 0.394554
iter 88: gpu_time_cuda = 0.459129
iter 88: download_copy_time_cuda = 0.001389
iter 88: upload_copy_time_cuda = 0.001494
iter 88: per_iter_time_cuda = 0.857414

iter 89: slack_cuda = -0.055790
iter 89: cpu_time_cuda = 0.392778
iter 89: gpu_time_cuda = 0.448567
iter 89: download_copy_time_cuda = 0.001392
iter 89: upload_copy_time_cuda = 0.001484
iter 89: per_iter_time_cuda = 0.845053

iter 90: slack_cuda = -0.059182
iter 90: cpu_time_cuda = 0.391231
iter 90: gpu_time_cuda = 0.450413
iter 90: download_copy_time_cuda = 0.001372
iter 90: upload_copy_time_cuda = 0.001487
iter 90: per_iter_time_cuda = 0.845327

iter 91: slack_cuda = -0.054664
iter 91: cpu_time_cuda = 0.389404
iter 91: gpu_time_cuda = 0.444068
iter 91: download_copy_time_cuda = 0.001371
iter 91: upload_copy_time_cuda = 0.001472
iter 91: per_iter_time_cuda = 0.837121

iter 92: slack_cuda = -0.061481
iter 92: cpu_time_cuda = 0.388022
iter 92: gpu_time_cuda = 0.449502
iter 92: download_copy_time_cuda = 0.001362
iter 92: upload_copy_time_cuda = 0.001465
iter 92: per_iter_time_cuda = 0.841166

iter 93: slack_cuda = -0.050463
iter 93: cpu_time_cuda = 0.386069
iter 93: gpu_time_cuda = 0.436532
iter 93: download_copy_time_cuda = 0.001353
iter 93: upload_copy_time_cuda = 0.001449
iter 93: per_iter_time_cuda = 0.826212

iter 94: slack_cuda = -0.050572
iter 94: cpu_time_cuda = 0.384413
iter 94: gpu_time_cuda = 0.434985
iter 94: download_copy_time_cuda = 0.001375
iter 94: upload_copy_time_cuda = 0.001456
iter 94: per_iter_time_cuda = 0.823036

iter 95: slack_cuda = -0.047194
iter 95: cpu_time_cuda = 0.382989
iter 95: gpu_time_cuda = 0.430183
iter 95: download_copy_time_cuda = 0.001342
iter 95: upload_copy_time_cuda = 0.001450
iter 95: per_iter_time_cuda = 0.816779

iter 96: slack_cuda = -0.045687
iter 96: cpu_time_cuda = 0.381103
iter 96: gpu_time_cuda = 0.426790
iter 96: download_copy_time_cuda = 0.001335
iter 96: upload_copy_time_cuda = 0.001437
iter 96: per_iter_time_cuda = 0.811480

iter 97: slack_cuda = -0.039235
iter 97: cpu_time_cuda = 0.379594
iter 97: gpu_time_cuda = 0.418829
iter 97: download_copy_time_cuda = 0.001347
iter 97: upload_copy_time_cuda = 0.001430
iter 97: per_iter_time_cuda = 0.802002

iter 98: slack_cuda = -0.042765
iter 98: cpu_time_cuda = 0.377743
iter 98: gpu_time_cuda = 0.420508
iter 98: download_copy_time_cuda = 0.001324
iter 98: upload_copy_time_cuda = 0.001429
iter 98: per_iter_time_cuda = 0.801802

iter 99: slack_cuda = -0.042700
iter 99: cpu_time_cuda = 0.376188
iter 99: gpu_time_cuda = 0.418888
iter 99: download_copy_time_cuda = 0.001318
iter 99: upload_copy_time_cuda = 0.001414
iter 99: per_iter_time_cuda = 0.798595

iter 100: slack_cuda = -0.040807
iter 100: cpu_time_cuda = 0.374574
iter 100: gpu_time_cuda = 0.415382
iter 100: download_copy_time_cuda = 0.001320
iter 100: upload_copy_time_cuda = 0.001414
iter 100: per_iter_time_cuda = 0.793493

iter 101: slack_cuda = -0.034239
iter 101: cpu_time_cuda = 0.372682
iter 101: gpu_time_cuda = 0.406921
iter 101: download_copy_time_cuda = 0.001305
iter 101: upload_copy_time_cuda = 0.001404
iter 101: per_iter_time_cuda = 0.783092

iter 102: slack_cuda = -0.033445
iter 102: cpu_time_cuda = 0.371049
iter 102: gpu_time_cuda = 0.404494
iter 102: download_copy_time_cuda = 0.001303
iter 102: upload_copy_time_cuda = 0.001402
iter 102: per_iter_time_cuda = 0.779027

iter 103: slack_cuda = -0.028313
iter 103: cpu_time_cuda = 0.369493
iter 103: gpu_time_cuda = 0.397806
iter 103: download_copy_time_cuda = 0.001301
iter 103: upload_copy_time_cuda = 0.001395
iter 103: per_iter_time_cuda = 0.770781

iter 104: slack_cuda = -0.033295
iter 104: cpu_time_cuda = 0.367273
iter 104: gpu_time_cuda = 0.400568
iter 104: download_copy_time_cuda = 0.001295
iter 104: upload_copy_time_cuda = 0.001391
iter 104: per_iter_time_cuda = 0.771304

iter 105: slack_cuda = -0.031675
iter 105: cpu_time_cuda = 0.365381
iter 105: gpu_time_cuda = 0.397057
iter 105: download_copy_time_cuda = 0.001291
iter 105: upload_copy_time_cuda = 0.001394
iter 105: per_iter_time_cuda = 0.765910

iter 106: slack_cuda = -0.027885
iter 106: cpu_time_cuda = 0.363554
iter 106: gpu_time_cuda = 0.391439
iter 106: download_copy_time_cuda = 0.001283
iter 106: upload_copy_time_cuda = 0.001369
iter 106: per_iter_time_cuda = 0.758417

iter 107: slack_cuda = -0.022412
iter 107: cpu_time_cuda = 0.361947
iter 107: gpu_time_cuda = 0.384359
iter 107: download_copy_time_cuda = 0.001269
iter 107: upload_copy_time_cuda = 0.001360
iter 107: per_iter_time_cuda = 0.749695

iter 108: slack_cuda = -0.022654
iter 108: cpu_time_cuda = 0.360373
iter 108: gpu_time_cuda = 0.383027
iter 108: download_copy_time_cuda = 0.001265
iter 108: upload_copy_time_cuda = 0.001363
iter 108: per_iter_time_cuda = 0.746805

iter 109: slack_cuda = -0.019163
iter 109: cpu_time_cuda = 0.358577
iter 109: gpu_time_cuda = 0.377740
iter 109: download_copy_time_cuda = 0.001266
iter 109: upload_copy_time_cuda = 0.001361
iter 109: per_iter_time_cuda = 0.739717

iter 110: slack_cuda = -0.022700
iter 110: cpu_time_cuda = 0.356907
iter 110: gpu_time_cuda = 0.379607
iter 110: download_copy_time_cuda = 0.001251
iter 110: upload_copy_time_cuda = 0.001355
iter 110: per_iter_time_cuda = 0.739890

iter 111: slack_cuda = -0.014782
iter 111: cpu_time_cuda = 0.355484
iter 111: gpu_time_cuda = 0.370266
iter 111: download_copy_time_cuda = 0.001249
iter 111: upload_copy_time_cuda = 0.001334
iter 111: per_iter_time_cuda = 0.729091

iter 112: slack_cuda = -0.016760
iter 112: cpu_time_cuda = 0.353513
iter 112: gpu_time_cuda = 0.370273
iter 112: download_copy_time_cuda = 0.001247
iter 112: upload_copy_time_cuda = 0.001337
iter 112: per_iter_time_cuda = 0.727129

iter 113: slack_cuda = -0.012912
iter 113: cpu_time_cuda = 0.351943
iter 113: gpu_time_cuda = 0.364855
iter 113: download_copy_time_cuda = 0.001232
iter 113: upload_copy_time_cuda = 0.001324
iter 113: per_iter_time_cuda = 0.720110

iter 114: slack_cuda = -0.014868
iter 114: cpu_time_cuda = 0.350629
iter 114: gpu_time_cuda = 0.365496
iter 114: download_copy_time_cuda = 0.001230
iter 114: upload_copy_time_cuda = 0.001330
iter 114: per_iter_time_cuda = 0.719428

iter 115: slack_cuda = -0.007252
iter 115: cpu_time_cuda = 0.348715
iter 115: gpu_time_cuda = 0.355967
iter 115: download_copy_time_cuda = 0.001221
iter 115: upload_copy_time_cuda = 0.001308
iter 115: per_iter_time_cuda = 0.707940

iter 116: slack_cuda = -0.009856
iter 116: cpu_time_cuda = 0.346992
iter 116: gpu_time_cuda = 0.356847
iter 116: download_copy_time_cuda = 0.001216
iter 116: upload_copy_time_cuda = 0.001313
iter 116: per_iter_time_cuda = 0.707118

iter 117: slack_cuda = -0.003373
iter 117: cpu_time_cuda = 0.345478
iter 117: gpu_time_cuda = 0.348851
iter 117: download_copy_time_cuda = 0.001213
iter 117: upload_copy_time_cuda = 0.001313
iter 117: per_iter_time_cuda = 0.697593

iter 118: slack_cuda = -0.009246
iter 118: cpu_time_cuda = 0.343547
iter 118: gpu_time_cuda = 0.352793
iter 118: download_copy_time_cuda = 0.001203
iter 118: upload_copy_time_cuda = 0.001290
iter 118: per_iter_time_cuda = 0.699559

iter 119: slack_cuda = -0.006340
iter 119: cpu_time_cuda = 0.342999
iter 119: gpu_time_cuda = 0.349339
iter 119: download_copy_time_cuda = 0.001197
iter 119: upload_copy_time_cuda = 0.001293
iter 119: per_iter_time_cuda = 0.695565

iter 120: slack_cuda = -0.004887
iter 120: cpu_time_cuda = 0.340778
iter 120: gpu_time_cuda = 0.345665
iter 120: download_copy_time_cuda = 0.001199
iter 120: upload_copy_time_cuda = 0.001280
iter 120: per_iter_time_cuda = 0.689660

iter 121: slack_cuda = 0.001754
iter 121: cpu_time_cuda = 0.339117
iter 121: gpu_time_cuda = 0.337363
iter 121: download_copy_time_cuda = 0.001188
iter 121: upload_copy_time_cuda = 0.001273
iter 121: per_iter_time_cuda = 0.679664

iter 122: slack_cuda = -0.000607
iter 122: cpu_time_cuda = 0.337554
iter 122: gpu_time_cuda = 0.338160
iter 122: download_copy_time_cuda = 0.001182
iter 122: upload_copy_time_cuda = 0.001281
iter 122: per_iter_time_cuda = 0.678907

iter 123: slack_cuda = 0.003811
iter 123: cpu_time_cuda = 0.336068
iter 123: gpu_time_cuda = 0.332258
iter 123: download_copy_time_cuda = 0.001179
iter 123: upload_copy_time_cuda = 0.001259
iter 123: per_iter_time_cuda = 0.671477

iter 124: slack_cuda = 0.003193
iter 124: cpu_time_cuda = 0.334310
iter 124: gpu_time_cuda = 0.331117
iter 124: download_copy_time_cuda = 0.001180
iter 124: upload_copy_time_cuda = 0.001252
iter 124: per_iter_time_cuda = 0.668561

iter 125: slack_cuda = 0.005918
iter 125: cpu_time_cuda = 0.332545
iter 125: gpu_time_cuda = 0.326627
iter 125: download_copy_time_cuda = 0.001161
iter 125: upload_copy_time_cuda = 0.001245
iter 125: per_iter_time_cuda = 0.662287

iter 126: slack_cuda = 0.008648
iter 126: cpu_time_cuda = 0.330702
iter 126: gpu_time_cuda = 0.322054
iter 126: download_copy_time_cuda = 0.001159
iter 126: upload_copy_time_cuda = 0.001247
iter 126: per_iter_time_cuda = 0.655879

iter 127: slack_cuda = 0.013252
iter 127: cpu_time_cuda = 0.328651
iter 127: gpu_time_cuda = 0.315398
iter 127: download_copy_time_cuda = 0.001150
iter 127: upload_copy_time_cuda = 0.001231
iter 127: per_iter_time_cuda = 0.647169

iter 128: slack_cuda = 0.012280
iter 128: cpu_time_cuda = 0.326851
iter 128: gpu_time_cuda = 0.314571
iter 128: download_copy_time_cuda = 0.001145
iter 128: upload_copy_time_cuda = 0.001230
iter 128: per_iter_time_cuda = 0.644519

iter 129: slack_cuda = 0.016067
iter 129: cpu_time_cuda = 0.325155
iter 129: gpu_time_cuda = 0.309088
iter 129: download_copy_time_cuda = 0.001148
iter 129: upload_copy_time_cuda = 0.001227
iter 129: per_iter_time_cuda = 0.637351

iter 130: slack_cuda = 0.010661
iter 130: cpu_time_cuda = 0.323568
iter 130: gpu_time_cuda = 0.312908
iter 130: download_copy_time_cuda = 0.001134
iter 130: upload_copy_time_cuda = 0.001214
iter 130: per_iter_time_cuda = 0.639542

iter 131: slack_cuda = 0.012742
iter 131: cpu_time_cuda = 0.321882
iter 131: gpu_time_cuda = 0.309140
iter 131: download_copy_time_cuda = 0.001127
iter 131: upload_copy_time_cuda = 0.001207
iter 131: per_iter_time_cuda = 0.634071

iter 132: slack_cuda = 0.015903
iter 132: cpu_time_cuda = 0.320221
iter 132: gpu_time_cuda = 0.304318
iter 132: download_copy_time_cuda = 0.001129
iter 132: upload_copy_time_cuda = 0.001203
iter 132: per_iter_time_cuda = 0.627583

iter 133: slack_cuda = 0.021138
iter 133: cpu_time_cuda = 0.318751
iter 133: gpu_time_cuda = 0.297614
iter 133: download_copy_time_cuda = 0.001119
iter 133: upload_copy_time_cuda = 0.001202
iter 133: per_iter_time_cuda = 0.619386

iter 134: slack_cuda = 0.021263
iter 134: cpu_time_cuda = 0.316898
iter 134: gpu_time_cuda = 0.295635
iter 134: download_copy_time_cuda = 0.001113
iter 134: upload_copy_time_cuda = 0.001191
iter 134: per_iter_time_cuda = 0.615552

iter 135: slack_cuda = 0.022559
iter 135: cpu_time_cuda = 0.315159
iter 135: gpu_time_cuda = 0.292599
iter 135: download_copy_time_cuda = 0.001113
iter 135: upload_copy_time_cuda = 0.001182
iter 135: per_iter_time_cuda = 0.610747

iter 136: slack_cuda = 0.017078
iter 136: cpu_time_cuda = 0.313681
iter 136: gpu_time_cuda = 0.296603
iter 136: download_copy_time_cuda = 0.001098
iter 136: upload_copy_time_cuda = 0.001178
iter 136: per_iter_time_cuda = 0.613271

iter 137: slack_cuda = 0.024462
iter 137: cpu_time_cuda = 0.311944
iter 137: gpu_time_cuda = 0.287482
iter 137: download_copy_time_cuda = 0.001097
iter 137: upload_copy_time_cuda = 0.001172
iter 137: per_iter_time_cuda = 0.602385

iter 138: slack_cuda = 0.024697
iter 138: cpu_time_cuda = 0.310259
iter 138: gpu_time_cuda = 0.285562
iter 138: download_copy_time_cuda = 0.001092
iter 138: upload_copy_time_cuda = 0.001173
iter 138: per_iter_time_cuda = 0.598788

iter 139: slack_cuda = 0.028707
iter 139: cpu_time_cuda = 0.308635
iter 139: gpu_time_cuda = 0.279927
iter 139: download_copy_time_cuda = 0.001078
iter 139: upload_copy_time_cuda = 0.001159
iter 139: per_iter_time_cuda = 0.591517

iter 140: slack_cuda = 0.025706
iter 140: cpu_time_cuda = 0.307009
iter 140: gpu_time_cuda = 0.281303
iter 140: download_copy_time_cuda = 0.001075
iter 140: upload_copy_time_cuda = 0.001158
iter 140: per_iter_time_cuda = 0.591251

iter 141: slack_cuda = 0.031102
iter 141: cpu_time_cuda = 0.305213
iter 141: gpu_time_cuda = 0.274111
iter 141: download_copy_time_cuda = 0.001075
iter 141: upload_copy_time_cuda = 0.001146
iter 141: per_iter_time_cuda = 0.582235

iter 142: slack_cuda = 0.029537
iter 142: cpu_time_cuda = 0.303477
iter 142: gpu_time_cuda = 0.273941
iter 142: download_copy_time_cuda = 0.001063
iter 142: upload_copy_time_cuda = 0.001146
iter 142: per_iter_time_cuda = 0.580331

iter 143: slack_cuda = 0.034837
iter 143: cpu_time_cuda = 0.301924
iter 143: gpu_time_cuda = 0.267087
iter 143: download_copy_time_cuda = 0.001061
iter 143: upload_copy_time_cuda = 0.001136
iter 143: per_iter_time_cuda = 0.571912

iter 144: slack_cuda = 0.031501
iter 144: cpu_time_cuda = 0.299799
iter 144: gpu_time_cuda = 0.268297
iter 144: download_copy_time_cuda = 0.001066
iter 144: upload_copy_time_cuda = 0.001135
iter 144: per_iter_time_cuda = 0.570980

iter 145: slack_cuda = 0.033883
iter 145: cpu_time_cuda = 0.298110
iter 145: gpu_time_cuda = 0.264227
iter 145: download_copy_time_cuda = 0.001044
iter 145: upload_copy_time_cuda = 0.001121
iter 145: per_iter_time_cuda = 0.565175

iter 146: slack_cuda = 0.031531
iter 146: cpu_time_cuda = 0.296569
iter 146: gpu_time_cuda = 0.265038
iter 146: download_copy_time_cuda = 0.001042
iter 146: upload_copy_time_cuda = 0.001115
iter 146: per_iter_time_cuda = 0.564458

iter 147: slack_cuda = 0.038702
iter 147: cpu_time_cuda = 0.294843
iter 147: gpu_time_cuda = 0.256140
iter 147: download_copy_time_cuda = 0.001040
iter 147: upload_copy_time_cuda = 0.001108
iter 147: per_iter_time_cuda = 0.553780

iter 148: slack_cuda = 0.036497
iter 148: cpu_time_cuda = 0.292709
iter 148: gpu_time_cuda = 0.256212
iter 148: download_copy_time_cuda = 0.001029
iter 148: upload_copy_time_cuda = 0.001110
iter 148: per_iter_time_cuda = 0.551725

iter 149: slack_cuda = 0.041122
iter 149: cpu_time_cuda = 0.291037
iter 149: gpu_time_cuda = 0.249915
iter 149: download_copy_time_cuda = 0.001029
iter 149: upload_copy_time_cuda = 0.001103
iter 149: per_iter_time_cuda = 0.543764

iter 150: slack_cuda = 0.030786
iter 150: cpu_time_cuda = 0.289416
iter 150: gpu_time_cuda = 0.258630
iter 150: download_copy_time_cuda = 0.001025
iter 150: upload_copy_time_cuda = 0.001092
iter 150: per_iter_time_cuda = 0.550864

iter 151: slack_cuda = 0.036155
iter 151: cpu_time_cuda = 0.287887
iter 151: gpu_time_cuda = 0.251733
iter 151: download_copy_time_cuda = 0.001012
iter 151: upload_copy_time_cuda = 0.001094
iter 151: per_iter_time_cuda = 0.542393

iter 152: slack_cuda = 0.042009
iter 152: cpu_time_cuda = 0.285913
iter 152: gpu_time_cuda = 0.243904
iter 152: download_copy_time_cuda = 0.001008
iter 152: upload_copy_time_cuda = 0.001077
iter 152: per_iter_time_cuda = 0.532599

iter 153: slack_cuda = 0.046999
iter 153: cpu_time_cuda = 0.284289
iter 153: gpu_time_cuda = 0.237290
iter 153: download_copy_time_cuda = 0.001006
iter 153: upload_copy_time_cuda = 0.001083
iter 153: per_iter_time_cuda = 0.524308

iter 154: slack_cuda = 0.044749
iter 154: cpu_time_cuda = 0.282647
iter 154: gpu_time_cuda = 0.237897
iter 154: download_copy_time_cuda = 0.000995
iter 154: upload_copy_time_cuda = 0.001066
iter 154: per_iter_time_cuda = 0.523236

iter 155: slack_cuda = 0.046156
iter 155: cpu_time_cuda = 0.281175
iter 155: gpu_time_cuda = 0.235019
iter 155: download_copy_time_cuda = 0.000993
iter 155: upload_copy_time_cuda = 0.001066
iter 155: per_iter_time_cuda = 0.518892

iter 156: slack_cuda = 0.040697
iter 156: cpu_time_cuda = 0.279276
iter 156: gpu_time_cuda = 0.238579
iter 156: download_copy_time_cuda = 0.000986
iter 156: upload_copy_time_cuda = 0.001060
iter 156: per_iter_time_cuda = 0.520524

iter 157: slack_cuda = 0.049891
iter 157: cpu_time_cuda = 0.277660
iter 157: gpu_time_cuda = 0.227769
iter 157: download_copy_time_cuda = 0.000974
iter 157: upload_copy_time_cuda = 0.001061
iter 157: per_iter_time_cuda = 0.508092

iter 158: slack_cuda = 0.049425
iter 158: cpu_time_cuda = 0.276002
iter 158: gpu_time_cuda = 0.226577
iter 158: download_copy_time_cuda = 0.000977
iter 158: upload_copy_time_cuda = 0.001039
iter 158: per_iter_time_cuda = 0.505214

iter 159: slack_cuda = 0.052118
iter 159: cpu_time_cuda = 0.274404
iter 159: gpu_time_cuda = 0.222286
iter 159: download_copy_time_cuda = 0.000971
iter 159: upload_copy_time_cuda = 0.001042
iter 159: per_iter_time_cuda = 0.499313

iter 160: slack_cuda = 0.048906
iter 160: cpu_time_cuda = 0.272675
iter 160: gpu_time_cuda = 0.223769
iter 160: download_copy_time_cuda = 0.000958
iter 160: upload_copy_time_cuda = 0.001029
iter 160: per_iter_time_cuda = 0.499055

iter 161: slack_cuda = 0.054975
iter 161: cpu_time_cuda = 0.270950
iter 161: gpu_time_cuda = 0.215975
iter 161: download_copy_time_cuda = 0.000959
iter 161: upload_copy_time_cuda = 0.001023
iter 161: per_iter_time_cuda = 0.489523

iter 162: slack_cuda = 0.050480
iter 162: cpu_time_cuda = 0.269265
iter 162: gpu_time_cuda = 0.218785
iter 162: download_copy_time_cuda = 0.000956
iter 162: upload_copy_time_cuda = 0.001015
iter 162: per_iter_time_cuda = 0.490627

iter 163: slack_cuda = 0.036540
iter 163: cpu_time_cuda = 0.267724
iter 163: gpu_time_cuda = 0.231184
iter 163: download_copy_time_cuda = 0.000944
iter 163: upload_copy_time_cuda = 0.001010
iter 163: per_iter_time_cuda = 0.501476

iter 164: slack_cuda = 0.054248
iter 164: cpu_time_cuda = 0.266012
iter 164: gpu_time_cuda = 0.211764
iter 164: download_copy_time_cuda = 0.000941
iter 164: upload_copy_time_cuda = 0.001003
iter 164: per_iter_time_cuda = 0.480329

iter 165: slack_cuda = 0.058341
iter 165: cpu_time_cuda = 0.264302
iter 165: gpu_time_cuda = 0.205961
iter 165: download_copy_time_cuda = 0.000945
iter 165: upload_copy_time_cuda = 0.001011
iter 165: per_iter_time_cuda = 0.472835

iter 166: slack_cuda = 0.057667
iter 166: cpu_time_cuda = 0.262563
iter 166: gpu_time_cuda = 0.204896
iter 166: download_copy_time_cuda = 0.000927
iter 166: upload_copy_time_cuda = 0.000992
iter 166: per_iter_time_cuda = 0.469983

iter 167: slack_cuda = 0.059387
iter 167: cpu_time_cuda = 0.260930
iter 167: gpu_time_cuda = 0.201543
iter 167: download_copy_time_cuda = 0.000922
iter 167: upload_copy_time_cuda = 0.000984
iter 167: per_iter_time_cuda = 0.464974

iter 168: slack_cuda = 0.055943
iter 168: cpu_time_cuda = 0.259039
iter 168: gpu_time_cuda = 0.203096
iter 168: download_copy_time_cuda = 0.000922
iter 168: upload_copy_time_cuda = 0.000976
iter 168: per_iter_time_cuda = 0.464629

iter 169: slack_cuda = 0.060652
iter 169: cpu_time_cuda = 0.256971
iter 169: gpu_time_cuda = 0.196319
iter 169: download_copy_time_cuda = 0.000920
iter 169: upload_copy_time_cuda = 0.000970
iter 169: per_iter_time_cuda = 0.455765

iter 170: slack_cuda = 0.058820
iter 170: cpu_time_cuda = 0.255060
iter 170: gpu_time_cuda = 0.196240
iter 170: download_copy_time_cuda = 0.000905
iter 170: upload_copy_time_cuda = 0.000965
iter 170: per_iter_time_cuda = 0.453773

iter 171: slack_cuda = 0.062875
iter 171: cpu_time_cuda = 0.253531
iter 171: gpu_time_cuda = 0.190656
iter 171: download_copy_time_cuda = 0.000903
iter 171: upload_copy_time_cuda = 0.000959
iter 171: per_iter_time_cuda = 0.446646

iter 172: slack_cuda = 0.058215
iter 172: cpu_time_cuda = 0.251810
iter 172: gpu_time_cuda = 0.193595
iter 172: download_copy_time_cuda = 0.000892
iter 172: upload_copy_time_cuda = 0.000968
iter 172: per_iter_time_cuda = 0.447863

iter 173: slack_cuda = 0.061320
iter 173: cpu_time_cuda = 0.250241
iter 173: gpu_time_cuda = 0.188920
iter 173: download_copy_time_cuda = 0.000891
iter 173: upload_copy_time_cuda = 0.000947
iter 173: per_iter_time_cuda = 0.441584

iter 174: slack_cuda = 0.061873
iter 174: cpu_time_cuda = 0.248455
iter 174: gpu_time_cuda = 0.186582
iter 174: download_copy_time_cuda = 0.000877
iter 174: upload_copy_time_cuda = 0.000945
iter 174: per_iter_time_cuda = 0.437455

iter 175: slack_cuda = 0.064633
iter 175: cpu_time_cuda = 0.246751
iter 175: gpu_time_cuda = 0.182118
iter 175: download_copy_time_cuda = 0.000873
iter 175: upload_copy_time_cuda = 0.000934
iter 175: per_iter_time_cuda = 0.431273

iter 176: slack_cuda = 0.062491
iter 176: cpu_time_cuda = 0.245086
iter 176: gpu_time_cuda = 0.182595
iter 176: download_copy_time_cuda = 0.000870
iter 176: upload_copy_time_cuda = 0.000928
iter 176: per_iter_time_cuda = 0.430070

iter 177: slack_cuda = 0.063593
iter 177: cpu_time_cuda = 0.243447
iter 177: gpu_time_cuda = 0.179854
iter 177: download_copy_time_cuda = 0.000861
iter 177: upload_copy_time_cuda = 0.000931
iter 177: per_iter_time_cuda = 0.425679

iter 178: slack_cuda = 0.061594
iter 178: cpu_time_cuda = 0.241815
iter 178: gpu_time_cuda = 0.180221
iter 178: download_copy_time_cuda = 0.000856
iter 178: upload_copy_time_cuda = 0.000915
iter 178: per_iter_time_cuda = 0.424384

iter 179: slack_cuda = 0.066889
iter 179: cpu_time_cuda = 0.240158
iter 179: gpu_time_cuda = 0.173270
iter 179: download_copy_time_cuda = 0.000854
iter 179: upload_copy_time_cuda = 0.000917
iter 179: per_iter_time_cuda = 0.415783

iter 180: slack_cuda = 0.067508
iter 180: cpu_time_cuda = 0.238546
iter 180: gpu_time_cuda = 0.171038
iter 180: download_copy_time_cuda = 0.000850
iter 180: upload_copy_time_cuda = 0.000911
iter 180: per_iter_time_cuda = 0.411939

iter 181: slack_cuda = 0.070417
iter 181: cpu_time_cuda = 0.236915
iter 181: gpu_time_cuda = 0.166499
iter 181: download_copy_time_cuda = 0.000841
iter 181: upload_copy_time_cuda = 0.000903
iter 181: per_iter_time_cuda = 0.405736

iter 182: slack_cuda = 0.065617
iter 182: cpu_time_cuda = 0.235249
iter 182: gpu_time_cuda = 0.169632
iter 182: download_copy_time_cuda = 0.000838
iter 182: upload_copy_time_cuda = 0.000890
iter 182: per_iter_time_cuda = 0.407183

iter 183: slack_cuda = 0.063024
iter 183: cpu_time_cuda = 0.233528
iter 183: gpu_time_cuda = 0.170503
iter 183: download_copy_time_cuda = 0.000828
iter 183: upload_copy_time_cuda = 0.000885
iter 183: per_iter_time_cuda = 0.406313

iter 184: slack_cuda = 0.069353
iter 184: cpu_time_cuda = 0.231355
iter 184: gpu_time_cuda = 0.162003
iter 184: download_copy_time_cuda = 0.000821
iter 184: upload_copy_time_cuda = 0.000878
iter 184: per_iter_time_cuda = 0.395635

iter 185: slack_cuda = 0.072443
iter 185: cpu_time_cuda = 0.229675
iter 185: gpu_time_cuda = 0.157232
iter 185: download_copy_time_cuda = 0.000821
iter 185: upload_copy_time_cuda = 0.000872
iter 185: per_iter_time_cuda = 0.389157

iter 186: slack_cuda = 0.070987
iter 186: cpu_time_cuda = 0.228016
iter 186: gpu_time_cuda = 0.157029
iter 186: download_copy_time_cuda = 0.000810
iter 186: upload_copy_time_cuda = 0.000865
iter 186: per_iter_time_cuda = 0.387269

iter 187: slack_cuda = 0.071992
iter 187: cpu_time_cuda = 0.226456
iter 187: gpu_time_cuda = 0.154464
iter 187: download_copy_time_cuda = 0.000804
iter 187: upload_copy_time_cuda = 0.000860
iter 187: per_iter_time_cuda = 0.383147

iter 188: slack_cuda = 0.061658
iter 188: cpu_time_cuda = 0.224892
iter 188: gpu_time_cuda = 0.163234
iter 188: download_copy_time_cuda = 0.000809
iter 188: upload_copy_time_cuda = 0.000859
iter 188: per_iter_time_cuda = 0.390350

iter 189: slack_cuda = 0.071881
iter 189: cpu_time_cuda = 0.223239
iter 189: gpu_time_cuda = 0.151357
iter 189: download_copy_time_cuda = 0.000797
iter 189: upload_copy_time_cuda = 0.000847
iter 189: per_iter_time_cuda = 0.376785

iter 190: slack_cuda = 0.072812
iter 190: cpu_time_cuda = 0.221350
iter 190: gpu_time_cuda = 0.148538
iter 190: download_copy_time_cuda = 0.000790
iter 190: upload_copy_time_cuda = 0.000840
iter 190: per_iter_time_cuda = 0.372066

iter 191: slack_cuda = 0.074720
iter 191: cpu_time_cuda = 0.219263
iter 191: gpu_time_cuda = 0.144543
iter 191: download_copy_time_cuda = 0.000787
iter 191: upload_copy_time_cuda = 0.000834
iter 191: per_iter_time_cuda = 0.365990

iter 192: slack_cuda = 0.072382
iter 192: cpu_time_cuda = 0.217215
iter 192: gpu_time_cuda = 0.144834
iter 192: download_copy_time_cuda = 0.000775
iter 192: upload_copy_time_cuda = 0.000828
iter 192: per_iter_time_cuda = 0.364164

iter 193: slack_cuda = 0.074991
iter 193: cpu_time_cuda = 0.215545
iter 193: gpu_time_cuda = 0.140554
iter 193: download_copy_time_cuda = 0.000772
iter 193: upload_copy_time_cuda = 0.000830
iter 193: per_iter_time_cuda = 0.358222

iter 194: slack_cuda = 0.068937
iter 194: cpu_time_cuda = 0.213950
iter 194: gpu_time_cuda = 0.145013
iter 194: download_copy_time_cuda = 0.000769
iter 194: upload_copy_time_cuda = 0.000814
iter 194: per_iter_time_cuda = 0.361067

iter 195: slack_cuda = 0.075889
iter 195: cpu_time_cuda = 0.212286
iter 195: gpu_time_cuda = 0.136397
iter 195: download_copy_time_cuda = 0.000761
iter 195: upload_copy_time_cuda = 0.000809
iter 195: per_iter_time_cuda = 0.350773

iter 196: slack_cuda = 0.074811
iter 196: cpu_time_cuda = 0.210640
iter 196: gpu_time_cuda = 0.135829
iter 196: download_copy_time_cuda = 0.000759
iter 196: upload_copy_time_cuda = 0.000804
iter 196: per_iter_time_cuda = 0.348537

iter 197: slack_cuda = 0.077409
iter 197: cpu_time_cuda = 0.208907
iter 197: gpu_time_cuda = 0.131499
iter 197: download_copy_time_cuda = 0.000754
iter 197: upload_copy_time_cuda = 0.000797
iter 197: per_iter_time_cuda = 0.342447

iter 198: slack_cuda = 0.075580
iter 198: cpu_time_cuda = 0.207246
iter 198: gpu_time_cuda = 0.131666
iter 198: download_copy_time_cuda = 0.000742
iter 198: upload_copy_time_cuda = 0.000798
iter 198: per_iter_time_cuda = 0.340957

iter 199: slack_cuda = 0.072355
iter 199: cpu_time_cuda = 0.205620
iter 199: gpu_time_cuda = 0.133265
iter 199: download_copy_time_cuda = 0.000743
iter 199: upload_copy_time_cuda = 0.000784
iter 199: per_iter_time_cuda = 0.340916

iter 200: slack_cuda = 0.075856
iter 200: cpu_time_cuda = 0.203870
iter 200: gpu_time_cuda = 0.128014
iter 200: download_copy_time_cuda = 0.000738
iter 200: upload_copy_time_cuda = 0.000778
iter 200: per_iter_time_cuda = 0.333901

iter 201: slack_cuda = 0.077966
iter 201: cpu_time_cuda = 0.202174
iter 201: gpu_time_cuda = 0.124207
iter 201: download_copy_time_cuda = 0.000733
iter 201: upload_copy_time_cuda = 0.000769
iter 201: per_iter_time_cuda = 0.328374

iter 202: slack_cuda = 0.077046
iter 202: cpu_time_cuda = 0.200543
iter 202: gpu_time_cuda = 0.123497
iter 202: download_copy_time_cuda = 0.000722
iter 202: upload_copy_time_cuda = 0.000767
iter 202: per_iter_time_cuda = 0.326023

iter 203: slack_cuda = 0.077902
iter 203: cpu_time_cuda = 0.198892
iter 203: gpu_time_cuda = 0.120989
iter 203: download_copy_time_cuda = 0.000720
iter 203: upload_copy_time_cuda = 0.000766
iter 203: per_iter_time_cuda = 0.321865

iter 204: slack_cuda = 0.073183
iter 204: cpu_time_cuda = 0.197261
iter 204: gpu_time_cuda = 0.124077
iter 204: download_copy_time_cuda = 0.000706
iter 204: upload_copy_time_cuda = 0.000756
iter 204: per_iter_time_cuda = 0.323284

iter 205: slack_cuda = 0.078889
iter 205: cpu_time_cuda = 0.195609
iter 205: gpu_time_cuda = 0.116719
iter 205: download_copy_time_cuda = 0.000707
iter 205: upload_copy_time_cuda = 0.000745
iter 205: per_iter_time_cuda = 0.314261

iter 206: slack_cuda = 0.077649
iter 206: cpu_time_cuda = 0.193978
iter 206: gpu_time_cuda = 0.116328
iter 206: download_copy_time_cuda = 0.000703
iter 206: upload_copy_time_cuda = 0.000743
iter 206: per_iter_time_cuda = 0.312233

iter 207: slack_cuda = 0.079814
iter 207: cpu_time_cuda = 0.192267
iter 207: gpu_time_cuda = 0.112453
iter 207: download_copy_time_cuda = 0.000687
iter 207: upload_copy_time_cuda = 0.000731
iter 207: per_iter_time_cuda = 0.306623

iter 208: slack_cuda = 0.077167
iter 208: cpu_time_cuda = 0.190150
iter 208: gpu_time_cuda = 0.112982
iter 208: download_copy_time_cuda = 0.000685
iter 208: upload_copy_time_cuda = 0.000725
iter 208: per_iter_time_cuda = 0.305023

iter 209: slack_cuda = 0.071615
iter 209: cpu_time_cuda = 0.188501
iter 209: gpu_time_cuda = 0.116886
iter 209: download_copy_time_cuda = 0.000686
iter 209: upload_copy_time_cuda = 0.000731
iter 209: per_iter_time_cuda = 0.307290

iter 210: slack_cuda = 0.079104
iter 210: cpu_time_cuda = 0.186829
iter 210: gpu_time_cuda = 0.107725
iter 210: download_copy_time_cuda = 0.000679
iter 210: upload_copy_time_cuda = 0.000714
iter 210: per_iter_time_cuda = 0.296435

iter 211: slack_cuda = 0.081070
iter 211: cpu_time_cuda = 0.185156
iter 211: gpu_time_cuda = 0.104086
iter 211: download_copy_time_cuda = 0.000671
iter 211: upload_copy_time_cuda = 0.000709
iter 211: per_iter_time_cuda = 0.291091

iter 212: slack_cuda = 0.079371
iter 212: cpu_time_cuda = 0.183246
iter 212: gpu_time_cuda = 0.103875
iter 212: download_copy_time_cuda = 0.000668
iter 212: upload_copy_time_cuda = 0.000703
iter 212: per_iter_time_cuda = 0.288947

iter 213: slack_cuda = 0.079376
iter 213: cpu_time_cuda = 0.181415
iter 213: gpu_time_cuda = 0.102039
iter 213: download_copy_time_cuda = 0.000654
iter 213: upload_copy_time_cuda = 0.000696
iter 213: per_iter_time_cuda = 0.285273

iter 214: slack_cuda = 0.064422
iter 214: cpu_time_cuda = 0.179760
iter 214: gpu_time_cuda = 0.115338
iter 214: download_copy_time_cuda = 0.000655
iter 214: upload_copy_time_cuda = 0.000691
iter 214: per_iter_time_cuda = 0.296909

iter 215: slack_cuda = 0.070158
iter 215: cpu_time_cuda = 0.178012
iter 215: gpu_time_cuda = 0.107854
iter 215: download_copy_time_cuda = 0.000650
iter 215: upload_copy_time_cuda = 0.000684
iter 215: per_iter_time_cuda = 0.287647

iter 216: slack_cuda = 0.079394
iter 216: cpu_time_cuda = 0.176187
iter 216: gpu_time_cuda = 0.096793
iter 216: download_copy_time_cuda = 0.000639
iter 216: upload_copy_time_cuda = 0.000677
iter 216: per_iter_time_cuda = 0.274752

iter 217: slack_cuda = 0.081086
iter 217: cpu_time_cuda = 0.174606
iter 217: gpu_time_cuda = 0.093520
iter 217: download_copy_time_cuda = 0.000638
iter 217: upload_copy_time_cuda = 0.000672
iter 217: per_iter_time_cuda = 0.269880

iter 218: slack_cuda = 0.079006
iter 218: cpu_time_cuda = 0.172927
iter 218: gpu_time_cuda = 0.093920
iter 218: download_copy_time_cuda = 0.000623
iter 218: upload_copy_time_cuda = 0.000672
iter 218: per_iter_time_cuda = 0.268585

iter 219: slack_cuda = 0.075744
iter 219: cpu_time_cuda = 0.171328
iter 219: gpu_time_cuda = 0.095584
iter 219: download_copy_time_cuda = 0.000627
iter 219: upload_copy_time_cuda = 0.000666
iter 219: per_iter_time_cuda = 0.268645

iter 220: slack_cuda = 0.078888
iter 220: cpu_time_cuda = 0.169730
iter 220: gpu_time_cuda = 0.090843
iter 220: download_copy_time_cuda = 0.000627
iter 220: upload_copy_time_cuda = 0.000652
iter 220: per_iter_time_cuda = 0.262295

iter 221: slack_cuda = 0.080305
iter 221: cpu_time_cuda = 0.168137
iter 221: gpu_time_cuda = 0.087832
iter 221: download_copy_time_cuda = 0.000614
iter 221: upload_copy_time_cuda = 0.000648
iter 221: per_iter_time_cuda = 0.257671

iter 222: slack_cuda = 0.080338
iter 222: cpu_time_cuda = 0.166377
iter 222: gpu_time_cuda = 0.086039
iter 222: download_copy_time_cuda = 0.000603
iter 222: upload_copy_time_cuda = 0.000641
iter 222: per_iter_time_cuda = 0.254098

iter 223: slack_cuda = 0.080128
iter 223: cpu_time_cuda = 0.164623
iter 223: gpu_time_cuda = 0.084495
iter 223: download_copy_time_cuda = 0.000602
iter 223: upload_copy_time_cuda = 0.000637
iter 223: per_iter_time_cuda = 0.250789

iter 224: slack_cuda = 0.071389
iter 224: cpu_time_cuda = 0.162824
iter 224: gpu_time_cuda = 0.091435
iter 224: download_copy_time_cuda = 0.000591
iter 224: upload_copy_time_cuda = 0.000628
iter 224: per_iter_time_cuda = 0.255902

iter 225: slack_cuda = 0.080627
iter 225: cpu_time_cuda = 0.161157
iter 225: gpu_time_cuda = 0.080530
iter 225: download_copy_time_cuda = 0.000590
iter 225: upload_copy_time_cuda = 0.000635
iter 225: per_iter_time_cuda = 0.243342

iter 226: slack_cuda = 0.078814
iter 226: cpu_time_cuda = 0.159510
iter 226: gpu_time_cuda = 0.080696
iter 226: download_copy_time_cuda = 0.000585
iter 226: upload_copy_time_cuda = 0.000615
iter 226: per_iter_time_cuda = 0.241830

iter 227: slack_cuda = 0.078964
iter 227: cpu_time_cuda = 0.157890
iter 227: gpu_time_cuda = 0.078927
iter 227: download_copy_time_cuda = 0.000581
iter 227: upload_copy_time_cuda = 0.000612
iter 227: per_iter_time_cuda = 0.238437

iter 228: slack_cuda = 0.079290
iter 228: cpu_time_cuda = 0.156215
iter 228: gpu_time_cuda = 0.076925
iter 228: download_copy_time_cuda = 0.000570
iter 228: upload_copy_time_cuda = 0.000611
iter 228: per_iter_time_cuda = 0.234744

iter 229: slack_cuda = 0.081154
iter 229: cpu_time_cuda = 0.154639
iter 229: gpu_time_cuda = 0.073485
iter 229: download_copy_time_cuda = 0.000572
iter 229: upload_copy_time_cuda = 0.000597
iter 229: per_iter_time_cuda = 0.229721

iter 230: slack_cuda = 0.078696
iter 230: cpu_time_cuda = 0.152913
iter 230: gpu_time_cuda = 0.074217
iter 230: download_copy_time_cuda = 0.000556
iter 230: upload_copy_time_cuda = 0.000597
iter 230: per_iter_time_cuda = 0.228691

iter 231: slack_cuda = 0.073686
iter 231: cpu_time_cuda = 0.151191
iter 231: gpu_time_cuda = 0.077505
iter 231: download_copy_time_cuda = 0.000554
iter 231: upload_copy_time_cuda = 0.000586
iter 231: per_iter_time_cuda = 0.230241

iter 232: slack_cuda = 0.077851
iter 232: cpu_time_cuda = 0.149065
iter 232: gpu_time_cuda = 0.071214
iter 232: download_copy_time_cuda = 0.000564
iter 232: upload_copy_time_cuda = 0.000579
iter 232: per_iter_time_cuda = 0.221820

iter 233: slack_cuda = 0.078881
iter 233: cpu_time_cuda = 0.147189
iter 233: gpu_time_cuda = 0.068308
iter 233: download_copy_time_cuda = 0.000546
iter 233: upload_copy_time_cuda = 0.000572
iter 233: per_iter_time_cuda = 0.217014

iter 234: slack_cuda = 0.076886
iter 234: cpu_time_cuda = 0.145180
iter 234: gpu_time_cuda = 0.068294
iter 234: download_copy_time_cuda = 0.000538
iter 234: upload_copy_time_cuda = 0.000564
iter 234: per_iter_time_cuda = 0.214970

iter 235: slack_cuda = 0.077615
iter 235: cpu_time_cuda = 0.143560
iter 235: gpu_time_cuda = 0.065945
iter 235: download_copy_time_cuda = 0.000537
iter 235: upload_copy_time_cuda = 0.000560
iter 235: per_iter_time_cuda = 0.210992

iter 236: slack_cuda = 0.076359
iter 236: cpu_time_cuda = 0.141853
iter 236: gpu_time_cuda = 0.065494
iter 236: download_copy_time_cuda = 0.000531
iter 236: upload_copy_time_cuda = 0.000552
iter 236: per_iter_time_cuda = 0.208828

iter 237: slack_cuda = 0.076800
iter 237: cpu_time_cuda = 0.140221
iter 237: gpu_time_cuda = 0.063422
iter 237: download_copy_time_cuda = 0.000521
iter 237: upload_copy_time_cuda = 0.000547
iter 237: per_iter_time_cuda = 0.205105

iter 238: slack_cuda = 0.076733
iter 238: cpu_time_cuda = 0.138594
iter 238: gpu_time_cuda = 0.061862
iter 238: download_copy_time_cuda = 0.000520
iter 238: upload_copy_time_cuda = 0.000539
iter 238: per_iter_time_cuda = 0.201903

iter 239: slack_cuda = 0.077164
iter 239: cpu_time_cuda = 0.136912
iter 239: gpu_time_cuda = 0.059748
iter 239: download_copy_time_cuda = 0.000514
iter 239: upload_copy_time_cuda = 0.000535
iter 239: per_iter_time_cuda = 0.198094

iter 240: slack_cuda = 0.074003
iter 240: cpu_time_cuda = 0.135115
iter 240: gpu_time_cuda = 0.061112
iter 240: download_copy_time_cuda = 0.000504
iter 240: upload_copy_time_cuda = 0.000526
iter 240: per_iter_time_cuda = 0.197630

iter 241: slack_cuda = 0.068194
iter 241: cpu_time_cuda = 0.133475
iter 241: gpu_time_cuda = 0.065281
iter 241: download_copy_time_cuda = 0.000500
iter 241: upload_copy_time_cuda = 0.000522
iter 241: per_iter_time_cuda = 0.200156

iter 242: slack_cuda = 0.074772
iter 242: cpu_time_cuda = 0.131806
iter 242: gpu_time_cuda = 0.057034
iter 242: download_copy_time_cuda = 0.000486
iter 242: upload_copy_time_cuda = 0.000515
iter 242: per_iter_time_cuda = 0.190208

iter 243: slack_cuda = 0.076393
iter 243: cpu_time_cuda = 0.130188
iter 243: gpu_time_cuda = 0.053795
iter 243: download_copy_time_cuda = 0.000486
iter 243: upload_copy_time_cuda = 0.000508
iter 243: per_iter_time_cuda = 0.185348

iter 244: slack_cuda = 0.074938
iter 244: cpu_time_cuda = 0.128549
iter 244: gpu_time_cuda = 0.053611
iter 244: download_copy_time_cuda = 0.000484
iter 244: upload_copy_time_cuda = 0.000501
iter 244: per_iter_time_cuda = 0.183512

iter 245: slack_cuda = 0.074895
iter 245: cpu_time_cuda = 0.126864
iter 245: gpu_time_cuda = 0.051970
iter 245: download_copy_time_cuda = 0.000470
iter 245: upload_copy_time_cuda = 0.000496
iter 245: per_iter_time_cuda = 0.180178

iter 246: slack_cuda = 0.069568
iter 246: cpu_time_cuda = 0.125162
iter 246: gpu_time_cuda = 0.055593
iter 246: download_copy_time_cuda = 0.000469
iter 246: upload_copy_time_cuda = 0.000490
iter 246: per_iter_time_cuda = 0.182082

iter 247: slack_cuda = 0.069724
iter 247: cpu_time_cuda = 0.123428
iter 247: gpu_time_cuda = 0.053704
iter 247: download_copy_time_cuda = 0.000459
iter 247: upload_copy_time_cuda = 0.000483
iter 247: per_iter_time_cuda = 0.178424

iter 248: slack_cuda = 0.072790
iter 248: cpu_time_cuda = 0.121286
iter 248: gpu_time_cuda = 0.048496
iter 248: download_copy_time_cuda = 0.000454
iter 248: upload_copy_time_cuda = 0.000478
iter 248: per_iter_time_cuda = 0.171076

iter 249: slack_cuda = 0.073476
iter 249: cpu_time_cuda = 0.119442
iter 249: gpu_time_cuda = 0.045966
iter 249: download_copy_time_cuda = 0.000449
iter 249: upload_copy_time_cuda = 0.000472
iter 249: per_iter_time_cuda = 0.166684

iter 250: slack_cuda = 0.071297
iter 250: cpu_time_cuda = 0.117945
iter 250: gpu_time_cuda = 0.046648
iter 250: download_copy_time_cuda = 0.000450
iter 250: upload_copy_time_cuda = 0.000464
iter 250: per_iter_time_cuda = 0.165865

iter 251: slack_cuda = 0.068240
iter 251: cpu_time_cuda = 0.116426
iter 251: gpu_time_cuda = 0.048186
iter 251: download_copy_time_cuda = 0.000443
iter 251: upload_copy_time_cuda = 0.000460
iter 251: per_iter_time_cuda = 0.165867

iter 252: slack_cuda = 0.069738
iter 252: cpu_time_cuda = 0.114706
iter 252: gpu_time_cuda = 0.044968
iter 252: download_copy_time_cuda = 0.000433
iter 252: upload_copy_time_cuda = 0.000451
iter 252: per_iter_time_cuda = 0.160919

iter 253: slack_cuda = 0.071508
iter 253: cpu_time_cuda = 0.112996
iter 253: gpu_time_cuda = 0.041488
iter 253: download_copy_time_cuda = 0.000431
iter 253: upload_copy_time_cuda = 0.000446
iter 253: per_iter_time_cuda = 0.155718

iter 254: slack_cuda = 0.070008
iter 254: cpu_time_cuda = 0.111195
iter 254: gpu_time_cuda = 0.041187
iter 254: download_copy_time_cuda = 0.000420
iter 254: upload_copy_time_cuda = 0.000441
iter 254: per_iter_time_cuda = 0.153590

iter 255: slack_cuda = 0.069957
iter 255: cpu_time_cuda = 0.109161
iter 255: gpu_time_cuda = 0.039204
iter 255: download_copy_time_cuda = 0.000414
iter 255: upload_copy_time_cuda = 0.000433
iter 255: per_iter_time_cuda = 0.149578

iter 256: slack_cuda = 0.065000
iter 256: cpu_time_cuda = 0.106451
iter 256: gpu_time_cuda = 0.041451
iter 256: download_copy_time_cuda = 0.000413
iter 256: upload_copy_time_cuda = 0.000429
iter 256: per_iter_time_cuda = 0.149103

iter 257: slack_cuda = 0.066277
iter 257: cpu_time_cuda = 0.104638
iter 257: gpu_time_cuda = 0.038361
iter 257: download_copy_time_cuda = 0.000398
iter 257: upload_copy_time_cuda = 0.000424
iter 257: per_iter_time_cuda = 0.144173

iter 258: slack_cuda = 0.065574
iter 258: cpu_time_cuda = 0.102939
iter 258: gpu_time_cuda = 0.037365
iter 258: download_copy_time_cuda = 0.000396
iter 258: upload_copy_time_cuda = 0.000422
iter 258: per_iter_time_cuda = 0.141477

iter 259: slack_cuda = 0.066203
iter 259: cpu_time_cuda = 0.101262
iter 259: gpu_time_cuda = 0.035058
iter 259: download_copy_time_cuda = 0.000386
iter 259: upload_copy_time_cuda = 0.000410
iter 259: per_iter_time_cuda = 0.137464

iter 260: slack_cuda = 0.064661
iter 260: cpu_time_cuda = 0.099543
iter 260: gpu_time_cuda = 0.034882
iter 260: download_copy_time_cuda = 0.000385
iter 260: upload_copy_time_cuda = 0.000403
iter 260: per_iter_time_cuda = 0.135555

iter 261: slack_cuda = 0.064898
iter 261: cpu_time_cuda = 0.097990
iter 261: gpu_time_cuda = 0.033092
iter 261: download_copy_time_cuda = 0.000383
iter 261: upload_copy_time_cuda = 0.000397
iter 261: per_iter_time_cuda = 0.132199

iter 262: slack_cuda = 0.062796
iter 262: cpu_time_cuda = 0.096245
iter 262: gpu_time_cuda = 0.033449
iter 262: download_copy_time_cuda = 0.000380
iter 262: upload_copy_time_cuda = 0.000403
iter 262: per_iter_time_cuda = 0.130817

iter 263: slack_cuda = 0.061341
iter 263: cpu_time_cuda = 0.094555
iter 263: gpu_time_cuda = 0.033215
iter 263: download_copy_time_cuda = 0.000383
iter 263: upload_copy_time_cuda = 0.000396
iter 263: per_iter_time_cuda = 0.128879

iter 264: slack_cuda = 0.060703
iter 264: cpu_time_cuda = 0.092919
iter 264: gpu_time_cuda = 0.032216
iter 264: download_copy_time_cuda = 0.000364
iter 264: upload_copy_time_cuda = 0.000396
iter 264: per_iter_time_cuda = 0.126224

iter 265: slack_cuda = 0.061286
iter 265: cpu_time_cuda = 0.091298
iter 265: gpu_time_cuda = 0.030012
iter 265: download_copy_time_cuda = 0.000362
iter 265: upload_copy_time_cuda = 0.000402
iter 265: per_iter_time_cuda = 0.122412

iter 266: slack_cuda = 0.059851
iter 266: cpu_time_cuda = 0.089699
iter 266: gpu_time_cuda = 0.029848
iter 266: download_copy_time_cuda = 0.000363
iter 266: upload_copy_time_cuda = 0.000391
iter 266: per_iter_time_cuda = 0.120622

iter 267: slack_cuda = 0.057566
iter 267: cpu_time_cuda = 0.088048
iter 267: gpu_time_cuda = 0.030482
iter 267: download_copy_time_cuda = 0.000356
iter 267: upload_copy_time_cuda = 0.000381
iter 267: per_iter_time_cuda = 0.119576

iter 268: slack_cuda = 0.058775
iter 268: cpu_time_cuda = 0.086296
iter 268: gpu_time_cuda = 0.027520
iter 268: download_copy_time_cuda = 0.000337
iter 268: upload_copy_time_cuda = 0.000384
iter 268: per_iter_time_cuda = 0.114836

iter 269: slack_cuda = 0.059333
iter 269: cpu_time_cuda = 0.084641
iter 269: gpu_time_cuda = 0.025309
iter 269: download_copy_time_cuda = 0.000331
iter 269: upload_copy_time_cuda = 0.000385
iter 269: per_iter_time_cuda = 0.110963

iter 270: slack_cuda = 0.058010
iter 270: cpu_time_cuda = 0.082977
iter 270: gpu_time_cuda = 0.024967
iter 270: download_copy_time_cuda = 0.000329
iter 270: upload_copy_time_cuda = 0.000391
iter 270: per_iter_time_cuda = 0.108955

iter 271: slack_cuda = 0.057420
iter 271: cpu_time_cuda = 0.081253
iter 271: gpu_time_cuda = 0.023834
iter 271: download_copy_time_cuda = 0.000333
iter 271: upload_copy_time_cuda = 0.000384
iter 271: per_iter_time_cuda = 0.106101

iter 272: slack_cuda = 0.054805
iter 272: cpu_time_cuda = 0.079658
iter 272: gpu_time_cuda = 0.024853
iter 272: download_copy_time_cuda = 0.000312
iter 272: upload_copy_time_cuda = 0.000380
iter 272: per_iter_time_cuda = 0.105498

iter 273: slack_cuda = 0.054265
iter 273: cpu_time_cuda = 0.078008
iter 273: gpu_time_cuda = 0.023742
iter 273: download_copy_time_cuda = 0.000315
iter 273: upload_copy_time_cuda = 0.000380
iter 273: per_iter_time_cuda = 0.102736

iter 274: slack_cuda = 0.054707
iter 274: cpu_time_cuda = 0.076435
iter 274: gpu_time_cuda = 0.021728
iter 274: download_copy_time_cuda = 0.000300
iter 274: upload_copy_time_cuda = 0.000376
iter 274: per_iter_time_cuda = 0.099130

iter 275: slack_cuda = 0.054782
iter 275: cpu_time_cuda = 0.074808
iter 275: gpu_time_cuda = 0.020026
iter 275: download_copy_time_cuda = 0.000302
iter 275: upload_copy_time_cuda = 0.000375
iter 275: per_iter_time_cuda = 0.095794

iter 276: slack_cuda = 0.052808
iter 276: cpu_time_cuda = 0.073000
iter 276: gpu_time_cuda = 0.020192
iter 276: download_copy_time_cuda = 0.000303
iter 276: upload_copy_time_cuda = 0.000385
iter 276: per_iter_time_cuda = 0.094160

iter 277: slack_cuda = 0.050429
iter 277: cpu_time_cuda = 0.070897
iter 277: gpu_time_cuda = 0.020468
iter 277: download_copy_time_cuda = 0.000284
iter 277: upload_copy_time_cuda = 0.000378
iter 277: per_iter_time_cuda = 0.092301

iter 278: slack_cuda = 0.050070
iter 278: cpu_time_cuda = 0.069248
iter 278: gpu_time_cuda = 0.019178
iter 278: download_copy_time_cuda = 0.000288
iter 278: upload_copy_time_cuda = 0.000380
iter 278: per_iter_time_cuda = 0.089367

iter 279: slack_cuda = 0.050243
iter 279: cpu_time_cuda = 0.067544
iter 279: gpu_time_cuda = 0.017302
iter 279: download_copy_time_cuda = 0.000287
iter 279: upload_copy_time_cuda = 0.000367
iter 279: per_iter_time_cuda = 0.085770

iter 280: slack_cuda = 0.049056
iter 280: cpu_time_cuda = 0.065918
iter 280: gpu_time_cuda = 0.016862
iter 280: download_copy_time_cuda = 0.000266
iter 280: upload_copy_time_cuda = 0.000378
iter 280: per_iter_time_cuda = 0.083687

iter 281: slack_cuda = 0.048675
iter 281: cpu_time_cuda = 0.064197
iter 281: gpu_time_cuda = 0.015522
iter 281: download_copy_time_cuda = 0.000264
iter 281: upload_copy_time_cuda = 0.000374
iter 281: per_iter_time_cuda = 0.080620

iter 282: slack_cuda = 0.046069
iter 282: cpu_time_cuda = 0.062641
iter 282: gpu_time_cuda = 0.016573
iter 282: download_copy_time_cuda = 0.000264
iter 282: upload_copy_time_cuda = 0.000365
iter 282: per_iter_time_cuda = 0.080099

iter 283: slack_cuda = 0.045518
iter 283: cpu_time_cuda = 0.061061
iter 283: gpu_time_cuda = 0.015543
iter 283: download_copy_time_cuda = 0.000250
iter 283: upload_copy_time_cuda = 0.000370
iter 283: per_iter_time_cuda = 0.077481

iter 284: slack_cuda = 0.044839
iter 284: cpu_time_cuda = 0.059115
iter 284: gpu_time_cuda = 0.014276
iter 284: download_copy_time_cuda = 0.000267
iter 284: upload_copy_time_cuda = 0.000378
iter 284: per_iter_time_cuda = 0.074311

iter 285: slack_cuda = 0.044559
iter 285: cpu_time_cuda = 0.057411
iter 285: gpu_time_cuda = 0.012852
iter 285: download_copy_time_cuda = 0.000241
iter 285: upload_copy_time_cuda = 0.000377
iter 285: per_iter_time_cuda = 0.071132

iter 286: slack_cuda = 0.043019
iter 286: cpu_time_cuda = 0.055799
iter 286: gpu_time_cuda = 0.012780
iter 286: download_copy_time_cuda = 0.000234
iter 286: upload_copy_time_cuda = 0.000364
iter 286: per_iter_time_cuda = 0.069427

iter 287: slack_cuda = 0.041531
iter 287: cpu_time_cuda = 0.054195
iter 287: gpu_time_cuda = 0.012663
iter 287: download_copy_time_cuda = 0.000232
iter 287: upload_copy_time_cuda = 0.000364
iter 287: per_iter_time_cuda = 0.067703

iter 288: slack_cuda = 0.040732
iter 288: cpu_time_cuda = 0.052488
iter 288: gpu_time_cuda = 0.011757
iter 288: download_copy_time_cuda = 0.000227
iter 288: upload_copy_time_cuda = 0.000358
iter 288: per_iter_time_cuda = 0.065068

iter 289: slack_cuda = 0.039721
iter 289: cpu_time_cuda = 0.050857
iter 289: gpu_time_cuda = 0.011136
iter 289: download_copy_time_cuda = 0.000211
iter 289: upload_copy_time_cuda = 0.000357
iter 289: per_iter_time_cuda = 0.062804

iter 290: slack_cuda = 0.038631
iter 290: cpu_time_cuda = 0.049218
iter 290: gpu_time_cuda = 0.010587
iter 290: download_copy_time_cuda = 0.000211
iter 290: upload_copy_time_cuda = 0.000359
iter 290: per_iter_time_cuda = 0.060614

iter 291: slack_cuda = 0.037957
iter 291: cpu_time_cuda = 0.047590
iter 291: gpu_time_cuda = 0.009633
iter 291: download_copy_time_cuda = 0.000209
iter 291: upload_copy_time_cuda = 0.000357
iter 291: per_iter_time_cuda = 0.058031

iter 292: slack_cuda = 0.036183
iter 292: cpu_time_cuda = 0.045928
iter 292: gpu_time_cuda = 0.009745
iter 292: download_copy_time_cuda = 0.000196
iter 292: upload_copy_time_cuda = 0.000369
iter 292: per_iter_time_cuda = 0.056468

iter 293: slack_cuda = 0.035509
iter 293: cpu_time_cuda = 0.044281
iter 293: gpu_time_cuda = 0.008772
iter 293: download_copy_time_cuda = 0.000195
iter 293: upload_copy_time_cuda = 0.000372
iter 293: per_iter_time_cuda = 0.053855

iter 294: slack_cuda = 0.034193
iter 294: cpu_time_cuda = 0.042654
iter 294: gpu_time_cuda = 0.008461
iter 294: download_copy_time_cuda = 0.000196
iter 294: upload_copy_time_cuda = 0.000360
iter 294: per_iter_time_cuda = 0.051900

iter 295: slack_cuda = 0.033193
iter 295: cpu_time_cuda = 0.040906
iter 295: gpu_time_cuda = 0.007713
iter 295: download_copy_time_cuda = 0.000187
iter 295: upload_copy_time_cuda = 0.000354
iter 295: per_iter_time_cuda = 0.049392

iter 296: slack_cuda = 0.031981
iter 296: cpu_time_cuda = 0.039324
iter 296: gpu_time_cuda = 0.007343
iter 296: download_copy_time_cuda = 0.000177
iter 296: upload_copy_time_cuda = 0.000353
iter 296: per_iter_time_cuda = 0.047425

iter 297: slack_cuda = 0.031228
iter 297: cpu_time_cuda = 0.037712
iter 297: gpu_time_cuda = 0.006484
iter 297: download_copy_time_cuda = 0.000168
iter 297: upload_copy_time_cuda = 0.000354
iter 297: per_iter_time_cuda = 0.044941

iter 298: slack_cuda = 0.029361
iter 298: cpu_time_cuda = 0.035791
iter 298: gpu_time_cuda = 0.006430
iter 298: download_copy_time_cuda = 0.000162
iter 298: upload_copy_time_cuda = 0.000354
iter 298: per_iter_time_cuda = 0.042959

iter 299: slack_cuda = 0.027971
iter 299: cpu_time_cuda = 0.033864
iter 299: gpu_time_cuda = 0.005893
iter 299: download_copy_time_cuda = 0.000165
iter 299: upload_copy_time_cuda = 0.000353
iter 299: per_iter_time_cuda = 0.040494

iter 300: slack_cuda = 0.026822
iter 300: cpu_time_cuda = 0.032226
iter 300: gpu_time_cuda = 0.005405
iter 300: download_copy_time_cuda = 0.000159
iter 300: upload_copy_time_cuda = 0.000350
iter 300: per_iter_time_cuda = 0.038356

iter 301: slack_cuda = 0.025657
iter 301: cpu_time_cuda = 0.030550
iter 301: gpu_time_cuda = 0.004892
iter 301: download_copy_time_cuda = 0.000153
iter 301: upload_copy_time_cuda = 0.000350
iter 301: per_iter_time_cuda = 0.036159

iter 302: slack_cuda = 0.024275
iter 302: cpu_time_cuda = 0.028862
iter 302: gpu_time_cuda = 0.004587
iter 302: download_copy_time_cuda = 0.000144
iter 302: upload_copy_time_cuda = 0.000349
iter 302: per_iter_time_cuda = 0.034153

iter 303: slack_cuda = 0.023021
iter 303: cpu_time_cuda = 0.027237
iter 303: gpu_time_cuda = 0.004216
iter 303: download_copy_time_cuda = 0.000141
iter 303: upload_copy_time_cuda = 0.000354
iter 303: per_iter_time_cuda = 0.032158

iter 304: slack_cuda = 0.021986
iter 304: cpu_time_cuda = 0.025867
iter 304: gpu_time_cuda = 0.003881
iter 304: download_copy_time_cuda = 0.000126
iter 304: upload_copy_time_cuda = 0.000350
iter 304: per_iter_time_cuda = 0.030428

iter 305: slack_cuda = 0.020459
iter 305: cpu_time_cuda = 0.023958
iter 305: gpu_time_cuda = 0.003499
iter 305: download_copy_time_cuda = 0.000121
iter 305: upload_copy_time_cuda = 0.000344
iter 305: per_iter_time_cuda = 0.028125

iter 306: slack_cuda = 0.019195
iter 306: cpu_time_cuda = 0.022409
iter 306: gpu_time_cuda = 0.003214
iter 306: download_copy_time_cuda = 0.000121
iter 306: upload_copy_time_cuda = 0.000341
iter 306: per_iter_time_cuda = 0.026278

iter 307: slack_cuda = 0.018076
iter 307: cpu_time_cuda = 0.020825
iter 307: gpu_time_cuda = 0.002750
iter 307: download_copy_time_cuda = 0.000121
iter 307: upload_copy_time_cuda = 0.000341
iter 307: per_iter_time_cuda = 0.024231

iter 308: slack_cuda = 0.016400
iter 308: cpu_time_cuda = 0.019107
iter 308: gpu_time_cuda = 0.002707
iter 308: download_copy_time_cuda = 0.000109
iter 308: upload_copy_time_cuda = 0.000342
iter 308: per_iter_time_cuda = 0.022457

iter 309: slack_cuda = 0.015018
iter 309: cpu_time_cuda = 0.017488
iter 309: gpu_time_cuda = 0.002470
iter 309: download_copy_time_cuda = 0.000108
iter 309: upload_copy_time_cuda = 0.000348
iter 309: per_iter_time_cuda = 0.020608

iter 310: slack_cuda = 0.013752
iter 310: cpu_time_cuda = 0.015816
iter 310: gpu_time_cuda = 0.002064
iter 310: download_copy_time_cuda = 0.000105
iter 310: upload_copy_time_cuda = 0.000343
iter 310: per_iter_time_cuda = 0.018512

iter 311: slack_cuda = 0.012351
iter 311: cpu_time_cuda = 0.014230
iter 311: gpu_time_cuda = 0.001879
iter 311: download_copy_time_cuda = 0.000098
iter 311: upload_copy_time_cuda = 0.000337
iter 311: per_iter_time_cuda = 0.016724

iter 312: slack_cuda = 0.010858
iter 312: cpu_time_cuda = 0.012574
iter 312: gpu_time_cuda = 0.001716
iter 312: download_copy_time_cuda = 0.000096
iter 312: upload_copy_time_cuda = 0.000338
iter 312: per_iter_time_cuda = 0.014903

iter 313: slack_cuda = 0.009811
iter 313: cpu_time_cuda = 0.011126
iter 313: gpu_time_cuda = 0.001315
iter 313: download_copy_time_cuda = 0.000099
iter 313: upload_copy_time_cuda = 0.000332
iter 313: per_iter_time_cuda = 0.013050

iter 314: slack_cuda = 0.008508
iter 314: cpu_time_cuda = 0.009722
iter 314: gpu_time_cuda = 0.001214
iter 314: download_copy_time_cuda = 0.000093
iter 314: upload_copy_time_cuda = 0.000329
iter 314: per_iter_time_cuda = 0.011532

iter 315: slack_cuda = 0.007223
iter 315: cpu_time_cuda = 0.008311
iter 315: gpu_time_cuda = 0.001087
iter 315: download_copy_time_cuda = 0.000088
iter 315: upload_copy_time_cuda = 0.000334
iter 315: per_iter_time_cuda = 0.009992

iter 316: slack_cuda = 0.005874
iter 316: cpu_time_cuda = 0.006858
iter 316: gpu_time_cuda = 0.000983
iter 316: download_copy_time_cuda = 0.000091
iter 316: upload_copy_time_cuda = 0.000335
iter 316: per_iter_time_cuda = 0.008527

iter 317: slack_cuda = 0.004455
iter 317: cpu_time_cuda = 0.005386
iter 317: gpu_time_cuda = 0.000931
iter 317: download_copy_time_cuda = 0.000080
iter 317: upload_copy_time_cuda = 0.000334
iter 317: per_iter_time_cuda = 0.006909

iter 318: slack_cuda = 0.003077
iter 318: cpu_time_cuda = 0.003955
iter 318: gpu_time_cuda = 0.000878
iter 318: download_copy_time_cuda = 0.000078
iter 318: upload_copy_time_cuda = 0.000334
iter 318: per_iter_time_cuda = 0.005411

iter 319: slack_cuda = 0.002187
iter 319: cpu_time_cuda = 0.002200
iter 319: gpu_time_cuda = 0.000013
iter 319: download_copy_time_cuda = 0.000077
iter 319: upload_copy_time_cuda = 0.000332
iter 319: per_iter_time_cuda = 0.002688

total_cpu_time_cuda = 86.522408
total_gpu_time_cuda = 92.946564
total_copy_time_cuda = 0.657369
main_loop_time_cuda = 180.365280
Normalized difference of predicted CPU runtime per iteration is: 0.000000%
Normalized difference of predicted GPU runtime per iteration is: 0.000000%
Normalized difference of predicted slack per iteration is: 0.000000%
20480 20480     ---   (  ---  )     30.38 ( 188.49)     ---   
total_time = 215.025080
188.42user 26.42system 3:36.32elapsed 99%CPU (0avgtext+0avgdata 3429832maxresident)k
0inputs+0outputs (0major+839479minor)pagefaults 0swaps
send out message: 22 3 log
