send out message: 24 37 /home/lchen/MAGMA/magma-1.5.0/results
send out message: 20 26 MAGMA_LU_GPUDVFS.total.pwr
MAGMA 1.5.0  compiled for CUDA capability >= 3.0
CUDA runtime 5000, driver 6050. MAGMA not compiled with OpenMP. 
device 0: Tesla K20c, 705.5 MHz clock, 4799.6 MB memory, capability 3.5
Usage: /home/lchen/MAGMA/magma-1.5.0/testing/testing_dgetrf [options] [-h|--help]

ngpu 1
    M     N   CPU GFlop/s (sec)   GPU GFlop/s (sec)   |PA-LU|/(N*|A|)
=========================================================================
init_time = 0.819439
iter 0: slack_cuda = 0.000000
iter 0: cpu_time_cuda = 0.000000
iter 0: gpu_time_cuda = 0.000000
iter 0: download_copy_time_cuda = 0.000000
iter 0: upload_copy_time_cuda = 0.000508
iter 0: per_iter_time_cuda = 0.000810

iter 1: slack_cuda = 0.017022
iter 1: cpu_time_cuda = 0.075059
iter 1: gpu_time_cuda = 0.058037
iter 1: download_copy_time_cuda = 0.000479
iter 1: upload_copy_time_cuda = 0.000492
iter 1: per_iter_time_cuda = 0.134328

iter 2: slack_cuda = -0.000968
iter 2: cpu_time_cuda = 0.056055
iter 2: gpu_time_cuda = 0.057024
iter 2: download_copy_time_cuda = 0.000457
iter 2: upload_copy_time_cuda = 0.000476
iter 2: per_iter_time_cuda = 0.114268

iter 3: slack_cuda = 0.000135
iter 3: cpu_time_cuda = 0.055318
iter 3: gpu_time_cuda = 0.055182
iter 3: download_copy_time_cuda = 0.000450
iter 3: upload_copy_time_cuda = 0.000469
iter 3: per_iter_time_cuda = 0.111674

iter 4: slack_cuda = 0.000195
iter 4: cpu_time_cuda = 0.054620
iter 4: gpu_time_cuda = 0.054424
iter 4: download_copy_time_cuda = 0.000451
iter 4: upload_copy_time_cuda = 0.000465
iter 4: per_iter_time_cuda = 0.110203

iter 5: slack_cuda = 0.001238
iter 5: cpu_time_cuda = 0.053931
iter 5: gpu_time_cuda = 0.052693
iter 5: download_copy_time_cuda = 0.000437
iter 5: upload_copy_time_cuda = 0.000461
iter 5: per_iter_time_cuda = 0.107765

iter 6: slack_cuda = 0.001851
iter 6: cpu_time_cuda = 0.053301
iter 6: gpu_time_cuda = 0.051450
iter 6: download_copy_time_cuda = 0.000434
iter 6: upload_copy_time_cuda = 0.000458
iter 6: per_iter_time_cuda = 0.105887

iter 7: slack_cuda = 0.003111
iter 7: cpu_time_cuda = 0.052573
iter 7: gpu_time_cuda = 0.049462
iter 7: download_copy_time_cuda = 0.000433
iter 7: upload_copy_time_cuda = 0.000449
iter 7: per_iter_time_cuda = 0.103160

iter 8: slack_cuda = 0.002855
iter 8: cpu_time_cuda = 0.052007
iter 8: gpu_time_cuda = 0.049152
iter 8: download_copy_time_cuda = 0.000422
iter 8: upload_copy_time_cuda = 0.000445
iter 8: per_iter_time_cuda = 0.102267

iter 9: slack_cuda = 0.004051
iter 9: cpu_time_cuda = 0.051246
iter 9: gpu_time_cuda = 0.047195
iter 9: download_copy_time_cuda = 0.000416
iter 9: upload_copy_time_cuda = 0.000442
iter 9: per_iter_time_cuda = 0.099538

iter 10: slack_cuda = 0.004086
iter 10: cpu_time_cuda = 0.050646
iter 10: gpu_time_cuda = 0.046560
iter 10: download_copy_time_cuda = 0.000415
iter 10: upload_copy_time_cuda = 0.000437
iter 10: per_iter_time_cuda = 0.098300

iter 11: slack_cuda = 0.005103
iter 11: cpu_time_cuda = 0.049861
iter 11: gpu_time_cuda = 0.044758
iter 11: download_copy_time_cuda = 0.000405
iter 11: upload_copy_time_cuda = 0.000429
iter 11: per_iter_time_cuda = 0.095698

iter 12: slack_cuda = 0.005034
iter 12: cpu_time_cuda = 0.049170
iter 12: gpu_time_cuda = 0.044136
iter 12: download_copy_time_cuda = 0.000400
iter 12: upload_copy_time_cuda = 0.000424
iter 12: per_iter_time_cuda = 0.094369

iter 13: slack_cuda = 0.005934
iter 13: cpu_time_cuda = 0.048449
iter 13: gpu_time_cuda = 0.042515
iter 13: download_copy_time_cuda = 0.000402
iter 13: upload_copy_time_cuda = 0.000413
iter 13: per_iter_time_cuda = 0.092010

iter 14: slack_cuda = 0.005729
iter 14: cpu_time_cuda = 0.047616
iter 14: gpu_time_cuda = 0.041888
iter 14: download_copy_time_cuda = 0.000391
iter 14: upload_copy_time_cuda = 0.000410
iter 14: per_iter_time_cuda = 0.090543

iter 15: slack_cuda = 0.006601
iter 15: cpu_time_cuda = 0.046803
iter 15: gpu_time_cuda = 0.040202
iter 15: download_copy_time_cuda = 0.000385
iter 15: upload_copy_time_cuda = 0.000404
iter 15: per_iter_time_cuda = 0.088030

iter 16: slack_cuda = 0.006622
iter 16: cpu_time_cuda = 0.046243
iter 16: gpu_time_cuda = 0.039621
iter 16: download_copy_time_cuda = 0.000383
iter 16: upload_copy_time_cuda = 0.000398
iter 16: per_iter_time_cuda = 0.086885

iter 17: slack_cuda = 0.006984
iter 17: cpu_time_cuda = 0.045164
iter 17: gpu_time_cuda = 0.038180
iter 17: download_copy_time_cuda = 0.000371
iter 17: upload_copy_time_cuda = 0.000391
iter 17: per_iter_time_cuda = 0.084339

iter 18: slack_cuda = 0.006817
iter 18: cpu_time_cuda = 0.044480
iter 18: gpu_time_cuda = 0.037664
iter 18: download_copy_time_cuda = 0.000368
iter 18: upload_copy_time_cuda = 0.000386
iter 18: per_iter_time_cuda = 0.083132

iter 19: slack_cuda = 0.007826
iter 19: cpu_time_cuda = 0.043700
iter 19: gpu_time_cuda = 0.035874
iter 19: download_copy_time_cuda = 0.000368
iter 19: upload_copy_time_cuda = 0.000379
iter 19: per_iter_time_cuda = 0.080553

iter 20: slack_cuda = 0.007916
iter 20: cpu_time_cuda = 0.042929
iter 20: gpu_time_cuda = 0.035013
iter 20: download_copy_time_cuda = 0.000355
iter 20: upload_copy_time_cuda = 0.000375
iter 20: per_iter_time_cuda = 0.078904

iter 21: slack_cuda = 0.008832
iter 21: cpu_time_cuda = 0.042301
iter 21: gpu_time_cuda = 0.033469
iter 21: download_copy_time_cuda = 0.000354
iter 21: upload_copy_time_cuda = 0.000367
iter 21: per_iter_time_cuda = 0.076725

iter 22: slack_cuda = 0.008542
iter 22: cpu_time_cuda = 0.041511
iter 22: gpu_time_cuda = 0.032969
iter 22: download_copy_time_cuda = 0.000352
iter 22: upload_copy_time_cuda = 0.000364
iter 22: per_iter_time_cuda = 0.075430

iter 23: slack_cuda = 0.008853
iter 23: cpu_time_cuda = 0.040701
iter 23: gpu_time_cuda = 0.031848
iter 23: download_copy_time_cuda = 0.000338
iter 23: upload_copy_time_cuda = 0.000359
iter 23: per_iter_time_cuda = 0.073485

iter 24: slack_cuda = 0.009060
iter 24: cpu_time_cuda = 0.040294
iter 24: gpu_time_cuda = 0.031234
iter 24: download_copy_time_cuda = 0.000336
iter 24: upload_copy_time_cuda = 0.000352
iter 24: per_iter_time_cuda = 0.072453

iter 25: slack_cuda = 0.009458
iter 25: cpu_time_cuda = 0.039508
iter 25: gpu_time_cuda = 0.030050
iter 25: download_copy_time_cuda = 0.000335
iter 25: upload_copy_time_cuda = 0.000346
iter 25: per_iter_time_cuda = 0.070470

iter 26: slack_cuda = 0.009988
iter 26: cpu_time_cuda = 0.039069
iter 26: gpu_time_cuda = 0.029081
iter 26: download_copy_time_cuda = 0.000322
iter 26: upload_copy_time_cuda = 0.000340
iter 26: per_iter_time_cuda = 0.069035

iter 27: slack_cuda = 0.009949
iter 27: cpu_time_cuda = 0.038120
iter 27: gpu_time_cuda = 0.028170
iter 27: download_copy_time_cuda = 0.000321
iter 27: upload_copy_time_cuda = 0.000335
iter 27: per_iter_time_cuda = 0.067145

iter 28: slack_cuda = 0.010391
iter 28: cpu_time_cuda = 0.037373
iter 28: gpu_time_cuda = 0.026982
iter 28: download_copy_time_cuda = 0.000310
iter 28: upload_copy_time_cuda = 0.000329
iter 28: per_iter_time_cuda = 0.065189

iter 29: slack_cuda = 0.010959
iter 29: cpu_time_cuda = 0.037085
iter 29: gpu_time_cuda = 0.026126
iter 29: download_copy_time_cuda = 0.000306
iter 29: upload_copy_time_cuda = 0.000326
iter 29: per_iter_time_cuda = 0.064041

iter 30: slack_cuda = 0.010735
iter 30: cpu_time_cuda = 0.035908
iter 30: gpu_time_cuda = 0.025173
iter 30: download_copy_time_cuda = 0.000306
iter 30: upload_copy_time_cuda = 0.000318
iter 30: per_iter_time_cuda = 0.061911

iter 31: slack_cuda = 0.011549
iter 31: cpu_time_cuda = 0.035684
iter 31: gpu_time_cuda = 0.024135
iter 31: download_copy_time_cuda = 0.000294
iter 31: upload_copy_time_cuda = 0.000311
iter 31: per_iter_time_cuda = 0.060616

iter 32: slack_cuda = 0.011093
iter 32: cpu_time_cuda = 0.034463
iter 32: gpu_time_cuda = 0.023370
iter 32: download_copy_time_cuda = 0.000287
iter 32: upload_copy_time_cuda = 0.000304
iter 32: per_iter_time_cuda = 0.058618

iter 33: slack_cuda = 0.011833
iter 33: cpu_time_cuda = 0.034297
iter 33: gpu_time_cuda = 0.022464
iter 33: download_copy_time_cuda = 0.000286
iter 33: upload_copy_time_cuda = 0.000298
iter 33: per_iter_time_cuda = 0.057534

iter 34: slack_cuda = 0.011635
iter 34: cpu_time_cuda = 0.033200
iter 34: gpu_time_cuda = 0.021565
iter 34: download_copy_time_cuda = 0.000277
iter 34: upload_copy_time_cuda = 0.000289
iter 34: per_iter_time_cuda = 0.055521

iter 35: slack_cuda = 0.011978
iter 35: cpu_time_cuda = 0.032827
iter 35: gpu_time_cuda = 0.020850
iter 35: download_copy_time_cuda = 0.000269
iter 35: upload_copy_time_cuda = 0.000290
iter 35: per_iter_time_cuda = 0.054423

iter 36: slack_cuda = 0.011391
iter 36: cpu_time_cuda = 0.031591
iter 36: gpu_time_cuda = 0.020200
iter 36: download_copy_time_cuda = 0.000271
iter 36: upload_copy_time_cuda = 0.000281
iter 36: per_iter_time_cuda = 0.052527

iter 37: slack_cuda = 0.011967
iter 37: cpu_time_cuda = 0.031122
iter 37: gpu_time_cuda = 0.019155
iter 37: download_copy_time_cuda = 0.000260
iter 37: upload_copy_time_cuda = 0.000277
iter 37: per_iter_time_cuda = 0.051002

iter 38: slack_cuda = 0.011159
iter 38: cpu_time_cuda = 0.029948
iter 38: gpu_time_cuda = 0.018789
iter 38: download_copy_time_cuda = 0.000257
iter 38: upload_copy_time_cuda = 0.000272
iter 38: per_iter_time_cuda = 0.049450

iter 39: slack_cuda = 0.011653
iter 39: cpu_time_cuda = 0.029449
iter 39: gpu_time_cuda = 0.017796
iter 39: download_copy_time_cuda = 0.000256
iter 39: upload_copy_time_cuda = 0.000263
iter 39: per_iter_time_cuda = 0.047948

iter 40: slack_cuda = 0.011448
iter 40: cpu_time_cuda = 0.028615
iter 40: gpu_time_cuda = 0.017167
iter 40: download_copy_time_cuda = 0.000245
iter 40: upload_copy_time_cuda = 0.000257
iter 40: per_iter_time_cuda = 0.046465

iter 41: slack_cuda = 0.011598
iter 41: cpu_time_cuda = 0.027877
iter 41: gpu_time_cuda = 0.016279
iter 41: download_copy_time_cuda = 0.000239
iter 41: upload_copy_time_cuda = 0.000254
iter 41: per_iter_time_cuda = 0.044833

iter 42: slack_cuda = 0.011716
iter 42: cpu_time_cuda = 0.027487
iter 42: gpu_time_cuda = 0.015771
iter 42: download_copy_time_cuda = 0.000240
iter 42: upload_copy_time_cuda = 0.000250
iter 42: per_iter_time_cuda = 0.043933

iter 43: slack_cuda = 0.011664
iter 43: cpu_time_cuda = 0.026487
iter 43: gpu_time_cuda = 0.014823
iter 43: download_copy_time_cuda = 0.000229
iter 43: upload_copy_time_cuda = 0.000240
iter 43: per_iter_time_cuda = 0.041967

iter 44: slack_cuda = 0.011602
iter 44: cpu_time_cuda = 0.025860
iter 44: gpu_time_cuda = 0.014258
iter 44: download_copy_time_cuda = 0.000225
iter 44: upload_copy_time_cuda = 0.000236
iter 44: per_iter_time_cuda = 0.040759

iter 45: slack_cuda = 0.011631
iter 45: cpu_time_cuda = 0.025072
iter 45: gpu_time_cuda = 0.013441
iter 45: download_copy_time_cuda = 0.000224
iter 45: upload_copy_time_cuda = 0.000230
iter 45: per_iter_time_cuda = 0.039145

iter 46: slack_cuda = 0.011444
iter 46: cpu_time_cuda = 0.024367
iter 46: gpu_time_cuda = 0.012922
iter 46: download_copy_time_cuda = 0.000213
iter 46: upload_copy_time_cuda = 0.000224
iter 46: per_iter_time_cuda = 0.037907

iter 47: slack_cuda = 0.011556
iter 47: cpu_time_cuda = 0.023740
iter 47: gpu_time_cuda = 0.012184
iter 47: download_copy_time_cuda = 0.000210
iter 47: upload_copy_time_cuda = 0.000214
iter 47: per_iter_time_cuda = 0.036531

iter 48: slack_cuda = 0.011360
iter 48: cpu_time_cuda = 0.023010
iter 48: gpu_time_cuda = 0.011649
iter 48: download_copy_time_cuda = 0.000205
iter 48: upload_copy_time_cuda = 0.000212
iter 48: per_iter_time_cuda = 0.035253

iter 49: slack_cuda = 0.011394
iter 49: cpu_time_cuda = 0.022323
iter 49: gpu_time_cuda = 0.010929
iter 49: download_copy_time_cuda = 0.000193
iter 49: upload_copy_time_cuda = 0.000206
iter 49: per_iter_time_cuda = 0.033827

iter 50: slack_cuda = 0.011210
iter 50: cpu_time_cuda = 0.021641
iter 50: gpu_time_cuda = 0.010431
iter 50: download_copy_time_cuda = 0.000190
iter 50: upload_copy_time_cuda = 0.000198
iter 50: per_iter_time_cuda = 0.032635

iter 51: slack_cuda = 0.011435
iter 51: cpu_time_cuda = 0.021274
iter 51: gpu_time_cuda = 0.009839
iter 51: download_copy_time_cuda = 0.000190
iter 51: upload_copy_time_cuda = 0.000193
iter 51: per_iter_time_cuda = 0.031671

iter 52: slack_cuda = 0.010817
iter 52: cpu_time_cuda = 0.020291
iter 52: gpu_time_cuda = 0.009474
iter 52: download_copy_time_cuda = 0.000179
iter 52: upload_copy_time_cuda = 0.000187
iter 52: per_iter_time_cuda = 0.030305

iter 53: slack_cuda = 0.010765
iter 53: cpu_time_cuda = 0.019466
iter 53: gpu_time_cuda = 0.008701
iter 53: download_copy_time_cuda = 0.000176
iter 53: upload_copy_time_cuda = 0.000183
iter 53: per_iter_time_cuda = 0.028695

iter 54: slack_cuda = 0.010573
iter 54: cpu_time_cuda = 0.018844
iter 54: gpu_time_cuda = 0.008271
iter 54: download_copy_time_cuda = 0.000173
iter 54: upload_copy_time_cuda = 0.000176
iter 54: per_iter_time_cuda = 0.027631

iter 55: slack_cuda = 0.010437
iter 55: cpu_time_cuda = 0.018047
iter 55: gpu_time_cuda = 0.007610
iter 55: download_copy_time_cuda = 0.000164
iter 55: upload_copy_time_cuda = 0.000172
iter 55: per_iter_time_cuda = 0.026158

iter 56: slack_cuda = 0.010024
iter 56: cpu_time_cuda = 0.017292
iter 56: gpu_time_cuda = 0.007268
iter 56: download_copy_time_cuda = 0.000159
iter 56: upload_copy_time_cuda = 0.000169
iter 56: per_iter_time_cuda = 0.025050

iter 57: slack_cuda = 0.010007
iter 57: cpu_time_cuda = 0.016577
iter 57: gpu_time_cuda = 0.006570
iter 57: download_copy_time_cuda = 0.000158
iter 57: upload_copy_time_cuda = 0.000160
iter 57: per_iter_time_cuda = 0.023628

iter 58: slack_cuda = 0.009465
iter 58: cpu_time_cuda = 0.015740
iter 58: gpu_time_cuda = 0.006276
iter 58: download_copy_time_cuda = 0.000146
iter 58: upload_copy_time_cuda = 0.000154
iter 58: per_iter_time_cuda = 0.022478

iter 59: slack_cuda = 0.009427
iter 59: cpu_time_cuda = 0.015271
iter 59: gpu_time_cuda = 0.005844
iter 59: download_copy_time_cuda = 0.000145
iter 59: upload_copy_time_cuda = 0.000159
iter 59: per_iter_time_cuda = 0.021582

iter 60: slack_cuda = 0.008836
iter 60: cpu_time_cuda = 0.014189
iter 60: gpu_time_cuda = 0.005353
iter 60: download_copy_time_cuda = 0.000144
iter 60: upload_copy_time_cuda = 0.000155
iter 60: per_iter_time_cuda = 0.020005

iter 61: slack_cuda = 0.008570
iter 61: cpu_time_cuda = 0.013422
iter 61: gpu_time_cuda = 0.004852
iter 61: download_copy_time_cuda = 0.000131
iter 61: upload_copy_time_cuda = 0.000157
iter 61: per_iter_time_cuda = 0.018719

iter 62: slack_cuda = 0.008098
iter 62: cpu_time_cuda = 0.012710
iter 62: gpu_time_cuda = 0.004612
iter 62: download_copy_time_cuda = 0.000129
iter 62: upload_copy_time_cuda = 0.000158
iter 62: per_iter_time_cuda = 0.017768

iter 63: slack_cuda = 0.007928
iter 63: cpu_time_cuda = 0.012066
iter 63: gpu_time_cuda = 0.004138
iter 63: download_copy_time_cuda = 0.000128
iter 63: upload_copy_time_cuda = 0.000150
iter 63: per_iter_time_cuda = 0.016637

iter 64: slack_cuda = 0.007521
iter 64: cpu_time_cuda = 0.011313
iter 64: gpu_time_cuda = 0.003792
iter 64: download_copy_time_cuda = 0.000109
iter 64: upload_copy_time_cuda = 0.000148
iter 64: per_iter_time_cuda = 0.015523

iter 65: slack_cuda = 0.007304
iter 65: cpu_time_cuda = 0.010778
iter 65: gpu_time_cuda = 0.003473
iter 65: download_copy_time_cuda = 0.000111
iter 65: upload_copy_time_cuda = 0.000150
iter 65: per_iter_time_cuda = 0.014672

iter 66: slack_cuda = 0.007208
iter 66: cpu_time_cuda = 0.010282
iter 66: gpu_time_cuda = 0.003074
iter 66: download_copy_time_cuda = 0.000110
iter 66: upload_copy_time_cuda = 0.000145
iter 66: per_iter_time_cuda = 0.013769

iter 67: slack_cuda = 0.006705
iter 67: cpu_time_cuda = 0.009379
iter 67: gpu_time_cuda = 0.002674
iter 67: download_copy_time_cuda = 0.000097
iter 67: upload_copy_time_cuda = 0.000146
iter 67: per_iter_time_cuda = 0.012456

iter 68: slack_cuda = 0.006127
iter 68: cpu_time_cuda = 0.008676
iter 68: gpu_time_cuda = 0.002549
iter 68: download_copy_time_cuda = 0.000095
iter 68: upload_copy_time_cuda = 0.000139
iter 68: per_iter_time_cuda = 0.011620

iter 69: slack_cuda = 0.005621
iter 69: cpu_time_cuda = 0.008003
iter 69: gpu_time_cuda = 0.002382
iter 69: download_copy_time_cuda = 0.000094
iter 69: upload_copy_time_cuda = 0.000144
iter 69: per_iter_time_cuda = 0.010778

iter 70: slack_cuda = 0.005395
iter 70: cpu_time_cuda = 0.007328
iter 70: gpu_time_cuda = 0.001933
iter 70: download_copy_time_cuda = 0.000082
iter 70: upload_copy_time_cuda = 0.000152
iter 70: per_iter_time_cuda = 0.009651

iter 71: slack_cuda = 0.004802
iter 71: cpu_time_cuda = 0.006626
iter 71: gpu_time_cuda = 0.001824
iter 71: download_copy_time_cuda = 0.000079
iter 71: upload_copy_time_cuda = 0.000146
iter 71: per_iter_time_cuda = 0.008831

iter 72: slack_cuda = 0.004244
iter 72: cpu_time_cuda = 0.005997
iter 72: gpu_time_cuda = 0.001753
iter 72: download_copy_time_cuda = 0.000080
iter 72: upload_copy_time_cuda = 0.000147
iter 72: per_iter_time_cuda = 0.008131

iter 73: slack_cuda = 0.004038
iter 73: cpu_time_cuda = 0.005327
iter 73: gpu_time_cuda = 0.001289
iter 73: download_copy_time_cuda = 0.000066
iter 73: upload_copy_time_cuda = 0.000149
iter 73: per_iter_time_cuda = 0.006983

iter 74: slack_cuda = 0.003443
iter 74: cpu_time_cuda = 0.004673
iter 74: gpu_time_cuda = 0.001230
iter 74: download_copy_time_cuda = 0.000064
iter 74: upload_copy_time_cuda = 0.000142
iter 74: per_iter_time_cuda = 0.006260

iter 75: slack_cuda = 0.002949
iter 75: cpu_time_cuda = 0.003993
iter 75: gpu_time_cuda = 0.001043
iter 75: download_copy_time_cuda = 0.000059
iter 75: upload_copy_time_cuda = 0.000144
iter 75: per_iter_time_cuda = 0.005390

iter 76: slack_cuda = 0.002378
iter 76: cpu_time_cuda = 0.003303
iter 76: gpu_time_cuda = 0.000926
iter 76: download_copy_time_cuda = 0.000058
iter 76: upload_copy_time_cuda = 0.000145
iter 76: per_iter_time_cuda = 0.004585

iter 77: slack_cuda = 0.001695
iter 77: cpu_time_cuda = 0.002621
iter 77: gpu_time_cuda = 0.000926
iter 77: download_copy_time_cuda = 0.000056
iter 77: upload_copy_time_cuda = 0.000146
iter 77: per_iter_time_cuda = 0.003903

iter 78: slack_cuda = 0.001002
iter 78: cpu_time_cuda = 0.001927
iter 78: gpu_time_cuda = 0.000926
iter 78: download_copy_time_cuda = 0.000056
iter 78: upload_copy_time_cuda = 0.000141
iter 78: per_iter_time_cuda = 0.003197

iter 79: slack_cuda = 0.001081
iter 79: cpu_time_cuda = 0.001087
iter 79: gpu_time_cuda = 0.000006
iter 79: download_copy_time_cuda = 0.000056
iter 79: upload_copy_time_cuda = 0.000138
iter 79: per_iter_time_cuda = 0.001332

total_cpu_time_cuda = 2.296601
total_gpu_time_cuda = 1.672917
total_copy_time_cuda = 0.041812
main_loop_time_cuda = 4.030742
Normalized difference of predicted CPU runtime per iteration is: 0.000000%
Normalized difference of predicted GPU runtime per iteration is: 0.000000%
Normalized difference of predicted slack per iteration is: 0.000000%
 5120  5120     ---   (  ---  )     21.77 (   4.11)     ---   
total_time = 5.051744
4.60user 0.76system 0:06.73elapsed 79%CPU (0avgtext+0avgdata 358480maxresident)k
3912inputs+0outputs (1major+72181minor)pagefaults 0swaps
send out message: 22 3 log
