send out message: 24 37 /home/lchen/MAGMA/magma-1.3.0/results
send out message: 20 26 MAGMA_LU_GPUDVFS.total.pwr
MAGMA 1.5.0  compiled for CUDA capability >= 3.0
CUDA runtime 5000, driver 6050. MAGMA not compiled with OpenMP. 
device 0: Tesla K20c, 705.5 MHz clock, 4799.6 MB memory, capability 3.5
Usage: /home/lchen/MAGMA/test/magma-1.5.0/testing/testing_dgetrf [options] [-h|--help]

ngpu 1
    M     N   CPU GFlop/s (sec)   GPU GFlop/s (sec)   |PA-LU|/(N*|A|)
=========================================================================
init_time = 0.840486
iter 0: cpu_time_cuda = 0.000000
iter 0: gpu_time_cuda = 0.000000
iter 0: download_copy_time_cuda = 0.000000
iter 0: upload_copy_time_cuda = 0.001397
iter 0: per_iter_time_cuda = 0.002364

iter 1: cpu_time_pred = 0.000000
iter 1: gpu_time_pred = 0.000000
iter 1: cpu_time_cuda = 0.007625
iter 1: gpu_time_cuda = 0.033626
iter 1: download_copy_time_cuda = 0.001186
iter 1: upload_copy_time_cuda = 0.001396
iter 1: per_iter_time_cuda = 0.045744

iter 2: cpu_time_pred = 0.007527
iter 2: gpu_time_pred = 0.032769
iter 2: cpu_time_cuda = 0.007508
iter 2: gpu_time_cuda = 0.033171
iter 2: download_copy_time_cuda = 0.001131
iter 2: upload_copy_time_cuda = 0.001407
iter 2: per_iter_time_cuda = 0.045120

iter 3: cpu_time_pred = 0.007430
iter 3: gpu_time_pred = 0.031923
iter 3: cpu_time_cuda = 0.007419
iter 3: gpu_time_cuda = 0.032184
iter 3: download_copy_time_cuda = 0.001134
iter 3: upload_copy_time_cuda = 0.001357
iter 3: per_iter_time_cuda = 0.044002

iter 4: cpu_time_pred = 0.007332
iter 4: gpu_time_pred = 0.031089
iter 4: cpu_time_cuda = 0.007322
iter 4: gpu_time_cuda = 0.031429
iter 4: download_copy_time_cuda = 0.001103
iter 4: upload_copy_time_cuda = 0.001344
iter 4: per_iter_time_cuda = 0.043069

iter 5: cpu_time_pred = 0.007234
iter 5: gpu_time_pred = 0.030265
iter 5: cpu_time_cuda = 0.007234
iter 5: gpu_time_cuda = 0.030459
iter 5: download_copy_time_cuda = 0.001097
iter 5: upload_copy_time_cuda = 0.001349
iter 5: per_iter_time_cuda = 0.041981

iter 6: cpu_time_pred = 0.007136
iter 6: gpu_time_pred = 0.029453
iter 6: cpu_time_cuda = 0.007132
iter 6: gpu_time_cuda = 0.029852
iter 6: download_copy_time_cuda = 0.001084
iter 6: upload_copy_time_cuda = 0.001328
iter 6: per_iter_time_cuda = 0.041213

iter 7: cpu_time_pred = 0.007039
iter 7: gpu_time_pred = 0.028652
iter 7: cpu_time_cuda = 0.007035
iter 7: gpu_time_cuda = 0.028920
iter 7: download_copy_time_cuda = 0.001062
iter 7: upload_copy_time_cuda = 0.001336
iter 7: per_iter_time_cuda = 0.040167

iter 8: cpu_time_pred = 0.006941
iter 8: gpu_time_pred = 0.027861
iter 8: cpu_time_cuda = 0.006936
iter 8: gpu_time_cuda = 0.028245
iter 8: download_copy_time_cuda = 0.001059
iter 8: upload_copy_time_cuda = 0.001317
iter 8: per_iter_time_cuda = 0.039351

iter 9: cpu_time_pred = 0.006843
iter 9: gpu_time_pred = 0.027082
iter 9: cpu_time_cuda = 0.006843
iter 9: gpu_time_cuda = 0.027234
iter 9: download_copy_time_cuda = 0.001034
iter 9: upload_copy_time_cuda = 0.001301
iter 9: per_iter_time_cuda = 0.038189

iter 10: cpu_time_pred = 0.006745
iter 10: gpu_time_pred = 0.026314
iter 10: cpu_time_cuda = 0.006744
iter 10: gpu_time_cuda = 0.026665
iter 10: download_copy_time_cuda = 0.001021
iter 10: upload_copy_time_cuda = 0.001332
iter 10: per_iter_time_cuda = 0.037520

iter 11: cpu_time_pred = 0.006648
iter 11: gpu_time_pred = 0.025556
iter 11: cpu_time_cuda = 0.006666
iter 11: gpu_time_cuda = 0.025823
iter 11: download_copy_time_cuda = 0.001010
iter 11: upload_copy_time_cuda = 0.001301
iter 11: per_iter_time_cuda = 0.036551

iter 12: cpu_time_pred = 0.006550
iter 12: gpu_time_pred = 0.024810
iter 12: cpu_time_cuda = 0.006563
iter 12: gpu_time_cuda = 0.025241
iter 12: download_copy_time_cuda = 0.000986
iter 12: upload_copy_time_cuda = 0.001295
iter 12: per_iter_time_cuda = 0.035789

iter 13: cpu_time_pred = 0.006452
iter 13: gpu_time_pred = 0.024075
iter 13: cpu_time_cuda = 0.006471
iter 13: gpu_time_cuda = 0.024317
iter 13: download_copy_time_cuda = 0.000986
iter 13: upload_copy_time_cuda = 0.001291
iter 13: per_iter_time_cuda = 0.034758

iter 14: cpu_time_pred = 0.006354
iter 14: gpu_time_pred = 0.023351
iter 14: cpu_time_cuda = 0.006359
iter 14: gpu_time_cuda = 0.023751
iter 14: download_copy_time_cuda = 0.000971
iter 14: upload_copy_time_cuda = 0.001264
iter 14: per_iter_time_cuda = 0.034034

iter 15: cpu_time_pred = 0.006257
iter 15: gpu_time_pred = 0.022638
iter 15: cpu_time_cuda = 0.006273
iter 15: gpu_time_cuda = 0.022904
iter 15: download_copy_time_cuda = 0.000950
iter 15: upload_copy_time_cuda = 0.001274
iter 15: per_iter_time_cuda = 0.033065

iter 16: cpu_time_pred = 0.006159
iter 16: gpu_time_pred = 0.021936
iter 16: cpu_time_cuda = 0.006131
iter 16: gpu_time_cuda = 0.022497
iter 16: download_copy_time_cuda = 0.000929
iter 16: upload_copy_time_cuda = 0.001279
iter 16: per_iter_time_cuda = 0.032450

iter 17: cpu_time_pred = 0.006061
iter 17: gpu_time_pred = 0.021245
iter 17: cpu_time_cuda = 0.006018
iter 17: gpu_time_cuda = 0.021592
iter 17: download_copy_time_cuda = 0.000919
iter 17: upload_copy_time_cuda = 0.001240
iter 17: per_iter_time_cuda = 0.031414

iter 18: cpu_time_pred = 0.005963
iter 18: gpu_time_pred = 0.020566
iter 18: cpu_time_cuda = 0.005920
iter 18: gpu_time_cuda = 0.021164
iter 18: download_copy_time_cuda = 0.000899
iter 18: upload_copy_time_cuda = 0.001258
iter 18: per_iter_time_cuda = 0.030867

iter 19: cpu_time_pred = 0.005866
iter 19: gpu_time_pred = 0.019897
iter 19: cpu_time_cuda = 0.005894
iter 19: gpu_time_cuda = 0.020211
iter 19: download_copy_time_cuda = 0.000878
iter 19: upload_copy_time_cuda = 0.001241
iter 19: per_iter_time_cuda = 0.029798

iter 20: cpu_time_pred = 0.005768
iter 20: gpu_time_pred = 0.019239
iter 20: cpu_time_cuda = 0.005736
iter 20: gpu_time_cuda = 0.019722
iter 20: download_copy_time_cuda = 0.000871
iter 20: upload_copy_time_cuda = 0.001236
iter 20: per_iter_time_cuda = 0.029137

iter 21: cpu_time_pred = 0.005670
iter 21: gpu_time_pred = 0.018593
iter 21: cpu_time_cuda = 0.005638
iter 21: gpu_time_cuda = 0.018802
iter 21: download_copy_time_cuda = 0.000854
iter 21: upload_copy_time_cuda = 0.001218
iter 21: per_iter_time_cuda = 0.028090

iter 22: cpu_time_pred = 0.005572
iter 22: gpu_time_pred = 0.017957
iter 22: cpu_time_cuda = 0.005547
iter 22: gpu_time_cuda = 0.018406
iter 22: download_copy_time_cuda = 0.000832
iter 22: upload_copy_time_cuda = 0.001220
iter 22: per_iter_time_cuda = 0.027544

iter 23: cpu_time_pred = 0.005474
iter 23: gpu_time_pred = 0.017332
iter 23: cpu_time_cuda = 0.005447
iter 23: gpu_time_cuda = 0.017622
iter 23: download_copy_time_cuda = 0.000816
iter 23: upload_copy_time_cuda = 0.001231
iter 23: per_iter_time_cuda = 0.026630

iter 24: cpu_time_pred = 0.005377
iter 24: gpu_time_pred = 0.016719
iter 24: cpu_time_cuda = 0.005351
iter 24: gpu_time_cuda = 0.017068
iter 24: download_copy_time_cuda = 0.000799
iter 24: upload_copy_time_cuda = 0.001210
iter 24: per_iter_time_cuda = 0.025949

iter 25: cpu_time_pred = 0.005279
iter 25: gpu_time_pred = 0.016116
iter 25: cpu_time_cuda = 0.005253
iter 25: gpu_time_cuda = 0.016411
iter 25: download_copy_time_cuda = 0.000786
iter 25: upload_copy_time_cuda = 0.001201
iter 25: per_iter_time_cuda = 0.025140

iter 26: cpu_time_pred = 0.005181
iter 26: gpu_time_pred = 0.015525
iter 26: cpu_time_cuda = 0.005737
iter 26: gpu_time_cuda = 0.016003
iter 26: download_copy_time_cuda = 0.000773
iter 26: upload_copy_time_cuda = 0.001194
iter 26: per_iter_time_cuda = 0.025172

iter 27: cpu_time_pred = 0.005083
iter 27: gpu_time_pred = 0.014945
iter 27: cpu_time_cuda = 0.005535
iter 27: gpu_time_cuda = 0.015094
iter 27: download_copy_time_cuda = 0.000752
iter 27: upload_copy_time_cuda = 0.001214
iter 27: per_iter_time_cuda = 0.023942

iter 28: cpu_time_pred = 0.004986
iter 28: gpu_time_pred = 0.014376
iter 28: cpu_time_cuda = 0.005446
iter 28: gpu_time_cuda = 0.014852
iter 28: download_copy_time_cuda = 0.000744
iter 28: upload_copy_time_cuda = 0.001193
iter 28: per_iter_time_cuda = 0.023558

iter 29: cpu_time_pred = 0.004888
iter 29: gpu_time_pred = 0.013817
iter 29: cpu_time_cuda = 0.005349
iter 29: gpu_time_cuda = 0.014143
iter 29: download_copy_time_cuda = 0.000710
iter 29: upload_copy_time_cuda = 0.001175
iter 29: per_iter_time_cuda = 0.022691

iter 30: cpu_time_pred = 0.004790
iter 30: gpu_time_pred = 0.013270
iter 30: cpu_time_cuda = 0.005243
iter 30: gpu_time_cuda = 0.013692
iter 30: download_copy_time_cuda = 0.000707
iter 30: upload_copy_time_cuda = 0.001199
iter 30: per_iter_time_cuda = 0.022168

iter 31: cpu_time_pred = 0.004692
iter 31: gpu_time_pred = 0.012734
iter 31: cpu_time_cuda = 0.005143
iter 31: gpu_time_cuda = 0.013080
iter 31: download_copy_time_cuda = 0.000689
iter 31: upload_copy_time_cuda = 0.001162
iter 31: per_iter_time_cuda = 0.021388

iter 32: cpu_time_pred = 0.004595
iter 32: gpu_time_pred = 0.012209
iter 32: cpu_time_cuda = 0.005041
iter 32: gpu_time_cuda = 0.012665
iter 32: download_copy_time_cuda = 0.000683
iter 32: upload_copy_time_cuda = 0.001157
iter 32: per_iter_time_cuda = 0.020803

iter 33: cpu_time_pred = 0.004497
iter 33: gpu_time_pred = 0.011695
iter 33: cpu_time_cuda = 0.004963
iter 33: gpu_time_cuda = 0.011977
iter 33: download_copy_time_cuda = 0.000658
iter 33: upload_copy_time_cuda = 0.001147
iter 33: per_iter_time_cuda = 0.019995

iter 34: cpu_time_pred = 0.004399
iter 34: gpu_time_pred = 0.011192
iter 34: cpu_time_cuda = 0.004865
iter 34: gpu_time_cuda = 0.011604
iter 34: download_copy_time_cuda = 0.000649
iter 34: upload_copy_time_cuda = 0.001153
iter 34: per_iter_time_cuda = 0.019487

iter 35: cpu_time_pred = 0.004301
iter 35: gpu_time_pred = 0.010700
iter 35: cpu_time_cuda = 0.004784
iter 35: gpu_time_cuda = 0.010988
iter 35: download_copy_time_cuda = 0.000628
iter 35: upload_copy_time_cuda = 0.001134
iter 35: per_iter_time_cuda = 0.018751

iter 36: cpu_time_pred = 0.004204
iter 36: gpu_time_pred = 0.010219
iter 36: cpu_time_cuda = 0.004665
iter 36: gpu_time_cuda = 0.010599
iter 36: download_copy_time_cuda = 0.000621
iter 36: upload_copy_time_cuda = 0.001116
iter 36: per_iter_time_cuda = 0.018199

iter 37: cpu_time_pred = 0.004106
iter 37: gpu_time_pred = 0.009749
iter 37: cpu_time_cuda = 0.004564
iter 37: gpu_time_cuda = 0.010012
iter 37: download_copy_time_cuda = 0.000598
iter 37: upload_copy_time_cuda = 0.001117
iter 37: per_iter_time_cuda = 0.017426

iter 38: cpu_time_pred = 0.004008
iter 38: gpu_time_pred = 0.009291
iter 38: cpu_time_cuda = 0.004436
iter 38: gpu_time_cuda = 0.009756
iter 38: download_copy_time_cuda = 0.000585
iter 38: upload_copy_time_cuda = 0.001116
iter 38: per_iter_time_cuda = 0.017027

iter 39: cpu_time_pred = 0.003910
iter 39: gpu_time_pred = 0.008843
iter 39: cpu_time_cuda = 0.004333
iter 39: gpu_time_cuda = 0.009140
iter 39: download_copy_time_cuda = 0.000569
iter 39: upload_copy_time_cuda = 0.001119
iter 39: per_iter_time_cuda = 0.016294

iter 40: cpu_time_pred = 0.003813
iter 40: gpu_time_pred = 0.008406
iter 40: cpu_time_cuda = 0.004257
iter 40: gpu_time_cuda = 0.008874
iter 40: download_copy_time_cuda = 0.000558
iter 40: upload_copy_time_cuda = 0.001120
iter 40: per_iter_time_cuda = 0.015904

iter 41: cpu_time_pred = 0.003715
iter 41: gpu_time_pred = 0.007981
iter 41: cpu_time_cuda = 0.004147
iter 41: gpu_time_cuda = 0.008292
iter 41: download_copy_time_cuda = 0.000545
iter 41: upload_copy_time_cuda = 0.001114
iter 41: per_iter_time_cuda = 0.015149

iter 42: cpu_time_pred = 0.003617
iter 42: gpu_time_pred = 0.007566
iter 42: cpu_time_cuda = 0.004058
iter 42: gpu_time_cuda = 0.008075
iter 42: download_copy_time_cuda = 0.000538
iter 42: upload_copy_time_cuda = 0.001131
iter 42: per_iter_time_cuda = 0.014827

iter 43: cpu_time_pred = 0.003519
iter 43: gpu_time_pred = 0.007163
iter 43: cpu_time_cuda = 0.003974
iter 43: gpu_time_cuda = 0.007436
iter 43: download_copy_time_cuda = 0.000521
iter 43: upload_copy_time_cuda = 0.001088
iter 43: per_iter_time_cuda = 0.014062

iter 44: cpu_time_pred = 0.003422
iter 44: gpu_time_pred = 0.006770
iter 44: cpu_time_cuda = 0.003879
iter 44: gpu_time_cuda = 0.007207
iter 44: download_copy_time_cuda = 0.000496
iter 44: upload_copy_time_cuda = 0.001090
iter 44: per_iter_time_cuda = 0.013689

iter 45: cpu_time_pred = 0.003324
iter 45: gpu_time_pred = 0.006389
iter 45: cpu_time_cuda = 0.003807
iter 45: gpu_time_cuda = 0.006712
iter 45: download_copy_time_cuda = 0.000483
iter 45: upload_copy_time_cuda = 0.001071
iter 45: per_iter_time_cuda = 0.013058

iter 46: cpu_time_pred = 0.003226
iter 46: gpu_time_pred = 0.006019
iter 46: cpu_time_cuda = 0.003684
iter 46: gpu_time_cuda = 0.006407
iter 46: download_copy_time_cuda = 0.000466
iter 46: upload_copy_time_cuda = 0.001073
iter 46: per_iter_time_cuda = 0.012596

iter 47: cpu_time_pred = 0.003128
iter 47: gpu_time_pred = 0.005660
iter 47: cpu_time_cuda = 0.003603
iter 47: gpu_time_cuda = 0.005975
iter 47: download_copy_time_cuda = 0.000456
iter 47: upload_copy_time_cuda = 0.001085
iter 47: per_iter_time_cuda = 0.012074

iter 48: cpu_time_pred = 0.003031
iter 48: gpu_time_pred = 0.005311
iter 48: cpu_time_cuda = 0.003513
iter 48: gpu_time_cuda = 0.005719
iter 48: download_copy_time_cuda = 0.000429
iter 48: upload_copy_time_cuda = 0.001069
iter 48: per_iter_time_cuda = 0.011669

iter 49: cpu_time_pred = 0.002933
iter 49: gpu_time_pred = 0.004974
iter 49: cpu_time_cuda = 0.003418
iter 49: gpu_time_cuda = 0.005324
iter 49: download_copy_time_cuda = 0.000402
iter 49: upload_copy_time_cuda = 0.001051
iter 49: per_iter_time_cuda = 0.011141

iter 50: cpu_time_pred = 0.002835
iter 50: gpu_time_pred = 0.004648
iter 50: cpu_time_cuda = 0.003316
iter 50: gpu_time_cuda = 0.005039
iter 50: download_copy_time_cuda = 0.000391
iter 50: upload_copy_time_cuda = 0.001065
iter 50: per_iter_time_cuda = 0.010730

iter 51: cpu_time_pred = 0.002737
iter 51: gpu_time_pred = 0.004333
iter 51: cpu_time_cuda = 0.003302
iter 51: gpu_time_cuda = 0.004652
iter 51: download_copy_time_cuda = 0.000381
iter 51: upload_copy_time_cuda = 0.001050
iter 51: per_iter_time_cuda = 0.010291

iter 52: cpu_time_pred = 0.002639
iter 52: gpu_time_pred = 0.004029
iter 52: cpu_time_cuda = 0.003127
iter 52: gpu_time_cuda = 0.004325
iter 52: download_copy_time_cuda = 0.000370
iter 52: upload_copy_time_cuda = 0.001031
iter 52: per_iter_time_cuda = 0.009750

iter 53: cpu_time_pred = 0.002542
iter 53: gpu_time_pred = 0.003736
iter 53: cpu_time_cuda = 0.003022
iter 53: gpu_time_cuda = 0.003953
iter 53: download_copy_time_cuda = 0.000348
iter 53: upload_copy_time_cuda = 0.001015
iter 53: per_iter_time_cuda = 0.009140

iter 54: cpu_time_pred = 0.002444
iter 54: gpu_time_pred = 0.003454
iter 54: cpu_time_cuda = 0.002946
iter 54: gpu_time_cuda = 0.003828
iter 54: download_copy_time_cuda = 0.000338
iter 54: upload_copy_time_cuda = 0.001022
iter 54: per_iter_time_cuda = 0.008938

iter 55: cpu_time_pred = 0.002346
iter 55: gpu_time_pred = 0.003184
iter 55: cpu_time_cuda = 0.002841
iter 55: gpu_time_cuda = 0.003408
iter 55: download_copy_time_cuda = 0.000323
iter 55: upload_copy_time_cuda = 0.001014
iter 55: per_iter_time_cuda = 0.008392

iter 56: cpu_time_pred = 0.002248
iter 56: gpu_time_pred = 0.002924
iter 56: cpu_time_cuda = 0.002751
iter 56: gpu_time_cuda = 0.003196
iter 56: download_copy_time_cuda = 0.000312
iter 56: upload_copy_time_cuda = 0.001004
iter 56: per_iter_time_cuda = 0.008034

iter 57: cpu_time_pred = 0.002151
iter 57: gpu_time_pred = 0.002675
iter 57: cpu_time_cuda = 0.002651
iter 57: gpu_time_cuda = 0.002869
iter 57: download_copy_time_cuda = 0.000297
iter 57: upload_copy_time_cuda = 0.000984
iter 57: per_iter_time_cuda = 0.007545

iter 58: cpu_time_pred = 0.002053
iter 58: gpu_time_pred = 0.002437
iter 58: cpu_time_cuda = 0.002548
iter 58: gpu_time_cuda = 0.002701
iter 58: download_copy_time_cuda = 0.000286
iter 58: upload_copy_time_cuda = 0.000984
iter 58: per_iter_time_cuda = 0.007255

iter 59: cpu_time_pred = 0.001955
iter 59: gpu_time_pred = 0.002211
iter 59: cpu_time_cuda = 0.002408
iter 59: gpu_time_cuda = 0.002453
iter 59: download_copy_time_cuda = 0.000275
iter 59: upload_copy_time_cuda = 0.000974
iter 59: per_iter_time_cuda = 0.006834

iter 60: cpu_time_pred = 0.001857
iter 60: gpu_time_pred = 0.001995
iter 60: cpu_time_cuda = 0.002339
iter 60: gpu_time_cuda = 0.002228
iter 60: download_copy_time_cuda = 0.000263
iter 60: upload_copy_time_cuda = 0.000989
iter 60: per_iter_time_cuda = 0.006502

iter 61: cpu_time_pred = 0.001760
iter 61: gpu_time_pred = 0.001791
iter 61: cpu_time_cuda = 0.002232
iter 61: gpu_time_cuda = 0.002004
iter 61: download_copy_time_cuda = 0.000258
iter 61: upload_copy_time_cuda = 0.000966
iter 61: per_iter_time_cuda = 0.006128

iter 62: cpu_time_pred = 0.001662
iter 62: gpu_time_pred = 0.001597
iter 62: cpu_time_cuda = 0.002143
iter 62: gpu_time_cuda = 0.001802
iter 62: download_copy_time_cuda = 0.000240
iter 62: upload_copy_time_cuda = 0.000971
iter 62: per_iter_time_cuda = 0.005822

iter 63: cpu_time_pred = 0.001564
iter 63: gpu_time_pred = 0.001415
iter 63: cpu_time_cuda = 0.002094
iter 63: gpu_time_cuda = 0.001630
iter 63: download_copy_time_cuda = 0.000233
iter 63: upload_copy_time_cuda = 0.000956
iter 63: per_iter_time_cuda = 0.005546

iter 64: cpu_time_pred = 0.001466
iter 64: gpu_time_pred = 0.001244
iter 64: cpu_time_cuda = 0.001982
iter 64: gpu_time_cuda = 0.001472
iter 64: download_copy_time_cuda = 0.000215
iter 64: upload_copy_time_cuda = 0.000940
iter 64: per_iter_time_cuda = 0.005227

iter 65: cpu_time_pred = 0.001369
iter 65: gpu_time_pred = 0.001083
iter 65: cpu_time_cuda = 0.001831
iter 65: gpu_time_cuda = 0.001282
iter 65: download_copy_time_cuda = 0.000201
iter 65: upload_copy_time_cuda = 0.000934
iter 65: per_iter_time_cuda = 0.004853

iter 66: cpu_time_pred = 0.001271
iter 66: gpu_time_pred = 0.000934
iter 66: cpu_time_cuda = 0.001768
iter 66: gpu_time_cuda = 0.001148
iter 66: download_copy_time_cuda = 0.000189
iter 66: upload_copy_time_cuda = 0.000936
iter 66: per_iter_time_cuda = 0.004630

iter 67: cpu_time_pred = 0.001173
iter 67: gpu_time_pred = 0.000796
iter 67: cpu_time_cuda = 0.001652
iter 67: gpu_time_cuda = 0.000930
iter 67: download_copy_time_cuda = 0.000177
iter 67: upload_copy_time_cuda = 0.000930
iter 67: per_iter_time_cuda = 0.004266

iter 68: cpu_time_pred = 0.001075
iter 68: gpu_time_pred = 0.000669
iter 68: cpu_time_cuda = 0.001507
iter 68: gpu_time_cuda = 0.000874
iter 68: download_copy_time_cuda = 0.000169
iter 68: upload_copy_time_cuda = 0.000936
iter 68: per_iter_time_cuda = 0.004056

iter 69: cpu_time_pred = 0.000978
iter 69: gpu_time_pred = 0.000553
iter 69: cpu_time_cuda = 0.001376
iter 69: gpu_time_cuda = 0.000748
iter 69: download_copy_time_cuda = 0.000166
iter 69: upload_copy_time_cuda = 0.000897
iter 69: per_iter_time_cuda = 0.003751

iter 70: cpu_time_pred = 0.000880
iter 70: gpu_time_pred = 0.000448
iter 70: cpu_time_cuda = 0.001298
iter 70: gpu_time_cuda = 0.000615
iter 70: download_copy_time_cuda = 0.000152
iter 70: upload_copy_time_cuda = 0.000904
iter 70: per_iter_time_cuda = 0.003487

iter 71: cpu_time_pred = 0.000782
iter 71: gpu_time_pred = 0.000354
iter 71: cpu_time_cuda = 0.001292
iter 71: gpu_time_cuda = 0.000512
iter 71: download_copy_time_cuda = 0.000147
iter 71: upload_copy_time_cuda = 0.000901
iter 71: per_iter_time_cuda = 0.003361

iter 72: cpu_time_pred = 0.000684
iter 72: gpu_time_pred = 0.000271
iter 72: cpu_time_cuda = 0.000774
iter 72: gpu_time_cuda = 0.000449
iter 72: download_copy_time_cuda = 0.000143
iter 72: upload_copy_time_cuda = 0.000899
iter 72: per_iter_time_cuda = 0.002755

iter 73: cpu_time_pred = 0.000587
iter 73: gpu_time_pred = 0.000199
iter 73: cpu_time_cuda = 0.000683
iter 73: gpu_time_cuda = 0.000281
iter 73: download_copy_time_cuda = 0.000138
iter 73: upload_copy_time_cuda = 0.000895
iter 73: per_iter_time_cuda = 0.002498

iter 74: cpu_time_pred = 0.000489
iter 74: gpu_time_pred = 0.000138
iter 74: cpu_time_cuda = 0.000598
iter 74: gpu_time_cuda = 0.000228
iter 74: download_copy_time_cuda = 0.000136
iter 74: upload_copy_time_cuda = 0.000888
iter 74: per_iter_time_cuda = 0.002342

iter 75: cpu_time_pred = 0.000391
iter 75: gpu_time_pred = 0.000088
iter 75: cpu_time_cuda = 0.000517
iter 75: gpu_time_cuda = 0.000181
iter 75: download_copy_time_cuda = 0.000126
iter 75: upload_copy_time_cuda = 0.000899
iter 75: per_iter_time_cuda = 0.002201

iter 76: cpu_time_pred = 0.000293
iter 76: gpu_time_pred = 0.000050
iter 76: cpu_time_cuda = 0.000434
iter 76: gpu_time_cuda = 0.000152
iter 76: download_copy_time_cuda = 0.000122
iter 76: upload_copy_time_cuda = 0.000870
iter 76: per_iter_time_cuda = 0.002038

iter 77: cpu_time_pred = 0.000196
iter 77: gpu_time_pred = 0.000022
iter 77: cpu_time_cuda = 0.000350
iter 77: gpu_time_cuda = 0.000137
iter 77: download_copy_time_cuda = 0.000121
iter 77: upload_copy_time_cuda = 0.000855
iter 77: per_iter_time_cuda = 0.001926

iter 78: cpu_time_pred = 0.000098
iter 78: gpu_time_pred = 0.000006
iter 78: cpu_time_cuda = 0.000262
iter 78: gpu_time_cuda = 0.000134
iter 78: download_copy_time_cuda = 0.000116
iter 78: upload_copy_time_cuda = 0.000841
iter 78: per_iter_time_cuda = 0.001781

iter 79: cpu_time_pred = 0.000000
iter 79: gpu_time_pred = 0.000000
iter 79: cpu_time_cuda = 0.000164
iter 79: gpu_time_cuda = 0.000003
iter 79: download_copy_time_cuda = 0.000109
iter 79: upload_copy_time_cuda = 0.000712
iter 79: per_iter_time_cuda = 0.001078

total_cpu_time_cuda = 0.323714
total_gpu_time_cuda = 0.914175
total_copy_time_cuda = 0.134370
main_loop_time_cuda = 1.471746
Normalized difference of predicted CPU runtime per iteration is: -13.177699%
Normalized difference of predicted GPU runtime per iteration is: -11.678087%
Normalized difference of predicted slack per iteration is: -0.601081%
 5120  5120     ---   (  ---  )     55.72 (   1.61)     ---   
total_time = 2.581782
2.23user 0.66system 0:03.88elapsed 74%CPU (0avgtext+0avgdata 357816maxresident)k
3904inputs+0outputs (1major+71464minor)pagefaults 0swaps
send out message: 22 3 log
