send out message: 24 37 /home/lchen/MAGMA/magma-1.5.0/results
send out message: 20 26 MAGMA_LU_GPUDVFS.total.pwr
MAGMA 1.5.0  compiled for CUDA capability >= 3.0
CUDA runtime 5000, driver 6050. MAGMA not compiled with OpenMP. 
device 0: Tesla K20c, 705.5 MHz clock, 4799.6 MB memory, capability 3.5
Usage: /home/lchen/MAGMA/magma-1.5.0/testing/testing_dgetrf [options] [-h|--help]

ngpu 1
    M     N   CPU GFlop/s (sec)   GPU GFlop/s (sec)   |PA-LU|/(N*|A|)
=========================================================================
init_time = 3.518535
iter 0: slack_cuda = 0.000000
iter 0: cpu_time_cuda = 0.000000
iter 0: gpu_time_cuda = 0.000000
iter 0: download_copy_time_cuda = 0.000000
iter 0: upload_copy_time_cuda = 0.001191
iter 0: per_iter_time_cuda = 0.001622

iter 1: slack_cuda = -0.059851
iter 1: cpu_time_cuda = 0.160831
iter 1: gpu_time_cuda = 0.220683
iter 1: download_copy_time_cuda = 0.001118
iter 1: upload_copy_time_cuda = 0.001182
iter 1: per_iter_time_cuda = 0.384227

iter 2: slack_cuda = -0.056178
iter 2: cpu_time_cuda = 0.159938
iter 2: gpu_time_cuda = 0.216116
iter 2: download_copy_time_cuda = 0.001081
iter 2: upload_copy_time_cuda = 0.001165
iter 2: per_iter_time_cuda = 0.378711

iter 3: slack_cuda = -0.054143
iter 3: cpu_time_cuda = 0.158956
iter 3: gpu_time_cuda = 0.213099
iter 3: download_copy_time_cuda = 0.001090
iter 3: upload_copy_time_cuda = 0.000976
iter 3: per_iter_time_cuda = 0.374517

iter 4: slack_cuda = -0.057471
iter 4: cpu_time_cuda = 0.157773
iter 4: gpu_time_cuda = 0.215245
iter 4: download_copy_time_cuda = 0.000887
iter 4: upload_copy_time_cuda = 0.000967
iter 4: per_iter_time_cuda = 0.375283

iter 5: slack_cuda = -0.052791
iter 5: cpu_time_cuda = 0.156938
iter 5: gpu_time_cuda = 0.209729
iter 5: download_copy_time_cuda = 0.000883
iter 5: upload_copy_time_cuda = 0.000957
iter 5: per_iter_time_cuda = 0.369964

iter 6: slack_cuda = -0.053592
iter 6: cpu_time_cuda = 0.155918
iter 6: gpu_time_cuda = 0.209511
iter 6: download_copy_time_cuda = 0.000874
iter 6: upload_copy_time_cuda = 0.000954
iter 6: per_iter_time_cuda = 0.367671

iter 7: slack_cuda = -0.049564
iter 7: cpu_time_cuda = 0.154865
iter 7: gpu_time_cuda = 0.204429
iter 7: download_copy_time_cuda = 0.000869
iter 7: upload_copy_time_cuda = 0.000940
iter 7: per_iter_time_cuda = 0.361515

iter 8: slack_cuda = -0.048920
iter 8: cpu_time_cuda = 0.153950
iter 8: gpu_time_cuda = 0.202870
iter 8: download_copy_time_cuda = 0.000869
iter 8: upload_copy_time_cuda = 0.000930
iter 8: per_iter_time_cuda = 0.359026

iter 9: slack_cuda = -0.046184
iter 9: cpu_time_cuda = 0.152639
iter 9: gpu_time_cuda = 0.198823
iter 9: download_copy_time_cuda = 0.000857
iter 9: upload_copy_time_cuda = 0.000930
iter 9: per_iter_time_cuda = 0.353647

iter 10: slack_cuda = -0.047058
iter 10: cpu_time_cuda = 0.151490
iter 10: gpu_time_cuda = 0.198548
iter 10: download_copy_time_cuda = 0.000854
iter 10: upload_copy_time_cuda = 0.000918
iter 10: per_iter_time_cuda = 0.352219

iter 11: slack_cuda = -0.040321
iter 11: cpu_time_cuda = 0.150655
iter 11: gpu_time_cuda = 0.190977
iter 11: download_copy_time_cuda = 0.000856
iter 11: upload_copy_time_cuda = 0.000917
iter 11: per_iter_time_cuda = 0.343806

iter 12: slack_cuda = -0.043163
iter 12: cpu_time_cuda = 0.149468
iter 12: gpu_time_cuda = 0.192631
iter 12: download_copy_time_cuda = 0.000841
iter 12: upload_copy_time_cuda = 0.000912
iter 12: per_iter_time_cuda = 0.344257

iter 13: slack_cuda = -0.037313
iter 13: cpu_time_cuda = 0.148389
iter 13: gpu_time_cuda = 0.185702
iter 13: download_copy_time_cuda = 0.000840
iter 13: upload_copy_time_cuda = 0.000904
iter 13: per_iter_time_cuda = 0.336242

iter 14: slack_cuda = -0.041949
iter 14: cpu_time_cuda = 0.147694
iter 14: gpu_time_cuda = 0.189643
iter 14: download_copy_time_cuda = 0.000832
iter 14: upload_copy_time_cuda = 0.000907
iter 14: per_iter_time_cuda = 0.339479

iter 15: slack_cuda = -0.034748
iter 15: cpu_time_cuda = 0.146627
iter 15: gpu_time_cuda = 0.181375
iter 15: download_copy_time_cuda = 0.000833
iter 15: upload_copy_time_cuda = 0.000894
iter 15: per_iter_time_cuda = 0.330122

iter 16: slack_cuda = -0.035801
iter 16: cpu_time_cuda = 0.145519
iter 16: gpu_time_cuda = 0.181320
iter 16: download_copy_time_cuda = 0.000819
iter 16: upload_copy_time_cuda = 0.000887
iter 16: per_iter_time_cuda = 0.328928

iter 17: slack_cuda = -0.033143
iter 17: cpu_time_cuda = 0.144672
iter 17: gpu_time_cuda = 0.177816
iter 17: download_copy_time_cuda = 0.000818
iter 17: upload_copy_time_cuda = 0.000880
iter 17: per_iter_time_cuda = 0.324568

iter 18: slack_cuda = -0.035202
iter 18: cpu_time_cuda = 0.143525
iter 18: gpu_time_cuda = 0.178727
iter 18: download_copy_time_cuda = 0.000809
iter 18: upload_copy_time_cuda = 0.000879
iter 18: per_iter_time_cuda = 0.324324

iter 19: slack_cuda = -0.032632
iter 19: cpu_time_cuda = 0.142576
iter 19: gpu_time_cuda = 0.175209
iter 19: download_copy_time_cuda = 0.000803
iter 19: upload_copy_time_cuda = 0.000872
iter 19: per_iter_time_cuda = 0.319832

iter 20: slack_cuda = -0.031155
iter 20: cpu_time_cuda = 0.141956
iter 20: gpu_time_cuda = 0.173111
iter 20: download_copy_time_cuda = 0.000795
iter 20: upload_copy_time_cuda = 0.000877
iter 20: per_iter_time_cuda = 0.317134

iter 21: slack_cuda = -0.029584
iter 21: cpu_time_cuda = 0.140791
iter 21: gpu_time_cuda = 0.170376
iter 21: download_copy_time_cuda = 0.000790
iter 21: upload_copy_time_cuda = 0.000861
iter 21: per_iter_time_cuda = 0.313196

iter 22: slack_cuda = -0.029407
iter 22: cpu_time_cuda = 0.139701
iter 22: gpu_time_cuda = 0.169108
iter 22: download_copy_time_cuda = 0.000789
iter 22: upload_copy_time_cuda = 0.000850
iter 22: per_iter_time_cuda = 0.310825

iter 23: slack_cuda = -0.026319
iter 23: cpu_time_cuda = 0.138619
iter 23: gpu_time_cuda = 0.164938
iter 23: download_copy_time_cuda = 0.000780
iter 23: upload_copy_time_cuda = 0.000846
iter 23: per_iter_time_cuda = 0.305558

iter 24: slack_cuda = -0.027667
iter 24: cpu_time_cuda = 0.137445
iter 24: gpu_time_cuda = 0.165112
iter 24: download_copy_time_cuda = 0.000774
iter 24: upload_copy_time_cuda = 0.000846
iter 24: per_iter_time_cuda = 0.304561

iter 25: slack_cuda = -0.024942
iter 25: cpu_time_cuda = 0.136428
iter 25: gpu_time_cuda = 0.161370
iter 25: download_copy_time_cuda = 0.000774
iter 25: upload_copy_time_cuda = 0.000831
iter 25: per_iter_time_cuda = 0.299774

iter 26: slack_cuda = -0.025289
iter 26: cpu_time_cuda = 0.135665
iter 26: gpu_time_cuda = 0.160954
iter 26: download_copy_time_cuda = 0.000764
iter 26: upload_copy_time_cuda = 0.000822
iter 26: per_iter_time_cuda = 0.298573

iter 27: slack_cuda = -0.021643
iter 27: cpu_time_cuda = 0.134550
iter 27: gpu_time_cuda = 0.156193
iter 27: download_copy_time_cuda = 0.000758
iter 27: upload_copy_time_cuda = 0.000823
iter 27: per_iter_time_cuda = 0.292699

iter 28: slack_cuda = -0.022047
iter 28: cpu_time_cuda = 0.133866
iter 28: gpu_time_cuda = 0.155913
iter 28: download_copy_time_cuda = 0.000760
iter 28: upload_copy_time_cuda = 0.000817
iter 28: per_iter_time_cuda = 0.291726

iter 29: slack_cuda = -0.020013
iter 29: cpu_time_cuda = 0.132689
iter 29: gpu_time_cuda = 0.152702
iter 29: download_copy_time_cuda = 0.000748
iter 29: upload_copy_time_cuda = 0.000814
iter 29: per_iter_time_cuda = 0.287327

iter 30: slack_cuda = -0.017900
iter 30: cpu_time_cuda = 0.131803
iter 30: gpu_time_cuda = 0.149703
iter 30: download_copy_time_cuda = 0.000741
iter 30: upload_copy_time_cuda = 0.000803
iter 30: per_iter_time_cuda = 0.283415

iter 31: slack_cuda = -0.015387
iter 31: cpu_time_cuda = 0.130410
iter 31: gpu_time_cuda = 0.145797
iter 31: download_copy_time_cuda = 0.000739
iter 31: upload_copy_time_cuda = 0.000805
iter 31: per_iter_time_cuda = 0.278113

iter 32: slack_cuda = -0.017041
iter 32: cpu_time_cuda = 0.129178
iter 32: gpu_time_cuda = 0.146219
iter 32: download_copy_time_cuda = 0.000726
iter 32: upload_copy_time_cuda = 0.000794
iter 32: per_iter_time_cuda = 0.277284

iter 33: slack_cuda = -0.014859
iter 33: cpu_time_cuda = 0.128356
iter 33: gpu_time_cuda = 0.143215
iter 33: download_copy_time_cuda = 0.000726
iter 33: upload_copy_time_cuda = 0.000786
iter 33: per_iter_time_cuda = 0.273446

iter 34: slack_cuda = -0.014585
iter 34: cpu_time_cuda = 0.127230
iter 34: gpu_time_cuda = 0.141815
iter 34: download_copy_time_cuda = 0.000725
iter 34: upload_copy_time_cuda = 0.000779
iter 34: per_iter_time_cuda = 0.270910

iter 35: slack_cuda = -0.010265
iter 35: cpu_time_cuda = 0.126246
iter 35: gpu_time_cuda = 0.136511
iter 35: download_copy_time_cuda = 0.000714
iter 35: upload_copy_time_cuda = 0.000774
iter 35: per_iter_time_cuda = 0.264603

iter 36: slack_cuda = -0.012139
iter 36: cpu_time_cuda = 0.125315
iter 36: gpu_time_cuda = 0.137454
iter 36: download_copy_time_cuda = 0.000710
iter 36: upload_copy_time_cuda = 0.000773
iter 36: per_iter_time_cuda = 0.264612

iter 37: slack_cuda = -0.008307
iter 37: cpu_time_cuda = 0.125558
iter 37: gpu_time_cuda = 0.133865
iter 37: download_copy_time_cuda = 0.000709
iter 37: upload_copy_time_cuda = 0.000778
iter 37: per_iter_time_cuda = 0.261270

iter 38: slack_cuda = -0.008837
iter 38: cpu_time_cuda = 0.123305
iter 38: gpu_time_cuda = 0.132143
iter 38: download_copy_time_cuda = 0.000697
iter 38: upload_copy_time_cuda = 0.000748
iter 38: per_iter_time_cuda = 0.257250

iter 39: slack_cuda = -0.008170
iter 39: cpu_time_cuda = 0.122273
iter 39: gpu_time_cuda = 0.130443
iter 39: download_copy_time_cuda = 0.000695
iter 39: upload_copy_time_cuda = 0.000749
iter 39: per_iter_time_cuda = 0.254519

iter 40: slack_cuda = -0.008301
iter 40: cpu_time_cuda = 0.121256
iter 40: gpu_time_cuda = 0.129557
iter 40: download_copy_time_cuda = 0.000694
iter 40: upload_copy_time_cuda = 0.000744
iter 40: per_iter_time_cuda = 0.252605

iter 41: slack_cuda = -0.003487
iter 41: cpu_time_cuda = 0.120202
iter 41: gpu_time_cuda = 0.123689
iter 41: download_copy_time_cuda = 0.000681
iter 41: upload_copy_time_cuda = 0.000736
iter 41: per_iter_time_cuda = 0.245653

iter 42: slack_cuda = -0.005332
iter 42: cpu_time_cuda = 0.119277
iter 42: gpu_time_cuda = 0.124610
iter 42: download_copy_time_cuda = 0.000679
iter 42: upload_copy_time_cuda = 0.000728
iter 42: per_iter_time_cuda = 0.245649

iter 43: slack_cuda = -0.001893
iter 43: cpu_time_cuda = 0.118390
iter 43: gpu_time_cuda = 0.120283
iter 43: download_copy_time_cuda = 0.000679
iter 43: upload_copy_time_cuda = 0.000727
iter 43: per_iter_time_cuda = 0.240427

iter 44: slack_cuda = -0.003754
iter 44: cpu_time_cuda = 0.117375
iter 44: gpu_time_cuda = 0.121129
iter 44: download_copy_time_cuda = 0.000665
iter 44: upload_copy_time_cuda = 0.000722
iter 44: per_iter_time_cuda = 0.240242

iter 45: slack_cuda = -0.001784
iter 45: cpu_time_cuda = 0.116470
iter 45: gpu_time_cuda = 0.118253
iter 45: download_copy_time_cuda = 0.000663
iter 45: upload_copy_time_cuda = 0.000716
iter 45: per_iter_time_cuda = 0.236452

iter 46: slack_cuda = -0.002563
iter 46: cpu_time_cuda = 0.115372
iter 46: gpu_time_cuda = 0.117935
iter 46: download_copy_time_cuda = 0.000663
iter 46: upload_copy_time_cuda = 0.000709
iter 46: per_iter_time_cuda = 0.235018

iter 47: slack_cuda = 0.000164
iter 47: cpu_time_cuda = 0.114379
iter 47: gpu_time_cuda = 0.114215
iter 47: download_copy_time_cuda = 0.000648
iter 47: upload_copy_time_cuda = 0.000702
iter 47: per_iter_time_cuda = 0.230276

iter 48: slack_cuda = -0.000533
iter 48: cpu_time_cuda = 0.113248
iter 48: gpu_time_cuda = 0.113781
iter 48: download_copy_time_cuda = 0.000644
iter 48: upload_copy_time_cuda = 0.000698
iter 48: per_iter_time_cuda = 0.228713

iter 49: slack_cuda = 0.001811
iter 49: cpu_time_cuda = 0.112473
iter 49: gpu_time_cuda = 0.110662
iter 49: download_copy_time_cuda = 0.000643
iter 49: upload_copy_time_cuda = 0.000686
iter 49: per_iter_time_cuda = 0.224812

iter 50: slack_cuda = 0.000526
iter 50: cpu_time_cuda = 0.111595
iter 50: gpu_time_cuda = 0.111069
iter 50: download_copy_time_cuda = 0.000630
iter 50: upload_copy_time_cuda = 0.000691
iter 50: per_iter_time_cuda = 0.224323

iter 51: slack_cuda = 0.002020
iter 51: cpu_time_cuda = 0.110376
iter 51: gpu_time_cuda = 0.108356
iter 51: download_copy_time_cuda = 0.000627
iter 51: upload_copy_time_cuda = 0.000679
iter 51: per_iter_time_cuda = 0.220369

iter 52: slack_cuda = 0.002470
iter 52: cpu_time_cuda = 0.109257
iter 52: gpu_time_cuda = 0.106787
iter 52: download_copy_time_cuda = 0.000629
iter 52: upload_copy_time_cuda = 0.000681
iter 52: per_iter_time_cuda = 0.217687

iter 53: slack_cuda = 0.004915
iter 53: cpu_time_cuda = 0.108093
iter 53: gpu_time_cuda = 0.103178
iter 53: download_copy_time_cuda = 0.000615
iter 53: upload_copy_time_cuda = 0.000668
iter 53: per_iter_time_cuda = 0.212889

iter 54: slack_cuda = 0.004446
iter 54: cpu_time_cuda = 0.107140
iter 54: gpu_time_cuda = 0.102694
iter 54: download_copy_time_cuda = 0.000614
iter 54: upload_copy_time_cuda = 0.000660
iter 54: per_iter_time_cuda = 0.211443

iter 55: slack_cuda = 0.005670
iter 55: cpu_time_cuda = 0.106283
iter 55: gpu_time_cuda = 0.100613
iter 55: download_copy_time_cuda = 0.000612
iter 55: upload_copy_time_cuda = 0.000657
iter 55: per_iter_time_cuda = 0.208487

iter 56: slack_cuda = 0.006814
iter 56: cpu_time_cuda = 0.105004
iter 56: gpu_time_cuda = 0.098190
iter 56: download_copy_time_cuda = 0.000597
iter 56: upload_copy_time_cuda = 0.000649
iter 56: per_iter_time_cuda = 0.204754

iter 57: slack_cuda = 0.008334
iter 57: cpu_time_cuda = 0.104010
iter 57: gpu_time_cuda = 0.095677
iter 57: download_copy_time_cuda = 0.000598
iter 57: upload_copy_time_cuda = 0.000647
iter 57: per_iter_time_cuda = 0.201243

iter 58: slack_cuda = 0.008951
iter 58: cpu_time_cuda = 0.103038
iter 58: gpu_time_cuda = 0.094087
iter 58: download_copy_time_cuda = 0.000596
iter 58: upload_copy_time_cuda = 0.000636
iter 58: per_iter_time_cuda = 0.198672

iter 59: slack_cuda = 0.025842
iter 59: cpu_time_cuda = 0.119040
iter 59: gpu_time_cuda = 0.093198
iter 59: download_copy_time_cuda = 0.000583
iter 59: upload_copy_time_cuda = 0.011120
iter 59: per_iter_time_cuda = 0.241737

iter 60: slack_cuda = 0.009779
iter 60: cpu_time_cuda = 0.101360
iter 60: gpu_time_cuda = 0.091581
iter 60: download_copy_time_cuda = 0.000617
iter 60: upload_copy_time_cuda = 0.000633
iter 60: per_iter_time_cuda = 0.194501

iter 61: slack_cuda = 0.011900
iter 61: cpu_time_cuda = 0.100145
iter 61: gpu_time_cuda = 0.088245
iter 61: download_copy_time_cuda = 0.000573
iter 61: upload_copy_time_cuda = 0.000614
iter 61: per_iter_time_cuda = 0.189885

iter 62: slack_cuda = 0.011803
iter 62: cpu_time_cuda = 0.099159
iter 62: gpu_time_cuda = 0.087356
iter 62: download_copy_time_cuda = 0.000567
iter 62: upload_copy_time_cuda = 0.000607
iter 62: per_iter_time_cuda = 0.187987

iter 63: slack_cuda = 0.011831
iter 63: cpu_time_cuda = 0.098135
iter 63: gpu_time_cuda = 0.086304
iter 63: download_copy_time_cuda = 0.000560
iter 63: upload_copy_time_cuda = 0.000603
iter 63: per_iter_time_cuda = 0.185894

iter 64: slack_cuda = 0.011897
iter 64: cpu_time_cuda = 0.096992
iter 64: gpu_time_cuda = 0.085095
iter 64: download_copy_time_cuda = 0.000561
iter 64: upload_copy_time_cuda = 0.000602
iter 64: per_iter_time_cuda = 0.183547

iter 65: slack_cuda = 0.015185
iter 65: cpu_time_cuda = 0.096910
iter 65: gpu_time_cuda = 0.081725
iter 65: download_copy_time_cuda = 0.000551
iter 65: upload_copy_time_cuda = 0.000601
iter 65: per_iter_time_cuda = 0.180079

iter 66: slack_cuda = 0.015599
iter 66: cpu_time_cuda = 0.095798
iter 66: gpu_time_cuda = 0.080199
iter 66: download_copy_time_cuda = 0.000550
iter 66: upload_copy_time_cuda = 0.000598
iter 66: per_iter_time_cuda = 0.177437

iter 67: slack_cuda = 0.016037
iter 67: cpu_time_cuda = 0.094775
iter 67: gpu_time_cuda = 0.078738
iter 67: download_copy_time_cuda = 0.000546
iter 67: upload_copy_time_cuda = 0.000584
iter 67: per_iter_time_cuda = 0.174936

iter 68: slack_cuda = 0.016698
iter 68: cpu_time_cuda = 0.093788
iter 68: gpu_time_cuda = 0.077090
iter 68: download_copy_time_cuda = 0.000533
iter 68: upload_copy_time_cuda = 0.000577
iter 68: per_iter_time_cuda = 0.172275

iter 69: slack_cuda = 0.018264
iter 69: cpu_time_cuda = 0.092821
iter 69: gpu_time_cuda = 0.074557
iter 69: download_copy_time_cuda = 0.000532
iter 69: upload_copy_time_cuda = 0.000572
iter 69: per_iter_time_cuda = 0.168766

iter 70: slack_cuda = 0.016445
iter 70: cpu_time_cuda = 0.091805
iter 70: gpu_time_cuda = 0.075360
iter 70: download_copy_time_cuda = 0.000530
iter 70: upload_copy_time_cuda = 0.000567
iter 70: per_iter_time_cuda = 0.168564

iter 71: slack_cuda = 0.018252
iter 71: cpu_time_cuda = 0.090813
iter 71: gpu_time_cuda = 0.072562
iter 71: download_copy_time_cuda = 0.000517
iter 71: upload_copy_time_cuda = 0.000561
iter 71: per_iter_time_cuda = 0.164742

iter 72: slack_cuda = 0.018658
iter 72: cpu_time_cuda = 0.089672
iter 72: gpu_time_cuda = 0.071014
iter 72: download_copy_time_cuda = 0.000518
iter 72: upload_copy_time_cuda = 0.000555
iter 72: per_iter_time_cuda = 0.162053

iter 73: slack_cuda = 0.018870
iter 73: cpu_time_cuda = 0.088628
iter 73: gpu_time_cuda = 0.069758
iter 73: download_copy_time_cuda = 0.000507
iter 73: upload_copy_time_cuda = 0.000549
iter 73: per_iter_time_cuda = 0.159730

iter 74: slack_cuda = 0.018136
iter 74: cpu_time_cuda = 0.087436
iter 74: gpu_time_cuda = 0.069300
iter 74: download_copy_time_cuda = 0.000503
iter 74: upload_copy_time_cuda = 0.000544
iter 74: per_iter_time_cuda = 0.158069

iter 75: slack_cuda = 0.019990
iter 75: cpu_time_cuda = 0.086443
iter 75: gpu_time_cuda = 0.066453
iter 75: download_copy_time_cuda = 0.000501
iter 75: upload_copy_time_cuda = 0.000537
iter 75: per_iter_time_cuda = 0.154224

iter 76: slack_cuda = 0.020465
iter 76: cpu_time_cuda = 0.085388
iter 76: gpu_time_cuda = 0.064923
iter 76: download_copy_time_cuda = 0.000499
iter 76: upload_copy_time_cuda = 0.000524
iter 76: per_iter_time_cuda = 0.151618

iter 77: slack_cuda = 0.020264
iter 77: cpu_time_cuda = 0.084424
iter 77: gpu_time_cuda = 0.064160
iter 77: download_copy_time_cuda = 0.000485
iter 77: upload_copy_time_cuda = 0.000523
iter 77: per_iter_time_cuda = 0.149888

iter 78: slack_cuda = 0.020169
iter 78: cpu_time_cuda = 0.083417
iter 78: gpu_time_cuda = 0.063248
iter 78: download_copy_time_cuda = 0.000485
iter 78: upload_copy_time_cuda = 0.000519
iter 78: per_iter_time_cuda = 0.147953

iter 79: slack_cuda = 0.021427
iter 79: cpu_time_cuda = 0.082422
iter 79: gpu_time_cuda = 0.060995
iter 79: download_copy_time_cuda = 0.000471
iter 79: upload_copy_time_cuda = 0.000513
iter 79: per_iter_time_cuda = 0.144698

iter 80: slack_cuda = 0.021464
iter 80: cpu_time_cuda = 0.081355
iter 80: gpu_time_cuda = 0.059891
iter 80: download_copy_time_cuda = 0.000468
iter 80: upload_copy_time_cuda = 0.000506
iter 80: per_iter_time_cuda = 0.142505

iter 81: slack_cuda = 0.022393
iter 81: cpu_time_cuda = 0.080360
iter 81: gpu_time_cuda = 0.057967
iter 81: download_copy_time_cuda = 0.000465
iter 81: upload_copy_time_cuda = 0.000500
iter 81: per_iter_time_cuda = 0.139572

iter 82: slack_cuda = 0.022145
iter 82: cpu_time_cuda = 0.079374
iter 82: gpu_time_cuda = 0.057229
iter 82: download_copy_time_cuda = 0.000456
iter 82: upload_copy_time_cuda = 0.000493
iter 82: per_iter_time_cuda = 0.137829

iter 83: slack_cuda = 0.022429
iter 83: cpu_time_cuda = 0.078366
iter 83: gpu_time_cuda = 0.055937
iter 83: download_copy_time_cuda = 0.000450
iter 83: upload_copy_time_cuda = 0.000489
iter 83: per_iter_time_cuda = 0.135516

iter 84: slack_cuda = 0.022980
iter 84: cpu_time_cuda = 0.077388
iter 84: gpu_time_cuda = 0.054407
iter 84: download_copy_time_cuda = 0.000452
iter 84: upload_copy_time_cuda = 0.000480
iter 84: per_iter_time_cuda = 0.133008

iter 85: slack_cuda = 0.023602
iter 85: cpu_time_cuda = 0.076385
iter 85: gpu_time_cuda = 0.052783
iter 85: download_copy_time_cuda = 0.000441
iter 85: upload_copy_time_cuda = 0.000477
iter 85: per_iter_time_cuda = 0.130347

iter 86: slack_cuda = 0.023790
iter 86: cpu_time_cuda = 0.075435
iter 86: gpu_time_cuda = 0.051645
iter 86: download_copy_time_cuda = 0.000435
iter 86: upload_copy_time_cuda = 0.000468
iter 86: per_iter_time_cuda = 0.128240

iter 87: slack_cuda = 0.023996
iter 87: cpu_time_cuda = 0.074403
iter 87: gpu_time_cuda = 0.050407
iter 87: download_copy_time_cuda = 0.000435
iter 87: upload_copy_time_cuda = 0.000472
iter 87: per_iter_time_cuda = 0.125978

iter 88: slack_cuda = 0.023953
iter 88: cpu_time_cuda = 0.073239
iter 88: gpu_time_cuda = 0.049286
iter 88: download_copy_time_cuda = 0.000423
iter 88: upload_copy_time_cuda = 0.000461
iter 88: per_iter_time_cuda = 0.123672

iter 89: slack_cuda = 0.024952
iter 89: cpu_time_cuda = 0.072255
iter 89: gpu_time_cuda = 0.047303
iter 89: download_copy_time_cuda = 0.000421
iter 89: upload_copy_time_cuda = 0.000454
iter 89: per_iter_time_cuda = 0.120689

iter 90: slack_cuda = 0.024064
iter 90: cpu_time_cuda = 0.071245
iter 90: gpu_time_cuda = 0.047181
iter 90: download_copy_time_cuda = 0.000419
iter 90: upload_copy_time_cuda = 0.000446
iter 90: per_iter_time_cuda = 0.119547

iter 91: slack_cuda = 0.041370
iter 91: cpu_time_cuda = 0.086714
iter 91: gpu_time_cuda = 0.045344
iter 91: download_copy_time_cuda = 0.000409
iter 91: upload_copy_time_cuda = 0.000732
iter 91: per_iter_time_cuda = 0.146871

iter 92: slack_cuda = 0.024345
iter 92: cpu_time_cuda = 0.069044
iter 92: gpu_time_cuda = 0.044698
iter 92: download_copy_time_cuda = 0.000410
iter 92: upload_copy_time_cuda = 0.000434
iter 92: per_iter_time_cuda = 0.114836

iter 93: slack_cuda = 0.025696
iter 93: cpu_time_cuda = 0.068281
iter 93: gpu_time_cuda = 0.042585
iter 93: download_copy_time_cuda = 0.000403
iter 93: upload_copy_time_cuda = 0.000436
iter 93: per_iter_time_cuda = 0.111965

iter 94: slack_cuda = 0.025396
iter 94: cpu_time_cuda = 0.067184
iter 94: gpu_time_cuda = 0.041788
iter 94: download_copy_time_cuda = 0.000393
iter 94: upload_copy_time_cuda = 0.000422
iter 94: per_iter_time_cuda = 0.110034

iter 95: slack_cuda = 0.025437
iter 95: cpu_time_cuda = 0.065957
iter 95: gpu_time_cuda = 0.040520
iter 95: download_copy_time_cuda = 0.000395
iter 95: upload_copy_time_cuda = 0.000417
iter 95: per_iter_time_cuda = 0.107534

iter 96: slack_cuda = 0.024137
iter 96: cpu_time_cuda = 0.064365
iter 96: gpu_time_cuda = 0.040228
iter 96: download_copy_time_cuda = 0.000385
iter 96: upload_copy_time_cuda = 0.000411
iter 96: per_iter_time_cuda = 0.105639

iter 97: slack_cuda = 0.025365
iter 97: cpu_time_cuda = 0.063257
iter 97: gpu_time_cuda = 0.037892
iter 97: download_copy_time_cuda = 0.000372
iter 97: upload_copy_time_cuda = 0.000404
iter 97: per_iter_time_cuda = 0.102174

iter 98: slack_cuda = 0.024397
iter 98: cpu_time_cuda = 0.062248
iter 98: gpu_time_cuda = 0.037851
iter 98: download_copy_time_cuda = 0.000370
iter 98: upload_copy_time_cuda = 0.000392
iter 98: per_iter_time_cuda = 0.101106

iter 99: slack_cuda = 0.025035
iter 99: cpu_time_cuda = 0.061187
iter 99: gpu_time_cuda = 0.036152
iter 99: download_copy_time_cuda = 0.000371
iter 99: upload_copy_time_cuda = 0.000387
iter 99: per_iter_time_cuda = 0.098343

iter 100: slack_cuda = 0.024701
iter 100: cpu_time_cuda = 0.060123
iter 100: gpu_time_cuda = 0.035421
iter 100: download_copy_time_cuda = 0.000357
iter 100: upload_copy_time_cuda = 0.000381
iter 100: per_iter_time_cuda = 0.096538

iter 101: slack_cuda = 0.025132
iter 101: cpu_time_cuda = 0.059003
iter 101: gpu_time_cuda = 0.033870
iter 101: download_copy_time_cuda = 0.000356
iter 101: upload_copy_time_cuda = 0.000376
iter 101: per_iter_time_cuda = 0.093845

iter 102: slack_cuda = 0.024988
iter 102: cpu_time_cuda = 0.057979
iter 102: gpu_time_cuda = 0.032991
iter 102: download_copy_time_cuda = 0.000353
iter 102: upload_copy_time_cuda = 0.000368
iter 102: per_iter_time_cuda = 0.091938

iter 103: slack_cuda = 0.025259
iter 103: cpu_time_cuda = 0.056974
iter 103: gpu_time_cuda = 0.031715
iter 103: download_copy_time_cuda = 0.000341
iter 103: upload_copy_time_cuda = 0.000363
iter 103: per_iter_time_cuda = 0.089637

iter 104: slack_cuda = 0.024778
iter 104: cpu_time_cuda = 0.055951
iter 104: gpu_time_cuda = 0.031173
iter 104: download_copy_time_cuda = 0.000339
iter 104: upload_copy_time_cuda = 0.000356
iter 104: per_iter_time_cuda = 0.088063

iter 105: slack_cuda = 0.024641
iter 105: cpu_time_cuda = 0.054947
iter 105: gpu_time_cuda = 0.030306
iter 105: download_copy_time_cuda = 0.000338
iter 105: upload_copy_time_cuda = 0.000352
iter 105: per_iter_time_cuda = 0.086186

iter 106: slack_cuda = 0.025118
iter 106: cpu_time_cuda = 0.054037
iter 106: gpu_time_cuda = 0.028919
iter 106: download_copy_time_cuda = 0.000324
iter 106: upload_copy_time_cuda = 0.000345
iter 106: per_iter_time_cuda = 0.083855

iter 107: slack_cuda = 0.024811
iter 107: cpu_time_cuda = 0.052996
iter 107: gpu_time_cuda = 0.028185
iter 107: download_copy_time_cuda = 0.000324
iter 107: upload_copy_time_cuda = 0.000340
iter 107: per_iter_time_cuda = 0.082053

iter 108: slack_cuda = 0.024639
iter 108: cpu_time_cuda = 0.052003
iter 108: gpu_time_cuda = 0.027364
iter 108: download_copy_time_cuda = 0.000314
iter 108: upload_copy_time_cuda = 0.000333
iter 108: per_iter_time_cuda = 0.080216

iter 109: slack_cuda = 0.024956
iter 109: cpu_time_cuda = 0.050986
iter 109: gpu_time_cuda = 0.026030
iter 109: download_copy_time_cuda = 0.000307
iter 109: upload_copy_time_cuda = 0.000329
iter 109: per_iter_time_cuda = 0.077860

iter 110: slack_cuda = 0.024547
iter 110: cpu_time_cuda = 0.049972
iter 110: gpu_time_cuda = 0.025425
iter 110: download_copy_time_cuda = 0.000309
iter 110: upload_copy_time_cuda = 0.000323
iter 110: per_iter_time_cuda = 0.076224

iter 111: slack_cuda = 0.024767
iter 111: cpu_time_cuda = 0.048927
iter 111: gpu_time_cuda = 0.024160
iter 111: download_copy_time_cuda = 0.000295
iter 111: upload_copy_time_cuda = 0.000315
iter 111: per_iter_time_cuda = 0.073893

iter 112: slack_cuda = 0.024174
iter 112: cpu_time_cuda = 0.047907
iter 112: gpu_time_cuda = 0.023733
iter 112: download_copy_time_cuda = 0.000289
iter 112: upload_copy_time_cuda = 0.000308
iter 112: per_iter_time_cuda = 0.072436

iter 113: slack_cuda = 0.024469
iter 113: cpu_time_cuda = 0.046994
iter 113: gpu_time_cuda = 0.022525
iter 113: download_copy_time_cuda = 0.000287
iter 113: upload_copy_time_cuda = 0.000302
iter 113: per_iter_time_cuda = 0.070309

iter 114: slack_cuda = 0.024181
iter 114: cpu_time_cuda = 0.046004
iter 114: gpu_time_cuda = 0.021823
iter 114: download_copy_time_cuda = 0.000277
iter 114: upload_copy_time_cuda = 0.000297
iter 114: per_iter_time_cuda = 0.068605

iter 115: slack_cuda = 0.024090
iter 115: cpu_time_cuda = 0.045019
iter 115: gpu_time_cuda = 0.020929
iter 115: download_copy_time_cuda = 0.000272
iter 115: upload_copy_time_cuda = 0.000291
iter 115: per_iter_time_cuda = 0.066718

iter 116: slack_cuda = 0.023659
iter 116: cpu_time_cuda = 0.043935
iter 116: gpu_time_cuda = 0.020276
iter 116: download_copy_time_cuda = 0.000273
iter 116: upload_copy_time_cuda = 0.000286
iter 116: per_iter_time_cuda = 0.064966

iter 117: slack_cuda = 0.023394
iter 117: cpu_time_cuda = 0.042628
iter 117: gpu_time_cuda = 0.019234
iter 117: download_copy_time_cuda = 0.000262
iter 117: upload_copy_time_cuda = 0.000280
iter 117: per_iter_time_cuda = 0.062600

iter 118: slack_cuda = 0.023115
iter 118: cpu_time_cuda = 0.041663
iter 118: gpu_time_cuda = 0.018548
iter 118: download_copy_time_cuda = 0.000258
iter 118: upload_copy_time_cuda = 0.000275
iter 118: per_iter_time_cuda = 0.060948

iter 119: slack_cuda = 0.023002
iter 119: cpu_time_cuda = 0.040697
iter 119: gpu_time_cuda = 0.017695
iter 119: download_copy_time_cuda = 0.000258
iter 119: upload_copy_time_cuda = 0.000268
iter 119: per_iter_time_cuda = 0.059123

iter 120: slack_cuda = 0.022538
iter 120: cpu_time_cuda = 0.039668
iter 120: gpu_time_cuda = 0.017130
iter 120: download_copy_time_cuda = 0.000246
iter 120: upload_copy_time_cuda = 0.000262
iter 120: per_iter_time_cuda = 0.057514

iter 121: slack_cuda = 0.022528
iter 121: cpu_time_cuda = 0.038710
iter 121: gpu_time_cuda = 0.016182
iter 121: download_copy_time_cuda = 0.000244
iter 121: upload_copy_time_cuda = 0.000255
iter 121: per_iter_time_cuda = 0.055586

iter 122: slack_cuda = 0.022011
iter 122: cpu_time_cuda = 0.037742
iter 122: gpu_time_cuda = 0.015732
iter 122: download_copy_time_cuda = 0.000241
iter 122: upload_copy_time_cuda = 0.000251
iter 122: per_iter_time_cuda = 0.054152

iter 123: slack_cuda = 0.021941
iter 123: cpu_time_cuda = 0.036780
iter 123: gpu_time_cuda = 0.014838
iter 123: download_copy_time_cuda = 0.000230
iter 123: upload_copy_time_cuda = 0.000245
iter 123: per_iter_time_cuda = 0.052286

iter 124: slack_cuda = 0.021382
iter 124: cpu_time_cuda = 0.035812
iter 124: gpu_time_cuda = 0.014430
iter 124: download_copy_time_cuda = 0.000226
iter 124: upload_copy_time_cuda = 0.000239
iter 124: per_iter_time_cuda = 0.050904

iter 125: slack_cuda = 0.021288
iter 125: cpu_time_cuda = 0.034784
iter 125: gpu_time_cuda = 0.013496
iter 125: download_copy_time_cuda = 0.000226
iter 125: upload_copy_time_cuda = 0.000233
iter 125: per_iter_time_cuda = 0.048935

iter 126: slack_cuda = 0.020824
iter 126: cpu_time_cuda = 0.033807
iter 126: gpu_time_cuda = 0.012984
iter 126: download_copy_time_cuda = 0.000214
iter 126: upload_copy_time_cuda = 0.000227
iter 126: per_iter_time_cuda = 0.047428

iter 127: slack_cuda = 0.020730
iter 127: cpu_time_cuda = 0.032818
iter 127: gpu_time_cuda = 0.012088
iter 127: download_copy_time_cuda = 0.000210
iter 127: upload_copy_time_cuda = 0.000222
iter 127: per_iter_time_cuda = 0.045520

iter 128: slack_cuda = 0.019922
iter 128: cpu_time_cuda = 0.031794
iter 128: gpu_time_cuda = 0.011872
iter 128: download_copy_time_cuda = 0.000207
iter 128: upload_copy_time_cuda = 0.000214
iter 128: per_iter_time_cuda = 0.044271

iter 129: slack_cuda = 0.019884
iter 129: cpu_time_cuda = 0.030869
iter 129: gpu_time_cuda = 0.010985
iter 129: download_copy_time_cuda = 0.000197
iter 129: upload_copy_time_cuda = 0.000209
iter 129: per_iter_time_cuda = 0.042449

iter 130: slack_cuda = 0.019369
iter 130: cpu_time_cuda = 0.029860
iter 130: gpu_time_cuda = 0.010491
iter 130: download_copy_time_cuda = 0.000191
iter 130: upload_copy_time_cuda = 0.000203
iter 130: per_iter_time_cuda = 0.040949

iter 131: slack_cuda = 0.019027
iter 131: cpu_time_cuda = 0.028896
iter 131: gpu_time_cuda = 0.009868
iter 131: download_copy_time_cuda = 0.000191
iter 131: upload_copy_time_cuda = 0.000196
iter 131: per_iter_time_cuda = 0.039339

iter 132: slack_cuda = 0.018360
iter 132: cpu_time_cuda = 0.027931
iter 132: gpu_time_cuda = 0.009572
iter 132: download_copy_time_cuda = 0.000183
iter 132: upload_copy_time_cuda = 0.000201
iter 132: per_iter_time_cuda = 0.038081

iter 133: slack_cuda = 0.018127
iter 133: cpu_time_cuda = 0.026892
iter 133: gpu_time_cuda = 0.008765
iter 133: download_copy_time_cuda = 0.000180
iter 133: upload_copy_time_cuda = 0.000201
iter 133: per_iter_time_cuda = 0.036224

iter 134: slack_cuda = 0.017670
iter 134: cpu_time_cuda = 0.025956
iter 134: gpu_time_cuda = 0.008286
iter 134: download_copy_time_cuda = 0.000178
iter 134: upload_copy_time_cuda = 0.000202
iter 134: per_iter_time_cuda = 0.034807

iter 135: slack_cuda = 0.017335
iter 135: cpu_time_cuda = 0.024986
iter 135: gpu_time_cuda = 0.007650
iter 135: download_copy_time_cuda = 0.000172
iter 135: upload_copy_time_cuda = 0.000197
iter 135: per_iter_time_cuda = 0.033193

iter 136: slack_cuda = 0.016704
iter 136: cpu_time_cuda = 0.023956
iter 136: gpu_time_cuda = 0.007252
iter 136: download_copy_time_cuda = 0.000160
iter 136: upload_copy_time_cuda = 0.000204
iter 136: per_iter_time_cuda = 0.031766

iter 137: slack_cuda = 0.016419
iter 137: cpu_time_cuda = 0.022982
iter 137: gpu_time_cuda = 0.006563
iter 137: download_copy_time_cuda = 0.000168
iter 137: upload_copy_time_cuda = 0.000199
iter 137: per_iter_time_cuda = 0.030084

iter 138: slack_cuda = 0.015668
iter 138: cpu_time_cuda = 0.021904
iter 138: gpu_time_cuda = 0.006236
iter 138: download_copy_time_cuda = 0.000148
iter 138: upload_copy_time_cuda = 0.000194
iter 138: per_iter_time_cuda = 0.028654

iter 139: slack_cuda = 0.014857
iter 139: cpu_time_cuda = 0.020735
iter 139: gpu_time_cuda = 0.005878
iter 139: download_copy_time_cuda = 0.000145
iter 139: upload_copy_time_cuda = 0.000195
iter 139: per_iter_time_cuda = 0.027122

iter 140: slack_cuda = 0.014290
iter 140: cpu_time_cuda = 0.019729
iter 140: gpu_time_cuda = 0.005438
iter 140: download_copy_time_cuda = 0.000143
iter 140: upload_copy_time_cuda = 0.000196
iter 140: per_iter_time_cuda = 0.025678

iter 141: slack_cuda = 0.013968
iter 141: cpu_time_cuda = 0.018771
iter 141: gpu_time_cuda = 0.004803
iter 141: download_copy_time_cuda = 0.000132
iter 141: upload_copy_time_cuda = 0.000197
iter 141: per_iter_time_cuda = 0.024076

iter 142: slack_cuda = 0.013292
iter 142: cpu_time_cuda = 0.017833
iter 142: gpu_time_cuda = 0.004541
iter 142: download_copy_time_cuda = 0.000129
iter 142: upload_copy_time_cuda = 0.000194
iter 142: per_iter_time_cuda = 0.022865

iter 143: slack_cuda = 0.012643
iter 143: cpu_time_cuda = 0.016816
iter 143: gpu_time_cuda = 0.004173
iter 143: download_copy_time_cuda = 0.000127
iter 143: upload_copy_time_cuda = 0.000190
iter 143: per_iter_time_cuda = 0.021473

iter 144: slack_cuda = 0.012251
iter 144: cpu_time_cuda = 0.016124
iter 144: gpu_time_cuda = 0.003873
iter 144: download_copy_time_cuda = 0.000116
iter 144: upload_copy_time_cuda = 0.000188
iter 144: per_iter_time_cuda = 0.020461

iter 145: slack_cuda = 0.011439
iter 145: cpu_time_cuda = 0.014930
iter 145: gpu_time_cuda = 0.003491
iter 145: download_copy_time_cuda = 0.000110
iter 145: upload_copy_time_cuda = 0.000187
iter 145: per_iter_time_cuda = 0.018874

iter 146: slack_cuda = 0.010931
iter 146: cpu_time_cuda = 0.014011
iter 146: gpu_time_cuda = 0.003080
iter 146: download_copy_time_cuda = 0.000104
iter 146: upload_copy_time_cuda = 0.000186
iter 146: per_iter_time_cuda = 0.017543

iter 147: slack_cuda = 0.010491
iter 147: cpu_time_cuda = 0.013125
iter 147: gpu_time_cuda = 0.002634
iter 147: download_copy_time_cuda = 0.000099
iter 147: upload_copy_time_cuda = 0.000189
iter 147: per_iter_time_cuda = 0.016211

iter 148: slack_cuda = 0.009521
iter 148: cpu_time_cuda = 0.012148
iter 148: gpu_time_cuda = 0.002627
iter 148: download_copy_time_cuda = 0.000099
iter 148: upload_copy_time_cuda = 0.000191
iter 148: per_iter_time_cuda = 0.015224

iter 149: slack_cuda = 0.008864
iter 149: cpu_time_cuda = 0.011189
iter 149: gpu_time_cuda = 0.002326
iter 149: download_copy_time_cuda = 0.000096
iter 149: upload_copy_time_cuda = 0.000194
iter 149: per_iter_time_cuda = 0.013966

iter 150: slack_cuda = 0.008194
iter 150: cpu_time_cuda = 0.010173
iter 150: gpu_time_cuda = 0.001979
iter 150: download_copy_time_cuda = 0.000096
iter 150: upload_copy_time_cuda = 0.000189
iter 150: per_iter_time_cuda = 0.012588

iter 151: slack_cuda = 0.007318
iter 151: cpu_time_cuda = 0.009193
iter 151: gpu_time_cuda = 0.001875
iter 151: download_copy_time_cuda = 0.000094
iter 151: upload_copy_time_cuda = 0.000186
iter 151: per_iter_time_cuda = 0.011500

iter 152: slack_cuda = 0.006540
iter 152: cpu_time_cuda = 0.008245
iter 152: gpu_time_cuda = 0.001705
iter 152: download_copy_time_cuda = 0.000084
iter 152: upload_copy_time_cuda = 0.000188
iter 152: per_iter_time_cuda = 0.010374

iter 153: slack_cuda = 0.006045
iter 153: cpu_time_cuda = 0.007287
iter 153: gpu_time_cuda = 0.001243
iter 153: download_copy_time_cuda = 0.000086
iter 153: upload_copy_time_cuda = 0.000181
iter 153: per_iter_time_cuda = 0.008950

iter 154: slack_cuda = 0.005203
iter 154: cpu_time_cuda = 0.006394
iter 154: gpu_time_cuda = 0.001191
iter 154: download_copy_time_cuda = 0.000086
iter 154: upload_copy_time_cuda = 0.000181
iter 154: per_iter_time_cuda = 0.008003

iter 155: slack_cuda = 0.004444
iter 155: cpu_time_cuda = 0.005489
iter 155: gpu_time_cuda = 0.001046
iter 155: download_copy_time_cuda = 0.000078
iter 155: upload_copy_time_cuda = 0.000185
iter 155: per_iter_time_cuda = 0.006955

iter 156: slack_cuda = 0.003630
iter 156: cpu_time_cuda = 0.004512
iter 156: gpu_time_cuda = 0.000883
iter 156: download_copy_time_cuda = 0.000069
iter 156: upload_copy_time_cuda = 0.000182
iter 156: per_iter_time_cuda = 0.005799

iter 157: slack_cuda = 0.002616
iter 157: cpu_time_cuda = 0.003492
iter 157: gpu_time_cuda = 0.000876
iter 157: download_copy_time_cuda = 0.000077
iter 157: upload_copy_time_cuda = 0.000182
iter 157: per_iter_time_cuda = 0.004783

iter 158: slack_cuda = 0.001694
iter 158: cpu_time_cuda = 0.002573
iter 158: gpu_time_cuda = 0.000878
iter 158: download_copy_time_cuda = 0.000070
iter 158: upload_copy_time_cuda = 0.000178
iter 158: per_iter_time_cuda = 0.003840

iter 159: slack_cuda = 0.001450
iter 159: cpu_time_cuda = 0.001458
iter 159: gpu_time_cuda = 0.000008
iter 159: download_copy_time_cuda = 0.000066
iter 159: upload_copy_time_cuda = 0.000178
iter 159: per_iter_time_cuda = 0.001761

total_cpu_time_cuda = 12.893579
total_gpu_time_cuda = 12.226398
total_copy_time_cuda = 0.170374
main_loop_time_cuda = 25.377491
Normalized difference of predicted CPU runtime per iteration is: 0.000000%
Normalized difference of predicted GPU runtime per iteration is: 0.000000%
Normalized difference of predicted slack per iteration is: 0.000000%
10240 10240     ---   (  ---  )     27.87 (  25.68)     ---   
total_time = 29.738905
26.43user 3.59system 0:31.04elapsed 96%CPU (0avgtext+0avgdata 972184maxresident)k
0inputs+0outputs (0major+225570minor)pagefaults 0swaps
send out message: 22 3 log
