send out message: 24 37 /home/lchen/MAGMA/magma-1.3.0/results
send out message: 20 26 MAGMA_LU_GPUDVFS.total.pwr
MAGMA 1.3.0
device 0: Tesla K20c, 705.5 MHz clock, 4799.6 MB memory, capability 3.5

Usage: /home/lchen/MAGMA/magma-1.3.0/testing/testing_dgetrf -N <m,n> -c -c2 -l
  -N  can be repeated up to 10 times. If only m is given, then m=n.
  -c  or setting $MAGMA_TESTINGS_CHECK checks result, PA - LU.
  -c2 for square matrices, solves one RHS and checks residual, Ax - b.
  -l  or setting $MAGMA_RUN_LAPACK runs LAPACK.

    M     N   CPU GFlop/s (sec)   GPU GFlop/s (sec)   |PA-LU|/(N*|A|)
=========================================================================
init_time = 13.481642
iter 0: cpu_time_cuda = 0.000000
iter 0: gpu_time_cuda = 0.000000
iter 0: download_copy_time_cuda = 0.000000
iter 0: upload_copy_time_cuda = 0.002012

iter 1: cpu_time_cuda = 0.031435
iter 1: gpu_time_cuda = 0.085744
iter 1: download_copy_time_cuda = 0.001871
iter 1: upload_copy_time_cuda = 0.001981

iter 2: cpu_time_cuda = 0.031201
iter 2: gpu_time_cuda = 0.085101
iter 2: download_copy_time_cuda = 0.001864
iter 2: upload_copy_time_cuda = 0.001977

iter 3: cpu_time_cuda = 0.031147
iter 3: gpu_time_cuda = 0.084352
iter 3: download_copy_time_cuda = 0.001858
iter 3: upload_copy_time_cuda = 0.001966

iter 4: cpu_time_cuda = 0.031085
iter 4: gpu_time_cuda = 0.084110
iter 4: download_copy_time_cuda = 0.001852
iter 4: upload_copy_time_cuda = 0.001962

iter 5: cpu_time_cuda = 0.030905
iter 5: gpu_time_cuda = 0.083068
iter 5: download_copy_time_cuda = 0.001847
iter 5: upload_copy_time_cuda = 0.001954

iter 6: cpu_time_cuda = 0.030922
iter 6: gpu_time_cuda = 0.083546
iter 6: download_copy_time_cuda = 0.001840
iter 6: upload_copy_time_cuda = 0.001948

iter 7: cpu_time_cuda = 0.030734
iter 7: gpu_time_cuda = 0.082536
iter 7: download_copy_time_cuda = 0.001836
iter 7: upload_copy_time_cuda = 0.001947

iter 8: cpu_time_cuda = 0.030604
iter 8: gpu_time_cuda = 0.082516
iter 8: download_copy_time_cuda = 0.001830
iter 8: upload_copy_time_cuda = 0.001928

iter 9: cpu_time_cuda = 0.030513
iter 9: gpu_time_cuda = 0.081442
iter 9: download_copy_time_cuda = 0.001825
iter 9: upload_copy_time_cuda = 0.001931

iter 10: cpu_time_cuda = 0.030438
iter 10: gpu_time_cuda = 0.081122
iter 10: download_copy_time_cuda = 0.001818
iter 10: upload_copy_time_cuda = 0.001928

iter 11: cpu_time_cuda = 0.030491
iter 11: gpu_time_cuda = 0.080276
iter 11: download_copy_time_cuda = 0.001820
iter 11: upload_copy_time_cuda = 0.001921

iter 12: cpu_time_cuda = 0.030309
iter 12: gpu_time_cuda = 0.079854
iter 12: download_copy_time_cuda = 0.001815
iter 12: upload_copy_time_cuda = 0.001913

iter 13: cpu_time_cuda = 0.030225
iter 13: gpu_time_cuda = 0.078748
iter 13: download_copy_time_cuda = 0.001806
iter 13: upload_copy_time_cuda = 0.001907

iter 14: cpu_time_cuda = 0.030099
iter 14: gpu_time_cuda = 0.079205
iter 14: download_copy_time_cuda = 0.001794
iter 14: upload_copy_time_cuda = 0.001911

iter 15: cpu_time_cuda = 0.029994
iter 15: gpu_time_cuda = 0.078106
iter 15: download_copy_time_cuda = 0.001786
iter 15: upload_copy_time_cuda = 0.001893

iter 16: cpu_time_cuda = 0.029875
iter 16: gpu_time_cuda = 0.078092
iter 16: download_copy_time_cuda = 0.001783
iter 16: upload_copy_time_cuda = 0.001901

iter 17: cpu_time_cuda = 0.029743
iter 17: gpu_time_cuda = 0.077209
iter 17: download_copy_time_cuda = 0.001774
iter 17: upload_copy_time_cuda = 0.001874

iter 18: cpu_time_cuda = 0.029723
iter 18: gpu_time_cuda = 0.076698
iter 18: download_copy_time_cuda = 0.001768
iter 18: upload_copy_time_cuda = 0.001879

iter 19: cpu_time_cuda = 0.029575
iter 19: gpu_time_cuda = 0.075898
iter 19: download_copy_time_cuda = 0.001760
iter 19: upload_copy_time_cuda = 0.001873

iter 20: cpu_time_cuda = 0.029552
iter 20: gpu_time_cuda = 0.075945
iter 20: download_copy_time_cuda = 0.001760
iter 20: upload_copy_time_cuda = 0.001876

iter 21: cpu_time_cuda = 0.029418
iter 21: gpu_time_cuda = 0.075120
iter 21: download_copy_time_cuda = 0.001753
iter 21: upload_copy_time_cuda = 0.001857

iter 22: cpu_time_cuda = 0.029274
iter 22: gpu_time_cuda = 0.075056
iter 22: download_copy_time_cuda = 0.001746
iter 22: upload_copy_time_cuda = 0.001842

iter 23: cpu_time_cuda = 0.029188
iter 23: gpu_time_cuda = 0.074197
iter 23: download_copy_time_cuda = 0.001750
iter 23: upload_copy_time_cuda = 0.001854

iter 24: cpu_time_cuda = 0.029041
iter 24: gpu_time_cuda = 0.073728
iter 24: download_copy_time_cuda = 0.001733
iter 24: upload_copy_time_cuda = 0.001844

iter 25: cpu_time_cuda = 0.029026
iter 25: gpu_time_cuda = 0.072918
iter 25: download_copy_time_cuda = 0.001732
iter 25: upload_copy_time_cuda = 0.001829

iter 26: cpu_time_cuda = 0.028834
iter 26: gpu_time_cuda = 0.073265
iter 26: download_copy_time_cuda = 0.001736
iter 26: upload_copy_time_cuda = 0.001829

iter 27: cpu_time_cuda = 0.028746
iter 27: gpu_time_cuda = 0.071774
iter 27: download_copy_time_cuda = 0.001719
iter 27: upload_copy_time_cuda = 0.001821

iter 28: cpu_time_cuda = 0.028704
iter 28: gpu_time_cuda = 0.072289
iter 28: download_copy_time_cuda = 0.001709
iter 28: upload_copy_time_cuda = 0.001815

iter 29: cpu_time_cuda = 0.028590
iter 29: gpu_time_cuda = 0.071344
iter 29: download_copy_time_cuda = 0.001718
iter 29: upload_copy_time_cuda = 0.001812

iter 30: cpu_time_cuda = 0.028519
iter 30: gpu_time_cuda = 0.070852
iter 30: download_copy_time_cuda = 0.001706
iter 30: upload_copy_time_cuda = 0.001799

iter 31: cpu_time_cuda = 0.028601
iter 31: gpu_time_cuda = 0.069828
iter 31: download_copy_time_cuda = 0.001692
iter 31: upload_copy_time_cuda = 0.001799

iter 32: cpu_time_cuda = 0.028313
iter 32: gpu_time_cuda = 0.069918
iter 32: download_copy_time_cuda = 0.001694
iter 32: upload_copy_time_cuda = 0.001814

iter 33: cpu_time_cuda = 0.028331
iter 33: gpu_time_cuda = 0.068908
iter 33: download_copy_time_cuda = 0.001687
iter 33: upload_copy_time_cuda = 0.001778

iter 34: cpu_time_cuda = 0.028251
iter 34: gpu_time_cuda = 0.069264
iter 34: download_copy_time_cuda = 0.001678
iter 34: upload_copy_time_cuda = 0.001778

iter 35: cpu_time_cuda = 0.028174
iter 35: gpu_time_cuda = 0.068438
iter 35: download_copy_time_cuda = 0.001673
iter 35: upload_copy_time_cuda = 0.001770

iter 36: cpu_time_cuda = 0.028114
iter 36: gpu_time_cuda = 0.068242
iter 36: download_copy_time_cuda = 0.001668
iter 36: upload_copy_time_cuda = 0.001770

iter 37: cpu_time_cuda = 0.027889
iter 37: gpu_time_cuda = 0.067593
iter 37: download_copy_time_cuda = 0.001661
iter 37: upload_copy_time_cuda = 0.001751

iter 38: cpu_time_cuda = 0.027899
iter 38: gpu_time_cuda = 0.066871
iter 38: download_copy_time_cuda = 0.001657
iter 38: upload_copy_time_cuda = 0.001758

iter 39: cpu_time_cuda = 0.027775
iter 39: gpu_time_cuda = 0.065974
iter 39: download_copy_time_cuda = 0.001651
iter 39: upload_copy_time_cuda = 0.001747

iter 40: cpu_time_cuda = 0.027595
iter 40: gpu_time_cuda = 0.066222
iter 40: download_copy_time_cuda = 0.001645
iter 40: upload_copy_time_cuda = 0.001746

iter 41: cpu_time_cuda = 0.027606
iter 41: gpu_time_cuda = 0.065650
iter 41: download_copy_time_cuda = 0.001638
iter 41: upload_copy_time_cuda = 0.001738

iter 42: cpu_time_cuda = 0.027317
iter 42: gpu_time_cuda = 0.065367
iter 42: download_copy_time_cuda = 0.001630
iter 42: upload_copy_time_cuda = 0.001741

iter 43: cpu_time_cuda = 0.027262
iter 43: gpu_time_cuda = 0.064684
iter 43: download_copy_time_cuda = 0.001631
iter 43: upload_copy_time_cuda = 0.001734

iter 44: cpu_time_cuda = 0.027090
iter 44: gpu_time_cuda = 0.064230
iter 44: download_copy_time_cuda = 0.001620
iter 44: upload_copy_time_cuda = 0.001732

iter 45: cpu_time_cuda = 0.027119
iter 45: gpu_time_cuda = 0.063544
iter 45: download_copy_time_cuda = 0.001615
iter 45: upload_copy_time_cuda = 0.001715

iter 46: cpu_time_cuda = 0.026905
iter 46: gpu_time_cuda = 0.064088
iter 46: download_copy_time_cuda = 0.001609
iter 46: upload_copy_time_cuda = 0.001719

iter 47: cpu_time_cuda = 0.026842
iter 47: gpu_time_cuda = 0.062658
iter 47: download_copy_time_cuda = 0.001603
iter 47: upload_copy_time_cuda = 0.001711

iter 48: cpu_time_cuda = 0.026722
iter 48: gpu_time_cuda = 0.062829
iter 48: download_copy_time_cuda = 0.001596
iter 48: upload_copy_time_cuda = 0.001703

iter 49: cpu_time_cuda = 0.026626
iter 49: gpu_time_cuda = 0.062074
iter 49: download_copy_time_cuda = 0.001600
iter 49: upload_copy_time_cuda = 0.001682

iter 50: cpu_time_cuda = 0.026551
iter 50: gpu_time_cuda = 0.061403
iter 50: download_copy_time_cuda = 0.001592
iter 50: upload_copy_time_cuda = 0.001681

iter 51: cpu_time_cuda = 0.026450
iter 51: gpu_time_cuda = 0.061110
iter 51: download_copy_time_cuda = 0.001580
iter 51: upload_copy_time_cuda = 0.001675

iter 52: cpu_time_cuda = 0.026394
iter 52: gpu_time_cuda = 0.060996
iter 52: download_copy_time_cuda = 0.001580
iter 52: upload_copy_time_cuda = 0.001676

iter 53: cpu_time_cuda = 0.026253
iter 53: gpu_time_cuda = 0.060164
iter 53: download_copy_time_cuda = 0.001567
iter 53: upload_copy_time_cuda = 0.001661

iter 54: cpu_time_cuda = 0.026208
iter 54: gpu_time_cuda = 0.060010
iter 54: download_copy_time_cuda = 0.001560
iter 54: upload_copy_time_cuda = 0.001659

iter 55: cpu_time_cuda = 0.026130
iter 55: gpu_time_cuda = 0.059435
iter 55: download_copy_time_cuda = 0.001558
iter 55: upload_copy_time_cuda = 0.001665

iter 56: cpu_time_cuda = 0.026137
iter 56: gpu_time_cuda = 0.059235
iter 56: download_copy_time_cuda = 0.001558
iter 56: upload_copy_time_cuda = 0.001646

iter 57: cpu_time_cuda = 0.025862
iter 57: gpu_time_cuda = 0.058210
iter 57: download_copy_time_cuda = 0.001544
iter 57: upload_copy_time_cuda = 0.001650

iter 58: cpu_time_cuda = 0.025758
iter 58: gpu_time_cuda = 0.057991
iter 58: download_copy_time_cuda = 0.001542
iter 58: upload_copy_time_cuda = 0.001640

iter 59: cpu_time_cuda = 0.025688
iter 59: gpu_time_cuda = 0.057496
iter 59: download_copy_time_cuda = 0.001533
iter 59: upload_copy_time_cuda = 0.001633

iter 60: cpu_time_cuda = 0.025568
iter 60: gpu_time_cuda = 0.057547
iter 60: download_copy_time_cuda = 0.001528
iter 60: upload_copy_time_cuda = 0.001623

iter 61: cpu_time_cuda = 0.025484
iter 61: gpu_time_cuda = 0.056858
iter 61: download_copy_time_cuda = 0.001526
iter 61: upload_copy_time_cuda = 0.001610

iter 62: cpu_time_cuda = 0.025396
iter 62: gpu_time_cuda = 0.056556
iter 62: download_copy_time_cuda = 0.001518
iter 62: upload_copy_time_cuda = 0.001602

iter 63: cpu_time_cuda = 0.025469
iter 63: gpu_time_cuda = 0.055754
iter 63: download_copy_time_cuda = 0.001508
iter 63: upload_copy_time_cuda = 0.001612

iter 64: cpu_time_cuda = 0.025134
iter 64: gpu_time_cuda = 0.055571
iter 64: download_copy_time_cuda = 0.001510
iter 64: upload_copy_time_cuda = 0.001598

iter 65: cpu_time_cuda = 0.025021
iter 65: gpu_time_cuda = 0.054716
iter 65: download_copy_time_cuda = 0.001496
iter 65: upload_copy_time_cuda = 0.001584

iter 66: cpu_time_cuda = 0.024995
iter 66: gpu_time_cuda = 0.054832
iter 66: download_copy_time_cuda = 0.001492
iter 66: upload_copy_time_cuda = 0.001592

iter 67: cpu_time_cuda = 0.024882
iter 67: gpu_time_cuda = 0.054614
iter 67: download_copy_time_cuda = 0.001494
iter 67: upload_copy_time_cuda = 0.001579

iter 68: cpu_time_cuda = 0.024838
iter 68: gpu_time_cuda = 0.054074
iter 68: download_copy_time_cuda = 0.001481
iter 68: upload_copy_time_cuda = 0.001571

iter 69: cpu_time_cuda = 0.024740
iter 69: gpu_time_cuda = 0.053251
iter 69: download_copy_time_cuda = 0.001475
iter 69: upload_copy_time_cuda = 0.001563

iter 70: cpu_time_cuda = 0.024692
iter 70: gpu_time_cuda = 0.053014
iter 70: download_copy_time_cuda = 0.001469
iter 70: upload_copy_time_cuda = 0.001562

iter 71: cpu_time_cuda = 0.024487
iter 71: gpu_time_cuda = 0.052230
iter 71: download_copy_time_cuda = 0.001463
iter 71: upload_copy_time_cuda = 0.001557

iter 72: cpu_time_cuda = 0.024363
iter 72: gpu_time_cuda = 0.052600
iter 72: download_copy_time_cuda = 0.001457
iter 72: upload_copy_time_cuda = 0.001552

iter 73: cpu_time_cuda = 0.024281
iter 73: gpu_time_cuda = 0.051872
iter 73: download_copy_time_cuda = 0.001452
iter 73: upload_copy_time_cuda = 0.001539

iter 74: cpu_time_cuda = 0.024245
iter 74: gpu_time_cuda = 0.051560
iter 74: download_copy_time_cuda = 0.001454
iter 74: upload_copy_time_cuda = 0.001560

iter 75: cpu_time_cuda = 0.024385
iter 75: gpu_time_cuda = 0.050677
iter 75: download_copy_time_cuda = 0.001443
iter 75: upload_copy_time_cuda = 0.001533

iter 76: cpu_time_cuda = 0.023985
iter 76: gpu_time_cuda = 0.050352
iter 76: download_copy_time_cuda = 0.001433
iter 76: upload_copy_time_cuda = 0.001528

iter 77: cpu_time_cuda = 0.023907
iter 77: gpu_time_cuda = 0.049710
iter 77: download_copy_time_cuda = 0.001428
iter 77: upload_copy_time_cuda = 0.001512

iter 78: cpu_time_cuda = 0.023816
iter 78: gpu_time_cuda = 0.050245
iter 78: download_copy_time_cuda = 0.001423
iter 78: upload_copy_time_cuda = 0.001514

iter 79: cpu_time_cuda = 0.023764
iter 79: gpu_time_cuda = 0.049163
iter 79: download_copy_time_cuda = 0.001416
iter 79: upload_copy_time_cuda = 0.001504

iter 80: cpu_time_cuda = 0.023674
iter 80: gpu_time_cuda = 0.049062
iter 80: download_copy_time_cuda = 0.001412
iter 80: upload_copy_time_cuda = 0.001508

iter 81: cpu_time_cuda = 0.023584
iter 81: gpu_time_cuda = 0.048378
iter 81: download_copy_time_cuda = 0.001404
iter 81: upload_copy_time_cuda = 0.001508

iter 82: cpu_time_cuda = 0.023444
iter 82: gpu_time_cuda = 0.048024
iter 82: download_copy_time_cuda = 0.001402
iter 82: upload_copy_time_cuda = 0.001490

iter 83: cpu_time_cuda = 0.023450
iter 83: gpu_time_cuda = 0.047783
iter 83: download_copy_time_cuda = 0.001396
iter 83: upload_copy_time_cuda = 0.001478

iter 84: cpu_time_cuda = 0.023251
iter 84: gpu_time_cuda = 0.047374
iter 84: download_copy_time_cuda = 0.001387
iter 84: upload_copy_time_cuda = 0.001477

iter 85: cpu_time_cuda = 0.023116
iter 85: gpu_time_cuda = 0.046700
iter 85: download_copy_time_cuda = 0.001381
iter 85: upload_copy_time_cuda = 0.001465

iter 86: cpu_time_cuda = 0.022998
iter 86: gpu_time_cuda = 0.046655
iter 86: download_copy_time_cuda = 0.001375
iter 86: upload_copy_time_cuda = 0.001471

iter 87: cpu_time_cuda = 0.022996
iter 87: gpu_time_cuda = 0.046063
iter 87: download_copy_time_cuda = 0.001369
iter 87: upload_copy_time_cuda = 0.001458

iter 88: cpu_time_cuda = 0.022903
iter 88: gpu_time_cuda = 0.045926
iter 88: download_copy_time_cuda = 0.001364
iter 88: upload_copy_time_cuda = 0.001452

iter 89: cpu_time_cuda = 0.022747
iter 89: gpu_time_cuda = 0.044891
iter 89: download_copy_time_cuda = 0.001364
iter 89: upload_copy_time_cuda = 0.001441

iter 90: cpu_time_cuda = 0.022659
iter 90: gpu_time_cuda = 0.044917
iter 90: download_copy_time_cuda = 0.001358
iter 90: upload_copy_time_cuda = 0.001439

iter 91: cpu_time_cuda = 0.022555
iter 91: gpu_time_cuda = 0.044791
iter 91: download_copy_time_cuda = 0.001344
iter 91: upload_copy_time_cuda = 0.001429

iter 92: cpu_time_cuda = 0.022448
iter 92: gpu_time_cuda = 0.044970
iter 92: download_copy_time_cuda = 0.001337
iter 92: upload_copy_time_cuda = 0.001427

iter 93: cpu_time_cuda = 0.022380
iter 93: gpu_time_cuda = 0.043685
iter 93: download_copy_time_cuda = 0.001334
iter 93: upload_copy_time_cuda = 0.001421

iter 94: cpu_time_cuda = 0.022338
iter 94: gpu_time_cuda = 0.043557
iter 94: download_copy_time_cuda = 0.001329
iter 94: upload_copy_time_cuda = 0.001424

iter 95: cpu_time_cuda = 0.022221
iter 95: gpu_time_cuda = 0.043054
iter 95: download_copy_time_cuda = 0.001329
iter 95: upload_copy_time_cuda = 0.001406

iter 96: cpu_time_cuda = 0.022069
iter 96: gpu_time_cuda = 0.042858
iter 96: download_copy_time_cuda = 0.001315
iter 96: upload_copy_time_cuda = 0.001403

iter 97: cpu_time_cuda = 0.022037
iter 97: gpu_time_cuda = 0.042041
iter 97: download_copy_time_cuda = 0.001312
iter 97: upload_copy_time_cuda = 0.001392

iter 98: cpu_time_cuda = 0.021874
iter 98: gpu_time_cuda = 0.042190
iter 98: download_copy_time_cuda = 0.001304
iter 98: upload_copy_time_cuda = 0.001390

iter 99: cpu_time_cuda = 0.021753
iter 99: gpu_time_cuda = 0.041454
iter 99: download_copy_time_cuda = 0.001299
iter 99: upload_copy_time_cuda = 0.001380

iter 100: cpu_time_cuda = 0.021718
iter 100: gpu_time_cuda = 0.041516
iter 100: download_copy_time_cuda = 0.001293
iter 100: upload_copy_time_cuda = 0.001374

iter 101: cpu_time_cuda = 0.021633
iter 101: gpu_time_cuda = 0.040608
iter 101: download_copy_time_cuda = 0.001286
iter 101: upload_copy_time_cuda = 0.001387

iter 102: cpu_time_cuda = 0.021467
iter 102: gpu_time_cuda = 0.040488
iter 102: download_copy_time_cuda = 0.001281
iter 102: upload_copy_time_cuda = 0.001367

iter 103: cpu_time_cuda = 0.021530
iter 103: gpu_time_cuda = 0.039856
iter 103: download_copy_time_cuda = 0.001274
iter 103: upload_copy_time_cuda = 0.001359

iter 104: cpu_time_cuda = 0.021266
iter 104: gpu_time_cuda = 0.040355
iter 104: download_copy_time_cuda = 0.001268
iter 104: upload_copy_time_cuda = 0.001361

iter 105: cpu_time_cuda = 0.021159
iter 105: gpu_time_cuda = 0.039362
iter 105: download_copy_time_cuda = 0.001270
iter 105: upload_copy_time_cuda = 0.001347

iter 106: cpu_time_cuda = 0.021148
iter 106: gpu_time_cuda = 0.039217
iter 106: download_copy_time_cuda = 0.001266
iter 106: upload_copy_time_cuda = 0.001342

iter 107: cpu_time_cuda = 0.020982
iter 107: gpu_time_cuda = 0.038339
iter 107: download_copy_time_cuda = 0.001261
iter 107: upload_copy_time_cuda = 0.001333

iter 108: cpu_time_cuda = 0.020912
iter 108: gpu_time_cuda = 0.038251
iter 108: download_copy_time_cuda = 0.001249
iter 108: upload_copy_time_cuda = 0.001330

iter 109: cpu_time_cuda = 0.020848
iter 109: gpu_time_cuda = 0.038159
iter 109: download_copy_time_cuda = 0.001240
iter 109: upload_copy_time_cuda = 0.001318

iter 110: cpu_time_cuda = 0.020702
iter 110: gpu_time_cuda = 0.038137
iter 110: download_copy_time_cuda = 0.001230
iter 110: upload_copy_time_cuda = 0.001317

iter 111: cpu_time_cuda = 0.020697
iter 111: gpu_time_cuda = 0.037235
iter 111: download_copy_time_cuda = 0.001227
iter 111: upload_copy_time_cuda = 0.001310

iter 112: cpu_time_cuda = 0.020487
iter 112: gpu_time_cuda = 0.037077
iter 112: download_copy_time_cuda = 0.001222
iter 112: upload_copy_time_cuda = 0.001302

iter 113: cpu_time_cuda = 0.020426
iter 113: gpu_time_cuda = 0.036835
iter 113: download_copy_time_cuda = 0.001217
iter 113: upload_copy_time_cuda = 0.001293

iter 114: cpu_time_cuda = 0.020364
iter 114: gpu_time_cuda = 0.036902
iter 114: download_copy_time_cuda = 0.001210
iter 114: upload_copy_time_cuda = 0.001292

iter 115: cpu_time_cuda = 0.020251
iter 115: gpu_time_cuda = 0.035466
iter 115: download_copy_time_cuda = 0.001203
iter 115: upload_copy_time_cuda = 0.001282

iter 116: cpu_time_cuda = 0.020128
iter 116: gpu_time_cuda = 0.035604
iter 116: download_copy_time_cuda = 0.001200
iter 116: upload_copy_time_cuda = 0.001279

iter 117: cpu_time_cuda = 0.020039
iter 117: gpu_time_cuda = 0.034850
iter 117: download_copy_time_cuda = 0.001192
iter 117: upload_copy_time_cuda = 0.001271

iter 118: cpu_time_cuda = 0.019907
iter 118: gpu_time_cuda = 0.035471
iter 118: download_copy_time_cuda = 0.001192
iter 118: upload_copy_time_cuda = 0.001265

iter 119: cpu_time_cuda = 0.020088
iter 119: gpu_time_cuda = 0.034772
iter 119: download_copy_time_cuda = 0.001178
iter 119: upload_copy_time_cuda = 0.001258

iter 120: cpu_time_cuda = 0.019769
iter 120: gpu_time_cuda = 0.034544
iter 120: download_copy_time_cuda = 0.001171
iter 120: upload_copy_time_cuda = 0.001251

iter 121: cpu_time_cuda = 0.019668
iter 121: gpu_time_cuda = 0.033800
iter 121: download_copy_time_cuda = 0.001167
iter 121: upload_copy_time_cuda = 0.001243

iter 122: cpu_time_cuda = 0.019520
iter 122: gpu_time_cuda = 0.033924
iter 122: download_copy_time_cuda = 0.001168
iter 122: upload_copy_time_cuda = 0.001248

iter 123: cpu_time_cuda = 0.019458
iter 123: gpu_time_cuda = 0.033308
iter 123: download_copy_time_cuda = 0.001153
iter 123: upload_copy_time_cuda = 0.001234

iter 124: cpu_time_cuda = 0.019344
iter 124: gpu_time_cuda = 0.033045
iter 124: download_copy_time_cuda = 0.001149
iter 124: upload_copy_time_cuda = 0.001220

iter 125: cpu_time_cuda = 0.019254
iter 125: gpu_time_cuda = 0.032571
iter 125: download_copy_time_cuda = 0.001144
iter 125: upload_copy_time_cuda = 0.001214

iter 126: cpu_time_cuda = 0.019186
iter 126: gpu_time_cuda = 0.032361
iter 126: download_copy_time_cuda = 0.001137
iter 126: upload_copy_time_cuda = 0.001224

iter 127: cpu_time_cuda = 0.019012
iter 127: gpu_time_cuda = 0.031468
iter 127: download_copy_time_cuda = 0.001138
iter 127: upload_copy_time_cuda = 0.001209

iter 128: cpu_time_cuda = 0.019004
iter 128: gpu_time_cuda = 0.031546
iter 128: download_copy_time_cuda = 0.001125
iter 128: upload_copy_time_cuda = 0.001206

iter 129: cpu_time_cuda = 0.018858
iter 129: gpu_time_cuda = 0.030940
iter 129: download_copy_time_cuda = 0.001122
iter 129: upload_copy_time_cuda = 0.001198

iter 130: cpu_time_cuda = 0.018825
iter 130: gpu_time_cuda = 0.031108
iter 130: download_copy_time_cuda = 0.001116
iter 130: upload_copy_time_cuda = 0.001192

iter 131: cpu_time_cuda = 0.018623
iter 131: gpu_time_cuda = 0.031163
iter 131: download_copy_time_cuda = 0.001110
iter 131: upload_copy_time_cuda = 0.001186

iter 132: cpu_time_cuda = 0.018622
iter 132: gpu_time_cuda = 0.030410
iter 132: download_copy_time_cuda = 0.001105
iter 132: upload_copy_time_cuda = 0.001186

iter 133: cpu_time_cuda = 0.018431
iter 133: gpu_time_cuda = 0.029749
iter 133: download_copy_time_cuda = 0.001106
iter 133: upload_copy_time_cuda = 0.001167

iter 134: cpu_time_cuda = 0.018390
iter 134: gpu_time_cuda = 0.029509
iter 134: download_copy_time_cuda = 0.001089
iter 134: upload_copy_time_cuda = 0.001169

iter 135: cpu_time_cuda = 0.018246
iter 135: gpu_time_cuda = 0.029335
iter 135: download_copy_time_cuda = 0.001086
iter 135: upload_copy_time_cuda = 0.001164

iter 136: cpu_time_cuda = 0.018210
iter 136: gpu_time_cuda = 0.029200
iter 136: download_copy_time_cuda = 0.001078
iter 136: upload_copy_time_cuda = 0.001158

iter 137: cpu_time_cuda = 0.018113
iter 137: gpu_time_cuda = 0.028648
iter 137: download_copy_time_cuda = 0.001074
iter 137: upload_copy_time_cuda = 0.001154

iter 138: cpu_time_cuda = 0.018015
iter 138: gpu_time_cuda = 0.028582
iter 138: download_copy_time_cuda = 0.001068
iter 138: upload_copy_time_cuda = 0.001146

iter 139: cpu_time_cuda = 0.017903
iter 139: gpu_time_cuda = 0.028072
iter 139: download_copy_time_cuda = 0.001064
iter 139: upload_copy_time_cuda = 0.001152

iter 140: cpu_time_cuda = 0.017847
iter 140: gpu_time_cuda = 0.028065
iter 140: download_copy_time_cuda = 0.001058
iter 140: upload_copy_time_cuda = 0.001129

iter 141: cpu_time_cuda = 0.017662
iter 141: gpu_time_cuda = 0.027819
iter 141: download_copy_time_cuda = 0.001053
iter 141: upload_copy_time_cuda = 0.001119

iter 142: cpu_time_cuda = 0.017626
iter 142: gpu_time_cuda = 0.027477
iter 142: download_copy_time_cuda = 0.001047
iter 142: upload_copy_time_cuda = 0.001118

iter 143: cpu_time_cuda = 0.017505
iter 143: gpu_time_cuda = 0.026509
iter 143: download_copy_time_cuda = 0.001041
iter 143: upload_copy_time_cuda = 0.001112

iter 144: cpu_time_cuda = 0.017426
iter 144: gpu_time_cuda = 0.026850
iter 144: download_copy_time_cuda = 0.001034
iter 144: upload_copy_time_cuda = 0.001179

iter 145: cpu_time_cuda = 0.017309
iter 145: gpu_time_cuda = 0.026459
iter 145: download_copy_time_cuda = 0.001027
iter 145: upload_copy_time_cuda = 0.001087

iter 146: cpu_time_cuda = 0.017311
iter 146: gpu_time_cuda = 0.026544
iter 146: download_copy_time_cuda = 0.001021
iter 146: upload_copy_time_cuda = 0.001082

iter 147: cpu_time_cuda = 0.017087
iter 147: gpu_time_cuda = 0.025501
iter 147: download_copy_time_cuda = 0.001014
iter 147: upload_copy_time_cuda = 0.001080

iter 148: cpu_time_cuda = 0.016989
iter 148: gpu_time_cuda = 0.025540
iter 148: download_copy_time_cuda = 0.001017
iter 148: upload_copy_time_cuda = 0.001073

iter 149: cpu_time_cuda = 0.016902
iter 149: gpu_time_cuda = 0.025023
iter 149: download_copy_time_cuda = 0.001003
iter 149: upload_copy_time_cuda = 0.001061

iter 150: cpu_time_cuda = 0.016829
iter 150: gpu_time_cuda = 0.025665
iter 150: download_copy_time_cuda = 0.000998
iter 150: upload_copy_time_cuda = 0.001059

iter 151: cpu_time_cuda = 0.016672
iter 151: gpu_time_cuda = 0.024752
iter 151: download_copy_time_cuda = 0.000992
iter 151: upload_copy_time_cuda = 0.001050

iter 152: cpu_time_cuda = 0.016609
iter 152: gpu_time_cuda = 0.024298
iter 152: download_copy_time_cuda = 0.000987
iter 152: upload_copy_time_cuda = 0.001053

iter 153: cpu_time_cuda = 0.016559
iter 153: gpu_time_cuda = 0.023778
iter 153: download_copy_time_cuda = 0.000981
iter 153: upload_copy_time_cuda = 0.001038

iter 154: cpu_time_cuda = 0.016413
iter 154: gpu_time_cuda = 0.023802
iter 154: download_copy_time_cuda = 0.000977
iter 154: upload_copy_time_cuda = 0.001033

iter 155: cpu_time_cuda = 0.016567
iter 155: gpu_time_cuda = 0.023428
iter 155: download_copy_time_cuda = 0.000978
iter 155: upload_copy_time_cuda = 0.001026

iter 156: cpu_time_cuda = 0.016203
iter 156: gpu_time_cuda = 0.023632
iter 156: download_copy_time_cuda = 0.000963
iter 156: upload_copy_time_cuda = 0.001020

iter 157: cpu_time_cuda = 0.016125
iter 157: gpu_time_cuda = 0.022681
iter 157: download_copy_time_cuda = 0.000959
iter 157: upload_copy_time_cuda = 0.001013

iter 158: cpu_time_cuda = 0.016005
iter 158: gpu_time_cuda = 0.022758
iter 158: download_copy_time_cuda = 0.000952
iter 158: upload_copy_time_cuda = 0.001014

iter 159: cpu_time_cuda = 0.015953
iter 159: gpu_time_cuda = 0.022112
iter 159: download_copy_time_cuda = 0.000948
iter 159: upload_copy_time_cuda = 0.001001

iter 160: cpu_time_cuda = 0.015896
iter 160: gpu_time_cuda = 0.023138
iter 160: download_copy_time_cuda = 0.000941
iter 160: upload_copy_time_cuda = 0.000996

iter 161: cpu_time_cuda = 0.015779
iter 161: gpu_time_cuda = 0.021583
iter 161: download_copy_time_cuda = 0.000936
iter 161: upload_copy_time_cuda = 0.000989

iter 162: cpu_time_cuda = 0.015625
iter 162: gpu_time_cuda = 0.022031
iter 162: download_copy_time_cuda = 0.000941
iter 162: upload_copy_time_cuda = 0.000984

iter 163: cpu_time_cuda = 0.015544
iter 163: gpu_time_cuda = 0.023305
iter 163: download_copy_time_cuda = 0.000925
iter 163: upload_copy_time_cuda = 0.000978

iter 164: cpu_time_cuda = 0.015446
iter 164: gpu_time_cuda = 0.021259
iter 164: download_copy_time_cuda = 0.000920
iter 164: upload_copy_time_cuda = 0.000971

iter 165: cpu_time_cuda = 0.015427
iter 165: gpu_time_cuda = 0.020841
iter 165: download_copy_time_cuda = 0.000914
iter 165: upload_copy_time_cuda = 0.000972

iter 166: cpu_time_cuda = 0.015253
iter 166: gpu_time_cuda = 0.020353
iter 166: download_copy_time_cuda = 0.000907
iter 166: upload_copy_time_cuda = 0.000959

iter 167: cpu_time_cuda = 0.015160
iter 167: gpu_time_cuda = 0.020225
iter 167: download_copy_time_cuda = 0.000903
iter 167: upload_copy_time_cuda = 0.000952

iter 168: cpu_time_cuda = 0.015057
iter 168: gpu_time_cuda = 0.020540
iter 168: download_copy_time_cuda = 0.000897
iter 168: upload_copy_time_cuda = 0.000945

iter 169: cpu_time_cuda = 0.014934
iter 169: gpu_time_cuda = 0.019653
iter 169: download_copy_time_cuda = 0.000889
iter 169: upload_copy_time_cuda = 0.000940

iter 170: cpu_time_cuda = 0.014931
iter 170: gpu_time_cuda = 0.019615
iter 170: download_copy_time_cuda = 0.000887
iter 170: upload_copy_time_cuda = 0.000934

iter 171: cpu_time_cuda = 0.014726
iter 171: gpu_time_cuda = 0.019090
iter 171: download_copy_time_cuda = 0.000885
iter 171: upload_copy_time_cuda = 0.000935

iter 172: cpu_time_cuda = 0.014627
iter 172: gpu_time_cuda = 0.019283
iter 172: download_copy_time_cuda = 0.000874
iter 172: upload_copy_time_cuda = 0.000928

iter 173: cpu_time_cuda = 0.014609
iter 173: gpu_time_cuda = 0.018582
iter 173: download_copy_time_cuda = 0.000867
iter 173: upload_copy_time_cuda = 0.000915

iter 174: cpu_time_cuda = 0.014448
iter 174: gpu_time_cuda = 0.018933
iter 174: download_copy_time_cuda = 0.000862
iter 174: upload_copy_time_cuda = 0.000913

iter 175: cpu_time_cuda = 0.014397
iter 175: gpu_time_cuda = 0.018195
iter 175: download_copy_time_cuda = 0.000856
iter 175: upload_copy_time_cuda = 0.000902

iter 176: cpu_time_cuda = 0.014251
iter 176: gpu_time_cuda = 0.018280
iter 176: download_copy_time_cuda = 0.000848
iter 176: upload_copy_time_cuda = 0.000899

iter 177: cpu_time_cuda = 0.014150
iter 177: gpu_time_cuda = 0.017921
iter 177: download_copy_time_cuda = 0.000844
iter 177: upload_copy_time_cuda = 0.000893

iter 178: cpu_time_cuda = 0.014061
iter 178: gpu_time_cuda = 0.017732
iter 178: download_copy_time_cuda = 0.000837
iter 178: upload_copy_time_cuda = 0.000885

iter 179: cpu_time_cuda = 0.013998
iter 179: gpu_time_cuda = 0.017225
iter 179: download_copy_time_cuda = 0.000833
iter 179: upload_copy_time_cuda = 0.000879

iter 180: cpu_time_cuda = 0.013869
iter 180: gpu_time_cuda = 0.017057
iter 180: download_copy_time_cuda = 0.000828
iter 180: upload_copy_time_cuda = 0.000883

iter 181: cpu_time_cuda = 0.013771
iter 181: gpu_time_cuda = 0.016596
iter 181: download_copy_time_cuda = 0.000828
iter 181: upload_copy_time_cuda = 0.000874

iter 182: cpu_time_cuda = 0.013711
iter 182: gpu_time_cuda = 0.016882
iter 182: download_copy_time_cuda = 0.000823
iter 182: upload_copy_time_cuda = 0.000869

iter 183: cpu_time_cuda = 0.013595
iter 183: gpu_time_cuda = 0.017141
iter 183: download_copy_time_cuda = 0.000811
iter 183: upload_copy_time_cuda = 0.000861

iter 184: cpu_time_cuda = 0.013486
iter 184: gpu_time_cuda = 0.016110
iter 184: download_copy_time_cuda = 0.000803
iter 184: upload_copy_time_cuda = 0.000856

iter 185: cpu_time_cuda = 0.013395
iter 185: gpu_time_cuda = 0.015728
iter 185: download_copy_time_cuda = 0.000797
iter 185: upload_copy_time_cuda = 0.000842

iter 186: cpu_time_cuda = 0.013286
iter 186: gpu_time_cuda = 0.015692
iter 186: download_copy_time_cuda = 0.000792
iter 186: upload_copy_time_cuda = 0.000844

iter 187: cpu_time_cuda = 0.013247
iter 187: gpu_time_cuda = 0.015438
iter 187: download_copy_time_cuda = 0.000785
iter 187: upload_copy_time_cuda = 0.000846

iter 188: cpu_time_cuda = 0.013123
iter 188: gpu_time_cuda = 0.015930
iter 188: download_copy_time_cuda = 0.000789
iter 188: upload_copy_time_cuda = 0.000834

iter 189: cpu_time_cuda = 0.013157
iter 189: gpu_time_cuda = 0.015160
iter 189: download_copy_time_cuda = 0.000775
iter 189: upload_copy_time_cuda = 0.000828

iter 190: cpu_time_cuda = 0.012911
iter 190: gpu_time_cuda = 0.014808
iter 190: download_copy_time_cuda = 0.000768
iter 190: upload_copy_time_cuda = 0.000826

iter 191: cpu_time_cuda = 0.012809
iter 191: gpu_time_cuda = 0.014442
iter 191: download_copy_time_cuda = 0.000771
iter 191: upload_copy_time_cuda = 0.000807

iter 192: cpu_time_cuda = 0.012652
iter 192: gpu_time_cuda = 0.014456
iter 192: download_copy_time_cuda = 0.000764
iter 192: upload_copy_time_cuda = 0.000801

iter 193: cpu_time_cuda = 0.012540
iter 193: gpu_time_cuda = 0.014094
iter 193: download_copy_time_cuda = 0.000754
iter 193: upload_copy_time_cuda = 0.000796

iter 194: cpu_time_cuda = 0.012526
iter 194: gpu_time_cuda = 0.014357
iter 194: download_copy_time_cuda = 0.000747
iter 194: upload_copy_time_cuda = 0.000786

iter 195: cpu_time_cuda = 0.012368
iter 195: gpu_time_cuda = 0.013458
iter 195: download_copy_time_cuda = 0.000740
iter 195: upload_copy_time_cuda = 0.000783

iter 196: cpu_time_cuda = 0.012318
iter 196: gpu_time_cuda = 0.013605
iter 196: download_copy_time_cuda = 0.000735
iter 196: upload_copy_time_cuda = 0.000789

iter 197: cpu_time_cuda = 0.012213
iter 197: gpu_time_cuda = 0.013236
iter 197: download_copy_time_cuda = 0.000732
iter 197: upload_copy_time_cuda = 0.000770

iter 198: cpu_time_cuda = 0.012150
iter 198: gpu_time_cuda = 0.013325
iter 198: download_copy_time_cuda = 0.000725
iter 198: upload_copy_time_cuda = 0.000764

iter 199: cpu_time_cuda = 0.012012
iter 199: gpu_time_cuda = 0.013811
iter 199: download_copy_time_cuda = 0.000719
iter 199: upload_copy_time_cuda = 0.000765

iter 200: cpu_time_cuda = 0.011910
iter 200: gpu_time_cuda = 0.012814
iter 200: download_copy_time_cuda = 0.000721
iter 200: upload_copy_time_cuda = 0.000760

iter 201: cpu_time_cuda = 0.011805
iter 201: gpu_time_cuda = 0.012438
iter 201: download_copy_time_cuda = 0.000715
iter 201: upload_copy_time_cuda = 0.000746

iter 202: cpu_time_cuda = 0.011737
iter 202: gpu_time_cuda = 0.012350
iter 202: download_copy_time_cuda = 0.000703
iter 202: upload_copy_time_cuda = 0.000740

iter 203: cpu_time_cuda = 0.011644
iter 203: gpu_time_cuda = 0.011932
iter 203: download_copy_time_cuda = 0.000696
iter 203: upload_copy_time_cuda = 0.000734

iter 204: cpu_time_cuda = 0.011543
iter 204: gpu_time_cuda = 0.012307
iter 204: download_copy_time_cuda = 0.000690
iter 204: upload_copy_time_cuda = 0.000729

iter 205: cpu_time_cuda = 0.011435
iter 205: gpu_time_cuda = 0.011584
iter 205: download_copy_time_cuda = 0.000687
iter 205: upload_copy_time_cuda = 0.000735

iter 206: cpu_time_cuda = 0.011331
iter 206: gpu_time_cuda = 0.011657
iter 206: download_copy_time_cuda = 0.000678
iter 206: upload_copy_time_cuda = 0.000715

iter 207: cpu_time_cuda = 0.011250
iter 207: gpu_time_cuda = 0.011196
iter 207: download_copy_time_cuda = 0.000673
iter 207: upload_copy_time_cuda = 0.000710

iter 208: cpu_time_cuda = 0.011117
iter 208: gpu_time_cuda = 0.011244
iter 208: download_copy_time_cuda = 0.000666
iter 208: upload_copy_time_cuda = 0.000704

iter 209: cpu_time_cuda = 0.011109
iter 209: gpu_time_cuda = 0.011519
iter 209: download_copy_time_cuda = 0.000660
iter 209: upload_copy_time_cuda = 0.000712

iter 210: cpu_time_cuda = 0.010954
iter 210: gpu_time_cuda = 0.010861
iter 210: download_copy_time_cuda = 0.000653
iter 210: upload_copy_time_cuda = 0.000691

iter 211: cpu_time_cuda = 0.010846
iter 211: gpu_time_cuda = 0.010462
iter 211: download_copy_time_cuda = 0.000649
iter 211: upload_copy_time_cuda = 0.000684

iter 212: cpu_time_cuda = 0.010753
iter 212: gpu_time_cuda = 0.010376
iter 212: download_copy_time_cuda = 0.000642
iter 212: upload_copy_time_cuda = 0.000679

iter 213: cpu_time_cuda = 0.010657
iter 213: gpu_time_cuda = 0.010214
iter 213: download_copy_time_cuda = 0.000637
iter 213: upload_copy_time_cuda = 0.000687

iter 214: cpu_time_cuda = 0.010556
iter 214: gpu_time_cuda = 0.011788
iter 214: download_copy_time_cuda = 0.000640
iter 214: upload_copy_time_cuda = 0.000668

iter 215: cpu_time_cuda = 0.010447
iter 215: gpu_time_cuda = 0.011158
iter 215: download_copy_time_cuda = 0.000626
iter 215: upload_copy_time_cuda = 0.000675

iter 216: cpu_time_cuda = 0.010324
iter 216: gpu_time_cuda = 0.009695
iter 216: download_copy_time_cuda = 0.000621
iter 216: upload_copy_time_cuda = 0.000655

iter 217: cpu_time_cuda = 0.010226
iter 217: gpu_time_cuda = 0.009327
iter 217: download_copy_time_cuda = 0.000615
iter 217: upload_copy_time_cuda = 0.000647

iter 218: cpu_time_cuda = 0.010290
iter 218: gpu_time_cuda = 0.009387
iter 218: download_copy_time_cuda = 0.000608
iter 218: upload_copy_time_cuda = 0.000643

iter 219: cpu_time_cuda = 0.010046
iter 219: gpu_time_cuda = 0.009518
iter 219: download_copy_time_cuda = 0.000602
iter 219: upload_copy_time_cuda = 0.000637

iter 220: cpu_time_cuda = 0.009936
iter 220: gpu_time_cuda = 0.009106
iter 220: download_copy_time_cuda = 0.000597
iter 220: upload_copy_time_cuda = 0.000637

iter 221: cpu_time_cuda = 0.009875
iter 221: gpu_time_cuda = 0.008789
iter 221: download_copy_time_cuda = 0.000599
iter 221: upload_copy_time_cuda = 0.000625

iter 222: cpu_time_cuda = 0.009744
iter 222: gpu_time_cuda = 0.008685
iter 222: download_copy_time_cuda = 0.000586
iter 222: upload_copy_time_cuda = 0.000617

iter 223: cpu_time_cuda = 0.009697
iter 223: gpu_time_cuda = 0.008397
iter 223: download_copy_time_cuda = 0.000580
iter 223: upload_copy_time_cuda = 0.000613

iter 224: cpu_time_cuda = 0.009550
iter 224: gpu_time_cuda = 0.008942
iter 224: download_copy_time_cuda = 0.000575
iter 224: upload_copy_time_cuda = 0.000604

iter 225: cpu_time_cuda = 0.009461
iter 225: gpu_time_cuda = 0.008136
iter 225: download_copy_time_cuda = 0.000568
iter 225: upload_copy_time_cuda = 0.000599

iter 226: cpu_time_cuda = 0.009412
iter 226: gpu_time_cuda = 0.008458
iter 226: download_copy_time_cuda = 0.000561
iter 226: upload_copy_time_cuda = 0.000593

iter 227: cpu_time_cuda = 0.009314
iter 227: gpu_time_cuda = 0.007905
iter 227: download_copy_time_cuda = 0.000558
iter 227: upload_copy_time_cuda = 0.000594

iter 228: cpu_time_cuda = 0.009304
iter 228: gpu_time_cuda = 0.007601
iter 228: download_copy_time_cuda = 0.000551
iter 228: upload_copy_time_cuda = 0.000588

iter 229: cpu_time_cuda = 0.009119
iter 229: gpu_time_cuda = 0.008452
iter 229: download_copy_time_cuda = 0.000551
iter 229: upload_copy_time_cuda = 0.000583

iter 230: cpu_time_cuda = 0.009008
iter 230: gpu_time_cuda = 0.008439
iter 230: download_copy_time_cuda = 0.000546
iter 230: upload_copy_time_cuda = 0.000576

iter 231: cpu_time_cuda = 0.008915
iter 231: gpu_time_cuda = 0.008375
iter 231: download_copy_time_cuda = 0.000541
iter 231: upload_copy_time_cuda = 0.000570

iter 232: cpu_time_cuda = 0.008785
iter 232: gpu_time_cuda = 0.008272
iter 232: download_copy_time_cuda = 0.000535
iter 232: upload_copy_time_cuda = 0.000565

iter 233: cpu_time_cuda = 0.008721
iter 233: gpu_time_cuda = 0.007964
iter 233: download_copy_time_cuda = 0.000530
iter 233: upload_copy_time_cuda = 0.000558

iter 234: cpu_time_cuda = 0.008595
iter 234: gpu_time_cuda = 0.007836
iter 234: download_copy_time_cuda = 0.000524
iter 234: upload_copy_time_cuda = 0.000554

iter 235: cpu_time_cuda = 0.008472
iter 235: gpu_time_cuda = 0.007594
iter 235: download_copy_time_cuda = 0.000518
iter 235: upload_copy_time_cuda = 0.000553

iter 236: cpu_time_cuda = 0.008385
iter 236: gpu_time_cuda = 0.007548
iter 236: download_copy_time_cuda = 0.000513
iter 236: upload_copy_time_cuda = 0.000539

iter 237: cpu_time_cuda = 0.008313
iter 237: gpu_time_cuda = 0.007379
iter 237: download_copy_time_cuda = 0.000507
iter 237: upload_copy_time_cuda = 0.000532

iter 238: cpu_time_cuda = 0.008183
iter 238: gpu_time_cuda = 0.007299
iter 238: download_copy_time_cuda = 0.000505
iter 238: upload_copy_time_cuda = 0.000528

iter 239: cpu_time_cuda = 0.008137
iter 239: gpu_time_cuda = 0.007001
iter 239: download_copy_time_cuda = 0.000495
iter 239: upload_copy_time_cuda = 0.000522

iter 240: cpu_time_cuda = 0.008005
iter 240: gpu_time_cuda = 0.006988
iter 240: download_copy_time_cuda = 0.000489
iter 240: upload_copy_time_cuda = 0.000522

iter 241: cpu_time_cuda = 0.007882
iter 241: gpu_time_cuda = 0.006867
iter 241: download_copy_time_cuda = 0.000483
iter 241: upload_copy_time_cuda = 0.000509

iter 242: cpu_time_cuda = 0.007802
iter 242: gpu_time_cuda = 0.006637
iter 242: download_copy_time_cuda = 0.000477
iter 242: upload_copy_time_cuda = 0.000502

iter 243: cpu_time_cuda = 0.007725
iter 243: gpu_time_cuda = 0.006269
iter 243: download_copy_time_cuda = 0.000471
iter 243: upload_copy_time_cuda = 0.000496

iter 244: cpu_time_cuda = 0.007605
iter 244: gpu_time_cuda = 0.006213
iter 244: download_copy_time_cuda = 0.000464
iter 244: upload_copy_time_cuda = 0.000489

iter 245: cpu_time_cuda = 0.007568
iter 245: gpu_time_cuda = 0.006014
iter 245: download_copy_time_cuda = 0.000458
iter 245: upload_copy_time_cuda = 0.000485

iter 246: cpu_time_cuda = 0.007413
iter 246: gpu_time_cuda = 0.006094
iter 246: download_copy_time_cuda = 0.000452
iter 246: upload_copy_time_cuda = 0.000486

iter 247: cpu_time_cuda = 0.007307
iter 247: gpu_time_cuda = 0.005714
iter 247: download_copy_time_cuda = 0.000448
iter 247: upload_copy_time_cuda = 0.000473

iter 248: cpu_time_cuda = 0.007201
iter 248: gpu_time_cuda = 0.005626
iter 248: download_copy_time_cuda = 0.000443
iter 248: upload_copy_time_cuda = 0.000467

iter 249: cpu_time_cuda = 0.007100
iter 249: gpu_time_cuda = 0.005404
iter 249: download_copy_time_cuda = 0.000436
iter 249: upload_copy_time_cuda = 0.000460

iter 250: cpu_time_cuda = 0.006994
iter 250: gpu_time_cuda = 0.005504
iter 250: download_copy_time_cuda = 0.000430
iter 250: upload_copy_time_cuda = 0.000454

iter 251: cpu_time_cuda = 0.006907
iter 251: gpu_time_cuda = 0.005291
iter 251: download_copy_time_cuda = 0.000424
iter 251: upload_copy_time_cuda = 0.000456

iter 252: cpu_time_cuda = 0.006910
iter 252: gpu_time_cuda = 0.005145
iter 252: download_copy_time_cuda = 0.000417
iter 252: upload_copy_time_cuda = 0.000442

iter 253: cpu_time_cuda = 0.006734
iter 253: gpu_time_cuda = 0.004777
iter 253: download_copy_time_cuda = 0.000412
iter 253: upload_copy_time_cuda = 0.000435

iter 254: cpu_time_cuda = 0.006611
iter 254: gpu_time_cuda = 0.004824
iter 254: download_copy_time_cuda = 0.000407
iter 254: upload_copy_time_cuda = 0.000430

iter 255: cpu_time_cuda = 0.006535
iter 255: gpu_time_cuda = 0.004588
iter 255: download_copy_time_cuda = 0.000400
iter 255: upload_copy_time_cuda = 0.000421

iter 256: cpu_time_cuda = 0.006338
iter 256: gpu_time_cuda = 0.004648
iter 256: download_copy_time_cuda = 0.000393
iter 256: upload_copy_time_cuda = 0.000424

iter 257: cpu_time_cuda = 0.006232
iter 257: gpu_time_cuda = 0.004366
iter 257: download_copy_time_cuda = 0.000389
iter 257: upload_copy_time_cuda = 0.000418

iter 258: cpu_time_cuda = 0.006134
iter 258: gpu_time_cuda = 0.004345
iter 258: download_copy_time_cuda = 0.000383
iter 258: upload_copy_time_cuda = 0.000403

iter 259: cpu_time_cuda = 0.006048
iter 259: gpu_time_cuda = 0.004056
iter 259: download_copy_time_cuda = 0.000377
iter 259: upload_copy_time_cuda = 0.000399

iter 260: cpu_time_cuda = 0.005994
iter 260: gpu_time_cuda = 0.003995
iter 260: download_copy_time_cuda = 0.000371
iter 260: upload_copy_time_cuda = 0.000393

iter 261: cpu_time_cuda = 0.005870
iter 261: gpu_time_cuda = 0.003915
iter 261: download_copy_time_cuda = 0.000365
iter 261: upload_copy_time_cuda = 0.000385

iter 262: cpu_time_cuda = 0.005762
iter 262: gpu_time_cuda = 0.003822
iter 262: download_copy_time_cuda = 0.000359
iter 262: upload_copy_time_cuda = 0.000380

iter 263: cpu_time_cuda = 0.005671
iter 263: gpu_time_cuda = 0.003631
iter 263: download_copy_time_cuda = 0.000354
iter 263: upload_copy_time_cuda = 0.000380

iter 264: cpu_time_cuda = 0.005600
iter 264: gpu_time_cuda = 0.003778
iter 264: download_copy_time_cuda = 0.000347
iter 264: upload_copy_time_cuda = 0.000371

iter 265: cpu_time_cuda = 0.005486
iter 265: gpu_time_cuda = 0.003376
iter 265: download_copy_time_cuda = 0.000342
iter 265: upload_copy_time_cuda = 0.000374

iter 266: cpu_time_cuda = 0.005373
iter 266: gpu_time_cuda = 0.003539
iter 266: download_copy_time_cuda = 0.000335
iter 266: upload_copy_time_cuda = 0.000353

iter 267: cpu_time_cuda = 0.005275
iter 267: gpu_time_cuda = 0.003286
iter 267: download_copy_time_cuda = 0.000330
iter 267: upload_copy_time_cuda = 0.000355

iter 268: cpu_time_cuda = 0.005203
iter 268: gpu_time_cuda = 0.003147
iter 268: download_copy_time_cuda = 0.000323
iter 268: upload_copy_time_cuda = 0.000341

iter 269: cpu_time_cuda = 0.005386
iter 269: gpu_time_cuda = 0.002970
iter 269: download_copy_time_cuda = 0.000317
iter 269: upload_copy_time_cuda = 0.000337

iter 270: cpu_time_cuda = 0.005043
iter 270: gpu_time_cuda = 0.002869
iter 270: download_copy_time_cuda = 0.000311
iter 270: upload_copy_time_cuda = 0.000328

iter 271: cpu_time_cuda = 0.004897
iter 271: gpu_time_cuda = 0.002768
iter 271: download_copy_time_cuda = 0.000305
iter 271: upload_copy_time_cuda = 0.000323

iter 272: cpu_time_cuda = 0.004801
iter 272: gpu_time_cuda = 0.002754
iter 272: download_copy_time_cuda = 0.000300
iter 272: upload_copy_time_cuda = 0.000318

iter 273: cpu_time_cuda = 0.004719
iter 273: gpu_time_cuda = 0.002672
iter 273: download_copy_time_cuda = 0.000293
iter 273: upload_copy_time_cuda = 0.000310

iter 274: cpu_time_cuda = 0.004623
iter 274: gpu_time_cuda = 0.002518
iter 274: download_copy_time_cuda = 0.000287
iter 274: upload_copy_time_cuda = 0.000305

iter 275: cpu_time_cuda = 0.004535
iter 275: gpu_time_cuda = 0.002353
iter 275: download_copy_time_cuda = 0.000281
iter 275: upload_copy_time_cuda = 0.000299

iter 276: cpu_time_cuda = 0.004442
iter 276: gpu_time_cuda = 0.002379
iter 276: download_copy_time_cuda = 0.000276
iter 276: upload_copy_time_cuda = 0.000292

iter 277: cpu_time_cuda = 0.004335
iter 277: gpu_time_cuda = 0.002227
iter 277: download_copy_time_cuda = 0.000270
iter 277: upload_copy_time_cuda = 0.000285

iter 278: cpu_time_cuda = 0.004216
iter 278: gpu_time_cuda = 0.002202
iter 278: download_copy_time_cuda = 0.000265
iter 278: upload_copy_time_cuda = 0.000279

iter 279: cpu_time_cuda = 0.004101
iter 279: gpu_time_cuda = 0.002042
iter 279: download_copy_time_cuda = 0.000259
iter 279: upload_copy_time_cuda = 0.000276

iter 280: cpu_time_cuda = 0.004024
iter 280: gpu_time_cuda = 0.001951
iter 280: download_copy_time_cuda = 0.000252
iter 280: upload_copy_time_cuda = 0.000269

iter 281: cpu_time_cuda = 0.004036
iter 281: gpu_time_cuda = 0.001823
iter 281: download_copy_time_cuda = 0.000247
iter 281: upload_copy_time_cuda = 0.000260

iter 282: cpu_time_cuda = 0.003827
iter 282: gpu_time_cuda = 0.001874
iter 282: download_copy_time_cuda = 0.000241
iter 282: upload_copy_time_cuda = 0.000254

iter 283: cpu_time_cuda = 0.003784
iter 283: gpu_time_cuda = 0.001733
iter 283: download_copy_time_cuda = 0.000235
iter 283: upload_copy_time_cuda = 0.000249

iter 284: cpu_time_cuda = 0.003641
iter 284: gpu_time_cuda = 0.001679
iter 284: download_copy_time_cuda = 0.000230
iter 284: upload_copy_time_cuda = 0.000241

iter 285: cpu_time_cuda = 0.003554
iter 285: gpu_time_cuda = 0.001533
iter 285: download_copy_time_cuda = 0.000223
iter 285: upload_copy_time_cuda = 0.000244

iter 286: cpu_time_cuda = 0.003452
iter 286: gpu_time_cuda = 0.001487
iter 286: download_copy_time_cuda = 0.000218
iter 286: upload_copy_time_cuda = 0.000229

iter 287: cpu_time_cuda = 0.003375
iter 287: gpu_time_cuda = 0.001400
iter 287: download_copy_time_cuda = 0.000211
iter 287: upload_copy_time_cuda = 0.000223

iter 288: cpu_time_cuda = 0.003267
iter 288: gpu_time_cuda = 0.001442
iter 288: download_copy_time_cuda = 0.000206
iter 288: upload_copy_time_cuda = 0.000216

iter 289: cpu_time_cuda = 0.003195
iter 289: gpu_time_cuda = 0.001281
iter 289: download_copy_time_cuda = 0.000199
iter 289: upload_copy_time_cuda = 0.000209

iter 290: cpu_time_cuda = 0.003076
iter 290: gpu_time_cuda = 0.001248
iter 290: download_copy_time_cuda = 0.000194
iter 290: upload_copy_time_cuda = 0.000205

iter 291: cpu_time_cuda = 0.002995
iter 291: gpu_time_cuda = 0.001157
iter 291: download_copy_time_cuda = 0.000190
iter 291: upload_copy_time_cuda = 0.000199

iter 292: cpu_time_cuda = 0.002893
iter 292: gpu_time_cuda = 0.001152
iter 292: download_copy_time_cuda = 0.000188
iter 292: upload_copy_time_cuda = 0.000191

iter 293: cpu_time_cuda = 0.002798
iter 293: gpu_time_cuda = 0.001013
iter 293: download_copy_time_cuda = 0.000177
iter 293: upload_copy_time_cuda = 0.000185

iter 294: cpu_time_cuda = 0.002733
iter 294: gpu_time_cuda = 0.000984
iter 294: download_copy_time_cuda = 0.000172
iter 294: upload_copy_time_cuda = 0.000181

iter 295: cpu_time_cuda = 0.002613
iter 295: gpu_time_cuda = 0.000882
iter 295: download_copy_time_cuda = 0.000165
iter 295: upload_copy_time_cuda = 0.000177

iter 296: cpu_time_cuda = 0.002513
iter 296: gpu_time_cuda = 0.000868
iter 296: download_copy_time_cuda = 0.000161
iter 296: upload_copy_time_cuda = 0.000168

iter 297: cpu_time_cuda = 0.002430
iter 297: gpu_time_cuda = 0.000784
iter 297: download_copy_time_cuda = 0.000154
iter 297: upload_copy_time_cuda = 0.000161

iter 298: cpu_time_cuda = 0.002337
iter 298: gpu_time_cuda = 0.000772
iter 298: download_copy_time_cuda = 0.000149
iter 298: upload_copy_time_cuda = 0.000154

iter 299: cpu_time_cuda = 0.002280
iter 299: gpu_time_cuda = 0.000721
iter 299: download_copy_time_cuda = 0.000142
iter 299: upload_copy_time_cuda = 0.000235

iter 300: cpu_time_cuda = 0.002290
iter 300: gpu_time_cuda = 0.000652
iter 300: download_copy_time_cuda = 0.000136
iter 300: upload_copy_time_cuda = 0.000146

iter 301: cpu_time_cuda = 0.002000
iter 301: gpu_time_cuda = 0.000583
iter 301: download_copy_time_cuda = 0.000132
iter 301: upload_copy_time_cuda = 0.000138

iter 302: cpu_time_cuda = 0.001920
iter 302: gpu_time_cuda = 0.000558
iter 302: download_copy_time_cuda = 0.000126
iter 302: upload_copy_time_cuda = 0.000137

iter 303: cpu_time_cuda = 0.001814
iter 303: gpu_time_cuda = 0.000513
iter 303: download_copy_time_cuda = 0.000119
iter 303: upload_copy_time_cuda = 0.000130

iter 304: cpu_time_cuda = 0.001744
iter 304: gpu_time_cuda = 0.000481
iter 304: download_copy_time_cuda = 0.000114
iter 304: upload_copy_time_cuda = 0.000124

iter 305: cpu_time_cuda = 0.001634
iter 305: gpu_time_cuda = 0.000409
iter 305: download_copy_time_cuda = 0.000111
iter 305: upload_copy_time_cuda = 0.000119

iter 306: cpu_time_cuda = 0.001545
iter 306: gpu_time_cuda = 0.000391
iter 306: download_copy_time_cuda = 0.000107
iter 306: upload_copy_time_cuda = 0.000114

iter 307: cpu_time_cuda = 0.001442
iter 307: gpu_time_cuda = 0.000331
iter 307: download_copy_time_cuda = 0.000100
iter 307: upload_copy_time_cuda = 0.000110

iter 308: cpu_time_cuda = 0.001357
iter 308: gpu_time_cuda = 0.000331
iter 308: download_copy_time_cuda = 0.000096
iter 308: upload_copy_time_cuda = 0.000104

iter 309: cpu_time_cuda = 0.001265
iter 309: gpu_time_cuda = 0.000315
iter 309: download_copy_time_cuda = 0.000093
iter 309: upload_copy_time_cuda = 0.000100

iter 310: cpu_time_cuda = 0.001187
iter 310: gpu_time_cuda = 0.000237
iter 310: download_copy_time_cuda = 0.000090
iter 310: upload_copy_time_cuda = 0.000096

iter 311: cpu_time_cuda = 0.001080
iter 311: gpu_time_cuda = 0.000225
iter 311: download_copy_time_cuda = 0.000085
iter 311: upload_copy_time_cuda = 0.000091

iter 312: cpu_time_cuda = 0.000995
iter 312: gpu_time_cuda = 0.000210
iter 312: download_copy_time_cuda = 0.000079
iter 312: upload_copy_time_cuda = 0.000086

iter 313: cpu_time_cuda = 0.000911
iter 313: gpu_time_cuda = 0.000158
iter 313: download_copy_time_cuda = 0.000072
iter 313: upload_copy_time_cuda = 0.000082

iter 314: cpu_time_cuda = 0.000820
iter 314: gpu_time_cuda = 0.000150
iter 314: download_copy_time_cuda = 0.000068
iter 314: upload_copy_time_cuda = 0.000077

iter 315: cpu_time_cuda = 0.000754
iter 315: gpu_time_cuda = 0.000132
iter 315: download_copy_time_cuda = 0.000064
iter 315: upload_copy_time_cuda = 0.000071

iter 316: cpu_time_cuda = 0.000639
iter 316: gpu_time_cuda = 0.000122
iter 316: download_copy_time_cuda = 0.000060
iter 316: upload_copy_time_cuda = 0.000066

iter 317: cpu_time_cuda = 0.000570
iter 317: gpu_time_cuda = 0.000120
iter 317: download_copy_time_cuda = 0.000056
iter 317: upload_copy_time_cuda = 0.000061

iter 318: cpu_time_cuda = 0.000468
iter 318: gpu_time_cuda = 0.000117
iter 318: download_copy_time_cuda = 0.000052
iter 318: upload_copy_time_cuda = 0.000055

iter 319: cpu_time_cuda = 0.000453
iter 319: gpu_time_cuda = 0.000002
iter 319: download_copy_time_cuda = 0.000048
iter 319: upload_copy_time_cuda = 0.000040

total_cpu_time_cuda = 5.049985
total_gpu_time_cuda = 9.335125
total_copy_time_cuda = 0.625421
main_loop_time_cuda = 15.362490
20480 20480     ---   (  ---  )    345.40 (  16.58)     ---   
total_time = 30.064277
27.40user 4.89system 0:33.31elapsed 96%CPU (0avgtext+0avgdata 3430800maxresident)k
4504inputs+0outputs (1major+839707minor)pagefaults 0swaps
send out message: 22 3 log
