cpu0
2601000
cpu1
2601000
cpu2
2601000
cpu3
2601000
cpu4
2601000
cpu5
2601000
cpu6
2601000
cpu7
2601000
cpu8
2601000
cpu9
2601000
cpu10
2601000
cpu11
2601000
cpu12
2601000
cpu13
2601000
cpu14
2601000
cpu15
2601000
send out message: 24 37 /home/lchen/MAGMA/magma-1.3.0/results
send out message: 20 26 MAGMA_LU_GPUDVFS.total.pwr
MAGMA 1.3.0
device 0: Tesla K20c, 705.5 MHz clock, 4799.6 MB memory, capability 3.5

Usage: /home/lchen/MAGMA/magma-1.3.0/testing/testing_dgetrf -N <m,n> -c -c2 -l
  -N  can be repeated up to 10 times. If only m is given, then m=n.
  -c  or setting $MAGMA_TESTINGS_CHECK checks result, PA - LU.
  -c2 for square matrices, solves one RHS and checks residual, Ax - b.
  -l  or setting $MAGMA_RUN_LAPACK runs LAPACK.

    M     N   CPU GFlop/s (sec)   GPU GFlop/s (sec)   |PA-LU|/(N*|A|)
=========================================================================
init_time = 6.255680
iter 0: cpu_time_cuda = 0.000000
iter 0: gpu_time_cuda = -0.000001
iter 0: download_copy_time_cuda = 0.000000
iter 0: upload_copy_time_cuda = 0.007610

iter 1: cpu_time_cuda = 0.314610
iter 1: gpu_time_cuda = 0.212225
iter 1: download_copy_time_cuda = 0.006672
iter 1: upload_copy_time_cuda = 0.018609

iter 2: cpu_time_cuda = 0.311194
iter 2: gpu_time_cuda = 0.210330
iter 2: download_copy_time_cuda = 0.017079
iter 2: upload_copy_time_cuda = 0.018375

iter 3: cpu_time_cuda = 0.306501
iter 3: gpu_time_cuda = 0.204669
iter 3: download_copy_time_cuda = 0.016886
iter 3: upload_copy_time_cuda = 0.018108

iter 4: cpu_time_cuda = 0.302489
iter 4: gpu_time_cuda = 0.204770
iter 4: download_copy_time_cuda = 0.016616
iter 4: upload_copy_time_cuda = 0.017912

iter 5: cpu_time_cuda = 0.298362
iter 5: gpu_time_cuda = 0.197227
iter 5: download_copy_time_cuda = 0.016372
iter 5: upload_copy_time_cuda = 0.017683

iter 6: cpu_time_cuda = 0.294221
iter 6: gpu_time_cuda = 0.191538
iter 6: download_copy_time_cuda = 0.016192
iter 6: upload_copy_time_cuda = 0.017417

iter 7: cpu_time_cuda = 0.290965
iter 7: gpu_time_cuda = 0.184696
iter 7: download_copy_time_cuda = 0.015946
iter 7: upload_copy_time_cuda = 0.017147

iter 8: cpu_time_cuda = 0.286073
iter 8: gpu_time_cuda = 0.179452
iter 8: download_copy_time_cuda = 0.015727
iter 8: upload_copy_time_cuda = 0.016961

iter 9: cpu_time_cuda = 0.282342
iter 9: gpu_time_cuda = 0.175011
iter 9: download_copy_time_cuda = 0.015530
iter 9: upload_copy_time_cuda = 0.016679

iter 10: cpu_time_cuda = 0.278070
iter 10: gpu_time_cuda = 0.175353
iter 10: download_copy_time_cuda = 0.015294
iter 10: upload_copy_time_cuda = 0.016431

iter 11: cpu_time_cuda = 0.274272
iter 11: gpu_time_cuda = 0.169692
iter 11: download_copy_time_cuda = 0.015052
iter 11: upload_copy_time_cuda = 0.016180

iter 12: cpu_time_cuda = 0.269911
iter 12: gpu_time_cuda = 0.163518
iter 12: download_copy_time_cuda = 0.014831
iter 12: upload_copy_time_cuda = 0.016021

iter 13: cpu_time_cuda = 0.266354
iter 13: gpu_time_cuda = 0.155499
iter 13: download_copy_time_cuda = 0.014601
iter 13: upload_copy_time_cuda = 0.015719

iter 14: cpu_time_cuda = 0.261465
iter 14: gpu_time_cuda = 0.151423
iter 14: download_copy_time_cuda = 0.014369
iter 14: upload_copy_time_cuda = 0.015462

iter 15: cpu_time_cuda = 0.257480
iter 15: gpu_time_cuda = 0.147537
iter 15: download_copy_time_cuda = 0.014102
iter 15: upload_copy_time_cuda = 0.015239

iter 16: cpu_time_cuda = 0.254227
iter 16: gpu_time_cuda = 0.143114
iter 16: download_copy_time_cuda = 0.013923
iter 16: upload_copy_time_cuda = 0.014985

iter 17: cpu_time_cuda = 0.249436
iter 17: gpu_time_cuda = 0.145703
iter 17: download_copy_time_cuda = 0.013702
iter 17: upload_copy_time_cuda = 0.014760

iter 18: cpu_time_cuda = 0.245364
iter 18: gpu_time_cuda = 0.134005
iter 18: download_copy_time_cuda = 0.013471
iter 18: upload_copy_time_cuda = 0.014478

iter 19: cpu_time_cuda = 0.241388
iter 19: gpu_time_cuda = 0.130499
iter 19: download_copy_time_cuda = 0.013235
iter 19: upload_copy_time_cuda = 0.014251

iter 20: cpu_time_cuda = 0.240775
iter 20: gpu_time_cuda = 0.126344
iter 20: download_copy_time_cuda = 0.013043
iter 20: upload_copy_time_cuda = 0.013947

iter 21: cpu_time_cuda = 0.233026
iter 21: gpu_time_cuda = 0.121263
iter 21: download_copy_time_cuda = 0.012817
iter 21: upload_copy_time_cuda = 0.013636

iter 22: cpu_time_cuda = 0.228742
iter 22: gpu_time_cuda = 0.118446
iter 22: download_copy_time_cuda = 0.012610
iter 22: upload_copy_time_cuda = 0.013377

iter 23: cpu_time_cuda = 0.224850
iter 23: gpu_time_cuda = 0.114157
iter 23: download_copy_time_cuda = 0.012440
iter 23: upload_copy_time_cuda = 0.013120

iter 24: cpu_time_cuda = 0.220847
iter 24: gpu_time_cuda = 0.110273
iter 24: download_copy_time_cuda = 0.012138
iter 24: upload_copy_time_cuda = 0.012869

iter 25: cpu_time_cuda = 0.216763
iter 25: gpu_time_cuda = 0.106208
iter 25: download_copy_time_cuda = 0.011862
iter 25: upload_copy_time_cuda = 0.012577

iter 26: cpu_time_cuda = 0.215450
iter 26: gpu_time_cuda = 0.108070
iter 26: download_copy_time_cuda = 0.011695
iter 26: upload_copy_time_cuda = 0.012372

iter 27: cpu_time_cuda = 0.208331
iter 27: gpu_time_cuda = 0.099283
iter 27: download_copy_time_cuda = 0.011448
iter 27: upload_copy_time_cuda = 0.012165

iter 28: cpu_time_cuda = 0.205918
iter 28: gpu_time_cuda = 0.095714
iter 28: download_copy_time_cuda = 0.011261
iter 28: upload_copy_time_cuda = 0.011897

iter 29: cpu_time_cuda = 0.199945
iter 29: gpu_time_cuda = 0.091992
iter 29: download_copy_time_cuda = 0.011004
iter 29: upload_copy_time_cuda = 0.011669

iter 30: cpu_time_cuda = 0.195832
iter 30: gpu_time_cuda = 0.088443
iter 30: download_copy_time_cuda = 0.010812
iter 30: upload_copy_time_cuda = 0.011416

iter 31: cpu_time_cuda = 0.191895
iter 31: gpu_time_cuda = 0.084979
iter 31: download_copy_time_cuda = 0.010560
iter 31: upload_copy_time_cuda = 0.011186

iter 32: cpu_time_cuda = 0.187788
iter 32: gpu_time_cuda = 0.081839
iter 32: download_copy_time_cuda = 0.010330
iter 32: upload_copy_time_cuda = 0.010916

iter 33: cpu_time_cuda = 0.183394
iter 33: gpu_time_cuda = 0.079783
iter 33: download_copy_time_cuda = 0.010111
iter 33: upload_copy_time_cuda = 0.010718

iter 34: cpu_time_cuda = 0.179525
iter 34: gpu_time_cuda = 0.075646
iter 34: download_copy_time_cuda = 0.009831
iter 34: upload_copy_time_cuda = 0.010492

iter 35: cpu_time_cuda = 0.174995
iter 35: gpu_time_cuda = 0.073773
iter 35: download_copy_time_cuda = 0.009633
iter 35: upload_copy_time_cuda = 0.010231

iter 36: cpu_time_cuda = 0.170943
iter 36: gpu_time_cuda = 0.069831
iter 36: download_copy_time_cuda = 0.009427
iter 36: upload_copy_time_cuda = 0.009939

iter 37: cpu_time_cuda = 0.166837
iter 37: gpu_time_cuda = 0.066744
iter 37: download_copy_time_cuda = 0.009214
iter 37: upload_copy_time_cuda = 0.009718

iter 38: cpu_time_cuda = 0.162720
iter 38: gpu_time_cuda = 0.066751
iter 38: download_copy_time_cuda = 0.008977
iter 38: upload_copy_time_cuda = 0.009464

iter 39: cpu_time_cuda = 0.158369
iter 39: gpu_time_cuda = 0.062504
iter 39: download_copy_time_cuda = 0.008700
iter 39: upload_copy_time_cuda = 0.009218

iter 40: cpu_time_cuda = 0.154181
iter 40: gpu_time_cuda = 0.060441
iter 40: download_copy_time_cuda = 0.008507
iter 40: upload_copy_time_cuda = 0.009049

iter 41: cpu_time_cuda = 0.150311
iter 41: gpu_time_cuda = 0.055486
iter 41: download_copy_time_cuda = 0.008285
iter 41: upload_copy_time_cuda = 0.008787

iter 42: cpu_time_cuda = 0.146236
iter 42: gpu_time_cuda = 0.053968
iter 42: download_copy_time_cuda = 0.008046
iter 42: upload_copy_time_cuda = 0.008526

iter 43: cpu_time_cuda = 0.142015
iter 43: gpu_time_cuda = 0.050924
iter 43: download_copy_time_cuda = 0.007875
iter 43: upload_copy_time_cuda = 0.008328

iter 44: cpu_time_cuda = 0.138253
iter 44: gpu_time_cuda = 0.048762
iter 44: download_copy_time_cuda = 0.007607
iter 44: upload_copy_time_cuda = 0.008079

iter 45: cpu_time_cuda = 0.134039
iter 45: gpu_time_cuda = 0.045452
iter 45: download_copy_time_cuda = 0.007418
iter 45: upload_copy_time_cuda = 0.007826

iter 46: cpu_time_cuda = 0.130182
iter 46: gpu_time_cuda = 0.043357
iter 46: download_copy_time_cuda = 0.007171
iter 46: upload_copy_time_cuda = 0.007587

iter 47: cpu_time_cuda = 0.126041
iter 47: gpu_time_cuda = 0.041810
iter 47: download_copy_time_cuda = 0.006941
iter 47: upload_copy_time_cuda = 0.007330

iter 48: cpu_time_cuda = 0.122551
iter 48: gpu_time_cuda = 0.038742
iter 48: download_copy_time_cuda = 0.006737
iter 48: upload_copy_time_cuda = 0.007112

iter 49: cpu_time_cuda = 0.118140
iter 49: gpu_time_cuda = 0.037957
iter 49: download_copy_time_cuda = 0.006517
iter 49: upload_copy_time_cuda = 0.006877

iter 50: cpu_time_cuda = 0.114223
iter 50: gpu_time_cuda = 0.034863
iter 50: download_copy_time_cuda = 0.006283
iter 50: upload_copy_time_cuda = 0.006642

iter 51: cpu_time_cuda = 0.110047
iter 51: gpu_time_cuda = 0.032984
iter 51: download_copy_time_cuda = 0.006061
iter 51: upload_copy_time_cuda = 0.006407

iter 52: cpu_time_cuda = 0.105746
iter 52: gpu_time_cuda = 0.030636
iter 52: download_copy_time_cuda = 0.005826
iter 52: upload_copy_time_cuda = 0.006177

iter 53: cpu_time_cuda = 0.101829
iter 53: gpu_time_cuda = 0.029573
iter 53: download_copy_time_cuda = 0.005603
iter 53: upload_copy_time_cuda = 0.005915

iter 54: cpu_time_cuda = 0.097978
iter 54: gpu_time_cuda = 0.027090
iter 54: download_copy_time_cuda = 0.005391
iter 54: upload_copy_time_cuda = 0.005676

iter 55: cpu_time_cuda = 0.093935
iter 55: gpu_time_cuda = 0.025297
iter 55: download_copy_time_cuda = 0.005172
iter 55: upload_copy_time_cuda = 0.005482

iter 56: cpu_time_cuda = 0.090078
iter 56: gpu_time_cuda = 0.023596
iter 56: download_copy_time_cuda = 0.004953
iter 56: upload_copy_time_cuda = 0.005250

iter 57: cpu_time_cuda = 0.086321
iter 57: gpu_time_cuda = 0.022212
iter 57: download_copy_time_cuda = 0.004714
iter 57: upload_copy_time_cuda = 0.004968

iter 58: cpu_time_cuda = 0.082752
iter 58: gpu_time_cuda = 0.020521
iter 58: download_copy_time_cuda = 0.004518
iter 58: upload_copy_time_cuda = 0.004710

iter 59: cpu_time_cuda = 0.078428
iter 59: gpu_time_cuda = 0.019443
iter 59: download_copy_time_cuda = 0.004283
iter 59: upload_copy_time_cuda = 0.004488

iter 60: cpu_time_cuda = 0.074666
iter 60: gpu_time_cuda = 0.017993
iter 60: download_copy_time_cuda = 0.004060
iter 60: upload_copy_time_cuda = 0.004249

iter 61: cpu_time_cuda = 0.070648
iter 61: gpu_time_cuda = 0.016631
iter 61: download_copy_time_cuda = 0.003839
iter 61: upload_copy_time_cuda = 0.004021

iter 62: cpu_time_cuda = 0.066657
iter 62: gpu_time_cuda = 0.015413
iter 62: download_copy_time_cuda = 0.003604
iter 62: upload_copy_time_cuda = 0.003781

iter 63: cpu_time_cuda = 0.062791
iter 63: gpu_time_cuda = 0.014245
iter 63: download_copy_time_cuda = 0.003378
iter 63: upload_copy_time_cuda = 0.003547

iter 64: cpu_time_cuda = 0.058863
iter 64: gpu_time_cuda = 0.013210
iter 64: download_copy_time_cuda = 0.003145
iter 64: upload_copy_time_cuda = 0.003320

iter 65: cpu_time_cuda = 0.054691
iter 65: gpu_time_cuda = 0.012078
iter 65: download_copy_time_cuda = 0.002938
iter 65: upload_copy_time_cuda = 0.003070

iter 66: cpu_time_cuda = 0.050882
iter 66: gpu_time_cuda = 0.011191
iter 66: download_copy_time_cuda = 0.002733
iter 66: upload_copy_time_cuda = 0.002836

iter 67: cpu_time_cuda = 0.046962
iter 67: gpu_time_cuda = 0.010323
iter 67: download_copy_time_cuda = 0.002521
iter 67: upload_copy_time_cuda = 0.002600

iter 68: cpu_time_cuda = 0.043383
iter 68: gpu_time_cuda = 0.009480
iter 68: download_copy_time_cuda = 0.002316
iter 68: upload_copy_time_cuda = 0.002366

iter 69: cpu_time_cuda = 0.039070
iter 69: gpu_time_cuda = 0.008613
iter 69: download_copy_time_cuda = 0.002120
iter 69: upload_copy_time_cuda = 0.002128

iter 70: cpu_time_cuda = 0.035251
iter 70: gpu_time_cuda = 0.008046
iter 70: download_copy_time_cuda = 0.001921
iter 70: upload_copy_time_cuda = 0.001928

iter 71: cpu_time_cuda = 0.031387
iter 71: gpu_time_cuda = 0.007365
iter 71: download_copy_time_cuda = 0.001738
iter 71: upload_copy_time_cuda = 0.001745

iter 72: cpu_time_cuda = 0.027615
iter 72: gpu_time_cuda = 0.006844
iter 72: download_copy_time_cuda = 0.001560
iter 72: upload_copy_time_cuda = 0.001555

iter 73: cpu_time_cuda = 0.023734
iter 73: gpu_time_cuda = 0.006266
iter 73: download_copy_time_cuda = 0.001352
iter 73: upload_copy_time_cuda = 0.001367

iter 74: cpu_time_cuda = 0.019827
iter 74: gpu_time_cuda = 0.005792
iter 74: download_copy_time_cuda = 0.001163
iter 74: upload_copy_time_cuda = 0.001177

iter 75: cpu_time_cuda = 0.015952
iter 75: gpu_time_cuda = 0.005500
iter 75: download_copy_time_cuda = 0.000953
iter 75: upload_copy_time_cuda = 0.000975

iter 76: cpu_time_cuda = 0.012149
iter 76: gpu_time_cuda = 0.005222
iter 76: download_copy_time_cuda = 0.000746
iter 76: upload_copy_time_cuda = 0.000813

iter 77: cpu_time_cuda = 0.008223
iter 77: gpu_time_cuda = 0.005182
iter 77: download_copy_time_cuda = 0.000560
iter 77: upload_copy_time_cuda = 0.000564

total_cpu_time_cuda = 12.317701
total_gpu_time_cuda = 6.040809
total_copy_time_cuda = 1.394282
main_loop_time_cuda = 21.305262
20000 20000     ---   (  ---  )    235.19 (  22.68)     ---   
total_time = 28.933100
send out message: 22 3 log
cpu0
2600000
cpu1
2600000
cpu2
2600000
cpu3
2600000
cpu4
2600000
cpu5
2600000
cpu6
2600000
cpu7
2600000
cpu8
2600000
cpu9
2600000
cpu10
2600000
cpu11
2600000
cpu12
2600000
cpu13
2600000
cpu14
2600000
cpu15
2600000
