send out message: 24 37 /home/lchen/MAGMA/magma-1.3.0/results
send out message: 20 26 MAGMA_LU_GPUDVFS.total.pwr
MAGMA 1.3.0
device 0: Tesla K20c, 705.5 MHz clock, 4799.6 MB memory, capability 3.5

Usage: /home/lchen/MAGMA/magma-1.3.0/testing/testing_dgetrf -N <m,n> -c -c2 -l
  -N  can be repeated up to 10 times. If only m is given, then m=n.
  -c  or setting $MAGMA_TESTINGS_CHECK checks result, PA - LU.
  -c2 for square matrices, solves one RHS and checks residual, Ax - b.
  -l  or setting $MAGMA_RUN_LAPACK runs LAPACK.

    M     N   CPU GFlop/s (sec)   GPU GFlop/s (sec)   |PA-LU|/(N*|A|)
=========================================================================
init_time = 0.844387
iter 0: cpu_time_cuda = 0.000000
iter 0: gpu_time_cuda = 0.000000
iter 0: download_copy_time_cuda = 0.000000
iter 0: upload_copy_time_cuda = 0.000494

iter 1: cpu_time_cuda = 0.007672
iter 1: gpu_time_cuda = 0.005206
iter 1: download_copy_time_cuda = 0.000454
iter 1: upload_copy_time_cuda = 0.000474

iter 2: cpu_time_pred = 0.007573
iter 2: gpu_time_pred = 0.005073
!!Border found at iter 1
iter 2: ratio_split_freq = 0.079359
iter 2: cpu_time_cuda = 0.007518
iter 2: gpu_time_cuda = 0.008316
iter 2: download_copy_time_cuda = 0.000445
iter 2: upload_copy_time_cuda = 0.000478

iter 3: cpu_time_pred = 0.007475
iter 3: gpu_time_pred = 0.004942
iter 3: ratio_split_freq = 0.082522
iter 3: cpu_time_cuda = 0.007411
iter 3: gpu_time_cuda = 0.007929
iter 3: download_copy_time_cuda = 0.000441
iter 3: upload_copy_time_cuda = 0.000466

iter 4: cpu_time_pred = 0.007377
iter 4: gpu_time_pred = 0.004813
iter 4: ratio_split_freq = 0.085769
iter 4: cpu_time_cuda = 0.007321
iter 4: gpu_time_cuda = 0.008138
iter 4: download_copy_time_cuda = 0.000437
iter 4: upload_copy_time_cuda = 0.000457

iter 5: cpu_time_pred = 0.007278
iter 5: gpu_time_pred = 0.004686
iter 5: ratio_split_freq = 0.089104
iter 5: cpu_time_cuda = 0.007227
iter 5: gpu_time_cuda = 0.007944
iter 5: download_copy_time_cuda = 0.000431
iter 5: upload_copy_time_cuda = 0.000450

iter 6: cpu_time_pred = 0.007180
iter 6: gpu_time_pred = 0.004560
iter 6: ratio_split_freq = 0.092531
iter 6: cpu_time_cuda = 0.007130
iter 6: gpu_time_cuda = 0.007799
iter 6: download_copy_time_cuda = 0.000427
iter 6: upload_copy_time_cuda = 0.000443

iter 7: cpu_time_pred = 0.007082
iter 7: gpu_time_pred = 0.004436
iter 7: ratio_split_freq = 0.096052
iter 7: cpu_time_cuda = 0.007026
iter 7: gpu_time_cuda = 0.007594
iter 7: download_copy_time_cuda = 0.000421
iter 7: upload_copy_time_cuda = 0.000440

iter 8: cpu_time_pred = 0.006983
iter 8: gpu_time_pred = 0.004313
iter 8: ratio_split_freq = 0.099673
iter 8: cpu_time_cuda = 0.006935
iter 8: gpu_time_cuda = 0.007566
iter 8: download_copy_time_cuda = 0.000416
iter 8: upload_copy_time_cuda = 0.000443

iter 9: cpu_time_pred = 0.006885
iter 9: gpu_time_pred = 0.004193
iter 9: ratio_split_freq = 0.103398
iter 9: cpu_time_cuda = 0.006831
iter 9: gpu_time_cuda = 0.007405
iter 9: download_copy_time_cuda = 0.000412
iter 9: upload_copy_time_cuda = 0.000437

iter 10: cpu_time_pred = 0.006787
iter 10: gpu_time_pred = 0.004074
iter 10: ratio_split_freq = 0.107230
iter 10: cpu_time_cuda = 0.006783
iter 10: gpu_time_cuda = 0.007507
iter 10: download_copy_time_cuda = 0.000406
iter 10: upload_copy_time_cuda = 0.000433

iter 11: cpu_time_pred = 0.006688
iter 11: gpu_time_pred = 0.003957
iter 11: ratio_split_freq = 0.111175
iter 11: cpu_time_cuda = 0.006664
iter 11: gpu_time_cuda = 0.007398
iter 11: download_copy_time_cuda = 0.000399
iter 11: upload_copy_time_cuda = 0.000431

iter 12: cpu_time_pred = 0.006590
iter 12: gpu_time_pred = 0.003841
iter 12: ratio_split_freq = 0.115238
iter 12: cpu_time_cuda = 0.006548
iter 12: gpu_time_cuda = 0.007225
iter 12: download_copy_time_cuda = 0.000393
iter 12: upload_copy_time_cuda = 0.000409

iter 13: cpu_time_pred = 0.006491
iter 13: gpu_time_pred = 0.003727
iter 13: ratio_split_freq = 0.119424
iter 13: cpu_time_cuda = 0.006456
iter 13: gpu_time_cuda = 0.007063
iter 13: download_copy_time_cuda = 0.000388
iter 13: upload_copy_time_cuda = 0.000402

iter 14: cpu_time_pred = 0.006393
iter 14: gpu_time_pred = 0.003615
iter 14: ratio_split_freq = 0.123738
iter 14: cpu_time_cuda = 0.006378
iter 14: gpu_time_cuda = 0.014535
iter 14: download_copy_time_cuda = 0.000383
iter 14: upload_copy_time_cuda = 0.000415

iter 15: cpu_time_pred = 0.006295
iter 15: gpu_time_pred = 0.003505
iter 15: ratio_split_freq = 0.128188
iter 15: cpu_time_cuda = 0.006252
iter 15: gpu_time_cuda = 0.006921
iter 15: download_copy_time_cuda = 0.000376
iter 15: upload_copy_time_cuda = 0.000391

iter 16: cpu_time_pred = 0.006196
iter 16: gpu_time_pred = 0.003396
iter 16: ratio_split_freq = 0.132779
iter 16: cpu_time_cuda = 0.006133
iter 16: gpu_time_cuda = 0.006813
iter 16: download_copy_time_cuda = 0.000371
iter 16: upload_copy_time_cuda = 0.000395

iter 17: cpu_time_pred = 0.006098
iter 17: gpu_time_pred = 0.003289
iter 17: ratio_split_freq = 0.137517
iter 17: cpu_time_cuda = 0.006024
iter 17: gpu_time_cuda = 0.006697
iter 17: download_copy_time_cuda = 0.000365
iter 17: upload_copy_time_cuda = 0.000383

iter 18: cpu_time_pred = 0.006000
iter 18: gpu_time_pred = 0.003184
iter 18: ratio_split_freq = 0.142412
iter 18: cpu_time_cuda = 0.005919
iter 18: gpu_time_cuda = 0.006616
iter 18: download_copy_time_cuda = 0.000360
iter 18: upload_copy_time_cuda = 0.000375

iter 19: cpu_time_pred = 0.005901
iter 19: gpu_time_pred = 0.003080
iter 19: ratio_split_freq = 0.147469
iter 19: cpu_time_cuda = 0.005833
iter 19: gpu_time_cuda = 0.006545
iter 19: download_copy_time_cuda = 0.000355
iter 19: upload_copy_time_cuda = 0.000385

iter 20: cpu_time_pred = 0.005803
iter 20: gpu_time_pred = 0.002979
iter 20: ratio_split_freq = 0.152698
iter 20: cpu_time_cuda = 0.005737
iter 20: gpu_time_cuda = 0.011128
iter 20: download_copy_time_cuda = 0.000349
iter 20: upload_copy_time_cuda = 0.000364

iter 21: cpu_time_pred = 0.005705
iter 21: gpu_time_pred = 0.002878
iter 21: ratio_split_freq = 0.158107
iter 21: cpu_time_cuda = 0.005638
iter 21: gpu_time_cuda = 0.006374
iter 21: download_copy_time_cuda = 0.000344
iter 21: upload_copy_time_cuda = 0.000365

iter 22: cpu_time_pred = 0.005606
iter 22: gpu_time_pred = 0.002780
iter 22: ratio_split_freq = 0.163706
iter 22: cpu_time_cuda = 0.005567
iter 22: gpu_time_cuda = 0.006302
iter 22: download_copy_time_cuda = 0.000337
iter 22: upload_copy_time_cuda = 0.000360

iter 23: cpu_time_pred = 0.005508
iter 23: gpu_time_pred = 0.002683
iter 23: ratio_split_freq = 0.169505
iter 23: cpu_time_cuda = 0.005447
iter 23: gpu_time_cuda = 0.006066
iter 23: download_copy_time_cuda = 0.000334
iter 23: upload_copy_time_cuda = 0.000346

iter 24: cpu_time_pred = 0.005410
iter 24: gpu_time_pred = 0.002588
iter 24: ratio_split_freq = 0.175514
iter 24: cpu_time_cuda = 0.005346
iter 24: gpu_time_cuda = 0.005940
iter 24: download_copy_time_cuda = 0.000326
iter 24: upload_copy_time_cuda = 0.000341

iter 25: cpu_time_pred = 0.005311
iter 25: gpu_time_pred = 0.002495
iter 25: ratio_split_freq = 0.181747
iter 25: cpu_time_cuda = 0.005248
iter 25: gpu_time_cuda = 0.005916
iter 25: download_copy_time_cuda = 0.000321
iter 25: upload_copy_time_cuda = 0.000336

iter 26: cpu_time_pred = 0.005213
iter 26: gpu_time_pred = 0.002404
iter 26: ratio_split_freq = 0.188214
iter 26: cpu_time_cuda = 0.005162
iter 26: gpu_time_cuda = 0.005853
iter 26: download_copy_time_cuda = 0.000315
iter 26: upload_copy_time_cuda = 0.000336

iter 27: cpu_time_pred = 0.005114
iter 27: gpu_time_pred = 0.002314
iter 27: ratio_split_freq = 0.194930
iter 27: cpu_time_cuda = 0.005066
iter 27: gpu_time_cuda = 0.005739
iter 27: download_copy_time_cuda = 0.000310
iter 27: upload_copy_time_cuda = 0.000330

iter 28: cpu_time_pred = 0.005016
iter 28: gpu_time_pred = 0.002226
iter 28: ratio_split_freq = 0.201910
iter 28: cpu_time_cuda = 0.004977
iter 28: gpu_time_cuda = 0.005640
iter 28: download_copy_time_cuda = 0.000302
iter 28: upload_copy_time_cuda = 0.000327

iter 29: cpu_time_pred = 0.004918
iter 29: gpu_time_pred = 0.002139
iter 29: ratio_split_freq = 0.209169
iter 29: cpu_time_cuda = 0.004873
iter 29: gpu_time_cuda = 0.005520
iter 29: download_copy_time_cuda = 0.000299
iter 29: upload_copy_time_cuda = 0.000319

iter 30: cpu_time_pred = 0.004819
iter 30: gpu_time_pred = 0.002054
iter 30: ratio_split_freq = 0.216724
iter 30: cpu_time_cuda = 0.004779
iter 30: gpu_time_cuda = 0.005414
iter 30: download_copy_time_cuda = 0.000293
iter 30: upload_copy_time_cuda = 0.000311

iter 31: cpu_time_pred = 0.004721
iter 31: gpu_time_pred = 0.001971
iter 31: ratio_split_freq = 0.224594
iter 31: cpu_time_cuda = 0.004705
iter 31: gpu_time_cuda = 0.005310
iter 31: download_copy_time_cuda = 0.000287
iter 31: upload_copy_time_cuda = 0.000307

iter 32: cpu_time_pred = 0.004623
iter 32: gpu_time_pred = 0.001890
iter 32: ratio_split_freq = 0.232799
iter 32: cpu_time_cuda = 0.004640
iter 32: gpu_time_cuda = 0.005266
iter 32: download_copy_time_cuda = 0.000282
iter 32: upload_copy_time_cuda = 0.000293

iter 33: cpu_time_pred = 0.004524
iter 33: gpu_time_pred = 0.001811
iter 33: ratio_split_freq = 0.241360
iter 33: cpu_time_cuda = 0.004499
iter 33: gpu_time_cuda = 0.005636
iter 33: download_copy_time_cuda = 0.000276
iter 33: upload_copy_time_cuda = 0.000289

iter 34: cpu_time_pred = 0.004426
iter 34: gpu_time_pred = 0.001733
iter 34: ratio_split_freq = 0.250302
iter 34: cpu_time_cuda = 0.004408
iter 34: gpu_time_cuda = 0.005109
iter 34: download_copy_time_cuda = 0.000271
iter 34: upload_copy_time_cuda = 0.000282

iter 35: cpu_time_pred = 0.004328
iter 35: gpu_time_pred = 0.001657
iter 35: ratio_split_freq = 0.259651
iter 35: cpu_time_cuda = 0.004310
iter 35: gpu_time_cuda = 0.004903
iter 35: download_copy_time_cuda = 0.000266
iter 35: upload_copy_time_cuda = 0.000283

iter 36: cpu_time_pred = 0.004229
iter 36: gpu_time_pred = 0.001582
iter 36: ratio_split_freq = 0.269434
iter 36: cpu_time_cuda = 0.004214
iter 36: gpu_time_cuda = 0.004814
iter 36: download_copy_time_cuda = 0.000261
iter 36: upload_copy_time_cuda = 0.000272

iter 37: cpu_time_pred = 0.004131
iter 37: gpu_time_pred = 0.001509
iter 37: ratio_split_freq = 0.279683
iter 37: cpu_time_cuda = 0.004101
iter 37: gpu_time_cuda = 0.004678
iter 37: download_copy_time_cuda = 0.000254
iter 37: upload_copy_time_cuda = 0.000265

iter 38: cpu_time_pred = 0.004033
iter 38: gpu_time_pred = 0.001438
iter 38: ratio_split_freq = 0.290432
iter 38: cpu_time_cuda = 0.003990
iter 38: gpu_time_cuda = 0.004616
iter 38: download_copy_time_cuda = 0.000250
iter 38: upload_copy_time_cuda = 0.000261

iter 39: cpu_time_pred = 0.003934
iter 39: gpu_time_pred = 0.001369
iter 39: ratio_split_freq = 0.301719
iter 39: cpu_time_cuda = 0.003899
iter 39: gpu_time_cuda = 0.004511
iter 39: download_copy_time_cuda = 0.000244
iter 39: upload_copy_time_cuda = 0.000253

iter 40: cpu_time_pred = 0.003836
iter 40: gpu_time_pred = 0.001301
iter 40: ratio_split_freq = 0.313584
iter 40: cpu_time_cuda = 0.003800
iter 40: gpu_time_cuda = 0.004485
iter 40: download_copy_time_cuda = 0.000244
iter 40: upload_copy_time_cuda = 0.000246

iter 41: cpu_time_pred = 0.003738
iter 41: gpu_time_pred = 0.001236
iter 41: ratio_split_freq = 0.326074
iter 41: cpu_time_cuda = 0.003708
iter 41: gpu_time_cuda = 0.004319
iter 41: download_copy_time_cuda = 0.000232
iter 41: upload_copy_time_cuda = 0.000241

iter 42: cpu_time_pred = 0.003639
iter 42: gpu_time_pred = 0.001171
iter 42: ratio_split_freq = 0.339239
iter 42: cpu_time_cuda = 0.003619
iter 42: gpu_time_cuda = 0.004228
iter 42: download_copy_time_cuda = 0.000228
iter 42: upload_copy_time_cuda = 0.000241

iter 43: cpu_time_pred = 0.003541
iter 43: gpu_time_pred = 0.001109
iter 43: ratio_split_freq = 0.353135
iter 43: cpu_time_cuda = 0.003531
iter 43: gpu_time_cuda = 0.004135
iter 43: download_copy_time_cuda = 0.000223
iter 43: upload_copy_time_cuda = 0.000235

iter 44: cpu_time_pred = 0.003442
iter 44: gpu_time_pred = 0.001048
iter 44: ratio_split_freq = 0.367826
iter 44: cpu_time_cuda = 0.003433
iter 44: gpu_time_cuda = 0.004025
iter 44: download_copy_time_cuda = 0.000217
iter 44: upload_copy_time_cuda = 0.000225

iter 45: cpu_time_pred = 0.003344
iter 45: gpu_time_pred = 0.000989
iter 45: ratio_split_freq = 0.383380
iter 45: cpu_time_cuda = 0.003405
iter 45: gpu_time_cuda = 0.003927
iter 45: download_copy_time_cuda = 0.000212
iter 45: upload_copy_time_cuda = 0.000223

iter 46: cpu_time_pred = 0.003246
iter 46: gpu_time_pred = 0.000932
iter 46: ratio_split_freq = 0.399878
iter 46: cpu_time_cuda = 0.003246
iter 46: gpu_time_cuda = 0.003810
iter 46: download_copy_time_cuda = 0.000208
iter 46: upload_copy_time_cuda = 0.000217

iter 47: cpu_time_pred = 0.003147
iter 47: gpu_time_pred = 0.000876
iter 47: ratio_split_freq = 0.417406
iter 47: cpu_time_cuda = 0.003148
iter 47: gpu_time_cuda = 0.003731
iter 47: download_copy_time_cuda = 0.000199
iter 47: upload_copy_time_cuda = 0.000206

iter 48: cpu_time_pred = 0.003049
iter 48: gpu_time_pred = 0.000822
iter 48: ratio_split_freq = 0.436065
iter 48: cpu_time_cuda = 0.003053
iter 48: gpu_time_cuda = 0.001018
iter 48: download_copy_time_cuda = 0.000194
iter 48: upload_copy_time_cuda = 0.000200

iter 49: cpu_time_pred = 0.002951
iter 49: gpu_time_pred = 0.000770
!!Border found at iter 48
iter 49: ratio_split_freq = 0.455969
iter 49: cpu_time_cuda = 0.002954
iter 49: gpu_time_cuda = 0.005283
iter 49: download_copy_time_cuda = 0.000188
iter 49: upload_copy_time_cuda = 0.000444

iter 50: cpu_time_pred = 0.002852
iter 50: gpu_time_pred = 0.000720
iter 50: ratio_split_freq = 0.477244
iter 50: cpu_time_cuda = 0.002883
iter 50: gpu_time_cuda = 0.005008
iter 50: download_copy_time_cuda = 0.000387
iter 50: upload_copy_time_cuda = 0.000426

iter 51: cpu_time_pred = 0.002754
iter 51: gpu_time_pred = 0.000671
iter 51: ratio_split_freq = 0.500040
iter 51: cpu_time_cuda = 0.002771
iter 51: gpu_time_cuda = 0.004677
iter 51: download_copy_time_cuda = 0.000370
iter 51: upload_copy_time_cuda = 0.000408

iter 52: cpu_time_pred = 0.002656
iter 52: gpu_time_pred = 0.000624
iter 52: ratio_split_freq = 0.524524
iter 52: cpu_time_cuda = 0.002710
iter 52: gpu_time_cuda = 0.004337
iter 52: download_copy_time_cuda = 0.000355
iter 52: upload_copy_time_cuda = 0.000399

iter 53: cpu_time_pred = 0.002557
iter 53: gpu_time_pred = 0.000578
iter 53: ratio_split_freq = 0.550891
iter 53: cpu_time_cuda = 0.002588
iter 53: gpu_time_cuda = 0.003989
iter 53: download_copy_time_cuda = 0.000340
iter 53: upload_copy_time_cuda = 0.000382

iter 54: cpu_time_pred = 0.002459
iter 54: gpu_time_pred = 0.000535
iter 54: ratio_split_freq = 0.579368
iter 54: cpu_time_cuda = 0.002493
iter 54: gpu_time_cuda = 0.003821
iter 54: download_copy_time_cuda = 0.000328
iter 54: upload_copy_time_cuda = 0.000365

iter 55: cpu_time_pred = 0.002361
iter 55: gpu_time_pred = 0.000493
iter 55: ratio_split_freq = 0.610218
iter 55: cpu_time_cuda = 0.002393
iter 55: gpu_time_cuda = 0.003460
iter 55: download_copy_time_cuda = 0.000316
iter 55: upload_copy_time_cuda = 0.000348

iter 56: cpu_time_pred = 0.002262
iter 56: gpu_time_pred = 0.000453
iter 56: ratio_split_freq = 0.643751
iter 56: cpu_time_cuda = 0.002299
iter 56: gpu_time_cuda = 0.003257
iter 56: download_copy_time_cuda = 0.000303
iter 56: upload_copy_time_cuda = 0.000339

iter 57: cpu_time_pred = 0.002164
iter 57: gpu_time_pred = 0.000414
iter 57: ratio_split_freq = 0.680332
iter 57: cpu_time_cuda = 0.002210
iter 57: gpu_time_cuda = 0.002892
iter 57: download_copy_time_cuda = 0.000289
iter 57: upload_copy_time_cuda = 0.000321

iter 58: cpu_time_pred = 0.002065
iter 58: gpu_time_pred = 0.000377
iter 58: ratio_split_freq = 0.720397
iter 58: cpu_time_cuda = 0.002100
iter 58: gpu_time_cuda = 0.002707
iter 58: download_copy_time_cuda = 0.000276
iter 58: upload_copy_time_cuda = 0.000311

iter 59: cpu_time_pred = 0.001967
iter 59: gpu_time_pred = 0.000342
iter 59: ratio_split_freq = 0.764468
iter 59: cpu_time_cuda = 0.001980
iter 59: gpu_time_cuda = 0.002477
iter 59: download_copy_time_cuda = 0.000265
iter 59: upload_copy_time_cuda = 0.000291

iter 60: cpu_time_pred = 0.001869
iter 60: gpu_time_pred = 0.000309
iter 60: ratio_split_freq = 0.813179
iter 60: cpu_time_cuda = 0.001885
iter 60: gpu_time_cuda = 0.002239
iter 60: download_copy_time_cuda = 0.000254
iter 60: upload_copy_time_cuda = 0.000276

iter 61: cpu_time_pred = 0.001770
iter 61: gpu_time_pred = 0.000277
iter 61: ratio_split_freq = 0.867301
iter 61: cpu_time_cuda = 0.001808
iter 61: gpu_time_cuda = 0.002019
iter 61: download_copy_time_cuda = 0.000242
iter 61: upload_copy_time_cuda = 0.000268

iter 62: cpu_time_pred = 0.001672
iter 62: gpu_time_pred = 0.000247
iter 62: ratio_split_freq = 0.927791
iter 62: cpu_time_cuda = 0.001699
iter 62: gpu_time_cuda = 0.001836
iter 62: download_copy_time_cuda = 0.000231
iter 62: upload_copy_time_cuda = 0.000249

iter 63: cpu_time_pred = 0.001574
iter 63: gpu_time_pred = 0.000219
iter 63: ratio_split_freq = 0.995843
iter 63: cpu_time_cuda = 0.001600
iter 63: gpu_time_cuda = 0.001621
iter 63: download_copy_time_cuda = 0.000218
iter 63: upload_copy_time_cuda = 0.000234

iter 64: cpu_time_pred = 0.001475
iter 64: gpu_time_pred = 0.000193
iter 64: ratio_split_freq = 1.072968
iter 64: cpu_time_cuda = 0.001522
iter 64: gpu_time_cuda = 0.001467
iter 64: download_copy_time_cuda = 0.000206
iter 64: upload_copy_time_cuda = 0.000110

iter 65: cpu_time_pred = 0.001377
iter 65: gpu_time_pred = 0.000168
!!Border found at iter 64
iter 65: ratio_split_freq = 1.161110
iter 65: cpu_time_cuda = 0.006226
iter 65: gpu_time_cuda = 0.001287
iter 65: download_copy_time_cuda = 0.000099
iter 65: upload_copy_time_cuda = 0.000108

iter 66: cpu_time_pred = 0.001279
iter 66: gpu_time_pred = 0.000145
!!Border found at iter 65
iter 66: ratio_split_freq = 1.262814
iter 66: cpu_time_cuda = 0.006089
iter 66: gpu_time_cuda = 0.001153
iter 66: download_copy_time_cuda = 0.000097
iter 66: upload_copy_time_cuda = 0.000100

iter 67: cpu_time_pred = 0.001180
iter 67: gpu_time_pred = 0.000123
!!Border found at iter 66
iter 67: ratio_split_freq = 1.381467
iter 67: cpu_time_cuda = 0.006105
iter 67: gpu_time_cuda = 0.000933
iter 67: download_copy_time_cuda = 0.000091
iter 67: upload_copy_time_cuda = 0.000095

iter 68: cpu_time_pred = 0.001082
iter 68: gpu_time_pred = 0.000104
!!Border found at iter 67
iter 68: ratio_split_freq = 1.521694
iter 68: cpu_time_cuda = 0.005936
iter 68: gpu_time_cuda = 0.000877
iter 68: download_copy_time_cuda = 0.000087
iter 68: upload_copy_time_cuda = 0.000091

iter 69: cpu_time_pred = 0.000984
iter 69: gpu_time_pred = 0.000086
!!Border found at iter 68
iter 69: ratio_split_freq = 1.689967
iter 69: cpu_time_cuda = 0.005848
iter 69: gpu_time_cuda = 0.000758
iter 69: download_copy_time_cuda = 0.000082
iter 69: upload_copy_time_cuda = 0.000087

iter 70: cpu_time_pred = 0.000885
iter 70: gpu_time_pred = 0.000069
!!Border found at iter 69
iter 70: ratio_split_freq = 1.895633
iter 70: cpu_time_cuda = 0.005781
iter 70: gpu_time_cuda = 0.000620
iter 70: download_copy_time_cuda = 0.000076
iter 70: upload_copy_time_cuda = 0.000081

iter 71: cpu_time_pred = 0.000787
iter 71: gpu_time_pred = 0.000055
!!Border found at iter 70
iter 71: ratio_split_freq = 2.152716
iter 71: cpu_time_cuda = 0.011780
iter 71: gpu_time_cuda = 0.000536
iter 71: download_copy_time_cuda = 0.000071
iter 71: upload_copy_time_cuda = 0.000075

iter 72: cpu_time_pred = 0.000688
iter 72: gpu_time_pred = 0.000042
!!Border found at iter 71
iter 72: ratio_split_freq = 2.483251
iter 72: cpu_time_cuda = 0.005547
iter 72: gpu_time_cuda = 0.000463
iter 72: download_copy_time_cuda = 0.000065
iter 72: upload_copy_time_cuda = 0.000065

iter 73: cpu_time_pred = 0.000590
iter 73: gpu_time_pred = 0.000031
!!Border found at iter 72
iter 73: ratio_split_freq = 2.923965
iter 73: cpu_time_cuda = 0.005557
iter 73: gpu_time_cuda = 0.000283
iter 73: download_copy_time_cuda = 0.000058
iter 73: upload_copy_time_cuda = 0.000063

iter 74: cpu_time_pred = 0.000492
iter 74: gpu_time_pred = 0.000021
!!Border found at iter 73
iter 74: ratio_split_freq = 3.540964
iter 74: cpu_time_cuda = 0.005368
iter 74: gpu_time_cuda = 0.000232
iter 74: download_copy_time_cuda = 0.000055
iter 74: upload_copy_time_cuda = 0.000057

iter 75: cpu_time_pred = 0.000393
iter 75: gpu_time_pred = 0.000014
!!Border found at iter 74
iter 75: ratio_split_freq = 4.466463
iter 75: cpu_time_cuda = 0.005276
iter 75: gpu_time_cuda = 0.000185
iter 75: download_copy_time_cuda = 0.000051
iter 75: upload_copy_time_cuda = 0.000052

iter 76: cpu_time_pred = 0.000295
iter 76: gpu_time_pred = 0.000008
!!Border found at iter 75
iter 76: ratio_split_freq = 6.008961
iter 76: cpu_time_cuda = 0.005188
iter 76: gpu_time_cuda = 0.000157
iter 76: download_copy_time_cuda = 0.000046
iter 76: upload_copy_time_cuda = 0.000048

iter 77: cpu_time_pred = 0.000197
iter 77: gpu_time_pred = 0.000003
!!Border found at iter 76
iter 77: ratio_split_freq = 9.093956
iter 77: cpu_time_cuda = 0.005113
iter 77: gpu_time_cuda = 0.000140
iter 77: download_copy_time_cuda = 0.000041
iter 77: upload_copy_time_cuda = 0.000044

iter 78: cpu_time_pred = 0.000098
iter 78: gpu_time_pred = 0.000001
!!Border found at iter 77
iter 78: ratio_split_freq = 18.348943
iter 78: cpu_time_cuda = 0.000274
iter 78: gpu_time_cuda = 0.000139
iter 78: download_copy_time_cuda = 0.000039
iter 78: upload_copy_time_cuda = 0.000040

iter 79: cpu_time_pred = 0.000000
iter 79: gpu_time_pred = 0.000000
!!Border found at iter 78
iter 79: ratio_split_freq = -nan
iter 79: cpu_time_cuda = 0.000164
iter 79: gpu_time_cuda = 0.000003
iter 79: download_copy_time_cuda = 0.000037
iter 79: upload_copy_time_cuda = 0.000069

total_cpu_time_cuda = 0.371757
total_gpu_time_cuda = 0.352490
total_copy_time_cuda = 0.044236
main_loop_time_cuda = 1.150020
Normalized difference of predicted CPU runtime per iteration is: -16.108381%
Normalized difference of predicted GPU runtime per iteration is: -68.222212%
Normalized difference of predicted slack per iteration is: -422.836194%
 5120  5120     ---   (  ---  )     69.71 (   1.28)     ---   
total_time = 2.131403
1.61user 0.80system 0:03.39elapsed 71%CPU (0avgtext+0avgdata 358792maxresident)k
4512inputs+0outputs (1major+71720minor)pagefaults 0swaps
send out message: 22 3 log
