send out message: 24 37 /home/lchen/MAGMA/magma-1.3.0/results
send out message: 20 26 MAGMA_LU_GPUDVFS.total.pwr
MAGMA 1.3.0
device 0: Tesla K20c, 705.5 MHz clock, 4799.6 MB memory, capability 3.5

Usage: /home/lchen/MAGMA/magma-1.3.0/testing/testing_dgetrf -N <m,n> -c -c2 -l
  -N  can be repeated up to 10 times. If only m is given, then m=n.
  -c  or setting $MAGMA_TESTINGS_CHECK checks result, PA - LU.
  -c2 for square matrices, solves one RHS and checks residual, Ax - b.
  -l  or setting $MAGMA_RUN_LAPACK runs LAPACK.

    M     N   CPU GFlop/s (sec)   GPU GFlop/s (sec)   |PA-LU|/(N*|A|)
=========================================================================
init_time = 13.600978
iter 0: cpu_time_cuda = 0.000000
iter 0: gpu_time_cuda = 0.000000
iter 0: download_copy_time_cuda = 0.000000
iter 0: upload_copy_time_cuda = 0.002028

iter 1: cpu_time_cuda = 0.059775
iter 1: gpu_time_cuda = 0.083915
iter 1: download_copy_time_cuda = 0.001877
iter 1: upload_copy_time_cuda = 0.002045

iter 2: cpu_time_pred = 0.059587
iter 2: gpu_time_pred = 0.083388
iter 2: cpu_time_cuda = 0.053892
iter 2: gpu_time_cuda = 0.083734
iter 2: download_copy_time_cuda = 0.001894
iter 2: upload_copy_time_cuda = 0.002026

iter 3: cpu_time_pred = 0.059399
iter 3: gpu_time_pred = 0.082862
iter 3: cpu_time_cuda = 0.067556
iter 3: gpu_time_cuda = 0.083165
iter 3: download_copy_time_cuda = 0.001870
iter 3: upload_copy_time_cuda = 0.002016

iter 4: cpu_time_pred = 0.059211
iter 4: gpu_time_pred = 0.082339
iter 4: cpu_time_cuda = 0.054573
iter 4: gpu_time_cuda = 0.082703
iter 4: download_copy_time_cuda = 0.001877
iter 4: upload_copy_time_cuda = 0.002023

iter 5: cpu_time_pred = 0.059023
iter 5: gpu_time_pred = 0.081817
iter 5: cpu_time_cuda = 0.052627
iter 5: gpu_time_cuda = 0.081723
iter 5: download_copy_time_cuda = 0.001857
iter 5: upload_copy_time_cuda = 0.002005

iter 6: cpu_time_pred = 0.058835
iter 6: gpu_time_pred = 0.081297
iter 6: cpu_time_cuda = 0.066979
iter 6: gpu_time_cuda = 0.081713
iter 6: download_copy_time_cuda = 0.001855
iter 6: upload_copy_time_cuda = 0.002001

iter 7: cpu_time_pred = 0.058647
iter 7: gpu_time_pred = 0.080778
iter 7: cpu_time_cuda = 0.059733
iter 7: gpu_time_cuda = 0.080828
iter 7: download_copy_time_cuda = 0.001856
iter 7: upload_copy_time_cuda = 0.001977

iter 8: cpu_time_pred = 0.058459
iter 8: gpu_time_pred = 0.080261
iter 8: cpu_time_cuda = 0.052033
iter 8: gpu_time_cuda = 0.080981
iter 8: download_copy_time_cuda = 0.001843
iter 8: upload_copy_time_cuda = 0.001986

iter 9: cpu_time_pred = 0.058271
iter 9: gpu_time_pred = 0.079746
iter 9: cpu_time_cuda = 0.060215
iter 9: gpu_time_cuda = 0.080110
iter 9: download_copy_time_cuda = 0.001839
iter 9: upload_copy_time_cuda = 0.001973

iter 10: cpu_time_pred = 0.058083
iter 10: gpu_time_pred = 0.079232
iter 10: cpu_time_cuda = 0.065789
iter 10: gpu_time_cuda = 0.079546
iter 10: download_copy_time_cuda = 0.001831
iter 10: upload_copy_time_cuda = 0.001979

iter 11: cpu_time_pred = 0.057895
iter 11: gpu_time_pred = 0.078720
iter 11: cpu_time_cuda = 0.051378
iter 11: gpu_time_cuda = 0.078851
iter 11: download_copy_time_cuda = 0.001825
iter 11: upload_copy_time_cuda = 0.001964

iter 12: cpu_time_pred = 0.057707
iter 12: gpu_time_pred = 0.078210
iter 12: cpu_time_cuda = 0.051352
iter 12: gpu_time_cuda = 0.078382
iter 12: download_copy_time_cuda = 0.001830
iter 12: upload_copy_time_cuda = 0.001971

iter 13: cpu_time_pred = 0.057519
iter 13: gpu_time_pred = 0.077701
iter 13: cpu_time_cuda = 0.065575
iter 13: gpu_time_cuda = 0.077262
iter 13: download_copy_time_cuda = 0.001811
iter 13: upload_copy_time_cuda = 0.001961

iter 14: cpu_time_pred = 0.057331
iter 14: gpu_time_pred = 0.077194
iter 14: cpu_time_cuda = 0.062064
iter 14: gpu_time_cuda = 0.077765
iter 14: download_copy_time_cuda = 0.001823
iter 14: upload_copy_time_cuda = 0.001933

iter 15: cpu_time_pred = 0.057143
iter 15: gpu_time_pred = 0.076689
iter 15: cpu_time_cuda = 0.050581
iter 15: gpu_time_cuda = 0.076567
iter 15: download_copy_time_cuda = 0.001787
iter 15: upload_copy_time_cuda = 0.001941

iter 16: cpu_time_pred = 0.056955
iter 16: gpu_time_pred = 0.076185
iter 16: cpu_time_cuda = 0.050436
iter 16: gpu_time_cuda = 0.076535
iter 16: download_copy_time_cuda = 0.001797
iter 16: upload_copy_time_cuda = 0.001936

iter 17: cpu_time_pred = 0.056767
iter 17: gpu_time_pred = 0.075683
iter 17: cpu_time_cuda = 0.064696
iter 17: gpu_time_cuda = 0.075691
iter 17: download_copy_time_cuda = 0.001797
iter 17: upload_copy_time_cuda = 0.001938

iter 18: cpu_time_pred = 0.056579
iter 18: gpu_time_pred = 0.075182
iter 18: cpu_time_cuda = 0.063644
iter 18: gpu_time_cuda = 0.075176
iter 18: download_copy_time_cuda = 0.001781
iter 18: upload_copy_time_cuda = 0.001908

iter 19: cpu_time_pred = 0.056391
iter 19: gpu_time_pred = 0.074684
iter 19: cpu_time_cuda = 0.049621
iter 19: gpu_time_cuda = 0.074524
iter 19: download_copy_time_cuda = 0.001765
iter 19: upload_copy_time_cuda = 0.001915

iter 20: cpu_time_pred = 0.056203
iter 20: gpu_time_pred = 0.074187
iter 20: cpu_time_cuda = 0.049459
iter 20: gpu_time_cuda = 0.075210
iter 20: download_copy_time_cuda = 0.001772
iter 20: upload_copy_time_cuda = 0.001908

iter 21: cpu_time_pred = 0.056016
iter 21: gpu_time_pred = 0.073691
iter 21: cpu_time_cuda = 0.056281
iter 21: gpu_time_cuda = 0.073595
iter 21: download_copy_time_cuda = 0.001761
iter 21: upload_copy_time_cuda = 0.001906

iter 22: cpu_time_pred = 0.055828
iter 22: gpu_time_pred = 0.073197
iter 22: cpu_time_cuda = 0.063418
iter 22: gpu_time_cuda = 0.073576
iter 22: download_copy_time_cuda = 0.001762
iter 22: upload_copy_time_cuda = 0.001899

iter 23: cpu_time_pred = 0.055640
iter 23: gpu_time_pred = 0.072705
iter 23: cpu_time_cuda = 0.057273
iter 23: gpu_time_cuda = 0.073093
iter 23: download_copy_time_cuda = 0.001773
iter 23: upload_copy_time_cuda = 0.001879

iter 24: cpu_time_pred = 0.055452
iter 24: gpu_time_pred = 0.072215
iter 24: cpu_time_cuda = 0.048583
iter 24: gpu_time_cuda = 0.072256
iter 24: download_copy_time_cuda = 0.001746
iter 24: upload_copy_time_cuda = 0.001885

iter 25: cpu_time_pred = 0.055264
iter 25: gpu_time_pred = 0.071726
iter 25: cpu_time_cuda = 0.048224
iter 25: gpu_time_cuda = 0.071730
iter 25: download_copy_time_cuda = 0.001741
iter 25: upload_copy_time_cuda = 0.001881

iter 26: cpu_time_pred = 0.055076
iter 26: gpu_time_pred = 0.071239
iter 26: cpu_time_cuda = 0.047909
iter 26: gpu_time_cuda = 0.071762
iter 26: download_copy_time_cuda = 0.001743
iter 26: upload_copy_time_cuda = 0.001871

iter 27: cpu_time_pred = 0.054888
iter 27: gpu_time_pred = 0.070754
iter 27: cpu_time_cuda = 0.062457
iter 27: gpu_time_cuda = 0.070523
iter 27: download_copy_time_cuda = 0.001739
iter 27: upload_copy_time_cuda = 0.001867

iter 28: cpu_time_pred = 0.054700
iter 28: gpu_time_pred = 0.070270
iter 28: cpu_time_cuda = 0.062156
iter 28: gpu_time_cuda = 0.070841
iter 28: download_copy_time_cuda = 0.001733
iter 28: upload_copy_time_cuda = 0.001869

iter 29: cpu_time_pred = 0.054512
iter 29: gpu_time_pred = 0.069788
iter 29: cpu_time_cuda = 0.053804
iter 29: gpu_time_cuda = 0.069859
iter 29: download_copy_time_cuda = 0.001718
iter 29: upload_copy_time_cuda = 0.001859

iter 30: cpu_time_pred = 0.054324
iter 30: gpu_time_pred = 0.069307
iter 30: cpu_time_cuda = 0.047383
iter 30: gpu_time_cuda = 0.069643
iter 30: download_copy_time_cuda = 0.001711
iter 30: upload_copy_time_cuda = 0.001860

iter 31: cpu_time_pred = 0.054136
iter 31: gpu_time_pred = 0.068828
iter 31: cpu_time_cuda = 0.047220
iter 31: gpu_time_cuda = 0.068984
iter 31: download_copy_time_cuda = 0.001706
iter 31: upload_copy_time_cuda = 0.001843

iter 32: cpu_time_pred = 0.053948
iter 32: gpu_time_pred = 0.068351
iter 32: cpu_time_cuda = 0.046847
iter 32: gpu_time_cuda = 0.068819
iter 32: download_copy_time_cuda = 0.001703
iter 32: upload_copy_time_cuda = 0.001837

iter 33: cpu_time_pred = 0.053760
iter 33: gpu_time_pred = 0.067876
iter 33: cpu_time_cuda = 0.046578
iter 33: gpu_time_cuda = 0.067615
iter 33: download_copy_time_cuda = 0.001720
iter 33: upload_copy_time_cuda = 0.001831

iter 34: cpu_time_pred = 0.053572
iter 34: gpu_time_pred = 0.067402
iter 34: cpu_time_cuda = 0.050519
iter 34: gpu_time_cuda = 0.067996
iter 34: download_copy_time_cuda = 0.001699
iter 34: upload_copy_time_cuda = 0.001824

iter 35: cpu_time_pred = 0.053384
iter 35: gpu_time_pred = 0.066930
iter 35: cpu_time_cuda = 0.060805
iter 35: gpu_time_cuda = 0.066770
iter 35: download_copy_time_cuda = 0.001693
iter 35: upload_copy_time_cuda = 0.001811

iter 36: cpu_time_pred = 0.053196
iter 36: gpu_time_pred = 0.066459
iter 36: cpu_time_cuda = 0.060530
iter 36: gpu_time_cuda = 0.066811
iter 36: download_copy_time_cuda = 0.001681
iter 36: upload_copy_time_cuda = 0.001811

iter 37: cpu_time_pred = 0.053008
iter 37: gpu_time_pred = 0.065991
iter 37: cpu_time_cuda = 0.055833
iter 37: gpu_time_cuda = 0.065912
iter 37: download_copy_time_cuda = 0.001672
iter 37: upload_copy_time_cuda = 0.001789

iter 38: cpu_time_pred = 0.052820
iter 38: gpu_time_pred = 0.065523
iter 38: cpu_time_cuda = 0.047502
iter 38: gpu_time_cuda = 0.065727
iter 38: download_copy_time_cuda = 0.001658
iter 38: upload_copy_time_cuda = 0.001804

iter 39: cpu_time_pred = 0.052632
iter 39: gpu_time_pred = 0.065058
iter 39: cpu_time_cuda = 0.045559
iter 39: gpu_time_cuda = 0.064951
iter 39: download_copy_time_cuda = 0.001663
iter 39: upload_copy_time_cuda = 0.001800

iter 40: cpu_time_pred = 0.052444
iter 40: gpu_time_pred = 0.064594
iter 40: cpu_time_cuda = 0.045182
iter 40: gpu_time_cuda = 0.064701
iter 40: download_copy_time_cuda = 0.001664
iter 40: upload_copy_time_cuda = 0.001793

iter 41: cpu_time_pred = 0.052256
iter 41: gpu_time_pred = 0.064132
iter 41: cpu_time_cuda = 0.044939
iter 41: gpu_time_cuda = 0.064792
iter 41: download_copy_time_cuda = 0.001660
iter 41: upload_copy_time_cuda = 0.001778

iter 42: cpu_time_pred = 0.052068
iter 42: gpu_time_pred = 0.063671
iter 42: cpu_time_cuda = 0.044741
iter 42: gpu_time_cuda = 0.064224
iter 42: download_copy_time_cuda = 0.001646
iter 42: upload_copy_time_cuda = 0.001783

iter 43: cpu_time_pred = 0.051880
iter 43: gpu_time_pred = 0.063212
iter 43: cpu_time_cuda = 0.044657
iter 43: gpu_time_cuda = 0.063066
iter 43: download_copy_time_cuda = 0.001641
iter 43: upload_copy_time_cuda = 0.001769

iter 44: cpu_time_pred = 0.051692
iter 44: gpu_time_pred = 0.062755
iter 44: cpu_time_cuda = 0.044510
iter 44: gpu_time_cuda = 0.062902
iter 44: download_copy_time_cuda = 0.001632
iter 44: upload_copy_time_cuda = 0.001773

iter 45: cpu_time_pred = 0.051504
iter 45: gpu_time_pred = 0.062299
iter 45: cpu_time_cuda = 0.044049
iter 45: gpu_time_cuda = 0.062207
iter 45: download_copy_time_cuda = 0.001635
iter 45: upload_copy_time_cuda = 0.001753

iter 46: cpu_time_pred = 0.051316
iter 46: gpu_time_pred = 0.061846
iter 46: cpu_time_cuda = 0.043953
iter 46: gpu_time_cuda = 0.062240
iter 46: download_copy_time_cuda = 0.001630
iter 46: upload_copy_time_cuda = 0.001757

iter 47: cpu_time_pred = 0.051128
iter 47: gpu_time_pred = 0.061393
iter 47: cpu_time_cuda = 0.043667
iter 47: gpu_time_cuda = 0.062222
iter 47: download_copy_time_cuda = 0.001614
iter 47: upload_copy_time_cuda = 0.001738

iter 48: cpu_time_pred = 0.050940
iter 48: gpu_time_pred = 0.060943
iter 48: cpu_time_cuda = 0.043484
iter 48: gpu_time_cuda = 0.061419
iter 48: download_copy_time_cuda = 0.001619
iter 48: upload_copy_time_cuda = 0.001743

iter 49: cpu_time_pred = 0.050752
iter 49: gpu_time_pred = 0.060494
iter 49: cpu_time_cuda = 0.043282
iter 49: gpu_time_cuda = 0.060964
iter 49: download_copy_time_cuda = 0.001604
iter 49: upload_copy_time_cuda = 0.001731

iter 50: cpu_time_pred = 0.050564
iter 50: gpu_time_pred = 0.060047
iter 50: cpu_time_cuda = 0.043189
iter 50: gpu_time_cuda = 0.060035
iter 50: download_copy_time_cuda = 0.001597
iter 50: upload_copy_time_cuda = 0.001727

iter 51: cpu_time_pred = 0.050376
iter 51: gpu_time_pred = 0.059601
iter 51: cpu_time_cuda = 0.042918
iter 51: gpu_time_cuda = 0.059579
iter 51: download_copy_time_cuda = 0.001601
iter 51: upload_copy_time_cuda = 0.001709

iter 52: cpu_time_pred = 0.050188
iter 52: gpu_time_pred = 0.059157
iter 52: cpu_time_cuda = 0.042876
iter 52: gpu_time_cuda = 0.059596
iter 52: download_copy_time_cuda = 0.001604
iter 52: upload_copy_time_cuda = 0.001715

iter 53: cpu_time_pred = 0.050000
iter 53: gpu_time_pred = 0.058715
iter 53: cpu_time_cuda = 0.044516
iter 53: gpu_time_cuda = 0.059017
iter 53: download_copy_time_cuda = 0.001576
iter 53: upload_copy_time_cuda = 0.001713

iter 54: cpu_time_pred = 0.049812
iter 54: gpu_time_pred = 0.058274
iter 54: cpu_time_cuda = 0.045983
iter 54: gpu_time_cuda = 0.058937
iter 54: download_copy_time_cuda = 0.001573
iter 54: upload_copy_time_cuda = 0.001685

iter 55: cpu_time_pred = 0.049624
iter 55: gpu_time_pred = 0.057835
iter 55: cpu_time_cuda = 0.047027
iter 55: gpu_time_cuda = 0.058443
iter 55: download_copy_time_cuda = 0.001571
iter 55: upload_copy_time_cuda = 0.001686

iter 56: cpu_time_pred = 0.049437
iter 56: gpu_time_pred = 0.057398
iter 56: cpu_time_cuda = 0.048267
iter 56: gpu_time_cuda = 0.057738
iter 56: download_copy_time_cuda = 0.001571
iter 56: upload_copy_time_cuda = 0.001675

iter 57: cpu_time_pred = 0.049249
iter 57: gpu_time_pred = 0.056962
iter 57: cpu_time_cuda = 0.049297
iter 57: gpu_time_cuda = 0.056960
iter 57: download_copy_time_cuda = 0.001556
iter 57: upload_copy_time_cuda = 0.001666

iter 58: cpu_time_pred = 0.049061
iter 58: gpu_time_pred = 0.056528
iter 58: cpu_time_cuda = 0.049782
iter 58: gpu_time_cuda = 0.056966
iter 58: download_copy_time_cuda = 0.001552
iter 58: upload_copy_time_cuda = 0.001659

iter 59: cpu_time_pred = 0.048873
iter 59: gpu_time_pred = 0.056096
iter 59: cpu_time_cuda = 0.050666
iter 59: gpu_time_cuda = 0.055928
iter 59: download_copy_time_cuda = 0.001545
iter 59: upload_copy_time_cuda = 0.001651

iter 60: cpu_time_pred = 0.048685
iter 60: gpu_time_pred = 0.055665
iter 60: cpu_time_cuda = 0.050267
iter 60: gpu_time_cuda = 0.056558
iter 60: download_copy_time_cuda = 0.001537
iter 60: upload_copy_time_cuda = 0.001641

iter 61: cpu_time_pred = 0.048497
iter 61: gpu_time_pred = 0.055236
iter 61: cpu_time_cuda = 0.050910
iter 61: gpu_time_cuda = 0.055394
iter 61: download_copy_time_cuda = 0.001546
iter 61: upload_copy_time_cuda = 0.001638

iter 62: cpu_time_pred = 0.048309
iter 62: gpu_time_pred = 0.054809
iter 62: cpu_time_cuda = 0.051122
iter 62: gpu_time_cuda = 0.055194
iter 62: download_copy_time_cuda = 0.001518
iter 62: upload_copy_time_cuda = 0.001635

iter 63: cpu_time_pred = 0.048121
iter 63: gpu_time_pred = 0.054383
iter 63: cpu_time_cuda = 0.051686
iter 63: gpu_time_cuda = 0.054263
iter 63: download_copy_time_cuda = 0.001508
iter 63: upload_copy_time_cuda = 0.001629

iter 64: cpu_time_pred = 0.047933
iter 64: gpu_time_pred = 0.053959
iter 64: cpu_time_cuda = 0.051856
iter 64: gpu_time_cuda = 0.054492
iter 64: download_copy_time_cuda = 0.001503
iter 64: upload_copy_time_cuda = 0.001616

iter 65: cpu_time_pred = 0.047745
iter 65: gpu_time_pred = 0.053537
iter 65: cpu_time_cuda = 0.052406
iter 65: gpu_time_cuda = 0.053582
iter 65: download_copy_time_cuda = 0.001498
iter 65: upload_copy_time_cuda = 0.001612

iter 66: cpu_time_pred = 0.047557
iter 66: gpu_time_pred = 0.053116
iter 66: cpu_time_cuda = 0.052947
iter 66: gpu_time_cuda = 0.053682
iter 66: download_copy_time_cuda = 0.001492
iter 66: upload_copy_time_cuda = 0.001606

iter 67: cpu_time_pred = 0.047369
iter 67: gpu_time_pred = 0.052697
iter 67: cpu_time_cuda = 0.053262
iter 67: gpu_time_cuda = 0.053006
iter 67: download_copy_time_cuda = 0.001486
iter 67: upload_copy_time_cuda = 0.001600

iter 68: cpu_time_pred = 0.047181
iter 68: gpu_time_pred = 0.052279
!!Border found at iter 67
iter 68: cpu_time_cuda = 0.053523
iter 68: gpu_time_cuda = 0.053016
iter 68: download_copy_time_cuda = 0.001480
iter 68: upload_copy_time_cuda = 0.001591

iter 69: cpu_time_pred = 0.046993
iter 69: gpu_time_pred = 0.051864
!!Border found at iter 68
iter 69: cpu_time_cuda = 0.056846
iter 69: gpu_time_cuda = 0.051923
iter 69: download_copy_time_cuda = 0.001476
iter 69: upload_copy_time_cuda = 0.001595

iter 70: cpu_time_pred = 0.046805
iter 70: gpu_time_pred = 0.051450
!!Border found at iter 69
iter 70: cpu_time_cuda = 0.049293
iter 70: gpu_time_cuda = 0.051872
iter 70: download_copy_time_cuda = 0.001471
iter 70: upload_copy_time_cuda = 0.001593

iter 71: cpu_time_pred = 0.046617
iter 71: gpu_time_pred = 0.051037
iter 71: cpu_time_cuda = 0.049246
iter 71: gpu_time_cuda = 0.051101
iter 71: download_copy_time_cuda = 0.001477
iter 71: upload_copy_time_cuda = 0.001591

iter 72: cpu_time_pred = 0.046429
iter 72: gpu_time_pred = 0.050626
iter 72: cpu_time_cuda = 0.048866
iter 72: gpu_time_cuda = 0.051273
iter 72: download_copy_time_cuda = 0.001751
iter 72: upload_copy_time_cuda = 0.001586

iter 73: cpu_time_pred = 0.046241
iter 73: gpu_time_pred = 0.050217
iter 73: cpu_time_cuda = 0.048752
iter 73: gpu_time_cuda = 0.050808
iter 73: download_copy_time_cuda = 0.001464
iter 73: upload_copy_time_cuda = 0.001581

iter 74: cpu_time_pred = 0.046053
iter 74: gpu_time_pred = 0.049810
iter 74: cpu_time_cuda = 0.048467
iter 74: gpu_time_cuda = 0.050194
iter 74: download_copy_time_cuda = 0.001747
iter 74: upload_copy_time_cuda = 0.001574

iter 75: cpu_time_pred = 0.045865
iter 75: gpu_time_pred = 0.049404
iter 75: cpu_time_cuda = 0.048355
iter 75: gpu_time_cuda = 0.049845
iter 75: download_copy_time_cuda = 0.001453
iter 75: upload_copy_time_cuda = 0.001574

iter 76: cpu_time_pred = 0.045677
iter 76: gpu_time_pred = 0.049000
iter 76: cpu_time_cuda = 0.048084
iter 76: gpu_time_cuda = 0.049627
iter 76: download_copy_time_cuda = 0.001453
iter 76: upload_copy_time_cuda = 0.001560

iter 77: cpu_time_pred = 0.045489
iter 77: gpu_time_pred = 0.048598
iter 77: cpu_time_cuda = 0.040193
iter 77: gpu_time_cuda = 0.048690
iter 77: download_copy_time_cuda = 0.001441
iter 77: upload_copy_time_cuda = 0.001552

iter 78: cpu_time_pred = 0.045301
iter 78: gpu_time_pred = 0.048197
iter 78: cpu_time_cuda = 0.035263
iter 78: gpu_time_cuda = 0.048999
iter 78: download_copy_time_cuda = 0.001443
iter 78: upload_copy_time_cuda = 0.001550

iter 79: cpu_time_pred = 0.045113
iter 79: gpu_time_pred = 0.047798
iter 79: cpu_time_cuda = 0.042416
iter 79: gpu_time_cuda = 0.047873
iter 79: download_copy_time_cuda = 0.001462
iter 79: upload_copy_time_cuda = 0.001535

iter 80: cpu_time_pred = 0.044925
iter 80: gpu_time_pred = 0.047400
iter 80: cpu_time_cuda = 0.047315
iter 80: gpu_time_cuda = 0.047820
iter 80: download_copy_time_cuda = 0.001421
iter 80: upload_copy_time_cuda = 0.001538

iter 81: cpu_time_pred = 0.044737
iter 81: gpu_time_pred = 0.047004
iter 81: cpu_time_cuda = 0.047229
iter 81: gpu_time_cuda = 0.047410
iter 81: download_copy_time_cuda = 0.001419
iter 81: upload_copy_time_cuda = 0.001525

iter 82: cpu_time_pred = 0.044549
iter 82: gpu_time_pred = 0.046610
iter 82: cpu_time_cuda = 0.046893
iter 82: gpu_time_cuda = 0.046884
iter 82: download_copy_time_cuda = 0.001410
iter 82: upload_copy_time_cuda = 0.001525

iter 83: cpu_time_pred = 0.044361
iter 83: gpu_time_pred = 0.046218
!!Border found at iter 82
iter 83: cpu_time_cuda = 0.046850
iter 83: gpu_time_cuda = 0.046064
iter 83: download_copy_time_cuda = 0.001407
iter 83: upload_copy_time_cuda = 0.001515

iter 84: cpu_time_pred = 0.044173
iter 84: gpu_time_pred = 0.045827
!!Border found at iter 83
iter 84: cpu_time_cuda = 0.039165
iter 84: gpu_time_cuda = 0.046250
iter 84: download_copy_time_cuda = 0.001400
iter 84: upload_copy_time_cuda = 0.001513

iter 85: cpu_time_pred = 0.043985
iter 85: gpu_time_pred = 0.045438
iter 85: cpu_time_cuda = 0.034073
iter 85: gpu_time_cuda = 0.045638
iter 85: download_copy_time_cuda = 0.001393
iter 85: upload_copy_time_cuda = 0.001506

iter 86: cpu_time_pred = 0.043797
iter 86: gpu_time_pred = 0.045050
iter 86: cpu_time_cuda = 0.045387
iter 86: gpu_time_cuda = 0.045652
iter 86: download_copy_time_cuda = 0.001390
iter 86: upload_copy_time_cuda = 0.001489

iter 87: cpu_time_pred = 0.043609
iter 87: gpu_time_pred = 0.044664
iter 87: cpu_time_cuda = 0.045902
iter 87: gpu_time_cuda = 0.045380
iter 87: download_copy_time_cuda = 0.001371
iter 87: upload_copy_time_cuda = 0.001492

iter 88: cpu_time_pred = 0.043421
iter 88: gpu_time_pred = 0.044280
!!Border found at iter 87
iter 88: cpu_time_cuda = 0.049949
iter 88: gpu_time_cuda = 0.044860
iter 88: download_copy_time_cuda = 0.001376
iter 88: upload_copy_time_cuda = 0.001495

iter 89: cpu_time_pred = 0.043233
iter 89: gpu_time_pred = 0.043897
!!Border found at iter 88
iter 89: cpu_time_cuda = 0.042253
iter 89: gpu_time_cuda = 0.043747
iter 89: download_copy_time_cuda = 0.001374
iter 89: upload_copy_time_cuda = 0.001479

iter 90: cpu_time_pred = 0.043045
iter 90: gpu_time_pred = 0.043517
iter 90: cpu_time_cuda = 0.032399
iter 90: gpu_time_cuda = 0.043709
iter 90: download_copy_time_cuda = 0.001405
iter 90: upload_copy_time_cuda = 0.001467

iter 91: cpu_time_pred = 0.042858
iter 91: gpu_time_pred = 0.043137
iter 91: cpu_time_cuda = 0.036754
iter 91: gpu_time_cuda = 0.043148
iter 91: download_copy_time_cuda = 0.001366
iter 91: upload_copy_time_cuda = 0.001448

iter 92: cpu_time_pred = 0.042670
iter 92: gpu_time_pred = 0.042760
iter 92: cpu_time_cuda = 0.041818
iter 92: gpu_time_cuda = 0.043781
iter 92: download_copy_time_cuda = 0.001353
iter 92: upload_copy_time_cuda = 0.001456

iter 93: cpu_time_pred = 0.042482
iter 93: gpu_time_pred = 0.042384
iter 93: cpu_time_cuda = 0.041672
iter 93: gpu_time_cuda = 0.042657
iter 93: download_copy_time_cuda = 0.001352
iter 93: upload_copy_time_cuda = 0.001448

iter 94: cpu_time_pred = 0.042294
iter 94: gpu_time_pred = 0.042010
iter 94: cpu_time_cuda = 0.038540
iter 94: gpu_time_cuda = 0.042570
iter 94: download_copy_time_cuda = 0.001341
iter 94: upload_copy_time_cuda = 0.001446

iter 95: cpu_time_pred = 0.042106
iter 95: gpu_time_pred = 0.041637
iter 95: cpu_time_cuda = 0.030593
iter 95: gpu_time_cuda = 0.042192
iter 95: download_copy_time_cuda = 0.001333
iter 95: upload_copy_time_cuda = 0.001443

iter 96: cpu_time_pred = 0.041918
iter 96: gpu_time_pred = 0.041266
iter 96: cpu_time_cuda = 0.041350
iter 96: gpu_time_cuda = 0.041430
iter 96: download_copy_time_cuda = 0.001325
iter 96: upload_copy_time_cuda = 0.001428

iter 97: cpu_time_pred = 0.041730
iter 97: gpu_time_pred = 0.040897
iter 97: cpu_time_cuda = 0.040828
iter 97: gpu_time_cuda = 0.040896
iter 97: download_copy_time_cuda = 0.001319
iter 97: upload_copy_time_cuda = 0.001427

iter 98: cpu_time_pred = 0.041542
iter 98: gpu_time_pred = 0.040529
iter 98: cpu_time_cuda = 0.037848
iter 98: gpu_time_cuda = 0.040848
iter 98: download_copy_time_cuda = 0.001315
iter 98: upload_copy_time_cuda = 0.001430

iter 99: cpu_time_pred = 0.041354
iter 99: gpu_time_pred = 0.040163
iter 99: cpu_time_cuda = 0.031089
iter 99: gpu_time_cuda = 0.040490
iter 99: download_copy_time_cuda = 0.001316
iter 99: upload_copy_time_cuda = 0.001422

iter 100: cpu_time_pred = 0.041166
iter 100: gpu_time_pred = 0.039799
iter 100: cpu_time_cuda = 0.040352
iter 100: gpu_time_cuda = 0.040276
iter 100: download_copy_time_cuda = 0.001304
iter 100: upload_copy_time_cuda = 0.001409

iter 101: cpu_time_pred = 0.040978
iter 101: gpu_time_pred = 0.039436
!!Border found at iter 100
iter 101: cpu_time_cuda = 0.040057
iter 101: gpu_time_cuda = 0.039889
iter 101: download_copy_time_cuda = 0.001297
iter 101: upload_copy_time_cuda = 0.001402

iter 102: cpu_time_pred = 0.040790
iter 102: gpu_time_pred = 0.039075
!!Border found at iter 101
iter 102: cpu_time_cuda = 0.030830
iter 102: gpu_time_cuda = 0.039548
iter 102: download_copy_time_cuda = 0.001291
iter 102: upload_copy_time_cuda = 0.001391

iter 103: cpu_time_pred = 0.040602
iter 103: gpu_time_pred = 0.038716
iter 103: cpu_time_cuda = 0.040923
iter 103: gpu_time_cuda = 0.038616
iter 103: download_copy_time_cuda = 0.001285
iter 103: upload_copy_time_cuda = 0.001383

iter 104: cpu_time_pred = 0.040414
iter 104: gpu_time_pred = 0.038358
!!Border found at iter 103
iter 104: cpu_time_cuda = 0.036936
iter 104: gpu_time_cuda = 0.038841
iter 104: download_copy_time_cuda = 0.001269
iter 104: upload_copy_time_cuda = 0.001384

iter 105: cpu_time_pred = 0.040226
iter 105: gpu_time_pred = 0.038002
iter 105: cpu_time_cuda = 0.036746
iter 105: gpu_time_cuda = 0.038679
iter 105: download_copy_time_cuda = 0.001273
iter 105: upload_copy_time_cuda = 0.001375

iter 106: cpu_time_pred = 0.040038
iter 106: gpu_time_pred = 0.037648
iter 106: cpu_time_cuda = 0.027802
iter 106: gpu_time_cuda = 0.038220
iter 106: download_copy_time_cuda = 0.001268
iter 106: upload_copy_time_cuda = 0.001373

iter 107: cpu_time_pred = 0.039850
iter 107: gpu_time_pred = 0.037295
iter 107: cpu_time_cuda = 0.036389
iter 107: gpu_time_cuda = 0.037405
iter 107: download_copy_time_cuda = 0.001262
iter 107: upload_copy_time_cuda = 0.001364

iter 108: cpu_time_pred = 0.039662
iter 108: gpu_time_pred = 0.036944
iter 108: cpu_time_cuda = 0.036170
iter 108: gpu_time_cuda = 0.037249
iter 108: download_copy_time_cuda = 0.001256
iter 108: upload_copy_time_cuda = 0.001360

iter 109: cpu_time_pred = 0.039474
iter 109: gpu_time_pred = 0.036595
iter 109: cpu_time_cuda = 0.027083
iter 109: gpu_time_cuda = 0.037050
iter 109: download_copy_time_cuda = 0.001248
iter 109: upload_copy_time_cuda = 0.001358

iter 110: cpu_time_pred = 0.039286
iter 110: gpu_time_pred = 0.036247
iter 110: cpu_time_cuda = 0.035920
iter 110: gpu_time_cuda = 0.036841
iter 110: download_copy_time_cuda = 0.001251
iter 110: upload_copy_time_cuda = 0.001343

iter 111: cpu_time_pred = 0.039098
iter 111: gpu_time_pred = 0.035901
iter 111: cpu_time_cuda = 0.035675
iter 111: gpu_time_cuda = 0.036084
iter 111: download_copy_time_cuda = 0.001239
iter 111: upload_copy_time_cuda = 0.001342

iter 112: cpu_time_pred = 0.038910
iter 112: gpu_time_pred = 0.035557
iter 112: cpu_time_cuda = 0.027362
iter 112: gpu_time_cuda = 0.036056
iter 112: download_copy_time_cuda = 0.001238
iter 112: upload_copy_time_cuda = 0.001345

iter 113: cpu_time_pred = 0.038722
iter 113: gpu_time_pred = 0.035214
iter 113: cpu_time_cuda = 0.035408
iter 113: gpu_time_cuda = 0.035451
iter 113: download_copy_time_cuda = 0.001226
iter 113: upload_copy_time_cuda = 0.001324

iter 114: cpu_time_pred = 0.038534
iter 114: gpu_time_pred = 0.034873
iter 114: cpu_time_cuda = 0.035179
iter 114: gpu_time_cuda = 0.035181
iter 114: download_copy_time_cuda = 0.001219
iter 114: upload_copy_time_cuda = 0.001317

iter 115: cpu_time_pred = 0.038346
iter 115: gpu_time_pred = 0.034534
iter 115: cpu_time_cuda = 0.030204
iter 115: gpu_time_cuda = 0.034571
iter 115: download_copy_time_cuda = 0.001212
iter 115: upload_copy_time_cuda = 0.001305

iter 116: cpu_time_pred = 0.038158
iter 116: gpu_time_pred = 0.034196
iter 116: cpu_time_cuda = 0.034933
iter 116: gpu_time_cuda = 0.034674
iter 116: download_copy_time_cuda = 0.001200
iter 116: upload_copy_time_cuda = 0.001298

iter 117: cpu_time_pred = 0.037970
iter 117: gpu_time_pred = 0.033860
!!Border found at iter 116
iter 117: cpu_time_cuda = 0.031471
iter 117: gpu_time_cuda = 0.034002
iter 117: download_copy_time_cuda = 0.001193
iter 117: upload_copy_time_cuda = 0.001300

iter 118: cpu_time_pred = 0.037782
iter 118: gpu_time_pred = 0.033526
iter 118: cpu_time_cuda = 0.034416
iter 118: gpu_time_cuda = 0.034474
iter 118: download_copy_time_cuda = 0.001187
iter 118: upload_copy_time_cuda = 0.001280

iter 119: cpu_time_pred = 0.037594
iter 119: gpu_time_pred = 0.033193
iter 119: cpu_time_cuda = 0.034400
iter 119: gpu_time_cuda = 0.033617
iter 119: download_copy_time_cuda = 0.001176
iter 119: upload_copy_time_cuda = 0.001295

iter 120: cpu_time_pred = 0.037406
iter 120: gpu_time_pred = 0.032862
!!Border found at iter 119
iter 120: cpu_time_cuda = 0.025304
iter 120: gpu_time_cuda = 0.033677
iter 120: download_copy_time_cuda = 0.001190
iter 120: upload_copy_time_cuda = 0.001287

iter 121: cpu_time_pred = 0.037218
iter 121: gpu_time_pred = 0.032532
iter 121: cpu_time_cuda = 0.039022
iter 121: gpu_time_cuda = 0.032479
iter 121: download_copy_time_cuda = 0.001173
iter 121: upload_copy_time_cuda = 0.001279

iter 122: cpu_time_pred = 0.037030
iter 122: gpu_time_pred = 0.032204
!!Border found at iter 121
iter 122: cpu_time_cuda = 0.031734
iter 122: gpu_time_cuda = 0.032998
iter 122: download_copy_time_cuda = 0.001180
iter 122: upload_copy_time_cuda = 0.001267

iter 123: cpu_time_pred = 0.036842
iter 123: gpu_time_pred = 0.031878
iter 123: cpu_time_cuda = 0.026466
iter 123: gpu_time_cuda = 0.032348
iter 123: download_copy_time_cuda = 0.001166
iter 123: upload_copy_time_cuda = 0.001247

iter 124: cpu_time_pred = 0.036654
iter 124: gpu_time_pred = 0.031554
iter 124: cpu_time_cuda = 0.031454
iter 124: gpu_time_cuda = 0.032061
iter 124: download_copy_time_cuda = 0.001153
iter 124: upload_copy_time_cuda = 0.001251

iter 125: cpu_time_pred = 0.036466
iter 125: gpu_time_pred = 0.031231
iter 125: cpu_time_cuda = 0.023554
iter 125: gpu_time_cuda = 0.031855
iter 125: download_copy_time_cuda = 0.001154
iter 125: upload_copy_time_cuda = 0.001246

iter 126: cpu_time_pred = 0.036279
iter 126: gpu_time_pred = 0.030910
iter 126: cpu_time_cuda = 0.031216
iter 126: gpu_time_cuda = 0.031269
iter 126: download_copy_time_cuda = 0.001147
iter 126: upload_copy_time_cuda = 0.001239

iter 127: cpu_time_pred = 0.036091
iter 127: gpu_time_pred = 0.030590
iter 127: cpu_time_cuda = 0.031161
iter 127: gpu_time_cuda = 0.030596
iter 127: download_copy_time_cuda = 0.001140
iter 127: upload_copy_time_cuda = 0.001235

iter 128: cpu_time_pred = 0.035903
iter 128: gpu_time_pred = 0.030273
!!Border found at iter 127
iter 128: cpu_time_cuda = 0.030721
iter 128: gpu_time_cuda = 0.030460
iter 128: download_copy_time_cuda = 0.001136
iter 128: upload_copy_time_cuda = 0.001229

iter 129: cpu_time_pred = 0.035715
iter 129: gpu_time_pred = 0.029956
!!Border found at iter 128
iter 129: cpu_time_cuda = 0.030706
iter 129: gpu_time_cuda = 0.029932
iter 129: download_copy_time_cuda = 0.001119
iter 129: upload_copy_time_cuda = 0.001222

iter 130: cpu_time_pred = 0.035527
iter 130: gpu_time_pred = 0.029642
!!Border found at iter 129
iter 130: cpu_time_cuda = 0.024411
iter 130: gpu_time_cuda = 0.030571
iter 130: download_copy_time_cuda = 0.001117
iter 130: upload_copy_time_cuda = 0.001213

iter 131: cpu_time_pred = 0.035339
iter 131: gpu_time_pred = 0.029329
iter 131: cpu_time_cuda = 0.030319
iter 131: gpu_time_cuda = 0.029927
iter 131: download_copy_time_cuda = 0.001147
iter 131: upload_copy_time_cuda = 0.001209

iter 132: cpu_time_pred = 0.035151
iter 132: gpu_time_pred = 0.029018
!!Border found at iter 131
iter 132: cpu_time_cuda = 0.022450
iter 132: gpu_time_cuda = 0.029392
iter 132: download_copy_time_cuda = 0.001113
iter 132: upload_copy_time_cuda = 0.001202

iter 133: cpu_time_pred = 0.034963
iter 133: gpu_time_pred = 0.028708
iter 133: cpu_time_cuda = 0.035990
iter 133: gpu_time_cuda = 0.028858
iter 133: download_copy_time_cuda = 0.001110
iter 133: upload_copy_time_cuda = 0.001199

iter 134: cpu_time_pred = 0.034775
iter 134: gpu_time_pred = 0.028401
!!Border found at iter 133
iter 134: cpu_time_cuda = 0.018418
iter 134: gpu_time_cuda = 0.028761
iter 134: download_copy_time_cuda = 0.001113
iter 134: upload_copy_time_cuda = 0.001186

iter 135: cpu_time_pred = 0.034587
iter 135: gpu_time_pred = 0.028094
iter 135: cpu_time_cuda = 0.018304
iter 135: gpu_time_cuda = 0.028434
iter 135: download_copy_time_cuda = 0.001093
iter 135: upload_copy_time_cuda = 0.001181

iter 136: cpu_time_pred = 0.034399
iter 136: gpu_time_pred = 0.027790
iter 136: cpu_time_cuda = 0.018238
iter 136: gpu_time_cuda = 0.028753
iter 136: download_copy_time_cuda = 0.001087
iter 136: upload_copy_time_cuda = 0.001171

iter 137: cpu_time_pred = 0.034211
iter 137: gpu_time_pred = 0.027487
iter 137: cpu_time_cuda = 0.018129
iter 137: gpu_time_cuda = 0.027753
iter 137: download_copy_time_cuda = 0.001081
iter 137: upload_copy_time_cuda = 0.001173

iter 138: cpu_time_pred = 0.034023
iter 138: gpu_time_pred = 0.027186
iter 138: cpu_time_cuda = 0.018035
iter 138: gpu_time_cuda = 0.027756
iter 138: download_copy_time_cuda = 0.001083
iter 138: upload_copy_time_cuda = 0.001156

iter 139: cpu_time_pred = 0.033835
iter 139: gpu_time_pred = 0.026886
iter 139: cpu_time_cuda = 0.018030
iter 139: gpu_time_cuda = 0.026975
iter 139: download_copy_time_cuda = 0.001065
iter 139: upload_copy_time_cuda = 0.001154

iter 140: cpu_time_pred = 0.033647
iter 140: gpu_time_pred = 0.026588
iter 140: cpu_time_cuda = 0.017844
iter 140: gpu_time_cuda = 0.027336
iter 140: download_copy_time_cuda = 0.001066
iter 140: upload_copy_time_cuda = 0.001147

iter 141: cpu_time_pred = 0.033459
iter 141: gpu_time_pred = 0.026292
iter 141: cpu_time_cuda = 0.017737
iter 141: gpu_time_cuda = 0.026454
iter 141: download_copy_time_cuda = 0.001059
iter 141: upload_copy_time_cuda = 0.001143

iter 142: cpu_time_pred = 0.033271
iter 142: gpu_time_pred = 0.025997
iter 142: cpu_time_cuda = 0.017643
iter 142: gpu_time_cuda = 0.026439
iter 142: download_copy_time_cuda = 0.001053
iter 142: upload_copy_time_cuda = 0.001139

iter 143: cpu_time_pred = 0.033083
iter 143: gpu_time_pred = 0.025704
iter 143: cpu_time_cuda = 0.017513
iter 143: gpu_time_cuda = 0.025751
iter 143: download_copy_time_cuda = 0.001047
iter 143: upload_copy_time_cuda = 0.001130

iter 144: cpu_time_pred = 0.032895
iter 144: gpu_time_pred = 0.025413
iter 144: cpu_time_cuda = 0.017517
iter 144: gpu_time_cuda = 0.026023
iter 144: download_copy_time_cuda = 0.001043
iter 144: upload_copy_time_cuda = 0.001213

iter 145: cpu_time_pred = 0.032707
iter 145: gpu_time_pred = 0.025124
iter 145: cpu_time_cuda = 0.017369
iter 145: gpu_time_cuda = 0.025348
iter 145: download_copy_time_cuda = 0.001034
iter 145: upload_copy_time_cuda = 0.001110

iter 146: cpu_time_pred = 0.032519
iter 146: gpu_time_pred = 0.024836
iter 146: cpu_time_cuda = 0.017222
iter 146: gpu_time_cuda = 0.025673
iter 146: download_copy_time_cuda = 0.001023
iter 146: upload_copy_time_cuda = 0.001105

iter 147: cpu_time_pred = 0.032331
iter 147: gpu_time_pred = 0.024549
iter 147: cpu_time_cuda = 0.017140
iter 147: gpu_time_cuda = 0.024662
iter 147: download_copy_time_cuda = 0.001022
iter 147: upload_copy_time_cuda = 0.001111

iter 148: cpu_time_pred = 0.032143
iter 148: gpu_time_pred = 0.024265
iter 148: cpu_time_cuda = 0.017080
iter 148: gpu_time_cuda = 0.024841
iter 148: download_copy_time_cuda = 0.001026
iter 148: upload_copy_time_cuda = 0.001103

iter 149: cpu_time_pred = 0.031955
iter 149: gpu_time_pred = 0.023982
iter 149: cpu_time_cuda = 0.016939
iter 149: gpu_time_cuda = 0.024096
iter 149: download_copy_time_cuda = 0.001011
iter 149: upload_copy_time_cuda = 0.001093

iter 150: cpu_time_pred = 0.031767
iter 150: gpu_time_pred = 0.023700
iter 150: cpu_time_cuda = 0.016883
iter 150: gpu_time_cuda = 0.025038
iter 150: download_copy_time_cuda = 0.001001
iter 150: upload_copy_time_cuda = 0.001079

iter 151: cpu_time_pred = 0.031579
iter 151: gpu_time_pred = 0.023421
iter 151: cpu_time_cuda = 0.016751
iter 151: gpu_time_cuda = 0.024835
iter 151: download_copy_time_cuda = 0.001001
iter 151: upload_copy_time_cuda = 0.001080

iter 152: cpu_time_pred = 0.031391
iter 152: gpu_time_pred = 0.023143
iter 152: cpu_time_cuda = 0.016657
iter 152: gpu_time_cuda = 0.023683
iter 152: download_copy_time_cuda = 0.000995
iter 152: upload_copy_time_cuda = 0.001075

iter 153: cpu_time_pred = 0.031203
iter 153: gpu_time_pred = 0.022866
iter 153: cpu_time_cuda = 0.016536
iter 153: gpu_time_cuda = 0.022886
iter 153: download_copy_time_cuda = 0.000989
iter 153: upload_copy_time_cuda = 0.001066

iter 154: cpu_time_pred = 0.031015
iter 154: gpu_time_pred = 0.022592
iter 154: cpu_time_cuda = 0.016441
iter 154: gpu_time_cuda = 0.023254
iter 154: download_copy_time_cuda = 0.000982
iter 154: upload_copy_time_cuda = 0.001058

iter 155: cpu_time_pred = 0.030827
iter 155: gpu_time_pred = 0.022319
iter 155: cpu_time_cuda = 0.016394
iter 155: gpu_time_cuda = 0.022766
iter 155: download_copy_time_cuda = 0.000985
iter 155: upload_copy_time_cuda = 0.001050

iter 156: cpu_time_pred = 0.030639
iter 156: gpu_time_pred = 0.022047
iter 156: cpu_time_cuda = 0.016249
iter 156: gpu_time_cuda = 0.022802
iter 156: download_copy_time_cuda = 0.000974
iter 156: upload_copy_time_cuda = 0.001048

iter 157: cpu_time_pred = 0.030451
iter 157: gpu_time_pred = 0.021778
iter 157: cpu_time_cuda = 0.016219
iter 157: gpu_time_cuda = 0.021983
iter 157: download_copy_time_cuda = 0.000967
iter 157: upload_copy_time_cuda = 0.001045

iter 158: cpu_time_pred = 0.030263
iter 158: gpu_time_pred = 0.021510
iter 158: cpu_time_cuda = 0.016069
iter 158: gpu_time_cuda = 0.021889
iter 158: download_copy_time_cuda = 0.000961
iter 158: upload_copy_time_cuda = 0.001040

iter 159: cpu_time_pred = 0.030075
iter 159: gpu_time_pred = 0.021243
iter 159: cpu_time_cuda = 0.015988
iter 159: gpu_time_cuda = 0.021638
iter 159: download_copy_time_cuda = 0.000956
iter 159: upload_copy_time_cuda = 0.001030

iter 160: cpu_time_pred = 0.029887
iter 160: gpu_time_pred = 0.020979
iter 160: cpu_time_cuda = 0.015884
iter 160: gpu_time_cuda = 0.021689
iter 160: download_copy_time_cuda = 0.000948
iter 160: upload_copy_time_cuda = 0.001025

iter 161: cpu_time_pred = 0.029699
iter 161: gpu_time_pred = 0.020716
iter 161: cpu_time_cuda = 0.015774
iter 161: gpu_time_cuda = 0.020813
iter 161: download_copy_time_cuda = 0.000945
iter 161: upload_copy_time_cuda = 0.001023

iter 162: cpu_time_pred = 0.029512
iter 162: gpu_time_pred = 0.020454
iter 162: cpu_time_cuda = 0.015743
iter 162: gpu_time_cuda = 0.021064
iter 162: download_copy_time_cuda = 0.000939
iter 162: upload_copy_time_cuda = 0.001012

iter 163: cpu_time_pred = 0.029324
iter 163: gpu_time_pred = 0.020194
iter 163: cpu_time_cuda = 0.015632
iter 163: gpu_time_cuda = 0.023346
iter 163: download_copy_time_cuda = 0.000936
iter 163: upload_copy_time_cuda = 0.000998

iter 164: cpu_time_pred = 0.029136
iter 164: gpu_time_pred = 0.019936
iter 164: cpu_time_cuda = 0.015502
iter 164: gpu_time_cuda = 0.020364
iter 164: download_copy_time_cuda = 0.000921
iter 164: upload_copy_time_cuda = 0.000996

iter 165: cpu_time_pred = 0.028948
iter 165: gpu_time_pred = 0.019680
iter 165: cpu_time_cuda = 0.015406
iter 165: gpu_time_cuda = 0.019863
iter 165: download_copy_time_cuda = 0.000921
iter 165: upload_copy_time_cuda = 0.000995

iter 166: cpu_time_pred = 0.028760
iter 166: gpu_time_pred = 0.019425
iter 166: cpu_time_cuda = 0.015305
iter 166: gpu_time_cuda = 0.019736
iter 166: download_copy_time_cuda = 0.000915
iter 166: upload_copy_time_cuda = 0.000979

iter 167: cpu_time_pred = 0.028572
iter 167: gpu_time_pred = 0.019172
iter 167: cpu_time_cuda = 0.015257
iter 167: gpu_time_cuda = 0.019314
iter 167: download_copy_time_cuda = 0.000911
iter 167: upload_copy_time_cuda = 0.000983

iter 168: cpu_time_pred = 0.028384
iter 168: gpu_time_pred = 0.018921
iter 168: cpu_time_cuda = 0.015085
iter 168: gpu_time_cuda = 0.019467
iter 168: download_copy_time_cuda = 0.000904
iter 168: upload_copy_time_cuda = 0.000974

iter 169: cpu_time_pred = 0.028196
iter 169: gpu_time_pred = 0.018671
iter 169: cpu_time_cuda = 0.015125
iter 169: gpu_time_cuda = 0.018985
iter 169: download_copy_time_cuda = 0.000897
iter 169: upload_copy_time_cuda = 0.000968

iter 170: cpu_time_pred = 0.028008
iter 170: gpu_time_pred = 0.018423
iter 170: cpu_time_cuda = 0.014871
iter 170: gpu_time_cuda = 0.018900
iter 170: download_copy_time_cuda = 0.000896
iter 170: upload_copy_time_cuda = 0.000969

iter 171: cpu_time_pred = 0.027820
iter 171: gpu_time_pred = 0.018176
iter 171: cpu_time_cuda = 0.014791
iter 171: gpu_time_cuda = 0.018383
iter 171: download_copy_time_cuda = 0.000895
iter 171: upload_copy_time_cuda = 0.000957

iter 172: cpu_time_pred = 0.027632
iter 172: gpu_time_pred = 0.017932
iter 172: cpu_time_cuda = 0.014748
iter 172: gpu_time_cuda = 0.018358
iter 172: download_copy_time_cuda = 0.000882
iter 172: upload_copy_time_cuda = 0.000940

iter 173: cpu_time_pred = 0.027444
iter 173: gpu_time_pred = 0.017688
iter 173: cpu_time_cuda = 0.014604
iter 173: gpu_time_cuda = 0.018963
iter 173: download_copy_time_cuda = 0.000878
iter 173: upload_copy_time_cuda = 0.000944

iter 174: cpu_time_pred = 0.027256
iter 174: gpu_time_pred = 0.017447
iter 174: cpu_time_cuda = 0.014481
iter 174: gpu_time_cuda = 0.017814
iter 174: download_copy_time_cuda = 0.000870
iter 174: upload_copy_time_cuda = 0.000938

iter 175: cpu_time_pred = 0.027068
iter 175: gpu_time_pred = 0.017207
iter 175: cpu_time_cuda = 0.014443
iter 175: gpu_time_cuda = 0.017313
iter 175: download_copy_time_cuda = 0.000865
iter 175: upload_copy_time_cuda = 0.000924

iter 176: cpu_time_pred = 0.026880
iter 176: gpu_time_pred = 0.016969
iter 176: cpu_time_cuda = 0.014316
iter 176: gpu_time_cuda = 0.017576
iter 176: download_copy_time_cuda = 0.000850
iter 176: upload_copy_time_cuda = 0.000927

iter 177: cpu_time_pred = 0.026692
iter 177: gpu_time_pred = 0.016732
iter 177: cpu_time_cuda = 0.014186
iter 177: gpu_time_cuda = 0.017105
iter 177: download_copy_time_cuda = 0.000852
iter 177: upload_copy_time_cuda = 0.000920

iter 178: cpu_time_pred = 0.026504
iter 178: gpu_time_pred = 0.016498
iter 178: cpu_time_cuda = 0.014185
iter 178: gpu_time_cuda = 0.017600
iter 178: download_copy_time_cuda = 0.000845
iter 178: upload_copy_time_cuda = 0.000920

iter 179: cpu_time_pred = 0.026316
iter 179: gpu_time_pred = 0.016264
iter 179: cpu_time_cuda = 0.014026
iter 179: gpu_time_cuda = 0.016499
iter 179: download_copy_time_cuda = 0.000837
iter 179: upload_copy_time_cuda = 0.000913

iter 180: cpu_time_pred = 0.026128
iter 180: gpu_time_pred = 0.016033
iter 180: cpu_time_cuda = 0.013929
iter 180: gpu_time_cuda = 0.016416
iter 180: download_copy_time_cuda = 0.000834
iter 180: upload_copy_time_cuda = 0.000902

iter 181: cpu_time_pred = 0.025940
iter 181: gpu_time_pred = 0.015803
iter 181: cpu_time_cuda = 0.013863
iter 181: gpu_time_cuda = 0.015966
iter 181: download_copy_time_cuda = 0.000829
iter 181: upload_copy_time_cuda = 0.000894

iter 182: cpu_time_pred = 0.025752
iter 182: gpu_time_pred = 0.015575
iter 182: cpu_time_cuda = 0.013719
iter 182: gpu_time_cuda = 0.016055
iter 182: download_copy_time_cuda = 0.000822
iter 182: upload_copy_time_cuda = 0.000889

iter 183: cpu_time_pred = 0.025564
iter 183: gpu_time_pred = 0.015348
iter 183: cpu_time_cuda = 0.013631
iter 183: gpu_time_cuda = 0.016767
iter 183: download_copy_time_cuda = 0.000817
iter 183: upload_copy_time_cuda = 0.000881

iter 184: cpu_time_pred = 0.025376
iter 184: gpu_time_pred = 0.015123
iter 184: cpu_time_cuda = 0.013547
iter 184: gpu_time_cuda = 0.015594
iter 184: download_copy_time_cuda = 0.000811
iter 184: upload_copy_time_cuda = 0.000877

iter 185: cpu_time_pred = 0.025188
iter 185: gpu_time_pred = 0.014900
iter 185: cpu_time_cuda = 0.013427
iter 185: gpu_time_cuda = 0.015087
iter 185: download_copy_time_cuda = 0.000806
iter 185: upload_copy_time_cuda = 0.000862

iter 186: cpu_time_pred = 0.025000
iter 186: gpu_time_pred = 0.014679
iter 186: cpu_time_cuda = 0.013317
iter 186: gpu_time_cuda = 0.015139
iter 186: download_copy_time_cuda = 0.000792
iter 186: upload_copy_time_cuda = 0.000862

iter 187: cpu_time_pred = 0.024812
iter 187: gpu_time_pred = 0.014459
iter 187: cpu_time_cuda = 0.013274
iter 187: gpu_time_cuda = 0.014590
iter 187: download_copy_time_cuda = 0.000793
iter 187: upload_copy_time_cuda = 0.000858

iter 188: cpu_time_pred = 0.024624
iter 188: gpu_time_pred = 0.014241
iter 188: cpu_time_cuda = 0.013134
iter 188: gpu_time_cuda = 0.014825
iter 188: download_copy_time_cuda = 0.000791
iter 188: upload_copy_time_cuda = 0.000852

iter 189: cpu_time_pred = 0.024436
iter 189: gpu_time_pred = 0.014024
iter 189: cpu_time_cuda = 0.013037
iter 189: gpu_time_cuda = 0.014270
iter 189: download_copy_time_cuda = 0.000784
iter 189: upload_copy_time_cuda = 0.000843

iter 190: cpu_time_pred = 0.024248
iter 190: gpu_time_pred = 0.013809
iter 190: cpu_time_cuda = 0.013145
iter 190: gpu_time_cuda = 0.014278
iter 190: download_copy_time_cuda = 0.000776
iter 190: upload_copy_time_cuda = 0.000837

iter 191: cpu_time_pred = 0.024060
iter 191: gpu_time_pred = 0.013596
iter 191: cpu_time_cuda = 0.012834
iter 191: gpu_time_cuda = 0.013804
iter 191: download_copy_time_cuda = 0.000772
iter 191: upload_copy_time_cuda = 0.000836

iter 192: cpu_time_pred = 0.023872
iter 192: gpu_time_pred = 0.013384
iter 192: cpu_time_cuda = 0.012740
iter 192: gpu_time_cuda = 0.014069
iter 192: download_copy_time_cuda = 0.000766
iter 192: upload_copy_time_cuda = 0.000831

iter 193: cpu_time_pred = 0.023684
iter 193: gpu_time_pred = 0.013174
iter 193: cpu_time_cuda = 0.012597
iter 193: gpu_time_cuda = 0.013287
iter 193: download_copy_time_cuda = 0.000767
iter 193: upload_copy_time_cuda = 0.000817

iter 194: cpu_time_pred = 0.023496
iter 194: gpu_time_pred = 0.012966
iter 194: cpu_time_cuda = 0.012533
iter 194: gpu_time_cuda = 0.013807
iter 194: download_copy_time_cuda = 0.000765
iter 194: upload_copy_time_cuda = 0.000814

iter 195: cpu_time_pred = 0.023308
iter 195: gpu_time_pred = 0.012759
iter 195: cpu_time_cuda = 0.012461
iter 195: gpu_time_cuda = 0.013027
iter 195: download_copy_time_cuda = 0.000749
iter 195: upload_copy_time_cuda = 0.000806

iter 196: cpu_time_pred = 0.023120
iter 196: gpu_time_pred = 0.012554
iter 196: cpu_time_cuda = 0.012361
iter 196: gpu_time_cuda = 0.012946
iter 196: download_copy_time_cuda = 0.000742
iter 196: upload_copy_time_cuda = 0.000801

iter 197: cpu_time_pred = 0.022933
iter 197: gpu_time_pred = 0.012351
iter 197: cpu_time_cuda = 0.012276
iter 197: gpu_time_cuda = 0.012546
iter 197: download_copy_time_cuda = 0.000729
iter 197: upload_copy_time_cuda = 0.000793

iter 198: cpu_time_pred = 0.022745
iter 198: gpu_time_pred = 0.012149
iter 198: cpu_time_cuda = 0.012139
iter 198: gpu_time_cuda = 0.012594
iter 198: download_copy_time_cuda = 0.000731
iter 198: upload_copy_time_cuda = 0.000788

iter 199: cpu_time_pred = 0.022557
iter 199: gpu_time_pred = 0.011949
iter 199: cpu_time_cuda = 0.012069
iter 199: gpu_time_cuda = 0.012972
iter 199: download_copy_time_cuda = 0.000726
iter 199: upload_copy_time_cuda = 0.000780

iter 200: cpu_time_pred = 0.022369
iter 200: gpu_time_pred = 0.011751
iter 200: cpu_time_cuda = 0.011950
iter 200: gpu_time_cuda = 0.012213
iter 200: download_copy_time_cuda = 0.000721
iter 200: upload_copy_time_cuda = 0.000779

iter 201: cpu_time_pred = 0.022181
iter 201: gpu_time_pred = 0.011554
iter 201: cpu_time_cuda = 0.011852
iter 201: gpu_time_cuda = 0.011729
iter 201: download_copy_time_cuda = 0.000715
iter 201: upload_copy_time_cuda = 0.000774

iter 202: cpu_time_pred = 0.021993
iter 202: gpu_time_pred = 0.011359
!!Border found at iter 201
iter 202: cpu_time_cuda = 0.011753
iter 202: gpu_time_cuda = 0.011785
iter 202: download_copy_time_cuda = 0.000716
iter 202: upload_copy_time_cuda = 0.000761

iter 203: cpu_time_pred = 0.021805
iter 203: gpu_time_pred = 0.011166
iter 203: cpu_time_cuda = 0.011655
iter 203: gpu_time_cuda = 0.011640
iter 203: download_copy_time_cuda = 0.000704
iter 203: upload_copy_time_cuda = 0.000757

iter 204: cpu_time_pred = 0.021617
iter 204: gpu_time_pred = 0.010974
!!Border found at iter 203
iter 204: cpu_time_cuda = 0.011604
iter 204: gpu_time_cuda = 0.011735
iter 204: download_copy_time_cuda = 0.000699
iter 204: upload_copy_time_cuda = 0.000752

iter 205: cpu_time_pred = 0.021429
iter 205: gpu_time_pred = 0.010784
iter 205: cpu_time_cuda = 0.011537
iter 205: gpu_time_cuda = 0.011241
iter 205: download_copy_time_cuda = 0.000692
iter 205: upload_copy_time_cuda = 0.000746

iter 206: cpu_time_pred = 0.021241
iter 206: gpu_time_pred = 0.010596
!!Border found at iter 205
iter 206: cpu_time_cuda = 0.011363
iter 206: gpu_time_cuda = 0.011066
iter 206: download_copy_time_cuda = 0.000687
iter 206: upload_copy_time_cuda = 0.000744

iter 207: cpu_time_pred = 0.021053
iter 207: gpu_time_pred = 0.010409
!!Border found at iter 206
iter 207: cpu_time_cuda = 0.011267
iter 207: gpu_time_cuda = 0.010669
iter 207: download_copy_time_cuda = 0.000699
iter 207: upload_copy_time_cuda = 0.000732

iter 208: cpu_time_pred = 0.020865
iter 208: gpu_time_pred = 0.010224
!!Border found at iter 207
iter 208: cpu_time_cuda = 0.011168
iter 208: gpu_time_cuda = 0.010764
iter 208: download_copy_time_cuda = 0.000672
iter 208: upload_copy_time_cuda = 0.000726

iter 209: cpu_time_pred = 0.020677
iter 209: gpu_time_pred = 0.010041
!!Border found at iter 208
iter 209: cpu_time_cuda = 0.011060
iter 209: gpu_time_cuda = 0.011892
iter 209: download_copy_time_cuda = 0.000666
iter 209: upload_copy_time_cuda = 0.000710

iter 210: cpu_time_pred = 0.020489
iter 210: gpu_time_pred = 0.009859
iter 210: cpu_time_cuda = 0.010998
iter 210: gpu_time_cuda = 0.010328
iter 210: download_copy_time_cuda = 0.000656
iter 210: upload_copy_time_cuda = 0.000713

iter 211: cpu_time_pred = 0.020301
iter 211: gpu_time_pred = 0.009679
!!Border found at iter 210
iter 211: cpu_time_cuda = 0.010892
iter 211: gpu_time_cuda = 0.009885
iter 211: download_copy_time_cuda = 0.000655
iter 211: upload_copy_time_cuda = 0.000704

iter 212: cpu_time_pred = 0.020113
iter 212: gpu_time_pred = 0.009501
!!Border found at iter 211
iter 212: cpu_time_cuda = 0.010796
iter 212: gpu_time_cuda = 0.009901
iter 212: download_copy_time_cuda = 0.000646
iter 212: upload_copy_time_cuda = 0.000700

iter 213: cpu_time_pred = 0.019925
iter 213: gpu_time_pred = 0.009324
!!Border found at iter 212
iter 213: cpu_time_cuda = 0.010657
iter 213: gpu_time_cuda = 0.009612
iter 213: download_copy_time_cuda = 0.000645
iter 213: upload_copy_time_cuda = 0.000697

iter 214: cpu_time_pred = 0.019737
iter 214: gpu_time_pred = 0.009149
!!Border found at iter 213
iter 214: cpu_time_cuda = 0.010585
iter 214: gpu_time_cuda = 0.010463
iter 214: download_copy_time_cuda = 0.000639
iter 214: upload_copy_time_cuda = 0.000692

iter 215: cpu_time_pred = 0.019549
iter 215: gpu_time_pred = 0.008975
!!Border found at iter 214
iter 215: cpu_time_cuda = 0.010465
iter 215: gpu_time_cuda = 0.010241
iter 215: download_copy_time_cuda = 0.000637
iter 215: upload_copy_time_cuda = 0.000685

iter 216: cpu_time_pred = 0.019361
iter 216: gpu_time_pred = 0.008804
!!Border found at iter 215
iter 216: cpu_time_cuda = 0.010386
iter 216: gpu_time_cuda = 0.009214
iter 216: download_copy_time_cuda = 0.000628
iter 216: upload_copy_time_cuda = 0.000675

iter 217: cpu_time_pred = 0.019173
iter 217: gpu_time_pred = 0.008633
!!Border found at iter 216
iter 217: cpu_time_cuda = 0.010315
iter 217: gpu_time_cuda = 0.008848
iter 217: download_copy_time_cuda = 0.000621
iter 217: upload_copy_time_cuda = 0.000670

iter 218: cpu_time_pred = 0.018985
iter 218: gpu_time_pred = 0.008465
!!Border found at iter 217
iter 218: cpu_time_cuda = 0.010188
iter 218: gpu_time_cuda = 0.008856
iter 218: download_copy_time_cuda = 0.000615
iter 218: upload_copy_time_cuda = 0.000663

iter 219: cpu_time_pred = 0.018797
iter 219: gpu_time_pred = 0.008298
!!Border found at iter 218
iter 219: cpu_time_cuda = 0.010102
iter 219: gpu_time_cuda = 0.009723
iter 219: download_copy_time_cuda = 0.000611
iter 219: upload_copy_time_cuda = 0.000649

iter 220: cpu_time_pred = 0.018609
iter 220: gpu_time_pred = 0.008133
!!Border found at iter 219
iter 220: cpu_time_cuda = 0.010015
iter 220: gpu_time_cuda = 0.008590
iter 220: download_copy_time_cuda = 0.000606
iter 220: upload_copy_time_cuda = 0.000650

iter 221: cpu_time_pred = 0.018421
iter 221: gpu_time_pred = 0.007970
!!Border found at iter 220
iter 221: cpu_time_cuda = 0.009893
iter 221: gpu_time_cuda = 0.008233
iter 221: download_copy_time_cuda = 0.000600
iter 221: upload_copy_time_cuda = 0.000645

iter 222: cpu_time_pred = 0.018233
iter 222: gpu_time_pred = 0.007808
!!Border found at iter 221
iter 222: cpu_time_cuda = 0.009809
iter 222: gpu_time_cuda = 0.008128
iter 222: download_copy_time_cuda = 0.000593
iter 222: upload_copy_time_cuda = 0.000639

iter 223: cpu_time_pred = 0.018045
iter 223: gpu_time_pred = 0.007648
!!Border found at iter 222
iter 223: cpu_time_cuda = 0.009713
iter 223: gpu_time_cuda = 0.007933
iter 223: download_copy_time_cuda = 0.000588
iter 223: upload_copy_time_cuda = 0.000632

iter 224: cpu_time_pred = 0.017857
iter 224: gpu_time_pred = 0.007489
!!Border found at iter 223
iter 224: cpu_time_cuda = 0.009598
iter 224: gpu_time_cuda = 0.008099
iter 224: download_copy_time_cuda = 0.000581
iter 224: upload_copy_time_cuda = 0.000617

iter 225: cpu_time_pred = 0.017669
iter 225: gpu_time_pred = 0.007332
!!Border found at iter 224
iter 225: cpu_time_cuda = 0.009498
iter 225: gpu_time_cuda = 0.007619
iter 225: download_copy_time_cuda = 0.000568
iter 225: upload_copy_time_cuda = 0.000620

iter 226: cpu_time_pred = 0.017481
iter 226: gpu_time_pred = 0.007177
!!Border found at iter 225
iter 226: cpu_time_cuda = 0.009429
iter 226: gpu_time_cuda = 0.007498
iter 226: download_copy_time_cuda = 0.000569
iter 226: upload_copy_time_cuda = 0.000613

iter 227: cpu_time_pred = 0.017293
iter 227: gpu_time_pred = 0.007024
!!Border found at iter 226
iter 227: cpu_time_cuda = 0.009317
iter 227: gpu_time_cuda = 0.007477
iter 227: download_copy_time_cuda = 0.000571
iter 227: upload_copy_time_cuda = 0.000605

iter 228: cpu_time_pred = 0.017105
iter 228: gpu_time_pred = 0.006872
!!Border found at iter 227
iter 228: cpu_time_cuda = 0.009246
iter 228: gpu_time_cuda = 0.007259
iter 228: download_copy_time_cuda = 0.000559
iter 228: upload_copy_time_cuda = 0.000600

iter 229: cpu_time_pred = 0.016917
iter 229: gpu_time_pred = 0.006722
!!Border found at iter 228
iter 229: cpu_time_cuda = 0.009127
iter 229: gpu_time_cuda = 0.006875
iter 229: download_copy_time_cuda = 0.000552
iter 229: upload_copy_time_cuda = 0.000595

iter 230: cpu_time_pred = 0.016729
iter 230: gpu_time_pred = 0.006573
!!Border found at iter 229
iter 230: cpu_time_cuda = 0.009065
iter 230: gpu_time_cuda = 0.006919
iter 230: download_copy_time_cuda = 0.000548
iter 230: upload_copy_time_cuda = 0.000581

iter 231: cpu_time_pred = 0.016541
iter 231: gpu_time_pred = 0.006426
!!Border found at iter 230
iter 231: cpu_time_cuda = 0.008947
iter 231: gpu_time_cuda = 0.007541
iter 231: download_copy_time_cuda = 0.000535
iter 231: upload_copy_time_cuda = 0.000585

iter 232: cpu_time_pred = 0.016354
iter 232: gpu_time_pred = 0.006281
!!Border found at iter 231
iter 232: cpu_time_cuda = 0.008910
iter 232: gpu_time_cuda = 0.006709
iter 232: download_copy_time_cuda = 0.000544
iter 232: upload_copy_time_cuda = 0.000577

iter 233: cpu_time_pred = 0.016166
iter 233: gpu_time_pred = 0.006137
!!Border found at iter 232
iter 233: cpu_time_cuda = 0.008784
iter 233: gpu_time_cuda = 0.006431
iter 233: download_copy_time_cuda = 0.000531
iter 233: upload_copy_time_cuda = 0.000576

iter 234: cpu_time_pred = 0.015978
iter 234: gpu_time_pred = 0.005995
!!Border found at iter 233
iter 234: cpu_time_cuda = 0.008594
iter 234: gpu_time_cuda = 0.006396
iter 234: download_copy_time_cuda = 0.000524
iter 234: upload_copy_time_cuda = 0.000564

iter 235: cpu_time_pred = 0.015790
iter 235: gpu_time_pred = 0.005855
!!Border found at iter 234
iter 235: cpu_time_cuda = 0.008545
iter 235: gpu_time_cuda = 0.006125
iter 235: download_copy_time_cuda = 0.000519
iter 235: upload_copy_time_cuda = 0.000558

iter 236: cpu_time_pred = 0.015602
iter 236: gpu_time_pred = 0.005717
!!Border found at iter 235
iter 236: cpu_time_cuda = 0.008419
iter 236: gpu_time_cuda = 0.006088
iter 236: download_copy_time_cuda = 0.000513
iter 236: upload_copy_time_cuda = 0.000551

iter 237: cpu_time_pred = 0.015414
iter 237: gpu_time_pred = 0.005580
!!Border found at iter 236
iter 237: cpu_time_cuda = 0.008320
iter 237: gpu_time_cuda = 0.005768
iter 237: download_copy_time_cuda = 0.000508
iter 237: upload_copy_time_cuda = 0.000546

iter 238: cpu_time_pred = 0.015226
iter 238: gpu_time_pred = 0.005444
!!Border found at iter 237
iter 238: cpu_time_cuda = 0.008271
iter 238: gpu_time_cuda = 0.005808
iter 238: download_copy_time_cuda = 0.000502
iter 238: upload_copy_time_cuda = 0.000539

iter 239: cpu_time_pred = 0.015038
iter 239: gpu_time_pred = 0.005311
!!Border found at iter 238
iter 239: cpu_time_cuda = 0.008129
iter 239: gpu_time_cuda = 0.005554
iter 239: download_copy_time_cuda = 0.000496
iter 239: upload_copy_time_cuda = 0.000533

iter 240: cpu_time_pred = 0.014850
iter 240: gpu_time_pred = 0.005179
!!Border found at iter 239
iter 240: cpu_time_cuda = 0.008025
iter 240: gpu_time_cuda = 0.005698
iter 240: download_copy_time_cuda = 0.000491
iter 240: upload_copy_time_cuda = 0.000527

iter 241: cpu_time_pred = 0.014662
iter 241: gpu_time_pred = 0.005049
!!Border found at iter 240
iter 241: cpu_time_cuda = 0.007945
iter 241: gpu_time_cuda = 0.006172
iter 241: download_copy_time_cuda = 0.000484
iter 241: upload_copy_time_cuda = 0.000519

iter 242: cpu_time_pred = 0.014474
iter 242: gpu_time_pred = 0.004920
!!Border found at iter 241
iter 242: cpu_time_cuda = 0.007844
iter 242: gpu_time_cuda = 0.005141
iter 242: download_copy_time_cuda = 0.000478
iter 242: upload_copy_time_cuda = 0.000513

iter 243: cpu_time_pred = 0.014286
iter 243: gpu_time_pred = 0.004793
!!Border found at iter 242
iter 243: cpu_time_cuda = 0.007763
iter 243: gpu_time_cuda = 0.005019
iter 243: download_copy_time_cuda = 0.000472
iter 243: upload_copy_time_cuda = 0.000507

iter 244: cpu_time_pred = 0.014098
iter 244: gpu_time_pred = 0.004668
!!Border found at iter 243
iter 244: cpu_time_cuda = 0.007770
iter 244: gpu_time_cuda = 0.005015
iter 244: download_copy_time_cuda = 0.000466
iter 244: upload_copy_time_cuda = 0.000501

iter 245: cpu_time_pred = 0.013910
iter 245: gpu_time_pred = 0.004544
!!Border found at iter 244
iter 245: cpu_time_cuda = 0.007758
iter 245: gpu_time_cuda = 0.004847
iter 245: download_copy_time_cuda = 0.000461
iter 245: upload_copy_time_cuda = 0.000499

iter 246: cpu_time_pred = 0.013722
iter 246: gpu_time_pred = 0.004422
!!Border found at iter 245
iter 246: cpu_time_cuda = 0.007448
iter 246: gpu_time_cuda = 0.004683
iter 246: download_copy_time_cuda = 0.000454
iter 246: upload_copy_time_cuda = 0.000489

iter 247: cpu_time_pred = 0.013534
iter 247: gpu_time_pred = 0.004302
!!Border found at iter 246
iter 247: cpu_time_cuda = 0.007347
iter 247: gpu_time_cuda = 0.005180
iter 247: download_copy_time_cuda = 0.000449
iter 247: upload_copy_time_cuda = 0.000489

iter 248: cpu_time_pred = 0.013346
iter 248: gpu_time_pred = 0.004183
!!Border found at iter 247
iter 248: cpu_time_cuda = 0.007221
iter 248: gpu_time_cuda = 0.004536
iter 248: download_copy_time_cuda = 0.000450
iter 248: upload_copy_time_cuda = 0.000477

iter 249: cpu_time_pred = 0.013158
iter 249: gpu_time_pred = 0.004066
!!Border found at iter 248
iter 249: cpu_time_cuda = 0.007108
iter 249: gpu_time_cuda = 0.004270
iter 249: download_copy_time_cuda = 0.000438
iter 249: upload_copy_time_cuda = 0.000471

iter 250: cpu_time_pred = 0.012970
iter 250: gpu_time_pred = 0.003951
!!Border found at iter 249
iter 250: cpu_time_cuda = 0.007153
iter 250: gpu_time_cuda = 0.004230
iter 250: download_copy_time_cuda = 0.000431
iter 250: upload_copy_time_cuda = 0.000465

iter 251: cpu_time_pred = 0.012782
iter 251: gpu_time_pred = 0.003837
!!Border found at iter 250
iter 251: cpu_time_cuda = 0.007045
iter 251: gpu_time_cuda = 0.004536
iter 251: download_copy_time_cuda = 0.000427
iter 251: upload_copy_time_cuda = 0.000456

iter 252: cpu_time_pred = 0.012594
iter 252: gpu_time_pred = 0.003725
!!Border found at iter 251
iter 252: cpu_time_cuda = 0.006846
iter 252: gpu_time_cuda = 0.004073
iter 252: download_copy_time_cuda = 0.000418
iter 252: upload_copy_time_cuda = 0.000444

iter 253: cpu_time_pred = 0.012406
iter 253: gpu_time_pred = 0.003615
!!Border found at iter 252
iter 253: cpu_time_cuda = 0.006756
iter 253: gpu_time_cuda = 0.003840
iter 253: download_copy_time_cuda = 0.000416
iter 253: upload_copy_time_cuda = 0.000445

iter 254: cpu_time_pred = 0.012218
iter 254: gpu_time_pred = 0.003506
!!Border found at iter 253
iter 254: cpu_time_cuda = 0.006644
iter 254: gpu_time_cuda = 0.003763
iter 254: download_copy_time_cuda = 0.000410
iter 254: upload_copy_time_cuda = 0.000440

iter 255: cpu_time_pred = 0.012030
iter 255: gpu_time_pred = 0.003399
!!Border found at iter 254
iter 255: cpu_time_cuda = 0.006528
iter 255: gpu_time_cuda = 0.003538
iter 255: download_copy_time_cuda = 0.000403
iter 255: upload_copy_time_cuda = 0.000432

iter 256: cpu_time_pred = 0.011842
iter 256: gpu_time_pred = 0.003294
!!Border found at iter 255
iter 256: cpu_time_cuda = 0.006355
iter 256: gpu_time_cuda = 0.003662
iter 256: download_copy_time_cuda = 0.000389
iter 256: upload_copy_time_cuda = 0.000428

iter 257: cpu_time_pred = 0.011654
iter 257: gpu_time_pred = 0.003190
!!Border found at iter 256
iter 257: cpu_time_cuda = 0.006269
iter 257: gpu_time_cuda = 0.003422
iter 257: download_copy_time_cuda = 0.000384
iter 257: upload_copy_time_cuda = 0.000427

iter 258: cpu_time_pred = 0.011466
iter 258: gpu_time_pred = 0.003088
!!Border found at iter 257
iter 258: cpu_time_cuda = 0.006155
iter 258: gpu_time_cuda = 0.003541
iter 258: download_copy_time_cuda = 0.000389
iter 258: upload_copy_time_cuda = 0.000414

iter 259: cpu_time_pred = 0.011278
iter 259: gpu_time_pred = 0.002987
!!Border found at iter 258
iter 259: cpu_time_cuda = 0.006049
iter 259: gpu_time_cuda = 0.003236
iter 259: download_copy_time_cuda = 0.000374
iter 259: upload_copy_time_cuda = 0.000407

iter 260: cpu_time_pred = 0.011090
iter 260: gpu_time_pred = 0.002889
!!Border found at iter 259
iter 260: cpu_time_cuda = 0.006010
iter 260: gpu_time_cuda = 0.003184
iter 260: download_copy_time_cuda = 0.000365
iter 260: upload_copy_time_cuda = 0.000411

iter 261: cpu_time_pred = 0.010902
iter 261: gpu_time_pred = 0.002792
!!Border found at iter 260
iter 261: cpu_time_cuda = 0.005934
iter 261: gpu_time_cuda = 0.002980
iter 261: download_copy_time_cuda = 0.000359
iter 261: upload_copy_time_cuda = 0.000388

iter 262: cpu_time_pred = 0.010714
iter 262: gpu_time_pred = 0.002696
!!Border found at iter 261
iter 262: cpu_time_cuda = 0.005771
iter 262: gpu_time_cuda = 0.003059
iter 262: download_copy_time_cuda = 0.000355
iter 262: upload_copy_time_cuda = 0.000383

iter 263: cpu_time_pred = 0.010526
iter 263: gpu_time_pred = 0.002602
!!Border found at iter 262
iter 263: cpu_time_cuda = 0.005654
iter 263: gpu_time_cuda = 0.003169
iter 263: download_copy_time_cuda = 0.000350
iter 263: upload_copy_time_cuda = 0.000376

iter 264: cpu_time_pred = 0.010338
iter 264: gpu_time_pred = 0.002510
!!Border found at iter 263
iter 264: cpu_time_cuda = 0.005560
iter 264: gpu_time_cuda = 0.002953
iter 264: download_copy_time_cuda = 0.000343
iter 264: upload_copy_time_cuda = 0.000369

iter 265: cpu_time_pred = 0.010150
iter 265: gpu_time_pred = 0.002420
!!Border found at iter 264
iter 265: cpu_time_cuda = 0.005491
iter 265: gpu_time_cuda = 0.002653
iter 265: download_copy_time_cuda = 0.000338
iter 265: upload_copy_time_cuda = 0.000362

iter 266: cpu_time_pred = 0.009962
iter 266: gpu_time_pred = 0.002331
!!Border found at iter 265
iter 266: cpu_time_cuda = 0.005383
iter 266: gpu_time_cuda = 0.002727
iter 266: download_copy_time_cuda = 0.000332
iter 266: upload_copy_time_cuda = 0.000362

iter 267: cpu_time_pred = 0.009775
iter 267: gpu_time_pred = 0.002244
!!Border found at iter 266
iter 267: cpu_time_cuda = 0.005327
iter 267: gpu_time_cuda = 0.002774
iter 267: download_copy_time_cuda = 0.000326
iter 267: upload_copy_time_cuda = 0.000351

iter 268: cpu_time_pred = 0.009587
iter 268: gpu_time_pred = 0.002158
!!Border found at iter 267
iter 268: cpu_time_cuda = 0.005201
iter 268: gpu_time_cuda = 0.002494
iter 268: download_copy_time_cuda = 0.000320
iter 268: upload_copy_time_cuda = 0.000344

iter 269: cpu_time_pred = 0.009399
iter 269: gpu_time_pred = 0.002075
!!Border found at iter 268
iter 269: cpu_time_cuda = 0.005255
iter 269: gpu_time_cuda = 0.002279
iter 269: download_copy_time_cuda = 0.000313
iter 269: upload_copy_time_cuda = 0.000334

iter 270: cpu_time_pred = 0.009211
iter 270: gpu_time_pred = 0.001992
!!Border found at iter 269
iter 270: cpu_time_cuda = 0.005032
iter 270: gpu_time_cuda = 0.002262
iter 270: download_copy_time_cuda = 0.000306
iter 270: upload_copy_time_cuda = 0.000331

iter 271: cpu_time_pred = 0.009023
iter 271: gpu_time_pred = 0.001912
!!Border found at iter 270
iter 271: cpu_time_cuda = 0.004907
iter 271: gpu_time_cuda = 0.002114
iter 271: download_copy_time_cuda = 0.000303
iter 271: upload_copy_time_cuda = 0.000325

iter 272: cpu_time_pred = 0.008835
iter 272: gpu_time_pred = 0.001833
!!Border found at iter 271
iter 272: cpu_time_cuda = 0.004832
iter 272: gpu_time_cuda = 0.002197
iter 272: download_copy_time_cuda = 0.000296
iter 272: upload_copy_time_cuda = 0.000320

iter 273: cpu_time_pred = 0.008647
iter 273: gpu_time_pred = 0.001756
!!Border found at iter 272
iter 273: cpu_time_cuda = 0.004741
iter 273: gpu_time_cuda = 0.002181
iter 273: download_copy_time_cuda = 0.000290
iter 273: upload_copy_time_cuda = 0.000315

iter 274: cpu_time_pred = 0.008459
iter 274: gpu_time_pred = 0.001680
!!Border found at iter 273
iter 274: cpu_time_cuda = 0.004634
iter 274: gpu_time_cuda = 0.001912
iter 274: download_copy_time_cuda = 0.000284
iter 274: upload_copy_time_cuda = 0.000306

iter 275: cpu_time_pred = 0.008271
iter 275: gpu_time_pred = 0.001607
!!Border found at iter 274
iter 275: cpu_time_cuda = 0.004547
iter 275: gpu_time_cuda = 0.001779
iter 275: download_copy_time_cuda = 0.000279
iter 275: upload_copy_time_cuda = 0.000299

iter 276: cpu_time_pred = 0.008083
iter 276: gpu_time_pred = 0.001534
!!Border found at iter 275
iter 276: cpu_time_cuda = 0.004448
iter 276: gpu_time_cuda = 0.001859
iter 276: download_copy_time_cuda = 0.000273
iter 276: upload_copy_time_cuda = 0.000293

iter 277: cpu_time_pred = 0.007895
iter 277: gpu_time_pred = 0.001464
!!Border found at iter 276
iter 277: cpu_time_cuda = 0.004312
iter 277: gpu_time_cuda = 0.001828
iter 277: download_copy_time_cuda = 0.000267
iter 277: upload_copy_time_cuda = 0.000290

iter 278: cpu_time_pred = 0.007707
iter 278: gpu_time_pred = 0.001395
!!Border found at iter 277
iter 278: cpu_time_cuda = 0.004230
iter 278: gpu_time_cuda = 0.001605
iter 278: download_copy_time_cuda = 0.000263
iter 278: upload_copy_time_cuda = 0.000281

iter 279: cpu_time_pred = 0.007519
iter 279: gpu_time_pred = 0.001328
!!Border found at iter 278
iter 279: cpu_time_cuda = 0.004146
iter 279: gpu_time_cuda = 0.001534
iter 279: download_copy_time_cuda = 0.000257
iter 279: upload_copy_time_cuda = 0.000274

iter 280: cpu_time_pred = 0.007331
iter 280: gpu_time_pred = 0.001262
!!Border found at iter 279
iter 280: cpu_time_cuda = 0.004031
iter 280: gpu_time_cuda = 0.001459
iter 280: download_copy_time_cuda = 0.000251
iter 280: upload_copy_time_cuda = 0.000267

iter 281: cpu_time_pred = 0.007143
iter 281: gpu_time_pred = 0.001198
!!Border found at iter 280
iter 281: cpu_time_cuda = 0.003922
iter 281: gpu_time_cuda = 0.001360
iter 281: download_copy_time_cuda = 0.000244
iter 281: upload_copy_time_cuda = 0.000262

iter 282: cpu_time_pred = 0.006955
iter 282: gpu_time_pred = 0.001136
!!Border found at iter 281
iter 282: cpu_time_cuda = 0.003953
iter 282: gpu_time_cuda = 0.001491
iter 282: download_copy_time_cuda = 0.000239
iter 282: upload_copy_time_cuda = 0.000258

iter 283: cpu_time_pred = 0.006767
iter 283: gpu_time_pred = 0.001075
!!Border found at iter 282
iter 283: cpu_time_cuda = 0.003742
iter 283: gpu_time_cuda = 0.001376
iter 283: download_copy_time_cuda = 0.000231
iter 283: upload_copy_time_cuda = 0.000250

iter 284: cpu_time_pred = 0.006579
iter 284: gpu_time_pred = 0.001017
!!Border found at iter 283
iter 284: cpu_time_cuda = 0.003656
iter 284: gpu_time_cuda = 0.001232
iter 284: download_copy_time_cuda = 0.000226
iter 284: upload_copy_time_cuda = 0.000243

iter 285: cpu_time_pred = 0.006391
iter 285: gpu_time_pred = 0.000959
!!Border found at iter 284
iter 285: cpu_time_cuda = 0.003555
iter 285: gpu_time_cuda = 0.001107
iter 285: download_copy_time_cuda = 0.000220
iter 285: upload_copy_time_cuda = 0.000238

iter 286: cpu_time_pred = 0.006203
iter 286: gpu_time_pred = 0.000904
!!Border found at iter 285
iter 286: cpu_time_cuda = 0.003465
iter 286: gpu_time_cuda = 0.001145
iter 286: download_copy_time_cuda = 0.000215
iter 286: upload_copy_time_cuda = 0.000229

iter 287: cpu_time_pred = 0.006015
iter 287: gpu_time_pred = 0.000850
!!Border found at iter 286
iter 287: cpu_time_cuda = 0.003391
iter 287: gpu_time_cuda = 0.001115
iter 287: download_copy_time_cuda = 0.000210
iter 287: upload_copy_time_cuda = 0.000229

iter 288: cpu_time_pred = 0.005827
iter 288: gpu_time_pred = 0.000797
!!Border found at iter 287
iter 288: cpu_time_cuda = 0.003261
iter 288: gpu_time_cuda = 0.001071
iter 288: download_copy_time_cuda = 0.000202
iter 288: upload_copy_time_cuda = 0.000217

iter 289: cpu_time_pred = 0.005639
iter 289: gpu_time_pred = 0.000747
!!Border found at iter 288
iter 289: cpu_time_cuda = 0.003199
iter 289: gpu_time_cuda = 0.000953
iter 289: download_copy_time_cuda = 0.000196
iter 289: upload_copy_time_cuda = 0.000211

iter 290: cpu_time_pred = 0.005451
iter 290: gpu_time_pred = 0.000698
!!Border found at iter 289
iter 290: cpu_time_cuda = 0.003090
iter 290: gpu_time_cuda = 0.000888
iter 290: download_copy_time_cuda = 0.000191
iter 290: upload_copy_time_cuda = 0.000205

iter 291: cpu_time_pred = 0.005263
iter 291: gpu_time_pred = 0.000651
!!Border found at iter 290
iter 291: cpu_time_cuda = 0.003024
iter 291: gpu_time_cuda = 0.000817
iter 291: download_copy_time_cuda = 0.000186
iter 291: upload_copy_time_cuda = 0.000198

iter 292: cpu_time_pred = 0.005075
iter 292: gpu_time_pred = 0.000605
!!Border found at iter 291
iter 292: cpu_time_cuda = 0.002900
iter 292: gpu_time_cuda = 0.000827
iter 292: download_copy_time_cuda = 0.000180
iter 292: upload_copy_time_cuda = 0.000192

iter 293: cpu_time_pred = 0.004887
iter 293: gpu_time_pred = 0.000561
!!Border found at iter 292
iter 293: cpu_time_cuda = 0.002804
iter 293: gpu_time_cuda = 0.000742
iter 293: download_copy_time_cuda = 0.000174
iter 293: upload_copy_time_cuda = 0.000192

iter 294: cpu_time_pred = 0.004699
iter 294: gpu_time_pred = 0.000519
!!Border found at iter 293
iter 294: cpu_time_cuda = 0.002720
iter 294: gpu_time_cuda = 0.000730
iter 294: download_copy_time_cuda = 0.000168
iter 294: upload_copy_time_cuda = 0.000180

iter 295: cpu_time_pred = 0.004511
iter 295: gpu_time_pred = 0.000478
!!Border found at iter 294
iter 295: cpu_time_cuda = 0.002610
iter 295: gpu_time_cuda = 0.000648
iter 295: download_copy_time_cuda = 0.000163
iter 295: upload_copy_time_cuda = 0.000173

iter 296: cpu_time_pred = 0.004323
iter 296: gpu_time_pred = 0.000439
!!Border found at iter 295
iter 296: cpu_time_cuda = 0.002534
iter 296: gpu_time_cuda = 0.000600
iter 296: download_copy_time_cuda = 0.000158
iter 296: upload_copy_time_cuda = 0.000169

iter 297: cpu_time_pred = 0.004135
iter 297: gpu_time_pred = 0.000402
!!Border found at iter 296
iter 297: cpu_time_cuda = 0.002410
iter 297: gpu_time_cuda = 0.000508
iter 297: download_copy_time_cuda = 0.000150
iter 297: upload_copy_time_cuda = 0.000163

iter 298: cpu_time_pred = 0.003947
iter 298: gpu_time_pred = 0.000366
!!Border found at iter 297
iter 298: cpu_time_cuda = 0.002320
iter 298: gpu_time_cuda = 0.000530
iter 298: download_copy_time_cuda = 0.000146
iter 298: upload_copy_time_cuda = 0.000156

iter 299: cpu_time_pred = 0.003759
iter 299: gpu_time_pred = 0.000332
!!Border found at iter 298
iter 299: cpu_time_cuda = 0.002208
iter 299: gpu_time_cuda = 0.000452
iter 299: download_copy_time_cuda = 0.000140
iter 299: upload_copy_time_cuda = 0.000149

iter 300: cpu_time_pred = 0.003571
iter 300: gpu_time_pred = 0.000300
!!Border found at iter 299
iter 300: cpu_time_cuda = 0.002105
iter 300: gpu_time_cuda = 0.000416
iter 300: download_copy_time_cuda = 0.000134
iter 300: upload_copy_time_cuda = 0.000147

iter 301: cpu_time_pred = 0.003383
iter 301: gpu_time_pred = 0.000269
!!Border found at iter 300
iter 301: cpu_time_cuda = 0.002006
iter 301: gpu_time_cuda = 0.000401
iter 301: download_copy_time_cuda = 0.000127
iter 301: upload_copy_time_cuda = 0.000144

iter 302: cpu_time_pred = 0.003196
iter 302: gpu_time_pred = 0.000240
!!Border found at iter 301
iter 302: cpu_time_cuda = 0.002000
iter 302: gpu_time_cuda = 0.000351
iter 302: download_copy_time_cuda = 0.000123
iter 302: upload_copy_time_cuda = 0.000129

iter 303: cpu_time_pred = 0.003008
iter 303: gpu_time_pred = 0.000212
!!Border found at iter 302
iter 303: cpu_time_cuda = 0.001898
iter 303: gpu_time_cuda = 0.000342
iter 303: download_copy_time_cuda = 0.000114
iter 303: upload_copy_time_cuda = 0.000122

iter 304: cpu_time_pred = 0.002820
iter 304: gpu_time_pred = 0.000187
!!Border found at iter 303
iter 304: cpu_time_cuda = 0.001712
iter 304: gpu_time_cuda = 0.000295
iter 304: download_copy_time_cuda = 0.000110
iter 304: upload_copy_time_cuda = 0.000117

iter 305: cpu_time_pred = 0.002632
iter 305: gpu_time_pred = 0.000163
!!Border found at iter 304
iter 305: cpu_time_cuda = 0.001659
iter 305: gpu_time_cuda = 0.000273
iter 305: download_copy_time_cuda = 0.000105
iter 305: upload_copy_time_cuda = 0.000111

iter 306: cpu_time_pred = 0.002444
iter 306: gpu_time_pred = 0.000140
!!Border found at iter 305
iter 306: cpu_time_cuda = 0.001550
iter 306: gpu_time_cuda = 0.000254
iter 306: download_copy_time_cuda = 0.000099
iter 306: upload_copy_time_cuda = 0.000106

iter 307: cpu_time_pred = 0.002256
iter 307: gpu_time_pred = 0.000119
!!Border found at iter 306
iter 307: cpu_time_cuda = 0.001473
iter 307: gpu_time_cuda = 0.000199
iter 307: download_copy_time_cuda = 0.000092
iter 307: upload_copy_time_cuda = 0.000100

iter 308: cpu_time_pred = 0.002068
iter 308: gpu_time_pred = 0.000100
!!Border found at iter 307
iter 308: cpu_time_cuda = 0.001367
iter 308: gpu_time_cuda = 0.000204
iter 308: download_copy_time_cuda = 0.000087
iter 308: upload_copy_time_cuda = 0.000093

iter 309: cpu_time_pred = 0.001880
iter 309: gpu_time_pred = 0.000083
!!Border found at iter 308
iter 309: cpu_time_cuda = 0.001274
iter 309: gpu_time_cuda = 0.000181
iter 309: download_copy_time_cuda = 0.000082
iter 309: upload_copy_time_cuda = 0.000088

iter 310: cpu_time_pred = 0.001692
iter 310: gpu_time_pred = 0.000067
!!Border found at iter 309
iter 310: cpu_time_cuda = 0.001210
iter 310: gpu_time_cuda = 0.000152
iter 310: download_copy_time_cuda = 0.000078
iter 310: upload_copy_time_cuda = 0.000083

iter 311: cpu_time_pred = 0.001504
iter 311: gpu_time_pred = 0.000053
!!Border found at iter 310
iter 311: cpu_time_cuda = 0.001188
iter 311: gpu_time_cuda = 0.000138
iter 311: download_copy_time_cuda = 0.000073
iter 311: upload_copy_time_cuda = 0.000079

iter 312: cpu_time_pred = 0.001316
iter 312: gpu_time_pred = 0.000041
!!Border found at iter 311
iter 312: cpu_time_cuda = 0.001569
iter 312: gpu_time_cuda = 0.000108
iter 312: download_copy_time_cuda = 0.000068
iter 312: upload_copy_time_cuda = 0.000075

iter 313: cpu_time_pred = 0.001128
iter 313: gpu_time_pred = 0.000030
!!Border found at iter 312
iter 313: cpu_time_cuda = 0.000955
iter 313: gpu_time_cuda = 0.000078
iter 313: download_copy_time_cuda = 0.000063
iter 313: upload_copy_time_cuda = 0.000071

iter 314: cpu_time_pred = 0.000940
iter 314: gpu_time_pred = 0.000021
!!Border found at iter 313
iter 314: cpu_time_cuda = 0.000857
iter 314: gpu_time_cuda = 0.000068
iter 314: download_copy_time_cuda = 0.000060
iter 314: upload_copy_time_cuda = 0.000067

iter 315: cpu_time_pred = 0.000752
iter 315: gpu_time_pred = 0.000013
!!Border found at iter 314
iter 315: cpu_time_cuda = 0.000774
iter 315: gpu_time_cuda = 0.000056
iter 315: download_copy_time_cuda = 0.000056
iter 315: upload_copy_time_cuda = 0.000063

iter 316: cpu_time_pred = 0.000564
iter 316: gpu_time_pred = 0.000007
!!Border found at iter 315
iter 316: cpu_time_cuda = 0.000664
iter 316: gpu_time_cuda = 0.000054
iter 316: download_copy_time_cuda = 0.000053
iter 316: upload_copy_time_cuda = 0.000058

iter 317: cpu_time_pred = 0.000376
iter 317: gpu_time_pred = 0.000003
!!Border found at iter 316
iter 317: cpu_time_cuda = 0.000577
iter 317: gpu_time_cuda = 0.000051
iter 317: download_copy_time_cuda = 0.000048
iter 317: upload_copy_time_cuda = 0.000055

iter 318: cpu_time_pred = 0.000188
iter 318: gpu_time_pred = 0.000001
!!Border found at iter 317
iter 318: cpu_time_cuda = 0.000495
iter 318: gpu_time_cuda = 0.000049
iter 318: download_copy_time_cuda = 0.000046
iter 318: upload_copy_time_cuda = 0.000048

iter 319: cpu_time_pred = 0.000000
iter 319: gpu_time_pred = 0.000000
!!Border found at iter 318
iter 319: cpu_time_cuda = 0.000427
iter 319: gpu_time_cuda = 0.000002
iter 319: download_copy_time_cuda = 0.000043
iter 319: upload_copy_time_cuda = 0.000036

total_cpu_time_cuda = 7.713245
total_gpu_time_cuda = 9.051286
total_copy_time_cuda = 0.634735
main_loop_time_cuda = 18.009468
Normalized difference of predicted CPU runtime per iteration is: 48.904984%
Normalized difference of predicted GPU runtime per iteration is: -7.905776%
Normalized difference of predicted slack per iteration is: -401.247596%
20480 20480     ---   (  ---  )    297.73 (  19.23)     ---   
total_time = 32.838266
30.25user 4.77system 0:36.21elapsed 96%CPU (0avgtext+0avgdata 3431016maxresident)k
4504inputs+0outputs (1major+842949minor)pagefaults 0swaps
send out message: 22 3 log
