send out message: 24 37 /home/lchen/MAGMA/magma-1.3.0/results
send out message: 20 26 MAGMA_LU_GPUDVFS.total.pwr
MAGMA 1.3.0
device 0: Tesla K20c, 705.5 MHz clock, 4799.6 MB memory, capability 3.5

Usage: /home/lchen/MAGMA/magma-1.3.0/testing/testing_dgetrf -N <m,n> -c -c2 -l
  -N  can be repeated up to 10 times. If only m is given, then m=n.
  -c  or setting $MAGMA_TESTINGS_CHECK checks result, PA - LU.
  -c2 for square matrices, solves one RHS and checks residual, Ax - b.
  -l  or setting $MAGMA_RUN_LAPACK runs LAPACK.

    M     N   CPU GFlop/s (sec)   GPU GFlop/s (sec)   |PA-LU|/(N*|A|)
=========================================================================
init_time = 0.847108
iter 0: cpu_time_cuda = 0.000000
iter 0: gpu_time_cuda = 0.000000
iter 0: download_copy_time_cuda = 0.000000
iter 0: upload_copy_time_cuda = 0.000496

iter 1: cpu_time_cuda = 0.007609
iter 1: gpu_time_cuda = 0.005465
iter 1: download_copy_time_cuda = 0.000452
iter 1: upload_copy_time_cuda = 0.000482

iter 2: cpu_time_pred = 0.007511
iter 2: gpu_time_pred = 0.005326
!!Border found at iter 1
iter 2: ratio_split_freq = 0.066061
iter 2: cpu_time_cuda = 0.007510
iter 2: gpu_time_cuda = 0.033217
iter 2: download_copy_time_cuda = 0.001179
iter 2: upload_copy_time_cuda = 0.001193

iter 3: cpu_time_pred = 0.007414
iter 3: gpu_time_pred = 0.005189
iter 3: ratio_split_freq = 0.069049
iter 3: cpu_time_cuda = 0.007420
iter 3: gpu_time_cuda = 0.032205
iter 3: download_copy_time_cuda = 0.001110
iter 3: upload_copy_time_cuda = 0.001176

iter 4: cpu_time_pred = 0.007316
iter 4: gpu_time_pred = 0.005053
iter 4: ratio_split_freq = 0.072117
iter 4: cpu_time_cuda = 0.007330
iter 4: gpu_time_cuda = 0.031711
iter 4: download_copy_time_cuda = 0.001094
iter 4: upload_copy_time_cuda = 0.001159

iter 5: cpu_time_pred = 0.007218
iter 5: gpu_time_pred = 0.004919
iter 5: ratio_split_freq = 0.075267
iter 5: cpu_time_cuda = 0.007217
iter 5: gpu_time_cuda = 0.030501
iter 5: download_copy_time_cuda = 0.001079
iter 5: upload_copy_time_cuda = 0.001139

iter 6: cpu_time_pred = 0.007121
iter 6: gpu_time_pred = 0.004787
iter 6: ratio_split_freq = 0.078504
iter 6: cpu_time_cuda = 0.007120
iter 6: gpu_time_cuda = 0.029905
iter 6: download_copy_time_cuda = 0.001072
iter 6: upload_copy_time_cuda = 0.001127

iter 7: cpu_time_pred = 0.007023
iter 7: gpu_time_pred = 0.004657
iter 7: ratio_split_freq = 0.081831
iter 7: cpu_time_cuda = 0.007023
iter 7: gpu_time_cuda = 0.028700
iter 7: download_copy_time_cuda = 0.001067
iter 7: upload_copy_time_cuda = 0.001111

iter 8: cpu_time_pred = 0.006926
iter 8: gpu_time_pred = 0.004528
iter 8: ratio_split_freq = 0.085252
iter 8: cpu_time_cuda = 0.006929
iter 8: gpu_time_cuda = 0.028173
iter 8: download_copy_time_cuda = 0.001048
iter 8: upload_copy_time_cuda = 0.001098

iter 9: cpu_time_pred = 0.006828
iter 9: gpu_time_pred = 0.004402
iter 9: ratio_split_freq = 0.088770
iter 9: cpu_time_cuda = 0.006829
iter 9: gpu_time_cuda = 0.027343
iter 9: download_copy_time_cuda = 0.001020
iter 9: upload_copy_time_cuda = 0.001087

iter 10: cpu_time_pred = 0.006731
iter 10: gpu_time_pred = 0.004277
iter 10: ratio_split_freq = 0.092390
iter 10: cpu_time_cuda = 0.006750
iter 10: gpu_time_cuda = 0.026811
iter 10: download_copy_time_cuda = 0.001015
iter 10: upload_copy_time_cuda = 0.001062

iter 11: cpu_time_pred = 0.006633
iter 11: gpu_time_pred = 0.004154
iter 11: ratio_split_freq = 0.096117
iter 11: cpu_time_cuda = 0.006674
iter 11: gpu_time_cuda = 0.025839
iter 11: download_copy_time_cuda = 0.000996
iter 11: upload_copy_time_cuda = 0.001045

iter 12: cpu_time_pred = 0.006536
iter 12: gpu_time_pred = 0.004033
iter 12: ratio_split_freq = 0.099955
iter 12: cpu_time_cuda = 0.006552
iter 12: gpu_time_cuda = 0.025260
iter 12: download_copy_time_cuda = 0.000971
iter 12: upload_copy_time_cuda = 0.001039

iter 13: cpu_time_pred = 0.006438
iter 13: gpu_time_pred = 0.003913
iter 13: ratio_split_freq = 0.103910
iter 13: cpu_time_cuda = 0.006447
iter 13: gpu_time_cuda = 0.024397
iter 13: download_copy_time_cuda = 0.000971
iter 13: upload_copy_time_cuda = 0.001027

iter 14: cpu_time_pred = 0.006341
iter 14: gpu_time_pred = 0.003795
iter 14: ratio_split_freq = 0.107986
iter 14: cpu_time_cuda = 0.006351
iter 14: gpu_time_cuda = 0.023703
iter 14: download_copy_time_cuda = 0.000957
iter 14: upload_copy_time_cuda = 0.001009

iter 15: cpu_time_pred = 0.006243
iter 15: gpu_time_pred = 0.003680
iter 15: ratio_split_freq = 0.112189
iter 15: cpu_time_cuda = 0.006242
iter 15: gpu_time_cuda = 0.022921
iter 15: download_copy_time_cuda = 0.000942
iter 15: upload_copy_time_cuda = 0.000996

iter 16: cpu_time_pred = 0.006145
iter 16: gpu_time_pred = 0.003565
iter 16: ratio_split_freq = 0.116526
iter 16: cpu_time_cuda = 0.006121
iter 16: gpu_time_cuda = 0.022350
iter 16: download_copy_time_cuda = 0.000926
iter 16: upload_copy_time_cuda = 0.000986

iter 17: cpu_time_pred = 0.006048
iter 17: gpu_time_pred = 0.003453
iter 17: ratio_split_freq = 0.121003
iter 17: cpu_time_cuda = 0.006030
iter 17: gpu_time_cuda = 0.021674
iter 17: download_copy_time_cuda = 0.000898
iter 17: upload_copy_time_cuda = 0.000966

iter 18: cpu_time_pred = 0.005950
iter 18: gpu_time_pred = 0.003343
iter 18: ratio_split_freq = 0.125626
iter 18: cpu_time_cuda = 0.005924
iter 18: gpu_time_cuda = 0.021127
iter 18: download_copy_time_cuda = 0.000886
iter 18: upload_copy_time_cuda = 0.000952

iter 19: cpu_time_pred = 0.005853
iter 19: gpu_time_pred = 0.003234
iter 19: ratio_split_freq = 0.130404
iter 19: cpu_time_cuda = 0.005830
iter 19: gpu_time_cuda = 0.020237
iter 19: download_copy_time_cuda = 0.000871
iter 19: upload_copy_time_cuda = 0.000936

iter 20: cpu_time_pred = 0.005755
iter 20: gpu_time_pred = 0.003127
iter 20: ratio_split_freq = 0.135343
iter 20: cpu_time_cuda = 0.005737
iter 20: gpu_time_cuda = 0.019656
iter 20: download_copy_time_cuda = 0.000857
iter 20: upload_copy_time_cuda = 0.000908

iter 21: cpu_time_pred = 0.005658
iter 21: gpu_time_pred = 0.003022
iter 21: ratio_split_freq = 0.140453
iter 21: cpu_time_cuda = 0.005644
iter 21: gpu_time_cuda = 0.018876
iter 21: download_copy_time_cuda = 0.000846
iter 21: upload_copy_time_cuda = 0.000899

iter 22: cpu_time_pred = 0.005560
iter 22: gpu_time_pred = 0.002919
iter 22: ratio_split_freq = 0.145742
iter 22: cpu_time_cuda = 0.005540
iter 22: gpu_time_cuda = 0.018353
iter 22: download_copy_time_cuda = 0.000825
iter 22: upload_copy_time_cuda = 0.000884

iter 23: cpu_time_pred = 0.005463
iter 23: gpu_time_pred = 0.002817
iter 23: ratio_split_freq = 0.151220
iter 23: cpu_time_cuda = 0.005429
iter 23: gpu_time_cuda = 0.017643
iter 23: download_copy_time_cuda = 0.000803
iter 23: upload_copy_time_cuda = 0.000868

iter 24: cpu_time_pred = 0.005365
iter 24: gpu_time_pred = 0.002717
iter 24: ratio_split_freq = 0.156898
iter 24: cpu_time_cuda = 0.005339
iter 24: gpu_time_cuda = 0.017257
iter 24: download_copy_time_cuda = 0.000788
iter 24: upload_copy_time_cuda = 0.000850

iter 25: cpu_time_pred = 0.005268
iter 25: gpu_time_pred = 0.002619
iter 25: ratio_split_freq = 0.162785
iter 25: cpu_time_cuda = 0.005236
iter 25: gpu_time_cuda = 0.016511
iter 25: download_copy_time_cuda = 0.000771
iter 25: upload_copy_time_cuda = 0.000836

iter 26: cpu_time_pred = 0.005170
iter 26: gpu_time_pred = 0.002523
iter 26: ratio_split_freq = 0.168895
iter 26: cpu_time_cuda = 0.005152
iter 26: gpu_time_cuda = 0.015941
iter 26: download_copy_time_cuda = 0.000758
iter 26: upload_copy_time_cuda = 0.000821

iter 27: cpu_time_pred = 0.005072
iter 27: gpu_time_pred = 0.002429
iter 27: ratio_split_freq = 0.175240
iter 27: cpu_time_cuda = 0.005068
iter 27: gpu_time_cuda = 0.015179
iter 27: download_copy_time_cuda = 0.000745
iter 27: upload_copy_time_cuda = 0.000816

iter 28: cpu_time_pred = 0.004975
iter 28: gpu_time_pred = 0.002337
iter 28: ratio_split_freq = 0.181833
iter 28: cpu_time_cuda = 0.005511
iter 28: gpu_time_cuda = 0.014827
iter 28: download_copy_time_cuda = 0.000729
iter 28: upload_copy_time_cuda = 0.000792

iter 29: cpu_time_pred = 0.004877
iter 29: gpu_time_pred = 0.002246
iter 29: ratio_split_freq = 0.188691
iter 29: cpu_time_cuda = 0.005282
iter 29: gpu_time_cuda = 0.014130
iter 29: download_copy_time_cuda = 0.000701
iter 29: upload_copy_time_cuda = 0.000778

iter 30: cpu_time_pred = 0.004780
iter 30: gpu_time_pred = 0.002157
iter 30: ratio_split_freq = 0.195828
iter 30: cpu_time_cuda = 0.005192
iter 30: gpu_time_cuda = 0.013768
iter 30: download_copy_time_cuda = 0.000691
iter 30: upload_copy_time_cuda = 0.000763

iter 31: cpu_time_pred = 0.004682
iter 31: gpu_time_pred = 0.002070
iter 31: ratio_split_freq = 0.203262
iter 31: cpu_time_cuda = 0.005098
iter 31: gpu_time_cuda = 0.012971
iter 31: download_copy_time_cuda = 0.000670
iter 31: upload_copy_time_cuda = 0.000741

iter 32: cpu_time_pred = 0.004585
iter 32: gpu_time_pred = 0.001984
iter 32: ratio_split_freq = 0.211013
iter 32: cpu_time_cuda = 0.004992
iter 32: gpu_time_cuda = 0.012662
iter 32: download_copy_time_cuda = 0.000674
iter 32: upload_copy_time_cuda = 0.000737

iter 33: cpu_time_pred = 0.004487
iter 33: gpu_time_pred = 0.001901
iter 33: ratio_split_freq = 0.219101
iter 33: cpu_time_cuda = 0.004896
iter 33: gpu_time_cuda = 0.012045
iter 33: download_copy_time_cuda = 0.000642
iter 33: upload_copy_time_cuda = 0.000715

iter 34: cpu_time_pred = 0.004390
iter 34: gpu_time_pred = 0.001819
iter 34: ratio_split_freq = 0.227548
iter 34: cpu_time_cuda = 0.004798
iter 34: gpu_time_cuda = 0.011682
iter 34: download_copy_time_cuda = 0.000628
iter 34: upload_copy_time_cuda = 0.000697

iter 35: cpu_time_pred = 0.004292
iter 35: gpu_time_pred = 0.001739
iter 35: ratio_split_freq = 0.236380
iter 35: cpu_time_cuda = 0.004727
iter 35: gpu_time_cuda = 0.010989
iter 35: download_copy_time_cuda = 0.000623
iter 35: upload_copy_time_cuda = 0.000675

iter 36: cpu_time_pred = 0.004195
iter 36: gpu_time_pred = 0.001661
iter 36: ratio_split_freq = 0.245622
iter 36: cpu_time_cuda = 0.004633
iter 36: gpu_time_cuda = 0.010595
iter 36: download_copy_time_cuda = 0.000599
iter 36: upload_copy_time_cuda = 0.000672

iter 37: cpu_time_pred = 0.004097
iter 37: gpu_time_pred = 0.001585
iter 37: ratio_split_freq = 0.255304
iter 37: cpu_time_cuda = 0.004493
iter 37: gpu_time_cuda = 0.010081
iter 37: download_copy_time_cuda = 0.000583
iter 37: upload_copy_time_cuda = 0.000647

iter 38: cpu_time_pred = 0.003999
iter 38: gpu_time_pred = 0.001510
iter 38: ratio_split_freq = 0.265459
iter 38: cpu_time_cuda = 0.004382
iter 38: gpu_time_cuda = 0.009807
iter 38: download_copy_time_cuda = 0.000570
iter 38: upload_copy_time_cuda = 0.000622

iter 39: cpu_time_pred = 0.003902
iter 39: gpu_time_pred = 0.001437
iter 39: ratio_split_freq = 0.276121
iter 39: cpu_time_cuda = 0.004294
iter 39: gpu_time_cuda = 0.009168
iter 39: download_copy_time_cuda = 0.000556
iter 39: upload_copy_time_cuda = 0.000605

iter 40: cpu_time_pred = 0.003804
iter 40: gpu_time_pred = 0.001366
iter 40: ratio_split_freq = 0.287330
iter 40: cpu_time_cuda = 0.004220
iter 40: gpu_time_cuda = 0.008910
iter 40: download_copy_time_cuda = 0.000569
iter 40: upload_copy_time_cuda = 0.000589

iter 41: cpu_time_pred = 0.003707
iter 41: gpu_time_pred = 0.001297
iter 41: ratio_split_freq = 0.299129
iter 41: cpu_time_cuda = 0.004125
iter 41: gpu_time_cuda = 0.008282
iter 41: download_copy_time_cuda = 0.000529
iter 41: upload_copy_time_cuda = 0.000581

iter 42: cpu_time_pred = 0.003609
iter 42: gpu_time_pred = 0.001230
iter 42: ratio_split_freq = 0.311565
iter 42: cpu_time_cuda = 0.003998
iter 42: gpu_time_cuda = 0.008090
iter 42: download_copy_time_cuda = 0.000522
iter 42: upload_copy_time_cuda = 0.000562

iter 43: cpu_time_pred = 0.003512
iter 43: gpu_time_pred = 0.001164
iter 43: ratio_split_freq = 0.324693
iter 43: cpu_time_cuda = 0.003954
iter 43: gpu_time_cuda = 0.007445
iter 43: download_copy_time_cuda = 0.000504
iter 43: upload_copy_time_cuda = 0.000553

iter 44: cpu_time_pred = 0.003414
iter 44: gpu_time_pred = 0.001100
iter 44: ratio_split_freq = 0.338571
iter 44: cpu_time_cuda = 0.003845
iter 44: gpu_time_cuda = 0.007148
iter 44: download_copy_time_cuda = 0.000480
iter 44: upload_copy_time_cuda = 0.000530

iter 45: cpu_time_pred = 0.003317
iter 45: gpu_time_pred = 0.001038
iter 45: ratio_split_freq = 0.353265
iter 45: cpu_time_cuda = 0.003741
iter 45: gpu_time_cuda = 0.006689
iter 45: download_copy_time_cuda = 0.000466
iter 45: upload_copy_time_cuda = 0.000511

iter 46: cpu_time_pred = 0.003219
iter 46: gpu_time_pred = 0.000978
iter 46: ratio_split_freq = 0.368850
iter 46: cpu_time_cuda = 0.003631
iter 46: gpu_time_cuda = 0.006382
iter 46: download_copy_time_cuda = 0.000456
iter 46: upload_copy_time_cuda = 0.000495

iter 47: cpu_time_pred = 0.003122
iter 47: gpu_time_pred = 0.000920
iter 47: ratio_split_freq = 0.385409
iter 47: cpu_time_cuda = 0.003564
iter 47: gpu_time_cuda = 0.005970
iter 47: download_copy_time_cuda = 0.000460
iter 47: upload_copy_time_cuda = 0.000476

iter 48: cpu_time_pred = 0.003024
iter 48: gpu_time_pred = 0.000863
iter 48: ratio_split_freq = 0.403036
iter 48: cpu_time_cuda = 0.003452
iter 48: gpu_time_cuda = 0.005724
iter 48: download_copy_time_cuda = 0.000418
iter 48: upload_copy_time_cuda = 0.000463

iter 49: cpu_time_pred = 0.002926
iter 49: gpu_time_pred = 0.000808
iter 49: ratio_split_freq = 0.421838
iter 49: cpu_time_cuda = 0.003353
iter 49: gpu_time_cuda = 0.005286
iter 49: download_copy_time_cuda = 0.000401
iter 49: upload_copy_time_cuda = 0.000444

iter 50: cpu_time_pred = 0.002829
iter 50: gpu_time_pred = 0.000755
iter 50: ratio_split_freq = 0.441937
iter 50: cpu_time_cuda = 0.003278
iter 50: gpu_time_cuda = 0.005084
iter 50: download_copy_time_cuda = 0.000389
iter 50: upload_copy_time_cuda = 0.000430

iter 51: cpu_time_pred = 0.002731
iter 51: gpu_time_pred = 0.000704
iter 51: ratio_split_freq = 0.463471
iter 51: cpu_time_cuda = 0.003186
iter 51: gpu_time_cuda = 0.004642
iter 51: download_copy_time_cuda = 0.000370
iter 51: upload_copy_time_cuda = 0.000413

iter 52: cpu_time_pred = 0.002634
iter 52: gpu_time_pred = 0.000655
iter 52: ratio_split_freq = 0.486601
iter 52: cpu_time_cuda = 0.003098
iter 52: gpu_time_cuda = 0.004315
iter 52: download_copy_time_cuda = 0.000359
iter 52: upload_copy_time_cuda = 0.000400

iter 53: cpu_time_pred = 0.002536
iter 53: gpu_time_pred = 0.000607
iter 53: ratio_split_freq = 0.511510
iter 53: cpu_time_cuda = 0.002976
iter 53: gpu_time_cuda = 0.003944
iter 53: download_copy_time_cuda = 0.000342
iter 53: upload_copy_time_cuda = 0.000382

iter 54: cpu_time_pred = 0.002439
iter 54: gpu_time_pred = 0.000561
iter 54: ratio_split_freq = 0.538412
iter 54: cpu_time_cuda = 0.002889
iter 54: gpu_time_cuda = 0.003832
iter 54: download_copy_time_cuda = 0.000329
iter 54: upload_copy_time_cuda = 0.000369

iter 55: cpu_time_pred = 0.002341
iter 55: gpu_time_pred = 0.000517
iter 55: ratio_split_freq = 0.567555
iter 55: cpu_time_cuda = 0.002807
iter 55: gpu_time_cuda = 0.003403
iter 55: download_copy_time_cuda = 0.000315
iter 55: upload_copy_time_cuda = 0.000358

iter 56: cpu_time_pred = 0.002244
iter 56: gpu_time_pred = 0.000475
iter 56: ratio_split_freq = 0.599233
iter 56: cpu_time_cuda = 0.002728
iter 56: gpu_time_cuda = 0.003260
iter 56: download_copy_time_cuda = 0.000321
iter 56: upload_copy_time_cuda = 0.000340

iter 57: cpu_time_pred = 0.002146
iter 57: gpu_time_pred = 0.000435
iter 57: ratio_split_freq = 0.633790
iter 57: cpu_time_cuda = 0.002618
iter 57: gpu_time_cuda = 0.002871
iter 57: download_copy_time_cuda = 0.000292
iter 57: upload_copy_time_cuda = 0.000327

iter 58: cpu_time_pred = 0.002048
iter 58: gpu_time_pred = 0.000396
iter 58: ratio_split_freq = 0.671639
iter 58: cpu_time_cuda = 0.002508
iter 58: gpu_time_cuda = 0.002675
iter 58: download_copy_time_cuda = 0.000280
iter 58: upload_copy_time_cuda = 0.000306

iter 59: cpu_time_pred = 0.001951
iter 59: gpu_time_pred = 0.000359
iter 59: ratio_split_freq = 0.713272
iter 59: cpu_time_cuda = 0.002393
iter 59: gpu_time_cuda = 0.002441
iter 59: download_copy_time_cuda = 0.000267
iter 59: upload_copy_time_cuda = 0.000293

iter 60: cpu_time_pred = 0.001853
iter 60: gpu_time_pred = 0.000324
iter 60: ratio_split_freq = 0.759288
iter 60: cpu_time_cuda = 0.002283
iter 60: gpu_time_cuda = 0.002232
iter 60: download_copy_time_cuda = 0.000257
iter 60: upload_copy_time_cuda = 0.000281

iter 61: cpu_time_pred = 0.001756
iter 61: gpu_time_pred = 0.000291
!!Border found at iter 60
iter 61: ratio_split_freq = 0.810417
iter 61: cpu_time_cuda = 0.002213
iter 61: gpu_time_cuda = 0.001926
iter 61: download_copy_time_cuda = 0.000244
iter 61: upload_copy_time_cuda = 0.000266

iter 62: cpu_time_pred = 0.001658
iter 62: gpu_time_pred = 0.000260
!!Border found at iter 61
iter 62: ratio_split_freq = 0.867561
iter 62: cpu_time_cuda = 0.002091
iter 62: gpu_time_cuda = 0.001728
iter 62: download_copy_time_cuda = 0.000233
iter 62: upload_copy_time_cuda = 0.000251

iter 63: cpu_time_pred = 0.001561
iter 63: gpu_time_pred = 0.000230
!!Border found at iter 62
iter 63: ratio_split_freq = 0.931848
iter 63: cpu_time_cuda = 0.001990
iter 63: gpu_time_cuda = 0.001528
iter 63: download_copy_time_cuda = 0.000220
iter 63: upload_copy_time_cuda = 0.000239

iter 64: cpu_time_pred = 0.001463
iter 64: gpu_time_pred = 0.000202
!!Border found at iter 63
iter 64: ratio_split_freq = 1.004706
iter 64: cpu_time_cuda = 0.002412
iter 64: gpu_time_cuda = 0.000296
iter 64: download_copy_time_cuda = 0.000105
iter 64: upload_copy_time_cuda = 0.000112

iter 65: cpu_time_pred = 0.001366
iter 65: gpu_time_pred = 0.000176
!!Border found at iter 64
iter 65: ratio_split_freq = 1.087973
iter 65: cpu_time_cuda = 0.001413
iter 65: gpu_time_cuda = 0.001209
iter 65: download_copy_time_cuda = 0.000206
iter 65: upload_copy_time_cuda = 0.000107

iter 66: cpu_time_pred = 0.001268
iter 66: gpu_time_pred = 0.000152
!!Border found at iter 65
iter 66: ratio_split_freq = 1.184051
iter 66: cpu_time_cuda = 0.001285
iter 66: gpu_time_cuda = 0.001042
iter 66: download_copy_time_cuda = 0.000196
iter 66: upload_copy_time_cuda = 0.000105

iter 67: cpu_time_pred = 0.001171
iter 67: gpu_time_pred = 0.000129
!!Border found at iter 66
iter 67: ratio_split_freq = 1.296141
iter 67: cpu_time_cuda = 0.001187
iter 67: gpu_time_cuda = 0.000936
iter 67: download_copy_time_cuda = 0.000183
iter 67: upload_copy_time_cuda = 0.000096

iter 68: cpu_time_pred = 0.001073
iter 68: gpu_time_pred = 0.000109
!!Border found at iter 67
iter 68: ratio_split_freq = 1.428611
iter 68: cpu_time_cuda = 0.001141
iter 68: gpu_time_cuda = 0.000777
iter 68: download_copy_time_cuda = 0.000172
iter 68: upload_copy_time_cuda = 0.000090

iter 69: cpu_time_pred = 0.000975
iter 69: gpu_time_pred = 0.000090
!!Border found at iter 68
iter 69: ratio_split_freq = 1.587575
iter 69: cpu_time_cuda = 0.000832
iter 69: gpu_time_cuda = 0.000685
iter 69: download_copy_time_cuda = 0.000161
iter 69: upload_copy_time_cuda = 0.000088

iter 70: cpu_time_pred = 0.000878
iter 70: gpu_time_pred = 0.000073
!!Border found at iter 69
iter 70: ratio_split_freq = 1.781864
iter 70: cpu_time_cuda = 0.000718
iter 70: gpu_time_cuda = 0.000544
iter 70: download_copy_time_cuda = 0.000150
iter 70: upload_copy_time_cuda = 0.000081

iter 71: cpu_time_pred = 0.000780
iter 71: gpu_time_pred = 0.000057
!!Border found at iter 70
iter 71: ratio_split_freq = 2.024726
iter 71: cpu_time_cuda = 0.000652
iter 71: gpu_time_cuda = 0.000501
iter 71: download_copy_time_cuda = 0.000139
iter 71: upload_copy_time_cuda = 0.000074

iter 72: cpu_time_pred = 0.000683
iter 72: gpu_time_pred = 0.000044
!!Border found at iter 71
iter 72: ratio_split_freq = 2.336977
iter 72: cpu_time_cuda = 0.000478
iter 72: gpu_time_cuda = 0.000441
iter 72: download_copy_time_cuda = 0.000127
iter 72: upload_copy_time_cuda = 0.000066

iter 73: cpu_time_pred = 0.000585
iter 73: gpu_time_pred = 0.000032
!!Border found at iter 72
iter 73: ratio_split_freq = 2.753312
iter 73: cpu_time_cuda = 0.000720
iter 73: gpu_time_cuda = 0.004994
iter 73: download_copy_time_cuda = 0.000116
iter 73: upload_copy_time_cuda = 0.000065

iter 74: cpu_time_pred = 0.000488
iter 74: gpu_time_pred = 0.000022
iter 74: ratio_split_freq = 3.336180
iter 74: cpu_time_cuda = 0.000757
iter 74: gpu_time_cuda = 0.000225
iter 74: download_copy_time_cuda = 0.000106
iter 74: upload_copy_time_cuda = 0.000058

iter 75: cpu_time_pred = 0.000390
iter 75: gpu_time_pred = 0.000014
!!Border found at iter 74
iter 75: ratio_split_freq = 4.210483
iter 75: cpu_time_cuda = 0.000545
iter 75: gpu_time_cuda = 0.000053
iter 75: download_copy_time_cuda = 0.005003
iter 75: upload_copy_time_cuda = 0.000053

iter 76: cpu_time_pred = 0.000293
iter 76: gpu_time_pred = 0.000008
!!Border found at iter 75
iter 76: ratio_split_freq = 5.667655
iter 76: cpu_time_cuda = 0.000450
iter 76: gpu_time_cuda = 0.000050
iter 76: download_copy_time_cuda = 0.004854
iter 76: upload_copy_time_cuda = 0.000048

iter 77: cpu_time_pred = 0.000195
iter 77: gpu_time_pred = 0.000004
!!Border found at iter 76
iter 77: ratio_split_freq = 8.581997
iter 77: cpu_time_cuda = 0.000373
iter 77: gpu_time_cuda = 0.000049
iter 77: download_copy_time_cuda = 0.015012
iter 77: upload_copy_time_cuda = 0.000044

iter 78: cpu_time_pred = 0.000098
iter 78: gpu_time_pred = 0.000001
!!Border found at iter 77
iter 78: ratio_split_freq = 17.325025
iter 78: cpu_time_cuda = 0.000268
iter 78: gpu_time_cuda = 0.000049
iter 78: download_copy_time_cuda = 0.004709
iter 78: upload_copy_time_cuda = 0.000041

iter 79: cpu_time_pred = 0.000000
iter 79: gpu_time_pred = 0.000000
!!Border found at iter 78
iter 79: ratio_split_freq = -nan
iter 79: cpu_time_cuda = 0.000157
iter 79: gpu_time_cuda = 0.000003
iter 79: download_copy_time_cuda = 0.000070
iter 79: upload_copy_time_cuda = 0.000073

total_cpu_time_cuda = 0.317675
total_gpu_time_cuda = 0.889345
total_copy_time_cuda = 0.119422
main_loop_time_cuda = 1.702292
Normalized difference of predicted CPU runtime per iteration is: -9.195456%
Normalized difference of predicted GPU runtime per iteration is: -82.453890%
Normalized difference of predicted slack per iteration is: -78.199508%
 5120  5120     ---   (  ---  )     48.71 (   1.84)     ---   
total_time = 2.687369
2.31user 0.74system 0:03.96elapsed 77%CPU (0avgtext+0avgdata 358764maxresident)k
4512inputs+0outputs (1major+71716minor)pagefaults 0swaps
send out message: 22 3 log
