cpu0
2601000
cpu1
2601000
cpu2
2601000
cpu3
2601000
cpu4
2601000
cpu5
2601000
cpu6
2601000
cpu7
2601000
cpu8
2601000
cpu9
2601000
cpu10
2601000
cpu11
2601000
cpu12
2601000
cpu13
2601000
cpu14
2601000
cpu15
2601000
send out message: 24 37 /home/lchen/MAGMA/magma-1.3.0/results
send out message: 20 26 MAGMA_LU_GPUDVFS.total.pwr
MAGMA 1.3.0
device 0: Tesla K20c, 705.5 MHz clock, 4799.6 MB memory, capability 3.5

Usage: /home/lchen/MAGMA/magma-1.3.0/testing/testing_dgetrf -N <m,n> -c -c2 -l
  -N  can be repeated up to 10 times. If only m is given, then m=n.
  -c  or setting $MAGMA_TESTINGS_CHECK checks result, PA - LU.
  -c2 for square matrices, solves one RHS and checks residual, Ax - b.
  -l  or setting $MAGMA_RUN_LAPACK runs LAPACK.

    M     N   CPU GFlop/s (sec)   GPU GFlop/s (sec)   |PA-LU|/(N*|A|)
=========================================================================
init_time = 6.260869
iter 0: cpu_time_cuda = 0.000000
iter 0: gpu_time_cuda = 0.000000
iter 0: download_copy_time_cuda = 0.000000
iter 0: upload_copy_time_cuda = 0.007610

iter 1: cpu_time_cuda = 0.310547
iter 1: gpu_time_cuda = 0.211422
iter 1: download_copy_time_cuda = 0.006671
iter 1: upload_copy_time_cuda = 0.007513

iter 2: cpu_time_cuda = 0.306431
iter 2: gpu_time_cuda = 0.206473
iter 2: download_copy_time_cuda = 0.006583
iter 2: upload_copy_time_cuda = 0.007417

iter 3: cpu_time_cuda = 0.302142
iter 3: gpu_time_cuda = 0.201721
iter 3: download_copy_time_cuda = 0.006503
iter 3: upload_copy_time_cuda = 0.007320

iter 4: cpu_time_cuda = 0.298211
iter 4: gpu_time_cuda = 0.200982
iter 4: download_copy_time_cuda = 0.006406
iter 4: upload_copy_time_cuda = 0.007230

iter 5: cpu_time_cuda = 0.294109
iter 5: gpu_time_cuda = 0.191290
iter 5: download_copy_time_cuda = 0.006328
iter 5: upload_copy_time_cuda = 0.007126

iter 6: cpu_time_cuda = 0.290127
iter 6: gpu_time_cuda = 0.187081
iter 6: download_copy_time_cuda = 0.006246
iter 6: upload_copy_time_cuda = 0.007030

iter 7: cpu_time_cuda = 0.285895
iter 7: gpu_time_cuda = 0.179982
iter 7: download_copy_time_cuda = 0.006150
iter 7: upload_copy_time_cuda = 0.006921

iter 8: cpu_time_cuda = 0.281961
iter 8: gpu_time_cuda = 0.177961
iter 8: download_copy_time_cuda = 0.006067
iter 8: upload_copy_time_cuda = 0.006842

iter 9: cpu_time_cuda = 0.277539
iter 9: gpu_time_cuda = 0.170408
iter 9: download_copy_time_cuda = 0.005988
iter 9: upload_copy_time_cuda = 0.006735

iter 10: cpu_time_cuda = 0.273598
iter 10: gpu_time_cuda = 0.165285
iter 10: download_copy_time_cuda = 0.005890
iter 10: upload_copy_time_cuda = 0.006640

iter 11: cpu_time_cuda = 0.269546
iter 11: gpu_time_cuda = 0.161103
iter 11: download_copy_time_cuda = 0.005803
iter 11: upload_copy_time_cuda = 0.006543

iter 12: cpu_time_cuda = 0.265622
iter 12: gpu_time_cuda = 0.163741
iter 12: download_copy_time_cuda = 0.005727
iter 12: upload_copy_time_cuda = 0.006448

iter 13: cpu_time_cuda = 0.261395
iter 13: gpu_time_cuda = 0.153222
iter 13: download_copy_time_cuda = 0.005642
iter 13: upload_copy_time_cuda = 0.006379

iter 14: cpu_time_cuda = 0.257310
iter 14: gpu_time_cuda = 0.147024
iter 14: download_copy_time_cuda = 0.005575
iter 14: upload_copy_time_cuda = 0.006249

iter 15: cpu_time_cuda = 0.253161
iter 15: gpu_time_cuda = 0.143299
iter 15: download_copy_time_cuda = 0.005466
iter 15: upload_copy_time_cuda = 0.006150

iter 16: cpu_time_cuda = 0.249126
iter 16: gpu_time_cuda = 0.138482
iter 16: download_copy_time_cuda = 0.005382
iter 16: upload_copy_time_cuda = 0.006058

iter 17: cpu_time_cuda = 0.245571
iter 17: gpu_time_cuda = 0.135800
iter 17: download_copy_time_cuda = 0.005302
iter 17: upload_copy_time_cuda = 0.005957

iter 18: cpu_time_cuda = 0.240955
iter 18: gpu_time_cuda = 0.129633
iter 18: download_copy_time_cuda = 0.005205
iter 18: upload_copy_time_cuda = 0.005862

iter 19: cpu_time_cuda = 0.236910
iter 19: gpu_time_cuda = 0.125491
iter 19: download_copy_time_cuda = 0.005118
iter 19: upload_copy_time_cuda = 0.005761

iter 20: cpu_time_cuda = 0.232732
iter 20: gpu_time_cuda = 0.121842
iter 20: download_copy_time_cuda = 0.005039
iter 20: upload_copy_time_cuda = 0.005635

iter 21: cpu_time_cuda = 0.228723
iter 21: gpu_time_cuda = 0.118157
iter 21: download_copy_time_cuda = 0.004965
iter 21: upload_copy_time_cuda = 0.005506

iter 22: cpu_time_cuda = 0.224559
iter 22: gpu_time_cuda = 0.112840
iter 22: download_copy_time_cuda = 0.004859
iter 22: upload_copy_time_cuda = 0.005371

iter 23: cpu_time_cuda = 0.220378
iter 23: gpu_time_cuda = 0.110454
iter 23: download_copy_time_cuda = 0.004776
iter 23: upload_copy_time_cuda = 0.005239

iter 24: cpu_time_cuda = 0.216322
iter 24: gpu_time_cuda = 0.105942
iter 24: download_copy_time_cuda = 0.004676
iter 24: upload_copy_time_cuda = 0.005113

iter 25: cpu_time_cuda = 0.212688
iter 25: gpu_time_cuda = 0.105835
iter 25: download_copy_time_cuda = 0.004610
iter 25: upload_copy_time_cuda = 0.004977

iter 26: cpu_time_cuda = 0.208016
iter 26: gpu_time_cuda = 0.099009
iter 26: download_copy_time_cuda = 0.004500
iter 26: upload_copy_time_cuda = 0.004873

iter 27: cpu_time_cuda = 0.203917
iter 27: gpu_time_cuda = 0.094012
iter 27: download_copy_time_cuda = 0.004425
iter 27: upload_copy_time_cuda = 0.004781

iter 28: cpu_time_cuda = 0.199655
iter 28: gpu_time_cuda = 0.092161
iter 28: download_copy_time_cuda = 0.004335
iter 28: upload_copy_time_cuda = 0.004688

iter 29: cpu_time_cuda = 0.195418
iter 29: gpu_time_cuda = 0.087639
iter 29: download_copy_time_cuda = 0.004253
iter 29: upload_copy_time_cuda = 0.004592

iter 30: cpu_time_cuda = 0.191153
iter 30: gpu_time_cuda = 0.084210
iter 30: download_copy_time_cuda = 0.004165
iter 30: upload_copy_time_cuda = 0.004515

iter 31: cpu_time_cuda = 0.187259
iter 31: gpu_time_cuda = 0.081187
iter 31: download_copy_time_cuda = 0.004075
iter 31: upload_copy_time_cuda = 0.004410

iter 32: cpu_time_cuda = 0.183111
iter 32: gpu_time_cuda = 0.079189
iter 32: download_copy_time_cuda = 0.003986
iter 32: upload_copy_time_cuda = 0.004311

iter 33: cpu_time_cuda = 0.178776
iter 33: gpu_time_cuda = 0.074658
iter 33: download_copy_time_cuda = 0.003903
iter 33: upload_copy_time_cuda = 0.004241

iter 34: cpu_time_cuda = 0.174583
iter 34: gpu_time_cuda = 0.071150
iter 34: download_copy_time_cuda = 0.003820
iter 34: upload_copy_time_cuda = 0.004127

iter 35: cpu_time_cuda = 0.170445
iter 35: gpu_time_cuda = 0.068337
iter 35: download_copy_time_cuda = 0.003732
iter 35: upload_copy_time_cuda = 0.004034

iter 36: cpu_time_cuda = 0.167048
iter 36: gpu_time_cuda = 0.064764
iter 36: download_copy_time_cuda = 0.003644
iter 36: upload_copy_time_cuda = 0.003943

iter 37: cpu_time_cuda = 0.162339
iter 37: gpu_time_cuda = 0.062359
iter 37: download_copy_time_cuda = 0.003561
iter 37: upload_copy_time_cuda = 0.003844

iter 38: cpu_time_cuda = 0.158093
iter 38: gpu_time_cuda = 0.062052
iter 38: download_copy_time_cuda = 0.003489
iter 38: upload_copy_time_cuda = 0.003758

iter 39: cpu_time_cuda = 0.153991
iter 39: gpu_time_cuda = 0.056453
iter 39: download_copy_time_cuda = 0.003386
iter 39: upload_copy_time_cuda = 0.003662

iter 40: cpu_time_cuda = 0.149652
iter 40: gpu_time_cuda = 0.056118
iter 40: download_copy_time_cuda = 0.003299
iter 40: upload_copy_time_cuda = 0.003571

iter 41: cpu_time_cuda = 0.145589
iter 41: gpu_time_cuda = 0.051015
iter 41: download_copy_time_cuda = 0.003210
iter 41: upload_copy_time_cuda = 0.003475

iter 42: cpu_time_cuda = 0.141476
iter 42: gpu_time_cuda = 0.048894
iter 42: download_copy_time_cuda = 0.003122
iter 42: upload_copy_time_cuda = 0.003382

iter 43: cpu_time_cuda = 0.137443
iter 43: gpu_time_cuda = 0.045970
iter 43: download_copy_time_cuda = 0.003036
iter 43: upload_copy_time_cuda = 0.003289

iter 44: cpu_time_cuda = 0.133508
iter 44: gpu_time_cuda = 0.045198
iter 44: download_copy_time_cuda = 0.002949
iter 44: upload_copy_time_cuda = 0.003197

iter 45: cpu_time_cuda = 0.129408
iter 45: gpu_time_cuda = 0.042590
iter 45: download_copy_time_cuda = 0.002866
iter 45: upload_copy_time_cuda = 0.003101

iter 46: cpu_time_cuda = 0.125666
iter 46: gpu_time_cuda = 0.039239
iter 46: download_copy_time_cuda = 0.002784
iter 46: upload_copy_time_cuda = 0.003009

iter 47: cpu_time_cuda = 0.121570
iter 47: gpu_time_cuda = 0.037597
iter 47: download_copy_time_cuda = 0.002703
iter 47: upload_copy_time_cuda = 0.002913

iter 48: cpu_time_cuda = 0.117613
iter 48: gpu_time_cuda = 0.034602
iter 48: download_copy_time_cuda = 0.002609
iter 48: upload_copy_time_cuda = 0.002822

iter 49: cpu_time_cuda = 0.113686
iter 49: gpu_time_cuda = 0.037491
iter 49: download_copy_time_cuda = 0.002524
iter 49: upload_copy_time_cuda = 0.002729

iter 50: cpu_time_cuda = 0.109665
iter 50: gpu_time_cuda = 0.030177
iter 50: download_copy_time_cuda = 0.002437
iter 50: upload_copy_time_cuda = 0.002632

iter 51: cpu_time_cuda = 0.105598
iter 51: gpu_time_cuda = 0.029005
iter 51: download_copy_time_cuda = 0.002350
iter 51: upload_copy_time_cuda = 0.002542

iter 52: cpu_time_cuda = 0.102026
iter 52: gpu_time_cuda = 0.027078
iter 52: download_copy_time_cuda = 0.002266
iter 52: upload_copy_time_cuda = 0.002452

iter 53: cpu_time_cuda = 0.097417
iter 53: gpu_time_cuda = 0.024510
iter 53: download_copy_time_cuda = 0.002174
iter 53: upload_copy_time_cuda = 0.002354

iter 54: cpu_time_cuda = 0.093603
iter 54: gpu_time_cuda = 0.022911
iter 54: download_copy_time_cuda = 0.002094
iter 54: upload_copy_time_cuda = 0.002261

iter 55: cpu_time_cuda = 0.089595
iter 55: gpu_time_cuda = 0.021201
iter 55: download_copy_time_cuda = 0.002004
iter 55: upload_copy_time_cuda = 0.002174

iter 56: cpu_time_cuda = 0.085683
iter 56: gpu_time_cuda = 0.020217
iter 56: download_copy_time_cuda = 0.001923
iter 56: upload_copy_time_cuda = 0.002077

iter 57: cpu_time_cuda = 0.081853
iter 57: gpu_time_cuda = 0.017983
iter 57: download_copy_time_cuda = 0.001837
iter 57: upload_copy_time_cuda = 0.001983

iter 58: cpu_time_cuda = 0.077867
iter 58: gpu_time_cuda = 0.016420
iter 58: download_copy_time_cuda = 0.001750
iter 58: upload_copy_time_cuda = 0.001891

iter 59: cpu_time_cuda = 0.074040
iter 59: gpu_time_cuda = 0.015208
iter 59: download_copy_time_cuda = 0.001669
iter 59: upload_copy_time_cuda = 0.001795

iter 60: cpu_time_cuda = 0.070100
iter 60: gpu_time_cuda = 0.014011
iter 60: download_copy_time_cuda = 0.001579
iter 60: upload_copy_time_cuda = 0.001701

iter 61: cpu_time_cuda = 0.066202
iter 61: gpu_time_cuda = 0.012296
iter 61: download_copy_time_cuda = 0.001491
iter 61: upload_copy_time_cuda = 0.001614

iter 62: cpu_time_cuda = 0.062270
iter 62: gpu_time_cuda = 0.011072
iter 62: download_copy_time_cuda = 0.001410
iter 62: upload_copy_time_cuda = 0.001513

iter 63: cpu_time_cuda = 0.058395
iter 63: gpu_time_cuda = 0.014739
iter 63: download_copy_time_cuda = 0.001319
iter 63: upload_copy_time_cuda = 0.001420

iter 64: cpu_time_cuda = 0.054552
iter 64: gpu_time_cuda = 0.008884
iter 64: download_copy_time_cuda = 0.001232
iter 64: upload_copy_time_cuda = 0.001332

iter 65: cpu_time_cuda = 0.050269
iter 65: gpu_time_cuda = 0.007936
iter 65: download_copy_time_cuda = 0.001147
iter 65: upload_copy_time_cuda = 0.001237

iter 66: cpu_time_cuda = 0.046388
iter 66: gpu_time_cuda = 0.007550
iter 66: download_copy_time_cuda = 0.001067
iter 66: upload_copy_time_cuda = 0.001145

iter 67: cpu_time_cuda = 0.042509
iter 67: gpu_time_cuda = 0.006043
iter 67: download_copy_time_cuda = 0.000979
iter 67: upload_copy_time_cuda = 0.001049

iter 68: cpu_time_cuda = 0.038666
iter 68: gpu_time_cuda = 0.005259
iter 68: download_copy_time_cuda = 0.000890
iter 68: upload_copy_time_cuda = 0.000959

iter 69: cpu_time_cuda = 0.034694
iter 69: gpu_time_cuda = 0.004371
iter 69: download_copy_time_cuda = 0.000808
iter 69: upload_copy_time_cuda = 0.000863

iter 70: cpu_time_cuda = 0.030836
iter 70: gpu_time_cuda = 0.003735
iter 70: download_copy_time_cuda = 0.000722
iter 70: upload_copy_time_cuda = 0.000773

iter 71: cpu_time_cuda = 0.026979
iter 71: gpu_time_cuda = 0.003010
iter 71: download_copy_time_cuda = 0.000636
iter 71: upload_copy_time_cuda = 0.000677

iter 72: cpu_time_cuda = 0.023115
iter 72: gpu_time_cuda = 0.002553
iter 72: download_copy_time_cuda = 0.000546
iter 72: upload_copy_time_cuda = 0.000586

iter 73: cpu_time_cuda = 0.019269
iter 73: gpu_time_cuda = 0.001980
iter 73: download_copy_time_cuda = 0.000463
iter 73: upload_copy_time_cuda = 0.000495

iter 74: cpu_time_cuda = 0.015337
iter 74: gpu_time_cuda = 0.001488
iter 74: download_copy_time_cuda = 0.000374
iter 74: upload_copy_time_cuda = 0.000401

iter 75: cpu_time_cuda = 0.011411
iter 75: gpu_time_cuda = 0.001202
iter 75: download_copy_time_cuda = 0.000300
iter 75: upload_copy_time_cuda = 0.000308

iter 76: cpu_time_cuda = 0.007607
iter 76: gpu_time_cuda = 0.000973
iter 76: download_copy_time_cuda = 0.000241
iter 76: upload_copy_time_cuda = 0.000265

iter 77: cpu_time_cuda = 0.003690
iter 77: gpu_time_cuda = 0.000837
iter 77: download_copy_time_cuda = 0.000181
iter 77: upload_copy_time_cuda = 0.000177

total_cpu_time_cuda = 11.964610
total_gpu_time_cuda = 5.714016
total_copy_time_cuda = 0.556821
main_loop_time_cuda = 18.519474
20000 20000     ---   (  ---  )    268.11 (  19.89)     ---   
total_time = 26.154986
send out message: 22 3 log
cpu0
2600000
cpu1
2600000
cpu2
2600000
cpu3
2600000
cpu4
2600000
cpu5
2600000
cpu6
2600000
cpu7
2600000
cpu8
2600000
cpu9
2600000
cpu10
2600000
cpu11
2600000
cpu12
2600000
cpu13
2600000
cpu14
2600000
cpu15
2600000
