send out message: 24 37 /home/lchen/MAGMA/magma-1.3.0/results
send out message: 20 26 MAGMA_LU_GPUDVFS.total.pwr
MAGMA 1.3.0
device 0: Tesla K20c, 705.5 MHz clock, 4799.6 MB memory, capability 3.5

Usage: /home/lchen/MAGMA/magma-1.3.0/testing/testing_dgetrf -N <m,n> -c -c2 -l
  -N  can be repeated up to 10 times. If only m is given, then m=n.
  -c  or setting $MAGMA_TESTINGS_CHECK checks result, PA - LU.
  -c2 for square matrices, solves one RHS and checks residual, Ax - b.
  -l  or setting $MAGMA_RUN_LAPACK runs LAPACK.

    M     N   CPU GFlop/s (sec)   GPU GFlop/s (sec)   |PA-LU|/(N*|A|)
=========================================================================
init_time = 0.837641
iter 0: cpu_time_cuda = 0.000000
iter 0: gpu_time_cuda = 0.000000
iter 0: download_copy_time_cuda = 0.000000
iter 0: upload_copy_time_cuda = 0.000505

iter 1: cpu_time_cuda = 0.007595
iter 1: gpu_time_cuda = 0.009789
iter 1: download_copy_time_cuda = 0.000460
iter 1: upload_copy_time_cuda = 0.000480

iter 2: cpu_time_pred = 0.007497
iter 2: gpu_time_pred = 0.009540
iter 2: cpu_time_cuda = 0.007499
iter 2: gpu_time_cuda = 0.006740
iter 2: download_copy_time_cuda = 0.000457
iter 2: upload_copy_time_cuda = 0.000477

iter 3: cpu_time_pred = 0.007402
iter 3: gpu_time_pred = 0.006566
!!Border found at iter 2
iter 3: cpu_time_cuda = 0.007409
iter 3: gpu_time_cuda = 0.006379
iter 3: download_copy_time_cuda = 0.000454
iter 3: upload_copy_time_cuda = 0.000465

iter 4: cpu_time_pred = 0.007312
iter 4: gpu_time_pred = 0.006213
!!Border found at iter 3
iter 4: cpu_time_cuda = 0.007319
iter 4: gpu_time_cuda = 0.006392
iter 4: download_copy_time_cuda = 0.000441
iter 4: upload_copy_time_cuda = 0.000471

iter 5: cpu_time_pred = 0.007221
iter 5: gpu_time_pred = 0.006223
!!Border found at iter 4
iter 5: cpu_time_cuda = 0.007227
iter 5: gpu_time_cuda = 0.006123
iter 5: download_copy_time_cuda = 0.000444
iter 5: upload_copy_time_cuda = 0.000458

iter 6: cpu_time_pred = 0.007129
iter 6: gpu_time_pred = 0.005958
!!Border found at iter 5
iter 6: cpu_time_cuda = 0.007150
iter 6: gpu_time_cuda = 0.006063
iter 6: download_copy_time_cuda = 0.000430
iter 6: upload_copy_time_cuda = 0.000448

iter 7: cpu_time_pred = 0.007052
iter 7: gpu_time_pred = 0.005898
!!Border found at iter 6
iter 7: cpu_time_cuda = 0.007035
iter 7: gpu_time_cuda = 0.006040
iter 7: download_copy_time_cuda = 0.000426
iter 7: upload_copy_time_cuda = 0.000442

iter 8: cpu_time_pred = 0.006938
iter 8: gpu_time_pred = 0.005874
!!Border found at iter 7
iter 8: cpu_time_cuda = 0.006930
iter 8: gpu_time_cuda = 0.005795
iter 8: download_copy_time_cuda = 0.000420
iter 8: upload_copy_time_cuda = 0.000436

iter 9: cpu_time_pred = 0.006832
iter 9: gpu_time_pred = 0.005633
!!Border found at iter 8
iter 9: cpu_time_cuda = 0.006832
iter 9: gpu_time_cuda = 0.005544
iter 9: download_copy_time_cuda = 0.000415
iter 9: upload_copy_time_cuda = 0.000432

iter 10: cpu_time_pred = 0.006734
iter 10: gpu_time_pred = 0.005386
!!Border found at iter 9
iter 10: cpu_time_cuda = 0.006731
iter 10: gpu_time_cuda = 0.005406
iter 10: download_copy_time_cuda = 0.000409
iter 10: upload_copy_time_cuda = 0.000429

iter 11: cpu_time_pred = 0.006634
iter 11: gpu_time_pred = 0.005250
!!Border found at iter 10
iter 11: cpu_time_cuda = 0.006649
iter 11: gpu_time_cuda = 0.005025
iter 11: download_copy_time_cuda = 0.000403
iter 11: upload_copy_time_cuda = 0.000423

iter 12: cpu_time_pred = 0.006551
iter 12: gpu_time_pred = 0.004879
!!Border found at iter 11
iter 12: cpu_time_cuda = 0.006552
iter 12: gpu_time_cuda = 0.005171
iter 12: download_copy_time_cuda = 0.000397
iter 12: upload_copy_time_cuda = 0.000413

iter 13: cpu_time_pred = 0.006454
iter 13: gpu_time_pred = 0.005018
!!Border found at iter 12
iter 13: cpu_time_cuda = 0.006458
iter 13: gpu_time_cuda = 0.004680
iter 13: download_copy_time_cuda = 0.000392
iter 13: upload_copy_time_cuda = 0.000408

iter 14: cpu_time_pred = 0.006360
iter 14: gpu_time_pred = 0.004539
!!Border found at iter 13
iter 14: cpu_time_cuda = 0.006363
iter 14: gpu_time_cuda = 0.004977
iter 14: download_copy_time_cuda = 0.000386
iter 14: upload_copy_time_cuda = 0.000405

iter 15: cpu_time_pred = 0.006266
iter 15: gpu_time_pred = 0.004825
!!Border found at iter 14
iter 15: cpu_time_cuda = 0.006246
iter 15: gpu_time_cuda = 0.004987
iter 15: download_copy_time_cuda = 0.000379
iter 15: upload_copy_time_cuda = 0.000395

iter 16: cpu_time_pred = 0.006148
iter 16: gpu_time_pred = 0.004832
!!Border found at iter 15
iter 16: cpu_time_cuda = 0.006118
iter 16: gpu_time_cuda = 0.004673
iter 16: download_copy_time_cuda = 0.000374
iter 16: upload_copy_time_cuda = 0.000395

iter 17: cpu_time_pred = 0.006021
iter 17: gpu_time_pred = 0.004525
!!Border found at iter 16
iter 17: cpu_time_cuda = 0.006025
iter 17: gpu_time_cuda = 0.004529
iter 17: download_copy_time_cuda = 0.000369
iter 17: upload_copy_time_cuda = 0.000384

iter 18: cpu_time_pred = 0.005928
iter 18: gpu_time_pred = 0.004384
!!Border found at iter 17
iter 18: cpu_time_cuda = 0.005926
iter 18: gpu_time_cuda = 0.004548
iter 18: download_copy_time_cuda = 0.000364
iter 18: upload_copy_time_cuda = 0.000382

iter 19: cpu_time_pred = 0.005829
iter 19: gpu_time_pred = 0.004400
!!Border found at iter 18
iter 19: cpu_time_cuda = 0.005877
iter 19: gpu_time_cuda = 0.004563
iter 19: download_copy_time_cuda = 0.000358
iter 19: upload_copy_time_cuda = 0.000373

iter 20: cpu_time_pred = 0.005779
iter 20: gpu_time_pred = 0.004412
!!Border found at iter 19
iter 20: cpu_time_cuda = 0.005748
iter 20: gpu_time_cuda = 0.004169
iter 20: download_copy_time_cuda = 0.000352
iter 20: upload_copy_time_cuda = 0.000366

iter 21: cpu_time_pred = 0.005650
iter 21: gpu_time_pred = 0.004028
!!Border found at iter 20
iter 21: cpu_time_cuda = 0.005658
iter 21: gpu_time_cuda = 0.003946
iter 21: download_copy_time_cuda = 0.000347
iter 21: upload_copy_time_cuda = 0.000360

iter 22: cpu_time_pred = 0.005560
iter 22: gpu_time_pred = 0.003811
!!Border found at iter 21
iter 22: cpu_time_cuda = 0.005606
iter 22: gpu_time_cuda = 0.003823
iter 22: download_copy_time_cuda = 0.000343
iter 22: upload_copy_time_cuda = 0.000356

iter 23: cpu_time_pred = 0.005508
iter 23: gpu_time_pred = 0.003690
!!Border found at iter 22
iter 23: cpu_time_cuda = 0.005439
iter 23: gpu_time_cuda = 0.003765
iter 23: download_copy_time_cuda = 0.000336
iter 23: upload_copy_time_cuda = 0.000350

iter 24: cpu_time_pred = 0.005342
iter 24: gpu_time_pred = 0.003632
!!Border found at iter 23
iter 24: cpu_time_cuda = 0.005343
iter 24: gpu_time_cuda = 0.003661
iter 24: download_copy_time_cuda = 0.000331
iter 24: upload_copy_time_cuda = 0.000344

iter 25: cpu_time_pred = 0.005245
iter 25: gpu_time_pred = 0.003529
!!Border found at iter 24
iter 25: cpu_time_cuda = 0.005267
iter 25: gpu_time_cuda = 0.003513
iter 25: download_copy_time_cuda = 0.000325
iter 25: upload_copy_time_cuda = 0.000339

iter 26: cpu_time_pred = 0.005170
iter 26: gpu_time_pred = 0.003384
!!Border found at iter 25
iter 26: cpu_time_cuda = 0.005159
iter 26: gpu_time_cuda = 0.003421
iter 26: download_copy_time_cuda = 0.000320
iter 26: upload_copy_time_cuda = 0.000334

iter 27: cpu_time_pred = 0.005061
iter 27: gpu_time_pred = 0.003293
!!Border found at iter 26
iter 27: cpu_time_cuda = 0.005069
iter 27: gpu_time_cuda = 0.003232
iter 27: download_copy_time_cuda = 0.000314
iter 27: upload_copy_time_cuda = 0.000326

iter 28: cpu_time_pred = 0.004972
iter 28: gpu_time_pred = 0.003108
!!Border found at iter 27
iter 28: cpu_time_cuda = 0.004968
iter 28: gpu_time_cuda = 0.003253
iter 28: download_copy_time_cuda = 0.000309
iter 28: upload_copy_time_cuda = 0.000321

iter 29: cpu_time_pred = 0.004871
iter 29: gpu_time_pred = 0.003127
!!Border found at iter 28
iter 29: cpu_time_cuda = 0.004887
iter 29: gpu_time_cuda = 0.003077
iter 29: download_copy_time_cuda = 0.000302
iter 29: upload_copy_time_cuda = 0.000315

iter 30: cpu_time_pred = 0.004790
iter 30: gpu_time_pred = 0.002955
!!Border found at iter 29
iter 30: cpu_time_cuda = 0.004800
iter 30: gpu_time_cuda = 0.003019
iter 30: download_copy_time_cuda = 0.000298
iter 30: upload_copy_time_cuda = 0.000309

iter 31: cpu_time_pred = 0.004702
iter 31: gpu_time_pred = 0.002897
!!Border found at iter 30
iter 31: cpu_time_cuda = 0.004677
iter 31: gpu_time_cuda = 0.002841
iter 31: download_copy_time_cuda = 0.000291
iter 31: upload_copy_time_cuda = 0.000303

iter 32: cpu_time_pred = 0.004580
iter 32: gpu_time_pred = 0.002724
!!Border found at iter 31
iter 32: cpu_time_cuda = 0.004592
iter 32: gpu_time_cuda = 0.002666
iter 32: download_copy_time_cuda = 0.000285
iter 32: upload_copy_time_cuda = 0.000296

iter 33: cpu_time_pred = 0.004495
iter 33: gpu_time_pred = 0.002554
!!Border found at iter 32
iter 33: cpu_time_cuda = 0.004510
iter 33: gpu_time_cuda = 0.002586
iter 33: download_copy_time_cuda = 0.000279
iter 33: upload_copy_time_cuda = 0.000290

iter 34: cpu_time_pred = 0.004412
iter 34: gpu_time_pred = 0.002475
!!Border found at iter 33
iter 34: cpu_time_cuda = 0.004402
iter 34: gpu_time_cuda = 0.002697
iter 34: download_copy_time_cuda = 0.000275
iter 34: upload_copy_time_cuda = 0.000285

iter 35: cpu_time_pred = 0.004304
iter 35: gpu_time_pred = 0.002579
!!Border found at iter 34
iter 35: cpu_time_cuda = 0.004313
iter 35: gpu_time_cuda = 0.002553
iter 35: download_copy_time_cuda = 0.000269
iter 35: upload_copy_time_cuda = 0.000280

iter 36: cpu_time_pred = 0.004215
iter 36: gpu_time_pred = 0.002439
!!Border found at iter 35
iter 36: cpu_time_cuda = 0.004214
iter 36: gpu_time_cuda = 0.002446
iter 36: download_copy_time_cuda = 0.000263
iter 36: upload_copy_time_cuda = 0.000272

iter 37: cpu_time_pred = 0.004116
iter 37: gpu_time_pred = 0.002333
!!Border found at iter 36
iter 37: cpu_time_cuda = 0.004092
iter 37: gpu_time_cuda = 0.002281
iter 37: download_copy_time_cuda = 0.000255
iter 37: upload_copy_time_cuda = 0.000268

iter 38: cpu_time_pred = 0.003995
iter 38: gpu_time_pred = 0.002174
!!Border found at iter 37
iter 38: cpu_time_cuda = 0.004004
iter 38: gpu_time_cuda = 0.002201
iter 38: download_copy_time_cuda = 0.000254
iter 38: upload_copy_time_cuda = 0.000261

iter 39: cpu_time_pred = 0.003906
iter 39: gpu_time_pred = 0.002095
!!Border found at iter 38
iter 39: cpu_time_cuda = 0.003896
iter 39: gpu_time_cuda = 0.002022
iter 39: download_copy_time_cuda = 0.000248
iter 39: upload_copy_time_cuda = 0.000256

iter 40: cpu_time_pred = 0.003798
iter 40: gpu_time_pred = 0.001922
!!Border found at iter 39
iter 40: cpu_time_cuda = 0.003806
iter 40: gpu_time_cuda = 0.001987
iter 40: download_copy_time_cuda = 0.000242
iter 40: upload_copy_time_cuda = 0.000249

iter 41: cpu_time_pred = 0.003709
iter 41: gpu_time_pred = 0.001887
!!Border found at iter 40
iter 41: cpu_time_cuda = 0.003723
iter 41: gpu_time_cuda = 0.001955
iter 41: download_copy_time_cuda = 0.000236
iter 41: upload_copy_time_cuda = 0.000248

iter 42: cpu_time_pred = 0.003625
iter 42: gpu_time_pred = 0.001854
!!Border found at iter 41
iter 42: cpu_time_cuda = 0.003636
iter 42: gpu_time_cuda = 0.001866
iter 42: download_copy_time_cuda = 0.000231
iter 42: upload_copy_time_cuda = 0.000238

iter 43: cpu_time_pred = 0.003538
iter 43: gpu_time_pred = 0.001766
!!Border found at iter 42
iter 43: cpu_time_cuda = 0.003526
iter 43: gpu_time_cuda = 0.001817
iter 43: download_copy_time_cuda = 0.000225
iter 43: upload_copy_time_cuda = 0.000237

iter 44: cpu_time_pred = 0.003428
iter 44: gpu_time_pred = 0.001717
!!Border found at iter 43
iter 44: cpu_time_cuda = 0.003434
iter 44: gpu_time_cuda = 0.001687
iter 44: download_copy_time_cuda = 0.000221
iter 44: upload_copy_time_cuda = 0.000226

iter 45: cpu_time_pred = 0.003336
iter 45: gpu_time_pred = 0.001592
!!Border found at iter 44
iter 45: cpu_time_cuda = 0.003340
iter 45: gpu_time_cuda = 0.001579
iter 45: download_copy_time_cuda = 0.000215
iter 45: upload_copy_time_cuda = 0.000221

iter 46: cpu_time_pred = 0.003242
iter 46: gpu_time_pred = 0.001487
!!Border found at iter 45
iter 46: cpu_time_cuda = 0.003243
iter 46: gpu_time_cuda = 0.001504
iter 46: download_copy_time_cuda = 0.000208
iter 46: upload_copy_time_cuda = 0.000215

iter 47: cpu_time_pred = 0.003145
iter 47: gpu_time_pred = 0.001414
!!Border found at iter 46
iter 47: cpu_time_cuda = 0.003137
iter 47: gpu_time_cuda = 0.015948
iter 47: download_copy_time_cuda = 0.000202
iter 47: upload_copy_time_cuda = 0.000477

iter 48: cpu_time_pred = 0.003039
iter 48: gpu_time_pred = 0.014967
iter 48: cpu_time_cuda = 0.003051
iter 48: gpu_time_cuda = 0.006141
iter 48: download_copy_time_cuda = 0.000416
iter 48: upload_copy_time_cuda = 0.000464

iter 49: cpu_time_pred = 0.002953
iter 49: gpu_time_pred = 0.005751
iter 49: cpu_time_cuda = 0.002950
iter 49: gpu_time_cuda = 0.005738
iter 49: download_copy_time_cuda = 0.000401
iter 49: upload_copy_time_cuda = 0.000446

iter 50: cpu_time_pred = 0.002851
iter 50: gpu_time_pred = 0.005362
iter 50: cpu_time_cuda = 0.002862
iter 50: gpu_time_cuda = 0.005407
iter 50: download_copy_time_cuda = 0.000386
iter 50: upload_copy_time_cuda = 0.000426

iter 51: cpu_time_pred = 0.002763
iter 51: gpu_time_pred = 0.005040
iter 51: cpu_time_cuda = 0.002782
iter 51: gpu_time_cuda = 0.005035
iter 51: download_copy_time_cuda = 0.000370
iter 51: upload_copy_time_cuda = 0.000410

iter 52: cpu_time_pred = 0.002683
iter 52: gpu_time_pred = 0.004682
iter 52: cpu_time_cuda = 0.002683
iter 52: gpu_time_cuda = 0.004690
iter 52: download_copy_time_cuda = 0.000355
iter 52: upload_copy_time_cuda = 0.000397

iter 53: cpu_time_pred = 0.002583
iter 53: gpu_time_pred = 0.004349
iter 53: cpu_time_cuda = 0.002586
iter 53: gpu_time_cuda = 0.004341
iter 53: download_copy_time_cuda = 0.000341
iter 53: upload_copy_time_cuda = 0.000378

iter 54: cpu_time_pred = 0.002487
iter 54: gpu_time_pred = 0.004014
iter 54: cpu_time_cuda = 0.002489
iter 54: gpu_time_cuda = 0.004145
iter 54: download_copy_time_cuda = 0.000325
iter 54: upload_copy_time_cuda = 0.000366

iter 55: cpu_time_pred = 0.002389
iter 55: gpu_time_pred = 0.003820
iter 55: cpu_time_cuda = 0.002398
iter 55: gpu_time_cuda = 0.003757
iter 55: download_copy_time_cuda = 0.000315
iter 55: upload_copy_time_cuda = 0.000351

iter 56: cpu_time_pred = 0.002299
iter 56: gpu_time_pred = 0.003451
iter 56: cpu_time_cuda = 0.002301
iter 56: gpu_time_cuda = 0.003552
iter 56: download_copy_time_cuda = 0.000300
iter 56: upload_copy_time_cuda = 0.000334

iter 57: cpu_time_pred = 0.002201
iter 57: gpu_time_pred = 0.003250
iter 57: cpu_time_cuda = 0.002216
iter 57: gpu_time_cuda = 0.003170
iter 57: download_copy_time_cuda = 0.000289
iter 57: upload_copy_time_cuda = 0.000319

iter 58: cpu_time_pred = 0.002115
iter 58: gpu_time_pred = 0.002888
iter 58: cpu_time_cuda = 0.002090
iter 58: gpu_time_cuda = 0.002981
iter 58: download_copy_time_cuda = 0.000275
iter 58: upload_copy_time_cuda = 0.000306

iter 59: cpu_time_pred = 0.001990
iter 59: gpu_time_pred = 0.002704
iter 59: cpu_time_cuda = 0.001991
iter 59: gpu_time_cuda = 0.002759
iter 59: download_copy_time_cuda = 0.000267
iter 59: upload_copy_time_cuda = 0.000295

iter 60: cpu_time_pred = 0.001891
iter 60: gpu_time_pred = 0.002490
iter 60: cpu_time_cuda = 0.001888
iter 60: gpu_time_cuda = 0.002503
iter 60: download_copy_time_cuda = 0.000253
iter 60: upload_copy_time_cuda = 0.000281

iter 61: cpu_time_pred = 0.001788
iter 61: gpu_time_pred = 0.002247
iter 61: cpu_time_cuda = 0.001789
iter 61: gpu_time_cuda = 0.002199
iter 61: download_copy_time_cuda = 0.000242
iter 61: upload_copy_time_cuda = 0.000268

iter 62: cpu_time_pred = 0.001690
iter 62: gpu_time_pred = 0.001961
iter 62: cpu_time_cuda = 0.001702
iter 62: gpu_time_cuda = 0.002020
iter 62: download_copy_time_cuda = 0.000229
iter 62: upload_copy_time_cuda = 0.000249

iter 63: cpu_time_pred = 0.001602
iter 63: gpu_time_pred = 0.001789
iter 63: cpu_time_cuda = 0.001602
iter 63: gpu_time_cuda = 0.001845
iter 63: download_copy_time_cuda = 0.000219
iter 63: upload_copy_time_cuda = 0.000238

iter 64: cpu_time_pred = 0.001502
iter 64: gpu_time_pred = 0.001621
iter 64: cpu_time_cuda = 0.001512
iter 64: gpu_time_cuda = 0.001605
iter 64: download_copy_time_cuda = 0.000206
iter 64: upload_copy_time_cuda = 0.000221

iter 65: cpu_time_pred = 0.001411
iter 65: gpu_time_pred = 0.001398
iter 65: cpu_time_cuda = 0.001424
iter 65: gpu_time_cuda = 0.001460
iter 65: download_copy_time_cuda = 0.000193
iter 65: upload_copy_time_cuda = 0.000210

iter 66: cpu_time_pred = 0.001322
iter 66: gpu_time_pred = 0.001259
iter 66: cpu_time_cuda = 0.001341
iter 66: gpu_time_cuda = 0.001359
iter 66: download_copy_time_cuda = 0.000184
iter 66: upload_copy_time_cuda = 0.000199

iter 67: cpu_time_pred = 0.001238
iter 67: gpu_time_pred = 0.001158
iter 67: cpu_time_cuda = 0.001232
iter 67: gpu_time_cuda = 0.001129
iter 67: download_copy_time_cuda = 0.000174
iter 67: upload_copy_time_cuda = 0.000187

iter 68: cpu_time_pred = 0.001130
iter 68: gpu_time_pred = 0.000949
!!Border found at iter 67
iter 68: cpu_time_cuda = 0.001143
iter 68: gpu_time_cuda = 0.000961
iter 68: download_copy_time_cuda = 0.000161
iter 68: upload_copy_time_cuda = 0.000176

iter 69: cpu_time_pred = 0.001039
iter 69: gpu_time_pred = 0.000794
!!Border found at iter 68
iter 69: cpu_time_cuda = 0.001047
iter 69: gpu_time_cuda = 0.000961
iter 69: download_copy_time_cuda = 0.000155
iter 69: upload_copy_time_cuda = 0.000165

iter 70: cpu_time_pred = 0.000942
iter 70: gpu_time_pred = 0.000778
!!Border found at iter 69
iter 70: cpu_time_cuda = 0.000955
iter 70: gpu_time_cuda = 0.000771
iter 70: download_copy_time_cuda = 0.000143
iter 70: upload_copy_time_cuda = 0.000153

iter 71: cpu_time_pred = 0.000849
iter 71: gpu_time_pred = 0.000609
!!Border found at iter 70
iter 71: cpu_time_cuda = 0.000855
iter 71: gpu_time_cuda = 0.000677
iter 71: download_copy_time_cuda = 0.000130
iter 71: upload_copy_time_cuda = 0.000145

iter 72: cpu_time_pred = 0.000748
iter 72: gpu_time_pred = 0.000519
!!Border found at iter 71
iter 72: cpu_time_cuda = 0.000767
iter 72: gpu_time_cuda = 0.000595
iter 72: download_copy_time_cuda = 0.000118
iter 72: upload_copy_time_cuda = 0.000141

iter 73: cpu_time_pred = 0.000657
iter 73: gpu_time_pred = 0.000437
!!Border found at iter 72
iter 73: cpu_time_cuda = 0.000679
iter 73: gpu_time_cuda = 0.000414
iter 73: download_copy_time_cuda = 0.000109
iter 73: upload_copy_time_cuda = 0.000136

iter 74: cpu_time_pred = 0.000566
iter 74: gpu_time_pred = 0.000287
!!Border found at iter 73
iter 74: cpu_time_cuda = 0.000594
iter 74: gpu_time_cuda = 0.000351
iter 74: download_copy_time_cuda = 0.000098
iter 74: upload_copy_time_cuda = 0.000131

iter 75: cpu_time_pred = 0.000475
iter 75: gpu_time_pred = 0.000225
!!Border found at iter 74
iter 75: cpu_time_cuda = 0.000518
iter 75: gpu_time_cuda = 0.000303
iter 75: download_copy_time_cuda = 0.000090
iter 75: upload_copy_time_cuda = 0.000124

iter 76: cpu_time_pred = 0.000388
iter 76: gpu_time_pred = 0.000170
!!Border found at iter 75
iter 76: cpu_time_cuda = 0.000441
iter 76: gpu_time_cuda = 0.000258
iter 76: download_copy_time_cuda = 0.000080
iter 76: upload_copy_time_cuda = 0.000117

iter 77: cpu_time_pred = 0.000294
iter 77: gpu_time_pred = 0.000114
!!Border found at iter 76
iter 77: cpu_time_cuda = 0.000352
iter 77: gpu_time_cuda = 0.000242
iter 77: download_copy_time_cuda = 0.000074
iter 77: upload_copy_time_cuda = 0.000108

iter 78: cpu_time_pred = 0.000176
iter 78: gpu_time_pred = 0.000060
!!Border found at iter 77
iter 78: cpu_time_cuda = 0.000265
iter 78: gpu_time_cuda = 0.000237
iter 78: download_copy_time_cuda = 0.000069
iter 78: upload_copy_time_cuda = 0.000098

iter 79: cpu_time_pred = 0.000000
iter 79: gpu_time_pred = 0.000000
!!Border found at iter 78
iter 79: cpu_time_cuda = 0.000157
iter 79: gpu_time_cuda = 0.000003
iter 79: download_copy_time_cuda = 0.000065
iter 79: upload_copy_time_cuda = 0.000070

total_cpu_time_cuda = 0.303092
total_gpu_time_cuda = 0.268544
total_copy_time_cuda = 0.047455
main_loop_time_cuda = 0.682748
 5120  5120     ---   (  ---  )    109.66 (   0.82)     ---   
total_time = 1.661272
1.62user 0.47system 0:03.04elapsed 69%CPU (0avgtext+0avgdata 358508maxresident)k
4504inputs+0outputs (1major+71697minor)pagefaults 0swaps
send out message: 22 3 log
