send out message: 24 37 /home/lchen/MAGMA/magma-1.3.0/results
send out message: 20 26 MAGMA_LU_GPUDVFS.total.pwr
MAGMA 1.3.0
device 0: Tesla K20c, 705.5 MHz clock, 4799.6 MB memory, capability 3.5

Usage: /home/lchen/MAGMA/magma-1.3.0/testing/testing_dgetrf -N <m,n> -c -c2 -l
  -N  can be repeated up to 10 times. If only m is given, then m=n.
  -c  or setting $MAGMA_TESTINGS_CHECK checks result, PA - LU.
  -c2 for square matrices, solves one RHS and checks residual, Ax - b.
  -l  or setting $MAGMA_RUN_LAPACK runs LAPACK.

    M     N   CPU GFlop/s (sec)   GPU GFlop/s (sec)   |PA-LU|/(N*|A|)
=========================================================================
init_time = 0.840005
iter 0: cpu_time_cuda = 0.000000
iter 0: gpu_time_cuda = 0.000000
iter 0: download_copy_time_cuda = 0.000000
iter 0: upload_copy_time_cuda = 0.000494

iter 1: cpu_time_cuda = 0.007601
iter 1: gpu_time_cuda = 0.005504
iter 1: download_copy_time_cuda = 0.000461
iter 1: upload_copy_time_cuda = 0.000480

iter 2: cpu_time_pred = 0.007504
iter 2: gpu_time_pred = 0.005364
!!Border found at iter 1
iter 2: ratio_split_freq = 0.064243
iter 2: cpu_time_cuda = 0.007522
iter 2: gpu_time_cuda = 0.007374
iter 2: download_copy_time_cuda = 0.001160
iter 2: upload_copy_time_cuda = 0.000476

iter 3: cpu_time_pred = 0.007406
iter 3: gpu_time_pred = 0.005225
!!Border found at iter 2
iter 3: ratio_split_freq = 0.067207
iter 3: cpu_time_cuda = 0.007420
iter 3: gpu_time_cuda = 0.007066
iter 3: download_copy_time_cuda = 0.001159
iter 3: upload_copy_time_cuda = 0.000468

iter 4: cpu_time_pred = 0.007309
iter 4: gpu_time_pred = 0.005089
!!Border found at iter 3
iter 4: ratio_split_freq = 0.070250
iter 4: cpu_time_cuda = 0.007330
iter 4: gpu_time_cuda = 0.007244
iter 4: download_copy_time_cuda = 0.001142
iter 4: upload_copy_time_cuda = 0.000457

iter 5: cpu_time_pred = 0.007211
iter 5: gpu_time_pred = 0.004954
!!Border found at iter 4
iter 5: ratio_split_freq = 0.073376
iter 5: cpu_time_cuda = 0.007273
iter 5: gpu_time_cuda = 0.015401
iter 5: download_copy_time_cuda = 0.001085
iter 5: upload_copy_time_cuda = 0.000450

iter 6: cpu_time_pred = 0.007114
iter 6: gpu_time_pred = 0.004821
iter 6: ratio_split_freq = 0.076587
iter 6: cpu_time_cuda = 0.007129
iter 6: gpu_time_cuda = 0.006734
iter 6: download_copy_time_cuda = 0.001077
iter 6: upload_copy_time_cuda = 0.000454

iter 7: cpu_time_pred = 0.007017
iter 7: gpu_time_pred = 0.004690
!!Border found at iter 6
iter 7: ratio_split_freq = 0.079887
iter 7: cpu_time_cuda = 0.007027
iter 7: gpu_time_cuda = 0.006946
iter 7: download_copy_time_cuda = 0.001061
iter 7: upload_copy_time_cuda = 0.000450

iter 8: cpu_time_pred = 0.006919
iter 8: gpu_time_pred = 0.004561
!!Border found at iter 7
iter 8: ratio_split_freq = 0.083280
iter 8: cpu_time_cuda = 0.006928
iter 8: gpu_time_cuda = 0.007031
iter 8: download_copy_time_cuda = 0.001053
iter 8: upload_copy_time_cuda = 0.000434

iter 9: cpu_time_pred = 0.006822
iter 9: gpu_time_pred = 0.004433
iter 9: ratio_split_freq = 0.086771
iter 9: cpu_time_cuda = 0.006838
iter 9: gpu_time_cuda = 0.006833
iter 9: download_copy_time_cuda = 0.001018
iter 9: upload_copy_time_cuda = 0.000437

iter 10: cpu_time_pred = 0.006724
iter 10: gpu_time_pred = 0.004307
!!Border found at iter 9
iter 10: ratio_split_freq = 0.090362
iter 10: cpu_time_cuda = 0.006748
iter 10: gpu_time_cuda = 0.006506
iter 10: download_copy_time_cuda = 0.001012
iter 10: upload_copy_time_cuda = 0.000431

iter 11: cpu_time_pred = 0.006627
iter 11: gpu_time_pred = 0.004183
!!Border found at iter 10
iter 11: ratio_split_freq = 0.094059
iter 11: cpu_time_cuda = 0.006652
iter 11: gpu_time_cuda = 0.006736
iter 11: download_copy_time_cuda = 0.001001
iter 11: upload_copy_time_cuda = 0.000416

iter 12: cpu_time_pred = 0.006529
iter 12: gpu_time_pred = 0.004061
iter 12: ratio_split_freq = 0.097866
iter 12: cpu_time_cuda = 0.006597
iter 12: gpu_time_cuda = 0.006682
iter 12: download_copy_time_cuda = 0.000973
iter 12: upload_copy_time_cuda = 0.000410

iter 13: cpu_time_pred = 0.006432
iter 13: gpu_time_pred = 0.003941
iter 13: ratio_split_freq = 0.101789
iter 13: cpu_time_cuda = 0.006473
iter 13: gpu_time_cuda = 0.006592
iter 13: download_copy_time_cuda = 0.000973
iter 13: upload_copy_time_cuda = 0.000413

iter 14: cpu_time_pred = 0.006334
iter 14: gpu_time_pred = 0.003822
iter 14: ratio_split_freq = 0.105832
iter 14: cpu_time_cuda = 0.006357
iter 14: gpu_time_cuda = 0.006513
iter 14: download_copy_time_cuda = 0.000966
iter 14: upload_copy_time_cuda = 0.000408

iter 15: cpu_time_pred = 0.006237
iter 15: gpu_time_pred = 0.003706
iter 15: ratio_split_freq = 0.110002
iter 15: cpu_time_cuda = 0.006298
iter 15: gpu_time_cuda = 0.006440
iter 15: download_copy_time_cuda = 0.000935
iter 15: upload_copy_time_cuda = 0.000399

iter 16: cpu_time_pred = 0.006139
iter 16: gpu_time_pred = 0.003591
iter 16: ratio_split_freq = 0.114304
iter 16: cpu_time_cuda = 0.006128
iter 16: gpu_time_cuda = 0.013890
iter 16: download_copy_time_cuda = 0.000923
iter 16: upload_copy_time_cuda = 0.000403

iter 17: cpu_time_pred = 0.006042
iter 17: gpu_time_pred = 0.003478
iter 17: ratio_split_freq = 0.118745
iter 17: cpu_time_cuda = 0.006011
iter 17: gpu_time_cuda = 0.006298
iter 17: download_copy_time_cuda = 0.000899
iter 17: upload_copy_time_cuda = 0.000390

iter 18: cpu_time_pred = 0.005945
iter 18: gpu_time_pred = 0.003366
iter 18: ratio_split_freq = 0.123331
iter 18: cpu_time_cuda = 0.005919
iter 18: gpu_time_cuda = 0.006217
iter 18: download_copy_time_cuda = 0.000887
iter 18: upload_copy_time_cuda = 0.000375

iter 19: cpu_time_pred = 0.005847
iter 19: gpu_time_pred = 0.003257
iter 19: ratio_split_freq = 0.128071
iter 19: cpu_time_cuda = 0.005825
iter 19: gpu_time_cuda = 0.006102
iter 19: download_copy_time_cuda = 0.000876
iter 19: upload_copy_time_cuda = 0.000378

iter 20: cpu_time_pred = 0.005750
iter 20: gpu_time_pred = 0.003149
iter 20: ratio_split_freq = 0.132971
iter 20: cpu_time_cuda = 0.005777
iter 20: gpu_time_cuda = 0.006057
iter 20: download_copy_time_cuda = 0.000863
iter 20: upload_copy_time_cuda = 0.000370

iter 21: cpu_time_pred = 0.005652
iter 21: gpu_time_pred = 0.003043
iter 21: ratio_split_freq = 0.138040
iter 21: cpu_time_cuda = 0.005630
iter 21: gpu_time_cuda = 0.006065
iter 21: download_copy_time_cuda = 0.000842
iter 21: upload_copy_time_cuda = 0.000362

iter 22: cpu_time_pred = 0.005555
iter 22: gpu_time_pred = 0.002939
iter 22: ratio_split_freq = 0.143287
iter 22: cpu_time_cuda = 0.005544
iter 22: gpu_time_cuda = 0.005897
iter 22: download_copy_time_cuda = 0.000822
iter 22: upload_copy_time_cuda = 0.000353

iter 23: cpu_time_pred = 0.005457
iter 23: gpu_time_pred = 0.002837
iter 23: ratio_split_freq = 0.148721
iter 23: cpu_time_cuda = 0.005440
iter 23: gpu_time_cuda = 0.005893
iter 23: download_copy_time_cuda = 0.000814
iter 23: upload_copy_time_cuda = 0.000347

iter 24: cpu_time_pred = 0.005360
iter 24: gpu_time_pred = 0.002737
iter 24: ratio_split_freq = 0.154353
iter 24: cpu_time_cuda = 0.005348
iter 24: gpu_time_cuda = 0.005780
iter 24: download_copy_time_cuda = 0.000793
iter 24: upload_copy_time_cuda = 0.000344

iter 25: cpu_time_pred = 0.005262
iter 25: gpu_time_pred = 0.002638
iter 25: ratio_split_freq = 0.160193
iter 25: cpu_time_cuda = 0.005253
iter 25: gpu_time_cuda = 0.005709
iter 25: download_copy_time_cuda = 0.000787
iter 25: upload_copy_time_cuda = 0.000343

iter 26: cpu_time_pred = 0.005165
iter 26: gpu_time_pred = 0.002541
iter 26: ratio_split_freq = 0.166254
iter 26: cpu_time_cuda = 0.005165
iter 26: gpu_time_cuda = 0.005595
iter 26: download_copy_time_cuda = 0.000759
iter 26: upload_copy_time_cuda = 0.000342

iter 27: cpu_time_pred = 0.005068
iter 27: gpu_time_pred = 0.002446
iter 27: ratio_split_freq = 0.172548
iter 27: cpu_time_cuda = 0.005062
iter 27: gpu_time_cuda = 0.005566
iter 27: download_copy_time_cuda = 0.000747
iter 27: upload_copy_time_cuda = 0.000330

iter 28: cpu_time_pred = 0.004970
iter 28: gpu_time_pred = 0.002353
iter 28: ratio_split_freq = 0.179089
iter 28: cpu_time_cuda = 0.004966
iter 28: gpu_time_cuda = 0.005478
iter 28: download_copy_time_cuda = 0.000737
iter 28: upload_copy_time_cuda = 0.000321

iter 29: cpu_time_pred = 0.004873
iter 29: gpu_time_pred = 0.002262
iter 29: ratio_split_freq = 0.185891
iter 29: cpu_time_cuda = 0.004871
iter 29: gpu_time_cuda = 0.005445
iter 29: download_copy_time_cuda = 0.000707
iter 29: upload_copy_time_cuda = 0.000311

iter 30: cpu_time_pred = 0.004775
iter 30: gpu_time_pred = 0.002172
iter 30: ratio_split_freq = 0.192971
iter 30: cpu_time_cuda = 0.004787
iter 30: gpu_time_cuda = 0.005334
iter 30: download_copy_time_cuda = 0.000711
iter 30: upload_copy_time_cuda = 0.000306

iter 31: cpu_time_pred = 0.004678
iter 31: gpu_time_pred = 0.002084
iter 31: ratio_split_freq = 0.200346
iter 31: cpu_time_cuda = 0.004686
iter 31: gpu_time_cuda = 0.005299
iter 31: download_copy_time_cuda = 0.000677
iter 31: upload_copy_time_cuda = 0.000307

iter 32: cpu_time_pred = 0.004580
iter 32: gpu_time_pred = 0.001998
iter 32: ratio_split_freq = 0.208035
iter 32: cpu_time_cuda = 0.004588
iter 32: gpu_time_cuda = 0.005197
iter 32: download_copy_time_cuda = 0.000666
iter 32: upload_copy_time_cuda = 0.000294

iter 33: cpu_time_pred = 0.004483
iter 33: gpu_time_pred = 0.001914
iter 33: ratio_split_freq = 0.216058
iter 33: cpu_time_cuda = 0.004500
iter 33: gpu_time_cuda = 0.005144
iter 33: download_copy_time_cuda = 0.000645
iter 33: upload_copy_time_cuda = 0.000297

iter 34: cpu_time_pred = 0.004385
iter 34: gpu_time_pred = 0.001832
iter 34: ratio_split_freq = 0.224438
iter 34: cpu_time_cuda = 0.004418
iter 34: gpu_time_cuda = 0.011566
iter 34: download_copy_time_cuda = 0.000631
iter 34: upload_copy_time_cuda = 0.000283

iter 35: cpu_time_pred = 0.004288
iter 35: gpu_time_pred = 0.001751
iter 35: ratio_split_freq = 0.233199
iter 35: cpu_time_cuda = 0.004317
iter 35: gpu_time_cuda = 0.004945
iter 35: download_copy_time_cuda = 0.000623
iter 35: upload_copy_time_cuda = 0.000277

iter 36: cpu_time_pred = 0.004190
iter 36: gpu_time_pred = 0.001673
iter 36: ratio_split_freq = 0.242367
iter 36: cpu_time_cuda = 0.004203
iter 36: gpu_time_cuda = 0.004936
iter 36: download_copy_time_cuda = 0.000602
iter 36: upload_copy_time_cuda = 0.000275

iter 37: cpu_time_pred = 0.004093
iter 37: gpu_time_pred = 0.001596
iter 37: ratio_split_freq = 0.251972
iter 37: cpu_time_cuda = 0.004092
iter 37: gpu_time_cuda = 0.004844
iter 37: download_copy_time_cuda = 0.000588
iter 37: upload_copy_time_cuda = 0.000270

iter 38: cpu_time_pred = 0.003996
iter 38: gpu_time_pred = 0.001521
iter 38: ratio_split_freq = 0.262045
iter 38: cpu_time_cuda = 0.003992
iter 38: gpu_time_cuda = 0.004818
iter 38: download_copy_time_cuda = 0.000574
iter 38: upload_copy_time_cuda = 0.000267

iter 39: cpu_time_pred = 0.003898
iter 39: gpu_time_pred = 0.001448
iter 39: ratio_split_freq = 0.272622
iter 39: cpu_time_cuda = 0.003908
iter 39: gpu_time_cuda = 0.004685
iter 39: download_copy_time_cuda = 0.000557
iter 39: upload_copy_time_cuda = 0.000259

iter 40: cpu_time_pred = 0.003801
iter 40: gpu_time_pred = 0.001376
iter 40: ratio_split_freq = 0.283741
iter 40: cpu_time_cuda = 0.003949
iter 40: gpu_time_cuda = 0.004642
iter 40: download_copy_time_cuda = 0.000545
iter 40: upload_copy_time_cuda = 0.000254

iter 41: cpu_time_pred = 0.003703
iter 41: gpu_time_pred = 0.001306
iter 41: ratio_split_freq = 0.295446
iter 41: cpu_time_cuda = 0.003716
iter 41: gpu_time_cuda = 0.008232
iter 41: download_copy_time_cuda = 0.000530
iter 41: upload_copy_time_cuda = 0.000242

iter 42: cpu_time_pred = 0.003606
iter 42: gpu_time_pred = 0.001239
iter 42: ratio_split_freq = 0.307783
iter 42: cpu_time_cuda = 0.003627
iter 42: gpu_time_cuda = 0.004475
iter 42: download_copy_time_cuda = 0.000519
iter 42: upload_copy_time_cuda = 0.000235

iter 43: cpu_time_pred = 0.003508
iter 43: gpu_time_pred = 0.001172
iter 43: ratio_split_freq = 0.320805
iter 43: cpu_time_cuda = 0.003526
iter 43: gpu_time_cuda = 0.004406
iter 43: download_copy_time_cuda = 0.000511
iter 43: upload_copy_time_cuda = 0.000235

iter 44: cpu_time_pred = 0.003411
iter 44: gpu_time_pred = 0.001108
iter 44: ratio_split_freq = 0.334572
iter 44: cpu_time_cuda = 0.003439
iter 44: gpu_time_cuda = 0.004353
iter 44: download_copy_time_cuda = 0.000484
iter 44: upload_copy_time_cuda = 0.000225

iter 45: cpu_time_pred = 0.003313
iter 45: gpu_time_pred = 0.001046
iter 45: ratio_split_freq = 0.349149
iter 45: cpu_time_cuda = 0.003612
iter 45: gpu_time_cuda = 0.004271
iter 45: download_copy_time_cuda = 0.000468
iter 45: upload_copy_time_cuda = 0.000220

iter 46: cpu_time_pred = 0.003216
iter 46: gpu_time_pred = 0.000985
iter 46: ratio_split_freq = 0.364609
iter 46: cpu_time_cuda = 0.003204
iter 46: gpu_time_cuda = 0.003926
iter 46: download_copy_time_cuda = 0.000464
iter 46: upload_copy_time_cuda = 0.000215

iter 47: cpu_time_pred = 0.003118
iter 47: gpu_time_pred = 0.000926
iter 47: ratio_split_freq = 0.381035
iter 47: cpu_time_cuda = 0.003117
iter 47: gpu_time_cuda = 0.003730
iter 47: download_copy_time_cuda = 0.000467
iter 47: upload_copy_time_cuda = 0.000207

iter 48: cpu_time_pred = 0.003021
iter 48: gpu_time_pred = 0.000869
iter 48: ratio_split_freq = 0.398521
iter 48: cpu_time_cuda = 0.003026
iter 48: gpu_time_cuda = 0.003617
iter 48: download_copy_time_cuda = 0.000433
iter 48: upload_copy_time_cuda = 0.000203

iter 49: cpu_time_pred = 0.002924
iter 49: gpu_time_pred = 0.000814
iter 49: ratio_split_freq = 0.417172
iter 49: cpu_time_cuda = 0.002914
iter 49: gpu_time_cuda = 0.003719
iter 49: download_copy_time_cuda = 0.000415
iter 49: upload_copy_time_cuda = 0.000196

iter 50: cpu_time_pred = 0.002826
iter 50: gpu_time_pred = 0.000761
iter 50: ratio_split_freq = 0.437111
iter 50: cpu_time_cuda = 0.002856
iter 50: gpu_time_cuda = 0.003486
iter 50: download_copy_time_cuda = 0.000406
iter 50: upload_copy_time_cuda = 0.000194

iter 51: cpu_time_pred = 0.002729
iter 51: gpu_time_pred = 0.000709
iter 51: ratio_split_freq = 0.458473
iter 51: cpu_time_cuda = 0.002734
iter 51: gpu_time_cuda = 0.003538
iter 51: download_copy_time_cuda = 0.000397
iter 51: upload_copy_time_cuda = 0.000189

iter 52: cpu_time_pred = 0.002631
iter 52: gpu_time_pred = 0.000660
iter 52: ratio_split_freq = 0.481417
iter 52: cpu_time_cuda = 0.002648
iter 52: gpu_time_cuda = 0.003364
iter 52: download_copy_time_cuda = 0.000378
iter 52: upload_copy_time_cuda = 0.000180

iter 53: cpu_time_pred = 0.002534
iter 53: gpu_time_pred = 0.000612
iter 53: ratio_split_freq = 0.506127
iter 53: cpu_time_cuda = 0.002539
iter 53: gpu_time_cuda = 0.003356
iter 53: download_copy_time_cuda = 0.000360
iter 53: upload_copy_time_cuda = 0.000177

iter 54: cpu_time_pred = 0.002436
iter 54: gpu_time_pred = 0.000565
iter 54: ratio_split_freq = 0.532813
iter 54: cpu_time_cuda = 0.002454
iter 54: gpu_time_cuda = 0.003260
iter 54: download_copy_time_cuda = 0.000352
iter 54: upload_copy_time_cuda = 0.000173

iter 55: cpu_time_pred = 0.002339
iter 55: gpu_time_pred = 0.000521
iter 55: ratio_split_freq = 0.561723
iter 55: cpu_time_cuda = 0.002348
iter 55: gpu_time_cuda = 0.003256
iter 55: download_copy_time_cuda = 0.000335
iter 55: upload_copy_time_cuda = 0.000166

iter 56: cpu_time_pred = 0.002241
iter 56: gpu_time_pred = 0.000479
iter 56: ratio_split_freq = 0.593147
iter 56: cpu_time_cuda = 0.002267
iter 56: gpu_time_cuda = 0.003208
iter 56: download_copy_time_cuda = 0.000325
iter 56: upload_copy_time_cuda = 0.000157

iter 57: cpu_time_pred = 0.002144
iter 57: gpu_time_pred = 0.000438
iter 57: ratio_split_freq = 0.627428
iter 57: cpu_time_cuda = 0.002174
iter 57: gpu_time_cuda = 0.002974
iter 57: download_copy_time_cuda = 0.000313
iter 57: upload_copy_time_cuda = 0.000154

iter 58: cpu_time_pred = 0.002047
iter 58: gpu_time_pred = 0.000399
iter 58: ratio_split_freq = 0.664974
iter 58: cpu_time_cuda = 0.002059
iter 58: gpu_time_cuda = 0.002649
iter 58: download_copy_time_cuda = 0.000296
iter 58: upload_copy_time_cuda = 0.000150

iter 59: cpu_time_pred = 0.001949
iter 59: gpu_time_pred = 0.000362
iter 59: ratio_split_freq = 0.706274
iter 59: cpu_time_cuda = 0.002203
iter 59: gpu_time_cuda = 0.000480
iter 59: download_copy_time_cuda = 0.005331
iter 59: upload_copy_time_cuda = 0.000140

iter 60: cpu_time_pred = 0.001852
iter 60: gpu_time_pred = 0.000327
!!Border found at iter 59
iter 60: ratio_split_freq = 0.751922
iter 60: cpu_time_cuda = 0.002104
iter 60: gpu_time_cuda = 0.000398
iter 60: download_copy_time_cuda = 0.005314
iter 60: upload_copy_time_cuda = 0.000136

iter 61: cpu_time_pred = 0.001754
iter 61: gpu_time_pred = 0.000293
!!Border found at iter 60
iter 61: ratio_split_freq = 0.802641
iter 61: cpu_time_cuda = 0.001996
iter 61: gpu_time_cuda = 0.000359
iter 61: download_copy_time_cuda = 0.005215
iter 61: upload_copy_time_cuda = 0.000132

iter 62: cpu_time_pred = 0.001657
iter 62: gpu_time_pred = 0.000261
!!Border found at iter 61
iter 62: ratio_split_freq = 0.859328
iter 62: cpu_time_cuda = 0.001891
iter 62: gpu_time_cuda = 0.000350
iter 62: download_copy_time_cuda = 0.005251
iter 62: upload_copy_time_cuda = 0.000127

iter 63: cpu_time_pred = 0.001559
iter 63: gpu_time_pred = 0.000232
!!Border found at iter 62
iter 63: ratio_split_freq = 0.923100
iter 63: cpu_time_cuda = 0.001873
iter 63: gpu_time_cuda = 0.000332
iter 63: download_copy_time_cuda = 0.005293
iter 63: upload_copy_time_cuda = 0.000115

iter 64: cpu_time_pred = 0.001462
iter 64: gpu_time_pred = 0.000204
!!Border found at iter 63
iter 64: ratio_split_freq = 0.995375
iter 64: cpu_time_cuda = 0.001699
iter 64: gpu_time_cuda = 0.000299
iter 64: download_copy_time_cuda = 0.004992
iter 64: upload_copy_time_cuda = 0.000112

iter 65: cpu_time_pred = 0.001364
iter 65: gpu_time_pred = 0.000177
!!Border found at iter 64
iter 65: ratio_split_freq = 1.077976
iter 65: cpu_time_cuda = 0.001388
iter 65: gpu_time_cuda = 0.001230
iter 65: download_copy_time_cuda = 0.000209
iter 65: upload_copy_time_cuda = 0.000110

iter 66: cpu_time_pred = 0.001267
iter 66: gpu_time_pred = 0.000153
!!Border found at iter 65
iter 66: ratio_split_freq = 1.173284
iter 66: cpu_time_cuda = 0.001302
iter 66: gpu_time_cuda = 0.001047
iter 66: download_copy_time_cuda = 0.000204
iter 66: upload_copy_time_cuda = 0.000104

iter 67: cpu_time_pred = 0.001169
iter 67: gpu_time_pred = 0.000130
!!Border found at iter 66
iter 67: ratio_split_freq = 1.284476
iter 67: cpu_time_cuda = 0.001217
iter 67: gpu_time_cuda = 0.000940
iter 67: download_copy_time_cuda = 0.000183
iter 67: upload_copy_time_cuda = 0.000099

iter 68: cpu_time_pred = 0.001072
iter 68: gpu_time_pred = 0.000109
!!Border found at iter 67
iter 68: ratio_split_freq = 1.415886
iter 68: cpu_time_cuda = 0.001112
iter 68: gpu_time_cuda = 0.000874
iter 68: download_copy_time_cuda = 0.000171
iter 68: upload_copy_time_cuda = 0.000091

iter 69: cpu_time_pred = 0.000975
iter 69: gpu_time_pred = 0.000090
!!Border found at iter 68
iter 69: ratio_split_freq = 1.573578
iter 69: cpu_time_cuda = 0.000825
iter 69: gpu_time_cuda = 0.000683
iter 69: download_copy_time_cuda = 0.000168
iter 69: upload_copy_time_cuda = 0.000086

iter 70: cpu_time_pred = 0.000877
iter 70: gpu_time_pred = 0.000073
!!Border found at iter 69
iter 70: ratio_split_freq = 1.766312
iter 70: cpu_time_cuda = 0.000719
iter 70: gpu_time_cuda = 0.000604
iter 70: download_copy_time_cuda = 0.000149
iter 70: upload_copy_time_cuda = 0.000082

iter 71: cpu_time_pred = 0.000780
iter 71: gpu_time_pred = 0.000058
!!Border found at iter 70
iter 71: ratio_split_freq = 2.007230
iter 71: cpu_time_cuda = 0.000623
iter 71: gpu_time_cuda = 0.000520
iter 71: download_copy_time_cuda = 0.000138
iter 71: upload_copy_time_cuda = 0.000077

iter 72: cpu_time_pred = 0.000682
iter 72: gpu_time_pred = 0.000044
!!Border found at iter 71
iter 72: ratio_split_freq = 2.316981
iter 72: cpu_time_cuda = 0.000769
iter 72: gpu_time_cuda = 0.000449
iter 72: download_copy_time_cuda = 0.000128
iter 72: upload_copy_time_cuda = 0.000070

iter 73: cpu_time_pred = 0.000585
iter 73: gpu_time_pred = 0.000033
!!Border found at iter 72
iter 73: ratio_split_freq = 2.729983
iter 73: cpu_time_cuda = 0.000689
iter 73: gpu_time_cuda = 0.000073
iter 73: download_copy_time_cuda = 0.000117
iter 73: upload_copy_time_cuda = 0.000064

iter 74: cpu_time_pred = 0.000487
iter 74: gpu_time_pred = 0.000023
!!Border found at iter 73
iter 74: ratio_split_freq = 3.308186
iter 74: cpu_time_cuda = 0.000614
iter 74: gpu_time_cuda = 0.000067
iter 74: download_copy_time_cuda = 0.016843
iter 74: upload_copy_time_cuda = 0.000059

iter 75: cpu_time_pred = 0.000390
iter 75: gpu_time_pred = 0.000014
!!Border found at iter 74
iter 75: ratio_split_freq = 4.175490
iter 75: cpu_time_cuda = 0.000521
iter 75: gpu_time_cuda = 0.000053
iter 75: download_copy_time_cuda = 0.004941
iter 75: upload_copy_time_cuda = 0.000055

iter 76: cpu_time_pred = 0.000292
iter 76: gpu_time_pred = 0.000008
!!Border found at iter 75
iter 76: ratio_split_freq = 5.620997
iter 76: cpu_time_cuda = 0.000439
iter 76: gpu_time_cuda = 0.000051
iter 76: download_copy_time_cuda = 0.004914
iter 76: upload_copy_time_cuda = 0.000049

iter 77: cpu_time_pred = 0.000195
iter 77: gpu_time_pred = 0.000004
!!Border found at iter 76
iter 77: ratio_split_freq = 8.512010
iter 77: cpu_time_cuda = 0.000362
iter 77: gpu_time_cuda = 0.000049
iter 77: download_copy_time_cuda = 0.004741
iter 77: upload_copy_time_cuda = 0.000045

iter 78: cpu_time_pred = 0.000097
iter 78: gpu_time_pred = 0.000001
!!Border found at iter 77
iter 78: ratio_split_freq = 17.185050
iter 78: cpu_time_cuda = 0.000267
iter 78: gpu_time_cuda = 0.000049
iter 78: download_copy_time_cuda = 0.004729
iter 78: upload_copy_time_cuda = 0.000041

iter 79: cpu_time_pred = 0.000000
iter 79: gpu_time_pred = 0.000000
!!Border found at iter 78
iter 79: ratio_split_freq = -nan
iter 79: cpu_time_cuda = 0.000163
iter 79: gpu_time_cuda = 0.000003
iter 79: download_copy_time_cuda = 0.000077
iter 79: upload_copy_time_cuda = 0.000080

total_cpu_time_cuda = 0.303609
total_gpu_time_cuda = 0.339735
total_copy_time_cuda = 0.130439
main_loop_time_cuda = 1.344723
Normalized difference of predicted CPU runtime per iteration is: -4.589324%
Normalized difference of predicted GPU runtime per iteration is: -60.462425%
Normalized difference of predicted slack per iteration is: 328.291016%
 5120  5120     ---   (  ---  )     60.53 (   1.48)     ---   
total_time = 2.321509
1.57user 0.90system 0:03.92elapsed 63%CPU (0avgtext+0avgdata 358764maxresident)k
4512inputs+0outputs (1major+71715minor)pagefaults 0swaps
send out message: 22 3 log
