send out message: 24 37 /home/lchen/MAGMA/magma-1.3.0/results
send out message: 20 26 MAGMA_LU_GPUDVFS.total.pwr
MAGMA 1.3.0
device 0: Tesla K20c, 705.5 MHz clock, 4799.6 MB memory, capability 3.5

Usage: /home/lchen/MAGMA/magma-1.3.0/testing/testing_dgetrf -N <m,n> -c -c2 -l
  -N  can be repeated up to 10 times. If only m is given, then m=n.
  -c  or setting $MAGMA_TESTINGS_CHECK checks result, PA - LU.
  -c2 for square matrices, solves one RHS and checks residual, Ax - b.
  -l  or setting $MAGMA_RUN_LAPACK runs LAPACK.

    M     N   CPU GFlop/s (sec)   GPU GFlop/s (sec)   |PA-LU|/(N*|A|)
=========================================================================
init_time = 13.630132
iter 0: cpu_time_cuda = 0.000000
iter 0: gpu_time_cuda = 0.000000
iter 0: download_copy_time_cuda = 0.000000
iter 0: upload_copy_time_cuda = 0.002040

iter 1: cpu_time_cuda = 0.073278
iter 1: gpu_time_cuda = 0.085159
iter 1: download_copy_time_cuda = 0.001870
iter 1: upload_copy_time_cuda = 0.002044

iter 2: cpu_time_pred = 0.073048
iter 2: gpu_time_pred = 0.084624
iter 2: cpu_time_cuda = 0.067438
iter 2: gpu_time_cuda = 0.085304
iter 2: download_copy_time_cuda = 0.001878
iter 2: upload_copy_time_cuda = 0.002023

iter 3: cpu_time_pred = 0.067226
iter 3: gpu_time_pred = 0.084767
iter 3: cpu_time_cuda = 0.067237
iter 3: gpu_time_cuda = 0.084686
iter 3: download_copy_time_cuda = 0.001869
iter 3: upload_copy_time_cuda = 0.002010

iter 4: cpu_time_pred = 0.067025
iter 4: gpu_time_pred = 0.084151
iter 4: cpu_time_cuda = 0.067072
iter 4: gpu_time_cuda = 0.084063
iter 4: download_copy_time_cuda = 0.001862
iter 4: upload_copy_time_cuda = 0.002012

iter 5: cpu_time_pred = 0.066859
iter 5: gpu_time_pred = 0.083530
iter 5: cpu_time_cuda = 0.067061
iter 5: gpu_time_cuda = 0.083897
iter 5: download_copy_time_cuda = 0.001870
iter 5: upload_copy_time_cuda = 0.002000

iter 6: cpu_time_pred = 0.066848
iter 6: gpu_time_pred = 0.083364
iter 6: cpu_time_cuda = 0.066613
iter 6: gpu_time_cuda = 0.083092
iter 6: download_copy_time_cuda = 0.001860
iter 6: upload_copy_time_cuda = 0.001990

iter 7: cpu_time_pred = 0.066400
iter 7: gpu_time_pred = 0.082562
iter 7: cpu_time_cuda = 0.066406
iter 7: gpu_time_cuda = 0.082333
iter 7: download_copy_time_cuda = 0.001845
iter 7: upload_copy_time_cuda = 0.001989

iter 8: cpu_time_pred = 0.066193
iter 8: gpu_time_pred = 0.081806
iter 8: cpu_time_cuda = 0.066438
iter 8: gpu_time_cuda = 0.082407
iter 8: download_copy_time_cuda = 0.001841
iter 8: upload_copy_time_cuda = 0.001984

iter 9: cpu_time_pred = 0.066225
iter 9: gpu_time_pred = 0.081878
iter 9: cpu_time_cuda = 0.066541
iter 9: gpu_time_cuda = 0.081321
iter 9: download_copy_time_cuda = 0.001837
iter 9: upload_copy_time_cuda = 0.001969

iter 10: cpu_time_pred = 0.066327
iter 10: gpu_time_pred = 0.080797
iter 10: cpu_time_cuda = 0.066104
iter 10: gpu_time_cuda = 0.081256
iter 10: download_copy_time_cuda = 0.001830
iter 10: upload_copy_time_cuda = 0.001959

iter 11: cpu_time_pred = 0.065890
iter 11: gpu_time_pred = 0.080731
iter 11: cpu_time_cuda = 0.066128
iter 11: gpu_time_cuda = 0.079951
iter 11: download_copy_time_cuda = 0.001834
iter 11: upload_copy_time_cuda = 0.001967

iter 12: cpu_time_pred = 0.065914
iter 12: gpu_time_pred = 0.079433
iter 12: cpu_time_cuda = 0.065639
iter 12: gpu_time_cuda = 0.079634
iter 12: download_copy_time_cuda = 0.001827
iter 12: upload_copy_time_cuda = 0.001963

iter 13: cpu_time_pred = 0.065425
iter 13: gpu_time_pred = 0.079116
iter 13: cpu_time_cuda = 0.065878
iter 13: gpu_time_cuda = 0.078891
iter 13: download_copy_time_cuda = 0.001809
iter 13: upload_copy_time_cuda = 0.001948

iter 14: cpu_time_pred = 0.065662
iter 14: gpu_time_pred = 0.078377
iter 14: cpu_time_cuda = 0.065444
iter 14: gpu_time_cuda = 0.079011
iter 14: download_copy_time_cuda = 0.001813
iter 14: upload_copy_time_cuda = 0.001950

iter 15: cpu_time_pred = 0.065230
iter 15: gpu_time_pred = 0.078494
iter 15: cpu_time_cuda = 0.064981
iter 15: gpu_time_cuda = 0.078294
iter 15: download_copy_time_cuda = 0.001808
iter 15: upload_copy_time_cuda = 0.001934

iter 16: cpu_time_pred = 0.064767
iter 16: gpu_time_pred = 0.077780
iter 16: cpu_time_cuda = 0.064723
iter 16: gpu_time_cuda = 0.078136
iter 16: download_copy_time_cuda = 0.001799
iter 16: upload_copy_time_cuda = 0.001931

iter 17: cpu_time_pred = 0.064509
iter 17: gpu_time_pred = 0.077621
iter 17: cpu_time_cuda = 0.064657
iter 17: gpu_time_cuda = 0.076992
iter 17: download_copy_time_cuda = 0.001786
iter 17: upload_copy_time_cuda = 0.001921

iter 18: cpu_time_pred = 0.064443
iter 18: gpu_time_pred = 0.076483
iter 18: cpu_time_cuda = 0.064452
iter 18: gpu_time_cuda = 0.076563
iter 18: download_copy_time_cuda = 0.001782
iter 18: upload_copy_time_cuda = 0.001925

iter 19: cpu_time_pred = 0.064238
iter 19: gpu_time_pred = 0.076055
iter 19: cpu_time_cuda = 0.064158
iter 19: gpu_time_cuda = 0.075678
iter 19: download_copy_time_cuda = 0.001774
iter 19: upload_copy_time_cuda = 0.001906

iter 20: cpu_time_pred = 0.063944
iter 20: gpu_time_pred = 0.075174
iter 20: cpu_time_cuda = 0.063857
iter 20: gpu_time_cuda = 0.076209
iter 20: download_copy_time_cuda = 0.001782
iter 20: upload_copy_time_cuda = 0.001901

iter 21: cpu_time_pred = 0.063643
iter 21: gpu_time_pred = 0.075700
iter 21: cpu_time_cuda = 0.063728
iter 21: gpu_time_cuda = 0.074736
iter 21: download_copy_time_cuda = 0.001772
iter 21: upload_copy_time_cuda = 0.001904

iter 22: cpu_time_pred = 0.063514
iter 22: gpu_time_pred = 0.074235
iter 22: cpu_time_cuda = 0.063414
iter 22: gpu_time_cuda = 0.075045
iter 22: download_copy_time_cuda = 0.001756
iter 22: upload_copy_time_cuda = 0.001890

iter 23: cpu_time_pred = 0.063200
iter 23: gpu_time_pred = 0.074541
iter 23: cpu_time_cuda = 0.063234
iter 23: gpu_time_cuda = 0.073943
iter 23: download_copy_time_cuda = 0.001772
iter 23: upload_copy_time_cuda = 0.001889

iter 24: cpu_time_pred = 0.063020
iter 24: gpu_time_pred = 0.073444
iter 24: cpu_time_cuda = 0.063082
iter 24: gpu_time_cuda = 0.074629
iter 24: download_copy_time_cuda = 0.001754
iter 24: upload_copy_time_cuda = 0.001880

iter 25: cpu_time_pred = 0.062868
iter 25: gpu_time_pred = 0.074124
iter 25: cpu_time_cuda = 0.063161
iter 25: gpu_time_cuda = 0.072828
iter 25: download_copy_time_cuda = 0.001742
iter 25: upload_copy_time_cuda = 0.001881

iter 26: cpu_time_pred = 0.062946
iter 26: gpu_time_pred = 0.072333
iter 26: cpu_time_cuda = 0.062588
iter 26: gpu_time_cuda = 0.073209
iter 26: download_copy_time_cuda = 0.001732
iter 26: upload_copy_time_cuda = 0.001865

iter 27: cpu_time_pred = 0.062374
iter 27: gpu_time_pred = 0.072710
iter 27: cpu_time_cuda = 0.062330
iter 27: gpu_time_cuda = 0.072032
iter 27: download_copy_time_cuda = 0.001737
iter 27: upload_copy_time_cuda = 0.001860

iter 28: cpu_time_pred = 0.062116
iter 28: gpu_time_pred = 0.071539
iter 28: cpu_time_cuda = 0.062311
iter 28: gpu_time_cuda = 0.072094
iter 28: download_copy_time_cuda = 0.001722
iter 28: upload_copy_time_cuda = 0.001854

iter 29: cpu_time_pred = 0.062096
iter 29: gpu_time_pred = 0.071599
iter 29: cpu_time_cuda = 0.061999
iter 29: gpu_time_cuda = 0.071166
iter 29: download_copy_time_cuda = 0.001717
iter 29: upload_copy_time_cuda = 0.001856

iter 30: cpu_time_pred = 0.061785
iter 30: gpu_time_pred = 0.070676
iter 30: cpu_time_cuda = 0.061826
iter 30: gpu_time_cuda = 0.070886
iter 30: download_copy_time_cuda = 0.001715
iter 30: upload_copy_time_cuda = 0.001842

iter 31: cpu_time_pred = 0.061612
iter 31: gpu_time_pred = 0.070397
iter 31: cpu_time_cuda = 0.061686
iter 31: gpu_time_cuda = 0.070076
iter 31: download_copy_time_cuda = 0.001713
iter 31: upload_copy_time_cuda = 0.001834

iter 32: cpu_time_pred = 0.061472
iter 32: gpu_time_pred = 0.069590
iter 32: cpu_time_cuda = 0.061310
iter 32: gpu_time_cuda = 0.070089
iter 32: download_copy_time_cuda = 0.001701
iter 32: upload_copy_time_cuda = 0.001838

iter 33: cpu_time_pred = 0.061097
iter 33: gpu_time_pred = 0.069601
iter 33: cpu_time_cuda = 0.061155
iter 33: gpu_time_cuda = 0.069279
iter 33: download_copy_time_cuda = 0.001695
iter 33: upload_copy_time_cuda = 0.001824

iter 34: cpu_time_pred = 0.060941
iter 34: gpu_time_pred = 0.068795
iter 34: cpu_time_cuda = 0.061153
iter 34: gpu_time_cuda = 0.069131
iter 34: download_copy_time_cuda = 0.001699
iter 34: upload_copy_time_cuda = 0.001817

iter 35: cpu_time_pred = 0.060938
iter 35: gpu_time_pred = 0.068647
iter 35: cpu_time_cuda = 0.060688
iter 35: gpu_time_cuda = 0.068382
iter 35: download_copy_time_cuda = 0.001693
iter 35: upload_copy_time_cuda = 0.001810

iter 36: cpu_time_pred = 0.060474
iter 36: gpu_time_pred = 0.067901
iter 36: cpu_time_cuda = 0.060791
iter 36: gpu_time_cuda = 0.068147
iter 36: download_copy_time_cuda = 0.001678
iter 36: upload_copy_time_cuda = 0.001805

iter 37: cpu_time_pred = 0.060576
iter 37: gpu_time_pred = 0.067666
iter 37: cpu_time_cuda = 0.060628
iter 37: gpu_time_cuda = 0.067649
iter 37: download_copy_time_cuda = 0.001674
iter 37: upload_copy_time_cuda = 0.001798

iter 38: cpu_time_pred = 0.060413
iter 38: gpu_time_pred = 0.067170
iter 38: cpu_time_cuda = 0.060044
iter 38: gpu_time_cuda = 0.067132
iter 38: download_copy_time_cuda = 0.001668
iter 38: upload_copy_time_cuda = 0.001789

iter 39: cpu_time_pred = 0.059831
iter 39: gpu_time_pred = 0.066655
iter 39: cpu_time_cuda = 0.059925
iter 39: gpu_time_cuda = 0.066047
iter 39: download_copy_time_cuda = 0.001662
iter 39: upload_copy_time_cuda = 0.001789

iter 40: cpu_time_pred = 0.059711
iter 40: gpu_time_pred = 0.065576
iter 40: cpu_time_cuda = 0.059986
iter 40: gpu_time_cuda = 0.066210
iter 40: download_copy_time_cuda = 0.001666
iter 40: upload_copy_time_cuda = 0.001781

iter 41: cpu_time_pred = 0.059771
iter 41: gpu_time_pred = 0.065736
iter 41: cpu_time_cuda = 0.059334
iter 41: gpu_time_cuda = 0.065816
iter 41: download_copy_time_cuda = 0.001658
iter 41: upload_copy_time_cuda = 0.001776

iter 42: cpu_time_pred = 0.059121
iter 42: gpu_time_pred = 0.065343
iter 42: cpu_time_cuda = 0.059200
iter 42: gpu_time_cuda = 0.065488
iter 42: download_copy_time_cuda = 0.001645
iter 42: upload_copy_time_cuda = 0.001765

iter 43: cpu_time_pred = 0.058986
iter 43: gpu_time_pred = 0.065016
iter 43: cpu_time_cuda = 0.059074
iter 43: gpu_time_cuda = 0.064673
iter 43: download_copy_time_cuda = 0.001647
iter 43: upload_copy_time_cuda = 0.001760

iter 44: cpu_time_pred = 0.058860
iter 44: gpu_time_pred = 0.064205
iter 44: cpu_time_cuda = 0.058762
iter 44: gpu_time_cuda = 0.064278
iter 44: download_copy_time_cuda = 0.001636
iter 44: upload_copy_time_cuda = 0.001756

iter 45: cpu_time_pred = 0.058548
iter 45: gpu_time_pred = 0.063812
iter 45: cpu_time_cuda = 0.058527
iter 45: gpu_time_cuda = 0.063701
iter 45: download_copy_time_cuda = 0.001635
iter 45: upload_copy_time_cuda = 0.001749

iter 46: cpu_time_pred = 0.058314
iter 46: gpu_time_pred = 0.063237
iter 46: cpu_time_cuda = 0.058437
iter 46: gpu_time_cuda = 0.063378
iter 46: download_copy_time_cuda = 0.001620
iter 46: upload_copy_time_cuda = 0.001737

iter 47: cpu_time_pred = 0.058223
iter 47: gpu_time_pred = 0.062915
iter 47: cpu_time_cuda = 0.058184
iter 47: gpu_time_cuda = 0.062987
iter 47: download_copy_time_cuda = 0.001620
iter 47: upload_copy_time_cuda = 0.001744

iter 48: cpu_time_pred = 0.057971
iter 48: gpu_time_pred = 0.062525
iter 48: cpu_time_cuda = 0.057961
iter 48: gpu_time_cuda = 0.062856
iter 48: download_copy_time_cuda = 0.001608
iter 48: upload_copy_time_cuda = 0.001730

iter 49: cpu_time_pred = 0.057747
iter 49: gpu_time_pred = 0.062393
iter 49: cpu_time_cuda = 0.057715
iter 49: gpu_time_cuda = 0.061773
iter 49: download_copy_time_cuda = 0.001602
iter 49: upload_copy_time_cuda = 0.001723

iter 50: cpu_time_pred = 0.057501
iter 50: gpu_time_pred = 0.061317
iter 50: cpu_time_cuda = 0.057638
iter 50: gpu_time_cuda = 0.061484
iter 50: download_copy_time_cuda = 0.001596
iter 50: upload_copy_time_cuda = 0.001718

iter 51: cpu_time_pred = 0.057424
iter 51: gpu_time_pred = 0.061028
iter 51: cpu_time_cuda = 0.057461
iter 51: gpu_time_cuda = 0.060778
iter 51: download_copy_time_cuda = 0.001600
iter 51: upload_copy_time_cuda = 0.001719

iter 52: cpu_time_pred = 0.057247
iter 52: gpu_time_pred = 0.060325
iter 52: cpu_time_cuda = 0.057251
iter 52: gpu_time_cuda = 0.060929
iter 52: download_copy_time_cuda = 0.001586
iter 52: upload_copy_time_cuda = 0.001709

iter 53: cpu_time_pred = 0.057037
iter 53: gpu_time_pred = 0.060473
iter 53: cpu_time_cuda = 0.056925
iter 53: gpu_time_cuda = 0.059870
iter 53: download_copy_time_cuda = 0.001586
iter 53: upload_copy_time_cuda = 0.001699

iter 54: cpu_time_pred = 0.056711
iter 54: gpu_time_pred = 0.059421
iter 54: cpu_time_cuda = 0.056733
iter 54: gpu_time_cuda = 0.060176
iter 54: download_copy_time_cuda = 0.001574
iter 54: upload_copy_time_cuda = 0.001703

iter 55: cpu_time_pred = 0.056519
iter 55: gpu_time_pred = 0.059723
iter 55: cpu_time_cuda = 0.056547
iter 55: gpu_time_cuda = 0.059472
iter 55: download_copy_time_cuda = 0.001570
iter 55: upload_copy_time_cuda = 0.001693

iter 56: cpu_time_pred = 0.056333
iter 56: gpu_time_pred = 0.059022
iter 56: cpu_time_cuda = 0.056360
iter 56: gpu_time_cuda = 0.058691
iter 56: download_copy_time_cuda = 0.001578
iter 56: upload_copy_time_cuda = 0.001689

iter 57: cpu_time_pred = 0.056145
iter 57: gpu_time_pred = 0.058246
iter 57: cpu_time_cuda = 0.056025
iter 57: gpu_time_cuda = 0.058207
iter 57: download_copy_time_cuda = 0.001557
iter 57: upload_copy_time_cuda = 0.001670

iter 58: cpu_time_pred = 0.055812
iter 58: gpu_time_pred = 0.057763
iter 58: cpu_time_cuda = 0.055771
iter 58: gpu_time_cuda = 0.058146
iter 58: download_copy_time_cuda = 0.001558
iter 58: upload_copy_time_cuda = 0.001669

iter 59: cpu_time_pred = 0.055558
iter 59: gpu_time_pred = 0.057701
iter 59: cpu_time_cuda = 0.055573
iter 59: gpu_time_cuda = 0.057311
iter 59: download_copy_time_cuda = 0.001548
iter 59: upload_copy_time_cuda = 0.001667

iter 60: cpu_time_pred = 0.055359
iter 60: gpu_time_pred = 0.056871
iter 60: cpu_time_cuda = 0.055466
iter 60: gpu_time_cuda = 0.058432
iter 60: download_copy_time_cuda = 0.001535
iter 60: upload_copy_time_cuda = 0.001650

iter 61: cpu_time_pred = 0.055252
iter 61: gpu_time_pred = 0.057981
iter 61: cpu_time_cuda = 0.055577
iter 61: gpu_time_cuda = 0.056646
iter 61: download_copy_time_cuda = 0.001540
iter 61: upload_copy_time_cuda = 0.001644

iter 62: cpu_time_pred = 0.055362
iter 62: gpu_time_pred = 0.056207
iter 62: cpu_time_cuda = 0.054974
iter 62: gpu_time_cuda = 0.056331
iter 62: download_copy_time_cuda = 0.001531
iter 62: upload_copy_time_cuda = 0.001637

iter 63: cpu_time_pred = 0.054760
iter 63: gpu_time_pred = 0.055893
iter 63: cpu_time_cuda = 0.054708
iter 63: gpu_time_cuda = 0.055512
iter 63: download_copy_time_cuda = 0.001522
iter 63: upload_copy_time_cuda = 0.001636

iter 64: cpu_time_pred = 0.054494
iter 64: gpu_time_pred = 0.055079
iter 64: cpu_time_cuda = 0.054462
iter 64: gpu_time_cuda = 0.055544
iter 64: download_copy_time_cuda = 0.001514
iter 64: upload_copy_time_cuda = 0.001640

iter 65: cpu_time_pred = 0.054248
iter 65: gpu_time_pred = 0.055109
iter 65: cpu_time_cuda = 0.054288
iter 65: gpu_time_cuda = 0.054641
iter 65: download_copy_time_cuda = 0.001507
iter 65: upload_copy_time_cuda = 0.001620

iter 66: cpu_time_pred = 0.054074
iter 66: gpu_time_pred = 0.054212
iter 66: cpu_time_cuda = 0.054191
iter 66: gpu_time_cuda = 0.054501
iter 66: download_copy_time_cuda = 0.001504
iter 66: upload_copy_time_cuda = 0.001615

iter 67: cpu_time_pred = 0.053976
iter 67: gpu_time_pred = 0.054071
iter 67: cpu_time_cuda = 0.053915
iter 67: gpu_time_cuda = 0.054191
iter 67: download_copy_time_cuda = 0.001498
iter 67: upload_copy_time_cuda = 0.001612

iter 68: cpu_time_pred = 0.053701
iter 68: gpu_time_pred = 0.053762
iter 68: cpu_time_cuda = 0.053911
iter 68: gpu_time_cuda = 0.053995
iter 68: download_copy_time_cuda = 0.001497
iter 68: upload_copy_time_cuda = 0.001603

iter 69: cpu_time_pred = 0.053696
iter 69: gpu_time_pred = 0.053565
iter 69: cpu_time_cuda = 0.062402
iter 69: gpu_time_cuda = 0.053255
iter 69: download_copy_time_cuda = 0.001486
iter 69: upload_copy_time_cuda = 0.001588

iter 70: cpu_time_pred = 0.062153
iter 70: gpu_time_pred = 0.052830
iter 70: cpu_time_cuda = 0.024687
iter 70: gpu_time_cuda = 0.052832
iter 70: download_copy_time_cuda = 0.001470
iter 70: upload_copy_time_cuda = 0.001589

iter 71: cpu_time_pred = 0.024588
iter 71: gpu_time_pred = 0.052409
iter 71: cpu_time_cuda = 0.024526
iter 71: gpu_time_cuda = 0.052261
iter 71: download_copy_time_cuda = 0.001464
iter 71: upload_copy_time_cuda = 0.001575

iter 72: cpu_time_pred = 0.024427
iter 72: gpu_time_pred = 0.051840
iter 72: cpu_time_cuda = 0.024380
iter 72: gpu_time_cuda = 0.052683
iter 72: download_copy_time_cuda = 0.001457
iter 72: upload_copy_time_cuda = 0.001574

iter 73: cpu_time_pred = 0.024281
iter 73: gpu_time_pred = 0.052257
iter 73: cpu_time_cuda = 0.024275
iter 73: gpu_time_cuda = 0.051825
iter 73: download_copy_time_cuda = 0.001452
iter 73: upload_copy_time_cuda = 0.001559

iter 74: cpu_time_pred = 0.024176
iter 74: gpu_time_pred = 0.051405
iter 74: cpu_time_cuda = 0.024236
iter 74: gpu_time_cuda = 0.051496
iter 74: download_copy_time_cuda = 0.001445
iter 74: upload_copy_time_cuda = 0.001559

iter 75: cpu_time_pred = 0.024137
iter 75: gpu_time_pred = 0.051077
iter 75: cpu_time_cuda = 0.024086
iter 75: gpu_time_cuda = 0.050768
iter 75: download_copy_time_cuda = 0.001439
iter 75: upload_copy_time_cuda = 0.001553

iter 76: cpu_time_pred = 0.023988
iter 76: gpu_time_pred = 0.050353
iter 76: cpu_time_cuda = 0.024081
iter 76: gpu_time_cuda = 0.050546
iter 76: download_copy_time_cuda = 0.001435
iter 76: upload_copy_time_cuda = 0.001546

iter 77: cpu_time_pred = 0.023981
iter 77: gpu_time_pred = 0.050131
iter 77: cpu_time_cuda = 0.023933
iter 77: gpu_time_cuda = 0.049677
iter 77: download_copy_time_cuda = 0.001429
iter 77: upload_copy_time_cuda = 0.001537

iter 78: cpu_time_pred = 0.023834
iter 78: gpu_time_pred = 0.049268
iter 78: cpu_time_cuda = 0.023787
iter 78: gpu_time_cuda = 0.050098
iter 78: download_copy_time_cuda = 0.001422
iter 78: upload_copy_time_cuda = 0.001532

iter 79: cpu_time_pred = 0.023689
iter 79: gpu_time_pred = 0.049683
iter 79: cpu_time_cuda = 0.023706
iter 79: gpu_time_cuda = 0.049117
iter 79: download_copy_time_cuda = 0.001416
iter 79: upload_copy_time_cuda = 0.001533

iter 80: cpu_time_pred = 0.023608
iter 80: gpu_time_pred = 0.048708
iter 80: cpu_time_cuda = 0.023761
iter 80: gpu_time_cuda = 0.049175
iter 80: download_copy_time_cuda = 0.001417
iter 80: upload_copy_time_cuda = 0.001519

iter 81: cpu_time_pred = 0.023662
iter 81: gpu_time_pred = 0.048765
iter 81: cpu_time_cuda = 0.023660
iter 81: gpu_time_cuda = 0.048465
iter 81: download_copy_time_cuda = 0.001406
iter 81: upload_copy_time_cuda = 0.001519

iter 82: cpu_time_pred = 0.023560
iter 82: gpu_time_pred = 0.048059
iter 82: cpu_time_cuda = 0.023462
iter 82: gpu_time_cuda = 0.047991
iter 82: download_copy_time_cuda = 0.001400
iter 82: upload_copy_time_cuda = 0.001507

iter 83: cpu_time_pred = 0.023363
iter 83: gpu_time_pred = 0.047587
iter 83: cpu_time_cuda = 0.023340
iter 83: gpu_time_cuda = 0.047367
iter 83: download_copy_time_cuda = 0.001395
iter 83: upload_copy_time_cuda = 0.001502

iter 84: cpu_time_pred = 0.023241
iter 84: gpu_time_pred = 0.046967
iter 84: cpu_time_cuda = 0.023275
iter 84: gpu_time_cuda = 0.047555
iter 84: download_copy_time_cuda = 0.001388
iter 84: upload_copy_time_cuda = 0.001497

iter 85: cpu_time_pred = 0.023176
iter 85: gpu_time_pred = 0.047151
iter 85: cpu_time_cuda = 0.023097
iter 85: gpu_time_cuda = 0.046572
iter 85: download_copy_time_cuda = 0.001389
iter 85: upload_copy_time_cuda = 0.001484

iter 86: cpu_time_pred = 0.022998
iter 86: gpu_time_pred = 0.046175
iter 86: cpu_time_cuda = 0.023047
iter 86: gpu_time_cuda = 0.046903
iter 86: download_copy_time_cuda = 0.001374
iter 86: upload_copy_time_cuda = 0.001479

iter 87: cpu_time_pred = 0.022948
iter 87: gpu_time_pred = 0.046501
iter 87: cpu_time_cuda = 0.022926
iter 87: gpu_time_cuda = 0.046096
iter 87: download_copy_time_cuda = 0.001371
iter 87: upload_copy_time_cuda = 0.001482

iter 88: cpu_time_pred = 0.022827
iter 88: gpu_time_pred = 0.045700
iter 88: cpu_time_cuda = 0.022932
iter 88: gpu_time_cuda = 0.045818
iter 88: download_copy_time_cuda = 0.001363
iter 88: upload_copy_time_cuda = 0.001475

iter 89: cpu_time_pred = 0.022833
iter 89: gpu_time_pred = 0.045422
iter 89: cpu_time_cuda = 0.022731
iter 89: gpu_time_cuda = 0.044760
iter 89: download_copy_time_cuda = 0.001363
iter 89: upload_copy_time_cuda = 0.001471

iter 90: cpu_time_pred = 0.022632
iter 90: gpu_time_pred = 0.044372
iter 90: cpu_time_cuda = 0.022655
iter 90: gpu_time_cuda = 0.045035
iter 90: download_copy_time_cuda = 0.001352
iter 90: upload_copy_time_cuda = 0.001455

iter 91: cpu_time_pred = 0.022556
iter 91: gpu_time_pred = 0.044643
iter 91: cpu_time_cuda = 0.022532
iter 91: gpu_time_cuda = 0.044373
iter 91: download_copy_time_cuda = 0.001345
iter 91: upload_copy_time_cuda = 0.001451

iter 92: cpu_time_pred = 0.022433
iter 92: gpu_time_pred = 0.043985
iter 92: cpu_time_cuda = 0.022503
iter 92: gpu_time_cuda = 0.044712
iter 92: download_copy_time_cuda = 0.001340
iter 92: upload_copy_time_cuda = 0.001447

iter 93: cpu_time_pred = 0.022404
iter 93: gpu_time_pred = 0.044319
iter 93: cpu_time_cuda = 0.022344
iter 93: gpu_time_cuda = 0.043566
iter 93: download_copy_time_cuda = 0.001340
iter 93: upload_copy_time_cuda = 0.001436

iter 94: cpu_time_pred = 0.022246
iter 94: gpu_time_pred = 0.043182
iter 94: cpu_time_cuda = 0.022263
iter 94: gpu_time_cuda = 0.043431
iter 94: download_copy_time_cuda = 0.001328
iter 94: upload_copy_time_cuda = 0.001429

iter 95: cpu_time_pred = 0.022164
iter 95: gpu_time_pred = 0.043046
iter 95: cpu_time_cuda = 0.022212
iter 95: gpu_time_cuda = 0.042719
iter 95: download_copy_time_cuda = 0.001322
iter 95: upload_copy_time_cuda = 0.001426

iter 96: cpu_time_pred = 0.022113
iter 96: gpu_time_pred = 0.042339
iter 96: cpu_time_cuda = 0.022139
iter 96: gpu_time_cuda = 0.042712
iter 96: download_copy_time_cuda = 0.001316
iter 96: upload_copy_time_cuda = 0.001416

iter 97: cpu_time_pred = 0.022040
iter 97: gpu_time_pred = 0.042330
iter 97: cpu_time_cuda = 0.022030
iter 97: gpu_time_cuda = 0.042027
iter 97: download_copy_time_cuda = 0.001310
iter 97: upload_copy_time_cuda = 0.001413

iter 98: cpu_time_pred = 0.021931
iter 98: gpu_time_pred = 0.041649
iter 98: cpu_time_cuda = 0.021931
iter 98: gpu_time_cuda = 0.042427
iter 98: download_copy_time_cuda = 0.001303
iter 98: upload_copy_time_cuda = 0.001403

iter 99: cpu_time_pred = 0.021832
iter 99: gpu_time_pred = 0.042043
iter 99: cpu_time_cuda = 0.021786
iter 99: gpu_time_cuda = 0.041482
iter 99: download_copy_time_cuda = 0.001305
iter 99: upload_copy_time_cuda = 0.001406

iter 100: cpu_time_pred = 0.021687
iter 100: gpu_time_pred = 0.041105
iter 100: cpu_time_cuda = 0.021706
iter 100: gpu_time_cuda = 0.041851
iter 100: download_copy_time_cuda = 0.001299
iter 100: upload_copy_time_cuda = 0.001392

iter 101: cpu_time_pred = 0.021606
iter 101: gpu_time_pred = 0.041469
iter 101: cpu_time_cuda = 0.021634
iter 101: gpu_time_cuda = 0.040634
iter 101: download_copy_time_cuda = 0.001287
iter 101: upload_copy_time_cuda = 0.001387

iter 102: cpu_time_pred = 0.021535
iter 102: gpu_time_pred = 0.040262
iter 102: cpu_time_cuda = 0.021522
iter 102: gpu_time_cuda = 0.040511
iter 102: download_copy_time_cuda = 0.001283
iter 102: upload_copy_time_cuda = 0.001379

iter 103: cpu_time_pred = 0.021423
iter 103: gpu_time_pred = 0.040139
iter 103: cpu_time_cuda = 0.021379
iter 103: gpu_time_cuda = 0.040000
iter 103: download_copy_time_cuda = 0.001274
iter 103: upload_copy_time_cuda = 0.001372

iter 104: cpu_time_pred = 0.021280
iter 104: gpu_time_pred = 0.039631
iter 104: cpu_time_cuda = 0.021339
iter 104: gpu_time_cuda = 0.040340
iter 104: download_copy_time_cuda = 0.001269
iter 104: upload_copy_time_cuda = 0.001368

iter 105: cpu_time_pred = 0.021240
iter 105: gpu_time_pred = 0.039966
iter 105: cpu_time_cuda = 0.021256
iter 105: gpu_time_cuda = 0.039237
iter 105: download_copy_time_cuda = 0.001262
iter 105: upload_copy_time_cuda = 0.001360

iter 106: cpu_time_pred = 0.021156
iter 106: gpu_time_pred = 0.038871
iter 106: cpu_time_cuda = 0.021044
iter 106: gpu_time_cuda = 0.039026
iter 106: download_copy_time_cuda = 0.001257
iter 106: upload_copy_time_cuda = 0.001356

iter 107: cpu_time_pred = 0.020945
iter 107: gpu_time_pred = 0.038660
iter 107: cpu_time_cuda = 0.021024
iter 107: gpu_time_cuda = 0.038503
iter 107: download_copy_time_cuda = 0.001249
iter 107: upload_copy_time_cuda = 0.001348

iter 108: cpu_time_pred = 0.020925
iter 108: gpu_time_pred = 0.038141
iter 108: cpu_time_cuda = 0.020858
iter 108: gpu_time_cuda = 0.038400
iter 108: download_copy_time_cuda = 0.001245
iter 108: upload_copy_time_cuda = 0.001342

iter 109: cpu_time_pred = 0.020759
iter 109: gpu_time_pred = 0.038037
iter 109: cpu_time_cuda = 0.020759
iter 109: gpu_time_cuda = 0.037876
iter 109: download_copy_time_cuda = 0.001239
iter 109: upload_copy_time_cuda = 0.001337

iter 110: cpu_time_pred = 0.020660
iter 110: gpu_time_pred = 0.037516
iter 110: cpu_time_cuda = 0.020707
iter 110: gpu_time_cuda = 0.037703
iter 110: download_copy_time_cuda = 0.001233
iter 110: upload_copy_time_cuda = 0.001327

iter 111: cpu_time_pred = 0.020608
iter 111: gpu_time_pred = 0.037343
iter 111: cpu_time_cuda = 0.020595
iter 111: gpu_time_cuda = 0.037066
iter 111: download_copy_time_cuda = 0.001228
iter 111: upload_copy_time_cuda = 0.001327

iter 112: cpu_time_pred = 0.020496
iter 112: gpu_time_pred = 0.036710
iter 112: cpu_time_cuda = 0.020604
iter 112: gpu_time_cuda = 0.037072
iter 112: download_copy_time_cuda = 0.001220
iter 112: upload_copy_time_cuda = 0.001323

iter 113: cpu_time_pred = 0.020505
iter 113: gpu_time_pred = 0.036715
iter 113: cpu_time_cuda = 0.020387
iter 113: gpu_time_cuda = 0.036458
iter 113: download_copy_time_cuda = 0.001222
iter 113: upload_copy_time_cuda = 0.001319

iter 114: cpu_time_pred = 0.020288
iter 114: gpu_time_pred = 0.036105
iter 114: cpu_time_cuda = 0.020294
iter 114: gpu_time_cuda = 0.036164
iter 114: download_copy_time_cuda = 0.001215
iter 114: upload_copy_time_cuda = 0.001301

iter 115: cpu_time_pred = 0.020195
iter 115: gpu_time_pred = 0.035812
iter 115: cpu_time_cuda = 0.020207
iter 115: gpu_time_cuda = 0.035763
iter 115: download_copy_time_cuda = 0.001202
iter 115: upload_copy_time_cuda = 0.001296

iter 116: cpu_time_pred = 0.020108
iter 116: gpu_time_pred = 0.035413
iter 116: cpu_time_cuda = 0.020095
iter 116: gpu_time_cuda = 0.035611
iter 116: download_copy_time_cuda = 0.001195
iter 116: upload_copy_time_cuda = 0.001291

iter 117: cpu_time_pred = 0.019996
iter 117: gpu_time_pred = 0.035261
iter 117: cpu_time_cuda = 0.020097
iter 117: gpu_time_cuda = 0.035058
iter 117: download_copy_time_cuda = 0.001193
iter 117: upload_copy_time_cuda = 0.001284

iter 118: cpu_time_pred = 0.019997
iter 118: gpu_time_pred = 0.034712
iter 118: cpu_time_cuda = 0.019904
iter 118: gpu_time_cuda = 0.035269
iter 118: download_copy_time_cuda = 0.001182
iter 118: upload_copy_time_cuda = 0.001278

iter 119: cpu_time_pred = 0.019805
iter 119: gpu_time_pred = 0.034919
iter 119: cpu_time_cuda = 0.019828
iter 119: gpu_time_cuda = 0.034840
iter 119: download_copy_time_cuda = 0.001177
iter 119: upload_copy_time_cuda = 0.001277

iter 120: cpu_time_pred = 0.019729
iter 120: gpu_time_pred = 0.034493
iter 120: cpu_time_cuda = 0.019698
iter 120: gpu_time_cuda = 0.034432
iter 120: download_copy_time_cuda = 0.001173
iter 120: upload_copy_time_cuda = 0.001266

iter 121: cpu_time_pred = 0.019599
iter 121: gpu_time_pred = 0.034087
iter 121: cpu_time_cuda = 0.019653
iter 121: gpu_time_cuda = 0.033706
iter 121: download_copy_time_cuda = 0.001168
iter 121: upload_copy_time_cuda = 0.001262

iter 122: cpu_time_pred = 0.019554
iter 122: gpu_time_pred = 0.033366
iter 122: cpu_time_cuda = 0.019645
iter 122: gpu_time_cuda = 0.033906
iter 122: download_copy_time_cuda = 0.001169
iter 122: upload_copy_time_cuda = 0.001254

iter 123: cpu_time_pred = 0.019546
iter 123: gpu_time_pred = 0.033563
iter 123: cpu_time_cuda = 0.019439
iter 123: gpu_time_cuda = 0.033765
iter 123: download_copy_time_cuda = 0.001155
iter 123: upload_copy_time_cuda = 0.001246

iter 124: cpu_time_pred = 0.019340
iter 124: gpu_time_pred = 0.033421
iter 124: cpu_time_cuda = 0.019377
iter 124: gpu_time_cuda = 0.033334
iter 124: download_copy_time_cuda = 0.001148
iter 124: upload_copy_time_cuda = 0.001249

iter 125: cpu_time_pred = 0.019278
iter 125: gpu_time_pred = 0.032993
iter 125: cpu_time_cuda = 0.019256
iter 125: gpu_time_cuda = 0.032482
iter 125: download_copy_time_cuda = 0.001152
iter 125: upload_copy_time_cuda = 0.001234

iter 126: cpu_time_pred = 0.019157
iter 126: gpu_time_pred = 0.032148
iter 126: cpu_time_cuda = 0.019129
iter 126: gpu_time_cuda = 0.032222
iter 126: download_copy_time_cuda = 0.001139
iter 126: upload_copy_time_cuda = 0.001228

iter 127: cpu_time_pred = 0.019030
iter 127: gpu_time_pred = 0.031889
iter 127: cpu_time_cuda = 0.019223
iter 127: gpu_time_cuda = 0.031603
iter 127: download_copy_time_cuda = 0.001132
iter 127: upload_copy_time_cuda = 0.001228

iter 128: cpu_time_pred = 0.019123
iter 128: gpu_time_pred = 0.031274
iter 128: cpu_time_cuda = 0.018905
iter 128: gpu_time_cuda = 0.031387
iter 128: download_copy_time_cuda = 0.001135
iter 128: upload_copy_time_cuda = 0.001217

iter 129: cpu_time_pred = 0.018806
iter 129: gpu_time_pred = 0.031059
iter 129: cpu_time_cuda = 0.018943
iter 129: gpu_time_cuda = 0.030902
iter 129: download_copy_time_cuda = 0.001121
iter 129: upload_copy_time_cuda = 0.001209

iter 130: cpu_time_pred = 0.018843
iter 130: gpu_time_pred = 0.030577
iter 130: cpu_time_cuda = 0.018737
iter 130: gpu_time_cuda = 0.031462
iter 130: download_copy_time_cuda = 0.001115
iter 130: upload_copy_time_cuda = 0.001202

iter 131: cpu_time_pred = 0.018638
iter 131: gpu_time_pred = 0.031130
iter 131: cpu_time_cuda = 0.018688
iter 131: gpu_time_cuda = 0.030678
iter 131: download_copy_time_cuda = 0.001109
iter 131: upload_copy_time_cuda = 0.001195

iter 132: cpu_time_pred = 0.018589
iter 132: gpu_time_pred = 0.030353
iter 132: cpu_time_cuda = 0.018561
iter 132: gpu_time_cuda = 0.030495
iter 132: download_copy_time_cuda = 0.001104
iter 132: upload_copy_time_cuda = 0.001192

iter 133: cpu_time_pred = 0.018462
iter 133: gpu_time_pred = 0.030170
iter 133: cpu_time_cuda = 0.018599
iter 133: gpu_time_cuda = 0.029767
iter 133: download_copy_time_cuda = 0.001098
iter 133: upload_copy_time_cuda = 0.001191

iter 134: cpu_time_pred = 0.018499
iter 134: gpu_time_pred = 0.029447
iter 134: cpu_time_cuda = 0.018327
iter 134: gpu_time_cuda = 0.029632
iter 134: download_copy_time_cuda = 0.001092
iter 134: upload_copy_time_cuda = 0.001180

iter 135: cpu_time_pred = 0.018228
iter 135: gpu_time_pred = 0.029313
iter 135: cpu_time_cuda = 0.018402
iter 135: gpu_time_cuda = 0.029526
iter 135: download_copy_time_cuda = 0.001085
iter 135: upload_copy_time_cuda = 0.001182

iter 136: cpu_time_pred = 0.018302
iter 136: gpu_time_pred = 0.029206
iter 136: cpu_time_cuda = 0.018136
iter 136: gpu_time_cuda = 0.029784
iter 136: download_copy_time_cuda = 0.001079
iter 136: upload_copy_time_cuda = 0.001169

iter 137: cpu_time_pred = 0.018036
iter 137: gpu_time_pred = 0.029459
iter 137: cpu_time_cuda = 0.018196
iter 137: gpu_time_cuda = 0.028651
iter 137: download_copy_time_cuda = 0.001076
iter 137: upload_copy_time_cuda = 0.001162

iter 138: cpu_time_pred = 0.018096
iter 138: gpu_time_pred = 0.028337
iter 138: cpu_time_cuda = 0.017973
iter 138: gpu_time_cuda = 0.028562
iter 138: download_copy_time_cuda = 0.001068
iter 138: upload_copy_time_cuda = 0.001163

iter 139: cpu_time_pred = 0.017873
iter 139: gpu_time_pred = 0.028247
iter 139: cpu_time_cuda = 0.017905
iter 139: gpu_time_cuda = 0.027885
iter 139: download_copy_time_cuda = 0.001069
iter 139: upload_copy_time_cuda = 0.001147

iter 140: cpu_time_pred = 0.017805
iter 140: gpu_time_pred = 0.027576
iter 140: cpu_time_cuda = 0.017822
iter 140: gpu_time_cuda = 0.028118
iter 140: download_copy_time_cuda = 0.001057
iter 140: upload_copy_time_cuda = 0.001143

iter 141: cpu_time_pred = 0.017722
iter 141: gpu_time_pred = 0.027805
iter 141: cpu_time_cuda = 0.017862
iter 141: gpu_time_cuda = 0.027316
iter 141: download_copy_time_cuda = 0.001051
iter 141: upload_copy_time_cuda = 0.001133

iter 142: cpu_time_pred = 0.017762
iter 142: gpu_time_pred = 0.027010
iter 142: cpu_time_cuda = 0.017621
iter 142: gpu_time_cuda = 0.027487
iter 142: download_copy_time_cuda = 0.001046
iter 142: upload_copy_time_cuda = 0.001128

iter 143: cpu_time_pred = 0.017522
iter 143: gpu_time_pred = 0.027177
iter 143: cpu_time_cuda = 0.017502
iter 143: gpu_time_cuda = 0.026715
iter 143: download_copy_time_cuda = 0.001045
iter 143: upload_copy_time_cuda = 0.001119

iter 144: cpu_time_pred = 0.017403
iter 144: gpu_time_pred = 0.026412
iter 144: cpu_time_cuda = 0.017353
iter 144: gpu_time_cuda = 0.026799
iter 144: download_copy_time_cuda = 0.001032
iter 144: upload_copy_time_cuda = 0.001208

iter 145: cpu_time_pred = 0.017254
iter 145: gpu_time_pred = 0.026494
iter 145: cpu_time_cuda = 0.017287
iter 145: gpu_time_cuda = 0.026488
iter 145: download_copy_time_cuda = 0.001027
iter 145: upload_copy_time_cuda = 0.001112

iter 146: cpu_time_pred = 0.017187
iter 146: gpu_time_pred = 0.026184
iter 146: cpu_time_cuda = 0.017172
iter 146: gpu_time_cuda = 0.026261
iter 146: download_copy_time_cuda = 0.001021
iter 146: upload_copy_time_cuda = 0.001109

iter 147: cpu_time_pred = 0.017073
iter 147: gpu_time_pred = 0.025958
iter 147: cpu_time_cuda = 0.017116
iter 147: gpu_time_cuda = 0.025488
iter 147: download_copy_time_cuda = 0.001021
iter 147: upload_copy_time_cuda = 0.001097

iter 148: cpu_time_pred = 0.017017
iter 148: gpu_time_pred = 0.025193
iter 148: cpu_time_cuda = 0.016987
iter 148: gpu_time_cuda = 0.025566
iter 148: download_copy_time_cuda = 0.001009
iter 148: upload_copy_time_cuda = 0.001092

iter 149: cpu_time_pred = 0.016888
iter 149: gpu_time_pred = 0.025268
iter 149: cpu_time_cuda = 0.016930
iter 149: gpu_time_cuda = 0.024844
iter 149: download_copy_time_cuda = 0.001003
iter 149: upload_copy_time_cuda = 0.001089

iter 150: cpu_time_pred = 0.016830
iter 150: gpu_time_pred = 0.024552
iter 150: cpu_time_cuda = 0.016766
iter 150: gpu_time_cuda = 0.025695
iter 150: download_copy_time_cuda = 0.001000
iter 150: upload_copy_time_cuda = 0.001080

iter 151: cpu_time_pred = 0.016667
iter 151: gpu_time_pred = 0.025392
iter 151: cpu_time_cuda = 0.016692
iter 151: gpu_time_cuda = 0.025413
iter 151: download_copy_time_cuda = 0.000993
iter 151: upload_copy_time_cuda = 0.001075

iter 152: cpu_time_pred = 0.016592
iter 152: gpu_time_pred = 0.025111
iter 152: cpu_time_cuda = 0.016649
iter 152: gpu_time_cuda = 0.024276
iter 152: download_copy_time_cuda = 0.000987
iter 152: upload_copy_time_cuda = 0.001066

iter 153: cpu_time_pred = 0.016549
iter 153: gpu_time_pred = 0.023986
iter 153: cpu_time_cuda = 0.016501
iter 153: gpu_time_cuda = 0.023789
iter 153: download_copy_time_cuda = 0.000981
iter 153: upload_copy_time_cuda = 0.001062

iter 154: cpu_time_pred = 0.016402
iter 154: gpu_time_pred = 0.023503
iter 154: cpu_time_cuda = 0.016408
iter 154: gpu_time_cuda = 0.023676
iter 154: download_copy_time_cuda = 0.000975
iter 154: upload_copy_time_cuda = 0.001053

iter 155: cpu_time_pred = 0.016308
iter 155: gpu_time_pred = 0.023389
iter 155: cpu_time_cuda = 0.016312
iter 155: gpu_time_cuda = 0.023608
iter 155: download_copy_time_cuda = 0.000977
iter 155: upload_copy_time_cuda = 0.001048

iter 156: cpu_time_pred = 0.016213
iter 156: gpu_time_pred = 0.023321
iter 156: cpu_time_cuda = 0.016220
iter 156: gpu_time_cuda = 0.024324
iter 156: download_copy_time_cuda = 0.000966
iter 156: upload_copy_time_cuda = 0.001044

iter 157: cpu_time_pred = 0.016121
iter 157: gpu_time_pred = 0.024026
iter 157: cpu_time_cuda = 0.016126
iter 157: gpu_time_cuda = 0.022620
iter 157: download_copy_time_cuda = 0.000967
iter 157: upload_copy_time_cuda = 0.001037

iter 158: cpu_time_pred = 0.016026
iter 158: gpu_time_pred = 0.022342
iter 158: cpu_time_cuda = 0.016029
iter 158: gpu_time_cuda = 0.022779
iter 158: download_copy_time_cuda = 0.000952
iter 158: upload_copy_time_cuda = 0.001031

iter 159: cpu_time_pred = 0.015929
iter 159: gpu_time_pred = 0.022497
iter 159: cpu_time_cuda = 0.016047
iter 159: gpu_time_cuda = 0.022170
iter 159: download_copy_time_cuda = 0.000947
iter 159: upload_copy_time_cuda = 0.001022

iter 160: cpu_time_pred = 0.015947
iter 160: gpu_time_pred = 0.021893
iter 160: cpu_time_cuda = 0.015809
iter 160: gpu_time_cuda = 0.022522
iter 160: download_copy_time_cuda = 0.000940
iter 160: upload_copy_time_cuda = 0.001020

iter 161: cpu_time_pred = 0.015710
iter 161: gpu_time_pred = 0.022239
iter 161: cpu_time_cuda = 0.015728
iter 161: gpu_time_cuda = 0.021595
iter 161: download_copy_time_cuda = 0.000938
iter 161: upload_copy_time_cuda = 0.001012

iter 162: cpu_time_pred = 0.015628
iter 162: gpu_time_pred = 0.021322
iter 162: cpu_time_cuda = 0.015647
iter 162: gpu_time_cuda = 0.022225
iter 162: download_copy_time_cuda = 0.000931
iter 162: upload_copy_time_cuda = 0.001006

iter 163: cpu_time_pred = 0.015547
iter 163: gpu_time_pred = 0.021943
iter 163: cpu_time_cuda = 0.015528
iter 163: gpu_time_cuda = 0.024614
iter 163: download_copy_time_cuda = 0.000925
iter 163: upload_copy_time_cuda = 0.001004

iter 164: cpu_time_pred = 0.015428
iter 164: gpu_time_pred = 0.024299
iter 164: cpu_time_cuda = 0.015528
iter 164: gpu_time_cuda = 0.021226
iter 164: download_copy_time_cuda = 0.000926
iter 164: upload_copy_time_cuda = 0.000991

iter 165: cpu_time_pred = 0.015428
iter 165: gpu_time_pred = 0.020953
iter 165: cpu_time_cuda = 0.015329
iter 165: gpu_time_cuda = 0.020668
iter 165: download_copy_time_cuda = 0.000917
iter 165: upload_copy_time_cuda = 0.000986

iter 166: cpu_time_pred = 0.015230
iter 166: gpu_time_pred = 0.020401
iter 166: cpu_time_cuda = 0.015268
iter 166: gpu_time_cuda = 0.020466
iter 166: download_copy_time_cuda = 0.000906
iter 166: upload_copy_time_cuda = 0.000980

iter 167: cpu_time_pred = 0.015168
iter 167: gpu_time_pred = 0.020200
iter 167: cpu_time_cuda = 0.015160
iter 167: gpu_time_cuda = 0.020209
iter 167: download_copy_time_cuda = 0.000902
iter 167: upload_copy_time_cuda = 0.000973

iter 168: cpu_time_pred = 0.015060
iter 168: gpu_time_pred = 0.019944
iter 168: cpu_time_cuda = 0.015050
iter 168: gpu_time_cuda = 0.020110
iter 168: download_copy_time_cuda = 0.000896
iter 168: upload_copy_time_cuda = 0.000969

iter 169: cpu_time_pred = 0.014951
iter 169: gpu_time_pred = 0.019845
iter 169: cpu_time_cuda = 0.015055
iter 169: gpu_time_cuda = 0.019918
iter 169: download_copy_time_cuda = 0.000889
iter 169: upload_copy_time_cuda = 0.000961

iter 170: cpu_time_pred = 0.014955
iter 170: gpu_time_pred = 0.019654
iter 170: cpu_time_cuda = 0.014819
iter 170: gpu_time_cuda = 0.019612
iter 170: download_copy_time_cuda = 0.000885
iter 170: upload_copy_time_cuda = 0.000952

iter 171: cpu_time_pred = 0.014719
iter 171: gpu_time_pred = 0.019350
iter 171: cpu_time_cuda = 0.014847
iter 171: gpu_time_cuda = 0.019100
iter 171: download_copy_time_cuda = 0.000880
iter 171: upload_copy_time_cuda = 0.000947

iter 172: cpu_time_pred = 0.014747
iter 172: gpu_time_pred = 0.018843
iter 172: cpu_time_cuda = 0.014692
iter 172: gpu_time_cuda = 0.019243
iter 172: download_copy_time_cuda = 0.000875
iter 172: upload_copy_time_cuda = 0.000941

iter 173: cpu_time_pred = 0.014592
iter 173: gpu_time_pred = 0.018983
iter 173: cpu_time_cuda = 0.014526
iter 173: gpu_time_cuda = 0.018838
iter 173: download_copy_time_cuda = 0.000869
iter 173: upload_copy_time_cuda = 0.000935

iter 174: cpu_time_pred = 0.014427
iter 174: gpu_time_pred = 0.018581
iter 174: cpu_time_cuda = 0.014530
iter 174: gpu_time_cuda = 0.018653
iter 174: download_copy_time_cuda = 0.000862
iter 174: upload_copy_time_cuda = 0.000937

iter 175: cpu_time_pred = 0.014430
iter 175: gpu_time_pred = 0.018397
iter 175: cpu_time_cuda = 0.014356
iter 175: gpu_time_cuda = 0.018189
iter 175: download_copy_time_cuda = 0.000863
iter 175: upload_copy_time_cuda = 0.000924

iter 176: cpu_time_pred = 0.014257
iter 176: gpu_time_pred = 0.017937
iter 176: cpu_time_cuda = 0.014282
iter 176: gpu_time_cuda = 0.018331
iter 176: download_copy_time_cuda = 0.000859
iter 176: upload_copy_time_cuda = 0.000919

iter 177: cpu_time_pred = 0.014182
iter 177: gpu_time_pred = 0.018075
iter 177: cpu_time_cuda = 0.014162
iter 177: gpu_time_cuda = 0.018073
iter 177: download_copy_time_cuda = 0.000842
iter 177: upload_copy_time_cuda = 0.000915

iter 178: cpu_time_pred = 0.014062
iter 178: gpu_time_pred = 0.017820
iter 178: cpu_time_cuda = 0.014137
iter 178: gpu_time_cuda = 0.018553
iter 178: download_copy_time_cuda = 0.000837
iter 178: upload_copy_time_cuda = 0.000905

iter 179: cpu_time_pred = 0.014037
iter 179: gpu_time_pred = 0.018291
iter 179: cpu_time_cuda = 0.013966
iter 179: gpu_time_cuda = 0.017432
iter 179: download_copy_time_cuda = 0.000832
iter 179: upload_copy_time_cuda = 0.000901

iter 180: cpu_time_pred = 0.013866
iter 180: gpu_time_pred = 0.017184
iter 180: cpu_time_cuda = 0.013972
iter 180: gpu_time_cuda = 0.017195
iter 180: download_copy_time_cuda = 0.000826
iter 180: upload_copy_time_cuda = 0.000892

iter 181: cpu_time_pred = 0.013872
iter 181: gpu_time_pred = 0.016948
iter 181: cpu_time_cuda = 0.013795
iter 181: gpu_time_cuda = 0.016667
iter 181: download_copy_time_cuda = 0.000818
iter 181: upload_copy_time_cuda = 0.000885

iter 182: cpu_time_pred = 0.013695
iter 182: gpu_time_pred = 0.016426
iter 182: cpu_time_cuda = 0.013701
iter 182: gpu_time_cuda = 0.017113
iter 182: download_copy_time_cuda = 0.000814
iter 182: upload_copy_time_cuda = 0.000879

iter 183: cpu_time_pred = 0.013601
iter 183: gpu_time_pred = 0.016864
iter 183: cpu_time_cuda = 0.013712
iter 183: gpu_time_cuda = 0.018266
iter 183: download_copy_time_cuda = 0.000809
iter 183: upload_copy_time_cuda = 0.000870

iter 184: cpu_time_pred = 0.013611
iter 184: gpu_time_pred = 0.017999
iter 184: cpu_time_cuda = 0.013442
iter 184: gpu_time_cuda = 0.016127
iter 184: download_copy_time_cuda = 0.000802
iter 184: upload_copy_time_cuda = 0.000867

iter 185: cpu_time_pred = 0.013343
iter 185: gpu_time_pred = 0.015889
iter 185: cpu_time_cuda = 0.013368
iter 185: gpu_time_cuda = 0.015750
iter 185: download_copy_time_cuda = 0.000798
iter 185: upload_copy_time_cuda = 0.000861

iter 186: cpu_time_pred = 0.013268
iter 186: gpu_time_pred = 0.015516
iter 186: cpu_time_cuda = 0.013305
iter 186: gpu_time_cuda = 0.015774
iter 186: download_copy_time_cuda = 0.000791
iter 186: upload_copy_time_cuda = 0.000856

iter 187: cpu_time_pred = 0.013205
iter 187: gpu_time_pred = 0.015537
iter 187: cpu_time_cuda = 0.013179
iter 187: gpu_time_cuda = 0.015618
iter 187: download_copy_time_cuda = 0.000786
iter 187: upload_copy_time_cuda = 0.000850

iter 188: cpu_time_pred = 0.013079
iter 188: gpu_time_pred = 0.015383
iter 188: cpu_time_cuda = 0.013108
iter 188: gpu_time_cuda = 0.016259
iter 188: download_copy_time_cuda = 0.000783
iter 188: upload_copy_time_cuda = 0.000844

iter 189: cpu_time_pred = 0.013008
iter 189: gpu_time_pred = 0.016012
iter 189: cpu_time_cuda = 0.012988
iter 189: gpu_time_cuda = 0.014876
iter 189: download_copy_time_cuda = 0.000776
iter 189: upload_copy_time_cuda = 0.000836

iter 190: cpu_time_pred = 0.012888
iter 190: gpu_time_pred = 0.014648
iter 190: cpu_time_cuda = 0.012888
iter 190: gpu_time_cuda = 0.014872
iter 190: download_copy_time_cuda = 0.000769
iter 190: upload_copy_time_cuda = 0.000830

iter 191: cpu_time_pred = 0.012788
iter 191: gpu_time_pred = 0.014643
iter 191: cpu_time_cuda = 0.012767
iter 191: gpu_time_cuda = 0.014474
iter 191: download_copy_time_cuda = 0.000764
iter 191: upload_copy_time_cuda = 0.000822

iter 192: cpu_time_pred = 0.012668
iter 192: gpu_time_pred = 0.014248
iter 192: cpu_time_cuda = 0.012655
iter 192: gpu_time_cuda = 0.014390
iter 192: download_copy_time_cuda = 0.000757
iter 192: upload_copy_time_cuda = 0.000817

iter 193: cpu_time_pred = 0.012555
iter 193: gpu_time_pred = 0.014164
iter 193: cpu_time_cuda = 0.012665
iter 193: gpu_time_cuda = 0.014024
iter 193: download_copy_time_cuda = 0.000753
iter 193: upload_copy_time_cuda = 0.000812

iter 194: cpu_time_pred = 0.012565
iter 194: gpu_time_pred = 0.013803
iter 194: cpu_time_cuda = 0.012485
iter 194: gpu_time_cuda = 0.014632
iter 194: download_copy_time_cuda = 0.000747
iter 194: upload_copy_time_cuda = 0.000807

iter 195: cpu_time_pred = 0.012385
iter 195: gpu_time_pred = 0.014399
iter 195: cpu_time_cuda = 0.012471
iter 195: gpu_time_cuda = 0.013714
iter 195: download_copy_time_cuda = 0.000743
iter 195: upload_copy_time_cuda = 0.000800

iter 196: cpu_time_pred = 0.012370
iter 196: gpu_time_pred = 0.013493
iter 196: cpu_time_cuda = 0.012305
iter 196: gpu_time_cuda = 0.013572
iter 196: download_copy_time_cuda = 0.000736
iter 196: upload_copy_time_cuda = 0.000800

iter 197: cpu_time_pred = 0.012205
iter 197: gpu_time_pred = 0.013352
iter 197: cpu_time_cuda = 0.012235
iter 197: gpu_time_cuda = 0.013161
iter 197: download_copy_time_cuda = 0.000730
iter 197: upload_copy_time_cuda = 0.000785

iter 198: cpu_time_pred = 0.012135
iter 198: gpu_time_pred = 0.012946
iter 198: cpu_time_cuda = 0.012085
iter 198: gpu_time_cuda = 0.013088
iter 198: download_copy_time_cuda = 0.000723
iter 198: upload_copy_time_cuda = 0.000780

iter 199: cpu_time_pred = 0.011985
iter 199: gpu_time_pred = 0.012873
iter 199: cpu_time_cuda = 0.011993
iter 199: gpu_time_cuda = 0.014333
iter 199: download_copy_time_cuda = 0.000717
iter 199: upload_copy_time_cuda = 0.000774

iter 200: cpu_time_pred = 0.011893
iter 200: gpu_time_pred = 0.014095
iter 200: cpu_time_cuda = 0.012019
iter 200: gpu_time_cuda = 0.013024
iter 200: download_copy_time_cuda = 0.000712
iter 200: upload_copy_time_cuda = 0.000770

iter 201: cpu_time_pred = 0.011918
iter 201: gpu_time_pred = 0.012806
iter 201: cpu_time_cuda = 0.011814
iter 201: gpu_time_cuda = 0.012480
iter 201: download_copy_time_cuda = 0.000707
iter 201: upload_copy_time_cuda = 0.000761

iter 202: cpu_time_pred = 0.011714
iter 202: gpu_time_pred = 0.012270
iter 202: cpu_time_cuda = 0.011709
iter 202: gpu_time_cuda = 0.012321
iter 202: download_copy_time_cuda = 0.000700
iter 202: upload_copy_time_cuda = 0.000756

iter 203: cpu_time_pred = 0.011609
iter 203: gpu_time_pred = 0.012111
iter 203: cpu_time_cuda = 0.011660
iter 203: gpu_time_cuda = 0.012071
iter 203: download_copy_time_cuda = 0.000696
iter 203: upload_copy_time_cuda = 0.000760

iter 204: cpu_time_pred = 0.011560
iter 204: gpu_time_pred = 0.011864
iter 204: cpu_time_cuda = 0.011563
iter 204: gpu_time_cuda = 0.012178
iter 204: download_copy_time_cuda = 0.000701
iter 204: upload_copy_time_cuda = 0.000745

iter 205: cpu_time_pred = 0.011463
iter 205: gpu_time_pred = 0.011967
iter 205: cpu_time_cuda = 0.011439
iter 205: gpu_time_cuda = 0.011776
iter 205: download_copy_time_cuda = 0.000686
iter 205: upload_copy_time_cuda = 0.000736

iter 206: cpu_time_pred = 0.011339
iter 206: gpu_time_pred = 0.011570
iter 206: cpu_time_cuda = 0.011355
iter 206: gpu_time_cuda = 0.011682
iter 206: download_copy_time_cuda = 0.000678
iter 206: upload_copy_time_cuda = 0.000730

iter 207: cpu_time_pred = 0.011254
iter 207: gpu_time_pred = 0.011476
iter 207: cpu_time_cuda = 0.011360
iter 207: gpu_time_cuda = 0.011384
iter 207: download_copy_time_cuda = 0.000673
iter 207: upload_copy_time_cuda = 0.000725

iter 208: cpu_time_pred = 0.011258
iter 208: gpu_time_pred = 0.011182
iter 208: cpu_time_cuda = 0.011163
iter 208: gpu_time_cuda = 0.011312
iter 208: download_copy_time_cuda = 0.000666
iter 208: upload_copy_time_cuda = 0.000723

iter 209: cpu_time_pred = 0.011063
iter 209: gpu_time_pred = 0.011109
iter 209: cpu_time_cuda = 0.011005
iter 209: gpu_time_cuda = 0.012257
iter 209: download_copy_time_cuda = 0.000666
iter 209: upload_copy_time_cuda = 0.000712

iter 210: cpu_time_pred = 0.010905
iter 210: gpu_time_pred = 0.012035
iter 210: cpu_time_cuda = 0.010964
iter 210: gpu_time_cuda = 0.010812
iter 210: download_copy_time_cuda = 0.000654
iter 210: upload_copy_time_cuda = 0.000705

iter 211: cpu_time_pred = 0.010863
iter 211: gpu_time_pred = 0.010614
iter 211: cpu_time_cuda = 0.010854
iter 211: gpu_time_cuda = 0.010399
iter 211: download_copy_time_cuda = 0.000648
iter 211: upload_copy_time_cuda = 0.000701

iter 212: cpu_time_pred = 0.010754
iter 212: gpu_time_pred = 0.010207
iter 212: cpu_time_cuda = 0.010807
iter 212: gpu_time_cuda = 0.010445
iter 212: download_copy_time_cuda = 0.000643
iter 212: upload_copy_time_cuda = 0.000699

iter 213: cpu_time_pred = 0.010706
iter 213: gpu_time_pred = 0.010251
iter 213: cpu_time_cuda = 0.010635
iter 213: gpu_time_cuda = 0.010141
iter 213: download_copy_time_cuda = 0.000643
iter 213: upload_copy_time_cuda = 0.000686

iter 214: cpu_time_pred = 0.010535
iter 214: gpu_time_pred = 0.009951
iter 214: cpu_time_cuda = 0.010553
iter 214: gpu_time_cuda = 0.011072
iter 214: download_copy_time_cuda = 0.000632
iter 214: upload_copy_time_cuda = 0.000679

iter 215: cpu_time_pred = 0.010453
iter 215: gpu_time_pred = 0.010862
iter 215: cpu_time_cuda = 0.010410
iter 215: gpu_time_cuda = 0.010914
iter 215: download_copy_time_cuda = 0.000625
iter 215: upload_copy_time_cuda = 0.000674

iter 216: cpu_time_pred = 0.010310
iter 216: gpu_time_pred = 0.010706
iter 216: cpu_time_cuda = 0.010470
iter 216: gpu_time_cuda = 0.009712
iter 216: download_copy_time_cuda = 0.000621
iter 216: upload_copy_time_cuda = 0.000669

iter 217: cpu_time_pred = 0.010368
iter 217: gpu_time_pred = 0.009525
iter 217: cpu_time_cuda = 0.010243
iter 217: gpu_time_cuda = 0.009312
iter 217: download_copy_time_cuda = 0.000620
iter 217: upload_copy_time_cuda = 0.000663

iter 218: cpu_time_pred = 0.010143
iter 218: gpu_time_pred = 0.009131
iter 218: cpu_time_cuda = 0.010127
iter 218: gpu_time_cuda = 0.009242
iter 218: download_copy_time_cuda = 0.000607
iter 218: upload_copy_time_cuda = 0.000656

iter 219: cpu_time_pred = 0.010026
iter 219: gpu_time_pred = 0.009060
iter 219: cpu_time_cuda = 0.010059
iter 219: gpu_time_cuda = 0.009087
iter 219: download_copy_time_cuda = 0.000601
iter 219: upload_copy_time_cuda = 0.000648

iter 220: cpu_time_pred = 0.009959
iter 220: gpu_time_pred = 0.008906
iter 220: cpu_time_cuda = 0.009932
iter 220: gpu_time_cuda = 0.008959
iter 220: download_copy_time_cuda = 0.000596
iter 220: upload_copy_time_cuda = 0.000644

iter 221: cpu_time_pred = 0.009831
iter 221: gpu_time_pred = 0.008779
iter 221: cpu_time_cuda = 0.009931
iter 221: gpu_time_cuda = 0.008762
iter 221: download_copy_time_cuda = 0.000592
iter 221: upload_copy_time_cuda = 0.000638

iter 222: cpu_time_pred = 0.009830
iter 222: gpu_time_pred = 0.008584
iter 222: cpu_time_cuda = 0.009749
iter 222: gpu_time_cuda = 0.008580
iter 222: download_copy_time_cuda = 0.000585
iter 222: upload_copy_time_cuda = 0.000631

iter 223: cpu_time_pred = 0.009649
iter 223: gpu_time_pred = 0.008404
iter 223: cpu_time_cuda = 0.009654
iter 223: gpu_time_cuda = 0.008403
iter 223: download_copy_time_cuda = 0.000579
iter 223: upload_copy_time_cuda = 0.000624

iter 224: cpu_time_pred = 0.009553
iter 224: gpu_time_pred = 0.008229
iter 224: cpu_time_cuda = 0.009562
iter 224: gpu_time_cuda = 0.008975
iter 224: download_copy_time_cuda = 0.000573
iter 224: upload_copy_time_cuda = 0.000618

iter 225: cpu_time_pred = 0.009462
iter 225: gpu_time_pred = 0.008787
iter 225: cpu_time_cuda = 0.009481
iter 225: gpu_time_cuda = 0.008079
iter 225: download_copy_time_cuda = 0.000567
iter 225: upload_copy_time_cuda = 0.000612

iter 226: cpu_time_pred = 0.009381
iter 226: gpu_time_pred = 0.007908
iter 226: cpu_time_cuda = 0.009423
iter 226: gpu_time_cuda = 0.008604
iter 226: download_copy_time_cuda = 0.000561
iter 226: upload_copy_time_cuda = 0.000607

iter 227: cpu_time_pred = 0.009321
iter 227: gpu_time_pred = 0.008420
iter 227: cpu_time_cuda = 0.009304
iter 227: gpu_time_cuda = 0.007810
iter 227: download_copy_time_cuda = 0.000557
iter 227: upload_copy_time_cuda = 0.000609

iter 228: cpu_time_pred = 0.009203
iter 228: gpu_time_pred = 0.007642
iter 228: cpu_time_cuda = 0.009176
iter 228: gpu_time_cuda = 0.007593
iter 228: download_copy_time_cuda = 0.000558
iter 228: upload_copy_time_cuda = 0.000594

iter 229: cpu_time_pred = 0.009075
iter 229: gpu_time_pred = 0.007427
iter 229: cpu_time_cuda = 0.009088
iter 229: gpu_time_cuda = 0.007309
iter 229: download_copy_time_cuda = 0.000546
iter 229: upload_copy_time_cuda = 0.000587

iter 230: cpu_time_pred = 0.008987
iter 230: gpu_time_pred = 0.007148
iter 230: cpu_time_cuda = 0.009000
iter 230: gpu_time_cuda = 0.007417
iter 230: download_copy_time_cuda = 0.000539
iter 230: upload_copy_time_cuda = 0.000581

iter 231: cpu_time_pred = 0.008899
iter 231: gpu_time_pred = 0.007251
iter 231: cpu_time_cuda = 0.008991
iter 231: gpu_time_cuda = 0.007212
iter 231: download_copy_time_cuda = 0.000535
iter 231: upload_copy_time_cuda = 0.000574

iter 232: cpu_time_pred = 0.008889
iter 232: gpu_time_pred = 0.007049
iter 232: cpu_time_cuda = 0.008785
iter 232: gpu_time_cuda = 0.007102
iter 232: download_copy_time_cuda = 0.000529
iter 232: upload_copy_time_cuda = 0.000570

iter 233: cpu_time_pred = 0.008684
iter 233: gpu_time_pred = 0.006940
iter 233: cpu_time_cuda = 0.008662
iter 233: gpu_time_cuda = 0.006820
iter 233: download_copy_time_cuda = 0.000522
iter 233: upload_copy_time_cuda = 0.000562

iter 234: cpu_time_pred = 0.008561
iter 234: gpu_time_pred = 0.006663
iter 234: cpu_time_cuda = 0.008562
iter 234: gpu_time_cuda = 0.006825
iter 234: download_copy_time_cuda = 0.000517
iter 234: upload_copy_time_cuda = 0.000563

iter 235: cpu_time_pred = 0.008461
iter 235: gpu_time_pred = 0.006666
iter 235: cpu_time_cuda = 0.008461
iter 235: gpu_time_cuda = 0.006575
iter 235: download_copy_time_cuda = 0.000519
iter 235: upload_copy_time_cuda = 0.000551

iter 236: cpu_time_pred = 0.008361
iter 236: gpu_time_pred = 0.006419
iter 236: cpu_time_cuda = 0.008356
iter 236: gpu_time_cuda = 0.006700
iter 236: download_copy_time_cuda = 0.000506
iter 236: upload_copy_time_cuda = 0.000550

iter 237: cpu_time_pred = 0.008255
iter 237: gpu_time_pred = 0.006540
iter 237: cpu_time_cuda = 0.008388
iter 237: gpu_time_cuda = 0.006216
iter 237: download_copy_time_cuda = 0.000507
iter 237: upload_copy_time_cuda = 0.000537

iter 238: cpu_time_pred = 0.008286
iter 238: gpu_time_pred = 0.006065
iter 238: cpu_time_cuda = 0.008166
iter 238: gpu_time_cuda = 0.006319
iter 238: download_copy_time_cuda = 0.000494
iter 238: upload_copy_time_cuda = 0.000538

iter 239: cpu_time_pred = 0.008065
iter 239: gpu_time_pred = 0.006164
iter 239: cpu_time_cuda = 0.008089
iter 239: gpu_time_cuda = 0.006007
iter 239: download_copy_time_cuda = 0.000495
iter 239: upload_copy_time_cuda = 0.000526

iter 240: cpu_time_pred = 0.007988
iter 240: gpu_time_pred = 0.005858
iter 240: cpu_time_cuda = 0.007981
iter 240: gpu_time_cuda = 0.006023
iter 240: download_copy_time_cuda = 0.000482
iter 240: upload_copy_time_cuda = 0.000525

iter 241: cpu_time_pred = 0.007880
iter 241: gpu_time_pred = 0.005871
iter 241: cpu_time_cuda = 0.007878
iter 241: gpu_time_cuda = 0.006341
iter 241: download_copy_time_cuda = 0.000483
iter 241: upload_copy_time_cuda = 0.000512

iter 242: cpu_time_pred = 0.007777
iter 242: gpu_time_pred = 0.006180
iter 242: cpu_time_cuda = 0.007784
iter 242: gpu_time_cuda = 0.005568
iter 242: download_copy_time_cuda = 0.000471
iter 242: upload_copy_time_cuda = 0.000513

iter 243: cpu_time_pred = 0.007683
iter 243: gpu_time_pred = 0.005424
iter 243: cpu_time_cuda = 0.007765
iter 243: gpu_time_cuda = 0.005419
iter 243: download_copy_time_cuda = 0.000470
iter 243: upload_copy_time_cuda = 0.000497

iter 244: cpu_time_pred = 0.007663
iter 244: gpu_time_pred = 0.005277
iter 244: cpu_time_cuda = 0.007598
iter 244: gpu_time_cuda = 0.005339
iter 244: download_copy_time_cuda = 0.000455
iter 244: upload_copy_time_cuda = 0.000495

iter 245: cpu_time_pred = 0.007497
iter 245: gpu_time_pred = 0.005198
iter 245: cpu_time_cuda = 0.007483
iter 245: gpu_time_cuda = 0.005241
iter 245: download_copy_time_cuda = 0.000459
iter 245: upload_copy_time_cuda = 0.000488

iter 246: cpu_time_pred = 0.007382
iter 246: gpu_time_pred = 0.005100
iter 246: cpu_time_cuda = 0.007402
iter 246: gpu_time_cuda = 0.005336
iter 246: download_copy_time_cuda = 0.000447
iter 246: upload_copy_time_cuda = 0.000481

iter 247: cpu_time_pred = 0.007301
iter 247: gpu_time_pred = 0.005190
iter 247: cpu_time_cuda = 0.007316
iter 247: gpu_time_cuda = 0.005513
iter 247: download_copy_time_cuda = 0.000441
iter 247: upload_copy_time_cuda = 0.000475

iter 248: cpu_time_pred = 0.007214
iter 248: gpu_time_pred = 0.005361
iter 248: cpu_time_cuda = 0.007162
iter 248: gpu_time_cuda = 0.004853
iter 248: download_copy_time_cuda = 0.000436
iter 248: upload_copy_time_cuda = 0.000469

iter 249: cpu_time_pred = 0.007061
iter 249: gpu_time_pred = 0.004717
iter 249: cpu_time_cuda = 0.007071
iter 249: gpu_time_cuda = 0.004584
iter 249: download_copy_time_cuda = 0.000431
iter 249: upload_copy_time_cuda = 0.000460

iter 250: cpu_time_pred = 0.006970
iter 250: gpu_time_pred = 0.004454
iter 250: cpu_time_cuda = 0.007157
iter 250: gpu_time_cuda = 0.004759
iter 250: download_copy_time_cuda = 0.000424
iter 250: upload_copy_time_cuda = 0.000454

iter 251: cpu_time_pred = 0.007053
iter 251: gpu_time_pred = 0.004622
iter 251: cpu_time_cuda = 0.006913
iter 251: gpu_time_cuda = 0.005028
iter 251: download_copy_time_cuda = 0.000419
iter 251: upload_copy_time_cuda = 0.000456

iter 252: cpu_time_pred = 0.006811
iter 252: gpu_time_pred = 0.004881
iter 252: cpu_time_cuda = 0.006785
iter 252: gpu_time_cuda = 0.004513
iter 252: download_copy_time_cuda = 0.000412
iter 252: upload_copy_time_cuda = 0.000444

iter 253: cpu_time_pred = 0.006684
iter 253: gpu_time_pred = 0.004379
iter 253: cpu_time_cuda = 0.006704
iter 253: gpu_time_cuda = 0.004200
iter 253: download_copy_time_cuda = 0.000407
iter 253: upload_copy_time_cuda = 0.000436

iter 254: cpu_time_pred = 0.006602
iter 254: gpu_time_pred = 0.004074
iter 254: cpu_time_cuda = 0.006608
iter 254: gpu_time_cuda = 0.004168
iter 254: download_copy_time_cuda = 0.000402
iter 254: upload_copy_time_cuda = 0.000430

iter 255: cpu_time_pred = 0.006506
iter 255: gpu_time_pred = 0.004041
iter 255: cpu_time_cuda = 0.006489
iter 255: gpu_time_cuda = 0.003938
iter 255: download_copy_time_cuda = 0.000394
iter 255: upload_copy_time_cuda = 0.000424

iter 256: cpu_time_pred = 0.006387
iter 256: gpu_time_pred = 0.003816
iter 256: cpu_time_cuda = 0.006310
iter 256: gpu_time_cuda = 0.004075
iter 256: download_copy_time_cuda = 0.000388
iter 256: upload_copy_time_cuda = 0.000424

iter 257: cpu_time_pred = 0.006210
iter 257: gpu_time_pred = 0.003946
iter 257: cpu_time_cuda = 0.006205
iter 257: gpu_time_cuda = 0.003974
iter 257: download_copy_time_cuda = 0.000382
iter 257: upload_copy_time_cuda = 0.000414

iter 258: cpu_time_pred = 0.006105
iter 258: gpu_time_pred = 0.003847
iter 258: cpu_time_cuda = 0.006110
iter 258: gpu_time_cuda = 0.003820
iter 258: download_copy_time_cuda = 0.000377
iter 258: upload_copy_time_cuda = 0.000404

iter 259: cpu_time_pred = 0.006010
iter 259: gpu_time_pred = 0.003695
iter 259: cpu_time_cuda = 0.006043
iter 259: gpu_time_cuda = 0.003435
iter 259: download_copy_time_cuda = 0.000371
iter 259: upload_copy_time_cuda = 0.000408

iter 260: cpu_time_pred = 0.005942
iter 260: gpu_time_pred = 0.003321
iter 260: cpu_time_cuda = 0.005961
iter 260: gpu_time_cuda = 0.003436
iter 260: download_copy_time_cuda = 0.000372
iter 260: upload_copy_time_cuda = 0.000395

iter 261: cpu_time_pred = 0.005860
iter 261: gpu_time_pred = 0.003320
iter 261: cpu_time_cuda = 0.005824
iter 261: gpu_time_cuda = 0.003308
iter 261: download_copy_time_cuda = 0.000359
iter 261: upload_copy_time_cuda = 0.000387

iter 262: cpu_time_pred = 0.005724
iter 262: gpu_time_pred = 0.003195
iter 262: cpu_time_cuda = 0.005750
iter 262: gpu_time_cuda = 0.003292
iter 262: download_copy_time_cuda = 0.000355
iter 262: upload_copy_time_cuda = 0.000386

iter 263: cpu_time_pred = 0.005649
iter 263: gpu_time_pred = 0.003177
iter 263: cpu_time_cuda = 0.005632
iter 263: gpu_time_cuda = 0.003301
iter 263: download_copy_time_cuda = 0.000348
iter 263: upload_copy_time_cuda = 0.000376

iter 264: cpu_time_pred = 0.005531
iter 264: gpu_time_pred = 0.003185
iter 264: cpu_time_cuda = 0.005588
iter 264: gpu_time_cuda = 0.003238
iter 264: download_copy_time_cuda = 0.000343
iter 264: upload_copy_time_cuda = 0.000368

iter 265: cpu_time_pred = 0.005487
iter 265: gpu_time_pred = 0.003121
iter 265: cpu_time_cuda = 0.005448
iter 265: gpu_time_cuda = 0.003057
iter 265: download_copy_time_cuda = 0.000338
iter 265: upload_copy_time_cuda = 0.000364

iter 266: cpu_time_pred = 0.005347
iter 266: gpu_time_pred = 0.002944
iter 266: cpu_time_cuda = 0.005393
iter 266: gpu_time_cuda = 0.002933
iter 266: download_copy_time_cuda = 0.000331
iter 266: upload_copy_time_cuda = 0.000390

iter 267: cpu_time_pred = 0.005291
iter 267: gpu_time_pred = 0.002823
iter 267: cpu_time_cuda = 0.005370
iter 267: gpu_time_cuda = 0.003051
iter 267: download_copy_time_cuda = 0.000325
iter 267: upload_copy_time_cuda = 0.000350

iter 268: cpu_time_pred = 0.005267
iter 268: gpu_time_pred = 0.002935
iter 268: cpu_time_cuda = 0.005432
iter 268: gpu_time_cuda = 0.002792
iter 268: download_copy_time_cuda = 0.000318
iter 268: upload_copy_time_cuda = 0.000343

iter 269: cpu_time_pred = 0.005325
iter 269: gpu_time_pred = 0.002683
iter 269: cpu_time_cuda = 0.005061
iter 269: gpu_time_cuda = 0.002568
iter 269: download_copy_time_cuda = 0.000314
iter 269: upload_copy_time_cuda = 0.000337

iter 270: cpu_time_pred = 0.004960
iter 270: gpu_time_pred = 0.002466
iter 270: cpu_time_cuda = 0.005001
iter 270: gpu_time_cuda = 0.002499
iter 270: download_copy_time_cuda = 0.000307
iter 270: upload_copy_time_cuda = 0.000331

iter 271: cpu_time_pred = 0.004899
iter 271: gpu_time_pred = 0.002398
iter 271: cpu_time_cuda = 0.004877
iter 271: gpu_time_cuda = 0.002419
iter 271: download_copy_time_cuda = 0.000301
iter 271: upload_copy_time_cuda = 0.000323

iter 272: cpu_time_pred = 0.004775
iter 272: gpu_time_pred = 0.002320
iter 272: cpu_time_cuda = 0.004774
iter 272: gpu_time_cuda = 0.002487
iter 272: download_copy_time_cuda = 0.000294
iter 272: upload_copy_time_cuda = 0.000326

iter 273: cpu_time_pred = 0.004672
iter 273: gpu_time_pred = 0.002382
iter 273: cpu_time_cuda = 0.004715
iter 273: gpu_time_cuda = 0.002382
iter 273: download_copy_time_cuda = 0.000290
iter 273: upload_copy_time_cuda = 0.000312

iter 274: cpu_time_pred = 0.004612
iter 274: gpu_time_pred = 0.002280
iter 274: cpu_time_cuda = 0.004595
iter 274: gpu_time_cuda = 0.002118
iter 274: download_copy_time_cuda = 0.000283
iter 274: upload_copy_time_cuda = 0.000306

iter 275: cpu_time_pred = 0.004493
iter 275: gpu_time_pred = 0.002025
iter 275: cpu_time_cuda = 0.004518
iter 275: gpu_time_cuda = 0.001997
iter 275: download_copy_time_cuda = 0.000278
iter 275: upload_copy_time_cuda = 0.000298

iter 276: cpu_time_pred = 0.004416
iter 276: gpu_time_pred = 0.001907
iter 276: cpu_time_cuda = 0.004409
iter 276: gpu_time_cuda = 0.002072
iter 276: download_copy_time_cuda = 0.000272
iter 276: upload_copy_time_cuda = 0.000299

iter 277: cpu_time_pred = 0.004307
iter 277: gpu_time_pred = 0.001977
iter 277: cpu_time_cuda = 0.004278
iter 277: gpu_time_cuda = 0.002053
iter 277: download_copy_time_cuda = 0.000267
iter 277: upload_copy_time_cuda = 0.000286

iter 278: cpu_time_pred = 0.004176
iter 278: gpu_time_pred = 0.001956
iter 278: cpu_time_cuda = 0.004184
iter 278: gpu_time_cuda = 0.001879
iter 278: download_copy_time_cuda = 0.000261
iter 278: upload_copy_time_cuda = 0.000279

iter 279: cpu_time_pred = 0.004082
iter 279: gpu_time_pred = 0.001789
iter 279: cpu_time_cuda = 0.004090
iter 279: gpu_time_cuda = 0.001764
iter 279: download_copy_time_cuda = 0.000255
iter 279: upload_copy_time_cuda = 0.000273

iter 280: cpu_time_pred = 0.003988
iter 280: gpu_time_pred = 0.001677
iter 280: cpu_time_cuda = 0.004008
iter 280: gpu_time_cuda = 0.001663
iter 280: download_copy_time_cuda = 0.000249
iter 280: upload_copy_time_cuda = 0.000265

iter 281: cpu_time_pred = 0.003905
iter 281: gpu_time_pred = 0.001579
iter 281: cpu_time_cuda = 0.003996
iter 281: gpu_time_cuda = 0.001566
iter 281: download_copy_time_cuda = 0.000241
iter 281: upload_copy_time_cuda = 0.000261

iter 282: cpu_time_pred = 0.003891
iter 282: gpu_time_pred = 0.001485
iter 282: cpu_time_cuda = 0.003842
iter 282: gpu_time_cuda = 0.001704
iter 282: download_copy_time_cuda = 0.000238
iter 282: upload_copy_time_cuda = 0.000256

iter 283: cpu_time_pred = 0.003738
iter 283: gpu_time_pred = 0.001613
iter 283: cpu_time_cuda = 0.003712
iter 283: gpu_time_cuda = 0.001569
iter 283: download_copy_time_cuda = 0.000231
iter 283: upload_copy_time_cuda = 0.000248

iter 284: cpu_time_pred = 0.003609
iter 284: gpu_time_pred = 0.001483
iter 284: cpu_time_cuda = 0.003645
iter 284: gpu_time_cuda = 0.001431
iter 284: download_copy_time_cuda = 0.000226
iter 284: upload_copy_time_cuda = 0.000242

iter 285: cpu_time_pred = 0.003541
iter 285: gpu_time_pred = 0.001350
iter 285: cpu_time_cuda = 0.003529
iter 285: gpu_time_cuda = 0.001310
iter 285: download_copy_time_cuda = 0.000219
iter 285: upload_copy_time_cuda = 0.000237

iter 286: cpu_time_pred = 0.003425
iter 286: gpu_time_pred = 0.001234
iter 286: cpu_time_cuda = 0.003453
iter 286: gpu_time_cuda = 0.001260
iter 286: download_copy_time_cuda = 0.000214
iter 286: upload_copy_time_cuda = 0.000235

iter 287: cpu_time_pred = 0.003348
iter 287: gpu_time_pred = 0.001185
iter 287: cpu_time_cuda = 0.003359
iter 287: gpu_time_cuda = 0.001254
iter 287: download_copy_time_cuda = 0.000209
iter 287: upload_copy_time_cuda = 0.000221

iter 288: cpu_time_pred = 0.003254
iter 288: gpu_time_pred = 0.001176
iter 288: cpu_time_cuda = 0.003257
iter 288: gpu_time_cuda = 0.001230
iter 288: download_copy_time_cuda = 0.000202
iter 288: upload_copy_time_cuda = 0.000217

iter 289: cpu_time_pred = 0.003152
iter 289: gpu_time_pred = 0.001152
iter 289: cpu_time_cuda = 0.003151
iter 289: gpu_time_cuda = 0.001114
iter 289: download_copy_time_cuda = 0.000197
iter 289: upload_copy_time_cuda = 0.000209

iter 290: cpu_time_pred = 0.003046
iter 290: gpu_time_pred = 0.001041
iter 290: cpu_time_cuda = 0.003059
iter 290: gpu_time_cuda = 0.001054
iter 290: download_copy_time_cuda = 0.000190
iter 290: upload_copy_time_cuda = 0.000205

iter 291: cpu_time_pred = 0.002953
iter 291: gpu_time_pred = 0.000983
iter 291: cpu_time_cuda = 0.003005
iter 291: gpu_time_cuda = 0.000964
iter 291: download_copy_time_cuda = 0.000185
iter 291: upload_copy_time_cuda = 0.000204

iter 292: cpu_time_pred = 0.002897
iter 292: gpu_time_pred = 0.000896
iter 292: cpu_time_cuda = 0.002893
iter 292: gpu_time_cuda = 0.000958
iter 292: download_copy_time_cuda = 0.000178
iter 292: upload_copy_time_cuda = 0.000196

iter 293: cpu_time_pred = 0.002786
iter 293: gpu_time_pred = 0.000888
iter 293: cpu_time_cuda = 0.002797
iter 293: gpu_time_cuda = 0.000888
iter 293: download_copy_time_cuda = 0.000173
iter 293: upload_copy_time_cuda = 0.000186

iter 294: cpu_time_pred = 0.002689
iter 294: gpu_time_pred = 0.000821
iter 294: cpu_time_cuda = 0.002677
iter 294: gpu_time_cuda = 0.000860
iter 294: download_copy_time_cuda = 0.000168
iter 294: upload_copy_time_cuda = 0.000180

iter 295: cpu_time_pred = 0.002570
iter 295: gpu_time_pred = 0.000793
iter 295: cpu_time_cuda = 0.002601
iter 295: gpu_time_cuda = 0.000752
iter 295: download_copy_time_cuda = 0.000162
iter 295: upload_copy_time_cuda = 0.000172

iter 296: cpu_time_pred = 0.002492
iter 296: gpu_time_pred = 0.000690
iter 296: cpu_time_cuda = 0.002497
iter 296: gpu_time_cuda = 0.000728
iter 296: download_copy_time_cuda = 0.000157
iter 296: upload_copy_time_cuda = 0.000170

iter 297: cpu_time_pred = 0.002389
iter 297: gpu_time_pred = 0.000666
iter 297: cpu_time_cuda = 0.002396
iter 297: gpu_time_cuda = 0.000635
iter 297: download_copy_time_cuda = 0.000151
iter 297: upload_copy_time_cuda = 0.000161

iter 298: cpu_time_pred = 0.002287
iter 298: gpu_time_pred = 0.000578
iter 298: cpu_time_cuda = 0.002300
iter 298: gpu_time_cuda = 0.000634
iter 298: download_copy_time_cuda = 0.000144
iter 298: upload_copy_time_cuda = 0.000154

iter 299: cpu_time_pred = 0.002191
iter 299: gpu_time_pred = 0.000575
iter 299: cpu_time_cuda = 0.002183
iter 299: gpu_time_cuda = 0.000571
iter 299: download_copy_time_cuda = 0.000138
iter 299: upload_copy_time_cuda = 0.000146

iter 300: cpu_time_pred = 0.002074
iter 300: gpu_time_pred = 0.000515
iter 300: cpu_time_cuda = 0.002258
iter 300: gpu_time_cuda = 0.000552
iter 300: download_copy_time_cuda = 0.000131
iter 300: upload_copy_time_cuda = 0.000141

iter 301: cpu_time_pred = 0.002139
iter 301: gpu_time_pred = 0.000496
iter 301: cpu_time_cuda = 0.002014
iter 301: gpu_time_cuda = 0.000481
iter 301: download_copy_time_cuda = 0.000127
iter 301: upload_copy_time_cuda = 0.000137

iter 302: cpu_time_pred = 0.001902
iter 302: gpu_time_pred = 0.000429
iter 302: cpu_time_cuda = 0.001910
iter 302: gpu_time_cuda = 0.000478
iter 302: download_copy_time_cuda = 0.000122
iter 302: upload_copy_time_cuda = 0.000132

iter 303: cpu_time_pred = 0.001797
iter 303: gpu_time_pred = 0.000424
iter 303: cpu_time_cuda = 0.001783
iter 303: gpu_time_cuda = 0.000434
iter 303: download_copy_time_cuda = 0.000116
iter 303: upload_copy_time_cuda = 0.000126

iter 304: cpu_time_pred = 0.001672
iter 304: gpu_time_pred = 0.000382
iter 304: cpu_time_cuda = 0.001701
iter 304: gpu_time_cuda = 0.000395
iter 304: download_copy_time_cuda = 0.000108
iter 304: upload_copy_time_cuda = 0.000118

iter 305: cpu_time_pred = 0.001588
iter 305: gpu_time_pred = 0.000344
iter 305: cpu_time_cuda = 0.001599
iter 305: gpu_time_cuda = 0.000353
iter 305: download_copy_time_cuda = 0.000103
iter 305: upload_copy_time_cuda = 0.000112

iter 306: cpu_time_pred = 0.001485
iter 306: gpu_time_pred = 0.000305
iter 306: cpu_time_cuda = 0.001512
iter 306: gpu_time_cuda = 0.000338
iter 306: download_copy_time_cuda = 0.000098
iter 306: upload_copy_time_cuda = 0.000105

iter 307: cpu_time_pred = 0.001396
iter 307: gpu_time_pred = 0.000288
iter 307: cpu_time_cuda = 0.001413
iter 307: gpu_time_cuda = 0.000287
iter 307: download_copy_time_cuda = 0.000092
iter 307: upload_copy_time_cuda = 0.000099

iter 308: cpu_time_pred = 0.001296
iter 308: gpu_time_pred = 0.000241
iter 308: cpu_time_cuda = 0.001353
iter 308: gpu_time_cuda = 0.000283
iter 308: download_copy_time_cuda = 0.000086
iter 308: upload_copy_time_cuda = 0.000094

iter 309: cpu_time_pred = 0.001230
iter 309: gpu_time_pred = 0.000234
iter 309: cpu_time_cuda = 0.001253
iter 309: gpu_time_cuda = 0.000258
iter 309: download_copy_time_cuda = 0.000082
iter 309: upload_copy_time_cuda = 0.000088

iter 310: cpu_time_pred = 0.001128
iter 310: gpu_time_pred = 0.000209
iter 310: cpu_time_cuda = 0.001132
iter 310: gpu_time_cuda = 0.000217
iter 310: download_copy_time_cuda = 0.000076
iter 310: upload_copy_time_cuda = 0.000081

iter 311: cpu_time_pred = 0.001006
iter 311: gpu_time_pred = 0.000171
iter 311: cpu_time_cuda = 0.001038
iter 311: gpu_time_cuda = 0.000203
iter 311: download_copy_time_cuda = 0.000072
iter 311: upload_copy_time_cuda = 0.000077

iter 312: cpu_time_pred = 0.000908
iter 312: gpu_time_pred = 0.000156
iter 312: cpu_time_cuda = 0.000938
iter 312: gpu_time_cuda = 0.000176
iter 312: download_copy_time_cuda = 0.000067
iter 312: upload_copy_time_cuda = 0.000074

iter 313: cpu_time_pred = 0.000804
iter 313: gpu_time_pred = 0.000130
iter 313: cpu_time_cuda = 0.000872
iter 313: gpu_time_cuda = 0.000131
iter 313: download_copy_time_cuda = 0.000062
iter 313: upload_copy_time_cuda = 0.000071

iter 314: cpu_time_pred = 0.000727
iter 314: gpu_time_pred = 0.000091
iter 314: cpu_time_cuda = 0.000799
iter 314: gpu_time_cuda = 0.000123
iter 314: download_copy_time_cuda = 0.000059
iter 314: upload_copy_time_cuda = 0.000067

iter 315: cpu_time_pred = 0.000639
iter 315: gpu_time_pred = 0.000079
iter 315: cpu_time_cuda = 0.000699
iter 315: gpu_time_cuda = 0.000111
iter 315: download_copy_time_cuda = 0.000055
iter 315: upload_copy_time_cuda = 0.000061

iter 316: cpu_time_pred = 0.000524
iter 316: gpu_time_pred = 0.000063
iter 316: cpu_time_cuda = 0.000620
iter 316: gpu_time_cuda = 0.000103
iter 316: download_copy_time_cuda = 0.000051
iter 316: upload_copy_time_cuda = 0.000059

iter 317: cpu_time_pred = 0.000413
iter 317: gpu_time_pred = 0.000046
iter 317: cpu_time_cuda = 0.000538
iter 317: gpu_time_cuda = 0.000100
iter 317: download_copy_time_cuda = 0.000048
iter 317: upload_copy_time_cuda = 0.000053

iter 318: cpu_time_pred = 0.000269
iter 318: gpu_time_pred = 0.000025
iter 318: cpu_time_cuda = 0.000468
iter 318: gpu_time_cuda = 0.000097
iter 318: download_copy_time_cuda = 0.000045
iter 318: upload_copy_time_cuda = 0.000047

iter 319: cpu_time_pred = 0.000000
iter 319: gpu_time_pred = 0.000000
iter 319: cpu_time_cuda = 0.000430
iter 319: gpu_time_cuda = 0.000002
iter 319: download_copy_time_cuda = 0.000042
iter 319: upload_copy_time_cuda = 0.000036

total_cpu_time_cuda = 7.319135
total_gpu_time_cuda = 9.299532
total_copy_time_cuda = 0.630778
main_loop_time_cuda = 17.608578
20480 20480     ---   (  ---  )    304.07 (  18.83)     ---   
total_time = 32.466497
29.77user 4.87system 0:35.69elapsed 97%CPU (0avgtext+0avgdata 3430784maxresident)k
4504inputs+0outputs (1major+841154minor)pagefaults 0swaps
send out message: 22 3 log
