send out message: 24 37 /home/lchen/MAGMA/magma-1.3.0/results
send out message: 20 26 MAGMA_LU_GPUDVFS.total.pwr
MAGMA 1.3.0
device 0: Tesla K20c, 705.5 MHz clock, 4799.6 MB memory, capability 3.5

Usage: /home/lchen/MAGMA/magma-1.3.0/testing/testing_dgetrf -N <m,n> -c -c2 -l
  -N  can be repeated up to 10 times. If only m is given, then m=n.
  -c  or setting $MAGMA_TESTINGS_CHECK checks result, PA - LU.
  -c2 for square matrices, solves one RHS and checks residual, Ax - b.
  -l  or setting $MAGMA_RUN_LAPACK runs LAPACK.

    M     N   CPU GFlop/s (sec)   GPU GFlop/s (sec)   |PA-LU|/(N*|A|)
=========================================================================
init_time = 0.842047
iter 0: cpu_time_cuda = 0.000000
iter 0: gpu_time_cuda = 0.000000
iter 0: download_copy_time_cuda = 0.000000
iter 0: upload_copy_time_cuda = 0.000497

iter 1: cpu_time_cuda = 0.007725
iter 1: gpu_time_cuda = 0.005374
iter 1: download_copy_time_cuda = 0.000453
iter 1: upload_copy_time_cuda = 0.000480

iter 2: cpu_time_pred = 0.007626
iter 2: gpu_time_pred = 0.005237
!!Border found at iter 1
iter 2: ratio_split_freq = 0.073452
iter 2: cpu_time_cuda = 0.007496
iter 2: gpu_time_cuda = 0.005507
iter 2: download_copy_time_cuda = 0.005926
iter 2: upload_copy_time_cuda = 0.000467

iter 3: cpu_time_pred = 0.007527
iter 3: gpu_time_pred = 0.005102
!!Border found at iter 2
iter 3: ratio_split_freq = 0.076538
iter 3: cpu_time_cuda = 0.007416
iter 3: gpu_time_cuda = 0.005172
iter 3: download_copy_time_cuda = 0.005882
iter 3: upload_copy_time_cuda = 0.000461

iter 4: cpu_time_pred = 0.007428
iter 4: gpu_time_pred = 0.004969
!!Border found at iter 3
iter 4: ratio_split_freq = 0.079705
iter 4: cpu_time_cuda = 0.007325
iter 4: gpu_time_cuda = 0.005050
iter 4: download_copy_time_cuda = 0.005861
iter 4: upload_copy_time_cuda = 0.000456

iter 5: cpu_time_pred = 0.007329
iter 5: gpu_time_pred = 0.004837
!!Border found at iter 4
iter 5: ratio_split_freq = 0.082958
iter 5: cpu_time_cuda = 0.007221
iter 5: gpu_time_cuda = 0.004985
iter 5: download_copy_time_cuda = 0.005884
iter 5: upload_copy_time_cuda = 0.000456

iter 6: cpu_time_pred = 0.007230
iter 6: gpu_time_pred = 0.004707
!!Border found at iter 5
iter 6: ratio_split_freq = 0.086301
iter 6: cpu_time_cuda = 0.007130
iter 6: gpu_time_cuda = 0.004833
iter 6: download_copy_time_cuda = 0.001075
iter 6: upload_copy_time_cuda = 0.000444

iter 7: cpu_time_pred = 0.007131
iter 7: gpu_time_pred = 0.004579
!!Border found at iter 6
iter 7: ratio_split_freq = 0.089736
iter 7: cpu_time_cuda = 0.007024
iter 7: gpu_time_cuda = 0.004795
iter 7: download_copy_time_cuda = 0.001062
iter 7: upload_copy_time_cuda = 0.000438

iter 8: cpu_time_pred = 0.007032
iter 8: gpu_time_pred = 0.004453
!!Border found at iter 7
iter 8: ratio_split_freq = 0.093268
iter 8: cpu_time_cuda = 0.006949
iter 8: gpu_time_cuda = 0.004353
iter 8: download_copy_time_cuda = 0.001046
iter 8: upload_copy_time_cuda = 0.000434

iter 9: cpu_time_pred = 0.006933
iter 9: gpu_time_pred = 0.004328
!!Border found at iter 8
iter 9: ratio_split_freq = 0.096901
iter 9: cpu_time_cuda = 0.006827
iter 9: gpu_time_cuda = 0.006399
iter 9: download_copy_time_cuda = 0.001022
iter 9: upload_copy_time_cuda = 0.000436

iter 10: cpu_time_pred = 0.006834
iter 10: gpu_time_pred = 0.004205
!!Border found at iter 9
iter 10: ratio_split_freq = 0.100639
iter 10: cpu_time_cuda = 0.006767
iter 10: gpu_time_cuda = 0.006137
iter 10: download_copy_time_cuda = 0.001007
iter 10: upload_copy_time_cuda = 0.000430

iter 11: cpu_time_pred = 0.006735
iter 11: gpu_time_pred = 0.004084
!!Border found at iter 10
iter 11: ratio_split_freq = 0.104487
iter 11: cpu_time_cuda = 0.006655
iter 11: gpu_time_cuda = 0.006321
iter 11: download_copy_time_cuda = 0.000997
iter 11: upload_copy_time_cuda = 0.000414

iter 12: cpu_time_pred = 0.006636
iter 12: gpu_time_pred = 0.003965
!!Border found at iter 11
iter 12: ratio_split_freq = 0.108450
iter 12: cpu_time_cuda = 0.006549
iter 12: gpu_time_cuda = 0.006322
iter 12: download_copy_time_cuda = 0.000976
iter 12: upload_copy_time_cuda = 0.000418

iter 13: cpu_time_pred = 0.006537
iter 13: gpu_time_pred = 0.003848
!!Border found at iter 12
iter 13: ratio_split_freq = 0.112533
iter 13: cpu_time_cuda = 0.006467
iter 13: gpu_time_cuda = 0.005958
iter 13: download_copy_time_cuda = 0.000972
iter 13: upload_copy_time_cuda = 0.000404

iter 14: cpu_time_pred = 0.006437
iter 14: gpu_time_pred = 0.003732
!!Border found at iter 13
iter 14: ratio_split_freq = 0.116742
iter 14: cpu_time_cuda = 0.006352
iter 14: gpu_time_cuda = 0.006009
iter 14: download_copy_time_cuda = 0.000954
iter 14: upload_copy_time_cuda = 0.000406

iter 15: cpu_time_pred = 0.006338
iter 15: gpu_time_pred = 0.003618
!!Border found at iter 14
iter 15: ratio_split_freq = 0.121082
iter 15: cpu_time_cuda = 0.006236
iter 15: gpu_time_cuda = 0.005871
iter 15: download_copy_time_cuda = 0.000933
iter 15: upload_copy_time_cuda = 0.000394

iter 16: cpu_time_pred = 0.006239
iter 16: gpu_time_pred = 0.003506
!!Border found at iter 15
iter 16: ratio_split_freq = 0.125560
iter 16: cpu_time_cuda = 0.006109
iter 16: gpu_time_cuda = 0.005732
iter 16: download_copy_time_cuda = 0.000918
iter 16: upload_copy_time_cuda = 0.000387

iter 17: cpu_time_pred = 0.006140
iter 17: gpu_time_pred = 0.003395
!!Border found at iter 16
iter 17: ratio_split_freq = 0.130182
iter 17: cpu_time_cuda = 0.006011
iter 17: gpu_time_cuda = 0.005762
iter 17: download_copy_time_cuda = 0.000899
iter 17: upload_copy_time_cuda = 0.000381

iter 18: cpu_time_pred = 0.006041
iter 18: gpu_time_pred = 0.003287
!!Border found at iter 17
iter 18: ratio_split_freq = 0.134956
iter 18: cpu_time_cuda = 0.005914
iter 18: gpu_time_cuda = 0.005540
iter 18: download_copy_time_cuda = 0.000889
iter 18: upload_copy_time_cuda = 0.000384

iter 19: cpu_time_pred = 0.005942
iter 19: gpu_time_pred = 0.003180
!!Border found at iter 18
iter 19: ratio_split_freq = 0.139889
iter 19: cpu_time_cuda = 0.005826
iter 19: gpu_time_cuda = 0.010561
iter 19: download_copy_time_cuda = 0.000879
iter 19: upload_copy_time_cuda = 0.000369

iter 20: cpu_time_pred = 0.005843
iter 20: gpu_time_pred = 0.003075
iter 20: ratio_split_freq = 0.144990
iter 20: cpu_time_cuda = 0.005733
iter 20: gpu_time_cuda = 0.005429
iter 20: download_copy_time_cuda = 0.000859
iter 20: upload_copy_time_cuda = 0.000369

iter 21: cpu_time_pred = 0.005744
iter 21: gpu_time_pred = 0.002971
!!Border found at iter 20
iter 21: ratio_split_freq = 0.150266
iter 21: cpu_time_cuda = 0.005633
iter 21: gpu_time_cuda = 0.005433
iter 21: download_copy_time_cuda = 0.000843
iter 21: upload_copy_time_cuda = 0.000358

iter 22: cpu_time_pred = 0.005645
iter 22: gpu_time_pred = 0.002870
!!Border found at iter 21
iter 22: ratio_split_freq = 0.155727
iter 22: cpu_time_cuda = 0.005545
iter 22: gpu_time_cuda = 0.005324
iter 22: download_copy_time_cuda = 0.000820
iter 22: upload_copy_time_cuda = 0.000353

iter 23: cpu_time_pred = 0.005546
iter 23: gpu_time_pred = 0.002770
!!Border found at iter 22
iter 23: ratio_split_freq = 0.161384
iter 23: cpu_time_cuda = 0.005438
iter 23: gpu_time_cuda = 0.005123
iter 23: download_copy_time_cuda = 0.000806
iter 23: upload_copy_time_cuda = 0.000346

iter 24: cpu_time_pred = 0.005447
iter 24: gpu_time_pred = 0.002672
!!Border found at iter 23
iter 24: ratio_split_freq = 0.167246
iter 24: cpu_time_cuda = 0.005343
iter 24: gpu_time_cuda = 0.005113
iter 24: download_copy_time_cuda = 0.000787
iter 24: upload_copy_time_cuda = 0.000348

iter 25: cpu_time_pred = 0.005348
iter 25: gpu_time_pred = 0.002576
!!Border found at iter 24
iter 25: ratio_split_freq = 0.173325
iter 25: cpu_time_cuda = 0.005242
iter 25: gpu_time_cuda = 0.006178
iter 25: download_copy_time_cuda = 0.000772
iter 25: upload_copy_time_cuda = 0.000335

iter 26: cpu_time_pred = 0.005249
iter 26: gpu_time_pred = 0.002481
iter 26: ratio_split_freq = 0.179633
iter 26: cpu_time_cuda = 0.005198
iter 26: gpu_time_cuda = 0.005006
iter 26: download_copy_time_cuda = 0.000757
iter 26: upload_copy_time_cuda = 0.000336

iter 27: cpu_time_pred = 0.005150
iter 27: gpu_time_pred = 0.002388
!!Border found at iter 26
iter 27: ratio_split_freq = 0.186185
iter 27: cpu_time_cuda = 0.005057
iter 27: gpu_time_cuda = 0.004976
iter 27: download_copy_time_cuda = 0.000747
iter 27: upload_copy_time_cuda = 0.000324

iter 28: cpu_time_pred = 0.005051
iter 28: gpu_time_pred = 0.002297
!!Border found at iter 27
iter 28: ratio_split_freq = 0.192993
iter 28: cpu_time_cuda = 0.004966
iter 28: gpu_time_cuda = 0.004934
iter 28: download_copy_time_cuda = 0.000722
iter 28: upload_copy_time_cuda = 0.000324

iter 29: cpu_time_pred = 0.004952
iter 29: gpu_time_pred = 0.002208
!!Border found at iter 28
iter 29: ratio_split_freq = 0.200073
iter 29: cpu_time_cuda = 0.004870
iter 29: gpu_time_cuda = 0.004777
iter 29: download_copy_time_cuda = 0.000703
iter 29: upload_copy_time_cuda = 0.000310

iter 30: cpu_time_pred = 0.004853
iter 30: gpu_time_pred = 0.002121
!!Border found at iter 29
iter 30: ratio_split_freq = 0.207443
iter 30: cpu_time_cuda = 0.004773
iter 30: gpu_time_cuda = 0.004781
iter 30: download_copy_time_cuda = 0.000692
iter 30: upload_copy_time_cuda = 0.000311

iter 31: cpu_time_pred = 0.004754
iter 31: gpu_time_pred = 0.002035
iter 31: ratio_split_freq = 0.215119
iter 31: cpu_time_cuda = 0.004671
iter 31: gpu_time_cuda = 0.004740
iter 31: download_copy_time_cuda = 0.000671
iter 31: upload_copy_time_cuda = 0.000307

iter 32: cpu_time_pred = 0.004655
iter 32: gpu_time_pred = 0.001951
iter 32: ratio_split_freq = 0.223122
iter 32: cpu_time_cuda = 0.004610
iter 32: gpu_time_cuda = 0.004588
iter 32: download_copy_time_cuda = 0.000665
iter 32: upload_copy_time_cuda = 0.000294

iter 33: cpu_time_pred = 0.004556
iter 33: gpu_time_pred = 0.001869
!!Border found at iter 32
iter 33: ratio_split_freq = 0.231474
iter 33: cpu_time_cuda = 0.004493
iter 33: gpu_time_cuda = 0.004563
iter 33: download_copy_time_cuda = 0.000647
iter 33: upload_copy_time_cuda = 0.000288

iter 34: cpu_time_pred = 0.004457
iter 34: gpu_time_pred = 0.001789
iter 34: ratio_split_freq = 0.240196
iter 34: cpu_time_cuda = 0.004391
iter 34: gpu_time_cuda = 0.004478
iter 34: download_copy_time_cuda = 0.000631
iter 34: upload_copy_time_cuda = 0.000288

iter 35: cpu_time_pred = 0.004358
iter 35: gpu_time_pred = 0.001710
iter 35: ratio_split_freq = 0.249315
iter 35: cpu_time_cuda = 0.004299
iter 35: gpu_time_cuda = 0.004499
iter 35: download_copy_time_cuda = 0.000615
iter 35: upload_copy_time_cuda = 0.000283

iter 36: cpu_time_pred = 0.004259
iter 36: gpu_time_pred = 0.001633
iter 36: ratio_split_freq = 0.258858
iter 36: cpu_time_cuda = 0.004205
iter 36: gpu_time_cuda = 0.004428
iter 36: download_copy_time_cuda = 0.000603
iter 36: upload_copy_time_cuda = 0.000271

iter 37: cpu_time_pred = 0.004160
iter 37: gpu_time_pred = 0.001558
iter 37: ratio_split_freq = 0.268855
iter 37: cpu_time_cuda = 0.004082
iter 37: gpu_time_cuda = 0.004346
iter 37: download_copy_time_cuda = 0.000592
iter 37: upload_copy_time_cuda = 0.000266

iter 38: cpu_time_pred = 0.004061
iter 38: gpu_time_pred = 0.001485
iter 38: ratio_split_freq = 0.279340
iter 38: cpu_time_cuda = 0.003986
iter 38: gpu_time_cuda = 0.004286
iter 38: download_copy_time_cuda = 0.000575
iter 38: upload_copy_time_cuda = 0.000266

iter 39: cpu_time_pred = 0.003962
iter 39: gpu_time_pred = 0.001413
iter 39: ratio_split_freq = 0.290349
iter 39: cpu_time_cuda = 0.003895
iter 39: gpu_time_cuda = 0.004226
iter 39: download_copy_time_cuda = 0.000561
iter 39: upload_copy_time_cuda = 0.000259

iter 40: cpu_time_pred = 0.003862
iter 40: gpu_time_pred = 0.001344
iter 40: ratio_split_freq = 0.301923
iter 40: cpu_time_cuda = 0.003797
iter 40: gpu_time_cuda = 0.004143
iter 40: download_copy_time_cuda = 0.000545
iter 40: upload_copy_time_cuda = 0.000252

iter 41: cpu_time_pred = 0.003763
iter 41: gpu_time_pred = 0.001275
iter 41: ratio_split_freq = 0.314106
iter 41: cpu_time_cuda = 0.003705
iter 41: gpu_time_cuda = 0.004127
iter 41: download_copy_time_cuda = 0.000528
iter 41: upload_copy_time_cuda = 0.000242

iter 42: cpu_time_pred = 0.003664
iter 42: gpu_time_pred = 0.001209
iter 42: ratio_split_freq = 0.326948
iter 42: cpu_time_cuda = 0.003629
iter 42: gpu_time_cuda = 0.004054
iter 42: download_copy_time_cuda = 0.000519
iter 42: upload_copy_time_cuda = 0.000241

iter 43: cpu_time_pred = 0.003565
iter 43: gpu_time_pred = 0.001145
iter 43: ratio_split_freq = 0.340503
iter 43: cpu_time_cuda = 0.003524
iter 43: gpu_time_cuda = 0.003992
iter 43: download_copy_time_cuda = 0.000506
iter 43: upload_copy_time_cuda = 0.000235

iter 44: cpu_time_pred = 0.003466
iter 44: gpu_time_pred = 0.001082
iter 44: ratio_split_freq = 0.354832
iter 44: cpu_time_cuda = 0.003424
iter 44: gpu_time_cuda = 0.003941
iter 44: download_copy_time_cuda = 0.000482
iter 44: upload_copy_time_cuda = 0.000229

iter 45: cpu_time_pred = 0.003367
iter 45: gpu_time_pred = 0.001021
iter 45: ratio_split_freq = 0.370004
iter 45: cpu_time_cuda = 0.003335
iter 45: gpu_time_cuda = 0.003877
iter 45: download_copy_time_cuda = 0.000470
iter 45: upload_copy_time_cuda = 0.000223

iter 46: cpu_time_pred = 0.003268
iter 46: gpu_time_pred = 0.000962
iter 46: ratio_split_freq = 0.386096
iter 46: cpu_time_cuda = 0.003239
iter 46: gpu_time_cuda = 0.006355
iter 46: download_copy_time_cuda = 0.000454
iter 46: upload_copy_time_cuda = 0.000213

iter 47: cpu_time_pred = 0.003169
iter 47: gpu_time_pred = 0.000905
iter 47: ratio_split_freq = 0.403194
iter 47: cpu_time_cuda = 0.003143
iter 47: gpu_time_cuda = 0.003770
iter 47: download_copy_time_cuda = 0.000448
iter 47: upload_copy_time_cuda = 0.000207

iter 48: cpu_time_pred = 0.003070
iter 48: gpu_time_pred = 0.000849
iter 48: ratio_split_freq = 0.421395
iter 48: cpu_time_cuda = 0.003055
iter 48: gpu_time_cuda = 0.003739
iter 48: download_copy_time_cuda = 0.000422
iter 48: upload_copy_time_cuda = 0.000205

iter 49: cpu_time_pred = 0.002971
iter 49: gpu_time_pred = 0.000795
iter 49: ratio_split_freq = 0.440809
iter 49: cpu_time_cuda = 0.002960
iter 49: gpu_time_cuda = 0.003652
iter 49: download_copy_time_cuda = 0.000406
iter 49: upload_copy_time_cuda = 0.000194

iter 50: cpu_time_pred = 0.002872
iter 50: gpu_time_pred = 0.000743
iter 50: ratio_split_freq = 0.461562
iter 50: cpu_time_cuda = 0.002876
iter 50: gpu_time_cuda = 0.003630
iter 50: download_copy_time_cuda = 0.000393
iter 50: upload_copy_time_cuda = 0.000189

iter 51: cpu_time_pred = 0.002773
iter 51: gpu_time_pred = 0.000693
iter 51: ratio_split_freq = 0.483798
iter 51: cpu_time_cuda = 0.002776
iter 51: gpu_time_cuda = 0.003557
iter 51: download_copy_time_cuda = 0.000376
iter 51: upload_copy_time_cuda = 0.000184

iter 52: cpu_time_pred = 0.002674
iter 52: gpu_time_pred = 0.000644
iter 52: ratio_split_freq = 0.507680
iter 52: cpu_time_cuda = 0.002693
iter 52: gpu_time_cuda = 0.003534
iter 52: download_copy_time_cuda = 0.000363
iter 52: upload_copy_time_cuda = 0.000180

iter 53: cpu_time_pred = 0.002575
iter 53: gpu_time_pred = 0.000597
iter 53: ratio_split_freq = 0.533400
iter 53: cpu_time_cuda = 0.002592
iter 53: gpu_time_cuda = 0.003457
iter 53: download_copy_time_cuda = 0.000357
iter 53: upload_copy_time_cuda = 0.000172

iter 54: cpu_time_pred = 0.002476
iter 54: gpu_time_pred = 0.000552
iter 54: ratio_split_freq = 0.561177
iter 54: cpu_time_cuda = 0.002506
iter 54: gpu_time_cuda = 0.003802
iter 54: download_copy_time_cuda = 0.000332
iter 54: upload_copy_time_cuda = 0.000167

iter 55: cpu_time_pred = 0.002377
iter 55: gpu_time_pred = 0.000509
iter 55: ratio_split_freq = 0.591269
iter 55: cpu_time_cuda = 0.002402
iter 55: gpu_time_cuda = 0.003378
iter 55: download_copy_time_cuda = 0.000321
iter 55: upload_copy_time_cuda = 0.000164

iter 56: cpu_time_pred = 0.002278
iter 56: gpu_time_pred = 0.000467
iter 56: ratio_split_freq = 0.623978
iter 56: cpu_time_cuda = 0.002354
iter 56: gpu_time_cuda = 0.003336
iter 56: download_copy_time_cuda = 0.000307
iter 56: upload_copy_time_cuda = 0.000160

iter 57: cpu_time_pred = 0.002179
iter 57: gpu_time_pred = 0.000428
iter 57: ratio_split_freq = 0.659660
iter 57: cpu_time_cuda = 0.002284
iter 57: gpu_time_cuda = 0.002810
iter 57: download_copy_time_cuda = 0.000292
iter 57: upload_copy_time_cuda = 0.000154

iter 58: cpu_time_pred = 0.002080
iter 58: gpu_time_pred = 0.000390
iter 58: ratio_split_freq = 0.698740
iter 58: cpu_time_cuda = 0.002101
iter 58: gpu_time_cuda = 0.002644
iter 58: download_copy_time_cuda = 0.000282
iter 58: upload_copy_time_cuda = 0.000147

iter 59: cpu_time_pred = 0.001981
iter 59: gpu_time_pred = 0.000353
iter 59: ratio_split_freq = 0.741729
iter 59: cpu_time_cuda = 0.001986
iter 59: gpu_time_cuda = 0.002422
iter 59: download_copy_time_cuda = 0.000269
iter 59: upload_copy_time_cuda = 0.000139

iter 60: cpu_time_pred = 0.001882
iter 60: gpu_time_pred = 0.000319
iter 60: ratio_split_freq = 0.789243
iter 60: cpu_time_cuda = 0.001892
iter 60: gpu_time_cuda = 0.002142
iter 60: download_copy_time_cuda = 0.000257
iter 60: upload_copy_time_cuda = 0.000133

iter 61: cpu_time_pred = 0.001783
iter 61: gpu_time_pred = 0.000286
iter 61: ratio_split_freq = 0.842036
iter 61: cpu_time_cuda = 0.001802
iter 61: gpu_time_cuda = 0.001934
iter 61: download_copy_time_cuda = 0.000245
iter 61: upload_copy_time_cuda = 0.000130

iter 62: cpu_time_pred = 0.001684
iter 62: gpu_time_pred = 0.000255
iter 62: ratio_split_freq = 0.901040
iter 62: cpu_time_cuda = 0.001702
iter 62: gpu_time_cuda = 0.001733
iter 62: download_copy_time_cuda = 0.000235
iter 62: upload_copy_time_cuda = 0.000122

iter 63: cpu_time_pred = 0.001585
iter 63: gpu_time_pred = 0.000226
iter 63: ratio_split_freq = 0.967419
iter 63: cpu_time_cuda = 0.001611
iter 63: gpu_time_cuda = 0.001568
iter 63: download_copy_time_cuda = 0.000224
iter 63: upload_copy_time_cuda = 0.000120

iter 64: cpu_time_pred = 0.001486
iter 64: gpu_time_pred = 0.000199
!!Border found at iter 63
iter 64: ratio_split_freq = 1.042649
iter 64: cpu_time_cuda = 0.001525
iter 64: gpu_time_cuda = 0.001445
iter 64: download_copy_time_cuda = 0.000213
iter 64: upload_copy_time_cuda = 0.000114

iter 65: cpu_time_pred = 0.001387
iter 65: gpu_time_pred = 0.000173
!!Border found at iter 64
iter 65: ratio_split_freq = 1.128626
iter 65: cpu_time_cuda = 0.001415
iter 65: gpu_time_cuda = 0.001222
iter 65: download_copy_time_cuda = 0.000201
iter 65: upload_copy_time_cuda = 0.000108

iter 66: cpu_time_pred = 0.001287
iter 66: gpu_time_pred = 0.000149
!!Border found at iter 65
iter 66: ratio_split_freq = 1.227830
iter 66: cpu_time_cuda = 0.001331
iter 66: gpu_time_cuda = 0.001065
iter 66: download_copy_time_cuda = 0.000191
iter 66: upload_copy_time_cuda = 0.000101

iter 67: cpu_time_pred = 0.001188
iter 67: gpu_time_pred = 0.000127
!!Border found at iter 66
iter 67: ratio_split_freq = 1.343569
iter 67: cpu_time_cuda = 0.001240
iter 67: gpu_time_cuda = 0.000929
iter 67: download_copy_time_cuda = 0.000183
iter 67: upload_copy_time_cuda = 0.000095

iter 68: cpu_time_pred = 0.001089
iter 68: gpu_time_pred = 0.000107
!!Border found at iter 67
iter 68: ratio_split_freq = 1.480350
iter 68: cpu_time_cuda = 0.001138
iter 68: gpu_time_cuda = 0.000754
iter 68: download_copy_time_cuda = 0.000165
iter 68: upload_copy_time_cuda = 0.000091

iter 69: cpu_time_pred = 0.000990
iter 69: gpu_time_pred = 0.000088
!!Border found at iter 68
iter 69: ratio_split_freq = 1.644489
iter 69: cpu_time_cuda = 0.001043
iter 69: gpu_time_cuda = 0.000677
iter 69: download_copy_time_cuda = 0.000157
iter 69: upload_copy_time_cuda = 0.000085

iter 70: cpu_time_pred = 0.000891
iter 70: gpu_time_pred = 0.000072
!!Border found at iter 69
iter 70: ratio_split_freq = 1.845102
iter 70: cpu_time_cuda = 0.000956
iter 70: gpu_time_cuda = 0.000610
iter 70: download_copy_time_cuda = 0.000148
iter 70: upload_copy_time_cuda = 0.000080

iter 71: cpu_time_pred = 0.000792
iter 71: gpu_time_pred = 0.000057
!!Border found at iter 70
iter 71: ratio_split_freq = 2.095868
iter 71: cpu_time_cuda = 0.000861
iter 71: gpu_time_cuda = 0.000519
iter 71: download_copy_time_cuda = 0.000134
iter 71: upload_copy_time_cuda = 0.000073

iter 72: cpu_time_pred = 0.000693
iter 72: gpu_time_pred = 0.000043
!!Border found at iter 71
iter 72: ratio_split_freq = 2.418283
iter 72: cpu_time_cuda = 0.000769
iter 72: gpu_time_cuda = 0.000442
iter 72: download_copy_time_cuda = 0.000127
iter 72: upload_copy_time_cuda = 0.000069

iter 73: cpu_time_pred = 0.000594
iter 73: gpu_time_pred = 0.000032
!!Border found at iter 72
iter 73: ratio_split_freq = 2.848168
iter 73: cpu_time_cuda = 0.005584
iter 73: gpu_time_cuda = 0.000278
iter 73: download_copy_time_cuda = 0.000113
iter 73: upload_copy_time_cuda = 0.000063

iter 74: cpu_time_pred = 0.000495
iter 74: gpu_time_pred = 0.000022
!!Border found at iter 73
iter 74: ratio_split_freq = 3.450008
iter 74: cpu_time_cuda = 0.000618
iter 74: gpu_time_cuda = 0.000224
iter 74: download_copy_time_cuda = 0.000104
iter 74: upload_copy_time_cuda = 0.000059

iter 75: cpu_time_pred = 0.000396
iter 75: gpu_time_pred = 0.000014
!!Border found at iter 74
iter 75: ratio_split_freq = 4.352767
iter 75: cpu_time_cuda = 0.000526
iter 75: gpu_time_cuda = 0.000178
iter 75: download_copy_time_cuda = 0.000095
iter 75: upload_copy_time_cuda = 0.000052

iter 76: cpu_time_pred = 0.000297
iter 76: gpu_time_pred = 0.000008
!!Border found at iter 75
iter 76: ratio_split_freq = 5.857367
iter 76: cpu_time_cuda = 0.000442
iter 76: gpu_time_cuda = 0.000149
iter 76: download_copy_time_cuda = 0.000086
iter 76: upload_copy_time_cuda = 0.000048

iter 77: cpu_time_pred = 0.000198
iter 77: gpu_time_pred = 0.000004
!!Border found at iter 76
iter 77: ratio_split_freq = 8.866565
iter 77: cpu_time_cuda = 0.000351
iter 77: gpu_time_cuda = 0.000132
iter 77: download_copy_time_cuda = 0.000078
iter 77: upload_copy_time_cuda = 0.000044

iter 78: cpu_time_pred = 0.000099
iter 78: gpu_time_pred = 0.000001
!!Border found at iter 77
iter 78: ratio_split_freq = 17.894161
iter 78: cpu_time_cuda = 0.000267
iter 78: gpu_time_cuda = 0.000047
iter 78: download_copy_time_cuda = 0.000075
iter 78: upload_copy_time_cuda = 0.000040

iter 79: cpu_time_pred = 0.000000
iter 79: gpu_time_pred = 0.000000
!!Border found at iter 78
iter 79: ratio_split_freq = -nan
iter 79: cpu_time_cuda = 0.000156
iter 79: gpu_time_cuda = 0.000003
iter 79: download_copy_time_cuda = 0.000068
iter 79: upload_copy_time_cuda = 0.000070

total_cpu_time_cuda = 0.308041
total_gpu_time_cuda = 0.298183
total_copy_time_cuda = 0.083269
main_loop_time_cuda = 1.272534
Normalized difference of predicted CPU runtime per iteration is: -4.565241%
Normalized difference of predicted GPU runtime per iteration is: -61.564518%
Normalized difference of predicted slack per iteration is: -232.531005%
 5120  5120     ---   (  ---  )     63.60 (   1.41)     ---   
total_time = 2.252753
1.64user 0.84system 0:03.46elapsed 71%CPU (0avgtext+0avgdata 358792maxresident)k
4512inputs+0outputs (1major+71720minor)pagefaults 0swaps
send out message: 22 3 log
