cpu0
2601000
cpu1
2601000
cpu2
2601000
cpu3
2601000
cpu4
2601000
cpu5
2601000
cpu6
2601000
cpu7
2601000
cpu8
2601000
cpu9
2601000
cpu10
2601000
cpu11
2601000
cpu12
2601000
cpu13
2601000
cpu14
2601000
cpu15
2601000
send out message: 24 37 /home/lchen/MAGMA/magma-1.3.0/results
send out message: 20 26 MAGMA_LU_GPUDVFS.total.pwr
MAGMA 1.3.0
device 0: Tesla K20c, 705.5 MHz clock, 4799.6 MB memory, capability 3.5

Usage: /home/lchen/MAGMA/magma-1.3.0/testing/testing_dgetrf -N <m,n> -c -c2 -l
  -N  can be repeated up to 10 times. If only m is given, then m=n.
  -c  or setting $MAGMA_TESTINGS_CHECK checks result, PA - LU.
  -c2 for square matrices, solves one RHS and checks residual, Ax - b.
  -l  or setting $MAGMA_RUN_LAPACK runs LAPACK.

    M     N   CPU GFlop/s (sec)   GPU GFlop/s (sec)   |PA-LU|/(N*|A|)
=========================================================================
init_time = 6.260845
iter 0: cpu_time_cuda = 0.000000
iter 0: gpu_time_cuda = -1957834359779776144254741512192.000000
iter 0: download_copy_time_cuda = 0.000000
iter 0: upload_copy_time_cuda = 0.007622

iter 1: cpu_time_cuda = 0.308582
iter 1: gpu_time_cuda = 0.211514
iter 1: download_copy_time_cuda = 0.006665
iter 1: upload_copy_time_cuda = 0.007510

iter 2: cpu_time_cuda = 0.304888
iter 2: gpu_time_cuda = 0.206669
iter 2: download_copy_time_cuda = 0.006576
iter 2: upload_copy_time_cuda = 0.007424

iter 3: cpu_time_cuda = 0.300438
iter 3: gpu_time_cuda = 0.200854
iter 3: download_copy_time_cuda = 0.006491
iter 3: upload_copy_time_cuda = 0.007318

iter 4: cpu_time_cuda = 0.296468
iter 4: gpu_time_cuda = 0.194903
iter 4: download_copy_time_cuda = 0.006408
iter 4: upload_copy_time_cuda = 0.007230

iter 5: cpu_time_cuda = 0.292442
iter 5: gpu_time_cuda = 0.189693
iter 5: download_copy_time_cuda = 0.006324
iter 5: upload_copy_time_cuda = 0.007125

iter 6: cpu_time_cuda = 0.288334
iter 6: gpu_time_cuda = 0.185128
iter 6: download_copy_time_cuda = 0.006235
iter 6: upload_copy_time_cuda = 0.007041

iter 7: cpu_time_cuda = 0.284242
iter 7: gpu_time_cuda = 0.180645
iter 7: download_copy_time_cuda = 0.006150
iter 7: upload_copy_time_cuda = 0.006936

iter 8: cpu_time_cuda = 0.280394
iter 8: gpu_time_cuda = 0.175189
iter 8: download_copy_time_cuda = 0.006066
iter 8: upload_copy_time_cuda = 0.006844

iter 9: cpu_time_cuda = 0.276190
iter 9: gpu_time_cuda = 0.170511
iter 9: download_copy_time_cuda = 0.005980
iter 9: upload_copy_time_cuda = 0.006738

iter 10: cpu_time_cuda = 0.272173
iter 10: gpu_time_cuda = 0.166633
iter 10: download_copy_time_cuda = 0.005917
iter 10: upload_copy_time_cuda = 0.006646

iter 11: cpu_time_cuda = 0.267896
iter 11: gpu_time_cuda = 0.161160
iter 11: download_copy_time_cuda = 0.005805
iter 11: upload_copy_time_cuda = 0.006542

iter 12: cpu_time_cuda = 0.264245
iter 12: gpu_time_cuda = 0.158320
iter 12: download_copy_time_cuda = 0.005720
iter 12: upload_copy_time_cuda = 0.006453

iter 13: cpu_time_cuda = 0.259961
iter 13: gpu_time_cuda = 0.151804
iter 13: download_copy_time_cuda = 0.005642
iter 13: upload_copy_time_cuda = 0.006346

iter 14: cpu_time_cuda = 0.255923
iter 14: gpu_time_cuda = 0.147857
iter 14: download_copy_time_cuda = 0.005551
iter 14: upload_copy_time_cuda = 0.006253

iter 15: cpu_time_cuda = 0.251777
iter 15: gpu_time_cuda = 0.142990
iter 15: download_copy_time_cuda = 0.005460
iter 15: upload_copy_time_cuda = 0.006157

iter 16: cpu_time_cuda = 0.247857
iter 16: gpu_time_cuda = 0.137936
iter 16: download_copy_time_cuda = 0.005378
iter 16: upload_copy_time_cuda = 0.006060

iter 17: cpu_time_cuda = 0.244009
iter 17: gpu_time_cuda = 0.133713
iter 17: download_copy_time_cuda = 0.005291
iter 17: upload_copy_time_cuda = 0.005970

iter 18: cpu_time_cuda = 0.239677
iter 18: gpu_time_cuda = 0.130033
iter 18: download_copy_time_cuda = 0.005201
iter 18: upload_copy_time_cuda = 0.005863

iter 19: cpu_time_cuda = 0.235863
iter 19: gpu_time_cuda = 0.126040
iter 19: download_copy_time_cuda = 0.005149
iter 19: upload_copy_time_cuda = 0.005763

iter 20: cpu_time_cuda = 0.231815
iter 20: gpu_time_cuda = 0.122174
iter 20: download_copy_time_cuda = 0.005032
iter 20: upload_copy_time_cuda = 0.005646

iter 21: cpu_time_cuda = 0.227537
iter 21: gpu_time_cuda = 0.117319
iter 21: download_copy_time_cuda = 0.004945
iter 21: upload_copy_time_cuda = 0.005512

iter 22: cpu_time_cuda = 0.223542
iter 22: gpu_time_cuda = 0.114166
iter 22: download_copy_time_cuda = 0.004875
iter 22: upload_copy_time_cuda = 0.005370

iter 23: cpu_time_cuda = 0.219480
iter 23: gpu_time_cuda = 0.111068
iter 23: download_copy_time_cuda = 0.004776
iter 23: upload_copy_time_cuda = 0.005247

iter 24: cpu_time_cuda = 0.215377
iter 24: gpu_time_cuda = 0.109338
iter 24: download_copy_time_cuda = 0.004684
iter 24: upload_copy_time_cuda = 0.005105

iter 25: cpu_time_cuda = 0.211353
iter 25: gpu_time_cuda = 0.104624
iter 25: download_copy_time_cuda = 0.004607
iter 25: upload_copy_time_cuda = 0.004976

iter 26: cpu_time_cuda = 0.207224
iter 26: gpu_time_cuda = 0.098977
iter 26: download_copy_time_cuda = 0.004503
iter 26: upload_copy_time_cuda = 0.004880

iter 27: cpu_time_cuda = 0.203163
iter 27: gpu_time_cuda = 0.094744
iter 27: download_copy_time_cuda = 0.004419
iter 27: upload_copy_time_cuda = 0.004788

iter 28: cpu_time_cuda = 0.199004
iter 28: gpu_time_cuda = 0.091742
iter 28: download_copy_time_cuda = 0.004339
iter 28: upload_copy_time_cuda = 0.004696

iter 29: cpu_time_cuda = 0.194923
iter 29: gpu_time_cuda = 0.087933
iter 29: download_copy_time_cuda = 0.004244
iter 29: upload_copy_time_cuda = 0.004593

iter 30: cpu_time_cuda = 0.190633
iter 30: gpu_time_cuda = 0.084295
iter 30: download_copy_time_cuda = 0.004155
iter 30: upload_copy_time_cuda = 0.004507

iter 31: cpu_time_cuda = 0.186829
iter 31: gpu_time_cuda = 0.080694
iter 31: download_copy_time_cuda = 0.004070
iter 31: upload_copy_time_cuda = 0.004409

iter 32: cpu_time_cuda = 0.182443
iter 32: gpu_time_cuda = 0.077734
iter 32: download_copy_time_cuda = 0.003983
iter 32: upload_copy_time_cuda = 0.004327

iter 33: cpu_time_cuda = 0.178368
iter 33: gpu_time_cuda = 0.074768
iter 33: download_copy_time_cuda = 0.003906
iter 33: upload_copy_time_cuda = 0.004237

iter 34: cpu_time_cuda = 0.174117
iter 34: gpu_time_cuda = 0.071690
iter 34: download_copy_time_cuda = 0.003821
iter 34: upload_copy_time_cuda = 0.004136

iter 35: cpu_time_cuda = 0.170164
iter 35: gpu_time_cuda = 0.069079
iter 35: download_copy_time_cuda = 0.003726
iter 35: upload_copy_time_cuda = 0.004042

iter 36: cpu_time_cuda = 0.166224
iter 36: gpu_time_cuda = 0.065732
iter 36: download_copy_time_cuda = 0.003640
iter 36: upload_copy_time_cuda = 0.003942

iter 37: cpu_time_cuda = 0.161684
iter 37: gpu_time_cuda = 0.063262
iter 37: download_copy_time_cuda = 0.003556
iter 37: upload_copy_time_cuda = 0.003857

iter 38: cpu_time_cuda = 0.157583
iter 38: gpu_time_cuda = 0.059142
iter 38: download_copy_time_cuda = 0.003470
iter 38: upload_copy_time_cuda = 0.003762

iter 39: cpu_time_cuda = 0.153789
iter 39: gpu_time_cuda = 0.056820
iter 39: download_copy_time_cuda = 0.003383
iter 39: upload_copy_time_cuda = 0.003670

iter 40: cpu_time_cuda = 0.150061
iter 40: gpu_time_cuda = 0.053671
iter 40: download_copy_time_cuda = 0.003298
iter 40: upload_copy_time_cuda = 0.003575

iter 41: cpu_time_cuda = 0.145695
iter 41: gpu_time_cuda = 0.051483
iter 41: download_copy_time_cuda = 0.003211
iter 41: upload_copy_time_cuda = 0.003482

iter 42: cpu_time_cuda = 0.141530
iter 42: gpu_time_cuda = 0.048291
iter 42: download_copy_time_cuda = 0.003123
iter 42: upload_copy_time_cuda = 0.003392

iter 43: cpu_time_cuda = 0.137404
iter 43: gpu_time_cuda = 0.047162
iter 43: download_copy_time_cuda = 0.003040
iter 43: upload_copy_time_cuda = 0.003295

iter 44: cpu_time_cuda = 0.133436
iter 44: gpu_time_cuda = 0.043798
iter 44: download_copy_time_cuda = 0.002950
iter 44: upload_copy_time_cuda = 0.003202

iter 45: cpu_time_cuda = 0.129476
iter 45: gpu_time_cuda = 0.040970
iter 45: download_copy_time_cuda = 0.002869
iter 45: upload_copy_time_cuda = 0.003101

iter 46: cpu_time_cuda = 0.125636
iter 46: gpu_time_cuda = 0.038957
iter 46: download_copy_time_cuda = 0.002780
iter 46: upload_copy_time_cuda = 0.003009

iter 47: cpu_time_cuda = 0.121458
iter 47: gpu_time_cuda = 0.037414
iter 47: download_copy_time_cuda = 0.002698
iter 47: upload_copy_time_cuda = 0.002916

iter 48: cpu_time_cuda = 0.117377
iter 48: gpu_time_cuda = 0.035103
iter 48: download_copy_time_cuda = 0.002609
iter 48: upload_copy_time_cuda = 0.002826

iter 49: cpu_time_cuda = 0.113456
iter 49: gpu_time_cuda = 0.032511
iter 49: download_copy_time_cuda = 0.002526
iter 49: upload_copy_time_cuda = 0.002729

iter 50: cpu_time_cuda = 0.109724
iter 50: gpu_time_cuda = 0.030460
iter 50: download_copy_time_cuda = 0.002435
iter 50: upload_copy_time_cuda = 0.002636

iter 51: cpu_time_cuda = 0.105557
iter 51: gpu_time_cuda = 0.029421
iter 51: download_copy_time_cuda = 0.002352
iter 51: upload_copy_time_cuda = 0.002543

iter 52: cpu_time_cuda = 0.101213
iter 52: gpu_time_cuda = 0.027029
iter 52: download_copy_time_cuda = 0.002265
iter 52: upload_copy_time_cuda = 0.002449

iter 53: cpu_time_cuda = 0.097331
iter 53: gpu_time_cuda = 0.024747
iter 53: download_copy_time_cuda = 0.002179
iter 53: upload_copy_time_cuda = 0.002357

iter 54: cpu_time_cuda = 0.093443
iter 54: gpu_time_cuda = 0.023371
iter 54: download_copy_time_cuda = 0.002100
iter 54: upload_copy_time_cuda = 0.002261

iter 55: cpu_time_cuda = 0.089515
iter 55: gpu_time_cuda = 0.021216
iter 55: download_copy_time_cuda = 0.002007
iter 55: upload_copy_time_cuda = 0.002169

iter 56: cpu_time_cuda = 0.085657
iter 56: gpu_time_cuda = 0.019260
iter 56: download_copy_time_cuda = 0.001918
iter 56: upload_copy_time_cuda = 0.002075

iter 57: cpu_time_cuda = 0.081714
iter 57: gpu_time_cuda = 0.017898
iter 57: download_copy_time_cuda = 0.001836
iter 57: upload_copy_time_cuda = 0.001982

iter 58: cpu_time_cuda = 0.077831
iter 58: gpu_time_cuda = 0.016589
iter 58: download_copy_time_cuda = 0.001754
iter 58: upload_copy_time_cuda = 0.001890

iter 59: cpu_time_cuda = 0.073876
iter 59: gpu_time_cuda = 0.015093
iter 59: download_copy_time_cuda = 0.001662
iter 59: upload_copy_time_cuda = 0.001797

iter 60: cpu_time_cuda = 0.070084
iter 60: gpu_time_cuda = 0.014073
iter 60: download_copy_time_cuda = 0.001580
iter 60: upload_copy_time_cuda = 0.001704

iter 61: cpu_time_cuda = 0.066151
iter 61: gpu_time_cuda = 0.012694
iter 61: download_copy_time_cuda = 0.001494
iter 61: upload_copy_time_cuda = 0.001611

iter 62: cpu_time_cuda = 0.062397
iter 62: gpu_time_cuda = 0.011227
iter 62: download_copy_time_cuda = 0.001409
iter 62: upload_copy_time_cuda = 0.001514

iter 63: cpu_time_cuda = 0.058329
iter 63: gpu_time_cuda = 0.009912
iter 63: download_copy_time_cuda = 0.001318
iter 63: upload_copy_time_cuda = 0.001422

iter 64: cpu_time_cuda = 0.054471
iter 64: gpu_time_cuda = 0.008952
iter 64: download_copy_time_cuda = 0.001235
iter 64: upload_copy_time_cuda = 0.001332

iter 65: cpu_time_cuda = 0.050317
iter 65: gpu_time_cuda = 0.007795
iter 65: download_copy_time_cuda = 0.001151
iter 65: upload_copy_time_cuda = 0.001238

iter 66: cpu_time_cuda = 0.046361
iter 66: gpu_time_cuda = 0.007002
iter 66: download_copy_time_cuda = 0.001058
iter 66: upload_copy_time_cuda = 0.001145

iter 67: cpu_time_cuda = 0.042472
iter 67: gpu_time_cuda = 0.006060
iter 67: download_copy_time_cuda = 0.000981
iter 67: upload_copy_time_cuda = 0.001050

iter 68: cpu_time_cuda = 0.038639
iter 68: gpu_time_cuda = 0.005191
iter 68: download_copy_time_cuda = 0.000889
iter 68: upload_copy_time_cuda = 0.000961

iter 69: cpu_time_cuda = 0.034726
iter 69: gpu_time_cuda = 0.004347
iter 69: download_copy_time_cuda = 0.000805
iter 69: upload_copy_time_cuda = 0.000865

iter 70: cpu_time_cuda = 0.030777
iter 70: gpu_time_cuda = 0.003689
iter 70: download_copy_time_cuda = 0.000720
iter 70: upload_copy_time_cuda = 0.000772

iter 71: cpu_time_cuda = 0.026947
iter 71: gpu_time_cuda = 0.003031
iter 71: download_copy_time_cuda = 0.000635
iter 71: upload_copy_time_cuda = 0.000678

iter 72: cpu_time_cuda = 0.023090
iter 72: gpu_time_cuda = 0.002580
iter 72: download_copy_time_cuda = 0.000545
iter 72: upload_copy_time_cuda = 0.000585

iter 73: cpu_time_cuda = 0.019199
iter 73: gpu_time_cuda = 0.001993
iter 73: download_copy_time_cuda = 0.000462
iter 73: upload_copy_time_cuda = 0.000496

iter 74: cpu_time_cuda = 0.015325
iter 74: gpu_time_cuda = 0.001501
iter 74: download_copy_time_cuda = 0.000373
iter 74: upload_copy_time_cuda = 0.000400

iter 75: cpu_time_cuda = 0.011448
iter 75: gpu_time_cuda = 0.001279
iter 75: download_copy_time_cuda = 0.000301
iter 75: upload_copy_time_cuda = 0.000309

iter 76: cpu_time_cuda = 0.007598
iter 76: gpu_time_cuda = 0.000967
iter 76: download_copy_time_cuda = 0.000242
iter 76: upload_copy_time_cuda = 0.000265

iter 77: cpu_time_cuda = 0.003672
iter 77: gpu_time_cuda = 0.000838
iter 77: download_copy_time_cuda = 0.000181
iter 77: upload_copy_time_cuda = 0.000177

total_cpu_time_cuda = 11.920003
total_gpu_time_cuda = 5.684472
total_copy_time_cuda = 0.556889
main_loop_time_cuda = 18.445026
20000 20000     ---   (  ---  )    269.14 (  19.82)     ---   
total_time = 26.077897
send out message: 22 3 log
cpu0
2600000
cpu1
2600000
cpu2
2600000
cpu3
2600000
cpu4
2600000
cpu5
2600000
cpu6
2600000
cpu7
2600000
cpu8
2600000
cpu9
2600000
cpu10
2600000
cpu11
2600000
cpu12
2600000
cpu13
2600000
cpu14
2600000
cpu15
2600000
