send out message: 24 37 /home/lchen/MAGMA/magma-1.3.0/results
send out message: 20 26 MAGMA_LU_GPUDVFS.total.pwr
MAGMA 1.3.0
device 0: Tesla K20c, 705.5 MHz clock, 4799.6 MB memory, capability 3.5

Usage: /home/lchen/MAGMA/magma-1.3.0/testing/testing_dgeqrf -N <m,n> -c
  -N can be repeated up to 10 times. If only m is given, then m=n.
  -c or setting $MAGMA_TESTINGS_CHECK runs LAPACK and checks result.

  M     N     CPU GFlop/s (sec)   GPU GFlop/s (sec)   ||R||_F / ||A||_F
=======================================================================
init_time = 14.834521
iter 0: cpu_time_cuda = 0.000002
iter 0: gpu_time1_cuda = 0.000000
iter 0: gpu_time2_cuda = 0.007500
iter 0: upload_copy_time1_cuda = 0.003410
iter 0: download_copy_time_cuda = 0.000000
iter 0: upload_copy_time2_cuda = 0.000095

iter 1: cpu_time_cuda = 0.345237
iter 1: gpu_time1_cuda = 0.291747
iter 1: gpu_time2_cuda = 0.007455
iter 1: upload_copy_time1_cuda = 0.003370
iter 1: download_copy_time_cuda = 0.003203
iter 1: upload_copy_time2_cuda = 0.000073

iter 2: cpu_time_cuda = 0.341657
iter 2: gpu_time1_cuda = 0.277041
iter 2: gpu_time2_cuda = 0.007374
iter 2: upload_copy_time1_cuda = 0.003352
iter 2: download_copy_time_cuda = 0.003386
iter 2: upload_copy_time2_cuda = 0.000073

iter 3: cpu_time_cuda = 0.339473
iter 3: gpu_time1_cuda = 0.277825
iter 3: gpu_time2_cuda = 0.007354
iter 3: upload_copy_time1_cuda = 0.003328
iter 3: download_copy_time_cuda = 0.003348
iter 3: upload_copy_time2_cuda = 0.000074

iter 4: cpu_time_cuda = 0.338743
iter 4: gpu_time1_cuda = 0.270415
iter 4: gpu_time2_cuda = 0.007262
iter 4: upload_copy_time1_cuda = 0.003334
iter 4: download_copy_time_cuda = 0.003362
iter 4: upload_copy_time2_cuda = 0.000075

iter 5: cpu_time_cuda = 0.334143
iter 5: gpu_time1_cuda = 0.270734
iter 5: gpu_time2_cuda = 0.007226
iter 5: upload_copy_time1_cuda = 0.003299
iter 5: download_copy_time_cuda = 0.003358
iter 5: upload_copy_time2_cuda = 0.000122

iter 6: cpu_time_cuda = 0.333347
iter 6: gpu_time1_cuda = 0.266923
iter 6: gpu_time2_cuda = 0.007175
iter 6: upload_copy_time1_cuda = 0.003256
iter 6: download_copy_time_cuda = 0.003378
iter 6: upload_copy_time2_cuda = 0.000075

iter 7: cpu_time_cuda = 0.329478
iter 7: gpu_time1_cuda = 0.262911
iter 7: gpu_time2_cuda = 0.007136
iter 7: upload_copy_time1_cuda = 0.003247
iter 7: download_copy_time_cuda = 0.003349
iter 7: upload_copy_time2_cuda = 0.000072

iter 8: cpu_time_cuda = 0.326080
iter 8: gpu_time1_cuda = 0.255301
iter 8: gpu_time2_cuda = 0.007096
iter 8: upload_copy_time1_cuda = 0.003227
iter 8: download_copy_time_cuda = 0.003348
iter 8: upload_copy_time2_cuda = 0.000073

iter 9: cpu_time_cuda = 0.323542
iter 9: gpu_time1_cuda = 0.257437
iter 9: gpu_time2_cuda = 0.007051
iter 9: upload_copy_time1_cuda = 0.003189
iter 9: download_copy_time_cuda = 0.003354
iter 9: upload_copy_time2_cuda = 0.000074

iter 10: cpu_time_cuda = 0.323834
iter 10: gpu_time1_cuda = 0.248730
iter 10: gpu_time2_cuda = 0.007011
iter 10: upload_copy_time1_cuda = 0.003184
iter 10: download_copy_time_cuda = 0.003364
iter 10: upload_copy_time2_cuda = 0.000073

iter 11: cpu_time_cuda = 0.317802
iter 11: gpu_time1_cuda = 0.251634
iter 11: gpu_time2_cuda = 0.006982
iter 11: upload_copy_time1_cuda = 0.003163
iter 11: download_copy_time_cuda = 0.003348
iter 11: upload_copy_time2_cuda = 0.000073

iter 12: cpu_time_cuda = 0.316623
iter 12: gpu_time1_cuda = 0.249427
iter 12: gpu_time2_cuda = 0.006937
iter 12: upload_copy_time1_cuda = 0.003142
iter 12: download_copy_time_cuda = 0.003347
iter 12: upload_copy_time2_cuda = 0.000073

iter 13: cpu_time_cuda = 0.313580
iter 13: gpu_time1_cuda = 0.235750
iter 13: gpu_time2_cuda = 0.006898
iter 13: upload_copy_time1_cuda = 0.003122
iter 13: download_copy_time_cuda = 0.003342
iter 13: upload_copy_time2_cuda = 0.000072

iter 14: cpu_time_cuda = 0.312805
iter 14: gpu_time1_cuda = 0.233447
iter 14: gpu_time2_cuda = 0.006836
iter 14: upload_copy_time1_cuda = 0.003102
iter 14: download_copy_time_cuda = 0.003376
iter 14: upload_copy_time2_cuda = 0.000073

iter 15: cpu_time_cuda = 0.308220
iter 15: gpu_time1_cuda = 0.239957
iter 15: gpu_time2_cuda = 0.006784
iter 15: upload_copy_time1_cuda = 0.003078
iter 15: download_copy_time_cuda = 0.003338
iter 15: upload_copy_time2_cuda = 0.000071

iter 16: cpu_time_cuda = 0.305644
iter 16: gpu_time1_cuda = 0.233290
iter 16: gpu_time2_cuda = 0.006761
iter 16: upload_copy_time1_cuda = 0.003061
iter 16: download_copy_time_cuda = 0.003350
iter 16: upload_copy_time2_cuda = 0.000073

iter 17: cpu_time_cuda = 0.306106
iter 17: gpu_time1_cuda = 0.226991
iter 17: gpu_time2_cuda = 0.006689
iter 17: upload_copy_time1_cuda = 0.003038
iter 17: download_copy_time_cuda = 0.003350
iter 17: upload_copy_time2_cuda = 0.000072

iter 18: cpu_time_cuda = 0.301622
iter 18: gpu_time1_cuda = 0.227701
iter 18: gpu_time2_cuda = 0.006642
iter 18: upload_copy_time1_cuda = 0.003015
iter 18: download_copy_time_cuda = 0.003364
iter 18: upload_copy_time2_cuda = 0.000072

iter 19: cpu_time_cuda = 0.301132
iter 19: gpu_time1_cuda = 0.224188
iter 19: gpu_time2_cuda = 0.006576
iter 19: upload_copy_time1_cuda = 0.002992
iter 19: download_copy_time_cuda = 0.003382
iter 19: upload_copy_time2_cuda = 0.000072

iter 20: cpu_time_cuda = 0.296779
iter 20: gpu_time1_cuda = 0.222134
iter 20: gpu_time2_cuda = 0.006539
iter 20: upload_copy_time1_cuda = 0.002969
iter 20: download_copy_time_cuda = 0.003333
iter 20: upload_copy_time2_cuda = 0.000073

iter 21: cpu_time_cuda = 0.296085
iter 21: gpu_time1_cuda = 0.217518
iter 21: gpu_time2_cuda = 0.006506
iter 21: upload_copy_time1_cuda = 0.002958
iter 21: download_copy_time_cuda = 0.003366
iter 21: upload_copy_time2_cuda = 0.000073

iter 22: cpu_time_cuda = 0.291383
iter 22: gpu_time1_cuda = 0.214693
iter 22: gpu_time2_cuda = 0.006458
iter 22: upload_copy_time1_cuda = 0.002920
iter 22: download_copy_time_cuda = 0.003358
iter 22: upload_copy_time2_cuda = 0.000074

iter 23: cpu_time_cuda = 0.290923
iter 23: gpu_time1_cuda = 0.208177
iter 23: gpu_time2_cuda = 0.006428
iter 23: upload_copy_time1_cuda = 0.002910
iter 23: download_copy_time_cuda = 0.003345
iter 23: upload_copy_time2_cuda = 0.000073

iter 24: cpu_time_cuda = 0.287869
iter 24: gpu_time1_cuda = 0.209209
iter 24: gpu_time2_cuda = 0.006384
iter 24: upload_copy_time1_cuda = 0.002893
iter 24: download_copy_time_cuda = 0.003370
iter 24: upload_copy_time2_cuda = 0.000073

iter 25: cpu_time_cuda = 0.288938
iter 25: gpu_time1_cuda = 0.208727
iter 25: gpu_time2_cuda = 0.006347
iter 25: upload_copy_time1_cuda = 0.002868
iter 25: download_copy_time_cuda = 0.003352
iter 25: upload_copy_time2_cuda = 0.000071

iter 26: cpu_time_cuda = 0.284177
iter 26: gpu_time1_cuda = 0.205044
iter 26: gpu_time2_cuda = 0.006295
iter 26: upload_copy_time1_cuda = 0.002847
iter 26: download_copy_time_cuda = 0.003349
iter 26: upload_copy_time2_cuda = 0.000071

iter 27: cpu_time_cuda = 0.280584
iter 27: gpu_time1_cuda = 0.201360
iter 27: gpu_time2_cuda = 0.006268
iter 27: upload_copy_time1_cuda = 0.002837
iter 27: download_copy_time_cuda = 0.003348
iter 27: upload_copy_time2_cuda = 0.000072

iter 28: cpu_time_cuda = 0.275685
iter 28: gpu_time1_cuda = 0.200765
iter 28: gpu_time2_cuda = 0.006203
iter 28: upload_copy_time1_cuda = 0.002806
iter 28: download_copy_time_cuda = 0.003362
iter 28: upload_copy_time2_cuda = 0.000073

iter 29: cpu_time_cuda = 0.276665
iter 29: gpu_time1_cuda = 0.192389
iter 29: gpu_time2_cuda = 0.006168
iter 29: upload_copy_time1_cuda = 0.002784
iter 29: download_copy_time_cuda = 0.003451
iter 29: upload_copy_time2_cuda = 0.000073

iter 30: cpu_time_cuda = 0.269392
iter 30: gpu_time1_cuda = 0.188913
iter 30: gpu_time2_cuda = 0.006085
iter 30: upload_copy_time1_cuda = 0.002768
iter 30: download_copy_time_cuda = 0.003345
iter 30: upload_copy_time2_cuda = 0.000074

iter 31: cpu_time_cuda = 0.268634
iter 31: gpu_time1_cuda = 0.187722
iter 31: gpu_time2_cuda = 0.006040
iter 31: upload_copy_time1_cuda = 0.002738
iter 31: download_copy_time_cuda = 0.003342
iter 31: upload_copy_time2_cuda = 0.000074

iter 32: cpu_time_cuda = 0.268818
iter 32: gpu_time1_cuda = 0.185157
iter 32: gpu_time2_cuda = 0.006000
iter 32: upload_copy_time1_cuda = 0.002709
iter 32: download_copy_time_cuda = 0.003367
iter 32: upload_copy_time2_cuda = 0.000073

iter 33: cpu_time_cuda = 0.264777
iter 33: gpu_time1_cuda = 0.182344
iter 33: gpu_time2_cuda = 0.005969
iter 33: upload_copy_time1_cuda = 0.002699
iter 33: download_copy_time_cuda = 0.003386
iter 33: upload_copy_time2_cuda = 0.000074

iter 34: cpu_time_cuda = 0.264426
iter 34: gpu_time1_cuda = 0.176277
iter 34: gpu_time2_cuda = 0.005917
iter 34: upload_copy_time1_cuda = 0.002675
iter 34: download_copy_time_cuda = 0.003333
iter 34: upload_copy_time2_cuda = 0.000073

iter 35: cpu_time_cuda = 0.267437
iter 35: gpu_time1_cuda = 0.177042
iter 35: gpu_time2_cuda = 0.005861
iter 35: upload_copy_time1_cuda = 0.002658
iter 35: download_copy_time_cuda = 0.003359
iter 35: upload_copy_time2_cuda = 0.000074

iter 36: cpu_time_cuda = 0.258652
iter 36: gpu_time1_cuda = 0.174445
iter 36: gpu_time2_cuda = 0.005830
iter 36: upload_copy_time1_cuda = 0.002619
iter 36: download_copy_time_cuda = 0.003327
iter 36: upload_copy_time2_cuda = 0.000072

iter 37: cpu_time_cuda = 0.255714
iter 37: gpu_time1_cuda = 0.171700
iter 37: gpu_time2_cuda = 0.005795
iter 37: upload_copy_time1_cuda = 0.002619
iter 37: download_copy_time_cuda = 0.003361
iter 37: upload_copy_time2_cuda = 0.000073

iter 38: cpu_time_cuda = 0.254413
iter 38: gpu_time1_cuda = 0.170289
iter 38: gpu_time2_cuda = 0.005753
iter 38: upload_copy_time1_cuda = 0.002595
iter 38: download_copy_time_cuda = 0.003370
iter 38: upload_copy_time2_cuda = 0.000072

iter 39: cpu_time_cuda = 0.251264
iter 39: gpu_time1_cuda = 0.165860
iter 39: gpu_time2_cuda = 0.005702
iter 39: upload_copy_time1_cuda = 0.002574
iter 39: download_copy_time_cuda = 0.003350
iter 39: upload_copy_time2_cuda = 0.000074

iter 40: cpu_time_cuda = 0.251997
iter 40: gpu_time1_cuda = 0.163475
iter 40: gpu_time2_cuda = 0.005675
iter 40: upload_copy_time1_cuda = 0.002557
iter 40: download_copy_time_cuda = 0.003377
iter 40: upload_copy_time2_cuda = 0.000072

iter 41: cpu_time_cuda = 0.246985
iter 41: gpu_time1_cuda = 0.163493
iter 41: gpu_time2_cuda = 0.005621
iter 41: upload_copy_time1_cuda = 0.002558
iter 41: download_copy_time_cuda = 0.003370
iter 41: upload_copy_time2_cuda = 0.000073

iter 42: cpu_time_cuda = 0.244422
iter 42: gpu_time1_cuda = 0.156216
iter 42: gpu_time2_cuda = 0.005578
iter 42: upload_copy_time1_cuda = 0.002506
iter 42: download_copy_time_cuda = 0.003363
iter 42: upload_copy_time2_cuda = 0.000072

iter 43: cpu_time_cuda = 0.243780
iter 43: gpu_time1_cuda = 0.154204
iter 43: gpu_time2_cuda = 0.005501
iter 43: upload_copy_time1_cuda = 0.002495
iter 43: download_copy_time_cuda = 0.003361
iter 43: upload_copy_time2_cuda = 0.000072

iter 44: cpu_time_cuda = 0.240587
iter 44: gpu_time1_cuda = 0.151937
iter 44: gpu_time2_cuda = 0.005446
iter 44: upload_copy_time1_cuda = 0.002456
iter 44: download_copy_time_cuda = 0.003451
iter 44: upload_copy_time2_cuda = 0.000071

iter 45: cpu_time_cuda = 0.237934
iter 45: gpu_time1_cuda = 0.148750
iter 45: gpu_time2_cuda = 0.005417
iter 45: upload_copy_time1_cuda = 0.002449
iter 45: download_copy_time_cuda = 0.003382
iter 45: upload_copy_time2_cuda = 0.000072

iter 46: cpu_time_cuda = 0.235081
iter 46: gpu_time1_cuda = 0.146748
iter 46: gpu_time2_cuda = 0.005371
iter 46: upload_copy_time1_cuda = 0.002412
iter 46: download_copy_time_cuda = 0.003407
iter 46: upload_copy_time2_cuda = 0.000073

iter 47: cpu_time_cuda = 0.233344
iter 47: gpu_time1_cuda = 0.143594
iter 47: gpu_time2_cuda = 0.005324
iter 47: upload_copy_time1_cuda = 0.002403
iter 47: download_copy_time_cuda = 0.003382
iter 47: upload_copy_time2_cuda = 0.000072

iter 48: cpu_time_cuda = 0.230847
iter 48: gpu_time1_cuda = 0.143771
iter 48: gpu_time2_cuda = 0.005270
iter 48: upload_copy_time1_cuda = 0.002387
iter 48: download_copy_time_cuda = 0.003353
iter 48: upload_copy_time2_cuda = 0.000072

iter 49: cpu_time_cuda = 0.228717
iter 49: gpu_time1_cuda = 0.140932
iter 49: gpu_time2_cuda = 0.005245
iter 49: upload_copy_time1_cuda = 0.002362
iter 49: download_copy_time_cuda = 0.003350
iter 49: upload_copy_time2_cuda = 0.000072

iter 50: cpu_time_cuda = 0.230609
iter 50: gpu_time1_cuda = 0.138730
iter 50: gpu_time2_cuda = 0.005197
iter 50: upload_copy_time1_cuda = 0.002345
iter 50: download_copy_time_cuda = 0.003339
iter 50: upload_copy_time2_cuda = 0.000072

iter 51: cpu_time_cuda = 0.225081
iter 51: gpu_time1_cuda = 0.137079
iter 51: gpu_time2_cuda = 0.005154
iter 51: upload_copy_time1_cuda = 0.002350
iter 51: download_copy_time_cuda = 0.003342
iter 51: upload_copy_time2_cuda = 0.000071

iter 52: cpu_time_cuda = 0.222823
iter 52: gpu_time1_cuda = 0.134973
iter 52: gpu_time2_cuda = 0.005119
iter 52: upload_copy_time1_cuda = 0.002298
iter 52: download_copy_time_cuda = 0.003370
iter 52: upload_copy_time2_cuda = 0.000072

iter 53: cpu_time_cuda = 0.221310
iter 53: gpu_time1_cuda = 0.132501
iter 53: gpu_time2_cuda = 0.005071
iter 53: upload_copy_time1_cuda = 0.002284
iter 53: download_copy_time_cuda = 0.003354
iter 53: upload_copy_time2_cuda = 0.000071

iter 54: cpu_time_cuda = 0.220441
iter 54: gpu_time1_cuda = 0.131418
iter 54: gpu_time2_cuda = 0.005021
iter 54: upload_copy_time1_cuda = 0.002258
iter 54: download_copy_time_cuda = 0.003346
iter 54: upload_copy_time2_cuda = 0.000072

iter 55: cpu_time_cuda = 0.219444
iter 55: gpu_time1_cuda = 0.124393
iter 55: gpu_time2_cuda = 0.004982
iter 55: upload_copy_time1_cuda = 0.002227
iter 55: download_copy_time_cuda = 0.003378
iter 55: upload_copy_time2_cuda = 0.000073

iter 56: cpu_time_cuda = 0.214982
iter 56: gpu_time1_cuda = 0.122557
iter 56: gpu_time2_cuda = 0.004898
iter 56: upload_copy_time1_cuda = 0.002222
iter 56: download_copy_time_cuda = 0.003353
iter 56: upload_copy_time2_cuda = 0.000105

iter 57: cpu_time_cuda = 0.214820
iter 57: gpu_time1_cuda = 0.120007
iter 57: gpu_time2_cuda = 0.004863
iter 57: upload_copy_time1_cuda = 0.002210
iter 57: download_copy_time_cuda = 0.003343
iter 57: upload_copy_time2_cuda = 0.000072

iter 58: cpu_time_cuda = 0.211427
iter 58: gpu_time1_cuda = 0.117400
iter 58: gpu_time2_cuda = 0.004821
iter 58: upload_copy_time1_cuda = 0.002183
iter 58: download_copy_time_cuda = 0.003354
iter 58: upload_copy_time2_cuda = 0.000070

iter 59: cpu_time_cuda = 0.209604
iter 59: gpu_time1_cuda = 0.117366
iter 59: gpu_time2_cuda = 0.004775
iter 59: upload_copy_time1_cuda = 0.002154
iter 59: download_copy_time_cuda = 0.003338
iter 59: upload_copy_time2_cuda = 0.000072

iter 60: cpu_time_cuda = 0.206153
iter 60: gpu_time1_cuda = 0.114570
iter 60: gpu_time2_cuda = 0.004734
iter 60: upload_copy_time1_cuda = 0.002133
iter 60: download_copy_time_cuda = 0.003362
iter 60: upload_copy_time2_cuda = 0.000072

iter 61: cpu_time_cuda = 0.204214
iter 61: gpu_time1_cuda = 0.112238
iter 61: gpu_time2_cuda = 0.004690
iter 61: upload_copy_time1_cuda = 0.002141
iter 61: download_copy_time_cuda = 0.003336
iter 61: upload_copy_time2_cuda = 0.000073

iter 62: cpu_time_cuda = 0.203188
iter 62: gpu_time1_cuda = 0.110248
iter 62: gpu_time2_cuda = 0.004634
iter 62: upload_copy_time1_cuda = 0.002094
iter 62: download_copy_time_cuda = 0.003379
iter 62: upload_copy_time2_cuda = 0.000072

iter 63: cpu_time_cuda = 0.199749
iter 63: gpu_time1_cuda = 0.107681
iter 63: gpu_time2_cuda = 0.004602
iter 63: upload_copy_time1_cuda = 0.002077
iter 63: download_copy_time_cuda = 0.003332
iter 63: upload_copy_time2_cuda = 0.000072

iter 64: cpu_time_cuda = 0.197842
iter 64: gpu_time1_cuda = 0.107328
iter 64: gpu_time2_cuda = 0.004560
iter 64: upload_copy_time1_cuda = 0.002048
iter 64: download_copy_time_cuda = 0.003353
iter 64: upload_copy_time2_cuda = 0.000075

iter 65: cpu_time_cuda = 0.195545
iter 65: gpu_time1_cuda = 0.103606
iter 65: gpu_time2_cuda = 0.004522
iter 65: upload_copy_time1_cuda = 0.002025
iter 65: download_copy_time_cuda = 0.003359
iter 65: upload_copy_time2_cuda = 0.000073

iter 66: cpu_time_cuda = 0.193514
iter 66: gpu_time1_cuda = 0.102498
iter 66: gpu_time2_cuda = 0.004483
iter 66: upload_copy_time1_cuda = 0.002012
iter 66: download_copy_time_cuda = 0.003375
iter 66: upload_copy_time2_cuda = 0.000072

iter 67: cpu_time_cuda = 0.191558
iter 67: gpu_time1_cuda = 0.101344
iter 67: gpu_time2_cuda = 0.004440
iter 67: upload_copy_time1_cuda = 0.001983
iter 67: download_copy_time_cuda = 0.003375
iter 67: upload_copy_time2_cuda = 0.000072

iter 68: cpu_time_cuda = 0.189963
iter 68: gpu_time1_cuda = 0.097083
iter 68: gpu_time2_cuda = 0.004381
iter 68: upload_copy_time1_cuda = 0.001958
iter 68: download_copy_time_cuda = 0.003350
iter 68: upload_copy_time2_cuda = 0.000071

iter 69: cpu_time_cuda = 0.187598
iter 69: gpu_time1_cuda = 0.093282
iter 69: gpu_time2_cuda = 0.004297
iter 69: upload_copy_time1_cuda = 0.001964
iter 69: download_copy_time_cuda = 0.003340
iter 69: upload_copy_time2_cuda = 0.000071

iter 70: cpu_time_cuda = 0.185285
iter 70: gpu_time1_cuda = 0.093174
iter 70: gpu_time2_cuda = 0.004260
iter 70: upload_copy_time1_cuda = 0.001914
iter 70: download_copy_time_cuda = 0.003343
iter 70: upload_copy_time2_cuda = 0.000072

iter 71: cpu_time_cuda = 0.183943
iter 71: gpu_time1_cuda = 0.090632
iter 71: gpu_time2_cuda = 0.004218
iter 71: upload_copy_time1_cuda = 0.001898
iter 71: download_copy_time_cuda = 0.003370
iter 71: upload_copy_time2_cuda = 0.000072

iter 72: cpu_time_cuda = 0.181007
iter 72: gpu_time1_cuda = 0.089346
iter 72: gpu_time2_cuda = 0.004180
iter 72: upload_copy_time1_cuda = 0.001871
iter 72: download_copy_time_cuda = 0.003372
iter 72: upload_copy_time2_cuda = 0.000076

iter 73: cpu_time_cuda = 0.178974
iter 73: gpu_time1_cuda = 0.087217
iter 73: gpu_time2_cuda = 0.004138
iter 73: upload_copy_time1_cuda = 0.001850
iter 73: download_copy_time_cuda = 0.003353
iter 73: upload_copy_time2_cuda = 0.000071

iter 74: cpu_time_cuda = 0.176876
iter 74: gpu_time1_cuda = 0.083189
iter 74: gpu_time2_cuda = 0.004093
iter 74: upload_copy_time1_cuda = 0.001831
iter 74: download_copy_time_cuda = 0.003364
iter 74: upload_copy_time2_cuda = 0.000071

iter 75: cpu_time_cuda = 0.175180
iter 75: gpu_time1_cuda = 0.082655
iter 75: gpu_time2_cuda = 0.004045
iter 75: upload_copy_time1_cuda = 0.001808
iter 75: download_copy_time_cuda = 0.003438
iter 75: upload_copy_time2_cuda = 0.000073

iter 76: cpu_time_cuda = 0.172783
iter 76: gpu_time1_cuda = 0.082045
iter 76: gpu_time2_cuda = 0.004004
iter 76: upload_copy_time1_cuda = 0.001798
iter 76: download_copy_time_cuda = 0.003353
iter 76: upload_copy_time2_cuda = 0.000071

iter 77: cpu_time_cuda = 0.170744
iter 77: gpu_time1_cuda = 0.080614
iter 77: gpu_time2_cuda = 0.003969
iter 77: upload_copy_time1_cuda = 0.001776
iter 77: download_copy_time_cuda = 0.003376
iter 77: upload_copy_time2_cuda = 0.000072

iter 78: cpu_time_cuda = 0.168853
iter 78: gpu_time1_cuda = 0.078001
iter 78: gpu_time2_cuda = 0.003913
iter 78: upload_copy_time1_cuda = 0.001753
iter 78: download_copy_time_cuda = 0.003352
iter 78: upload_copy_time2_cuda = 0.000073

iter 79: cpu_time_cuda = 0.166766
iter 79: gpu_time1_cuda = 0.076115
iter 79: gpu_time2_cuda = 0.003885
iter 79: upload_copy_time1_cuda = 0.001726
iter 79: download_copy_time_cuda = 0.003328
iter 79: upload_copy_time2_cuda = 0.000071

iter 80: cpu_time_cuda = 0.164848
iter 80: gpu_time1_cuda = 0.074919
iter 80: gpu_time2_cuda = 0.003843
iter 80: upload_copy_time1_cuda = 0.001721
iter 80: download_copy_time_cuda = 0.003416
iter 80: upload_copy_time2_cuda = 0.000071

iter 81: cpu_time_cuda = 0.162651
iter 81: gpu_time1_cuda = 0.070301
iter 81: gpu_time2_cuda = 0.003798
iter 81: upload_copy_time1_cuda = 0.001686
iter 81: download_copy_time_cuda = 0.003337
iter 81: upload_copy_time2_cuda = 0.000072

iter 82: cpu_time_cuda = 0.160697
iter 82: gpu_time1_cuda = 0.069120
iter 82: gpu_time2_cuda = 0.003710
iter 82: upload_copy_time1_cuda = 0.001672
iter 82: download_copy_time_cuda = 0.003341
iter 82: upload_copy_time2_cuda = 0.000075

iter 83: cpu_time_cuda = 0.158845
iter 83: gpu_time1_cuda = 0.067727
iter 83: gpu_time2_cuda = 0.003675
iter 83: upload_copy_time1_cuda = 0.001644
iter 83: download_copy_time_cuda = 0.003354
iter 83: upload_copy_time2_cuda = 0.000072

iter 84: cpu_time_cuda = 0.156795
iter 84: gpu_time1_cuda = 0.065384
iter 84: gpu_time2_cuda = 0.003628
iter 84: upload_copy_time1_cuda = 0.001624
iter 84: download_copy_time_cuda = 0.003372
iter 84: upload_copy_time2_cuda = 0.000072

iter 85: cpu_time_cuda = 0.154274
iter 85: gpu_time1_cuda = 0.064319
iter 85: gpu_time2_cuda = 0.003587
iter 85: upload_copy_time1_cuda = 0.001602
iter 85: download_copy_time_cuda = 0.003428
iter 85: upload_copy_time2_cuda = 0.000072

iter 86: cpu_time_cuda = 0.152375
iter 86: gpu_time1_cuda = 0.062940
iter 86: gpu_time2_cuda = 0.003542
iter 86: upload_copy_time1_cuda = 0.001582
iter 86: download_copy_time_cuda = 0.003392
iter 86: upload_copy_time2_cuda = 0.000072

iter 87: cpu_time_cuda = 0.150870
iter 87: gpu_time1_cuda = 0.060984
iter 87: gpu_time2_cuda = 0.003494
iter 87: upload_copy_time1_cuda = 0.001561
iter 87: download_copy_time_cuda = 0.003368
iter 87: upload_copy_time2_cuda = 0.000072

iter 88: cpu_time_cuda = 0.148110
iter 88: gpu_time1_cuda = 0.059656
iter 88: gpu_time2_cuda = 0.003459
iter 88: upload_copy_time1_cuda = 0.001547
iter 88: download_copy_time_cuda = 0.003336
iter 88: upload_copy_time2_cuda = 0.000072

iter 89: cpu_time_cuda = 0.146212
iter 89: gpu_time1_cuda = 0.058789
iter 89: gpu_time2_cuda = 0.003419
iter 89: upload_copy_time1_cuda = 0.001519
iter 89: download_copy_time_cuda = 0.003337
iter 89: upload_copy_time2_cuda = 0.000070

iter 90: cpu_time_cuda = 0.144344
iter 90: gpu_time1_cuda = 0.057287
iter 90: gpu_time2_cuda = 0.003377
iter 90: upload_copy_time1_cuda = 0.001498
iter 90: download_copy_time_cuda = 0.003361
iter 90: upload_copy_time2_cuda = 0.000071

iter 91: cpu_time_cuda = 0.142448
iter 91: gpu_time1_cuda = 0.056182
iter 91: gpu_time2_cuda = 0.003335
iter 91: upload_copy_time1_cuda = 0.001478
iter 91: download_copy_time_cuda = 0.003351
iter 91: upload_copy_time2_cuda = 0.000071

iter 92: cpu_time_cuda = 0.140136
iter 92: gpu_time1_cuda = 0.054407
iter 92: gpu_time2_cuda = 0.003296
iter 92: upload_copy_time1_cuda = 0.001471
iter 92: download_copy_time_cuda = 0.003347
iter 92: upload_copy_time2_cuda = 0.000072

iter 93: cpu_time_cuda = 0.138166
iter 93: gpu_time1_cuda = 0.053748
iter 93: gpu_time2_cuda = 0.003245
iter 93: upload_copy_time1_cuda = 0.001444
iter 93: download_copy_time_cuda = 0.003379
iter 93: upload_copy_time2_cuda = 0.000071

iter 94: cpu_time_cuda = 0.136270
iter 94: gpu_time1_cuda = 0.049604
iter 94: gpu_time2_cuda = 0.003199
iter 94: upload_copy_time1_cuda = 0.001417
iter 94: download_copy_time_cuda = 0.003354
iter 94: upload_copy_time2_cuda = 0.000072

iter 95: cpu_time_cuda = 0.134086
iter 95: gpu_time1_cuda = 0.047934
iter 95: gpu_time2_cuda = 0.003121
iter 95: upload_copy_time1_cuda = 0.001395
iter 95: download_copy_time_cuda = 0.003374
iter 95: upload_copy_time2_cuda = 0.000071

iter 96: cpu_time_cuda = 0.131354
iter 96: gpu_time1_cuda = 0.047245
iter 96: gpu_time2_cuda = 0.003078
iter 96: upload_copy_time1_cuda = 0.001377
iter 96: download_copy_time_cuda = 0.003358
iter 96: upload_copy_time2_cuda = 0.000071

iter 97: cpu_time_cuda = 0.129418
iter 97: gpu_time1_cuda = 0.045640
iter 97: gpu_time2_cuda = 0.003035
iter 97: upload_copy_time1_cuda = 0.001354
iter 97: download_copy_time_cuda = 0.003352
iter 97: upload_copy_time2_cuda = 0.000069

iter 98: cpu_time_cuda = 0.127391
iter 98: gpu_time1_cuda = 0.044245
iter 98: gpu_time2_cuda = 0.002993
iter 98: upload_copy_time1_cuda = 0.001334
iter 98: download_copy_time_cuda = 0.003430
iter 98: upload_copy_time2_cuda = 0.000075

iter 99: cpu_time_cuda = 0.125412
iter 99: gpu_time1_cuda = 0.043367
iter 99: gpu_time2_cuda = 0.002947
iter 99: upload_copy_time1_cuda = 0.001319
iter 99: download_copy_time_cuda = 0.003351
iter 99: upload_copy_time2_cuda = 0.000072

iter 100: cpu_time_cuda = 0.123186
iter 100: gpu_time1_cuda = 0.042402
iter 100: gpu_time2_cuda = 0.002908
iter 100: upload_copy_time1_cuda = 0.001293
iter 100: download_copy_time_cuda = 0.003351
iter 100: upload_copy_time2_cuda = 0.000072

iter 101: cpu_time_cuda = 0.121042
iter 101: gpu_time1_cuda = 0.040699
iter 101: gpu_time2_cuda = 0.002867
iter 101: upload_copy_time1_cuda = 0.001272
iter 101: download_copy_time_cuda = 0.003351
iter 101: upload_copy_time2_cuda = 0.000071

iter 102: cpu_time_cuda = 0.119313
iter 102: gpu_time1_cuda = 0.040539
iter 102: gpu_time2_cuda = 0.002818
iter 102: upload_copy_time1_cuda = 0.001251
iter 102: download_copy_time_cuda = 0.003343
iter 102: upload_copy_time2_cuda = 0.000072

iter 103: cpu_time_cuda = 0.117328
iter 103: gpu_time1_cuda = 0.039153
iter 103: gpu_time2_cuda = 0.002786
iter 103: upload_copy_time1_cuda = 0.001240
iter 103: download_copy_time_cuda = 0.003370
iter 103: upload_copy_time2_cuda = 0.000070

iter 104: cpu_time_cuda = 0.115154
iter 104: gpu_time1_cuda = 0.037715
iter 104: gpu_time2_cuda = 0.002745
iter 104: upload_copy_time1_cuda = 0.001218
iter 104: download_copy_time_cuda = 0.003338
iter 104: upload_copy_time2_cuda = 0.000071

iter 105: cpu_time_cuda = 0.113233
iter 105: gpu_time1_cuda = 0.037167
iter 105: gpu_time2_cuda = 0.002685
iter 105: upload_copy_time1_cuda = 0.001195
iter 105: download_copy_time_cuda = 0.003373
iter 105: upload_copy_time2_cuda = 0.000071

iter 106: cpu_time_cuda = 0.111174
iter 106: gpu_time1_cuda = 0.035639
iter 106: gpu_time2_cuda = 0.002658
iter 106: upload_copy_time1_cuda = 0.001175
iter 106: download_copy_time_cuda = 0.003347
iter 106: upload_copy_time2_cuda = 0.000072

iter 107: cpu_time_cuda = 0.109057
iter 107: gpu_time1_cuda = 0.032385
iter 107: gpu_time2_cuda = 0.002617
iter 107: upload_copy_time1_cuda = 0.001147
iter 107: download_copy_time_cuda = 0.003344
iter 107: upload_copy_time2_cuda = 0.000071

iter 108: cpu_time_cuda = 0.106903
iter 108: gpu_time1_cuda = 0.031329
iter 108: gpu_time2_cuda = 0.002510
iter 108: upload_copy_time1_cuda = 0.001122
iter 108: download_copy_time_cuda = 0.003374
iter 108: upload_copy_time2_cuda = 0.000071

iter 109: cpu_time_cuda = 0.104770
iter 109: gpu_time1_cuda = 0.030247
iter 109: gpu_time2_cuda = 0.002476
iter 109: upload_copy_time1_cuda = 0.001114
iter 109: download_copy_time_cuda = 0.003378
iter 109: upload_copy_time2_cuda = 0.000071

iter 110: cpu_time_cuda = 0.102452
iter 110: gpu_time1_cuda = 0.028953
iter 110: gpu_time2_cuda = 0.002432
iter 110: upload_copy_time1_cuda = 0.001085
iter 110: download_copy_time_cuda = 0.003345
iter 110: upload_copy_time2_cuda = 0.000076

iter 111: cpu_time_cuda = 0.100611
iter 111: gpu_time1_cuda = 0.027923
iter 111: gpu_time2_cuda = 0.002394
iter 111: upload_copy_time1_cuda = 0.001064
iter 111: download_copy_time_cuda = 0.003360
iter 111: upload_copy_time2_cuda = 0.000070

iter 112: cpu_time_cuda = 0.098265
iter 112: gpu_time1_cuda = 0.027023
iter 112: gpu_time2_cuda = 0.002352
iter 112: upload_copy_time1_cuda = 0.001044
iter 112: download_copy_time_cuda = 0.003352
iter 112: upload_copy_time2_cuda = 0.000071

iter 113: cpu_time_cuda = 0.096296
iter 113: gpu_time1_cuda = 0.026273
iter 113: gpu_time2_cuda = 0.002304
iter 113: upload_copy_time1_cuda = 0.001024
iter 113: download_copy_time_cuda = 0.003377
iter 113: upload_copy_time2_cuda = 0.000072

iter 114: cpu_time_cuda = 0.094430
iter 114: gpu_time1_cuda = 0.025312
iter 114: gpu_time2_cuda = 0.002268
iter 114: upload_copy_time1_cuda = 0.001003
iter 114: download_copy_time_cuda = 0.003361
iter 114: upload_copy_time2_cuda = 0.000071

iter 115: cpu_time_cuda = 0.092511
iter 115: gpu_time1_cuda = 0.024664
iter 115: gpu_time2_cuda = 0.002225
iter 115: upload_copy_time1_cuda = 0.000981
iter 115: download_copy_time_cuda = 0.003379
iter 115: upload_copy_time2_cuda = 0.000071

iter 116: cpu_time_cuda = 0.090537
iter 116: gpu_time1_cuda = 0.023536
iter 116: gpu_time2_cuda = 0.002187
iter 116: upload_copy_time1_cuda = 0.000961
iter 116: download_copy_time_cuda = 0.003351
iter 116: upload_copy_time2_cuda = 0.000072

iter 117: cpu_time_cuda = 0.088190
iter 117: gpu_time1_cuda = 0.022382
iter 117: gpu_time2_cuda = 0.002144
iter 117: upload_copy_time1_cuda = 0.000940
iter 117: download_copy_time_cuda = 0.003381
iter 117: upload_copy_time2_cuda = 0.000071

iter 118: cpu_time_cuda = 0.086224
iter 118: gpu_time1_cuda = 0.021762
iter 118: gpu_time2_cuda = 0.002100
iter 118: upload_copy_time1_cuda = 0.000919
iter 118: download_copy_time_cuda = 0.003340
iter 118: upload_copy_time2_cuda = 0.000074

iter 119: cpu_time_cuda = 0.084290
iter 119: gpu_time1_cuda = 0.021079
iter 119: gpu_time2_cuda = 0.002061
iter 119: upload_copy_time1_cuda = 0.000904
iter 119: download_copy_time_cuda = 0.003350
iter 119: upload_copy_time2_cuda = 0.000071

iter 120: cpu_time_cuda = 0.082343
iter 120: gpu_time1_cuda = 0.018735
iter 120: gpu_time2_cuda = 0.002017
iter 120: upload_copy_time1_cuda = 0.000880
iter 120: download_copy_time_cuda = 0.003375
iter 120: upload_copy_time2_cuda = 0.000072

iter 121: cpu_time_cuda = 0.080018
iter 121: gpu_time1_cuda = 0.017909
iter 121: gpu_time2_cuda = 0.001917
iter 121: upload_copy_time1_cuda = 0.000858
iter 121: download_copy_time_cuda = 0.003348
iter 121: upload_copy_time2_cuda = 0.000070

iter 122: cpu_time_cuda = 0.077728
iter 122: gpu_time1_cuda = 0.017236
iter 122: gpu_time2_cuda = 0.001883
iter 122: upload_copy_time1_cuda = 0.000839
iter 122: download_copy_time_cuda = 0.003368
iter 122: upload_copy_time2_cuda = 0.000071

iter 123: cpu_time_cuda = 0.075925
iter 123: gpu_time1_cuda = 0.016296
iter 123: gpu_time2_cuda = 0.001842
iter 123: upload_copy_time1_cuda = 0.000816
iter 123: download_copy_time_cuda = 0.003344
iter 123: upload_copy_time2_cuda = 0.000072

iter 124: cpu_time_cuda = 0.073796
iter 124: gpu_time1_cuda = 0.015661
iter 124: gpu_time2_cuda = 0.001790
iter 124: upload_copy_time1_cuda = 0.000790
iter 124: download_copy_time_cuda = 0.003364
iter 124: upload_copy_time2_cuda = 0.000075

iter 125: cpu_time_cuda = 0.071762
iter 125: gpu_time1_cuda = 0.014945
iter 125: gpu_time2_cuda = 0.001757
iter 125: upload_copy_time1_cuda = 0.000775
iter 125: download_copy_time_cuda = 0.003358
iter 125: upload_copy_time2_cuda = 0.000071

iter 126: cpu_time_cuda = 0.070009
iter 126: gpu_time1_cuda = 0.014023
iter 126: gpu_time2_cuda = 0.001715
iter 126: upload_copy_time1_cuda = 0.000756
iter 126: download_copy_time_cuda = 0.003358
iter 126: upload_copy_time2_cuda = 0.000071

iter 127: cpu_time_cuda = 0.068003
iter 127: gpu_time1_cuda = 0.013551
iter 127: gpu_time2_cuda = 0.001673
iter 127: upload_copy_time1_cuda = 0.000735
iter 127: download_copy_time_cuda = 0.003333
iter 127: upload_copy_time2_cuda = 0.000071

iter 128: cpu_time_cuda = 0.065440
iter 128: gpu_time1_cuda = 0.013097
iter 128: gpu_time2_cuda = 0.001634
iter 128: upload_copy_time1_cuda = 0.000713
iter 128: download_copy_time_cuda = 0.003332
iter 128: upload_copy_time2_cuda = 0.000071

iter 129: cpu_time_cuda = 0.063446
iter 129: gpu_time1_cuda = 0.012296
iter 129: gpu_time2_cuda = 0.001590
iter 129: upload_copy_time1_cuda = 0.000692
iter 129: download_copy_time_cuda = 0.003340
iter 129: upload_copy_time2_cuda = 0.000071

iter 130: cpu_time_cuda = 0.061356
iter 130: gpu_time1_cuda = 0.011868
iter 130: gpu_time2_cuda = 0.001550
iter 130: upload_copy_time1_cuda = 0.000674
iter 130: download_copy_time_cuda = 0.003327
iter 130: upload_copy_time2_cuda = 0.000071

iter 131: cpu_time_cuda = 0.059521
iter 131: gpu_time1_cuda = 0.010868
iter 131: gpu_time2_cuda = 0.001506
iter 131: upload_copy_time1_cuda = 0.000657
iter 131: download_copy_time_cuda = 0.003345
iter 131: upload_copy_time2_cuda = 0.000072

iter 132: cpu_time_cuda = 0.057299
iter 132: gpu_time1_cuda = 0.010605
iter 132: gpu_time2_cuda = 0.001459
iter 132: upload_copy_time1_cuda = 0.000630
iter 132: download_copy_time_cuda = 0.003364
iter 132: upload_copy_time2_cuda = 0.000071

iter 133: cpu_time_cuda = 0.055313
iter 133: gpu_time1_cuda = 0.008790
iter 133: gpu_time2_cuda = 0.001426
iter 133: upload_copy_time1_cuda = 0.000610
iter 133: download_copy_time_cuda = 0.003324
iter 133: upload_copy_time2_cuda = 0.000071

iter 134: cpu_time_cuda = 0.053303
iter 134: gpu_time1_cuda = 0.008332
iter 134: gpu_time2_cuda = 0.001331
iter 134: upload_copy_time1_cuda = 0.000589
iter 134: download_copy_time_cuda = 0.003343
iter 134: upload_copy_time2_cuda = 0.000071

iter 135: cpu_time_cuda = 0.051072
iter 135: gpu_time1_cuda = 0.007586
iter 135: gpu_time2_cuda = 0.001288
iter 135: upload_copy_time1_cuda = 0.000568
iter 135: download_copy_time_cuda = 0.003351
iter 135: upload_copy_time2_cuda = 0.000071

iter 136: cpu_time_cuda = 0.048953
iter 136: gpu_time1_cuda = 0.007182
iter 136: gpu_time2_cuda = 0.001246
iter 136: upload_copy_time1_cuda = 0.000548
iter 136: download_copy_time_cuda = 0.003368
iter 136: upload_copy_time2_cuda = 0.000071

iter 137: cpu_time_cuda = 0.047034
iter 137: gpu_time1_cuda = 0.006675
iter 137: gpu_time2_cuda = 0.001201
iter 137: upload_copy_time1_cuda = 0.000527
iter 137: download_copy_time_cuda = 0.003369
iter 137: upload_copy_time2_cuda = 0.000072

iter 138: cpu_time_cuda = 0.044934
iter 138: gpu_time1_cuda = 0.006234
iter 138: gpu_time2_cuda = 0.001162
iter 138: upload_copy_time1_cuda = 0.000506
iter 138: download_copy_time_cuda = 0.003356
iter 138: upload_copy_time2_cuda = 0.000071

iter 139: cpu_time_cuda = 0.042931
iter 139: gpu_time1_cuda = 0.005845
iter 139: gpu_time2_cuda = 0.001117
iter 139: upload_copy_time1_cuda = 0.000485
iter 139: download_copy_time_cuda = 0.003431
iter 139: upload_copy_time2_cuda = 0.000071

iter 140: cpu_time_cuda = 0.040954
iter 140: gpu_time1_cuda = 0.005383
iter 140: gpu_time2_cuda = 0.001079
iter 140: upload_copy_time1_cuda = 0.000465
iter 140: download_copy_time_cuda = 0.003362
iter 140: upload_copy_time2_cuda = 0.000068

iter 141: cpu_time_cuda = 0.038778
iter 141: gpu_time1_cuda = 0.005017
iter 141: gpu_time2_cuda = 0.001037
iter 141: upload_copy_time1_cuda = 0.000445
iter 141: download_copy_time_cuda = 0.003331
iter 141: upload_copy_time2_cuda = 0.000071

iter 142: cpu_time_cuda = 0.036852
iter 142: gpu_time1_cuda = 0.004646
iter 142: gpu_time2_cuda = 0.000991
iter 142: upload_copy_time1_cuda = 0.000423
iter 142: download_copy_time_cuda = 0.003364
iter 142: upload_copy_time2_cuda = 0.000071

iter 143: cpu_time_cuda = 0.034790
iter 143: gpu_time1_cuda = 0.004080
iter 143: gpu_time2_cuda = 0.000953
iter 143: upload_copy_time1_cuda = 0.000402
iter 143: download_copy_time_cuda = 0.003407
iter 143: upload_copy_time2_cuda = 0.000071

iter 144: cpu_time_cuda = 0.032671
iter 144: gpu_time1_cuda = 0.003856
iter 144: gpu_time2_cuda = 0.000912
iter 144: upload_copy_time1_cuda = 0.000382
iter 144: download_copy_time_cuda = 0.003360
iter 144: upload_copy_time2_cuda = 0.000071

iter 145: cpu_time_cuda = 0.030390
iter 145: gpu_time1_cuda = 0.003513
iter 145: gpu_time2_cuda = 0.000871
iter 145: upload_copy_time1_cuda = 0.000355
iter 145: download_copy_time_cuda = 0.003395
iter 145: upload_copy_time2_cuda = 0.000070

iter 146: cpu_time_cuda = 0.028713
iter 146: gpu_time1_cuda = 0.002553
iter 146: gpu_time2_cuda = 0.000830
iter 146: upload_copy_time1_cuda = 0.000335
iter 146: download_copy_time_cuda = 0.003344
iter 146: upload_copy_time2_cuda = 0.000071

iter 147: cpu_time_cuda = 0.026584
iter 147: gpu_time1_cuda = 0.002298
iter 147: gpu_time2_cuda = 0.000630
iter 147: upload_copy_time1_cuda = 0.000312
iter 147: download_copy_time_cuda = 0.003350
iter 147: upload_copy_time2_cuda = 0.000070

iter 148: cpu_time_cuda = 0.024057
iter 148: gpu_time1_cuda = 0.001772
iter 148: gpu_time2_cuda = 0.000613
iter 148: upload_copy_time1_cuda = 0.000293
iter 148: download_copy_time_cuda = 0.003382
iter 148: upload_copy_time2_cuda = 0.000071

iter 149: cpu_time_cuda = 0.022220
iter 149: gpu_time1_cuda = 0.001595
iter 149: gpu_time2_cuda = 0.000576
iter 149: upload_copy_time1_cuda = 0.000272
iter 149: download_copy_time_cuda = 0.003342
iter 149: upload_copy_time2_cuda = 0.000071

iter 150: cpu_time_cuda = 0.020104
iter 150: gpu_time1_cuda = 0.001388
iter 150: gpu_time2_cuda = 0.000539
iter 150: upload_copy_time1_cuda = 0.000251
iter 150: download_copy_time_cuda = 0.003333
iter 150: upload_copy_time2_cuda = 0.000072

iter 151: cpu_time_cuda = 0.018286
iter 151: gpu_time1_cuda = 0.001247
iter 151: gpu_time2_cuda = 0.000495
iter 151: upload_copy_time1_cuda = 0.000230
iter 151: download_copy_time_cuda = 0.003474
iter 151: upload_copy_time2_cuda = 0.000071

iter 152: cpu_time_cuda = 0.015933
iter 152: gpu_time1_cuda = 0.001058
iter 152: gpu_time2_cuda = 0.000465
iter 152: upload_copy_time1_cuda = 0.000212
iter 152: download_copy_time_cuda = 0.003332
iter 152: upload_copy_time2_cuda = 0.000070

iter 153: cpu_time_cuda = 0.014124
iter 153: gpu_time1_cuda = 0.000902
iter 153: gpu_time2_cuda = 0.000425
iter 153: upload_copy_time1_cuda = 0.000192
iter 153: download_copy_time_cuda = 0.003364
iter 153: upload_copy_time2_cuda = 0.000071

iter 154: cpu_time_cuda = 0.012129
iter 154: gpu_time1_cuda = 0.000730
iter 154: gpu_time2_cuda = 0.000369
iter 154: upload_copy_time1_cuda = 0.000169
iter 154: download_copy_time_cuda = 0.003376
iter 154: upload_copy_time2_cuda = 0.000071

iter 155: cpu_time_cuda = 0.010211
iter 155: gpu_time1_cuda = 0.000557
iter 155: gpu_time2_cuda = 0.000332
iter 155: upload_copy_time1_cuda = 0.000152
iter 155: download_copy_time_cuda = 0.003370
iter 155: upload_copy_time2_cuda = 0.000071

iter 156: cpu_time_cuda = 0.008070
iter 156: gpu_time1_cuda = 0.000446
iter 156: gpu_time2_cuda = 0.000305
iter 156: upload_copy_time1_cuda = 0.000139
iter 156: download_copy_time_cuda = 0.003449
iter 156: upload_copy_time2_cuda = 0.000071

iter 157: cpu_time_cuda = 0.006062
iter 157: gpu_time1_cuda = 0.000334
iter 157: gpu_time2_cuda = 0.000266
iter 157: upload_copy_time1_cuda = 0.000127
iter 157: download_copy_time_cuda = 0.003394
iter 157: upload_copy_time2_cuda = 0.000071

iter 158: cpu_time_cuda = 0.004125
iter 158: gpu_time1_cuda = 0.000276
iter 158: gpu_time2_cuda = 0.000278
iter 158: upload_copy_time1_cuda = 0.000113
iter 158: download_copy_time_cuda = 0.003398
iter 158: upload_copy_time2_cuda = 0.000071

total_cpu_time_cuda = 26.580551
total_gpu_time_cuda = 16.007063
total_copy_time_cuda = 0.818856
main_loop_time_cuda = 43.671280
20480 20480     ---   (  ---  )    259.06 (  44.21)     ---  
total_time = 59.052515
54.35user 6.71system 1:02.43elapsed 97%CPU (0avgtext+0avgdata 6706784maxresident)k
3736inputs+0outputs (1major+841632minor)pagefaults 0swaps
send out message: 22 3 log
