cpu0
2600000
cpu1
2600000
cpu2
2600000
cpu3
2600000
cpu4
2600000
cpu5
2600000
cpu6
2600000
cpu7
2600000
cpu8
2600000
cpu9
2600000
cpu10
2600000
cpu11
2600000
cpu12
2600000
cpu13
2600000
cpu14
2600000
cpu15
2600000
send out message: 24 37 /home/lchen/MAGMA/magma-1.3.0/results
send out message: 20 26 MAGMA_LU_GPUDVFS.total.pwr
MAGMA 1.3.0
device 0: Tesla K20c, 705.5 MHz clock, 4799.6 MB memory, capability 3.5

Usage: /home/lchen/MAGMA/magma-1.3.0/testing/testing_dgetrf -N <m,n> -c -c2 -l
  -N  can be repeated up to 10 times. If only m is given, then m=n.
  -c  or setting $MAGMA_TESTINGS_CHECK checks result, PA - LU.
  -c2 for square matrices, solves one RHS and checks residual, Ax - b.
  -l  or setting $MAGMA_RUN_LAPACK runs LAPACK.

    M     N   CPU GFlop/s (sec)   GPU GFlop/s (sec)   |PA-LU|/(N*|A|)
=========================================================================
init_time = 7.232596
iter2: 0.211744TX0.363027
iter3: 0.211744TX0.363027
iter4: 0.211744TX0.363027
iter5: 0.211744TX0.363027
iter6: 0.211744TX0.363027
iter7: 0.211744TX0.363027
iter8: 0.211744TX0.363027
iter9: 0.211744TX0.363027
iter10: 0.211744TX0.363027
iter11: 0.211744TX0.363027
iter12: 0.211744TX0.363027
iter13: 0.211744TX0.363027
iter14: 0.211744TX0.363027
iter15: 0.211744TX0.363027
iter16: 0.211744TX0.363027
iter17: 0.211744TX0.363027
iter18: 0.211744TX0.363027
iter19: 0.211744TX0.363027
iter20: 0.211744TX0.363027
iter21: 0.211744TX0.363027
iter22: 0.211744TX0.363027
iter23: 0.211744TX0.363027
iter24: 0.211744TX0.363027
iter25: 0.211744TX0.363027
iter26: 0.211744TX0.363027
iter27: 0.211744TX0.363027
iter28: 0.211744TX0.363027
iter29: 0.211744TX0.363027
iter30: 0.211744TX0.363027
iter31: 0.211744TX0.363027
iter32: 0.211744TX0.363027
iter33: 0.211744TX0.363027
iter34: 0.211744TX0.363027
iter35: 0.211744TX0.363027
iter36: 0.211744TX0.363027
iter37: 0.211744TX0.363027
iter38: 0.211744TX0.363027
iter39: 0.211744TX0.363027
iter40: 0.211744TX0.363027
iter41: 0.211744TX0.363027
iter42: 0.211744TX0.363027
iter43: 0.211744TX0.363027
iter44: 0.211744TX0.363027
iter45: 0.211744TX0.363027
iter46: 0.211744TX0.363027
iter47: 0.211744TX0.363027
iter48: 0.211744TX0.363027
iter49: 0.211744TX0.363027
iter50: 0.211744TX0.363027
iter51: 0.211744TX0.363027
iter52: 0.211744TX0.363027
iter53: 0.211744TX0.363027
iter54: 0.211744TX0.363027
iter55: 0.211744TX0.363027
iter56: 0.211744TX0.363027
iter57: 0.211744TX0.363027
iter58: 0.211744TX0.363027
iter59: 0.211744TX0.363027
iter60: 0.211744TX0.363027
iter61: 0.211744TX0.363027
iter62: 0.211744TX0.363027
iter63: 0.211744TX0.363027
iter64: 0.211744TX0.363027
iter65: 0.211744TX0.363027
iter66: 0.211744TX0.363027
iter67: 0.211744TX0.363027
iter68: 0.211744TX0.363027
iter69: 0.211744TX0.363027
iter70: 0.211744TX0.363027
iter71: 0.211744TX0.363027
iter72: 0.211744TX0.363027
iter73: 0.211744TX0.363027
iter74: 0.211744TX0.363027
iter75: 0.211744TX0.363027
iter76: 0.211744TX0.363027
iter77: 0.211744TX0.363027
20000 20000     ---   (  ---  )    183.28 (  29.10)     ---   
total_time = 36.334186
send out message: 22 3 log
cpu0
2600000
cpu1
2600000
cpu2
2600000
cpu3
2600000
cpu4
2600000
cpu5
2600000
cpu6
2600000
cpu7
2600000
cpu8
2600000
cpu9
2600000
cpu10
2600000
cpu11
2600000
cpu12
2600000
cpu13
2600000
cpu14
2600000
cpu15
2600000
