send out message: 24 37 /home/lchen/MAGMA/magma-1.3.0/results
send out message: 20 26 MAGMA_LU_GPUDVFS.total.pwr
MAGMA 1.3.0
device 0: Tesla K20c, 705.5 MHz clock, 4799.6 MB memory, capability 3.5

Usage: /home/lchen/MAGMA/magma-1.3.0/testing/testing_dgetrf -N <m,n> -c -c2 -l
  -N  can be repeated up to 10 times. If only m is given, then m=n.
  -c  or setting $MAGMA_TESTINGS_CHECK checks result, PA - LU.
  -c2 for square matrices, solves one RHS and checks residual, Ax - b.
  -l  or setting $MAGMA_RUN_LAPACK runs LAPACK.

    M     N   CPU GFlop/s (sec)   GPU GFlop/s (sec)   |PA-LU|/(N*|A|)
=========================================================================
init_time = 13.487203
iter 0: cpu_time_cuda = 0.000000
iter 0: gpu_time_cuda = 0.000000
iter 0: download_copy_time_cuda = 0.000000
iter 0: upload_copy_time_cuda = 0.002032

iter 1: cpu_time_cuda = 0.067910
iter 1: gpu_time_cuda = 0.087989
iter 1: download_copy_time_cuda = 0.001872
iter 1: upload_copy_time_cuda = 0.002043

iter 2: cpu_time_pred = 0.067697
iter 2: gpu_time_pred = 0.087436
iter 2: cpu_time_cuda = 0.067575
iter 2: gpu_time_cuda = 0.085450
iter 2: download_copy_time_cuda = 0.001879
iter 2: upload_copy_time_cuda = 0.002016

iter 3: cpu_time_pred = 0.067362
iter 3: gpu_time_pred = 0.084912
iter 3: cpu_time_cuda = 0.067284
iter 3: gpu_time_cuda = 0.084435
iter 3: download_copy_time_cuda = 0.001869
iter 3: upload_copy_time_cuda = 0.002012

iter 4: cpu_time_pred = 0.067071
iter 4: gpu_time_pred = 0.083902
iter 4: cpu_time_cuda = 0.067573
iter 4: gpu_time_cuda = 0.084206
iter 4: download_copy_time_cuda = 0.001864
iter 4: upload_copy_time_cuda = 0.002006

iter 5: cpu_time_pred = 0.067359
iter 5: gpu_time_pred = 0.083672
iter 5: cpu_time_cuda = 0.067255
iter 5: gpu_time_cuda = 0.083359
iter 5: download_copy_time_cuda = 0.001860
iter 5: upload_copy_time_cuda = 0.001994

iter 6: cpu_time_pred = 0.067041
iter 6: gpu_time_pred = 0.082829
iter 6: cpu_time_cuda = 0.067413
iter 6: gpu_time_cuda = 0.083299
iter 6: download_copy_time_cuda = 0.001870
iter 6: upload_copy_time_cuda = 0.002008

iter 7: cpu_time_pred = 0.067197
iter 7: gpu_time_pred = 0.082768
iter 7: cpu_time_cuda = 0.066808
iter 7: gpu_time_cuda = 0.082348
iter 7: download_copy_time_cuda = 0.001872
iter 7: upload_copy_time_cuda = 0.002001

iter 8: cpu_time_pred = 0.066593
iter 8: gpu_time_pred = 0.081821
iter 8: cpu_time_cuda = 0.066447
iter 8: gpu_time_cuda = 0.082736
iter 8: download_copy_time_cuda = 0.001850
iter 8: upload_copy_time_cuda = 0.001982

iter 9: cpu_time_pred = 0.066234
iter 9: gpu_time_pred = 0.082205
iter 9: cpu_time_cuda = 0.066344
iter 9: gpu_time_cuda = 0.081213
iter 9: download_copy_time_cuda = 0.001835
iter 9: upload_copy_time_cuda = 0.001970

iter 10: cpu_time_pred = 0.066130
iter 10: gpu_time_pred = 0.080690
iter 10: cpu_time_cuda = 0.066107
iter 10: gpu_time_cuda = 0.081315
iter 10: download_copy_time_cuda = 0.001841
iter 10: upload_copy_time_cuda = 0.001958

iter 11: cpu_time_pred = 0.065893
iter 11: gpu_time_pred = 0.080789
iter 11: cpu_time_cuda = 0.065935
iter 11: gpu_time_cuda = 0.080177
iter 11: download_copy_time_cuda = 0.001825
iter 11: upload_copy_time_cuda = 0.001964

iter 12: cpu_time_pred = 0.065721
iter 12: gpu_time_pred = 0.079657
iter 12: cpu_time_cuda = 0.065595
iter 12: gpu_time_cuda = 0.079694
iter 12: download_copy_time_cuda = 0.001826
iter 12: upload_copy_time_cuda = 0.001952

iter 13: cpu_time_pred = 0.065382
iter 13: gpu_time_pred = 0.079176
iter 13: cpu_time_cuda = 0.065497
iter 13: gpu_time_cuda = 0.078938
iter 13: download_copy_time_cuda = 0.001819
iter 13: upload_copy_time_cuda = 0.001955

iter 14: cpu_time_pred = 0.065283
iter 14: gpu_time_pred = 0.078423
iter 14: cpu_time_cuda = 0.065313
iter 14: gpu_time_cuda = 0.078964
iter 14: download_copy_time_cuda = 0.001807
iter 14: upload_copy_time_cuda = 0.001944

iter 15: cpu_time_pred = 0.065099
iter 15: gpu_time_pred = 0.078447
iter 15: cpu_time_cuda = 0.065106
iter 15: gpu_time_cuda = 0.077760
iter 15: download_copy_time_cuda = 0.001807
iter 15: upload_copy_time_cuda = 0.001933

iter 16: cpu_time_pred = 0.064892
iter 16: gpu_time_pred = 0.077250
iter 16: cpu_time_cuda = 0.064862
iter 16: gpu_time_cuda = 0.078232
iter 16: download_copy_time_cuda = 0.001808
iter 16: upload_copy_time_cuda = 0.001926

iter 17: cpu_time_pred = 0.064648
iter 17: gpu_time_pred = 0.077717
iter 17: cpu_time_cuda = 0.064573
iter 17: gpu_time_cuda = 0.077120
iter 17: download_copy_time_cuda = 0.001796
iter 17: upload_copy_time_cuda = 0.001924

iter 18: cpu_time_pred = 0.064359
iter 18: gpu_time_pred = 0.076610
iter 18: cpu_time_cuda = 0.064456
iter 18: gpu_time_cuda = 0.076627
iter 18: download_copy_time_cuda = 0.001782
iter 18: upload_copy_time_cuda = 0.001913

iter 19: cpu_time_pred = 0.064242
iter 19: gpu_time_pred = 0.076119
iter 19: cpu_time_cuda = 0.064179
iter 19: gpu_time_cuda = 0.075812
iter 19: download_copy_time_cuda = 0.001776
iter 19: upload_copy_time_cuda = 0.001908

iter 20: cpu_time_pred = 0.063965
iter 20: gpu_time_pred = 0.075308
iter 20: cpu_time_cuda = 0.064006
iter 20: gpu_time_cuda = 0.076117
iter 20: download_copy_time_cuda = 0.001774
iter 20: upload_copy_time_cuda = 0.001899

iter 21: cpu_time_pred = 0.063792
iter 21: gpu_time_pred = 0.075609
iter 21: cpu_time_cuda = 0.063672
iter 21: gpu_time_cuda = 0.074973
iter 21: download_copy_time_cuda = 0.001766
iter 21: upload_copy_time_cuda = 0.001907

iter 22: cpu_time_pred = 0.063458
iter 22: gpu_time_pred = 0.074471
iter 22: cpu_time_cuda = 0.063538
iter 22: gpu_time_cuda = 0.075019
iter 22: download_copy_time_cuda = 0.001762
iter 22: upload_copy_time_cuda = 0.001895

iter 23: cpu_time_pred = 0.063324
iter 23: gpu_time_pred = 0.074514
iter 23: cpu_time_cuda = 0.063329
iter 23: gpu_time_cuda = 0.074709
iter 23: download_copy_time_cuda = 0.001772
iter 23: upload_copy_time_cuda = 0.001885

iter 24: cpu_time_pred = 0.063115
iter 24: gpu_time_pred = 0.074205
iter 24: cpu_time_cuda = 0.063016
iter 24: gpu_time_cuda = 0.073773
iter 24: download_copy_time_cuda = 0.001747
iter 24: upload_copy_time_cuda = 0.001878

iter 25: cpu_time_pred = 0.062802
iter 25: gpu_time_pred = 0.073273
iter 25: cpu_time_cuda = 0.062937
iter 25: gpu_time_cuda = 0.073255
iter 25: download_copy_time_cuda = 0.001741
iter 25: upload_copy_time_cuda = 0.001883

iter 26: cpu_time_pred = 0.062723
iter 26: gpu_time_pred = 0.072757
iter 26: cpu_time_cuda = 0.062661
iter 26: gpu_time_cuda = 0.073227
iter 26: download_copy_time_cuda = 0.001734
iter 26: upload_copy_time_cuda = 0.001874

iter 27: cpu_time_pred = 0.062447
iter 27: gpu_time_pred = 0.072728
iter 27: cpu_time_cuda = 0.062472
iter 27: gpu_time_cuda = 0.072012
iter 27: download_copy_time_cuda = 0.001730
iter 27: upload_copy_time_cuda = 0.001863

iter 28: cpu_time_pred = 0.062258
iter 28: gpu_time_pred = 0.071519
iter 28: cpu_time_cuda = 0.062142
iter 28: gpu_time_cuda = 0.072268
iter 28: download_copy_time_cuda = 0.001723
iter 28: upload_copy_time_cuda = 0.001852

iter 29: cpu_time_pred = 0.061929
iter 29: gpu_time_pred = 0.071772
iter 29: cpu_time_cuda = 0.062109
iter 29: gpu_time_cuda = 0.071116
iter 29: download_copy_time_cuda = 0.001728
iter 29: upload_copy_time_cuda = 0.001850

iter 30: cpu_time_pred = 0.061895
iter 30: gpu_time_pred = 0.070627
iter 30: cpu_time_cuda = 0.061789
iter 30: gpu_time_cuda = 0.070942
iter 30: download_copy_time_cuda = 0.001718
iter 30: upload_copy_time_cuda = 0.001844

iter 31: cpu_time_pred = 0.061575
iter 31: gpu_time_pred = 0.070452
iter 31: cpu_time_cuda = 0.061544
iter 31: gpu_time_cuda = 0.070422
iter 31: download_copy_time_cuda = 0.001707
iter 31: upload_copy_time_cuda = 0.001831

iter 32: cpu_time_pred = 0.061331
iter 32: gpu_time_pred = 0.069934
iter 32: cpu_time_cuda = 0.061492
iter 32: gpu_time_cuda = 0.070139
iter 32: download_copy_time_cuda = 0.001705
iter 32: upload_copy_time_cuda = 0.001831

iter 33: cpu_time_pred = 0.061277
iter 33: gpu_time_pred = 0.069651
iter 33: cpu_time_cuda = 0.061076
iter 33: gpu_time_cuda = 0.068866
iter 33: download_copy_time_cuda = 0.001697
iter 33: upload_copy_time_cuda = 0.001825

iter 34: cpu_time_pred = 0.060863
iter 34: gpu_time_pred = 0.068386
iter 34: cpu_time_cuda = 0.061109
iter 34: gpu_time_cuda = 0.069189
iter 34: download_copy_time_cuda = 0.001693
iter 34: upload_copy_time_cuda = 0.001807

iter 35: cpu_time_pred = 0.060894
iter 35: gpu_time_pred = 0.068704
iter 35: cpu_time_cuda = 0.060915
iter 35: gpu_time_cuda = 0.068618
iter 35: download_copy_time_cuda = 0.001686
iter 35: upload_copy_time_cuda = 0.001820

iter 36: cpu_time_pred = 0.060700
iter 36: gpu_time_pred = 0.068136
iter 36: cpu_time_cuda = 0.060518
iter 36: gpu_time_cuda = 0.068582
iter 36: download_copy_time_cuda = 0.001679
iter 36: upload_copy_time_cuda = 0.001801

iter 37: cpu_time_pred = 0.060305
iter 37: gpu_time_pred = 0.068099
iter 37: cpu_time_cuda = 0.060419
iter 37: gpu_time_cuda = 0.067450
iter 37: download_copy_time_cuda = 0.001675
iter 37: upload_copy_time_cuda = 0.001797

iter 38: cpu_time_pred = 0.060204
iter 38: gpu_time_pred = 0.066972
iter 38: cpu_time_cuda = 0.060560
iter 38: gpu_time_cuda = 0.067062
iter 38: download_copy_time_cuda = 0.001668
iter 38: upload_copy_time_cuda = 0.001792

iter 39: cpu_time_pred = 0.060344
iter 39: gpu_time_pred = 0.066585
iter 39: cpu_time_cuda = 0.060150
iter 39: gpu_time_cuda = 0.066084
iter 39: download_copy_time_cuda = 0.001663
iter 39: upload_copy_time_cuda = 0.001785

iter 40: cpu_time_pred = 0.059936
iter 40: gpu_time_pred = 0.065613
iter 40: cpu_time_cuda = 0.059627
iter 40: gpu_time_cuda = 0.066407
iter 40: download_copy_time_cuda = 0.001656
iter 40: upload_copy_time_cuda = 0.001776

iter 41: cpu_time_pred = 0.059413
iter 41: gpu_time_pred = 0.065932
iter 41: cpu_time_cuda = 0.059539
iter 41: gpu_time_cuda = 0.066223
iter 41: download_copy_time_cuda = 0.001656
iter 41: upload_copy_time_cuda = 0.001787

iter 42: cpu_time_pred = 0.059325
iter 42: gpu_time_pred = 0.065747
iter 42: cpu_time_cuda = 0.059244
iter 42: gpu_time_cuda = 0.065878
iter 42: download_copy_time_cuda = 0.001644
iter 42: upload_copy_time_cuda = 0.001783

iter 43: cpu_time_pred = 0.059030
iter 43: gpu_time_pred = 0.065404
iter 43: cpu_time_cuda = 0.058985
iter 43: gpu_time_cuda = 0.064505
iter 43: download_copy_time_cuda = 0.001639
iter 43: upload_copy_time_cuda = 0.001771

iter 44: cpu_time_pred = 0.058772
iter 44: gpu_time_pred = 0.064038
iter 44: cpu_time_cuda = 0.058944
iter 44: gpu_time_cuda = 0.064287
iter 44: download_copy_time_cuda = 0.001637
iter 44: upload_copy_time_cuda = 0.001767

iter 45: cpu_time_pred = 0.058730
iter 45: gpu_time_pred = 0.063820
iter 45: cpu_time_cuda = 0.058622
iter 45: gpu_time_cuda = 0.063525
iter 45: download_copy_time_cuda = 0.001628
iter 45: upload_copy_time_cuda = 0.001752

iter 46: cpu_time_pred = 0.058408
iter 46: gpu_time_pred = 0.063062
iter 46: cpu_time_cuda = 0.058441
iter 46: gpu_time_cuda = 0.063311
iter 46: download_copy_time_cuda = 0.001629
iter 46: upload_copy_time_cuda = 0.001745

iter 47: cpu_time_pred = 0.058227
iter 47: gpu_time_pred = 0.062848
iter 47: cpu_time_cuda = 0.058120
iter 47: gpu_time_cuda = 0.062637
iter 47: download_copy_time_cuda = 0.001617
iter 47: upload_copy_time_cuda = 0.001737

iter 48: cpu_time_pred = 0.057906
iter 48: gpu_time_pred = 0.062177
iter 48: cpu_time_cuda = 0.058215
iter 48: gpu_time_cuda = 0.062562
iter 48: download_copy_time_cuda = 0.001609
iter 48: upload_copy_time_cuda = 0.001723

iter 49: cpu_time_pred = 0.058000
iter 49: gpu_time_pred = 0.062101
iter 49: cpu_time_cuda = 0.057922
iter 49: gpu_time_cuda = 0.062051
iter 49: download_copy_time_cuda = 0.001602
iter 49: upload_copy_time_cuda = 0.001713

iter 50: cpu_time_pred = 0.057707
iter 50: gpu_time_pred = 0.061592
iter 50: cpu_time_cuda = 0.057604
iter 50: gpu_time_cuda = 0.061322
iter 50: download_copy_time_cuda = 0.001598
iter 50: upload_copy_time_cuda = 0.001715

iter 51: cpu_time_pred = 0.057390
iter 51: gpu_time_pred = 0.060867
iter 51: cpu_time_cuda = 0.057370
iter 51: gpu_time_cuda = 0.060733
iter 51: download_copy_time_cuda = 0.001591
iter 51: upload_copy_time_cuda = 0.001715

iter 52: cpu_time_pred = 0.057156
iter 52: gpu_time_pred = 0.060280
iter 52: cpu_time_cuda = 0.057522
iter 52: gpu_time_cuda = 0.060768
iter 52: download_copy_time_cuda = 0.001587
iter 52: upload_copy_time_cuda = 0.001707

iter 53: cpu_time_pred = 0.057306
iter 53: gpu_time_pred = 0.060313
iter 53: cpu_time_cuda = 0.056988
iter 53: gpu_time_cuda = 0.060054
iter 53: download_copy_time_cuda = 0.001580
iter 53: upload_copy_time_cuda = 0.001706

iter 54: cpu_time_pred = 0.056774
iter 54: gpu_time_pred = 0.059603
iter 54: cpu_time_cuda = 0.056853
iter 54: gpu_time_cuda = 0.060120
iter 54: download_copy_time_cuda = 0.001573
iter 54: upload_copy_time_cuda = 0.001693

iter 55: cpu_time_pred = 0.056638
iter 55: gpu_time_pred = 0.059667
iter 55: cpu_time_cuda = 0.056782
iter 55: gpu_time_cuda = 0.059811
iter 55: download_copy_time_cuda = 0.001568
iter 55: upload_copy_time_cuda = 0.001686

iter 56: cpu_time_pred = 0.056567
iter 56: gpu_time_pred = 0.059359
iter 56: cpu_time_cuda = 0.056199
iter 56: gpu_time_cuda = 0.058903
iter 56: download_copy_time_cuda = 0.001573
iter 56: upload_copy_time_cuda = 0.001686

iter 57: cpu_time_pred = 0.055985
iter 57: gpu_time_pred = 0.058456
iter 57: cpu_time_cuda = 0.056178
iter 57: gpu_time_cuda = 0.058104
iter 57: download_copy_time_cuda = 0.001555
iter 57: upload_copy_time_cuda = 0.001672

iter 58: cpu_time_pred = 0.055963
iter 58: gpu_time_pred = 0.057661
iter 58: cpu_time_cuda = 0.055883
iter 58: gpu_time_cuda = 0.058303
iter 58: download_copy_time_cuda = 0.001559
iter 58: upload_copy_time_cuda = 0.001676

iter 59: cpu_time_pred = 0.055669
iter 59: gpu_time_pred = 0.057857
iter 59: cpu_time_cuda = 0.055747
iter 59: gpu_time_cuda = 0.057197
iter 59: download_copy_time_cuda = 0.001545
iter 59: upload_copy_time_cuda = 0.001662

iter 60: cpu_time_pred = 0.055533
iter 60: gpu_time_pred = 0.056758
iter 60: cpu_time_cuda = 0.055365
iter 60: gpu_time_cuda = 0.057975
iter 60: download_copy_time_cuda = 0.001539
iter 60: upload_copy_time_cuda = 0.001657

iter 61: cpu_time_pred = 0.055151
iter 61: gpu_time_pred = 0.057528
iter 61: cpu_time_cuda = 0.055182
iter 61: gpu_time_cuda = 0.056878
iter 61: download_copy_time_cuda = 0.001531
iter 61: upload_copy_time_cuda = 0.001651

iter 62: cpu_time_pred = 0.054968
iter 62: gpu_time_pred = 0.056438
iter 62: cpu_time_cuda = 0.055369
iter 62: gpu_time_cuda = 0.056456
iter 62: download_copy_time_cuda = 0.001530
iter 62: upload_copy_time_cuda = 0.001646

iter 63: cpu_time_pred = 0.055154
iter 63: gpu_time_pred = 0.056017
iter 63: cpu_time_cuda = 0.054849
iter 63: gpu_time_cuda = 0.055517
iter 63: download_copy_time_cuda = 0.001520
iter 63: upload_copy_time_cuda = 0.001643

iter 64: cpu_time_pred = 0.054635
iter 64: gpu_time_pred = 0.055084
iter 64: cpu_time_cuda = 0.054618
iter 64: gpu_time_cuda = 0.055619
iter 64: download_copy_time_cuda = 0.001515
iter 64: upload_copy_time_cuda = 0.001630

iter 65: cpu_time_pred = 0.054403
iter 65: gpu_time_pred = 0.055184
iter 65: cpu_time_cuda = 0.054294
iter 65: gpu_time_cuda = 0.054635
iter 65: download_copy_time_cuda = 0.001516
iter 65: upload_copy_time_cuda = 0.001622

iter 66: cpu_time_pred = 0.054080
iter 66: gpu_time_pred = 0.054206
iter 66: cpu_time_cuda = 0.054084
iter 66: gpu_time_cuda = 0.054694
iter 66: download_copy_time_cuda = 0.001505
iter 66: upload_copy_time_cuda = 0.001615

iter 67: cpu_time_pred = 0.053870
iter 67: gpu_time_pred = 0.054262
iter 67: cpu_time_cuda = 0.053872
iter 67: gpu_time_cuda = 0.054538
iter 67: download_copy_time_cuda = 0.001499
iter 67: upload_copy_time_cuda = 0.001609

iter 68: cpu_time_pred = 0.053658
iter 68: gpu_time_pred = 0.054106
iter 68: cpu_time_cuda = 0.053702
iter 68: gpu_time_cuda = 0.054357
iter 68: download_copy_time_cuda = 0.001500
iter 68: upload_copy_time_cuda = 0.001607

iter 69: cpu_time_pred = 0.053488
iter 69: gpu_time_pred = 0.053925
iter 69: cpu_time_cuda = 0.024769
iter 69: gpu_time_cuda = 0.053219
iter 69: download_copy_time_cuda = 0.001489
iter 69: upload_copy_time_cuda = 0.001595

iter 70: cpu_time_pred = 0.024670
iter 70: gpu_time_pred = 0.052794
iter 70: cpu_time_cuda = 0.024595
iter 70: gpu_time_cuda = 0.053226
iter 70: download_copy_time_cuda = 0.001470
iter 70: upload_copy_time_cuda = 0.001589

iter 71: cpu_time_pred = 0.024496
iter 71: gpu_time_pred = 0.052800
iter 71: cpu_time_cuda = 0.024482
iter 71: gpu_time_cuda = 0.052143
iter 71: download_copy_time_cuda = 0.001464
iter 71: upload_copy_time_cuda = 0.001578

iter 72: cpu_time_pred = 0.024384
iter 72: gpu_time_pred = 0.051724
iter 72: cpu_time_cuda = 0.024556
iter 72: gpu_time_cuda = 0.052266
iter 72: download_copy_time_cuda = 0.001458
iter 72: upload_copy_time_cuda = 0.001577

iter 73: cpu_time_pred = 0.024457
iter 73: gpu_time_pred = 0.051843
iter 73: cpu_time_cuda = 0.024349
iter 73: gpu_time_cuda = 0.051695
iter 73: download_copy_time_cuda = 0.001453
iter 73: upload_copy_time_cuda = 0.001565

iter 74: cpu_time_pred = 0.024250
iter 74: gpu_time_pred = 0.051275
iter 74: cpu_time_cuda = 0.024230
iter 74: gpu_time_cuda = 0.051410
iter 74: download_copy_time_cuda = 0.001446
iter 74: upload_copy_time_cuda = 0.001568

iter 75: cpu_time_pred = 0.024131
iter 75: gpu_time_pred = 0.050991
iter 75: cpu_time_cuda = 0.024105
iter 75: gpu_time_cuda = 0.050743
iter 75: download_copy_time_cuda = 0.001441
iter 75: upload_copy_time_cuda = 0.001553

iter 76: cpu_time_pred = 0.024006
iter 76: gpu_time_pred = 0.050328
iter 76: cpu_time_cuda = 0.024017
iter 76: gpu_time_cuda = 0.050280
iter 76: download_copy_time_cuda = 0.001435
iter 76: upload_copy_time_cuda = 0.001554

iter 77: cpu_time_pred = 0.023918
iter 77: gpu_time_pred = 0.049867
iter 77: cpu_time_cuda = 0.024006
iter 77: gpu_time_cuda = 0.049679
iter 77: download_copy_time_cuda = 0.001429
iter 77: upload_copy_time_cuda = 0.001540

iter 78: cpu_time_pred = 0.023907
iter 78: gpu_time_pred = 0.049269
iter 78: cpu_time_cuda = 0.023917
iter 78: gpu_time_cuda = 0.049865
iter 78: download_copy_time_cuda = 0.001423
iter 78: upload_copy_time_cuda = 0.001529

iter 79: cpu_time_pred = 0.023818
iter 79: gpu_time_pred = 0.049452
iter 79: cpu_time_cuda = 0.023706
iter 79: gpu_time_cuda = 0.049174
iter 79: download_copy_time_cuda = 0.001417
iter 79: upload_copy_time_cuda = 0.001524

iter 80: cpu_time_pred = 0.023607
iter 80: gpu_time_pred = 0.048765
iter 80: cpu_time_cuda = 0.023614
iter 80: gpu_time_cuda = 0.049130
iter 80: download_copy_time_cuda = 0.001411
iter 80: upload_copy_time_cuda = 0.001521

iter 81: cpu_time_pred = 0.023516
iter 81: gpu_time_pred = 0.048720
iter 81: cpu_time_cuda = 0.023600
iter 81: gpu_time_cuda = 0.048520
iter 81: download_copy_time_cuda = 0.001406
iter 81: upload_copy_time_cuda = 0.001519

iter 82: cpu_time_pred = 0.023500
iter 82: gpu_time_pred = 0.048113
iter 82: cpu_time_cuda = 0.023415
iter 82: gpu_time_cuda = 0.048213
iter 82: download_copy_time_cuda = 0.001399
iter 82: upload_copy_time_cuda = 0.001509

iter 83: cpu_time_pred = 0.023316
iter 83: gpu_time_pred = 0.047807
iter 83: cpu_time_cuda = 0.023309
iter 83: gpu_time_cuda = 0.047384
iter 83: download_copy_time_cuda = 0.001395
iter 83: upload_copy_time_cuda = 0.001499

iter 84: cpu_time_pred = 0.023210
iter 84: gpu_time_pred = 0.046983
iter 84: cpu_time_cuda = 0.023235
iter 84: gpu_time_cuda = 0.047513
iter 84: download_copy_time_cuda = 0.001387
iter 84: upload_copy_time_cuda = 0.001496

iter 85: cpu_time_pred = 0.023137
iter 85: gpu_time_pred = 0.047110
iter 85: cpu_time_cuda = 0.023216
iter 85: gpu_time_cuda = 0.046652
iter 85: download_copy_time_cuda = 0.001383
iter 85: upload_copy_time_cuda = 0.001492

iter 86: cpu_time_pred = 0.023117
iter 86: gpu_time_pred = 0.046254
iter 86: cpu_time_cuda = 0.023026
iter 86: gpu_time_cuda = 0.046582
iter 86: download_copy_time_cuda = 0.001376
iter 86: upload_copy_time_cuda = 0.001483

iter 87: cpu_time_pred = 0.022927
iter 87: gpu_time_pred = 0.046183
iter 87: cpu_time_cuda = 0.022919
iter 87: gpu_time_cuda = 0.046202
iter 87: download_copy_time_cuda = 0.001371
iter 87: upload_copy_time_cuda = 0.001485

iter 88: cpu_time_pred = 0.022820
iter 88: gpu_time_pred = 0.045805
iter 88: cpu_time_cuda = 0.022827
iter 88: gpu_time_cuda = 0.045752
iter 88: download_copy_time_cuda = 0.001364
iter 88: upload_copy_time_cuda = 0.001471

iter 89: cpu_time_pred = 0.022729
iter 89: gpu_time_pred = 0.045357
iter 89: cpu_time_cuda = 0.022786
iter 89: gpu_time_cuda = 0.045006
iter 89: download_copy_time_cuda = 0.001366
iter 89: upload_copy_time_cuda = 0.001463

iter 90: cpu_time_pred = 0.022687
iter 90: gpu_time_pred = 0.044616
iter 90: cpu_time_cuda = 0.022651
iter 90: gpu_time_cuda = 0.045070
iter 90: download_copy_time_cuda = 0.001353
iter 90: upload_copy_time_cuda = 0.001457

iter 91: cpu_time_pred = 0.022553
iter 91: gpu_time_pred = 0.044677
iter 91: cpu_time_cuda = 0.022557
iter 91: gpu_time_cuda = 0.044314
iter 91: download_copy_time_cuda = 0.001345
iter 91: upload_copy_time_cuda = 0.001460

iter 92: cpu_time_pred = 0.022458
iter 92: gpu_time_pred = 0.043926
iter 92: cpu_time_cuda = 0.022524
iter 92: gpu_time_cuda = 0.044684
iter 92: download_copy_time_cuda = 0.001339
iter 92: upload_copy_time_cuda = 0.001442

iter 93: cpu_time_pred = 0.022425
iter 93: gpu_time_pred = 0.044291
iter 93: cpu_time_cuda = 0.022371
iter 93: gpu_time_cuda = 0.043663
iter 93: download_copy_time_cuda = 0.001334
iter 93: upload_copy_time_cuda = 0.001440

iter 94: cpu_time_pred = 0.022272
iter 94: gpu_time_pred = 0.043278
iter 94: cpu_time_cuda = 0.022251
iter 94: gpu_time_cuda = 0.043479
iter 94: download_copy_time_cuda = 0.001327
iter 94: upload_copy_time_cuda = 0.001428

iter 95: cpu_time_pred = 0.022152
iter 95: gpu_time_pred = 0.043094
iter 95: cpu_time_cuda = 0.022176
iter 95: gpu_time_cuda = 0.042984
iter 95: download_copy_time_cuda = 0.001322
iter 95: upload_copy_time_cuda = 0.001425

iter 96: cpu_time_pred = 0.022077
iter 96: gpu_time_pred = 0.042601
iter 96: cpu_time_cuda = 0.022225
iter 96: gpu_time_cuda = 0.042706
iter 96: download_copy_time_cuda = 0.001316
iter 96: upload_copy_time_cuda = 0.001422

iter 97: cpu_time_pred = 0.022125
iter 97: gpu_time_pred = 0.042324
iter 97: cpu_time_cuda = 0.021965
iter 97: gpu_time_cuda = 0.041822
iter 97: download_copy_time_cuda = 0.001317
iter 97: upload_copy_time_cuda = 0.001420

iter 98: cpu_time_pred = 0.021866
iter 98: gpu_time_pred = 0.041446
iter 98: cpu_time_cuda = 0.021848
iter 98: gpu_time_cuda = 0.041972
iter 98: download_copy_time_cuda = 0.001304
iter 98: upload_copy_time_cuda = 0.001405

iter 99: cpu_time_pred = 0.021749
iter 99: gpu_time_pred = 0.041593
iter 99: cpu_time_cuda = 0.022033
iter 99: gpu_time_cuda = 0.041840
iter 99: download_copy_time_cuda = 0.001298
iter 99: upload_copy_time_cuda = 0.001408

iter 100: cpu_time_pred = 0.021933
iter 100: gpu_time_pred = 0.041460
iter 100: cpu_time_cuda = 0.021670
iter 100: gpu_time_cuda = 0.041277
iter 100: download_copy_time_cuda = 0.001293
iter 100: upload_copy_time_cuda = 0.001390

iter 101: cpu_time_pred = 0.021571
iter 101: gpu_time_pred = 0.040901
iter 101: cpu_time_cuda = 0.021832
iter 101: gpu_time_cuda = 0.041243
iter 101: download_copy_time_cuda = 0.001288
iter 101: upload_copy_time_cuda = 0.001391

iter 102: cpu_time_pred = 0.021732
iter 102: gpu_time_pred = 0.040866
iter 102: cpu_time_cuda = 0.021613
iter 102: gpu_time_cuda = 0.040670
iter 102: download_copy_time_cuda = 0.001280
iter 102: upload_copy_time_cuda = 0.001380

iter 103: cpu_time_pred = 0.021513
iter 103: gpu_time_pred = 0.040296
iter 103: cpu_time_cuda = 0.021380
iter 103: gpu_time_cuda = 0.039898
iter 103: download_copy_time_cuda = 0.001275
iter 103: upload_copy_time_cuda = 0.001375

iter 104: cpu_time_pred = 0.021281
iter 104: gpu_time_pred = 0.039530
iter 104: cpu_time_cuda = 0.021287
iter 104: gpu_time_cuda = 0.040203
iter 104: download_copy_time_cuda = 0.001268
iter 104: upload_copy_time_cuda = 0.001369

iter 105: cpu_time_pred = 0.021188
iter 105: gpu_time_pred = 0.039830
iter 105: cpu_time_cuda = 0.021312
iter 105: gpu_time_cuda = 0.039794
iter 105: download_copy_time_cuda = 0.001265
iter 105: upload_copy_time_cuda = 0.001360

iter 106: cpu_time_pred = 0.021212
iter 106: gpu_time_pred = 0.039423
iter 106: cpu_time_cuda = 0.021128
iter 106: gpu_time_cuda = 0.039312
iter 106: download_copy_time_cuda = 0.001258
iter 106: upload_copy_time_cuda = 0.001355

iter 107: cpu_time_pred = 0.021029
iter 107: gpu_time_pred = 0.038944
iter 107: cpu_time_cuda = 0.020997
iter 107: gpu_time_cuda = 0.038449
iter 107: download_copy_time_cuda = 0.001250
iter 107: upload_copy_time_cuda = 0.001347

iter 108: cpu_time_pred = 0.020898
iter 108: gpu_time_pred = 0.038087
iter 108: cpu_time_cuda = 0.020860
iter 108: gpu_time_cuda = 0.038275
iter 108: download_copy_time_cuda = 0.001245
iter 108: upload_copy_time_cuda = 0.001344

iter 109: cpu_time_pred = 0.020761
iter 109: gpu_time_pred = 0.037913
iter 109: cpu_time_cuda = 0.020799
iter 109: gpu_time_cuda = 0.037721
iter 109: download_copy_time_cuda = 0.001239
iter 109: upload_copy_time_cuda = 0.001337

iter 110: cpu_time_pred = 0.020700
iter 110: gpu_time_pred = 0.037363
iter 110: cpu_time_cuda = 0.020746
iter 110: gpu_time_cuda = 0.037915
iter 110: download_copy_time_cuda = 0.001234
iter 110: upload_copy_time_cuda = 0.001329

iter 111: cpu_time_pred = 0.020646
iter 111: gpu_time_pred = 0.037553
iter 111: cpu_time_cuda = 0.020618
iter 111: gpu_time_cuda = 0.037009
iter 111: download_copy_time_cuda = 0.001227
iter 111: upload_copy_time_cuda = 0.001325

iter 112: cpu_time_pred = 0.020519
iter 112: gpu_time_pred = 0.036654
iter 112: cpu_time_cuda = 0.020473
iter 112: gpu_time_cuda = 0.037062
iter 112: download_copy_time_cuda = 0.001220
iter 112: upload_copy_time_cuda = 0.001319

iter 113: cpu_time_pred = 0.020374
iter 113: gpu_time_pred = 0.036705
iter 113: cpu_time_cuda = 0.020500
iter 113: gpu_time_cuda = 0.036590
iter 113: download_copy_time_cuda = 0.001215
iter 113: upload_copy_time_cuda = 0.001313

iter 114: cpu_time_pred = 0.020401
iter 114: gpu_time_pred = 0.036236
iter 114: cpu_time_cuda = 0.020287
iter 114: gpu_time_cuda = 0.036869
iter 114: download_copy_time_cuda = 0.001208
iter 114: upload_copy_time_cuda = 0.001304

iter 115: cpu_time_pred = 0.020188
iter 115: gpu_time_pred = 0.036511
iter 115: cpu_time_cuda = 0.020262
iter 115: gpu_time_cuda = 0.036021
iter 115: download_copy_time_cuda = 0.001202
iter 115: upload_copy_time_cuda = 0.001305

iter 116: cpu_time_pred = 0.020163
iter 116: gpu_time_pred = 0.035669
iter 116: cpu_time_cuda = 0.020125
iter 116: gpu_time_cuda = 0.035679
iter 116: download_copy_time_cuda = 0.001197
iter 116: upload_copy_time_cuda = 0.001294

iter 117: cpu_time_pred = 0.020026
iter 117: gpu_time_pred = 0.035328
iter 117: cpu_time_cuda = 0.020236
iter 117: gpu_time_cuda = 0.034840
iter 117: download_copy_time_cuda = 0.001196
iter 117: upload_copy_time_cuda = 0.001285

iter 118: cpu_time_pred = 0.020136
iter 118: gpu_time_pred = 0.034496
iter 118: cpu_time_cuda = 0.019973
iter 118: gpu_time_cuda = 0.035115
iter 118: download_copy_time_cuda = 0.001185
iter 118: upload_copy_time_cuda = 0.001282

iter 119: cpu_time_pred = 0.019874
iter 119: gpu_time_pred = 0.034767
iter 119: cpu_time_cuda = 0.019812
iter 119: gpu_time_cuda = 0.034421
iter 119: download_copy_time_cuda = 0.001183
iter 119: upload_copy_time_cuda = 0.001276

iter 120: cpu_time_pred = 0.019713
iter 120: gpu_time_pred = 0.034078
iter 120: cpu_time_cuda = 0.019749
iter 120: gpu_time_cuda = 0.034594
iter 120: download_copy_time_cuda = 0.001172
iter 120: upload_copy_time_cuda = 0.001268

iter 121: cpu_time_pred = 0.019650
iter 121: gpu_time_pred = 0.034248
iter 121: cpu_time_cuda = 0.019627
iter 121: gpu_time_cuda = 0.033730
iter 121: download_copy_time_cuda = 0.001167
iter 121: upload_copy_time_cuda = 0.001271

iter 122: cpu_time_pred = 0.019528
iter 122: gpu_time_pred = 0.033390
iter 122: cpu_time_cuda = 0.019519
iter 122: gpu_time_cuda = 0.034030
iter 122: download_copy_time_cuda = 0.001168
iter 122: upload_copy_time_cuda = 0.001256

iter 123: cpu_time_pred = 0.019420
iter 123: gpu_time_pred = 0.033685
iter 123: cpu_time_cuda = 0.019467
iter 123: gpu_time_cuda = 0.033503
iter 123: download_copy_time_cuda = 0.001155
iter 123: upload_copy_time_cuda = 0.001247

iter 124: cpu_time_pred = 0.019368
iter 124: gpu_time_pred = 0.033162
iter 124: cpu_time_cuda = 0.019339
iter 124: gpu_time_cuda = 0.033130
iter 124: download_copy_time_cuda = 0.001147
iter 124: upload_copy_time_cuda = 0.001241

iter 125: cpu_time_pred = 0.019240
iter 125: gpu_time_pred = 0.032791
iter 125: cpu_time_cuda = 0.019255
iter 125: gpu_time_cuda = 0.032610
iter 125: download_copy_time_cuda = 0.001145
iter 125: upload_copy_time_cuda = 0.001241

iter 126: cpu_time_pred = 0.019156
iter 126: gpu_time_pred = 0.032274
iter 126: cpu_time_cuda = 0.019186
iter 126: gpu_time_cuda = 0.032183
iter 126: download_copy_time_cuda = 0.001142
iter 126: upload_copy_time_cuda = 0.001228

iter 127: cpu_time_pred = 0.019087
iter 127: gpu_time_pred = 0.031850
iter 127: cpu_time_cuda = 0.019067
iter 127: gpu_time_cuda = 0.031618
iter 127: download_copy_time_cuda = 0.001133
iter 127: upload_copy_time_cuda = 0.001224

iter 128: cpu_time_pred = 0.018968
iter 128: gpu_time_pred = 0.031290
iter 128: cpu_time_cuda = 0.018957
iter 128: gpu_time_cuda = 0.031526
iter 128: download_copy_time_cuda = 0.001126
iter 128: upload_copy_time_cuda = 0.001217

iter 129: cpu_time_pred = 0.018858
iter 129: gpu_time_pred = 0.031196
iter 129: cpu_time_cuda = 0.018927
iter 129: gpu_time_cuda = 0.030881
iter 129: download_copy_time_cuda = 0.001121
iter 129: upload_copy_time_cuda = 0.001211

iter 130: cpu_time_pred = 0.018828
iter 130: gpu_time_pred = 0.030556
iter 130: cpu_time_cuda = 0.018731
iter 130: gpu_time_cuda = 0.031575
iter 130: download_copy_time_cuda = 0.001117
iter 130: upload_copy_time_cuda = 0.001206

iter 131: cpu_time_pred = 0.018632
iter 131: gpu_time_pred = 0.031241
iter 131: cpu_time_cuda = 0.018707
iter 131: gpu_time_cuda = 0.031265
iter 131: download_copy_time_cuda = 0.001111
iter 131: upload_copy_time_cuda = 0.001197

iter 132: cpu_time_pred = 0.018608
iter 132: gpu_time_pred = 0.030933
iter 132: cpu_time_cuda = 0.018598
iter 132: gpu_time_cuda = 0.030331
iter 132: download_copy_time_cuda = 0.001106
iter 132: upload_copy_time_cuda = 0.001193

iter 133: cpu_time_pred = 0.018498
iter 133: gpu_time_pred = 0.030007
iter 133: cpu_time_cuda = 0.018489
iter 133: gpu_time_cuda = 0.029667
iter 133: download_copy_time_cuda = 0.001101
iter 133: upload_copy_time_cuda = 0.001192

iter 134: cpu_time_pred = 0.018389
iter 134: gpu_time_pred = 0.029349
iter 134: cpu_time_cuda = 0.018396
iter 134: gpu_time_cuda = 0.029507
iter 134: download_copy_time_cuda = 0.001091
iter 134: upload_copy_time_cuda = 0.001185

iter 135: cpu_time_pred = 0.018296
iter 135: gpu_time_pred = 0.029189
iter 135: cpu_time_cuda = 0.018286
iter 135: gpu_time_cuda = 0.029220
iter 135: download_copy_time_cuda = 0.001094
iter 135: upload_copy_time_cuda = 0.001172

iter 136: cpu_time_pred = 0.018186
iter 136: gpu_time_pred = 0.028903
iter 136: cpu_time_cuda = 0.018164
iter 136: gpu_time_cuda = 0.029411
iter 136: download_copy_time_cuda = 0.001080
iter 136: upload_copy_time_cuda = 0.001167

iter 137: cpu_time_pred = 0.018065
iter 137: gpu_time_pred = 0.029091
iter 137: cpu_time_cuda = 0.018132
iter 137: gpu_time_cuda = 0.028823
iter 137: download_copy_time_cuda = 0.001075
iter 137: upload_copy_time_cuda = 0.001160

iter 138: cpu_time_pred = 0.018032
iter 138: gpu_time_pred = 0.028507
iter 138: cpu_time_cuda = 0.017965
iter 138: gpu_time_cuda = 0.028626
iter 138: download_copy_time_cuda = 0.001068
iter 138: upload_copy_time_cuda = 0.001156

iter 139: cpu_time_pred = 0.017866
iter 139: gpu_time_pred = 0.028311
iter 139: cpu_time_cuda = 0.017875
iter 139: gpu_time_cuda = 0.027942
iter 139: download_copy_time_cuda = 0.001065
iter 139: upload_copy_time_cuda = 0.001148

iter 140: cpu_time_pred = 0.017776
iter 140: gpu_time_pred = 0.027633
iter 140: cpu_time_cuda = 0.017805
iter 140: gpu_time_cuda = 0.028075
iter 140: download_copy_time_cuda = 0.001058
iter 140: upload_copy_time_cuda = 0.001142

iter 141: cpu_time_pred = 0.017706
iter 141: gpu_time_pred = 0.027762
iter 141: cpu_time_cuda = 0.017708
iter 141: gpu_time_cuda = 0.027234
iter 141: download_copy_time_cuda = 0.001050
iter 141: upload_copy_time_cuda = 0.001135

iter 142: cpu_time_pred = 0.017609
iter 142: gpu_time_pred = 0.026929
iter 142: cpu_time_cuda = 0.017604
iter 142: gpu_time_cuda = 0.027387
iter 142: download_copy_time_cuda = 0.001054
iter 142: upload_copy_time_cuda = 0.001130

iter 143: cpu_time_pred = 0.017505
iter 143: gpu_time_pred = 0.027079
iter 143: cpu_time_cuda = 0.017552
iter 143: gpu_time_cuda = 0.026746
iter 143: download_copy_time_cuda = 0.001041
iter 143: upload_copy_time_cuda = 0.001124

iter 144: cpu_time_pred = 0.017452
iter 144: gpu_time_pred = 0.026443
iter 144: cpu_time_cuda = 0.017409
iter 144: gpu_time_cuda = 0.026951
iter 144: download_copy_time_cuda = 0.001036
iter 144: upload_copy_time_cuda = 0.001205

iter 145: cpu_time_pred = 0.017309
iter 145: gpu_time_pred = 0.026644
iter 145: cpu_time_cuda = 0.017393
iter 145: gpu_time_cuda = 0.026313
iter 145: download_copy_time_cuda = 0.001026
iter 145: upload_copy_time_cuda = 0.001114

iter 146: cpu_time_pred = 0.017293
iter 146: gpu_time_pred = 0.026012
iter 146: cpu_time_cuda = 0.017180
iter 146: gpu_time_cuda = 0.026400
iter 146: download_copy_time_cuda = 0.001023
iter 146: upload_copy_time_cuda = 0.001104

iter 147: cpu_time_pred = 0.017081
iter 147: gpu_time_pred = 0.026096
iter 147: cpu_time_cuda = 0.017122
iter 147: gpu_time_cuda = 0.025723
iter 147: download_copy_time_cuda = 0.001013
iter 147: upload_copy_time_cuda = 0.001100

iter 148: cpu_time_pred = 0.017022
iter 148: gpu_time_pred = 0.025425
iter 148: cpu_time_cuda = 0.017017
iter 148: gpu_time_cuda = 0.025759
iter 148: download_copy_time_cuda = 0.001010
iter 148: upload_copy_time_cuda = 0.001098

iter 149: cpu_time_pred = 0.016918
iter 149: gpu_time_pred = 0.025459
iter 149: cpu_time_cuda = 0.016884
iter 149: gpu_time_cuda = 0.025126
iter 149: download_copy_time_cuda = 0.001004
iter 149: upload_copy_time_cuda = 0.001087

iter 150: cpu_time_pred = 0.016784
iter 150: gpu_time_pred = 0.024832
iter 150: cpu_time_cuda = 0.016782
iter 150: gpu_time_cuda = 0.025687
iter 150: download_copy_time_cuda = 0.000997
iter 150: upload_copy_time_cuda = 0.001086

iter 151: cpu_time_pred = 0.016683
iter 151: gpu_time_pred = 0.025384
iter 151: cpu_time_cuda = 0.016705
iter 151: gpu_time_cuda = 0.024809
iter 151: download_copy_time_cuda = 0.001006
iter 151: upload_copy_time_cuda = 0.001075

iter 152: cpu_time_pred = 0.016605
iter 152: gpu_time_pred = 0.024515
iter 152: cpu_time_cuda = 0.016589
iter 152: gpu_time_cuda = 0.024515
iter 152: download_copy_time_cuda = 0.000987
iter 152: upload_copy_time_cuda = 0.001066

iter 153: cpu_time_pred = 0.016490
iter 153: gpu_time_pred = 0.024222
iter 153: cpu_time_cuda = 0.016519
iter 153: gpu_time_cuda = 0.023716
iter 153: download_copy_time_cuda = 0.000982
iter 153: upload_copy_time_cuda = 0.001063

iter 154: cpu_time_pred = 0.016419
iter 154: gpu_time_pred = 0.023431
iter 154: cpu_time_cuda = 0.016442
iter 154: gpu_time_cuda = 0.023699
iter 154: download_copy_time_cuda = 0.000975
iter 154: upload_copy_time_cuda = 0.001055

iter 155: cpu_time_pred = 0.016342
iter 155: gpu_time_pred = 0.023413
iter 155: cpu_time_cuda = 0.016324
iter 155: gpu_time_cuda = 0.023432
iter 155: download_copy_time_cuda = 0.000977
iter 155: upload_copy_time_cuda = 0.001050

iter 156: cpu_time_pred = 0.016225
iter 156: gpu_time_pred = 0.023147
iter 156: cpu_time_cuda = 0.016249
iter 156: gpu_time_cuda = 0.023720
iter 156: download_copy_time_cuda = 0.000964
iter 156: upload_copy_time_cuda = 0.001041

iter 157: cpu_time_pred = 0.016149
iter 157: gpu_time_pred = 0.023430
iter 157: cpu_time_cuda = 0.016347
iter 157: gpu_time_cuda = 0.022741
iter 157: download_copy_time_cuda = 0.000960
iter 157: upload_copy_time_cuda = 0.001039

iter 158: cpu_time_pred = 0.016246
iter 158: gpu_time_pred = 0.022461
iter 158: cpu_time_cuda = 0.016044
iter 158: gpu_time_cuda = 0.022582
iter 158: download_copy_time_cuda = 0.000954
iter 158: upload_copy_time_cuda = 0.001033

iter 159: cpu_time_pred = 0.015944
iter 159: gpu_time_pred = 0.022302
iter 159: cpu_time_cuda = 0.015987
iter 159: gpu_time_cuda = 0.022044
iter 159: download_copy_time_cuda = 0.000946
iter 159: upload_copy_time_cuda = 0.001025

iter 160: cpu_time_pred = 0.015887
iter 160: gpu_time_pred = 0.021769
iter 160: cpu_time_cuda = 0.015830
iter 160: gpu_time_cuda = 0.022417
iter 160: download_copy_time_cuda = 0.000941
iter 160: upload_copy_time_cuda = 0.001018

iter 161: cpu_time_pred = 0.015730
iter 161: gpu_time_pred = 0.022136
iter 161: cpu_time_cuda = 0.015782
iter 161: gpu_time_cuda = 0.021644
iter 161: download_copy_time_cuda = 0.000936
iter 161: upload_copy_time_cuda = 0.001011

iter 162: cpu_time_pred = 0.015683
iter 162: gpu_time_pred = 0.021371
iter 162: cpu_time_cuda = 0.015660
iter 162: gpu_time_cuda = 0.022233
iter 162: download_copy_time_cuda = 0.000932
iter 162: upload_copy_time_cuda = 0.001010

iter 163: cpu_time_pred = 0.015561
iter 163: gpu_time_pred = 0.021950
iter 163: cpu_time_cuda = 0.015535
iter 163: gpu_time_cuda = 0.023418
iter 163: download_copy_time_cuda = 0.000925
iter 163: upload_copy_time_cuda = 0.000996

iter 164: cpu_time_pred = 0.015435
iter 164: gpu_time_pred = 0.023118
iter 164: cpu_time_cuda = 0.015447
iter 164: gpu_time_cuda = 0.021206
iter 164: download_copy_time_cuda = 0.000922
iter 164: upload_copy_time_cuda = 0.000993

iter 165: cpu_time_pred = 0.015348
iter 165: gpu_time_pred = 0.020933
iter 165: cpu_time_cuda = 0.015357
iter 165: gpu_time_cuda = 0.020559
iter 165: download_copy_time_cuda = 0.000916
iter 165: upload_copy_time_cuda = 0.000989

iter 166: cpu_time_pred = 0.015257
iter 166: gpu_time_pred = 0.020293
iter 166: cpu_time_cuda = 0.015290
iter 166: gpu_time_cuda = 0.020406
iter 166: download_copy_time_cuda = 0.000907
iter 166: upload_copy_time_cuda = 0.000980

iter 167: cpu_time_pred = 0.015190
iter 167: gpu_time_pred = 0.020140
iter 167: cpu_time_cuda = 0.015153
iter 167: gpu_time_cuda = 0.020249
iter 167: download_copy_time_cuda = 0.000907
iter 167: upload_copy_time_cuda = 0.000976

iter 168: cpu_time_pred = 0.015054
iter 168: gpu_time_pred = 0.019984
iter 168: cpu_time_cuda = 0.015061
iter 168: gpu_time_cuda = 0.020164
iter 168: download_copy_time_cuda = 0.000896
iter 168: upload_copy_time_cuda = 0.000968

iter 169: cpu_time_pred = 0.014961
iter 169: gpu_time_pred = 0.019898
iter 169: cpu_time_cuda = 0.014962
iter 169: gpu_time_cuda = 0.019750
iter 169: download_copy_time_cuda = 0.000890
iter 169: upload_copy_time_cuda = 0.000960

iter 170: cpu_time_pred = 0.014862
iter 170: gpu_time_pred = 0.019488
iter 170: cpu_time_cuda = 0.014844
iter 170: gpu_time_cuda = 0.019539
iter 170: download_copy_time_cuda = 0.000885
iter 170: upload_copy_time_cuda = 0.000955

iter 171: cpu_time_pred = 0.014744
iter 171: gpu_time_pred = 0.019277
iter 171: cpu_time_cuda = 0.014853
iter 171: gpu_time_cuda = 0.019010
iter 171: download_copy_time_cuda = 0.000879
iter 171: upload_copy_time_cuda = 0.000949

iter 172: cpu_time_pred = 0.014753
iter 172: gpu_time_pred = 0.018754
iter 172: cpu_time_cuda = 0.014652
iter 172: gpu_time_cuda = 0.018933
iter 172: download_copy_time_cuda = 0.000874
iter 172: upload_copy_time_cuda = 0.000947

iter 173: cpu_time_pred = 0.014552
iter 173: gpu_time_pred = 0.018677
iter 173: cpu_time_cuda = 0.014540
iter 173: gpu_time_cuda = 0.019460
iter 173: download_copy_time_cuda = 0.000875
iter 173: upload_copy_time_cuda = 0.000940

iter 174: cpu_time_pred = 0.014440
iter 174: gpu_time_pred = 0.019194
iter 174: cpu_time_cuda = 0.014545
iter 174: gpu_time_cuda = 0.018654
iter 174: download_copy_time_cuda = 0.000863
iter 174: upload_copy_time_cuda = 0.000930

iter 175: cpu_time_pred = 0.014445
iter 175: gpu_time_pred = 0.018398
iter 175: cpu_time_cuda = 0.014373
iter 175: gpu_time_cuda = 0.018050
iter 175: download_copy_time_cuda = 0.000857
iter 175: upload_copy_time_cuda = 0.000923

iter 176: cpu_time_pred = 0.014273
iter 176: gpu_time_pred = 0.017801
iter 176: cpu_time_cuda = 0.014239
iter 176: gpu_time_cuda = 0.018295
iter 176: download_copy_time_cuda = 0.000848
iter 176: upload_copy_time_cuda = 0.000920

iter 177: cpu_time_pred = 0.014139
iter 177: gpu_time_pred = 0.018040
iter 177: cpu_time_cuda = 0.014208
iter 177: gpu_time_cuda = 0.017818
iter 177: download_copy_time_cuda = 0.000843
iter 177: upload_copy_time_cuda = 0.000914

iter 178: cpu_time_pred = 0.014108
iter 178: gpu_time_pred = 0.017567
iter 178: cpu_time_cuda = 0.014084
iter 178: gpu_time_cuda = 0.018292
iter 178: download_copy_time_cuda = 0.000839
iter 178: upload_copy_time_cuda = 0.000906

iter 179: cpu_time_pred = 0.013984
iter 179: gpu_time_pred = 0.018034
iter 179: cpu_time_cuda = 0.014100
iter 179: gpu_time_cuda = 0.017373
iter 179: download_copy_time_cuda = 0.000832
iter 179: upload_copy_time_cuda = 0.000900

iter 180: cpu_time_pred = 0.014000
iter 180: gpu_time_pred = 0.017125
iter 180: cpu_time_cuda = 0.013896
iter 180: gpu_time_cuda = 0.017157
iter 180: download_copy_time_cuda = 0.000827
iter 180: upload_copy_time_cuda = 0.000896

iter 181: cpu_time_pred = 0.013796
iter 181: gpu_time_pred = 0.016911
iter 181: cpu_time_cuda = 0.013818
iter 181: gpu_time_cuda = 0.016615
iter 181: download_copy_time_cuda = 0.000820
iter 181: upload_copy_time_cuda = 0.000886

iter 182: cpu_time_pred = 0.013718
iter 182: gpu_time_pred = 0.016375
iter 182: cpu_time_cuda = 0.013688
iter 182: gpu_time_cuda = 0.017315
iter 182: download_copy_time_cuda = 0.000815
iter 182: upload_copy_time_cuda = 0.000880

iter 183: cpu_time_pred = 0.013588
iter 183: gpu_time_pred = 0.017063
iter 183: cpu_time_cuda = 0.013589
iter 183: gpu_time_cuda = 0.016297
iter 183: download_copy_time_cuda = 0.000810
iter 183: upload_copy_time_cuda = 0.000873

iter 184: cpu_time_pred = 0.013489
iter 184: gpu_time_pred = 0.016059
iter 184: cpu_time_cuda = 0.013679
iter 184: gpu_time_cuda = 0.016265
iter 184: download_copy_time_cuda = 0.000804
iter 184: upload_copy_time_cuda = 0.000867

iter 185: cpu_time_pred = 0.013577
iter 185: gpu_time_pred = 0.016025
iter 185: cpu_time_cuda = 0.013375
iter 185: gpu_time_cuda = 0.015733
iter 185: download_copy_time_cuda = 0.000797
iter 185: upload_copy_time_cuda = 0.000862

iter 186: cpu_time_pred = 0.013276
iter 186: gpu_time_pred = 0.015499
iter 186: cpu_time_cuda = 0.013367
iter 186: gpu_time_cuda = 0.015736
iter 186: download_copy_time_cuda = 0.000791
iter 186: upload_copy_time_cuda = 0.000858

iter 187: cpu_time_pred = 0.013266
iter 187: gpu_time_pred = 0.015500
iter 187: cpu_time_cuda = 0.013198
iter 187: gpu_time_cuda = 0.015555
iter 187: download_copy_time_cuda = 0.000788
iter 187: upload_copy_time_cuda = 0.000850

iter 188: cpu_time_pred = 0.013098
iter 188: gpu_time_pred = 0.015320
iter 188: cpu_time_cuda = 0.013125
iter 188: gpu_time_cuda = 0.015954
iter 188: download_copy_time_cuda = 0.000784
iter 188: upload_copy_time_cuda = 0.000846

iter 189: cpu_time_pred = 0.013025
iter 189: gpu_time_pred = 0.015711
iter 189: cpu_time_cuda = 0.013024
iter 189: gpu_time_cuda = 0.015011
iter 189: download_copy_time_cuda = 0.000776
iter 189: upload_copy_time_cuda = 0.000838

iter 190: cpu_time_pred = 0.012923
iter 190: gpu_time_pred = 0.014781
iter 190: cpu_time_cuda = 0.012884
iter 190: gpu_time_cuda = 0.014907
iter 190: download_copy_time_cuda = 0.000769
iter 190: upload_copy_time_cuda = 0.000831

iter 191: cpu_time_pred = 0.012784
iter 191: gpu_time_pred = 0.014677
iter 191: cpu_time_cuda = 0.012792
iter 191: gpu_time_cuda = 0.014542
iter 191: download_copy_time_cuda = 0.000763
iter 191: upload_copy_time_cuda = 0.000823

iter 192: cpu_time_pred = 0.012692
iter 192: gpu_time_pred = 0.014316
iter 192: cpu_time_cuda = 0.012697
iter 192: gpu_time_cuda = 0.014358
iter 192: download_copy_time_cuda = 0.000757
iter 192: upload_copy_time_cuda = 0.000818

iter 193: cpu_time_pred = 0.012597
iter 193: gpu_time_pred = 0.014133
iter 193: cpu_time_cuda = 0.012563
iter 193: gpu_time_cuda = 0.014055
iter 193: download_copy_time_cuda = 0.000751
iter 193: upload_copy_time_cuda = 0.000813

iter 194: cpu_time_pred = 0.012463
iter 194: gpu_time_pred = 0.013833
iter 194: cpu_time_cuda = 0.012487
iter 194: gpu_time_cuda = 0.014398
iter 194: download_copy_time_cuda = 0.000747
iter 194: upload_copy_time_cuda = 0.000805

iter 195: cpu_time_pred = 0.012387
iter 195: gpu_time_pred = 0.014169
iter 195: cpu_time_cuda = 0.012364
iter 195: gpu_time_cuda = 0.013654
iter 195: download_copy_time_cuda = 0.000742
iter 195: upload_copy_time_cuda = 0.000802

iter 196: cpu_time_pred = 0.012264
iter 196: gpu_time_pred = 0.013435
iter 196: cpu_time_cuda = 0.012341
iter 196: gpu_time_cuda = 0.013595
iter 196: download_copy_time_cuda = 0.000740
iter 196: upload_copy_time_cuda = 0.000794

iter 197: cpu_time_pred = 0.012241
iter 197: gpu_time_pred = 0.013375
iter 197: cpu_time_cuda = 0.012210
iter 197: gpu_time_cuda = 0.013265
iter 197: download_copy_time_cuda = 0.000732
iter 197: upload_copy_time_cuda = 0.000794

iter 198: cpu_time_pred = 0.012110
iter 198: gpu_time_pred = 0.013048
iter 198: cpu_time_cuda = 0.012079
iter 198: gpu_time_cuda = 0.013096
iter 198: download_copy_time_cuda = 0.000723
iter 198: upload_copy_time_cuda = 0.000788

iter 199: cpu_time_pred = 0.011979
iter 199: gpu_time_pred = 0.012881
iter 199: cpu_time_cuda = 0.012039
iter 199: gpu_time_cuda = 0.013589
iter 199: download_copy_time_cuda = 0.000726
iter 199: upload_copy_time_cuda = 0.000775

iter 200: cpu_time_pred = 0.011939
iter 200: gpu_time_pred = 0.013364
iter 200: cpu_time_cuda = 0.011901
iter 200: gpu_time_cuda = 0.012883
iter 200: download_copy_time_cuda = 0.000711
iter 200: upload_copy_time_cuda = 0.000769

iter 201: cpu_time_pred = 0.011801
iter 201: gpu_time_pred = 0.012668
iter 201: cpu_time_cuda = 0.011795
iter 201: gpu_time_cuda = 0.012586
iter 201: download_copy_time_cuda = 0.000709
iter 201: upload_copy_time_cuda = 0.000762

iter 202: cpu_time_pred = 0.011695
iter 202: gpu_time_pred = 0.012373
iter 202: cpu_time_cuda = 0.011702
iter 202: gpu_time_cuda = 0.012358
iter 202: download_copy_time_cuda = 0.000702
iter 202: upload_copy_time_cuda = 0.000756

iter 203: cpu_time_pred = 0.011602
iter 203: gpu_time_pred = 0.012148
iter 203: cpu_time_cuda = 0.011652
iter 203: gpu_time_cuda = 0.012195
iter 203: download_copy_time_cuda = 0.000698
iter 203: upload_copy_time_cuda = 0.000749

iter 204: cpu_time_pred = 0.011552
iter 204: gpu_time_pred = 0.011986
iter 204: cpu_time_cuda = 0.011572
iter 204: gpu_time_cuda = 0.012193
iter 204: download_copy_time_cuda = 0.000694
iter 204: upload_copy_time_cuda = 0.000750

iter 205: cpu_time_pred = 0.011472
iter 205: gpu_time_pred = 0.011982
iter 205: cpu_time_cuda = 0.011418
iter 205: gpu_time_cuda = 0.011784
iter 205: download_copy_time_cuda = 0.000691
iter 205: upload_copy_time_cuda = 0.000737

iter 206: cpu_time_pred = 0.011318
iter 206: gpu_time_pred = 0.011579
iter 206: cpu_time_cuda = 0.011338
iter 206: gpu_time_cuda = 0.011717
iter 206: download_copy_time_cuda = 0.000679
iter 206: upload_copy_time_cuda = 0.000732

iter 207: cpu_time_pred = 0.011238
iter 207: gpu_time_pred = 0.011511
iter 207: cpu_time_cuda = 0.011352
iter 207: gpu_time_cuda = 0.011160
iter 207: download_copy_time_cuda = 0.000674
iter 207: upload_copy_time_cuda = 0.000725

iter 208: cpu_time_pred = 0.011251
iter 208: gpu_time_pred = 0.010962
iter 208: cpu_time_cuda = 0.011095
iter 208: gpu_time_cuda = 0.011313
iter 208: download_copy_time_cuda = 0.000665
iter 208: upload_copy_time_cuda = 0.000719

iter 209: cpu_time_pred = 0.010995
iter 209: gpu_time_pred = 0.011110
iter 209: cpu_time_cuda = 0.011008
iter 209: gpu_time_cuda = 0.012218
iter 209: download_copy_time_cuda = 0.000660
iter 209: upload_copy_time_cuda = 0.000721

iter 210: cpu_time_pred = 0.010908
iter 210: gpu_time_pred = 0.011996
iter 210: cpu_time_cuda = 0.010922
iter 210: gpu_time_cuda = 0.010728
iter 210: download_copy_time_cuda = 0.000653
iter 210: upload_copy_time_cuda = 0.000706

iter 211: cpu_time_pred = 0.010822
iter 211: gpu_time_pred = 0.010532
iter 211: cpu_time_cuda = 0.010975
iter 211: gpu_time_cuda = 0.010368
iter 211: download_copy_time_cuda = 0.000649
iter 211: upload_copy_time_cuda = 0.000700

iter 212: cpu_time_pred = 0.010873
iter 212: gpu_time_pred = 0.010177
iter 212: cpu_time_cuda = 0.010748
iter 212: gpu_time_cuda = 0.010475
iter 212: download_copy_time_cuda = 0.000642
iter 212: upload_copy_time_cuda = 0.000695

iter 213: cpu_time_pred = 0.010647
iter 213: gpu_time_pred = 0.010281
iter 213: cpu_time_cuda = 0.010620
iter 213: gpu_time_cuda = 0.010149
iter 213: download_copy_time_cuda = 0.000636
iter 213: upload_copy_time_cuda = 0.000686

iter 214: cpu_time_pred = 0.010519
iter 214: gpu_time_pred = 0.009958
iter 214: cpu_time_cuda = 0.010556
iter 214: gpu_time_cuda = 0.011609
iter 214: download_copy_time_cuda = 0.000632
iter 214: upload_copy_time_cuda = 0.000682

iter 215: cpu_time_pred = 0.010455
iter 215: gpu_time_pred = 0.011388
iter 215: cpu_time_cuda = 0.010528
iter 215: gpu_time_cuda = 0.010604
iter 215: download_copy_time_cuda = 0.000625
iter 215: upload_copy_time_cuda = 0.000675

iter 216: cpu_time_pred = 0.010427
iter 216: gpu_time_pred = 0.010401
iter 216: cpu_time_cuda = 0.010332
iter 216: gpu_time_cuda = 0.009726
iter 216: download_copy_time_cuda = 0.000618
iter 216: upload_copy_time_cuda = 0.000672

iter 217: cpu_time_pred = 0.010232
iter 217: gpu_time_pred = 0.009538
iter 217: cpu_time_cuda = 0.010260
iter 217: gpu_time_cuda = 0.009365
iter 217: download_copy_time_cuda = 0.000622
iter 217: upload_copy_time_cuda = 0.000662

iter 218: cpu_time_pred = 0.010160
iter 218: gpu_time_pred = 0.009182
iter 218: cpu_time_cuda = 0.010164
iter 218: gpu_time_cuda = 0.009241
iter 218: download_copy_time_cuda = 0.000609
iter 218: upload_copy_time_cuda = 0.000656

iter 219: cpu_time_pred = 0.010063
iter 219: gpu_time_pred = 0.009059
iter 219: cpu_time_cuda = 0.010037
iter 219: gpu_time_cuda = 0.009466
iter 219: download_copy_time_cuda = 0.000602
iter 219: upload_copy_time_cuda = 0.000656

iter 220: cpu_time_pred = 0.009937
iter 220: gpu_time_pred = 0.009278
iter 220: cpu_time_cuda = 0.009977
iter 220: gpu_time_cuda = 0.009141
iter 220: download_copy_time_cuda = 0.000597
iter 220: upload_copy_time_cuda = 0.000644

iter 221: cpu_time_pred = 0.009876
iter 221: gpu_time_pred = 0.008957
iter 221: cpu_time_cuda = 0.009854
iter 221: gpu_time_cuda = 0.008743
iter 221: download_copy_time_cuda = 0.000591
iter 221: upload_copy_time_cuda = 0.000637

iter 222: cpu_time_pred = 0.009753
iter 222: gpu_time_pred = 0.008565
iter 222: cpu_time_cuda = 0.009783
iter 222: gpu_time_cuda = 0.008632
iter 222: download_copy_time_cuda = 0.000585
iter 222: upload_copy_time_cuda = 0.000633

iter 223: cpu_time_pred = 0.009682
iter 223: gpu_time_pred = 0.008455
iter 223: cpu_time_cuda = 0.009651
iter 223: gpu_time_cuda = 0.008283
iter 223: download_copy_time_cuda = 0.000580
iter 223: upload_copy_time_cuda = 0.000624

iter 224: cpu_time_pred = 0.009550
iter 224: gpu_time_pred = 0.008112
iter 224: cpu_time_cuda = 0.009546
iter 224: gpu_time_cuda = 0.009170
iter 224: download_copy_time_cuda = 0.000573
iter 224: upload_copy_time_cuda = 0.000618

iter 225: cpu_time_pred = 0.009446
iter 225: gpu_time_pred = 0.008978
iter 225: cpu_time_cuda = 0.009589
iter 225: gpu_time_cuda = 0.008135
iter 225: download_copy_time_cuda = 0.000567
iter 225: upload_copy_time_cuda = 0.000618

iter 226: cpu_time_pred = 0.009487
iter 226: gpu_time_pred = 0.007963
iter 226: cpu_time_cuda = 0.009411
iter 226: gpu_time_cuda = 0.008365
iter 226: download_copy_time_cuda = 0.000569
iter 226: upload_copy_time_cuda = 0.000605

iter 227: cpu_time_pred = 0.009310
iter 227: gpu_time_pred = 0.008186
iter 227: cpu_time_cuda = 0.009289
iter 227: gpu_time_cuda = 0.007702
iter 227: download_copy_time_cuda = 0.000557
iter 227: upload_copy_time_cuda = 0.000600

iter 228: cpu_time_pred = 0.009188
iter 228: gpu_time_pred = 0.007535
iter 228: cpu_time_cuda = 0.009186
iter 228: gpu_time_cuda = 0.007717
iter 228: download_copy_time_cuda = 0.000552
iter 228: upload_copy_time_cuda = 0.000595

iter 229: cpu_time_pred = 0.009085
iter 229: gpu_time_pred = 0.007548
iter 229: cpu_time_cuda = 0.009233
iter 229: gpu_time_cuda = 0.007445
iter 229: download_copy_time_cuda = 0.000545
iter 229: upload_copy_time_cuda = 0.000588

iter 230: cpu_time_pred = 0.009130
iter 230: gpu_time_pred = 0.007281
iter 230: cpu_time_cuda = 0.009085
iter 230: gpu_time_cuda = 0.007382
iter 230: download_copy_time_cuda = 0.000538
iter 230: upload_copy_time_cuda = 0.000582

iter 231: cpu_time_pred = 0.008983
iter 231: gpu_time_pred = 0.007217
iter 231: cpu_time_cuda = 0.008894
iter 231: gpu_time_cuda = 0.007293
iter 231: download_copy_time_cuda = 0.000541
iter 231: upload_copy_time_cuda = 0.000575

iter 232: cpu_time_pred = 0.008793
iter 232: gpu_time_pred = 0.007128
iter 232: cpu_time_cuda = 0.008802
iter 232: gpu_time_cuda = 0.007208
iter 232: download_copy_time_cuda = 0.000528
iter 232: upload_copy_time_cuda = 0.000576

iter 233: cpu_time_pred = 0.008701
iter 233: gpu_time_pred = 0.007043
iter 233: cpu_time_cuda = 0.008657
iter 233: gpu_time_cuda = 0.006791
iter 233: download_copy_time_cuda = 0.000530
iter 233: upload_copy_time_cuda = 0.000563

iter 234: cpu_time_pred = 0.008557
iter 234: gpu_time_pred = 0.006634
iter 234: cpu_time_cuda = 0.008539
iter 234: gpu_time_cuda = 0.006765
iter 234: download_copy_time_cuda = 0.000516
iter 234: upload_copy_time_cuda = 0.000558

iter 235: cpu_time_pred = 0.008438
iter 235: gpu_time_pred = 0.006606
iter 235: cpu_time_cuda = 0.008492
iter 235: gpu_time_cuda = 0.006650
iter 235: download_copy_time_cuda = 0.000512
iter 235: upload_copy_time_cuda = 0.000550

iter 236: cpu_time_pred = 0.008391
iter 236: gpu_time_pred = 0.006492
iter 236: cpu_time_cuda = 0.008472
iter 236: gpu_time_cuda = 0.006686
iter 236: download_copy_time_cuda = 0.000507
iter 236: upload_copy_time_cuda = 0.000545

iter 237: cpu_time_pred = 0.008370
iter 237: gpu_time_pred = 0.006526
iter 237: cpu_time_cuda = 0.008267
iter 237: gpu_time_cuda = 0.006335
iter 237: download_copy_time_cuda = 0.000500
iter 237: upload_copy_time_cuda = 0.000537

iter 238: cpu_time_pred = 0.008166
iter 238: gpu_time_pred = 0.006182
iter 238: cpu_time_cuda = 0.008156
iter 238: gpu_time_cuda = 0.006252
iter 238: download_copy_time_cuda = 0.000494
iter 238: upload_copy_time_cuda = 0.000532

iter 239: cpu_time_pred = 0.008055
iter 239: gpu_time_pred = 0.006099
iter 239: cpu_time_cuda = 0.008072
iter 239: gpu_time_cuda = 0.005997
iter 239: download_copy_time_cuda = 0.000488
iter 239: upload_copy_time_cuda = 0.000527

iter 240: cpu_time_pred = 0.007971
iter 240: gpu_time_pred = 0.005848
iter 240: cpu_time_cuda = 0.007983
iter 240: gpu_time_cuda = 0.006009
iter 240: download_copy_time_cuda = 0.000481
iter 240: upload_copy_time_cuda = 0.000517

iter 241: cpu_time_pred = 0.007882
iter 241: gpu_time_pred = 0.005858
iter 241: cpu_time_cuda = 0.007890
iter 241: gpu_time_cuda = 0.006301
iter 241: download_copy_time_cuda = 0.000477
iter 241: upload_copy_time_cuda = 0.000513

iter 242: cpu_time_pred = 0.007789
iter 242: gpu_time_pred = 0.006140
iter 242: cpu_time_cuda = 0.007837
iter 242: gpu_time_cuda = 0.005688
iter 242: download_copy_time_cuda = 0.000470
iter 242: upload_copy_time_cuda = 0.000507

iter 243: cpu_time_pred = 0.007735
iter 243: gpu_time_pred = 0.005541
iter 243: cpu_time_cuda = 0.007715
iter 243: gpu_time_cuda = 0.005394
iter 243: download_copy_time_cuda = 0.000465
iter 243: upload_copy_time_cuda = 0.000501

iter 244: cpu_time_pred = 0.007613
iter 244: gpu_time_pred = 0.005253
iter 244: cpu_time_cuda = 0.007615
iter 244: gpu_time_cuda = 0.005349
iter 244: download_copy_time_cuda = 0.000458
iter 244: upload_copy_time_cuda = 0.000492

iter 245: cpu_time_pred = 0.007513
iter 245: gpu_time_pred = 0.005208
iter 245: cpu_time_cuda = 0.007494
iter 245: gpu_time_cuda = 0.005355
iter 245: download_copy_time_cuda = 0.000452
iter 245: upload_copy_time_cuda = 0.000489

iter 246: cpu_time_pred = 0.007392
iter 246: gpu_time_pred = 0.005212
iter 246: cpu_time_cuda = 0.007399
iter 246: gpu_time_cuda = 0.005632
iter 246: download_copy_time_cuda = 0.000447
iter 246: upload_copy_time_cuda = 0.000487

iter 247: cpu_time_pred = 0.007297
iter 247: gpu_time_pred = 0.005479
iter 247: cpu_time_cuda = 0.007299
iter 247: gpu_time_cuda = 0.005445
iter 247: download_copy_time_cuda = 0.000454
iter 247: upload_copy_time_cuda = 0.000475

iter 248: cpu_time_pred = 0.007198
iter 248: gpu_time_pred = 0.005295
iter 248: cpu_time_cuda = 0.007189
iter 248: gpu_time_cuda = 0.004868
iter 248: download_copy_time_cuda = 0.000437
iter 248: upload_copy_time_cuda = 0.000470

iter 249: cpu_time_pred = 0.007088
iter 249: gpu_time_pred = 0.004732
iter 249: cpu_time_cuda = 0.007315
iter 249: gpu_time_cuda = 0.004621
iter 249: download_copy_time_cuda = 0.000437
iter 249: upload_copy_time_cuda = 0.000464

iter 250: cpu_time_pred = 0.007211
iter 250: gpu_time_pred = 0.004490
iter 250: cpu_time_cuda = 0.006997
iter 250: gpu_time_cuda = 0.004585
iter 250: download_copy_time_cuda = 0.000424
iter 250: upload_copy_time_cuda = 0.000458

iter 251: cpu_time_pred = 0.006896
iter 251: gpu_time_pred = 0.004453
iter 251: cpu_time_cuda = 0.006913
iter 251: gpu_time_cuda = 0.004591
iter 251: download_copy_time_cuda = 0.000419
iter 251: upload_copy_time_cuda = 0.000450

iter 252: cpu_time_pred = 0.006811
iter 252: gpu_time_pred = 0.004457
iter 252: cpu_time_cuda = 0.007011
iter 252: gpu_time_cuda = 0.025330
iter 252: download_copy_time_cuda = 0.000412
iter 252: upload_copy_time_cuda = 0.001222

iter 253: cpu_time_pred = 0.006906
iter 253: gpu_time_pred = 0.024580
iter 253: cpu_time_cuda = 0.006910
iter 253: gpu_time_cuda = 0.026718
iter 253: download_copy_time_cuda = 0.001139
iter 253: upload_copy_time_cuda = 0.001199

iter 254: cpu_time_pred = 0.006806
iter 254: gpu_time_pred = 0.025914
iter 254: cpu_time_cuda = 0.006813
iter 254: gpu_time_cuda = 0.026485
iter 254: download_copy_time_cuda = 0.001124
iter 254: upload_copy_time_cuda = 0.001179

iter 255: cpu_time_pred = 0.006708
iter 255: gpu_time_pred = 0.025676
iter 255: cpu_time_cuda = 0.006741
iter 255: gpu_time_cuda = 0.025147
iter 255: download_copy_time_cuda = 0.001104
iter 255: upload_copy_time_cuda = 0.001164

iter 256: cpu_time_pred = 0.006636
iter 256: gpu_time_pred = 0.024367
iter 256: cpu_time_cuda = 0.006537
iter 256: gpu_time_cuda = 0.025741
iter 256: download_copy_time_cuda = 0.001076
iter 256: upload_copy_time_cuda = 0.001148

iter 257: cpu_time_pred = 0.006433
iter 257: gpu_time_pred = 0.024931
iter 257: cpu_time_cuda = 0.006457
iter 257: gpu_time_cuda = 0.024346
iter 257: download_copy_time_cuda = 0.001055
iter 257: upload_copy_time_cuda = 0.001136

iter 258: cpu_time_pred = 0.006353
iter 258: gpu_time_pred = 0.023567
iter 258: cpu_time_cuda = 0.006332
iter 258: gpu_time_cuda = 0.023936
iter 258: download_copy_time_cuda = 0.001036
iter 258: upload_copy_time_cuda = 0.001120

iter 259: cpu_time_pred = 0.006228
iter 259: gpu_time_pred = 0.023158
iter 259: cpu_time_cuda = 0.006253
iter 259: gpu_time_cuda = 0.021946
iter 259: download_copy_time_cuda = 0.001022
iter 259: upload_copy_time_cuda = 0.001093

iter 260: cpu_time_pred = 0.006149
iter 260: gpu_time_pred = 0.021221
iter 260: cpu_time_cuda = 0.006212
iter 260: gpu_time_cuda = 0.021714
iter 260: download_copy_time_cuda = 0.001016
iter 260: upload_copy_time_cuda = 0.001086

iter 261: cpu_time_pred = 0.006106
iter 261: gpu_time_pred = 0.020984
iter 261: cpu_time_cuda = 0.006248
iter 261: gpu_time_cuda = 0.020477
iter 261: download_copy_time_cuda = 0.000992
iter 261: upload_copy_time_cuda = 0.001068

iter 262: cpu_time_pred = 0.006140
iter 262: gpu_time_pred = 0.019777
iter 262: cpu_time_cuda = 0.005949
iter 262: gpu_time_cuda = 0.021139
iter 262: download_copy_time_cuda = 0.000977
iter 262: upload_copy_time_cuda = 0.001048

iter 263: cpu_time_pred = 0.005845
iter 263: gpu_time_pred = 0.020404
iter 263: cpu_time_cuda = 0.005856
iter 263: gpu_time_cuda = 0.020156
iter 263: download_copy_time_cuda = 0.000953
iter 263: upload_copy_time_cuda = 0.001032

iter 264: cpu_time_pred = 0.005752
iter 264: gpu_time_pred = 0.019443
iter 264: cpu_time_cuda = 0.005791
iter 264: gpu_time_cuda = 0.019072
iter 264: download_copy_time_cuda = 0.000936
iter 264: upload_copy_time_cuda = 0.001009

iter 265: cpu_time_pred = 0.005686
iter 265: gpu_time_pred = 0.018385
iter 265: cpu_time_cuda = 0.005647
iter 265: gpu_time_cuda = 0.018341
iter 265: download_copy_time_cuda = 0.000909
iter 265: upload_copy_time_cuda = 0.000986

iter 266: cpu_time_pred = 0.005542
iter 266: gpu_time_pred = 0.017668
iter 266: cpu_time_cuda = 0.005581
iter 266: gpu_time_cuda = 0.017642
iter 266: download_copy_time_cuda = 0.000900
iter 266: upload_copy_time_cuda = 0.000969

iter 267: cpu_time_pred = 0.005476
iter 267: gpu_time_pred = 0.016983
iter 267: cpu_time_cuda = 0.005499
iter 267: gpu_time_cuda = 0.017111
iter 267: download_copy_time_cuda = 0.000889
iter 267: upload_copy_time_cuda = 0.000946

iter 268: cpu_time_pred = 0.005393
iter 268: gpu_time_pred = 0.016459
iter 268: cpu_time_cuda = 0.005400
iter 268: gpu_time_cuda = 0.016856
iter 268: download_copy_time_cuda = 0.000866
iter 268: upload_copy_time_cuda = 0.000938

iter 269: cpu_time_pred = 0.005294
iter 269: gpu_time_pred = 0.016202
iter 269: cpu_time_cuda = 0.005287
iter 269: gpu_time_cuda = 0.015642
iter 269: download_copy_time_cuda = 0.000845
iter 269: upload_copy_time_cuda = 0.000913

iter 270: cpu_time_pred = 0.005181
iter 270: gpu_time_pred = 0.015022
iter 270: cpu_time_cuda = 0.005254
iter 270: gpu_time_cuda = 0.015615
iter 270: download_copy_time_cuda = 0.000830
iter 270: upload_copy_time_cuda = 0.000891

iter 271: cpu_time_pred = 0.005147
iter 271: gpu_time_pred = 0.014984
iter 271: cpu_time_cuda = 0.005119
iter 271: gpu_time_cuda = 0.014402
iter 271: download_copy_time_cuda = 0.000805
iter 271: upload_copy_time_cuda = 0.000872

iter 272: cpu_time_pred = 0.005013
iter 272: gpu_time_pred = 0.013808
iter 272: cpu_time_cuda = 0.004994
iter 272: gpu_time_cuda = 0.014875
iter 272: download_copy_time_cuda = 0.000790
iter 272: upload_copy_time_cuda = 0.000860

iter 273: cpu_time_pred = 0.004888
iter 273: gpu_time_pred = 0.014249
iter 273: cpu_time_cuda = 0.004906
iter 273: gpu_time_cuda = 0.013911
iter 273: download_copy_time_cuda = 0.000768
iter 273: upload_copy_time_cuda = 0.000839

iter 274: cpu_time_pred = 0.004800
iter 274: gpu_time_pred = 0.013313
iter 274: cpu_time_cuda = 0.004836
iter 274: gpu_time_cuda = 0.013198
iter 274: download_copy_time_cuda = 0.000759
iter 274: upload_copy_time_cuda = 0.000818

iter 275: cpu_time_pred = 0.004729
iter 275: gpu_time_pred = 0.012618
iter 275: cpu_time_cuda = 0.004899
iter 275: gpu_time_cuda = 0.012665
iter 275: download_copy_time_cuda = 0.000738
iter 275: upload_copy_time_cuda = 0.000801

iter 276: cpu_time_pred = 0.004788
iter 276: gpu_time_pred = 0.012096
iter 276: cpu_time_cuda = 0.004655
iter 276: gpu_time_cuda = 0.012025
iter 276: download_copy_time_cuda = 0.000715
iter 276: upload_copy_time_cuda = 0.000781

iter 277: cpu_time_pred = 0.004546
iter 277: gpu_time_pred = 0.011472
iter 277: cpu_time_cuda = 0.004515
iter 277: gpu_time_cuda = 0.011704
iter 277: download_copy_time_cuda = 0.000707
iter 277: upload_copy_time_cuda = 0.000755

iter 278: cpu_time_pred = 0.004408
iter 278: gpu_time_pred = 0.011154
iter 278: cpu_time_cuda = 0.004414
iter 278: gpu_time_cuda = 0.011513
iter 278: download_copy_time_cuda = 0.000688
iter 278: upload_copy_time_cuda = 0.000743

iter 279: cpu_time_pred = 0.004306
iter 279: gpu_time_pred = 0.010958
iter 279: cpu_time_cuda = 0.004330
iter 279: gpu_time_cuda = 0.010430
iter 279: download_copy_time_cuda = 0.000666
iter 279: upload_copy_time_cuda = 0.000722

iter 280: cpu_time_pred = 0.004222
iter 280: gpu_time_pred = 0.009915
iter 280: cpu_time_cuda = 0.004231
iter 280: gpu_time_cuda = 0.010328
iter 280: download_copy_time_cuda = 0.000655
iter 280: upload_copy_time_cuda = 0.000694

iter 281: cpu_time_pred = 0.004123
iter 281: gpu_time_pred = 0.009805
iter 281: cpu_time_cuda = 0.004130
iter 281: gpu_time_cuda = 0.009396
iter 281: download_copy_time_cuda = 0.000635
iter 281: upload_copy_time_cuda = 0.000677

iter 282: cpu_time_pred = 0.004021
iter 282: gpu_time_pred = 0.008908
iter 282: cpu_time_cuda = 0.004043
iter 282: gpu_time_cuda = 0.009523
iter 282: download_copy_time_cuda = 0.000624
iter 282: upload_copy_time_cuda = 0.000665

iter 283: cpu_time_pred = 0.003934
iter 283: gpu_time_pred = 0.009016
iter 283: cpu_time_cuda = 0.003925
iter 283: gpu_time_cuda = 0.008932
iter 283: download_copy_time_cuda = 0.000605
iter 283: upload_copy_time_cuda = 0.000644

iter 284: cpu_time_pred = 0.003816
iter 284: gpu_time_pred = 0.008443
iter 284: cpu_time_cuda = 0.003859
iter 284: gpu_time_cuda = 0.008473
iter 284: download_copy_time_cuda = 0.000580
iter 284: upload_copy_time_cuda = 0.000623

iter 285: cpu_time_pred = 0.003749
iter 285: gpu_time_pred = 0.007996
iter 285: cpu_time_cuda = 0.003943
iter 285: gpu_time_cuda = 0.008002
iter 285: download_copy_time_cuda = 0.000566
iter 285: upload_copy_time_cuda = 0.000605

iter 286: cpu_time_pred = 0.003827
iter 286: gpu_time_pred = 0.007538
iter 286: cpu_time_cuda = 0.003673
iter 286: gpu_time_cuda = 0.007430
iter 286: download_copy_time_cuda = 0.000547
iter 286: upload_copy_time_cuda = 0.000585

iter 287: cpu_time_pred = 0.003562
iter 287: gpu_time_pred = 0.006987
iter 287: cpu_time_cuda = 0.003555
iter 287: gpu_time_cuda = 0.006979
iter 287: download_copy_time_cuda = 0.000530
iter 287: upload_copy_time_cuda = 0.000567

iter 288: cpu_time_pred = 0.003444
iter 288: gpu_time_pred = 0.006550
iter 288: cpu_time_cuda = 0.003476
iter 288: gpu_time_cuda = 0.006768
iter 288: download_copy_time_cuda = 0.000507
iter 288: upload_copy_time_cuda = 0.000548

iter 289: cpu_time_pred = 0.003364
iter 289: gpu_time_pred = 0.006338
iter 289: cpu_time_cuda = 0.003383
iter 289: gpu_time_cuda = 0.005892
iter 289: download_copy_time_cuda = 0.000488
iter 289: upload_copy_time_cuda = 0.000530

iter 290: cpu_time_pred = 0.003270
iter 290: gpu_time_pred = 0.005506
iter 290: cpu_time_cuda = 0.003306
iter 290: gpu_time_cuda = 0.005943
iter 290: download_copy_time_cuda = 0.000477
iter 290: upload_copy_time_cuda = 0.000520

iter 291: cpu_time_pred = 0.003192
iter 291: gpu_time_pred = 0.005540
iter 291: cpu_time_cuda = 0.003181
iter 291: gpu_time_cuda = 0.005085
iter 291: download_copy_time_cuda = 0.000459
iter 291: upload_copy_time_cuda = 0.000498

iter 292: cpu_time_pred = 0.003067
iter 292: gpu_time_pred = 0.004728
iter 292: cpu_time_cuda = 0.003118
iter 292: gpu_time_cuda = 0.005049
iter 292: download_copy_time_cuda = 0.000436
iter 292: upload_copy_time_cuda = 0.000486

iter 293: cpu_time_pred = 0.003003
iter 293: gpu_time_pred = 0.004682
iter 293: cpu_time_cuda = 0.002992
iter 293: gpu_time_cuda = 0.004353
iter 293: download_copy_time_cuda = 0.000424
iter 293: upload_copy_time_cuda = 0.000466

iter 294: cpu_time_pred = 0.002877
iter 294: gpu_time_pred = 0.004025
iter 294: cpu_time_cuda = 0.002916
iter 294: gpu_time_cuda = 0.004542
iter 294: download_copy_time_cuda = 0.000412
iter 294: upload_copy_time_cuda = 0.000453

iter 295: cpu_time_pred = 0.002799
iter 295: gpu_time_pred = 0.004186
iter 295: cpu_time_cuda = 0.002817
iter 295: gpu_time_cuda = 0.003999
iter 295: download_copy_time_cuda = 0.000408
iter 295: upload_copy_time_cuda = 0.000439

iter 296: cpu_time_pred = 0.002700
iter 296: gpu_time_pred = 0.003673
iter 296: cpu_time_cuda = 0.002724
iter 296: gpu_time_cuda = 0.003912
iter 296: download_copy_time_cuda = 0.000391
iter 296: upload_copy_time_cuda = 0.000420

iter 297: cpu_time_pred = 0.002606
iter 297: gpu_time_pred = 0.003579
iter 297: cpu_time_cuda = 0.002627
iter 297: gpu_time_cuda = 0.003379
iter 297: download_copy_time_cuda = 0.000370
iter 297: upload_copy_time_cuda = 0.000412

iter 298: cpu_time_pred = 0.002508
iter 298: gpu_time_pred = 0.003079
iter 298: cpu_time_cuda = 0.002522
iter 298: gpu_time_cuda = 0.003349
iter 298: download_copy_time_cuda = 0.000353
iter 298: upload_copy_time_cuda = 0.000395

iter 299: cpu_time_pred = 0.002401
iter 299: gpu_time_pred = 0.003038
iter 299: cpu_time_cuda = 0.002421
iter 299: gpu_time_cuda = 0.002878
iter 299: download_copy_time_cuda = 0.000337
iter 299: upload_copy_time_cuda = 0.000383

iter 300: cpu_time_pred = 0.002300
iter 300: gpu_time_pred = 0.002597
iter 300: cpu_time_cuda = 0.002309
iter 300: gpu_time_cuda = 0.002786
iter 300: download_copy_time_cuda = 0.000330
iter 300: upload_copy_time_cuda = 0.000374

iter 301: cpu_time_pred = 0.002187
iter 301: gpu_time_pred = 0.002500
iter 301: cpu_time_cuda = 0.002203
iter 301: gpu_time_cuda = 0.002291
iter 301: download_copy_time_cuda = 0.000302
iter 301: upload_copy_time_cuda = 0.000353

iter 302: cpu_time_pred = 0.002080
iter 302: gpu_time_pred = 0.002043
iter 302: cpu_time_cuda = 0.002111
iter 302: gpu_time_cuda = 0.002236
iter 302: download_copy_time_cuda = 0.000283
iter 302: upload_copy_time_cuda = 0.000343

iter 303: cpu_time_pred = 0.001987
iter 303: gpu_time_pred = 0.001980
iter 303: cpu_time_cuda = 0.002018
iter 303: gpu_time_cuda = 0.001822
iter 303: download_copy_time_cuda = 0.000261
iter 303: upload_copy_time_cuda = 0.000328

iter 304: cpu_time_pred = 0.001892
iter 304: gpu_time_pred = 0.001601
iter 304: cpu_time_cuda = 0.001943
iter 304: gpu_time_cuda = 0.001872
iter 304: download_copy_time_cuda = 0.000252
iter 304: upload_copy_time_cuda = 0.000313

iter 305: cpu_time_pred = 0.001814
iter 305: gpu_time_pred = 0.001631
iter 305: cpu_time_cuda = 0.001822
iter 305: gpu_time_cuda = 0.001579
iter 305: download_copy_time_cuda = 0.000246
iter 305: upload_copy_time_cuda = 0.000300

iter 306: cpu_time_pred = 0.001692
iter 306: gpu_time_pred = 0.001361
iter 306: cpu_time_cuda = 0.001750
iter 306: gpu_time_cuda = 0.001508
iter 306: download_copy_time_cuda = 0.000229
iter 306: upload_copy_time_cuda = 0.000288

iter 307: cpu_time_pred = 0.001616
iter 307: gpu_time_pred = 0.001285
iter 307: cpu_time_cuda = 0.001652
iter 307: gpu_time_cuda = 0.001204
iter 307: download_copy_time_cuda = 0.000212
iter 307: upload_copy_time_cuda = 0.000274

iter 308: cpu_time_pred = 0.001514
iter 308: gpu_time_pred = 0.001012
iter 308: cpu_time_cuda = 0.001549
iter 308: gpu_time_cuda = 0.001090
iter 308: download_copy_time_cuda = 0.000193
iter 308: upload_copy_time_cuda = 0.000259

iter 309: cpu_time_pred = 0.001408
iter 309: gpu_time_pred = 0.000901
iter 309: cpu_time_cuda = 0.001464
iter 309: gpu_time_cuda = 0.000955
iter 309: download_copy_time_cuda = 0.000190
iter 309: upload_copy_time_cuda = 0.000250

iter 310: cpu_time_pred = 0.001318
iter 310: gpu_time_pred = 0.000774
iter 310: cpu_time_cuda = 0.001267
iter 310: gpu_time_cuda = 0.000901
iter 310: download_copy_time_cuda = 0.000184
iter 310: upload_copy_time_cuda = 0.000237

iter 311: cpu_time_pred = 0.001126
iter 311: gpu_time_pred = 0.000712
iter 311: cpu_time_cuda = 0.001192
iter 311: gpu_time_cuda = 0.000749
iter 311: download_copy_time_cuda = 0.000171
iter 311: upload_copy_time_cuda = 0.000225

iter 312: cpu_time_pred = 0.001043
iter 312: gpu_time_pred = 0.000574
iter 312: cpu_time_cuda = 0.001156
iter 312: gpu_time_cuda = 0.000689
iter 312: download_copy_time_cuda = 0.000149
iter 312: upload_copy_time_cuda = 0.000214

iter 313: cpu_time_pred = 0.000991
iter 313: gpu_time_pred = 0.000506
iter 313: cpu_time_cuda = 0.001079
iter 313: gpu_time_cuda = 0.000495
iter 313: download_copy_time_cuda = 0.000129
iter 313: upload_copy_time_cuda = 0.000199

iter 314: cpu_time_pred = 0.000900
iter 314: gpu_time_pred = 0.000344
iter 314: cpu_time_cuda = 0.000992
iter 314: gpu_time_cuda = 0.000369
iter 314: download_copy_time_cuda = 0.000122
iter 314: upload_copy_time_cuda = 0.000181

iter 315: cpu_time_pred = 0.000794
iter 315: gpu_time_pred = 0.000236
iter 315: cpu_time_cuda = 0.000945
iter 315: gpu_time_cuda = 0.000327
iter 315: download_copy_time_cuda = 0.000111
iter 315: upload_copy_time_cuda = 0.000168

iter 316: cpu_time_pred = 0.000708
iter 316: gpu_time_pred = 0.000184
iter 316: cpu_time_cuda = 0.000923
iter 316: gpu_time_cuda = 0.000296
iter 316: download_copy_time_cuda = 0.000103
iter 316: upload_copy_time_cuda = 0.000159

iter 317: cpu_time_pred = 0.000615
iter 317: gpu_time_pred = 0.000132
iter 317: cpu_time_cuda = 0.000647
iter 317: gpu_time_cuda = 0.000277
iter 317: download_copy_time_cuda = 0.000095
iter 317: upload_copy_time_cuda = 0.000145

iter 318: cpu_time_pred = 0.000324
iter 318: gpu_time_pred = 0.000069
iter 318: cpu_time_cuda = 0.000582
iter 318: gpu_time_cuda = 0.000244
iter 318: download_copy_time_cuda = 0.000086
iter 318: upload_copy_time_cuda = 0.000127

iter 319: cpu_time_pred = 0.000000
iter 319: gpu_time_pred = 0.000000
iter 319: cpu_time_cuda = 0.000573
iter 319: gpu_time_cuda = 0.000003
iter 319: download_copy_time_cuda = 0.000079
iter 319: upload_copy_time_cuda = 0.000085

total_cpu_time_cuda = 7.294868
total_gpu_time_cuda = 9.852537
total_copy_time_cuda = 0.681049
main_loop_time_cuda = 18.439817
20480 20480     ---   (  ---  )    275.63 (  20.78)     ---   
total_time = 34.266194
31.49user 4.95system 0:37.35elapsed 97%CPU (0avgtext+0avgdata 3430816maxresident)k
4504inputs+0outputs (1major+840929minor)pagefaults 0swaps
send out message: 22 3 log
