send out message: 24 37 /home/lchen/MAGMA/magma-1.3.0/results
send out message: 20 26 MAGMA_LU_GPUDVFS.total.pwr
MAGMA 1.3.0
device 0: Tesla K20c, 705.5 MHz clock, 4799.6 MB memory, capability 3.5

Usage: /home/lchen/MAGMA/magma-1.3.0/testing/testing_dgetrf -N <m,n> -c -c2 -l
  -N  can be repeated up to 10 times. If only m is given, then m=n.
  -c  or setting $MAGMA_TESTINGS_CHECK checks result, PA - LU.
  -c2 for square matrices, solves one RHS and checks residual, Ax - b.
  -l  or setting $MAGMA_RUN_LAPACK runs LAPACK.

    M     N   CPU GFlop/s (sec)   GPU GFlop/s (sec)   |PA-LU|/(N*|A|)
=========================================================================
init_time = 13.468706
iter 0: cpu_time_cuda = 0.000000
iter 0: gpu_time_cuda = 0.000000
iter 0: download_copy_time_cuda = 0.000000
iter 0: upload_copy_time_cuda = 0.001988

iter 1: cpu_time_cuda = 0.031330
iter 1: gpu_time_cuda = 0.085182
iter 1: download_copy_time_cuda = 0.001875
iter 1: upload_copy_time_cuda = 0.001967

iter 2: cpu_time_cuda = 0.031259
iter 2: gpu_time_cuda = 0.085225
iter 2: download_copy_time_cuda = 0.001867
iter 2: upload_copy_time_cuda = 0.001961

iter 3: cpu_time_cuda = 0.031152
iter 3: gpu_time_cuda = 0.084360
iter 3: download_copy_time_cuda = 0.001856
iter 3: upload_copy_time_cuda = 0.001959

iter 4: cpu_time_cuda = 0.031031
iter 4: gpu_time_cuda = 0.084115
iter 4: download_copy_time_cuda = 0.001854
iter 4: upload_copy_time_cuda = 0.001951

iter 5: cpu_time_cuda = 0.030913
iter 5: gpu_time_cuda = 0.083452
iter 5: download_copy_time_cuda = 0.001848
iter 5: upload_copy_time_cuda = 0.001945

iter 6: cpu_time_cuda = 0.030839
iter 6: gpu_time_cuda = 0.083029
iter 6: download_copy_time_cuda = 0.001841
iter 6: upload_copy_time_cuda = 0.001941

iter 7: cpu_time_cuda = 0.030905
iter 7: gpu_time_cuda = 0.082686
iter 7: download_copy_time_cuda = 0.001837
iter 7: upload_copy_time_cuda = 0.001949

iter 8: cpu_time_cuda = 0.030660
iter 8: gpu_time_cuda = 0.082595
iter 8: download_copy_time_cuda = 0.001829
iter 8: upload_copy_time_cuda = 0.001936

iter 9: cpu_time_cuda = 0.030615
iter 9: gpu_time_cuda = 0.081291
iter 9: download_copy_time_cuda = 0.001826
iter 9: upload_copy_time_cuda = 0.001930

iter 10: cpu_time_cuda = 0.030534
iter 10: gpu_time_cuda = 0.080965
iter 10: download_copy_time_cuda = 0.001825
iter 10: upload_copy_time_cuda = 0.001914

iter 11: cpu_time_cuda = 0.030365
iter 11: gpu_time_cuda = 0.080438
iter 11: download_copy_time_cuda = 0.001814
iter 11: upload_copy_time_cuda = 0.001908

iter 12: cpu_time_cuda = 0.030258
iter 12: gpu_time_cuda = 0.079939
iter 12: download_copy_time_cuda = 0.001811
iter 12: upload_copy_time_cuda = 0.001923

iter 13: cpu_time_cuda = 0.030408
iter 13: gpu_time_cuda = 0.078935
iter 13: download_copy_time_cuda = 0.001796
iter 13: upload_copy_time_cuda = 0.001893

iter 14: cpu_time_cuda = 0.030112
iter 14: gpu_time_cuda = 0.079272
iter 14: download_copy_time_cuda = 0.001800
iter 14: upload_copy_time_cuda = 0.001889

iter 15: cpu_time_cuda = 0.030014
iter 15: gpu_time_cuda = 0.077952
iter 15: download_copy_time_cuda = 0.001793
iter 15: upload_copy_time_cuda = 0.001899

iter 16: cpu_time_cuda = 0.029900
iter 16: gpu_time_cuda = 0.077968
iter 16: download_copy_time_cuda = 0.001779
iter 16: upload_copy_time_cuda = 0.001880

iter 17: cpu_time_cuda = 0.029854
iter 17: gpu_time_cuda = 0.077020
iter 17: download_copy_time_cuda = 0.001777
iter 17: upload_copy_time_cuda = 0.001874

iter 18: cpu_time_cuda = 0.029655
iter 18: gpu_time_cuda = 0.076598
iter 18: download_copy_time_cuda = 0.001772
iter 18: upload_copy_time_cuda = 0.001866

iter 19: cpu_time_cuda = 0.029533
iter 19: gpu_time_cuda = 0.075955
iter 19: download_copy_time_cuda = 0.001762
iter 19: upload_copy_time_cuda = 0.001858

iter 20: cpu_time_cuda = 0.029437
iter 20: gpu_time_cuda = 0.076378
iter 20: download_copy_time_cuda = 0.001759
iter 20: upload_copy_time_cuda = 0.001856

iter 21: cpu_time_cuda = 0.029387
iter 21: gpu_time_cuda = 0.075146
iter 21: download_copy_time_cuda = 0.001753
iter 21: upload_copy_time_cuda = 0.001843

iter 22: cpu_time_cuda = 0.029525
iter 22: gpu_time_cuda = 0.074983
iter 22: download_copy_time_cuda = 0.001747
iter 22: upload_copy_time_cuda = 0.001840

iter 23: cpu_time_cuda = 0.029210
iter 23: gpu_time_cuda = 0.074319
iter 23: download_copy_time_cuda = 0.001750
iter 23: upload_copy_time_cuda = 0.001838

iter 24: cpu_time_cuda = 0.029134
iter 24: gpu_time_cuda = 0.073783
iter 24: download_copy_time_cuda = 0.001734
iter 24: upload_copy_time_cuda = 0.001830

iter 25: cpu_time_cuda = 0.029220
iter 25: gpu_time_cuda = 0.072931
iter 25: download_copy_time_cuda = 0.001730
iter 25: upload_copy_time_cuda = 0.001820

iter 26: cpu_time_cuda = 0.028882
iter 26: gpu_time_cuda = 0.073175
iter 26: download_copy_time_cuda = 0.001724
iter 26: upload_copy_time_cuda = 0.001813

iter 27: cpu_time_cuda = 0.028807
iter 27: gpu_time_cuda = 0.071925
iter 27: download_copy_time_cuda = 0.001719
iter 27: upload_copy_time_cuda = 0.001809

iter 28: cpu_time_cuda = 0.028730
iter 28: gpu_time_cuda = 0.071972
iter 28: download_copy_time_cuda = 0.001712
iter 28: upload_copy_time_cuda = 0.001804

iter 29: cpu_time_cuda = 0.028636
iter 29: gpu_time_cuda = 0.071180
iter 29: download_copy_time_cuda = 0.001705
iter 29: upload_copy_time_cuda = 0.001798

iter 30: cpu_time_cuda = 0.028524
iter 30: gpu_time_cuda = 0.070903
iter 30: download_copy_time_cuda = 0.001700
iter 30: upload_copy_time_cuda = 0.001796

iter 31: cpu_time_cuda = 0.028425
iter 31: gpu_time_cuda = 0.070028
iter 31: download_copy_time_cuda = 0.001694
iter 31: upload_copy_time_cuda = 0.001809

iter 32: cpu_time_cuda = 0.028301
iter 32: gpu_time_cuda = 0.070034
iter 32: download_copy_time_cuda = 0.001692
iter 32: upload_copy_time_cuda = 0.001780

iter 33: cpu_time_cuda = 0.028195
iter 33: gpu_time_cuda = 0.069463
iter 33: download_copy_time_cuda = 0.001688
iter 33: upload_copy_time_cuda = 0.001775

iter 34: cpu_time_cuda = 0.028167
iter 34: gpu_time_cuda = 0.069245
iter 34: download_copy_time_cuda = 0.001678
iter 34: upload_copy_time_cuda = 0.001777

iter 35: cpu_time_cuda = 0.028034
iter 35: gpu_time_cuda = 0.068667
iter 35: download_copy_time_cuda = 0.001672
iter 35: upload_copy_time_cuda = 0.001762

iter 36: cpu_time_cuda = 0.027897
iter 36: gpu_time_cuda = 0.068130
iter 36: download_copy_time_cuda = 0.001666
iter 36: upload_copy_time_cuda = 0.001754

iter 37: cpu_time_cuda = 0.027866
iter 37: gpu_time_cuda = 0.067362
iter 37: download_copy_time_cuda = 0.001662
iter 37: upload_copy_time_cuda = 0.001756

iter 38: cpu_time_cuda = 0.027709
iter 38: gpu_time_cuda = 0.067067
iter 38: download_copy_time_cuda = 0.001660
iter 38: upload_copy_time_cuda = 0.001746

iter 39: cpu_time_cuda = 0.027622
iter 39: gpu_time_cuda = 0.066158
iter 39: download_copy_time_cuda = 0.001650
iter 39: upload_copy_time_cuda = 0.001742

iter 40: cpu_time_cuda = 0.027524
iter 40: gpu_time_cuda = 0.066232
iter 40: download_copy_time_cuda = 0.001646
iter 40: upload_copy_time_cuda = 0.001731

iter 41: cpu_time_cuda = 0.027479
iter 41: gpu_time_cuda = 0.065828
iter 41: download_copy_time_cuda = 0.001640
iter 41: upload_copy_time_cuda = 0.001731

iter 42: cpu_time_cuda = 0.027336
iter 42: gpu_time_cuda = 0.065402
iter 42: download_copy_time_cuda = 0.001631
iter 42: upload_copy_time_cuda = 0.001718

iter 43: cpu_time_cuda = 0.027226
iter 43: gpu_time_cuda = 0.064276
iter 43: download_copy_time_cuda = 0.001628
iter 43: upload_copy_time_cuda = 0.001715

iter 44: cpu_time_cuda = 0.027161
iter 44: gpu_time_cuda = 0.064213
iter 44: download_copy_time_cuda = 0.001621
iter 44: upload_copy_time_cuda = 0.001713

iter 45: cpu_time_cuda = 0.027035
iter 45: gpu_time_cuda = 0.063349
iter 45: download_copy_time_cuda = 0.001615
iter 45: upload_copy_time_cuda = 0.001700

iter 46: cpu_time_cuda = 0.026907
iter 46: gpu_time_cuda = 0.063373
iter 46: download_copy_time_cuda = 0.001608
iter 46: upload_copy_time_cuda = 0.001697

iter 47: cpu_time_cuda = 0.026954
iter 47: gpu_time_cuda = 0.063239
iter 47: download_copy_time_cuda = 0.001602
iter 47: upload_copy_time_cuda = 0.001690

iter 48: cpu_time_cuda = 0.026705
iter 48: gpu_time_cuda = 0.062707
iter 48: download_copy_time_cuda = 0.001597
iter 48: upload_copy_time_cuda = 0.001683

iter 49: cpu_time_cuda = 0.026664
iter 49: gpu_time_cuda = 0.061808
iter 49: download_copy_time_cuda = 0.001592
iter 49: upload_copy_time_cuda = 0.001678

iter 50: cpu_time_cuda = 0.026600
iter 50: gpu_time_cuda = 0.061342
iter 50: download_copy_time_cuda = 0.001586
iter 50: upload_copy_time_cuda = 0.001698

iter 51: cpu_time_cuda = 0.026519
iter 51: gpu_time_cuda = 0.060586
iter 51: download_copy_time_cuda = 0.001585
iter 51: upload_copy_time_cuda = 0.001665

iter 52: cpu_time_cuda = 0.026613
iter 52: gpu_time_cuda = 0.060947
iter 52: download_copy_time_cuda = 0.001572
iter 52: upload_copy_time_cuda = 0.001657

iter 53: cpu_time_cuda = 0.026296
iter 53: gpu_time_cuda = 0.059948
iter 53: download_copy_time_cuda = 0.001569
iter 53: upload_copy_time_cuda = 0.001646

iter 54: cpu_time_cuda = 0.026146
iter 54: gpu_time_cuda = 0.060002
iter 54: download_copy_time_cuda = 0.001560
iter 54: upload_copy_time_cuda = 0.001651

iter 55: cpu_time_cuda = 0.026085
iter 55: gpu_time_cuda = 0.059699
iter 55: download_copy_time_cuda = 0.001558
iter 55: upload_copy_time_cuda = 0.001639

iter 56: cpu_time_cuda = 0.025979
iter 56: gpu_time_cuda = 0.059082
iter 56: download_copy_time_cuda = 0.001559
iter 56: upload_copy_time_cuda = 0.001671

iter 57: cpu_time_cuda = 0.025856
iter 57: gpu_time_cuda = 0.058643
iter 57: download_copy_time_cuda = 0.001551
iter 57: upload_copy_time_cuda = 0.001626

iter 58: cpu_time_cuda = 0.025826
iter 58: gpu_time_cuda = 0.058163
iter 58: download_copy_time_cuda = 0.001539
iter 58: upload_copy_time_cuda = 0.001626

iter 59: cpu_time_cuda = 0.025672
iter 59: gpu_time_cuda = 0.057448
iter 59: download_copy_time_cuda = 0.001532
iter 59: upload_copy_time_cuda = 0.001617

iter 60: cpu_time_cuda = 0.025649
iter 60: gpu_time_cuda = 0.057785
iter 60: download_copy_time_cuda = 0.001526
iter 60: upload_copy_time_cuda = 0.001615

iter 61: cpu_time_cuda = 0.025578
iter 61: gpu_time_cuda = 0.056621
iter 61: download_copy_time_cuda = 0.001528
iter 61: upload_copy_time_cuda = 0.001605

iter 62: cpu_time_cuda = 0.025462
iter 62: gpu_time_cuda = 0.056389
iter 62: download_copy_time_cuda = 0.001516
iter 62: upload_copy_time_cuda = 0.001598

iter 63: cpu_time_cuda = 0.025312
iter 63: gpu_time_cuda = 0.055601
iter 63: download_copy_time_cuda = 0.001507
iter 63: upload_copy_time_cuda = 0.001602

iter 64: cpu_time_cuda = 0.025142
iter 64: gpu_time_cuda = 0.055605
iter 64: download_copy_time_cuda = 0.001502
iter 64: upload_copy_time_cuda = 0.001585

iter 65: cpu_time_cuda = 0.025066
iter 65: gpu_time_cuda = 0.054765
iter 65: download_copy_time_cuda = 0.001495
iter 65: upload_copy_time_cuda = 0.001577

iter 66: cpu_time_cuda = 0.024945
iter 66: gpu_time_cuda = 0.055084
iter 66: download_copy_time_cuda = 0.001493
iter 66: upload_copy_time_cuda = 0.001583

iter 67: cpu_time_cuda = 0.025086
iter 67: gpu_time_cuda = 0.054490
iter 67: download_copy_time_cuda = 0.001486
iter 67: upload_copy_time_cuda = 0.001568

iter 68: cpu_time_cuda = 0.024898
iter 68: gpu_time_cuda = 0.054163
iter 68: download_copy_time_cuda = 0.001480
iter 68: upload_copy_time_cuda = 0.001555

iter 69: cpu_time_cuda = 0.024700
iter 69: gpu_time_cuda = 0.053410
iter 69: download_copy_time_cuda = 0.001474
iter 69: upload_copy_time_cuda = 0.001554

iter 70: cpu_time_cuda = 0.024631
iter 70: gpu_time_cuda = 0.052886
iter 70: download_copy_time_cuda = 0.001469
iter 70: upload_copy_time_cuda = 0.001544

iter 71: cpu_time_cuda = 0.024467
iter 71: gpu_time_cuda = 0.052665
iter 71: download_copy_time_cuda = 0.001469
iter 71: upload_copy_time_cuda = 0.001547

iter 72: cpu_time_cuda = 0.024377
iter 72: gpu_time_cuda = 0.052432
iter 72: download_copy_time_cuda = 0.001465
iter 72: upload_copy_time_cuda = 0.001538

iter 73: cpu_time_cuda = 0.024432
iter 73: gpu_time_cuda = 0.051706
iter 73: download_copy_time_cuda = 0.001452
iter 73: upload_copy_time_cuda = 0.001537

iter 74: cpu_time_cuda = 0.024227
iter 74: gpu_time_cuda = 0.051621
iter 74: download_copy_time_cuda = 0.001453
iter 74: upload_copy_time_cuda = 0.001525

iter 75: cpu_time_cuda = 0.024165
iter 75: gpu_time_cuda = 0.050833
iter 75: download_copy_time_cuda = 0.001440
iter 75: upload_copy_time_cuda = 0.001522

iter 76: cpu_time_cuda = 0.024041
iter 76: gpu_time_cuda = 0.050610
iter 76: download_copy_time_cuda = 0.001439
iter 76: upload_copy_time_cuda = 0.001515

iter 77: cpu_time_cuda = 0.023939
iter 77: gpu_time_cuda = 0.049780
iter 77: download_copy_time_cuda = 0.001427
iter 77: upload_copy_time_cuda = 0.001519

iter 78: cpu_time_cuda = 0.023941
iter 78: gpu_time_cuda = 0.050269
iter 78: download_copy_time_cuda = 0.001430
iter 78: upload_copy_time_cuda = 0.001503

iter 79: cpu_time_cuda = 0.023768
iter 79: gpu_time_cuda = 0.048897
iter 79: download_copy_time_cuda = 0.001416
iter 79: upload_copy_time_cuda = 0.001509

iter 80: cpu_time_cuda = 0.023593
iter 80: gpu_time_cuda = 0.049108
iter 80: download_copy_time_cuda = 0.001412
iter 80: upload_copy_time_cuda = 0.001495

iter 81: cpu_time_cuda = 0.023532
iter 81: gpu_time_cuda = 0.048810
iter 81: download_copy_time_cuda = 0.001406
iter 81: upload_copy_time_cuda = 0.001481

iter 82: cpu_time_cuda = 0.023486
iter 82: gpu_time_cuda = 0.048384
iter 82: download_copy_time_cuda = 0.001402
iter 82: upload_copy_time_cuda = 0.001491

iter 83: cpu_time_cuda = 0.023326
iter 83: gpu_time_cuda = 0.047279
iter 83: download_copy_time_cuda = 0.001401
iter 83: upload_copy_time_cuda = 0.001484

iter 84: cpu_time_cuda = 0.023240
iter 84: gpu_time_cuda = 0.047380
iter 84: download_copy_time_cuda = 0.001394
iter 84: upload_copy_time_cuda = 0.001487

iter 85: cpu_time_cuda = 0.023102
iter 85: gpu_time_cuda = 0.046393
iter 85: download_copy_time_cuda = 0.001385
iter 85: upload_copy_time_cuda = 0.001468

iter 86: cpu_time_cuda = 0.023133
iter 86: gpu_time_cuda = 0.046693
iter 86: download_copy_time_cuda = 0.001376
iter 86: upload_copy_time_cuda = 0.001464

iter 87: cpu_time_cuda = 0.022955
iter 87: gpu_time_cuda = 0.046067
iter 87: download_copy_time_cuda = 0.001369
iter 87: upload_copy_time_cuda = 0.001468

iter 88: cpu_time_cuda = 0.022810
iter 88: gpu_time_cuda = 0.045911
iter 88: download_copy_time_cuda = 0.001365
iter 88: upload_copy_time_cuda = 0.001446

iter 89: cpu_time_cuda = 0.022710
iter 89: gpu_time_cuda = 0.044875
iter 89: download_copy_time_cuda = 0.001363
iter 89: upload_copy_time_cuda = 0.001448

iter 90: cpu_time_cuda = 0.022704
iter 90: gpu_time_cuda = 0.044842
iter 90: download_copy_time_cuda = 0.001352
iter 90: upload_copy_time_cuda = 0.001432

iter 91: cpu_time_cuda = 0.022544
iter 91: gpu_time_cuda = 0.044153
iter 91: download_copy_time_cuda = 0.001350
iter 91: upload_copy_time_cuda = 0.001432

iter 92: cpu_time_cuda = 0.022429
iter 92: gpu_time_cuda = 0.044737
iter 92: download_copy_time_cuda = 0.001340
iter 92: upload_copy_time_cuda = 0.001418

iter 93: cpu_time_cuda = 0.022433
iter 93: gpu_time_cuda = 0.043511
iter 93: download_copy_time_cuda = 0.001335
iter 93: upload_copy_time_cuda = 0.001408

iter 94: cpu_time_cuda = 0.022276
iter 94: gpu_time_cuda = 0.043504
iter 94: download_copy_time_cuda = 0.001331
iter 94: upload_copy_time_cuda = 0.001413

iter 95: cpu_time_cuda = 0.022139
iter 95: gpu_time_cuda = 0.043005
iter 95: download_copy_time_cuda = 0.001321
iter 95: upload_copy_time_cuda = 0.001405

iter 96: cpu_time_cuda = 0.022103
iter 96: gpu_time_cuda = 0.042726
iter 96: download_copy_time_cuda = 0.001315
iter 96: upload_copy_time_cuda = 0.001395

iter 97: cpu_time_cuda = 0.021957
iter 97: gpu_time_cuda = 0.042030
iter 97: download_copy_time_cuda = 0.001311
iter 97: upload_copy_time_cuda = 0.001392

iter 98: cpu_time_cuda = 0.021985
iter 98: gpu_time_cuda = 0.042231
iter 98: download_copy_time_cuda = 0.001304
iter 98: upload_copy_time_cuda = 0.001392

iter 99: cpu_time_cuda = 0.021830
iter 99: gpu_time_cuda = 0.041943
iter 99: download_copy_time_cuda = 0.001298
iter 99: upload_copy_time_cuda = 0.001380

iter 100: cpu_time_cuda = 0.021690
iter 100: gpu_time_cuda = 0.041345
iter 100: download_copy_time_cuda = 0.001292
iter 100: upload_copy_time_cuda = 0.001372

iter 101: cpu_time_cuda = 0.021591
iter 101: gpu_time_cuda = 0.040690
iter 101: download_copy_time_cuda = 0.001287
iter 101: upload_copy_time_cuda = 0.001375

iter 102: cpu_time_cuda = 0.021549
iter 102: gpu_time_cuda = 0.040502
iter 102: download_copy_time_cuda = 0.001288
iter 102: upload_copy_time_cuda = 0.001364

iter 103: cpu_time_cuda = 0.021553
iter 103: gpu_time_cuda = 0.039758
iter 103: download_copy_time_cuda = 0.001274
iter 103: upload_copy_time_cuda = 0.001367

iter 104: cpu_time_cuda = 0.021353
iter 104: gpu_time_cuda = 0.040985
iter 104: download_copy_time_cuda = 0.001276
iter 104: upload_copy_time_cuda = 0.001352

iter 105: cpu_time_cuda = 0.021241
iter 105: gpu_time_cuda = 0.039468
iter 105: download_copy_time_cuda = 0.001264
iter 105: upload_copy_time_cuda = 0.001345

iter 106: cpu_time_cuda = 0.021054
iter 106: gpu_time_cuda = 0.039231
iter 106: download_copy_time_cuda = 0.001258
iter 106: upload_copy_time_cuda = 0.001345

iter 107: cpu_time_cuda = 0.020968
iter 107: gpu_time_cuda = 0.038607
iter 107: download_copy_time_cuda = 0.001250
iter 107: upload_copy_time_cuda = 0.001324

iter 108: cpu_time_cuda = 0.020942
iter 108: gpu_time_cuda = 0.038305
iter 108: download_copy_time_cuda = 0.001246
iter 108: upload_copy_time_cuda = 0.001324

iter 109: cpu_time_cuda = 0.020769
iter 109: gpu_time_cuda = 0.037727
iter 109: download_copy_time_cuda = 0.001246
iter 109: upload_copy_time_cuda = 0.001329

iter 110: cpu_time_cuda = 0.020702
iter 110: gpu_time_cuda = 0.037852
iter 110: download_copy_time_cuda = 0.001232
iter 110: upload_copy_time_cuda = 0.001315

iter 111: cpu_time_cuda = 0.020616
iter 111: gpu_time_cuda = 0.037121
iter 111: download_copy_time_cuda = 0.001235
iter 111: upload_copy_time_cuda = 0.001310

iter 112: cpu_time_cuda = 0.020506
iter 112: gpu_time_cuda = 0.037153
iter 112: download_copy_time_cuda = 0.001219
iter 112: upload_copy_time_cuda = 0.001295

iter 113: cpu_time_cuda = 0.020470
iter 113: gpu_time_cuda = 0.036649
iter 113: download_copy_time_cuda = 0.001221
iter 113: upload_copy_time_cuda = 0.001298

iter 114: cpu_time_cuda = 0.020329
iter 114: gpu_time_cuda = 0.036307
iter 114: download_copy_time_cuda = 0.001208
iter 114: upload_copy_time_cuda = 0.001289

iter 115: cpu_time_cuda = 0.020249
iter 115: gpu_time_cuda = 0.035971
iter 115: download_copy_time_cuda = 0.001202
iter 115: upload_copy_time_cuda = 0.001280

iter 116: cpu_time_cuda = 0.020203
iter 116: gpu_time_cuda = 0.035604
iter 116: download_copy_time_cuda = 0.001199
iter 116: upload_copy_time_cuda = 0.001270

iter 117: cpu_time_cuda = 0.020076
iter 117: gpu_time_cuda = 0.034909
iter 117: download_copy_time_cuda = 0.001186
iter 117: upload_copy_time_cuda = 0.001274

iter 118: cpu_time_cuda = 0.019970
iter 118: gpu_time_cuda = 0.035241
iter 118: download_copy_time_cuda = 0.001184
iter 118: upload_copy_time_cuda = 0.001266

iter 119: cpu_time_cuda = 0.019885
iter 119: gpu_time_cuda = 0.034883
iter 119: download_copy_time_cuda = 0.001186
iter 119: upload_copy_time_cuda = 0.001257

iter 120: cpu_time_cuda = 0.019710
iter 120: gpu_time_cuda = 0.034346
iter 120: download_copy_time_cuda = 0.001172
iter 120: upload_copy_time_cuda = 0.001248

iter 121: cpu_time_cuda = 0.019610
iter 121: gpu_time_cuda = 0.033667
iter 121: download_copy_time_cuda = 0.001166
iter 121: upload_copy_time_cuda = 0.001248

iter 122: cpu_time_cuda = 0.019544
iter 122: gpu_time_cuda = 0.033776
iter 122: download_copy_time_cuda = 0.001169
iter 122: upload_copy_time_cuda = 0.001243

iter 123: cpu_time_cuda = 0.019566
iter 123: gpu_time_cuda = 0.033278
iter 123: download_copy_time_cuda = 0.001155
iter 123: upload_copy_time_cuda = 0.001230

iter 124: cpu_time_cuda = 0.019348
iter 124: gpu_time_cuda = 0.033123
iter 124: download_copy_time_cuda = 0.001156
iter 124: upload_copy_time_cuda = 0.001218

iter 125: cpu_time_cuda = 0.019331
iter 125: gpu_time_cuda = 0.032809
iter 125: download_copy_time_cuda = 0.001144
iter 125: upload_copy_time_cuda = 0.001220

iter 126: cpu_time_cuda = 0.019137
iter 126: gpu_time_cuda = 0.032151
iter 126: download_copy_time_cuda = 0.001137
iter 126: upload_copy_time_cuda = 0.001217

iter 127: cpu_time_cuda = 0.019115
iter 127: gpu_time_cuda = 0.031534
iter 127: download_copy_time_cuda = 0.001133
iter 127: upload_copy_time_cuda = 0.001209

iter 128: cpu_time_cuda = 0.018906
iter 128: gpu_time_cuda = 0.031627
iter 128: download_copy_time_cuda = 0.001125
iter 128: upload_copy_time_cuda = 0.001199

iter 129: cpu_time_cuda = 0.018806
iter 129: gpu_time_cuda = 0.030909
iter 129: download_copy_time_cuda = 0.001122
iter 129: upload_copy_time_cuda = 0.001198

iter 130: cpu_time_cuda = 0.018739
iter 130: gpu_time_cuda = 0.030794
iter 130: download_copy_time_cuda = 0.001114
iter 130: upload_copy_time_cuda = 0.001194

iter 131: cpu_time_cuda = 0.018633
iter 131: gpu_time_cuda = 0.030784
iter 131: download_copy_time_cuda = 0.001110
iter 131: upload_copy_time_cuda = 0.001185

iter 132: cpu_time_cuda = 0.018617
iter 132: gpu_time_cuda = 0.030369
iter 132: download_copy_time_cuda = 0.001104
iter 132: upload_copy_time_cuda = 0.001173

iter 133: cpu_time_cuda = 0.018471
iter 133: gpu_time_cuda = 0.029676
iter 133: download_copy_time_cuda = 0.001100
iter 133: upload_copy_time_cuda = 0.001175

iter 134: cpu_time_cuda = 0.018387
iter 134: gpu_time_cuda = 0.029684
iter 134: download_copy_time_cuda = 0.001092
iter 134: upload_copy_time_cuda = 0.001168

iter 135: cpu_time_cuda = 0.018297
iter 135: gpu_time_cuda = 0.029407
iter 135: download_copy_time_cuda = 0.001086
iter 135: upload_copy_time_cuda = 0.001160

iter 136: cpu_time_cuda = 0.018202
iter 136: gpu_time_cuda = 0.029271
iter 136: download_copy_time_cuda = 0.001085
iter 136: upload_copy_time_cuda = 0.001150

iter 137: cpu_time_cuda = 0.018077
iter 137: gpu_time_cuda = 0.028662
iter 137: download_copy_time_cuda = 0.001073
iter 137: upload_copy_time_cuda = 0.001142

iter 138: cpu_time_cuda = 0.018135
iter 138: gpu_time_cuda = 0.028572
iter 138: download_copy_time_cuda = 0.001071
iter 138: upload_copy_time_cuda = 0.001146

iter 139: cpu_time_cuda = 0.017864
iter 139: gpu_time_cuda = 0.028057
iter 139: download_copy_time_cuda = 0.001066
iter 139: upload_copy_time_cuda = 0.001125

iter 140: cpu_time_cuda = 0.017780
iter 140: gpu_time_cuda = 0.027879
iter 140: download_copy_time_cuda = 0.001058
iter 140: upload_copy_time_cuda = 0.001123

iter 141: cpu_time_cuda = 0.017735
iter 141: gpu_time_cuda = 0.027628
iter 141: download_copy_time_cuda = 0.001052
iter 141: upload_copy_time_cuda = 0.001124

iter 142: cpu_time_cuda = 0.017599
iter 142: gpu_time_cuda = 0.027228
iter 142: download_copy_time_cuda = 0.001046
iter 142: upload_copy_time_cuda = 0.001119

iter 143: cpu_time_cuda = 0.017507
iter 143: gpu_time_cuda = 0.026710
iter 143: download_copy_time_cuda = 0.001040
iter 143: upload_copy_time_cuda = 0.001112

iter 144: cpu_time_cuda = 0.017422
iter 144: gpu_time_cuda = 0.026730
iter 144: download_copy_time_cuda = 0.001034
iter 144: upload_copy_time_cuda = 0.001187

iter 145: cpu_time_cuda = 0.017304
iter 145: gpu_time_cuda = 0.026203
iter 145: download_copy_time_cuda = 0.001027
iter 145: upload_copy_time_cuda = 0.001088

iter 146: cpu_time_cuda = 0.017189
iter 146: gpu_time_cuda = 0.026501
iter 146: download_copy_time_cuda = 0.001021
iter 146: upload_copy_time_cuda = 0.001089

iter 147: cpu_time_cuda = 0.017107
iter 147: gpu_time_cuda = 0.025482
iter 147: download_copy_time_cuda = 0.001014
iter 147: upload_copy_time_cuda = 0.001082

iter 148: cpu_time_cuda = 0.016979
iter 148: gpu_time_cuda = 0.025675
iter 148: download_copy_time_cuda = 0.001010
iter 148: upload_copy_time_cuda = 0.001068

iter 149: cpu_time_cuda = 0.016923
iter 149: gpu_time_cuda = 0.025141
iter 149: download_copy_time_cuda = 0.001003
iter 149: upload_copy_time_cuda = 0.001063

iter 150: cpu_time_cuda = 0.016808
iter 150: gpu_time_cuda = 0.025910
iter 150: download_copy_time_cuda = 0.000998
iter 150: upload_copy_time_cuda = 0.001056

iter 151: cpu_time_cuda = 0.016910
iter 151: gpu_time_cuda = 0.025473
iter 151: download_copy_time_cuda = 0.000993
iter 151: upload_copy_time_cuda = 0.001051

iter 152: cpu_time_cuda = 0.016611
iter 152: gpu_time_cuda = 0.024448
iter 152: download_copy_time_cuda = 0.000987
iter 152: upload_copy_time_cuda = 0.001042

iter 153: cpu_time_cuda = 0.016546
iter 153: gpu_time_cuda = 0.023794
iter 153: download_copy_time_cuda = 0.000982
iter 153: upload_copy_time_cuda = 0.001039

iter 154: cpu_time_cuda = 0.016391
iter 154: gpu_time_cuda = 0.023646
iter 154: download_copy_time_cuda = 0.000974
iter 154: upload_copy_time_cuda = 0.001031

iter 155: cpu_time_cuda = 0.016303
iter 155: gpu_time_cuda = 0.023351
iter 155: download_copy_time_cuda = 0.000977
iter 155: upload_copy_time_cuda = 0.001027

iter 156: cpu_time_cuda = 0.016238
iter 156: gpu_time_cuda = 0.023644
iter 156: download_copy_time_cuda = 0.000964
iter 156: upload_copy_time_cuda = 0.001039

iter 157: cpu_time_cuda = 0.016123
iter 157: gpu_time_cuda = 0.022799
iter 157: download_copy_time_cuda = 0.000959
iter 157: upload_copy_time_cuda = 0.001015

iter 158: cpu_time_cuda = 0.016091
iter 158: gpu_time_cuda = 0.022636
iter 158: download_copy_time_cuda = 0.000952
iter 158: upload_copy_time_cuda = 0.001010

iter 159: cpu_time_cuda = 0.015923
iter 159: gpu_time_cuda = 0.022293
iter 159: download_copy_time_cuda = 0.000948
iter 159: upload_copy_time_cuda = 0.001001

iter 160: cpu_time_cuda = 0.015885
iter 160: gpu_time_cuda = 0.022352
iter 160: download_copy_time_cuda = 0.000939
iter 160: upload_copy_time_cuda = 0.000994

iter 161: cpu_time_cuda = 0.015736
iter 161: gpu_time_cuda = 0.021589
iter 161: download_copy_time_cuda = 0.000935
iter 161: upload_copy_time_cuda = 0.000995

iter 162: cpu_time_cuda = 0.015650
iter 162: gpu_time_cuda = 0.021601
iter 162: download_copy_time_cuda = 0.000930
iter 162: upload_copy_time_cuda = 0.000989

iter 163: cpu_time_cuda = 0.015601
iter 163: gpu_time_cuda = 0.023269
iter 163: download_copy_time_cuda = 0.000925
iter 163: upload_copy_time_cuda = 0.000977

iter 164: cpu_time_cuda = 0.015477
iter 164: gpu_time_cuda = 0.021075
iter 164: download_copy_time_cuda = 0.000923
iter 164: upload_copy_time_cuda = 0.000977

iter 165: cpu_time_cuda = 0.015356
iter 165: gpu_time_cuda = 0.020546
iter 165: download_copy_time_cuda = 0.000915
iter 165: upload_copy_time_cuda = 0.000971

iter 166: cpu_time_cuda = 0.015274
iter 166: gpu_time_cuda = 0.020402
iter 166: download_copy_time_cuda = 0.000914
iter 166: upload_copy_time_cuda = 0.000959

iter 167: cpu_time_cuda = 0.015197
iter 167: gpu_time_cuda = 0.019962
iter 167: download_copy_time_cuda = 0.000902
iter 167: upload_copy_time_cuda = 0.000961

iter 168: cpu_time_cuda = 0.015155
iter 168: gpu_time_cuda = 0.020319
iter 168: download_copy_time_cuda = 0.000897
iter 168: upload_copy_time_cuda = 0.000954

iter 169: cpu_time_cuda = 0.014922
iter 169: gpu_time_cuda = 0.019935
iter 169: download_copy_time_cuda = 0.000889
iter 169: upload_copy_time_cuda = 0.000940

iter 170: cpu_time_cuda = 0.014825
iter 170: gpu_time_cuda = 0.019561
iter 170: download_copy_time_cuda = 0.000884
iter 170: upload_copy_time_cuda = 0.000939

iter 171: cpu_time_cuda = 0.014838
iter 171: gpu_time_cuda = 0.019025
iter 171: download_copy_time_cuda = 0.000888
iter 171: upload_copy_time_cuda = 0.000931

iter 172: cpu_time_cuda = 0.014631
iter 172: gpu_time_cuda = 0.018956
iter 172: download_copy_time_cuda = 0.000873
iter 172: upload_copy_time_cuda = 0.000920

iter 173: cpu_time_cuda = 0.014571
iter 173: gpu_time_cuda = 0.019206
iter 173: download_copy_time_cuda = 0.000868
iter 173: upload_copy_time_cuda = 0.000916

iter 174: cpu_time_cuda = 0.014454
iter 174: gpu_time_cuda = 0.018630
iter 174: download_copy_time_cuda = 0.000863
iter 174: upload_copy_time_cuda = 0.000909

iter 175: cpu_time_cuda = 0.014386
iter 175: gpu_time_cuda = 0.018179
iter 175: download_copy_time_cuda = 0.000856
iter 175: upload_copy_time_cuda = 0.000903

iter 176: cpu_time_cuda = 0.014237
iter 176: gpu_time_cuda = 0.018255
iter 176: download_copy_time_cuda = 0.000850
iter 176: upload_copy_time_cuda = 0.000898

iter 177: cpu_time_cuda = 0.014157
iter 177: gpu_time_cuda = 0.017952
iter 177: download_copy_time_cuda = 0.000843
iter 177: upload_copy_time_cuda = 0.000902

iter 178: cpu_time_cuda = 0.014066
iter 178: gpu_time_cuda = 0.018841
iter 178: download_copy_time_cuda = 0.000837
iter 178: upload_copy_time_cuda = 0.000885

iter 179: cpu_time_cuda = 0.013987
iter 179: gpu_time_cuda = 0.017421
iter 179: download_copy_time_cuda = 0.000832
iter 179: upload_copy_time_cuda = 0.000878

iter 180: cpu_time_cuda = 0.013880
iter 180: gpu_time_cuda = 0.017030
iter 180: download_copy_time_cuda = 0.000824
iter 180: upload_copy_time_cuda = 0.000876

iter 181: cpu_time_cuda = 0.013795
iter 181: gpu_time_cuda = 0.016682
iter 181: download_copy_time_cuda = 0.000821
iter 181: upload_copy_time_cuda = 0.000873

iter 182: cpu_time_cuda = 0.013703
iter 182: gpu_time_cuda = 0.016923
iter 182: download_copy_time_cuda = 0.000816
iter 182: upload_copy_time_cuda = 0.000874

iter 183: cpu_time_cuda = 0.013577
iter 183: gpu_time_cuda = 0.017482
iter 183: download_copy_time_cuda = 0.000812
iter 183: upload_copy_time_cuda = 0.000862

iter 184: cpu_time_cuda = 0.013486
iter 184: gpu_time_cuda = 0.016173
iter 184: download_copy_time_cuda = 0.000803
iter 184: upload_copy_time_cuda = 0.000864

iter 185: cpu_time_cuda = 0.013384
iter 185: gpu_time_cuda = 0.015713
iter 185: download_copy_time_cuda = 0.000796
iter 185: upload_copy_time_cuda = 0.000849

iter 186: cpu_time_cuda = 0.013277
iter 186: gpu_time_cuda = 0.015620
iter 186: download_copy_time_cuda = 0.000790
iter 186: upload_copy_time_cuda = 0.000845

iter 187: cpu_time_cuda = 0.013217
iter 187: gpu_time_cuda = 0.015460
iter 187: download_copy_time_cuda = 0.000785
iter 187: upload_copy_time_cuda = 0.000840

iter 188: cpu_time_cuda = 0.013281
iter 188: gpu_time_cuda = 0.016458
iter 188: download_copy_time_cuda = 0.000784
iter 188: upload_copy_time_cuda = 0.000829

iter 189: cpu_time_cuda = 0.013047
iter 189: gpu_time_cuda = 0.014993
iter 189: download_copy_time_cuda = 0.000775
iter 189: upload_copy_time_cuda = 0.000831

iter 190: cpu_time_cuda = 0.012911
iter 190: gpu_time_cuda = 0.014807
iter 190: download_copy_time_cuda = 0.000769
iter 190: upload_copy_time_cuda = 0.000820

iter 191: cpu_time_cuda = 0.012764
iter 191: gpu_time_cuda = 0.014404
iter 191: download_copy_time_cuda = 0.000769
iter 191: upload_copy_time_cuda = 0.000812

iter 192: cpu_time_cuda = 0.012709
iter 192: gpu_time_cuda = 0.014514
iter 192: download_copy_time_cuda = 0.000765
iter 192: upload_copy_time_cuda = 0.000816

iter 193: cpu_time_cuda = 0.012557
iter 193: gpu_time_cuda = 0.013889
iter 193: download_copy_time_cuda = 0.000755
iter 193: upload_copy_time_cuda = 0.000801

iter 194: cpu_time_cuda = 0.012463
iter 194: gpu_time_cuda = 0.014100
iter 194: download_copy_time_cuda = 0.000745
iter 194: upload_copy_time_cuda = 0.000790

iter 195: cpu_time_cuda = 0.012443
iter 195: gpu_time_cuda = 0.013626
iter 195: download_copy_time_cuda = 0.000742
iter 195: upload_copy_time_cuda = 0.000780

iter 196: cpu_time_cuda = 0.012307
iter 196: gpu_time_cuda = 0.013563
iter 196: download_copy_time_cuda = 0.000736
iter 196: upload_copy_time_cuda = 0.000775

iter 197: cpu_time_cuda = 0.012253
iter 197: gpu_time_cuda = 0.013197
iter 197: download_copy_time_cuda = 0.000730
iter 197: upload_copy_time_cuda = 0.000779

iter 198: cpu_time_cuda = 0.012096
iter 198: gpu_time_cuda = 0.012966
iter 198: download_copy_time_cuda = 0.000722
iter 198: upload_copy_time_cuda = 0.000763

iter 199: cpu_time_cuda = 0.012084
iter 199: gpu_time_cuda = 0.012944
iter 199: download_copy_time_cuda = 0.000718
iter 199: upload_copy_time_cuda = 0.000764

iter 200: cpu_time_cuda = 0.011893
iter 200: gpu_time_cuda = 0.012905
iter 200: download_copy_time_cuda = 0.000719
iter 200: upload_copy_time_cuda = 0.000751

iter 201: cpu_time_cuda = 0.011811
iter 201: gpu_time_cuda = 0.012538
iter 201: download_copy_time_cuda = 0.000707
iter 201: upload_copy_time_cuda = 0.000752

iter 202: cpu_time_cuda = 0.011725
iter 202: gpu_time_cuda = 0.012348
iter 202: download_copy_time_cuda = 0.000700
iter 202: upload_copy_time_cuda = 0.000745

iter 203: cpu_time_cuda = 0.011637
iter 203: gpu_time_cuda = 0.012085
iter 203: download_copy_time_cuda = 0.000696
iter 203: upload_copy_time_cuda = 0.000734

iter 204: cpu_time_cuda = 0.011537
iter 204: gpu_time_cuda = 0.012518
iter 204: download_copy_time_cuda = 0.000691
iter 204: upload_copy_time_cuda = 0.000735

iter 205: cpu_time_cuda = 0.011428
iter 205: gpu_time_cuda = 0.011659
iter 205: download_copy_time_cuda = 0.000685
iter 205: upload_copy_time_cuda = 0.000733

iter 206: cpu_time_cuda = 0.011340
iter 206: gpu_time_cuda = 0.011643
iter 206: download_copy_time_cuda = 0.000678
iter 206: upload_copy_time_cuda = 0.000715

iter 207: cpu_time_cuda = 0.011222
iter 207: gpu_time_cuda = 0.011123
iter 207: download_copy_time_cuda = 0.000672
iter 207: upload_copy_time_cuda = 0.000709

iter 208: cpu_time_cuda = 0.011110
iter 208: gpu_time_cuda = 0.011351
iter 208: download_copy_time_cuda = 0.000665
iter 208: upload_copy_time_cuda = 0.000709

iter 209: cpu_time_cuda = 0.011066
iter 209: gpu_time_cuda = 0.011537
iter 209: download_copy_time_cuda = 0.000660
iter 209: upload_copy_time_cuda = 0.000699

iter 210: cpu_time_cuda = 0.010930
iter 210: gpu_time_cuda = 0.010798
iter 210: download_copy_time_cuda = 0.000654
iter 210: upload_copy_time_cuda = 0.000691

iter 211: cpu_time_cuda = 0.010868
iter 211: gpu_time_cuda = 0.010415
iter 211: download_copy_time_cuda = 0.000648
iter 211: upload_copy_time_cuda = 0.000686

iter 212: cpu_time_cuda = 0.010776
iter 212: gpu_time_cuda = 0.010401
iter 212: download_copy_time_cuda = 0.000643
iter 212: upload_copy_time_cuda = 0.000693

iter 213: cpu_time_cuda = 0.010618
iter 213: gpu_time_cuda = 0.010329
iter 213: download_copy_time_cuda = 0.000636
iter 213: upload_copy_time_cuda = 0.000677

iter 214: cpu_time_cuda = 0.010521
iter 214: gpu_time_cuda = 0.010703
iter 214: download_copy_time_cuda = 0.000632
iter 214: upload_copy_time_cuda = 0.000680

iter 215: cpu_time_cuda = 0.010495
iter 215: gpu_time_cuda = 0.010753
iter 215: download_copy_time_cuda = 0.000626
iter 215: upload_copy_time_cuda = 0.000668

iter 216: cpu_time_cuda = 0.010327
iter 216: gpu_time_cuda = 0.009646
iter 216: download_copy_time_cuda = 0.000620
iter 216: upload_copy_time_cuda = 0.000663

iter 217: cpu_time_cuda = 0.010228
iter 217: gpu_time_cuda = 0.009365
iter 217: download_copy_time_cuda = 0.000614
iter 217: upload_copy_time_cuda = 0.000649

iter 218: cpu_time_cuda = 0.010132
iter 218: gpu_time_cuda = 0.009228
iter 218: download_copy_time_cuda = 0.000607
iter 218: upload_copy_time_cuda = 0.000649

iter 219: cpu_time_cuda = 0.010040
iter 219: gpu_time_cuda = 0.009867
iter 219: download_copy_time_cuda = 0.000602
iter 219: upload_copy_time_cuda = 0.000635

iter 220: cpu_time_cuda = 0.009942
iter 220: gpu_time_cuda = 0.009160
iter 220: download_copy_time_cuda = 0.000596
iter 220: upload_copy_time_cuda = 0.000634

iter 221: cpu_time_cuda = 0.009859
iter 221: gpu_time_cuda = 0.008715
iter 221: download_copy_time_cuda = 0.000600
iter 221: upload_copy_time_cuda = 0.000624

iter 222: cpu_time_cuda = 0.009756
iter 222: gpu_time_cuda = 0.008624
iter 222: download_copy_time_cuda = 0.000586
iter 222: upload_copy_time_cuda = 0.000618

iter 223: cpu_time_cuda = 0.009651
iter 223: gpu_time_cuda = 0.008285
iter 223: download_copy_time_cuda = 0.000579
iter 223: upload_copy_time_cuda = 0.000612

iter 224: cpu_time_cuda = 0.009645
iter 224: gpu_time_cuda = 0.009049
iter 224: download_copy_time_cuda = 0.000573
iter 224: upload_copy_time_cuda = 0.000603

iter 225: cpu_time_cuda = 0.009464
iter 225: gpu_time_cuda = 0.008093
iter 225: download_copy_time_cuda = 0.000567
iter 225: upload_copy_time_cuda = 0.000600

iter 226: cpu_time_cuda = 0.009391
iter 226: gpu_time_cuda = 0.008195
iter 226: download_copy_time_cuda = 0.000562
iter 226: upload_copy_time_cuda = 0.000593

iter 227: cpu_time_cuda = 0.009277
iter 227: gpu_time_cuda = 0.007972
iter 227: download_copy_time_cuda = 0.000557
iter 227: upload_copy_time_cuda = 0.000586

iter 228: cpu_time_cuda = 0.009177
iter 228: gpu_time_cuda = 0.007721
iter 228: download_copy_time_cuda = 0.000552
iter 228: upload_copy_time_cuda = 0.000580

iter 229: cpu_time_cuda = 0.009226
iter 229: gpu_time_cuda = 0.007335
iter 229: download_copy_time_cuda = 0.000545
iter 229: upload_copy_time_cuda = 0.000582

iter 230: cpu_time_cuda = 0.008996
iter 230: gpu_time_cuda = 0.007451
iter 230: download_copy_time_cuda = 0.000539
iter 230: upload_copy_time_cuda = 0.000579

iter 231: cpu_time_cuda = 0.008908
iter 231: gpu_time_cuda = 0.007579
iter 231: download_copy_time_cuda = 0.000535
iter 231: upload_copy_time_cuda = 0.000570

iter 232: cpu_time_cuda = 0.008809
iter 232: gpu_time_cuda = 0.007022
iter 232: download_copy_time_cuda = 0.000528
iter 232: upload_copy_time_cuda = 0.000564

iter 233: cpu_time_cuda = 0.008663
iter 233: gpu_time_cuda = 0.006871
iter 233: download_copy_time_cuda = 0.000523
iter 233: upload_copy_time_cuda = 0.000550

iter 234: cpu_time_cuda = 0.008535
iter 234: gpu_time_cuda = 0.006797
iter 234: download_copy_time_cuda = 0.000516
iter 234: upload_copy_time_cuda = 0.000545

iter 235: cpu_time_cuda = 0.008562
iter 235: gpu_time_cuda = 0.006590
iter 235: download_copy_time_cuda = 0.000511
iter 235: upload_copy_time_cuda = 0.000543

iter 236: cpu_time_cuda = 0.008356
iter 236: gpu_time_cuda = 0.006746
iter 236: download_copy_time_cuda = 0.000505
iter 236: upload_copy_time_cuda = 0.000538

iter 237: cpu_time_cuda = 0.008292
iter 237: gpu_time_cuda = 0.006537
iter 237: download_copy_time_cuda = 0.000500
iter 237: upload_copy_time_cuda = 0.000527

iter 238: cpu_time_cuda = 0.008212
iter 238: gpu_time_cuda = 0.006236
iter 238: download_copy_time_cuda = 0.000495
iter 238: upload_copy_time_cuda = 0.000520

iter 239: cpu_time_cuda = 0.008078
iter 239: gpu_time_cuda = 0.005989
iter 239: download_copy_time_cuda = 0.000487
iter 239: upload_copy_time_cuda = 0.000522

iter 240: cpu_time_cuda = 0.007956
iter 240: gpu_time_cuda = 0.006054
iter 240: download_copy_time_cuda = 0.000482
iter 240: upload_copy_time_cuda = 0.000515

iter 241: cpu_time_cuda = 0.007967
iter 241: gpu_time_cuda = 0.006593
iter 241: download_copy_time_cuda = 0.000476
iter 241: upload_copy_time_cuda = 0.000499

iter 242: cpu_time_cuda = 0.007812
iter 242: gpu_time_cuda = 0.005689
iter 242: download_copy_time_cuda = 0.000469
iter 242: upload_copy_time_cuda = 0.000502

iter 243: cpu_time_cuda = 0.007685
iter 243: gpu_time_cuda = 0.005460
iter 243: download_copy_time_cuda = 0.000464
iter 243: upload_copy_time_cuda = 0.000489

iter 244: cpu_time_cuda = 0.007627
iter 244: gpu_time_cuda = 0.005382
iter 244: download_copy_time_cuda = 0.000458
iter 244: upload_copy_time_cuda = 0.000490

iter 245: cpu_time_cuda = 0.007493
iter 245: gpu_time_cuda = 0.005233
iter 245: download_copy_time_cuda = 0.000453
iter 245: upload_copy_time_cuda = 0.000486

iter 246: cpu_time_cuda = 0.007412
iter 246: gpu_time_cuda = 0.005364
iter 246: download_copy_time_cuda = 0.000447
iter 246: upload_copy_time_cuda = 0.000472

iter 247: cpu_time_cuda = 0.007312
iter 247: gpu_time_cuda = 0.005482
iter 247: download_copy_time_cuda = 0.000442
iter 247: upload_copy_time_cuda = 0.000473

iter 248: cpu_time_cuda = 0.007275
iter 248: gpu_time_cuda = 0.004813
iter 248: download_copy_time_cuda = 0.000436
iter 248: upload_copy_time_cuda = 0.000471

iter 249: cpu_time_cuda = 0.007085
iter 249: gpu_time_cuda = 0.004605
iter 249: download_copy_time_cuda = 0.000430
iter 249: upload_copy_time_cuda = 0.000459

iter 250: cpu_time_cuda = 0.007018
iter 250: gpu_time_cuda = 0.004765
iter 250: download_copy_time_cuda = 0.000425
iter 250: upload_copy_time_cuda = 0.000461

iter 251: cpu_time_cuda = 0.006917
iter 251: gpu_time_cuda = 0.005019
iter 251: download_copy_time_cuda = 0.000420
iter 251: upload_copy_time_cuda = 0.000440

iter 252: cpu_time_cuda = 0.006810
iter 252: gpu_time_cuda = 0.004457
iter 252: download_copy_time_cuda = 0.000412
iter 252: upload_copy_time_cuda = 0.000441

iter 253: cpu_time_cuda = 0.006715
iter 253: gpu_time_cuda = 0.004076
iter 253: download_copy_time_cuda = 0.000406
iter 253: upload_copy_time_cuda = 0.000435

iter 254: cpu_time_cuda = 0.006605
iter 254: gpu_time_cuda = 0.004131
iter 254: download_copy_time_cuda = 0.000401
iter 254: upload_copy_time_cuda = 0.000429

iter 255: cpu_time_cuda = 0.006484
iter 255: gpu_time_cuda = 0.003882
iter 255: download_copy_time_cuda = 0.000395
iter 255: upload_copy_time_cuda = 0.000424

iter 256: cpu_time_cuda = 0.006450
iter 256: gpu_time_cuda = 0.004064
iter 256: download_copy_time_cuda = 0.000388
iter 256: upload_copy_time_cuda = 0.000424

iter 257: cpu_time_cuda = 0.006221
iter 257: gpu_time_cuda = 0.003845
iter 257: download_copy_time_cuda = 0.000383
iter 257: upload_copy_time_cuda = 0.000411

iter 258: cpu_time_cuda = 0.006126
iter 258: gpu_time_cuda = 0.003795
iter 258: download_copy_time_cuda = 0.000377
iter 258: upload_copy_time_cuda = 0.000416

iter 259: cpu_time_cuda = 0.006023
iter 259: gpu_time_cuda = 0.003472
iter 259: download_copy_time_cuda = 0.000371
iter 259: upload_copy_time_cuda = 0.000413

iter 260: cpu_time_cuda = 0.005943
iter 260: gpu_time_cuda = 0.003531
iter 260: download_copy_time_cuda = 0.000366
iter 260: upload_copy_time_cuda = 0.000393

iter 261: cpu_time_cuda = 0.005857
iter 261: gpu_time_cuda = 0.003335
iter 261: download_copy_time_cuda = 0.000360
iter 261: upload_copy_time_cuda = 0.000390

iter 262: cpu_time_cuda = 0.005725
iter 262: gpu_time_cuda = 0.003486
iter 262: download_copy_time_cuda = 0.000354
iter 262: upload_copy_time_cuda = 0.000380

iter 263: cpu_time_cuda = 0.005633
iter 263: gpu_time_cuda = 0.003438
iter 263: download_copy_time_cuda = 0.000349
iter 263: upload_copy_time_cuda = 0.000375

iter 264: cpu_time_cuda = 0.005567
iter 264: gpu_time_cuda = 0.003248
iter 264: download_copy_time_cuda = 0.000343
iter 264: upload_copy_time_cuda = 0.000372

iter 265: cpu_time_cuda = 0.005529
iter 265: gpu_time_cuda = 0.003011
iter 265: download_copy_time_cuda = 0.000337
iter 265: upload_copy_time_cuda = 0.000354

iter 266: cpu_time_cuda = 0.005376
iter 266: gpu_time_cuda = 0.003042
iter 266: download_copy_time_cuda = 0.000331
iter 266: upload_copy_time_cuda = 0.000356

iter 267: cpu_time_cuda = 0.005272
iter 267: gpu_time_cuda = 0.003062
iter 267: download_copy_time_cuda = 0.000325
iter 267: upload_copy_time_cuda = 0.000346

iter 268: cpu_time_cuda = 0.005176
iter 268: gpu_time_cuda = 0.002783
iter 268: download_copy_time_cuda = 0.000319
iter 268: upload_copy_time_cuda = 0.000349

iter 269: cpu_time_cuda = 0.005083
iter 269: gpu_time_cuda = 0.002519
iter 269: download_copy_time_cuda = 0.000313
iter 269: upload_copy_time_cuda = 0.000328

iter 270: cpu_time_cuda = 0.004999
iter 270: gpu_time_cuda = 0.002512
iter 270: download_copy_time_cuda = 0.000308
iter 270: upload_copy_time_cuda = 0.000343

iter 271: cpu_time_cuda = 0.004891
iter 271: gpu_time_cuda = 0.002398
iter 271: download_copy_time_cuda = 0.000305
iter 271: upload_copy_time_cuda = 0.000322

iter 272: cpu_time_cuda = 0.004779
iter 272: gpu_time_cuda = 0.002534
iter 272: download_copy_time_cuda = 0.000295
iter 272: upload_copy_time_cuda = 0.000313

iter 273: cpu_time_cuda = 0.004705
iter 273: gpu_time_cuda = 0.002287
iter 273: download_copy_time_cuda = 0.000290
iter 273: upload_copy_time_cuda = 0.000313

iter 274: cpu_time_cuda = 0.004605
iter 274: gpu_time_cuda = 0.002183
iter 274: download_copy_time_cuda = 0.000284
iter 274: upload_copy_time_cuda = 0.000300

iter 275: cpu_time_cuda = 0.004519
iter 275: gpu_time_cuda = 0.002022
iter 275: download_copy_time_cuda = 0.000278
iter 275: upload_copy_time_cuda = 0.000294

iter 276: cpu_time_cuda = 0.004492
iter 276: gpu_time_cuda = 0.002067
iter 276: download_copy_time_cuda = 0.000272
iter 276: upload_copy_time_cuda = 0.000285

iter 277: cpu_time_cuda = 0.004357
iter 277: gpu_time_cuda = 0.002060
iter 277: download_copy_time_cuda = 0.000264
iter 277: upload_copy_time_cuda = 0.000284

iter 278: cpu_time_cuda = 0.004187
iter 278: gpu_time_cuda = 0.001855
iter 278: download_copy_time_cuda = 0.000262
iter 278: upload_copy_time_cuda = 0.000281

iter 279: cpu_time_cuda = 0.004098
iter 279: gpu_time_cuda = 0.001725
iter 279: download_copy_time_cuda = 0.000256
iter 279: upload_copy_time_cuda = 0.000274

iter 280: cpu_time_cuda = 0.004025
iter 280: gpu_time_cuda = 0.001669
iter 280: download_copy_time_cuda = 0.000249
iter 280: upload_copy_time_cuda = 0.000277

iter 281: cpu_time_cuda = 0.003927
iter 281: gpu_time_cuda = 0.001582
iter 281: download_copy_time_cuda = 0.000243
iter 281: upload_copy_time_cuda = 0.000262

iter 282: cpu_time_cuda = 0.003804
iter 282: gpu_time_cuda = 0.001614
iter 282: download_copy_time_cuda = 0.000238
iter 282: upload_copy_time_cuda = 0.000265

iter 283: cpu_time_cuda = 0.003723
iter 283: gpu_time_cuda = 0.001561
iter 283: download_copy_time_cuda = 0.000232
iter 283: upload_copy_time_cuda = 0.000244

iter 284: cpu_time_cuda = 0.003643
iter 284: gpu_time_cuda = 0.001455
iter 284: download_copy_time_cuda = 0.000226
iter 284: upload_copy_time_cuda = 0.000252

iter 285: cpu_time_cuda = 0.003558
iter 285: gpu_time_cuda = 0.001326
iter 285: download_copy_time_cuda = 0.000219
iter 285: upload_copy_time_cuda = 0.000239

iter 286: cpu_time_cuda = 0.003432
iter 286: gpu_time_cuda = 0.001275
iter 286: download_copy_time_cuda = 0.000214
iter 286: upload_copy_time_cuda = 0.000224

iter 287: cpu_time_cuda = 0.003330
iter 287: gpu_time_cuda = 0.001266
iter 287: download_copy_time_cuda = 0.000209
iter 287: upload_copy_time_cuda = 0.000225

iter 288: cpu_time_cuda = 0.003263
iter 288: gpu_time_cuda = 0.001255
iter 288: download_copy_time_cuda = 0.000203
iter 288: upload_copy_time_cuda = 0.000225

iter 289: cpu_time_cuda = 0.003148
iter 289: gpu_time_cuda = 0.001117
iter 289: download_copy_time_cuda = 0.000196
iter 289: upload_copy_time_cuda = 0.000219

iter 290: cpu_time_cuda = 0.003082
iter 290: gpu_time_cuda = 0.001062
iter 290: download_copy_time_cuda = 0.000191
iter 290: upload_copy_time_cuda = 0.000201

iter 291: cpu_time_cuda = 0.002968
iter 291: gpu_time_cuda = 0.000983
iter 291: download_copy_time_cuda = 0.000184
iter 291: upload_copy_time_cuda = 0.000194

iter 292: cpu_time_cuda = 0.002891
iter 292: gpu_time_cuda = 0.000957
iter 292: download_copy_time_cuda = 0.000179
iter 292: upload_copy_time_cuda = 0.000188

iter 293: cpu_time_cuda = 0.002887
iter 293: gpu_time_cuda = 0.000895
iter 293: download_copy_time_cuda = 0.000170
iter 293: upload_copy_time_cuda = 0.000182

iter 294: cpu_time_cuda = 0.002685
iter 294: gpu_time_cuda = 0.000878
iter 294: download_copy_time_cuda = 0.000167
iter 294: upload_copy_time_cuda = 0.000176

iter 295: cpu_time_cuda = 0.002593
iter 295: gpu_time_cuda = 0.000791
iter 295: download_copy_time_cuda = 0.000162
iter 295: upload_copy_time_cuda = 0.000171

iter 296: cpu_time_cuda = 0.002499
iter 296: gpu_time_cuda = 0.000728
iter 296: download_copy_time_cuda = 0.000156
iter 296: upload_copy_time_cuda = 0.000169

iter 297: cpu_time_cuda = 0.002419
iter 297: gpu_time_cuda = 0.000672
iter 297: download_copy_time_cuda = 0.000150
iter 297: upload_copy_time_cuda = 0.000158

iter 298: cpu_time_cuda = 0.002307
iter 298: gpu_time_cuda = 0.000646
iter 298: download_copy_time_cuda = 0.000145
iter 298: upload_copy_time_cuda = 0.000152

iter 299: cpu_time_cuda = 0.002203
iter 299: gpu_time_cuda = 0.000579
iter 299: download_copy_time_cuda = 0.000139
iter 299: upload_copy_time_cuda = 0.000148

iter 300: cpu_time_cuda = 0.002082
iter 300: gpu_time_cuda = 0.000569
iter 300: download_copy_time_cuda = 0.000133
iter 300: upload_copy_time_cuda = 0.000140

iter 301: cpu_time_cuda = 0.001994
iter 301: gpu_time_cuda = 0.000474
iter 301: download_copy_time_cuda = 0.000126
iter 301: upload_copy_time_cuda = 0.000134

iter 302: cpu_time_cuda = 0.001896
iter 302: gpu_time_cuda = 0.000483
iter 302: download_copy_time_cuda = 0.000121
iter 302: upload_copy_time_cuda = 0.000129

iter 303: cpu_time_cuda = 0.001818
iter 303: gpu_time_cuda = 0.000414
iter 303: download_copy_time_cuda = 0.000115
iter 303: upload_copy_time_cuda = 0.000123

iter 304: cpu_time_cuda = 0.001722
iter 304: gpu_time_cuda = 0.000392
iter 304: download_copy_time_cuda = 0.000110
iter 304: upload_copy_time_cuda = 0.000116

iter 305: cpu_time_cuda = 0.001627
iter 305: gpu_time_cuda = 0.000361
iter 305: download_copy_time_cuda = 0.000104
iter 305: upload_copy_time_cuda = 0.000110

iter 306: cpu_time_cuda = 0.001554
iter 306: gpu_time_cuda = 0.000332
iter 306: download_copy_time_cuda = 0.000098
iter 306: upload_copy_time_cuda = 0.000105

iter 307: cpu_time_cuda = 0.001432
iter 307: gpu_time_cuda = 0.000284
iter 307: download_copy_time_cuda = 0.000092
iter 307: upload_copy_time_cuda = 0.000097

iter 308: cpu_time_cuda = 0.001334
iter 308: gpu_time_cuda = 0.000283
iter 308: download_copy_time_cuda = 0.000086
iter 308: upload_copy_time_cuda = 0.000092

iter 309: cpu_time_cuda = 0.001248
iter 309: gpu_time_cuda = 0.000259
iter 309: download_copy_time_cuda = 0.000081
iter 309: upload_copy_time_cuda = 0.000087

iter 310: cpu_time_cuda = 0.001158
iter 310: gpu_time_cuda = 0.000216
iter 310: download_copy_time_cuda = 0.000077
iter 310: upload_copy_time_cuda = 0.000081

iter 311: cpu_time_cuda = 0.001084
iter 311: gpu_time_cuda = 0.000204
iter 311: download_copy_time_cuda = 0.000072
iter 311: upload_copy_time_cuda = 0.000078

iter 312: cpu_time_cuda = 0.000982
iter 312: gpu_time_cuda = 0.000175
iter 312: download_copy_time_cuda = 0.000073
iter 312: upload_copy_time_cuda = 0.000074

iter 313: cpu_time_cuda = 0.000911
iter 313: gpu_time_cuda = 0.000131
iter 313: download_copy_time_cuda = 0.000062
iter 313: upload_copy_time_cuda = 0.000071

iter 314: cpu_time_cuda = 0.000804
iter 314: gpu_time_cuda = 0.000125
iter 314: download_copy_time_cuda = 0.000058
iter 314: upload_copy_time_cuda = 0.000073

iter 315: cpu_time_cuda = 0.000717
iter 315: gpu_time_cuda = 0.000112
iter 315: download_copy_time_cuda = 0.000055
iter 315: upload_copy_time_cuda = 0.000062

iter 316: cpu_time_cuda = 0.000645
iter 316: gpu_time_cuda = 0.000103
iter 316: download_copy_time_cuda = 0.000052
iter 316: upload_copy_time_cuda = 0.000059

iter 317: cpu_time_cuda = 0.000551
iter 317: gpu_time_cuda = 0.000101
iter 317: download_copy_time_cuda = 0.000048
iter 317: upload_copy_time_cuda = 0.000053

iter 318: cpu_time_cuda = 0.000463
iter 318: gpu_time_cuda = 0.000098
iter 318: download_copy_time_cuda = 0.000045
iter 318: upload_copy_time_cuda = 0.000048

iter 319: cpu_time_cuda = 0.000398
iter 319: gpu_time_cuda = 0.000002
iter 319: download_copy_time_cuda = 0.000042
iter 319: upload_copy_time_cuda = 0.000036

total_cpu_time_cuda = 5.048169
total_gpu_time_cuda = 9.295788
total_copy_time_cuda = 0.623556
main_loop_time_cuda = 15.312907
20480 20480     ---   (  ---  )    346.57 (  16.52)     ---   
total_time = 29.995157
27.23user 4.93system 0:33.22elapsed 96%CPU (0avgtext+0avgdata 3430776maxresident)k
4504inputs+0outputs (1major+839708minor)pagefaults 0swaps
send out message: 22 3 log
