send out message: 24 37 /home/lchen/MAGMA/magma-1.3.0/results
send out message: 20 26 MAGMA_LU_GPUDVFS.total.pwr
MAGMA 1.3.0
device 0: Tesla K20c, 705.5 MHz clock, 4799.6 MB memory, capability 3.5

Usage: /home/lchen/MAGMA/magma-1.3.0/testing/testing_dgetrf -N <m,n> -c -c2 -l
  -N  can be repeated up to 10 times. If only m is given, then m=n.
  -c  or setting $MAGMA_TESTINGS_CHECK checks result, PA - LU.
  -c2 for square matrices, solves one RHS and checks residual, Ax - b.
  -l  or setting $MAGMA_RUN_LAPACK runs LAPACK.

    M     N   CPU GFlop/s (sec)   GPU GFlop/s (sec)   |PA-LU|/(N*|A|)
=========================================================================
init_time = 0.841864
iter 0: cpu_time_cuda = 0.000000
iter 0: gpu_time_cuda = 0.000000
iter 0: download_copy_time_cuda = 0.000000
iter 0: upload_copy_time_cuda = 0.000500

iter 1: cpu_time_cuda = 0.007737
iter 1: gpu_time_cuda = 0.005445
iter 1: download_copy_time_cuda = 0.000453
iter 1: upload_copy_time_cuda = 0.000483

iter 2: cpu_time_pred = 0.007638
iter 2: gpu_time_pred = 0.005307
!!Border found at iter 1
iter 2: ratio_split_freq = 0.070732
iter 2: cpu_time_cuda = 0.007497
iter 2: gpu_time_cuda = 0.010167
iter 2: download_copy_time_cuda = 0.000447
iter 2: upload_copy_time_cuda = 0.000477

iter 3: cpu_time_pred = 0.007538
iter 3: gpu_time_pred = 0.005170
iter 3: ratio_split_freq = 0.073781
iter 3: cpu_time_cuda = 0.007410
iter 3: gpu_time_cuda = 0.009727
iter 3: download_copy_time_cuda = 0.000442
iter 3: upload_copy_time_cuda = 0.000461

iter 4: cpu_time_pred = 0.007439
iter 4: gpu_time_pred = 0.005035
iter 4: ratio_split_freq = 0.076912
iter 4: cpu_time_cuda = 0.007356
iter 4: gpu_time_cuda = 0.009694
iter 4: download_copy_time_cuda = 0.000436
iter 4: upload_copy_time_cuda = 0.000454

iter 5: cpu_time_pred = 0.007340
iter 5: gpu_time_pred = 0.004901
iter 5: ratio_split_freq = 0.080127
iter 5: cpu_time_cuda = 0.007218
iter 5: gpu_time_cuda = 0.009789
iter 5: download_copy_time_cuda = 0.000432
iter 5: upload_copy_time_cuda = 0.000459

iter 6: cpu_time_pred = 0.007241
iter 6: gpu_time_pred = 0.004770
iter 6: ratio_split_freq = 0.083431
iter 6: cpu_time_cuda = 0.007228
iter 6: gpu_time_cuda = 0.004788
iter 6: download_copy_time_cuda = 0.000427
iter 6: upload_copy_time_cuda = 0.000445

iter 7: cpu_time_pred = 0.007142
iter 7: gpu_time_pred = 0.004640
!!Border found at iter 6
iter 7: ratio_split_freq = 0.086826
iter 7: cpu_time_cuda = 0.007041
iter 7: gpu_time_cuda = 0.009482
iter 7: download_copy_time_cuda = 0.000421
iter 7: upload_copy_time_cuda = 0.000439

iter 8: cpu_time_pred = 0.007043
iter 8: gpu_time_pred = 0.004512
iter 8: ratio_split_freq = 0.090317
iter 8: cpu_time_cuda = 0.006927
iter 8: gpu_time_cuda = 0.011115
iter 8: download_copy_time_cuda = 0.000416
iter 8: upload_copy_time_cuda = 0.000433

iter 9: cpu_time_pred = 0.006943
iter 9: gpu_time_pred = 0.004386
iter 9: ratio_split_freq = 0.093908
iter 9: cpu_time_cuda = 0.006837
iter 9: gpu_time_cuda = 0.009150
iter 9: download_copy_time_cuda = 0.000411
iter 9: upload_copy_time_cuda = 0.000426

iter 10: cpu_time_pred = 0.006844
iter 10: gpu_time_pred = 0.004261
iter 10: ratio_split_freq = 0.097603
iter 10: cpu_time_cuda = 0.006738
iter 10: gpu_time_cuda = 0.009053
iter 10: download_copy_time_cuda = 0.000406
iter 10: upload_copy_time_cuda = 0.000423

iter 11: cpu_time_pred = 0.006745
iter 11: gpu_time_pred = 0.004139
iter 11: ratio_split_freq = 0.101406
iter 11: cpu_time_cuda = 0.006647
iter 11: gpu_time_cuda = 0.004137
iter 11: download_copy_time_cuda = 0.000399
iter 11: upload_copy_time_cuda = 0.000425

iter 12: cpu_time_pred = 0.006646
iter 12: gpu_time_pred = 0.004018
!!Border found at iter 11
iter 12: ratio_split_freq = 0.105323
iter 12: cpu_time_cuda = 0.006547
iter 12: gpu_time_cuda = 0.008840
iter 12: download_copy_time_cuda = 0.000396
iter 12: upload_copy_time_cuda = 0.000419

iter 13: cpu_time_pred = 0.006547
iter 13: gpu_time_pred = 0.003899
iter 13: ratio_split_freq = 0.109359
iter 13: cpu_time_cuda = 0.006446
iter 13: gpu_time_cuda = 0.009109
iter 13: download_copy_time_cuda = 0.000387
iter 13: upload_copy_time_cuda = 0.000414

iter 14: cpu_time_pred = 0.006447
iter 14: gpu_time_pred = 0.003782
iter 14: ratio_split_freq = 0.113518
iter 14: cpu_time_cuda = 0.006346
iter 14: gpu_time_cuda = 0.008612
iter 14: download_copy_time_cuda = 0.000383
iter 14: upload_copy_time_cuda = 0.000407

iter 15: cpu_time_pred = 0.006348
iter 15: gpu_time_pred = 0.003666
iter 15: ratio_split_freq = 0.117808
iter 15: cpu_time_cuda = 0.006265
iter 15: gpu_time_cuda = 0.008425
iter 15: download_copy_time_cuda = 0.000376
iter 15: upload_copy_time_cuda = 0.000392

iter 16: cpu_time_pred = 0.006249
iter 16: gpu_time_pred = 0.003552
iter 16: ratio_split_freq = 0.122234
iter 16: cpu_time_cuda = 0.006116
iter 16: gpu_time_cuda = 0.008430
iter 16: download_copy_time_cuda = 0.000371
iter 16: upload_copy_time_cuda = 0.000394

iter 17: cpu_time_pred = 0.006150
iter 17: gpu_time_pred = 0.003441
iter 17: ratio_split_freq = 0.126803
iter 17: cpu_time_cuda = 0.006015
iter 17: gpu_time_cuda = 0.008350
iter 17: download_copy_time_cuda = 0.000366
iter 17: upload_copy_time_cuda = 0.000388

iter 18: cpu_time_pred = 0.006051
iter 18: gpu_time_pred = 0.003330
iter 18: ratio_split_freq = 0.131522
iter 18: cpu_time_cuda = 0.005938
iter 18: gpu_time_cuda = 0.008258
iter 18: download_copy_time_cuda = 0.000360
iter 18: upload_copy_time_cuda = 0.000381

iter 19: cpu_time_pred = 0.005951
iter 19: gpu_time_pred = 0.003222
iter 19: ratio_split_freq = 0.136397
iter 19: cpu_time_cuda = 0.005832
iter 19: gpu_time_cuda = 0.008069
iter 19: download_copy_time_cuda = 0.000354
iter 19: upload_copy_time_cuda = 0.000376

iter 20: cpu_time_pred = 0.005852
iter 20: gpu_time_pred = 0.003116
iter 20: ratio_split_freq = 0.141439
iter 20: cpu_time_cuda = 0.005752
iter 20: gpu_time_cuda = 0.008001
iter 20: download_copy_time_cuda = 0.000348
iter 20: upload_copy_time_cuda = 0.000373

iter 21: cpu_time_pred = 0.005753
iter 21: gpu_time_pred = 0.003011
iter 21: ratio_split_freq = 0.146654
iter 21: cpu_time_cuda = 0.005636
iter 21: gpu_time_cuda = 0.007845
iter 21: download_copy_time_cuda = 0.000343
iter 21: upload_copy_time_cuda = 0.000366

iter 22: cpu_time_pred = 0.005654
iter 22: gpu_time_pred = 0.002908
iter 22: ratio_split_freq = 0.152052
iter 22: cpu_time_cuda = 0.005543
iter 22: gpu_time_cuda = 0.007743
iter 22: download_copy_time_cuda = 0.000338
iter 22: upload_copy_time_cuda = 0.000359

iter 23: cpu_time_pred = 0.005555
iter 23: gpu_time_pred = 0.002807
iter 23: ratio_split_freq = 0.157642
iter 23: cpu_time_cuda = 0.005443
iter 23: gpu_time_cuda = 0.007724
iter 23: download_copy_time_cuda = 0.000333
iter 23: upload_copy_time_cuda = 0.000356

iter 24: cpu_time_pred = 0.005455
iter 24: gpu_time_pred = 0.002708
iter 24: ratio_split_freq = 0.163436
iter 24: cpu_time_cuda = 0.005346
iter 24: gpu_time_cuda = 0.008213
iter 24: download_copy_time_cuda = 0.000328
iter 24: upload_copy_time_cuda = 0.000341

iter 25: cpu_time_pred = 0.005356
iter 25: gpu_time_pred = 0.002610
iter 25: ratio_split_freq = 0.169445
iter 25: cpu_time_cuda = 0.005244
iter 25: gpu_time_cuda = 0.007516
iter 25: download_copy_time_cuda = 0.000321
iter 25: upload_copy_time_cuda = 0.000334

iter 26: cpu_time_pred = 0.005257
iter 26: gpu_time_pred = 0.002514
iter 26: ratio_split_freq = 0.175680
iter 26: cpu_time_cuda = 0.005152
iter 26: gpu_time_cuda = 0.007500
iter 26: download_copy_time_cuda = 0.000314
iter 26: upload_copy_time_cuda = 0.000330

iter 27: cpu_time_pred = 0.005158
iter 27: gpu_time_pred = 0.002420
iter 27: ratio_split_freq = 0.182156
iter 27: cpu_time_cuda = 0.005071
iter 27: gpu_time_cuda = 0.007327
iter 27: download_copy_time_cuda = 0.000309
iter 27: upload_copy_time_cuda = 0.000443

iter 28: cpu_time_pred = 0.005059
iter 28: gpu_time_pred = 0.002328
iter 28: ratio_split_freq = 0.188885
iter 28: cpu_time_cuda = 0.004968
iter 28: gpu_time_cuda = 0.007244
iter 28: download_copy_time_cuda = 0.000304
iter 28: upload_copy_time_cuda = 0.000317

iter 29: cpu_time_pred = 0.004960
iter 29: gpu_time_pred = 0.002238
iter 29: ratio_split_freq = 0.195883
iter 29: cpu_time_cuda = 0.004885
iter 29: gpu_time_cuda = 0.002421
iter 29: download_copy_time_cuda = 0.000299
iter 29: upload_copy_time_cuda = 0.000319

iter 30: cpu_time_pred = 0.004860
iter 30: gpu_time_pred = 0.002149
!!Border found at iter 29
iter 30: ratio_split_freq = 0.203167
iter 30: cpu_time_cuda = 0.004840
iter 30: gpu_time_cuda = 0.007679
iter 30: download_copy_time_cuda = 0.000293
iter 30: upload_copy_time_cuda = 0.000312

iter 31: cpu_time_pred = 0.004761
iter 31: gpu_time_pred = 0.002062
iter 31: ratio_split_freq = 0.210755
iter 31: cpu_time_cuda = 0.004668
iter 31: gpu_time_cuda = 0.006950
iter 31: download_copy_time_cuda = 0.000286
iter 31: upload_copy_time_cuda = 0.000297

iter 32: cpu_time_pred = 0.004662
iter 32: gpu_time_pred = 0.001977
iter 32: ratio_split_freq = 0.218665
iter 32: cpu_time_cuda = 0.004584
iter 32: gpu_time_cuda = 0.006918
iter 32: download_copy_time_cuda = 0.000283
iter 32: upload_copy_time_cuda = 0.000301

iter 33: cpu_time_pred = 0.004563
iter 33: gpu_time_pred = 0.001894
iter 33: ratio_split_freq = 0.226919
iter 33: cpu_time_cuda = 0.004494
iter 33: gpu_time_cuda = 0.006742
iter 33: download_copy_time_cuda = 0.000276
iter 33: upload_copy_time_cuda = 0.000288

iter 34: cpu_time_pred = 0.004464
iter 34: gpu_time_pred = 0.001812
iter 34: ratio_split_freq = 0.235540
iter 34: cpu_time_cuda = 0.004397
iter 34: gpu_time_cuda = 0.001963
iter 34: download_copy_time_cuda = 0.000271
iter 34: upload_copy_time_cuda = 0.000290

iter 35: cpu_time_pred = 0.004364
iter 35: gpu_time_pred = 0.001733
!!Border found at iter 34
iter 35: ratio_split_freq = 0.244553
iter 35: cpu_time_cuda = 0.004310
iter 35: gpu_time_cuda = 0.006607
iter 35: download_copy_time_cuda = 0.000265
iter 35: upload_copy_time_cuda = 0.000282

iter 36: cpu_time_pred = 0.004265
iter 36: gpu_time_pred = 0.001655
iter 36: ratio_split_freq = 0.253985
iter 36: cpu_time_cuda = 0.004226
iter 36: gpu_time_cuda = 0.006582
iter 36: download_copy_time_cuda = 0.000260
iter 36: upload_copy_time_cuda = 0.000270

iter 37: cpu_time_pred = 0.004166
iter 37: gpu_time_pred = 0.001579
iter 37: ratio_split_freq = 0.263867
iter 37: cpu_time_cuda = 0.004090
iter 37: gpu_time_cuda = 0.006486
iter 37: download_copy_time_cuda = 0.000255
iter 37: upload_copy_time_cuda = 0.000266

iter 38: cpu_time_pred = 0.004067
iter 38: gpu_time_pred = 0.001505
iter 38: ratio_split_freq = 0.274230
iter 38: cpu_time_cuda = 0.003987
iter 38: gpu_time_cuda = 0.006420
iter 38: download_copy_time_cuda = 0.000250
iter 38: upload_copy_time_cuda = 0.000259

iter 39: cpu_time_pred = 0.003968
iter 39: gpu_time_pred = 0.001432
iter 39: ratio_split_freq = 0.285112
iter 39: cpu_time_cuda = 0.003901
iter 39: gpu_time_cuda = 0.006291
iter 39: download_copy_time_cuda = 0.000244
iter 39: upload_copy_time_cuda = 0.000259

iter 40: cpu_time_pred = 0.003868
iter 40: gpu_time_pred = 0.001361
iter 40: ratio_split_freq = 0.296551
iter 40: cpu_time_cuda = 0.003799
iter 40: gpu_time_cuda = 0.006257
iter 40: download_copy_time_cuda = 0.000239
iter 40: upload_copy_time_cuda = 0.000247

iter 41: cpu_time_pred = 0.003769
iter 41: gpu_time_pred = 0.001292
iter 41: ratio_split_freq = 0.308593
iter 41: cpu_time_cuda = 0.003709
iter 41: gpu_time_cuda = 0.006216
iter 41: download_copy_time_cuda = 0.000233
iter 41: upload_copy_time_cuda = 0.000247

iter 42: cpu_time_pred = 0.003670
iter 42: gpu_time_pred = 0.001225
iter 42: ratio_split_freq = 0.321285
iter 42: cpu_time_cuda = 0.003614
iter 42: gpu_time_cuda = 0.006134
iter 42: download_copy_time_cuda = 0.000228
iter 42: upload_copy_time_cuda = 0.000245

iter 43: cpu_time_pred = 0.003571
iter 43: gpu_time_pred = 0.001160
iter 43: ratio_split_freq = 0.334683
iter 43: cpu_time_cuda = 0.003529
iter 43: gpu_time_cuda = 0.006040
iter 43: download_copy_time_cuda = 0.000222
iter 43: upload_copy_time_cuda = 0.000230

iter 44: cpu_time_pred = 0.003472
iter 44: gpu_time_pred = 0.001096
iter 44: ratio_split_freq = 0.348846
iter 44: cpu_time_cuda = 0.003429
iter 44: gpu_time_cuda = 0.001261
iter 44: download_copy_time_cuda = 0.000217
iter 44: upload_copy_time_cuda = 0.000223

iter 45: cpu_time_pred = 0.003372
iter 45: gpu_time_pred = 0.001035
!!Border found at iter 44
iter 45: ratio_split_freq = 0.363842
iter 45: cpu_time_cuda = 0.003335
iter 45: gpu_time_cuda = 0.001193
iter 45: download_copy_time_cuda = 0.000211
iter 45: upload_copy_time_cuda = 0.000218

iter 46: cpu_time_pred = 0.003273
iter 46: gpu_time_pred = 0.000975
!!Border found at iter 45
iter 46: ratio_split_freq = 0.379748
iter 46: cpu_time_cuda = 0.003245
iter 46: gpu_time_cuda = 0.005897
iter 46: download_copy_time_cuda = 0.000206
iter 46: upload_copy_time_cuda = 0.000212

iter 47: cpu_time_pred = 0.003174
iter 47: gpu_time_pred = 0.000917
iter 47: ratio_split_freq = 0.396647
iter 47: cpu_time_cuda = 0.003143
iter 47: gpu_time_cuda = 0.001085
iter 47: download_copy_time_cuda = 0.000199
iter 47: upload_copy_time_cuda = 0.000211

iter 48: cpu_time_pred = 0.003075
iter 48: gpu_time_pred = 0.000860
!!Border found at iter 47
iter 48: ratio_split_freq = 0.414637
iter 48: cpu_time_cuda = 0.003052
iter 48: gpu_time_cuda = 0.005769
iter 48: download_copy_time_cuda = 0.000194
iter 48: upload_copy_time_cuda = 0.000201

iter 49: cpu_time_pred = 0.002976
iter 49: gpu_time_pred = 0.000806
iter 49: ratio_split_freq = 0.433826
iter 49: cpu_time_cuda = 0.002955
iter 49: gpu_time_cuda = 0.000949
iter 49: download_copy_time_cuda = 0.000188
iter 49: upload_copy_time_cuda = 0.000195

iter 50: cpu_time_pred = 0.002877
iter 50: gpu_time_pred = 0.000753
!!Border found at iter 49
iter 50: ratio_split_freq = 0.454338
iter 50: cpu_time_cuda = 0.002877
iter 50: gpu_time_cuda = 0.000915
iter 50: download_copy_time_cuda = 0.000183
iter 50: upload_copy_time_cuda = 0.000188

iter 51: cpu_time_pred = 0.002777
iter 51: gpu_time_pred = 0.000702
!!Border found at iter 50
iter 51: ratio_split_freq = 0.476315
iter 51: cpu_time_cuda = 0.002775
iter 51: gpu_time_cuda = 0.006238
iter 51: download_copy_time_cuda = 0.000177
iter 51: upload_copy_time_cuda = 0.000186

iter 52: cpu_time_pred = 0.002678
iter 52: gpu_time_pred = 0.000652
iter 52: ratio_split_freq = 0.499921
iter 52: cpu_time_cuda = 0.002687
iter 52: gpu_time_cuda = 0.000808
iter 52: download_copy_time_cuda = 0.000173
iter 52: upload_copy_time_cuda = 0.000181

iter 53: cpu_time_pred = 0.002579
iter 53: gpu_time_pred = 0.000605
!!Border found at iter 52
iter 53: ratio_split_freq = 0.525342
iter 53: cpu_time_cuda = 0.002587
iter 53: gpu_time_cuda = 0.000742
iter 53: download_copy_time_cuda = 0.000167
iter 53: upload_copy_time_cuda = 0.000175

iter 54: cpu_time_pred = 0.002480
iter 54: gpu_time_pred = 0.000559
!!Border found at iter 53
iter 54: ratio_split_freq = 0.552797
iter 54: cpu_time_cuda = 0.002485
iter 54: gpu_time_cuda = 0.000715
iter 54: download_copy_time_cuda = 0.000162
iter 54: upload_copy_time_cuda = 0.000166

iter 55: cpu_time_pred = 0.002381
iter 55: gpu_time_pred = 0.000516
!!Border found at iter 54
iter 55: ratio_split_freq = 0.582540
iter 55: cpu_time_cuda = 0.002399
iter 55: gpu_time_cuda = 0.000659
iter 55: download_copy_time_cuda = 0.000156
iter 55: upload_copy_time_cuda = 0.000165

iter 56: cpu_time_pred = 0.002281
iter 56: gpu_time_pred = 0.000473
!!Border found at iter 55
iter 56: ratio_split_freq = 0.614869
iter 56: cpu_time_cuda = 0.002358
iter 56: gpu_time_cuda = 0.000624
iter 56: download_copy_time_cuda = 0.000151
iter 56: upload_copy_time_cuda = 0.000158

iter 57: cpu_time_pred = 0.002182
iter 57: gpu_time_pred = 0.000433
!!Border found at iter 56
iter 57: ratio_split_freq = 0.650137
iter 57: cpu_time_cuda = 0.002207
iter 57: gpu_time_cuda = 0.000556
iter 57: download_copy_time_cuda = 0.000145
iter 57: upload_copy_time_cuda = 0.000153

iter 58: cpu_time_pred = 0.002083
iter 58: gpu_time_pred = 0.000395
!!Border found at iter 57
iter 58: ratio_split_freq = 0.688764
iter 58: cpu_time_cuda = 0.002088
iter 58: gpu_time_cuda = 0.000519
iter 58: download_copy_time_cuda = 0.000140
iter 58: upload_copy_time_cuda = 0.000144

iter 59: cpu_time_pred = 0.001984
iter 59: gpu_time_pred = 0.000358
!!Border found at iter 58
iter 59: ratio_split_freq = 0.731254
iter 59: cpu_time_cuda = 0.001987
iter 59: gpu_time_cuda = 0.000509
iter 59: download_copy_time_cuda = 0.000132
iter 59: upload_copy_time_cuda = 0.000142

iter 60: cpu_time_pred = 0.001885
iter 60: gpu_time_pred = 0.000323
!!Border found at iter 59
iter 60: ratio_split_freq = 0.778216
iter 60: cpu_time_cuda = 0.001884
iter 60: gpu_time_cuda = 0.000461
iter 60: download_copy_time_cuda = 0.000129
iter 60: upload_copy_time_cuda = 0.000133

iter 61: cpu_time_pred = 0.001785
iter 61: gpu_time_pred = 0.000290
!!Border found at iter 60
iter 61: ratio_split_freq = 0.830396
iter 61: cpu_time_cuda = 0.001799
iter 61: gpu_time_cuda = 0.000412
iter 61: download_copy_time_cuda = 0.000124
iter 61: upload_copy_time_cuda = 0.000129

iter 62: cpu_time_pred = 0.001686
iter 62: gpu_time_pred = 0.000259
!!Border found at iter 61
iter 62: ratio_split_freq = 0.888716
iter 62: cpu_time_cuda = 0.001701
iter 62: gpu_time_cuda = 0.000373
iter 62: download_copy_time_cuda = 0.000119
iter 62: upload_copy_time_cuda = 0.000127

iter 63: cpu_time_pred = 0.001587
iter 63: gpu_time_pred = 0.000229
!!Border found at iter 62
iter 63: ratio_split_freq = 0.954325
iter 63: cpu_time_cuda = 0.001604
iter 63: gpu_time_cuda = 0.000354
iter 63: download_copy_time_cuda = 0.000113
iter 63: upload_copy_time_cuda = 0.000119

iter 64: cpu_time_pred = 0.001488
iter 64: gpu_time_pred = 0.000201
!!Border found at iter 63
iter 64: ratio_split_freq = 1.028682
iter 64: cpu_time_cuda = 0.001528
iter 64: gpu_time_cuda = 0.001473
iter 64: download_copy_time_cuda = 0.000107
iter 64: upload_copy_time_cuda = 0.000113

iter 65: cpu_time_pred = 0.001389
iter 65: gpu_time_pred = 0.000175
!!Border found at iter 64
iter 65: ratio_split_freq = 1.113661
iter 65: cpu_time_cuda = 0.006207
iter 65: gpu_time_cuda = 0.001296
iter 65: download_copy_time_cuda = 0.000102
iter 65: upload_copy_time_cuda = 0.000106

iter 66: cpu_time_pred = 0.001289
iter 66: gpu_time_pred = 0.000151
!!Border found at iter 65
iter 66: ratio_split_freq = 1.211714
iter 66: cpu_time_cuda = 0.006114
iter 66: gpu_time_cuda = 0.001159
iter 66: download_copy_time_cuda = 0.000097
iter 66: upload_copy_time_cuda = 0.000100

iter 67: cpu_time_pred = 0.001190
iter 67: gpu_time_pred = 0.000129
!!Border found at iter 66
iter 67: ratio_split_freq = 1.326110
iter 67: cpu_time_cuda = 0.006051
iter 67: gpu_time_cuda = 0.000935
iter 67: download_copy_time_cuda = 0.000089
iter 67: upload_copy_time_cuda = 0.000095

iter 68: cpu_time_pred = 0.001091
iter 68: gpu_time_pred = 0.000108
!!Border found at iter 67
iter 68: ratio_split_freq = 1.461304
iter 68: cpu_time_cuda = 0.005957
iter 68: gpu_time_cuda = 0.000873
iter 68: download_copy_time_cuda = 0.000086
iter 68: upload_copy_time_cuda = 0.000091

iter 69: cpu_time_pred = 0.000992
iter 69: gpu_time_pred = 0.000090
!!Border found at iter 68
iter 69: ratio_split_freq = 1.623538
iter 69: cpu_time_cuda = 0.005814
iter 69: gpu_time_cuda = 0.000760
iter 69: download_copy_time_cuda = 0.000082
iter 69: upload_copy_time_cuda = 0.000084

iter 70: cpu_time_pred = 0.000893
iter 70: gpu_time_pred = 0.000072
!!Border found at iter 69
iter 70: ratio_split_freq = 1.821823
iter 70: cpu_time_cuda = 0.005835
iter 70: gpu_time_cuda = 0.000632
iter 70: download_copy_time_cuda = 0.000076
iter 70: upload_copy_time_cuda = 0.000082

iter 71: cpu_time_pred = 0.000794
iter 71: gpu_time_pred = 0.000057
!!Border found at iter 70
iter 71: ratio_split_freq = 2.069680
iter 71: cpu_time_cuda = 0.005664
iter 71: gpu_time_cuda = 0.000526
iter 71: download_copy_time_cuda = 0.000071
iter 71: upload_copy_time_cuda = 0.000076

iter 72: cpu_time_pred = 0.000694
iter 72: gpu_time_pred = 0.000044
!!Border found at iter 71
iter 72: ratio_split_freq = 2.388353
iter 72: cpu_time_cuda = 0.005565
iter 72: gpu_time_cuda = 0.000444
iter 72: download_copy_time_cuda = 0.000066
iter 72: upload_copy_time_cuda = 0.000069

iter 73: cpu_time_pred = 0.000595
iter 73: gpu_time_pred = 0.000032
!!Border found at iter 72
iter 73: ratio_split_freq = 2.813250
iter 73: cpu_time_cuda = 0.005458
iter 73: gpu_time_cuda = 0.000284
iter 73: download_copy_time_cuda = 0.000061
iter 73: upload_copy_time_cuda = 0.000064

iter 74: cpu_time_pred = 0.000496
iter 74: gpu_time_pred = 0.000022
!!Border found at iter 73
iter 74: ratio_split_freq = 3.408106
iter 74: cpu_time_cuda = 0.005735
iter 74: gpu_time_cuda = 0.000232
iter 74: download_copy_time_cuda = 0.000056
iter 74: upload_copy_time_cuda = 0.000058

iter 75: cpu_time_pred = 0.000397
iter 75: gpu_time_pred = 0.000014
!!Border found at iter 74
iter 75: ratio_split_freq = 4.300391
iter 75: cpu_time_cuda = 0.005487
iter 75: gpu_time_cuda = 0.000186
iter 75: download_copy_time_cuda = 0.000050
iter 75: upload_copy_time_cuda = 0.000054

iter 76: cpu_time_pred = 0.000298
iter 76: gpu_time_pred = 0.000008
!!Border found at iter 75
iter 76: ratio_split_freq = 5.787531
iter 76: cpu_time_cuda = 0.005236
iter 76: gpu_time_cuda = 0.000155
iter 76: download_copy_time_cuda = 0.000046
iter 76: upload_copy_time_cuda = 0.000048

iter 77: cpu_time_pred = 0.000198
iter 77: gpu_time_pred = 0.000004
!!Border found at iter 76
iter 77: ratio_split_freq = 8.761812
iter 77: cpu_time_cuda = 0.005126
iter 77: gpu_time_cuda = 0.000146
iter 77: download_copy_time_cuda = 0.000041
iter 77: upload_copy_time_cuda = 0.000044

iter 78: cpu_time_pred = 0.000099
iter 78: gpu_time_pred = 0.000001
!!Border found at iter 77
iter 78: ratio_split_freq = 17.684655
iter 78: cpu_time_cuda = 0.000269
iter 78: gpu_time_cuda = 0.000139
iter 78: download_copy_time_cuda = 0.000039
iter 78: upload_copy_time_cuda = 0.000041

iter 79: cpu_time_pred = 0.000000
iter 79: gpu_time_pred = 0.000000
!!Border found at iter 78
iter 79: ratio_split_freq = -nan
iter 79: cpu_time_cuda = 0.000158
iter 79: gpu_time_cuda = 0.000003
iter 79: download_copy_time_cuda = 0.000037
iter 79: upload_copy_time_cuda = 0.000074

total_cpu_time_cuda = 0.366133
total_gpu_time_cuda = 0.358741
total_copy_time_cuda = 0.039468
main_loop_time_cuda = 1.285644
Normalized difference of predicted CPU runtime per iteration is: -15.294857%
Normalized difference of predicted GPU runtime per iteration is: -56.747050%
Normalized difference of predicted slack per iteration is: -91.752447%
 5120  5120     ---   (  ---  )     63.01 (   1.42)     ---   
total_time = 2.265143
1.68user 0.83system 0:03.53elapsed 71%CPU (0avgtext+0avgdata 358764maxresident)k
4512inputs+0outputs (1major+71714minor)pagefaults 0swaps
send out message: 22 3 log
