send out message: 24 37 /home/lchen/MAGMA/magma-1.3.0/results
send out message: 20 26 MAGMA_LU_GPUDVFS.total.pwr
MAGMA 1.3.0
device 0: Tesla K20c, 705.5 MHz clock, 4799.6 MB memory, capability 3.5

Usage: /home/lchen/MAGMA/magma-1.3.0/testing/testing_dgetrf -N <m,n> -c -c2 -l
  -N  can be repeated up to 10 times. If only m is given, then m=n.
  -c  or setting $MAGMA_TESTINGS_CHECK checks result, PA - LU.
  -c2 for square matrices, solves one RHS and checks residual, Ax - b.
  -l  or setting $MAGMA_RUN_LAPACK runs LAPACK.

    M     N   CPU GFlop/s (sec)   GPU GFlop/s (sec)   |PA-LU|/(N*|A|)
=========================================================================
init_time = 0.848623
iter 2: ratio_split_freq = 0.050878
iter 3: ratio_split_freq = 0.050878
iter 4: ratio_split_freq = 0.050878
iter 5: ratio_split_freq = 0.050878
iter 6: ratio_split_freq = 0.050878
iter 7: ratio_split_freq = 0.050878
iter 8: ratio_split_freq = 0.050878
iter 9: ratio_split_freq = 0.050878
iter 10: ratio_split_freq = 0.050878
iter 11: ratio_split_freq = 0.050878
iter 12: ratio_split_freq = 0.050878
iter 13: ratio_split_freq = 0.050878
iter 14: ratio_split_freq = 0.050878
iter 15: ratio_split_freq = 0.050878
iter 16: ratio_split_freq = 0.050878
iter 17: ratio_split_freq = 0.050878
iter 18: ratio_split_freq = 0.050878
iter 19: ratio_split_freq = 0.050878
iter 20: ratio_split_freq = 0.050878
iter 21: ratio_split_freq = 0.050878
iter 22: ratio_split_freq = 0.050878
iter 23: ratio_split_freq = 0.050878
iter 24: ratio_split_freq = 0.050878
iter 25: ratio_split_freq = 0.050878
iter 26: ratio_split_freq = 0.050878
iter 27: ratio_split_freq = 0.050878
iter 28: ratio_split_freq = 0.050878
iter 29: ratio_split_freq = 0.050878
iter 30: ratio_split_freq = 0.050878
iter 31: ratio_split_freq = 0.050878
iter 32: ratio_split_freq = 0.050878
iter 33: ratio_split_freq = 0.050878
iter 34: ratio_split_freq = 0.050878
iter 35: ratio_split_freq = 0.050878
iter 36: ratio_split_freq = 0.050878
iter 37: ratio_split_freq = 0.050878
iter 38: ratio_split_freq = 0.050878
iter 39: ratio_split_freq = 0.050878
iter 40: ratio_split_freq = 0.050878
iter 41: ratio_split_freq = 0.050878
iter 42: ratio_split_freq = 0.050878
iter 43: ratio_split_freq = 0.050878
iter 44: ratio_split_freq = 0.050878
iter 45: ratio_split_freq = 0.050878
iter 46: ratio_split_freq = 0.050878
iter 47: ratio_split_freq = 0.050878
iter 48: ratio_split_freq = 0.050878
iter 49: ratio_split_freq = 0.050878
iter 50: ratio_split_freq = 0.050878
iter 51: ratio_split_freq = 0.050878
iter 52: ratio_split_freq = 0.050878
iter 53: ratio_split_freq = 0.050878
iter 54: ratio_split_freq = 0.050878
iter 55: ratio_split_freq = 0.050878
iter 56: ratio_split_freq = 0.050878
iter 57: ratio_split_freq = 0.050878
iter 58: ratio_split_freq = 0.050878
iter 59: ratio_split_freq = 0.050878
iter 60: ratio_split_freq = 0.050878
iter 61: ratio_split_freq = 0.050878
iter 62: ratio_split_freq = 0.050878
iter 63: ratio_split_freq = 0.050878
iter 64: ratio_split_freq = 0.050878
iter 65: ratio_split_freq = 0.050878
iter 66: ratio_split_freq = 0.050878
iter 67: ratio_split_freq = 0.050878
iter 68: ratio_split_freq = 0.050878
iter 69: ratio_split_freq = 0.050878
iter 70: ratio_split_freq = 0.050878
iter 71: ratio_split_freq = 0.050878
iter 72: ratio_split_freq = 0.050878
iter 73: ratio_split_freq = 0.050878
iter 74: ratio_split_freq = 0.050878
iter 75: ratio_split_freq = 0.050878
iter 76: ratio_split_freq = 0.050878
iter 77: ratio_split_freq = 0.050878
iter 78: ratio_split_freq = 0.050878
iter 79: ratio_split_freq = 0.050878
 5120  5120     ---   (  ---  )     53.21 (   1.68)     ---   
total_time = 2.533421
2.26user 0.66system 0:03.96elapsed 73%CPU (0avgtext+0avgdata 358504maxresident)k
4504inputs+0outputs (1major+71692minor)pagefaults 0swaps
send out message: 22 3 log
