send out message: 24 37 /home/lchen/MAGMA/magma-1.3.0/results
send out message: 20 26 MAGMA_LU_GPUDVFS.total.pwr
MAGMA 1.3.0
device 0: Tesla K20c, 705.5 MHz clock, 4799.6 MB memory, capability 3.5

Usage: /home/lchen/MAGMA/magma-1.3.0/testing/testing_dgeqrf -N <m,n> -c
  -N can be repeated up to 10 times. If only m is given, then m=n.
  -c or setting $MAGMA_TESTINGS_CHECK runs LAPACK and checks result.

  M     N     CPU GFlop/s (sec)   GPU GFlop/s (sec)   ||R||_F / ||A||_F
=======================================================================
init_time = 14.666953
iter 0: cpu_time_cuda = 0.000002
iter 0: gpu_time1_cuda = 0.000000
iter 0: gpu_time2_cuda = 0.007509
iter 0: upload_copy_time1_cuda = 0.003858
iter 0: download_copy_time_cuda = 0.000000
iter 0: upload_copy_time2_cuda = 0.000098

iter 1: cpu_time_cuda = 0.345834
iter 1: gpu_time1_cuda = 0.287485
iter 1: gpu_time2_cuda = 0.007418
iter 1: upload_copy_time1_cuda = 0.003369
iter 1: download_copy_time_cuda = 0.003196
iter 1: upload_copy_time2_cuda = 0.000072

iter 2: cpu_time_cuda = 0.341164
iter 2: gpu_time1_cuda = 0.286075
iter 2: gpu_time2_cuda = 0.007377
iter 2: upload_copy_time1_cuda = 0.003353
iter 2: download_copy_time_cuda = 0.003384
iter 2: upload_copy_time2_cuda = 0.000073

iter 3: cpu_time_cuda = 0.338641
iter 3: gpu_time1_cuda = 0.277874
iter 3: gpu_time2_cuda = 0.007343
iter 3: upload_copy_time1_cuda = 0.003334
iter 3: download_copy_time_cuda = 0.003394
iter 3: upload_copy_time2_cuda = 0.000073

iter 4: cpu_time_cuda = 0.336198
iter 4: gpu_time1_cuda = 0.269134
iter 4: gpu_time2_cuda = 0.007273
iter 4: upload_copy_time1_cuda = 0.003308
iter 4: download_copy_time_cuda = 0.003389
iter 4: upload_copy_time2_cuda = 0.000072

iter 5: cpu_time_cuda = 0.334441
iter 5: gpu_time1_cuda = 0.269782
iter 5: gpu_time2_cuda = 0.007224
iter 5: upload_copy_time1_cuda = 0.003331
iter 5: download_copy_time_cuda = 0.003374
iter 5: upload_copy_time2_cuda = 0.000122

iter 6: cpu_time_cuda = 0.335251
iter 6: gpu_time1_cuda = 0.266498
iter 6: gpu_time2_cuda = 0.007177
iter 6: upload_copy_time1_cuda = 0.003259
iter 6: download_copy_time_cuda = 0.003376
iter 6: upload_copy_time2_cuda = 0.000072

iter 7: cpu_time_cuda = 0.329438
iter 7: gpu_time1_cuda = 0.262252
iter 7: gpu_time2_cuda = 0.007123
iter 7: upload_copy_time1_cuda = 0.003248
iter 7: download_copy_time_cuda = 0.003339
iter 7: upload_copy_time2_cuda = 0.000073

iter 8: cpu_time_cuda = 0.325205
iter 8: gpu_time1_cuda = 0.257960
iter 8: gpu_time2_cuda = 0.007102
iter 8: upload_copy_time1_cuda = 0.003228
iter 8: download_copy_time_cuda = 0.003322
iter 8: upload_copy_time2_cuda = 0.000072

iter 9: cpu_time_cuda = 0.326445
iter 9: gpu_time1_cuda = 0.258909
iter 9: gpu_time2_cuda = 0.007045
iter 9: upload_copy_time1_cuda = 0.003205
iter 9: download_copy_time_cuda = 0.003372
iter 9: upload_copy_time2_cuda = 0.000073

iter 10: cpu_time_cuda = 0.319714
iter 10: gpu_time1_cuda = 0.247909
iter 10: gpu_time2_cuda = 0.007017
iter 10: upload_copy_time1_cuda = 0.003185
iter 10: download_copy_time_cuda = 0.003349
iter 10: upload_copy_time2_cuda = 0.000072

iter 11: cpu_time_cuda = 0.318263
iter 11: gpu_time1_cuda = 0.250746
iter 11: gpu_time2_cuda = 0.006964
iter 11: upload_copy_time1_cuda = 0.003164
iter 11: download_copy_time_cuda = 0.003352
iter 11: upload_copy_time2_cuda = 0.000074

iter 12: cpu_time_cuda = 0.318072
iter 12: gpu_time1_cuda = 0.247459
iter 12: gpu_time2_cuda = 0.006930
iter 12: upload_copy_time1_cuda = 0.003130
iter 12: download_copy_time_cuda = 0.003375
iter 12: upload_copy_time2_cuda = 0.000072

iter 13: cpu_time_cuda = 0.313698
iter 13: gpu_time1_cuda = 0.246461
iter 13: gpu_time2_cuda = 0.006911
iter 13: upload_copy_time1_cuda = 0.003111
iter 13: download_copy_time_cuda = 0.003385
iter 13: upload_copy_time2_cuda = 0.000071

iter 14: cpu_time_cuda = 0.310702
iter 14: gpu_time1_cuda = 0.233921
iter 14: gpu_time2_cuda = 0.006851
iter 14: upload_copy_time1_cuda = 0.003143
iter 14: download_copy_time_cuda = 0.003358
iter 14: upload_copy_time2_cuda = 0.000072

iter 15: cpu_time_cuda = 0.309575
iter 15: gpu_time1_cuda = 0.237975
iter 15: gpu_time2_cuda = 0.006789
iter 15: upload_copy_time1_cuda = 0.003122
iter 15: download_copy_time_cuda = 0.003343
iter 15: upload_copy_time2_cuda = 0.000073

iter 16: cpu_time_cuda = 0.306863
iter 16: gpu_time1_cuda = 0.227609
iter 16: gpu_time2_cuda = 0.006729
iter 16: upload_copy_time1_cuda = 0.003056
iter 16: download_copy_time_cuda = 0.003343
iter 16: upload_copy_time2_cuda = 0.000072

iter 17: cpu_time_cuda = 0.304488
iter 17: gpu_time1_cuda = 0.225095
iter 17: gpu_time2_cuda = 0.006678
iter 17: upload_copy_time1_cuda = 0.003038
iter 17: download_copy_time_cuda = 0.003349
iter 17: upload_copy_time2_cuda = 0.000073

iter 18: cpu_time_cuda = 0.301408
iter 18: gpu_time1_cuda = 0.227007
iter 18: gpu_time2_cuda = 0.006630
iter 18: upload_copy_time1_cuda = 0.003016
iter 18: download_copy_time_cuda = 0.003378
iter 18: upload_copy_time2_cuda = 0.000072

iter 19: cpu_time_cuda = 0.300765
iter 19: gpu_time1_cuda = 0.222548
iter 19: gpu_time2_cuda = 0.006591
iter 19: upload_copy_time1_cuda = 0.002999
iter 19: download_copy_time_cuda = 0.003377
iter 19: upload_copy_time2_cuda = 0.000072

iter 20: cpu_time_cuda = 0.298297
iter 20: gpu_time1_cuda = 0.221609
iter 20: gpu_time2_cuda = 0.006562
iter 20: upload_copy_time1_cuda = 0.003010
iter 20: download_copy_time_cuda = 0.003369
iter 20: upload_copy_time2_cuda = 0.000072

iter 21: cpu_time_cuda = 0.295262
iter 21: gpu_time1_cuda = 0.216802
iter 21: gpu_time2_cuda = 0.006517
iter 21: upload_copy_time1_cuda = 0.002956
iter 21: download_copy_time_cuda = 0.003348
iter 21: upload_copy_time2_cuda = 0.000071

iter 22: cpu_time_cuda = 0.295939
iter 22: gpu_time1_cuda = 0.215429
iter 22: gpu_time2_cuda = 0.006454
iter 22: upload_copy_time1_cuda = 0.002934
iter 22: download_copy_time_cuda = 0.003336
iter 22: upload_copy_time2_cuda = 0.000072

iter 23: cpu_time_cuda = 0.290444
iter 23: gpu_time1_cuda = 0.208398
iter 23: gpu_time2_cuda = 0.006425
iter 23: upload_copy_time1_cuda = 0.002902
iter 23: download_copy_time_cuda = 0.003355
iter 23: upload_copy_time2_cuda = 0.000072

iter 24: cpu_time_cuda = 0.288516
iter 24: gpu_time1_cuda = 0.210534
iter 24: gpu_time2_cuda = 0.006395
iter 24: upload_copy_time1_cuda = 0.002876
iter 24: download_copy_time_cuda = 0.003345
iter 24: upload_copy_time2_cuda = 0.000072

iter 25: cpu_time_cuda = 0.285202
iter 25: gpu_time1_cuda = 0.206648
iter 25: gpu_time2_cuda = 0.006336
iter 25: upload_copy_time1_cuda = 0.002873
iter 25: download_copy_time_cuda = 0.003436
iter 25: upload_copy_time2_cuda = 0.000073

iter 26: cpu_time_cuda = 0.283406
iter 26: gpu_time1_cuda = 0.206067
iter 26: gpu_time2_cuda = 0.006295
iter 26: upload_copy_time1_cuda = 0.002851
iter 26: download_copy_time_cuda = 0.003377
iter 26: upload_copy_time2_cuda = 0.000072

iter 27: cpu_time_cuda = 0.281608
iter 27: gpu_time1_cuda = 0.203712
iter 27: gpu_time2_cuda = 0.006271
iter 27: upload_copy_time1_cuda = 0.002832
iter 27: download_copy_time_cuda = 0.003354
iter 27: upload_copy_time2_cuda = 0.000072

iter 28: cpu_time_cuda = 0.278589
iter 28: gpu_time1_cuda = 0.198913
iter 28: gpu_time2_cuda = 0.006202
iter 28: upload_copy_time1_cuda = 0.002807
iter 28: download_copy_time_cuda = 0.003407
iter 28: upload_copy_time2_cuda = 0.000072

iter 29: cpu_time_cuda = 0.275124
iter 29: gpu_time1_cuda = 0.192005
iter 29: gpu_time2_cuda = 0.006172
iter 29: upload_copy_time1_cuda = 0.002783
iter 29: download_copy_time_cuda = 0.003374
iter 29: upload_copy_time2_cuda = 0.000073

iter 30: cpu_time_cuda = 0.274118
iter 30: gpu_time1_cuda = 0.190390
iter 30: gpu_time2_cuda = 0.006092
iter 30: upload_copy_time1_cuda = 0.002771
iter 30: download_copy_time_cuda = 0.003352
iter 30: upload_copy_time2_cuda = 0.000072

iter 31: cpu_time_cuda = 0.269664
iter 31: gpu_time1_cuda = 0.187853
iter 31: gpu_time2_cuda = 0.006042
iter 31: upload_copy_time1_cuda = 0.002742
iter 31: download_copy_time_cuda = 0.003344
iter 31: upload_copy_time2_cuda = 0.000073

iter 32: cpu_time_cuda = 0.269221
iter 32: gpu_time1_cuda = 0.184098
iter 32: gpu_time2_cuda = 0.006001
iter 32: upload_copy_time1_cuda = 0.002706
iter 32: download_copy_time_cuda = 0.003365
iter 32: upload_copy_time2_cuda = 0.000073

iter 33: cpu_time_cuda = 0.265207
iter 33: gpu_time1_cuda = 0.182839
iter 33: gpu_time2_cuda = 0.005963
iter 33: upload_copy_time1_cuda = 0.002707
iter 33: download_copy_time_cuda = 0.003343
iter 33: upload_copy_time2_cuda = 0.000072

iter 34: cpu_time_cuda = 0.263873
iter 34: gpu_time1_cuda = 0.180010
iter 34: gpu_time2_cuda = 0.005923
iter 34: upload_copy_time1_cuda = 0.002681
iter 34: download_copy_time_cuda = 0.003334
iter 34: upload_copy_time2_cuda = 0.000073

iter 35: cpu_time_cuda = 0.260519
iter 35: gpu_time1_cuda = 0.177792
iter 35: gpu_time2_cuda = 0.005884
iter 35: upload_copy_time1_cuda = 0.002665
iter 35: download_copy_time_cuda = 0.003488
iter 35: upload_copy_time2_cuda = 0.000073

iter 36: cpu_time_cuda = 0.261854
iter 36: gpu_time1_cuda = 0.174369
iter 36: gpu_time2_cuda = 0.005824
iter 36: upload_copy_time1_cuda = 0.002643
iter 36: download_copy_time_cuda = 0.003342
iter 36: upload_copy_time2_cuda = 0.000072

iter 37: cpu_time_cuda = 0.257969
iter 37: gpu_time1_cuda = 0.172112
iter 37: gpu_time2_cuda = 0.005798
iter 37: upload_copy_time1_cuda = 0.002660
iter 37: download_copy_time_cuda = 0.003463
iter 37: upload_copy_time2_cuda = 0.000072

iter 38: cpu_time_cuda = 0.256048
iter 38: gpu_time1_cuda = 0.168813
iter 38: gpu_time2_cuda = 0.005743
iter 38: upload_copy_time1_cuda = 0.002585
iter 38: download_copy_time_cuda = 0.003349
iter 38: upload_copy_time2_cuda = 0.000071

iter 39: cpu_time_cuda = 0.251954
iter 39: gpu_time1_cuda = 0.166381
iter 39: gpu_time2_cuda = 0.005708
iter 39: upload_copy_time1_cuda = 0.002573
iter 39: download_copy_time_cuda = 0.003359
iter 39: upload_copy_time2_cuda = 0.000071

iter 40: cpu_time_cuda = 0.251371
iter 40: gpu_time1_cuda = 0.165590
iter 40: gpu_time2_cuda = 0.005669
iter 40: upload_copy_time1_cuda = 0.002555
iter 40: download_copy_time_cuda = 0.003364
iter 40: upload_copy_time2_cuda = 0.000073

iter 41: cpu_time_cuda = 0.248926
iter 41: gpu_time1_cuda = 0.163187
iter 41: gpu_time2_cuda = 0.005613
iter 41: upload_copy_time1_cuda = 0.002536
iter 41: download_copy_time_cuda = 0.003339
iter 41: upload_copy_time2_cuda = 0.000076

iter 42: cpu_time_cuda = 0.245486
iter 42: gpu_time1_cuda = 0.155778
iter 42: gpu_time2_cuda = 0.005555
iter 42: upload_copy_time1_cuda = 0.002507
iter 42: download_copy_time_cuda = 0.003340
iter 42: upload_copy_time2_cuda = 0.000072

iter 43: cpu_time_cuda = 0.246050
iter 43: gpu_time1_cuda = 0.154316
iter 43: gpu_time2_cuda = 0.005500
iter 43: upload_copy_time1_cuda = 0.002496
iter 43: download_copy_time_cuda = 0.003333
iter 43: upload_copy_time2_cuda = 0.000072

iter 44: cpu_time_cuda = 0.239743
iter 44: gpu_time1_cuda = 0.152572
iter 44: gpu_time2_cuda = 0.005453
iter 44: upload_copy_time1_cuda = 0.002478
iter 44: download_copy_time_cuda = 0.003339
iter 44: upload_copy_time2_cuda = 0.000073

iter 45: cpu_time_cuda = 0.238500
iter 45: gpu_time1_cuda = 0.149282
iter 45: gpu_time2_cuda = 0.005409
iter 45: upload_copy_time1_cuda = 0.002453
iter 45: download_copy_time_cuda = 0.003368
iter 45: upload_copy_time2_cuda = 0.000072

iter 46: cpu_time_cuda = 0.236227
iter 46: gpu_time1_cuda = 0.147378
iter 46: gpu_time2_cuda = 0.005369
iter 46: upload_copy_time1_cuda = 0.002426
iter 46: download_copy_time_cuda = 0.003376
iter 46: upload_copy_time2_cuda = 0.000072

iter 47: cpu_time_cuda = 0.235467
iter 47: gpu_time1_cuda = 0.143449
iter 47: gpu_time2_cuda = 0.005327
iter 47: upload_copy_time1_cuda = 0.002417
iter 47: download_copy_time_cuda = 0.003361
iter 47: upload_copy_time2_cuda = 0.000071

iter 48: cpu_time_cuda = 0.231860
iter 48: gpu_time1_cuda = 0.143235
iter 48: gpu_time2_cuda = 0.005281
iter 48: upload_copy_time1_cuda = 0.002388
iter 48: download_copy_time_cuda = 0.003335
iter 48: upload_copy_time2_cuda = 0.000071

iter 49: cpu_time_cuda = 0.231561
iter 49: gpu_time1_cuda = 0.141457
iter 49: gpu_time2_cuda = 0.005241
iter 49: upload_copy_time1_cuda = 0.002369
iter 49: download_copy_time_cuda = 0.003339
iter 49: upload_copy_time2_cuda = 0.000073

iter 50: cpu_time_cuda = 0.227891
iter 50: gpu_time1_cuda = 0.138069
iter 50: gpu_time2_cuda = 0.005189
iter 50: upload_copy_time1_cuda = 0.002333
iter 50: download_copy_time_cuda = 0.003358
iter 50: upload_copy_time2_cuda = 0.000071

iter 51: cpu_time_cuda = 0.225678
iter 51: gpu_time1_cuda = 0.135994
iter 51: gpu_time2_cuda = 0.005167
iter 51: upload_copy_time1_cuda = 0.002323
iter 51: download_copy_time_cuda = 0.003341
iter 51: upload_copy_time2_cuda = 0.000072

iter 52: cpu_time_cuda = 0.223263
iter 52: gpu_time1_cuda = 0.135138
iter 52: gpu_time2_cuda = 0.005128
iter 52: upload_copy_time1_cuda = 0.002312
iter 52: download_copy_time_cuda = 0.003345
iter 52: upload_copy_time2_cuda = 0.000072

iter 53: cpu_time_cuda = 0.220556
iter 53: gpu_time1_cuda = 0.131803
iter 53: gpu_time2_cuda = 0.005081
iter 53: upload_copy_time1_cuda = 0.002278
iter 53: download_copy_time_cuda = 0.003333
iter 53: upload_copy_time2_cuda = 0.000069

iter 54: cpu_time_cuda = 0.219349
iter 54: gpu_time1_cuda = 0.130862
iter 54: gpu_time2_cuda = 0.005026
iter 54: upload_copy_time1_cuda = 0.002276
iter 54: download_copy_time_cuda = 0.003354
iter 54: upload_copy_time2_cuda = 0.000069

iter 55: cpu_time_cuda = 0.217541
iter 55: gpu_time1_cuda = 0.126013
iter 55: gpu_time2_cuda = 0.004987
iter 55: upload_copy_time1_cuda = 0.002239
iter 55: download_copy_time_cuda = 0.003361
iter 55: upload_copy_time2_cuda = 0.000080

iter 56: cpu_time_cuda = 0.214565
iter 56: gpu_time1_cuda = 0.122864
iter 56: gpu_time2_cuda = 0.004898
iter 56: upload_copy_time1_cuda = 0.002210
iter 56: download_copy_time_cuda = 0.003336
iter 56: upload_copy_time2_cuda = 0.000101

iter 57: cpu_time_cuda = 0.214725
iter 57: gpu_time1_cuda = 0.119694
iter 57: gpu_time2_cuda = 0.004855
iter 57: upload_copy_time1_cuda = 0.002199
iter 57: download_copy_time_cuda = 0.003346
iter 57: upload_copy_time2_cuda = 0.000073

iter 58: cpu_time_cuda = 0.210123
iter 58: gpu_time1_cuda = 0.117525
iter 58: gpu_time2_cuda = 0.004818
iter 58: upload_copy_time1_cuda = 0.002181
iter 58: download_copy_time_cuda = 0.003376
iter 58: upload_copy_time2_cuda = 0.000070

iter 59: cpu_time_cuda = 0.208442
iter 59: gpu_time1_cuda = 0.116363
iter 59: gpu_time2_cuda = 0.004774
iter 59: upload_copy_time1_cuda = 0.002157
iter 59: download_copy_time_cuda = 0.003340
iter 59: upload_copy_time2_cuda = 0.000069

iter 60: cpu_time_cuda = 0.206125
iter 60: gpu_time1_cuda = 0.115043
iter 60: gpu_time2_cuda = 0.004733
iter 60: upload_copy_time1_cuda = 0.002133
iter 60: download_copy_time_cuda = 0.003354
iter 60: upload_copy_time2_cuda = 0.000070

iter 61: cpu_time_cuda = 0.204288
iter 61: gpu_time1_cuda = 0.111949
iter 61: gpu_time2_cuda = 0.004698
iter 61: upload_copy_time1_cuda = 0.002121
iter 61: download_copy_time_cuda = 0.003374
iter 61: upload_copy_time2_cuda = 0.000072

iter 62: cpu_time_cuda = 0.202130
iter 62: gpu_time1_cuda = 0.110127
iter 62: gpu_time2_cuda = 0.004644
iter 62: upload_copy_time1_cuda = 0.002092
iter 62: download_copy_time_cuda = 0.003336
iter 62: upload_copy_time2_cuda = 0.000072

iter 63: cpu_time_cuda = 0.199898
iter 63: gpu_time1_cuda = 0.107966
iter 63: gpu_time2_cuda = 0.004600
iter 63: upload_copy_time1_cuda = 0.002065
iter 63: download_copy_time_cuda = 0.003369
iter 63: upload_copy_time2_cuda = 0.000069

iter 64: cpu_time_cuda = 0.197996
iter 64: gpu_time1_cuda = 0.106871
iter 64: gpu_time2_cuda = 0.004570
iter 64: upload_copy_time1_cuda = 0.002057
iter 64: download_copy_time_cuda = 0.003325
iter 64: upload_copy_time2_cuda = 0.000071

iter 65: cpu_time_cuda = 0.195715
iter 65: gpu_time1_cuda = 0.105707
iter 65: gpu_time2_cuda = 0.004516
iter 65: upload_copy_time1_cuda = 0.002025
iter 65: download_copy_time_cuda = 0.003338
iter 65: upload_copy_time2_cuda = 0.000072

iter 66: cpu_time_cuda = 0.194173
iter 66: gpu_time1_cuda = 0.098586
iter 66: gpu_time2_cuda = 0.004481
iter 66: upload_copy_time1_cuda = 0.002004
iter 66: download_copy_time_cuda = 0.003341
iter 66: upload_copy_time2_cuda = 0.000071

iter 67: cpu_time_cuda = 0.193216
iter 67: gpu_time1_cuda = 0.100423
iter 67: gpu_time2_cuda = 0.004444
iter 67: upload_copy_time1_cuda = 0.001997
iter 67: download_copy_time_cuda = 0.003368
iter 67: upload_copy_time2_cuda = 0.000072

iter 68: cpu_time_cuda = 0.189430
iter 68: gpu_time1_cuda = 0.096337
iter 68: gpu_time2_cuda = 0.004393
iter 68: upload_copy_time1_cuda = 0.001967
iter 68: download_copy_time_cuda = 0.003342
iter 68: upload_copy_time2_cuda = 0.000070

iter 69: cpu_time_cuda = 0.187789
iter 69: gpu_time1_cuda = 0.094227
iter 69: gpu_time2_cuda = 0.004303
iter 69: upload_copy_time1_cuda = 0.001944
iter 69: download_copy_time_cuda = 0.003360
iter 69: upload_copy_time2_cuda = 0.000073

iter 70: cpu_time_cuda = 0.185492
iter 70: gpu_time1_cuda = 0.092978
iter 70: gpu_time2_cuda = 0.004263
iter 70: upload_copy_time1_cuda = 0.001922
iter 70: download_copy_time_cuda = 0.003343
iter 70: upload_copy_time2_cuda = 0.000070

iter 71: cpu_time_cuda = 0.183257
iter 71: gpu_time1_cuda = 0.088485
iter 71: gpu_time2_cuda = 0.004223
iter 71: upload_copy_time1_cuda = 0.001908
iter 71: download_copy_time_cuda = 0.003338
iter 71: upload_copy_time2_cuda = 0.000071

iter 72: cpu_time_cuda = 0.181279
iter 72: gpu_time1_cuda = 0.088761
iter 72: gpu_time2_cuda = 0.004182
iter 72: upload_copy_time1_cuda = 0.001880
iter 72: download_copy_time_cuda = 0.003355
iter 72: upload_copy_time2_cuda = 0.000072

iter 73: cpu_time_cuda = 0.179143
iter 73: gpu_time1_cuda = 0.084087
iter 73: gpu_time2_cuda = 0.004139
iter 73: upload_copy_time1_cuda = 0.001881
iter 73: download_copy_time_cuda = 0.003362
iter 73: upload_copy_time2_cuda = 0.000071

iter 74: cpu_time_cuda = 0.177225
iter 74: gpu_time1_cuda = 0.082563
iter 74: gpu_time2_cuda = 0.004098
iter 74: upload_copy_time1_cuda = 0.001847
iter 74: download_copy_time_cuda = 0.003352
iter 74: upload_copy_time2_cuda = 0.000071

iter 75: cpu_time_cuda = 0.175196
iter 75: gpu_time1_cuda = 0.083158
iter 75: gpu_time2_cuda = 0.004054
iter 75: upload_copy_time1_cuda = 0.001813
iter 75: download_copy_time_cuda = 0.003393
iter 75: upload_copy_time2_cuda = 0.000072

iter 76: cpu_time_cuda = 0.172991
iter 76: gpu_time1_cuda = 0.081545
iter 76: gpu_time2_cuda = 0.004008
iter 76: upload_copy_time1_cuda = 0.001798
iter 76: download_copy_time_cuda = 0.003352
iter 76: upload_copy_time2_cuda = 0.000070

iter 77: cpu_time_cuda = 0.170926
iter 77: gpu_time1_cuda = 0.079926
iter 77: gpu_time2_cuda = 0.003970
iter 77: upload_copy_time1_cuda = 0.001774
iter 77: download_copy_time_cuda = 0.003358
iter 77: upload_copy_time2_cuda = 0.000070

iter 78: cpu_time_cuda = 0.169244
iter 78: gpu_time1_cuda = 0.078657
iter 78: gpu_time2_cuda = 0.003929
iter 78: upload_copy_time1_cuda = 0.001756
iter 78: download_copy_time_cuda = 0.003367
iter 78: upload_copy_time2_cuda = 0.000069

iter 79: cpu_time_cuda = 0.166944
iter 79: gpu_time1_cuda = 0.076822
iter 79: gpu_time2_cuda = 0.003882
iter 79: upload_copy_time1_cuda = 0.001733
iter 79: download_copy_time_cuda = 0.003340
iter 79: upload_copy_time2_cuda = 0.000070

iter 80: cpu_time_cuda = 0.164839
iter 80: gpu_time1_cuda = 0.075659
iter 80: gpu_time2_cuda = 0.003838
iter 80: upload_copy_time1_cuda = 0.001707
iter 80: download_copy_time_cuda = 0.003340
iter 80: upload_copy_time2_cuda = 0.000068

iter 81: cpu_time_cuda = 0.162749
iter 81: gpu_time1_cuda = 0.070306
iter 81: gpu_time2_cuda = 0.003797
iter 81: upload_copy_time1_cuda = 0.001685
iter 81: download_copy_time_cuda = 0.003365
iter 81: upload_copy_time2_cuda = 0.000068

iter 82: cpu_time_cuda = 0.161008
iter 82: gpu_time1_cuda = 0.069281
iter 82: gpu_time2_cuda = 0.003718
iter 82: upload_copy_time1_cuda = 0.001676
iter 82: download_copy_time_cuda = 0.003365
iter 82: upload_copy_time2_cuda = 0.000068

iter 83: cpu_time_cuda = 0.159013
iter 83: gpu_time1_cuda = 0.067874
iter 83: gpu_time2_cuda = 0.003672
iter 83: upload_copy_time1_cuda = 0.001658
iter 83: download_copy_time_cuda = 0.003359
iter 83: upload_copy_time2_cuda = 0.000072

iter 84: cpu_time_cuda = 0.156540
iter 84: gpu_time1_cuda = 0.065986
iter 84: gpu_time2_cuda = 0.003627
iter 84: upload_copy_time1_cuda = 0.001627
iter 84: download_copy_time_cuda = 0.003367
iter 84: upload_copy_time2_cuda = 0.000071

iter 85: cpu_time_cuda = 0.154230
iter 85: gpu_time1_cuda = 0.064492
iter 85: gpu_time2_cuda = 0.003586
iter 85: upload_copy_time1_cuda = 0.001613
iter 85: download_copy_time_cuda = 0.003342
iter 85: upload_copy_time2_cuda = 0.000071

iter 86: cpu_time_cuda = 0.152486
iter 86: gpu_time1_cuda = 0.063102
iter 86: gpu_time2_cuda = 0.003538
iter 86: upload_copy_time1_cuda = 0.001591
iter 86: download_copy_time_cuda = 0.003345
iter 86: upload_copy_time2_cuda = 0.000070

iter 87: cpu_time_cuda = 0.150400
iter 87: gpu_time1_cuda = 0.061085
iter 87: gpu_time2_cuda = 0.003502
iter 87: upload_copy_time1_cuda = 0.001576
iter 87: download_copy_time_cuda = 0.003387
iter 87: upload_copy_time2_cuda = 0.000072

iter 88: cpu_time_cuda = 0.148152
iter 88: gpu_time1_cuda = 0.059567
iter 88: gpu_time2_cuda = 0.003463
iter 88: upload_copy_time1_cuda = 0.001550
iter 88: download_copy_time_cuda = 0.003340
iter 88: upload_copy_time2_cuda = 0.000072

iter 89: cpu_time_cuda = 0.146189
iter 89: gpu_time1_cuda = 0.059059
iter 89: gpu_time2_cuda = 0.003423
iter 89: upload_copy_time1_cuda = 0.001522
iter 89: download_copy_time_cuda = 0.003429
iter 89: upload_copy_time2_cuda = 0.000071

iter 90: cpu_time_cuda = 0.144298
iter 90: gpu_time1_cuda = 0.056892
iter 90: gpu_time2_cuda = 0.003378
iter 90: upload_copy_time1_cuda = 0.001509
iter 90: download_copy_time_cuda = 0.003370
iter 90: upload_copy_time2_cuda = 0.000075

iter 91: cpu_time_cuda = 0.142349
iter 91: gpu_time1_cuda = 0.055233
iter 91: gpu_time2_cuda = 0.003337
iter 91: upload_copy_time1_cuda = 0.001495
iter 91: download_copy_time_cuda = 0.003352
iter 91: upload_copy_time2_cuda = 0.000071

iter 92: cpu_time_cuda = 0.140254
iter 92: gpu_time1_cuda = 0.054155
iter 92: gpu_time2_cuda = 0.003286
iter 92: upload_copy_time1_cuda = 0.001453
iter 92: download_copy_time_cuda = 0.003335
iter 92: upload_copy_time2_cuda = 0.000071

iter 93: cpu_time_cuda = 0.138305
iter 93: gpu_time1_cuda = 0.053907
iter 93: gpu_time2_cuda = 0.003254
iter 93: upload_copy_time1_cuda = 0.001436
iter 93: download_copy_time_cuda = 0.003356
iter 93: upload_copy_time2_cuda = 0.000071

iter 94: cpu_time_cuda = 0.136341
iter 94: gpu_time1_cuda = 0.049149
iter 94: gpu_time2_cuda = 0.003212
iter 94: upload_copy_time1_cuda = 0.001419
iter 94: download_copy_time_cuda = 0.003357
iter 94: upload_copy_time2_cuda = 0.000071

iter 95: cpu_time_cuda = 0.134137
iter 95: gpu_time1_cuda = 0.047788
iter 95: gpu_time2_cuda = 0.003120
iter 95: upload_copy_time1_cuda = 0.001404
iter 95: download_copy_time_cuda = 0.003337
iter 95: upload_copy_time2_cuda = 0.000071

iter 96: cpu_time_cuda = 0.131462
iter 96: gpu_time1_cuda = 0.047276
iter 96: gpu_time2_cuda = 0.003084
iter 96: upload_copy_time1_cuda = 0.001395
iter 96: download_copy_time_cuda = 0.003374
iter 96: upload_copy_time2_cuda = 0.000069

iter 97: cpu_time_cuda = 0.129393
iter 97: gpu_time1_cuda = 0.045286
iter 97: gpu_time2_cuda = 0.003035
iter 97: upload_copy_time1_cuda = 0.001363
iter 97: download_copy_time_cuda = 0.003395
iter 97: upload_copy_time2_cuda = 0.000071

iter 98: cpu_time_cuda = 0.127430
iter 98: gpu_time1_cuda = 0.044408
iter 98: gpu_time2_cuda = 0.002995
iter 98: upload_copy_time1_cuda = 0.001332
iter 98: download_copy_time_cuda = 0.003343
iter 98: upload_copy_time2_cuda = 0.000072

iter 99: cpu_time_cuda = 0.125514
iter 99: gpu_time1_cuda = 0.042978
iter 99: gpu_time2_cuda = 0.002945
iter 99: upload_copy_time1_cuda = 0.001320
iter 99: download_copy_time_cuda = 0.003353
iter 99: upload_copy_time2_cuda = 0.000072

iter 100: cpu_time_cuda = 0.123327
iter 100: gpu_time1_cuda = 0.042324
iter 100: gpu_time2_cuda = 0.002905
iter 100: upload_copy_time1_cuda = 0.001291
iter 100: download_copy_time_cuda = 0.003344
iter 100: upload_copy_time2_cuda = 0.000072

iter 101: cpu_time_cuda = 0.121311
iter 101: gpu_time1_cuda = 0.040538
iter 101: gpu_time2_cuda = 0.002867
iter 101: upload_copy_time1_cuda = 0.001271
iter 101: download_copy_time_cuda = 0.003351
iter 101: upload_copy_time2_cuda = 0.000071

iter 102: cpu_time_cuda = 0.119522
iter 102: gpu_time1_cuda = 0.040285
iter 102: gpu_time2_cuda = 0.002830
iter 102: upload_copy_time1_cuda = 0.001262
iter 102: download_copy_time_cuda = 0.003356
iter 102: upload_copy_time2_cuda = 0.000072

iter 103: cpu_time_cuda = 0.117542
iter 103: gpu_time1_cuda = 0.038761
iter 103: gpu_time2_cuda = 0.002784
iter 103: upload_copy_time1_cuda = 0.001229
iter 103: download_copy_time_cuda = 0.003331
iter 103: upload_copy_time2_cuda = 0.000071

iter 104: cpu_time_cuda = 0.115270
iter 104: gpu_time1_cuda = 0.038063
iter 104: gpu_time2_cuda = 0.002741
iter 104: upload_copy_time1_cuda = 0.001203
iter 104: download_copy_time_cuda = 0.003348
iter 104: upload_copy_time2_cuda = 0.000071

iter 105: cpu_time_cuda = 0.113278
iter 105: gpu_time1_cuda = 0.036307
iter 105: gpu_time2_cuda = 0.002702
iter 105: upload_copy_time1_cuda = 0.001187
iter 105: download_copy_time_cuda = 0.003352
iter 105: upload_copy_time2_cuda = 0.000071

iter 106: cpu_time_cuda = 0.111435
iter 106: gpu_time1_cuda = 0.035614
iter 106: gpu_time2_cuda = 0.002656
iter 106: upload_copy_time1_cuda = 0.001176
iter 106: download_copy_time_cuda = 0.003341
iter 106: upload_copy_time2_cuda = 0.000072

iter 107: cpu_time_cuda = 0.109222
iter 107: gpu_time1_cuda = 0.032119
iter 107: gpu_time2_cuda = 0.002611
iter 107: upload_copy_time1_cuda = 0.001153
iter 107: download_copy_time_cuda = 0.003360
iter 107: upload_copy_time2_cuda = 0.000071

iter 108: cpu_time_cuda = 0.106953
iter 108: gpu_time1_cuda = 0.031499
iter 108: gpu_time2_cuda = 0.002519
iter 108: upload_copy_time1_cuda = 0.001123
iter 108: download_copy_time_cuda = 0.003372
iter 108: upload_copy_time2_cuda = 0.000072

iter 109: cpu_time_cuda = 0.104710
iter 109: gpu_time1_cuda = 0.030056
iter 109: gpu_time2_cuda = 0.002473
iter 109: upload_copy_time1_cuda = 0.001100
iter 109: download_copy_time_cuda = 0.003337
iter 109: upload_copy_time2_cuda = 0.000071

iter 110: cpu_time_cuda = 0.102931
iter 110: gpu_time1_cuda = 0.029157
iter 110: gpu_time2_cuda = 0.002425
iter 110: upload_copy_time1_cuda = 0.001080
iter 110: download_copy_time_cuda = 0.003355
iter 110: upload_copy_time2_cuda = 0.000072

iter 111: cpu_time_cuda = 0.100978
iter 111: gpu_time1_cuda = 0.028522
iter 111: gpu_time2_cuda = 0.002385
iter 111: upload_copy_time1_cuda = 0.001064
iter 111: download_copy_time_cuda = 0.003343
iter 111: upload_copy_time2_cuda = 0.000071

iter 112: cpu_time_cuda = 0.098509
iter 112: gpu_time1_cuda = 0.027010
iter 112: gpu_time2_cuda = 0.002350
iter 112: upload_copy_time1_cuda = 0.001043
iter 112: download_copy_time_cuda = 0.003432
iter 112: upload_copy_time2_cuda = 0.000073

iter 113: cpu_time_cuda = 0.096572
iter 113: gpu_time1_cuda = 0.026079
iter 113: gpu_time2_cuda = 0.002310
iter 113: upload_copy_time1_cuda = 0.001016
iter 113: download_copy_time_cuda = 0.003376
iter 113: upload_copy_time2_cuda = 0.000071

iter 114: cpu_time_cuda = 0.094662
iter 114: gpu_time1_cuda = 0.025076
iter 114: gpu_time2_cuda = 0.002268
iter 114: upload_copy_time1_cuda = 0.001001
iter 114: download_copy_time_cuda = 0.003344
iter 114: upload_copy_time2_cuda = 0.000072

iter 115: cpu_time_cuda = 0.092790
iter 115: gpu_time1_cuda = 0.024751
iter 115: gpu_time2_cuda = 0.002225
iter 115: upload_copy_time1_cuda = 0.000981
iter 115: download_copy_time_cuda = 0.003359
iter 115: upload_copy_time2_cuda = 0.000070

iter 116: cpu_time_cuda = 0.090593
iter 116: gpu_time1_cuda = 0.023576
iter 116: gpu_time2_cuda = 0.002188
iter 116: upload_copy_time1_cuda = 0.000972
iter 116: download_copy_time_cuda = 0.003365
iter 116: upload_copy_time2_cuda = 0.000071

iter 117: cpu_time_cuda = 0.088269
iter 117: gpu_time1_cuda = 0.023009
iter 117: gpu_time2_cuda = 0.002141
iter 117: upload_copy_time1_cuda = 0.000939
iter 117: download_copy_time_cuda = 0.003337
iter 117: upload_copy_time2_cuda = 0.000070

iter 118: cpu_time_cuda = 0.086769
iter 118: gpu_time1_cuda = 0.022050
iter 118: gpu_time2_cuda = 0.002103
iter 118: upload_copy_time1_cuda = 0.000920
iter 118: download_copy_time_cuda = 0.003345
iter 118: upload_copy_time2_cuda = 0.000072

iter 119: cpu_time_cuda = 0.084460
iter 119: gpu_time1_cuda = 0.021018
iter 119: gpu_time2_cuda = 0.002059
iter 119: upload_copy_time1_cuda = 0.000897
iter 119: download_copy_time_cuda = 0.003358
iter 119: upload_copy_time2_cuda = 0.000071

iter 120: cpu_time_cuda = 0.082363
iter 120: gpu_time1_cuda = 0.018677
iter 120: gpu_time2_cuda = 0.002018
iter 120: upload_copy_time1_cuda = 0.000880
iter 120: download_copy_time_cuda = 0.003379
iter 120: upload_copy_time2_cuda = 0.000070

iter 121: cpu_time_cuda = 0.080333
iter 121: gpu_time1_cuda = 0.017980
iter 121: gpu_time2_cuda = 0.001923
iter 121: upload_copy_time1_cuda = 0.000858
iter 121: download_copy_time_cuda = 0.003352
iter 121: upload_copy_time2_cuda = 0.000071

iter 122: cpu_time_cuda = 0.078149
iter 122: gpu_time1_cuda = 0.017143
iter 122: gpu_time2_cuda = 0.001881
iter 122: upload_copy_time1_cuda = 0.000837
iter 122: download_copy_time_cuda = 0.003346
iter 122: upload_copy_time2_cuda = 0.000071

iter 123: cpu_time_cuda = 0.076080
iter 123: gpu_time1_cuda = 0.016275
iter 123: gpu_time2_cuda = 0.001838
iter 123: upload_copy_time1_cuda = 0.000816
iter 123: download_copy_time_cuda = 0.003345
iter 123: upload_copy_time2_cuda = 0.000070

iter 124: cpu_time_cuda = 0.073861
iter 124: gpu_time1_cuda = 0.015653
iter 124: gpu_time2_cuda = 0.001801
iter 124: upload_copy_time1_cuda = 0.000795
iter 124: download_copy_time_cuda = 0.003380
iter 124: upload_copy_time2_cuda = 0.000070

iter 125: cpu_time_cuda = 0.071833
iter 125: gpu_time1_cuda = 0.014814
iter 125: gpu_time2_cuda = 0.001757
iter 125: upload_copy_time1_cuda = 0.000774
iter 125: download_copy_time_cuda = 0.003352
iter 125: upload_copy_time2_cuda = 0.000071

iter 126: cpu_time_cuda = 0.070037
iter 126: gpu_time1_cuda = 0.014143
iter 126: gpu_time2_cuda = 0.001708
iter 126: upload_copy_time1_cuda = 0.000762
iter 126: download_copy_time_cuda = 0.003375
iter 126: upload_copy_time2_cuda = 0.000071

iter 127: cpu_time_cuda = 0.067952
iter 127: gpu_time1_cuda = 0.013521
iter 127: gpu_time2_cuda = 0.001670
iter 127: upload_copy_time1_cuda = 0.000733
iter 127: download_copy_time_cuda = 0.003367
iter 127: upload_copy_time2_cuda = 0.000071

iter 128: cpu_time_cuda = 0.065499
iter 128: gpu_time1_cuda = 0.013122
iter 128: gpu_time2_cuda = 0.001626
iter 128: upload_copy_time1_cuda = 0.000712
iter 128: download_copy_time_cuda = 0.003376
iter 128: upload_copy_time2_cuda = 0.000072

iter 129: cpu_time_cuda = 0.063142
iter 129: gpu_time1_cuda = 0.012309
iter 129: gpu_time2_cuda = 0.001587
iter 129: upload_copy_time1_cuda = 0.000691
iter 129: download_copy_time_cuda = 0.003368
iter 129: upload_copy_time2_cuda = 0.000072

iter 130: cpu_time_cuda = 0.061681
iter 130: gpu_time1_cuda = 0.011484
iter 130: gpu_time2_cuda = 0.001542
iter 130: upload_copy_time1_cuda = 0.000663
iter 130: download_copy_time_cuda = 0.003351
iter 130: upload_copy_time2_cuda = 0.000069

iter 131: cpu_time_cuda = 0.059452
iter 131: gpu_time1_cuda = 0.010939
iter 131: gpu_time2_cuda = 0.001505
iter 131: upload_copy_time1_cuda = 0.000650
iter 131: download_copy_time_cuda = 0.003372
iter 131: upload_copy_time2_cuda = 0.000071

iter 132: cpu_time_cuda = 0.057305
iter 132: gpu_time1_cuda = 0.010592
iter 132: gpu_time2_cuda = 0.001464
iter 132: upload_copy_time1_cuda = 0.000629
iter 132: download_copy_time_cuda = 0.003353
iter 132: upload_copy_time2_cuda = 0.000076

iter 133: cpu_time_cuda = 0.055302
iter 133: gpu_time1_cuda = 0.008781
iter 133: gpu_time2_cuda = 0.001417
iter 133: upload_copy_time1_cuda = 0.000608
iter 133: download_copy_time_cuda = 0.003352
iter 133: upload_copy_time2_cuda = 0.000071

iter 134: cpu_time_cuda = 0.053231
iter 134: gpu_time1_cuda = 0.008290
iter 134: gpu_time2_cuda = 0.001327
iter 134: upload_copy_time1_cuda = 0.000589
iter 134: download_copy_time_cuda = 0.003332
iter 134: upload_copy_time2_cuda = 0.000071

iter 135: cpu_time_cuda = 0.051102
iter 135: gpu_time1_cuda = 0.007683
iter 135: gpu_time2_cuda = 0.001287
iter 135: upload_copy_time1_cuda = 0.000573
iter 135: download_copy_time_cuda = 0.003386
iter 135: upload_copy_time2_cuda = 0.000070

iter 136: cpu_time_cuda = 0.048951
iter 136: gpu_time1_cuda = 0.007118
iter 136: gpu_time2_cuda = 0.001246
iter 136: upload_copy_time1_cuda = 0.000547
iter 136: download_copy_time_cuda = 0.003343
iter 136: upload_copy_time2_cuda = 0.000071

iter 137: cpu_time_cuda = 0.047005
iter 137: gpu_time1_cuda = 0.006686
iter 137: gpu_time2_cuda = 0.001202
iter 137: upload_copy_time1_cuda = 0.000527
iter 137: download_copy_time_cuda = 0.003343
iter 137: upload_copy_time2_cuda = 0.000071

iter 138: cpu_time_cuda = 0.044927
iter 138: gpu_time1_cuda = 0.006303
iter 138: gpu_time2_cuda = 0.001161
iter 138: upload_copy_time1_cuda = 0.000505
iter 138: download_copy_time_cuda = 0.003358
iter 138: upload_copy_time2_cuda = 0.000076

iter 139: cpu_time_cuda = 0.042844
iter 139: gpu_time1_cuda = 0.005834
iter 139: gpu_time2_cuda = 0.001110
iter 139: upload_copy_time1_cuda = 0.000477
iter 139: download_copy_time_cuda = 0.003343
iter 139: upload_copy_time2_cuda = 0.000072

iter 140: cpu_time_cuda = 0.040805
iter 140: gpu_time1_cuda = 0.005370
iter 140: gpu_time2_cuda = 0.001078
iter 140: upload_copy_time1_cuda = 0.000466
iter 140: download_copy_time_cuda = 0.003395
iter 140: upload_copy_time2_cuda = 0.000070

iter 141: cpu_time_cuda = 0.038707
iter 141: gpu_time1_cuda = 0.004973
iter 141: gpu_time2_cuda = 0.001035
iter 141: upload_copy_time1_cuda = 0.000444
iter 141: download_copy_time_cuda = 0.003338
iter 141: upload_copy_time2_cuda = 0.000077

iter 142: cpu_time_cuda = 0.036757
iter 142: gpu_time1_cuda = 0.004641
iter 142: gpu_time2_cuda = 0.000989
iter 142: upload_copy_time1_cuda = 0.000423
iter 142: download_copy_time_cuda = 0.003345
iter 142: upload_copy_time2_cuda = 0.000071

iter 143: cpu_time_cuda = 0.034731
iter 143: gpu_time1_cuda = 0.004090
iter 143: gpu_time2_cuda = 0.000952
iter 143: upload_copy_time1_cuda = 0.000402
iter 143: download_copy_time_cuda = 0.003345
iter 143: upload_copy_time2_cuda = 0.000070

iter 144: cpu_time_cuda = 0.032687
iter 144: gpu_time1_cuda = 0.003851
iter 144: gpu_time2_cuda = 0.000910
iter 144: upload_copy_time1_cuda = 0.000382
iter 144: download_copy_time_cuda = 0.003352
iter 144: upload_copy_time2_cuda = 0.000071

iter 145: cpu_time_cuda = 0.030732
iter 145: gpu_time1_cuda = 0.003514
iter 145: gpu_time2_cuda = 0.000870
iter 145: upload_copy_time1_cuda = 0.000354
iter 145: download_copy_time_cuda = 0.003345
iter 145: upload_copy_time2_cuda = 0.000071

iter 146: cpu_time_cuda = 0.028818
iter 146: gpu_time1_cuda = 0.002570
iter 146: gpu_time2_cuda = 0.000829
iter 146: upload_copy_time1_cuda = 0.000333
iter 146: download_copy_time_cuda = 0.003372
iter 146: upload_copy_time2_cuda = 0.000072

iter 147: cpu_time_cuda = 0.026551
iter 147: gpu_time1_cuda = 0.002300
iter 147: gpu_time2_cuda = 0.000631
iter 147: upload_copy_time1_cuda = 0.000313
iter 147: download_copy_time_cuda = 0.003345
iter 147: upload_copy_time2_cuda = 0.000071

iter 148: cpu_time_cuda = 0.024400
iter 148: gpu_time1_cuda = 0.001779
iter 148: gpu_time2_cuda = 0.000613
iter 148: upload_copy_time1_cuda = 0.000292
iter 148: download_copy_time_cuda = 0.003343
iter 148: upload_copy_time2_cuda = 0.000075

iter 149: cpu_time_cuda = 0.022198
iter 149: gpu_time1_cuda = 0.001580
iter 149: gpu_time2_cuda = 0.000573
iter 149: upload_copy_time1_cuda = 0.000273
iter 149: download_copy_time_cuda = 0.003344
iter 149: upload_copy_time2_cuda = 0.000072

iter 150: cpu_time_cuda = 0.020293
iter 150: gpu_time1_cuda = 0.001390
iter 150: gpu_time2_cuda = 0.000538
iter 150: upload_copy_time1_cuda = 0.000257
iter 150: download_copy_time_cuda = 0.003344
iter 150: upload_copy_time2_cuda = 0.000070

iter 151: cpu_time_cuda = 0.018274
iter 151: gpu_time1_cuda = 0.001225
iter 151: gpu_time2_cuda = 0.000497
iter 151: upload_copy_time1_cuda = 0.000230
iter 151: download_copy_time_cuda = 0.003358
iter 151: upload_copy_time2_cuda = 0.000071

iter 152: cpu_time_cuda = 0.016007
iter 152: gpu_time1_cuda = 0.001066
iter 152: gpu_time2_cuda = 0.000462
iter 152: upload_copy_time1_cuda = 0.000209
iter 152: download_copy_time_cuda = 0.003352
iter 152: upload_copy_time2_cuda = 0.000071

iter 153: cpu_time_cuda = 0.014021
iter 153: gpu_time1_cuda = 0.000897
iter 153: gpu_time2_cuda = 0.000421
iter 153: upload_copy_time1_cuda = 0.000188
iter 153: download_copy_time_cuda = 0.003353
iter 153: upload_copy_time2_cuda = 0.000071

iter 154: cpu_time_cuda = 0.012099
iter 154: gpu_time1_cuda = 0.000729
iter 154: gpu_time2_cuda = 0.000369
iter 154: upload_copy_time1_cuda = 0.000168
iter 154: download_copy_time_cuda = 0.003372
iter 154: upload_copy_time2_cuda = 0.000071

iter 155: cpu_time_cuda = 0.010348
iter 155: gpu_time1_cuda = 0.000556
iter 155: gpu_time2_cuda = 0.000330
iter 155: upload_copy_time1_cuda = 0.000149
iter 155: download_copy_time_cuda = 0.003366
iter 155: upload_copy_time2_cuda = 0.000068

iter 156: cpu_time_cuda = 0.008046
iter 156: gpu_time1_cuda = 0.000446
iter 156: gpu_time2_cuda = 0.000302
iter 156: upload_copy_time1_cuda = 0.000138
iter 156: download_copy_time_cuda = 0.003435
iter 156: upload_copy_time2_cuda = 0.000071

iter 157: cpu_time_cuda = 0.006086
iter 157: gpu_time1_cuda = 0.000334
iter 157: gpu_time2_cuda = 0.000265
iter 157: upload_copy_time1_cuda = 0.000126
iter 157: download_copy_time_cuda = 0.003376
iter 157: upload_copy_time2_cuda = 0.000072

iter 158: cpu_time_cuda = 0.004130
iter 158: gpu_time1_cuda = 0.000275
iter 158: gpu_time2_cuda = 0.000277
iter 158: upload_copy_time1_cuda = 0.000112
iter 158: download_copy_time_cuda = 0.003393
iter 158: upload_copy_time2_cuda = 0.000071

total_cpu_time_cuda = 26.599695
total_gpu_time_cuda = 16.004587
total_copy_time_cuda = 0.819089
main_loop_time_cuda = 43.446442
20480 20480     ---   (  ---  )    260.41 (  43.98)     ---  
total_time = 58.661867
54.14user 6.63system 1:01.95elapsed 98%CPU (0avgtext+0avgdata 6708760maxresident)k
3736inputs+0outputs (1major+842325minor)pagefaults 0swaps
send out message: 22 3 log
