send out message: 24 37 /home/lchen/MAGMA/magma-1.3.0/results
send out message: 20 26 MAGMA_LU_GPUDVFS.total.pwr
MAGMA 1.3.0
device 0: Tesla K20c, 705.5 MHz clock, 4799.6 MB memory, capability 3.5

Usage: /home/lchen/MAGMA/magma-1.3.0/testing/testing_dgetrf -N <m,n> -c -c2 -l
  -N  can be repeated up to 10 times. If only m is given, then m=n.
  -c  or setting $MAGMA_TESTINGS_CHECK checks result, PA - LU.
  -c2 for square matrices, solves one RHS and checks residual, Ax - b.
  -l  or setting $MAGMA_RUN_LAPACK runs LAPACK.

    M     N   CPU GFlop/s (sec)   GPU GFlop/s (sec)   |PA-LU|/(N*|A|)
=========================================================================
init_time = 13.502178
iter 0: cpu_time_cuda = 0.000000
iter 0: gpu_time_cuda = 0.000000
iter 0: download_copy_time_cuda = 0.000000
iter 0: upload_copy_time_cuda = 0.001984

iter 1: cpu_time_cuda = 0.031370
iter 1: gpu_time_cuda = 0.085251
iter 1: download_copy_time_cuda = 0.001870
iter 1: upload_copy_time_cuda = 0.001971

iter 2: cpu_time_cuda = 0.031246
iter 2: gpu_time_cuda = 0.085338
iter 2: download_copy_time_cuda = 0.001862
iter 2: upload_copy_time_cuda = 0.001965

iter 3: cpu_time_cuda = 0.031196
iter 3: gpu_time_cuda = 0.084075
iter 3: download_copy_time_cuda = 0.001856
iter 3: upload_copy_time_cuda = 0.001965

iter 4: cpu_time_cuda = 0.031139
iter 4: gpu_time_cuda = 0.084128
iter 4: download_copy_time_cuda = 0.001850
iter 4: upload_copy_time_cuda = 0.001969

iter 5: cpu_time_cuda = 0.030979
iter 5: gpu_time_cuda = 0.083756
iter 5: download_copy_time_cuda = 0.001847
iter 5: upload_copy_time_cuda = 0.001940

iter 6: cpu_time_cuda = 0.030933
iter 6: gpu_time_cuda = 0.082959
iter 6: download_copy_time_cuda = 0.001839
iter 6: upload_copy_time_cuda = 0.001943

iter 7: cpu_time_cuda = 0.030865
iter 7: gpu_time_cuda = 0.082358
iter 7: download_copy_time_cuda = 0.001837
iter 7: upload_copy_time_cuda = 0.001936

iter 8: cpu_time_cuda = 0.030691
iter 8: gpu_time_cuda = 0.082231
iter 8: download_copy_time_cuda = 0.001835
iter 8: upload_copy_time_cuda = 0.001957

iter 9: cpu_time_cuda = 0.030605
iter 9: gpu_time_cuda = 0.081256
iter 9: download_copy_time_cuda = 0.001826
iter 9: upload_copy_time_cuda = 0.001916

iter 10: cpu_time_cuda = 0.030552
iter 10: gpu_time_cuda = 0.081075
iter 10: download_copy_time_cuda = 0.001821
iter 10: upload_copy_time_cuda = 0.001912

iter 11: cpu_time_cuda = 0.030519
iter 11: gpu_time_cuda = 0.080319
iter 11: download_copy_time_cuda = 0.001813
iter 11: upload_copy_time_cuda = 0.001911

iter 12: cpu_time_cuda = 0.030346
iter 12: gpu_time_cuda = 0.079967
iter 12: download_copy_time_cuda = 0.001807
iter 12: upload_copy_time_cuda = 0.001897

iter 13: cpu_time_cuda = 0.030173
iter 13: gpu_time_cuda = 0.078898
iter 13: download_copy_time_cuda = 0.001799
iter 13: upload_copy_time_cuda = 0.001896

iter 14: cpu_time_cuda = 0.030087
iter 14: gpu_time_cuda = 0.079419
iter 14: download_copy_time_cuda = 0.001793
iter 14: upload_copy_time_cuda = 0.001893

iter 15: cpu_time_cuda = 0.030017
iter 15: gpu_time_cuda = 0.078521
iter 15: download_copy_time_cuda = 0.001786
iter 15: upload_copy_time_cuda = 0.001885

iter 16: cpu_time_cuda = 0.029922
iter 16: gpu_time_cuda = 0.078066
iter 16: download_copy_time_cuda = 0.001783
iter 16: upload_copy_time_cuda = 0.001878

iter 17: cpu_time_cuda = 0.029777
iter 17: gpu_time_cuda = 0.077245
iter 17: download_copy_time_cuda = 0.001776
iter 17: upload_copy_time_cuda = 0.001864

iter 18: cpu_time_cuda = 0.029825
iter 18: gpu_time_cuda = 0.076700
iter 18: download_copy_time_cuda = 0.001768
iter 18: upload_copy_time_cuda = 0.001868

iter 19: cpu_time_cuda = 0.029611
iter 19: gpu_time_cuda = 0.075827
iter 19: download_copy_time_cuda = 0.001764
iter 19: upload_copy_time_cuda = 0.001862

iter 20: cpu_time_cuda = 0.029520
iter 20: gpu_time_cuda = 0.076402
iter 20: download_copy_time_cuda = 0.001756
iter 20: upload_copy_time_cuda = 0.001848

iter 21: cpu_time_cuda = 0.029391
iter 21: gpu_time_cuda = 0.074802
iter 21: download_copy_time_cuda = 0.001751
iter 21: upload_copy_time_cuda = 0.001847

iter 22: cpu_time_cuda = 0.029336
iter 22: gpu_time_cuda = 0.075170
iter 22: download_copy_time_cuda = 0.001745
iter 22: upload_copy_time_cuda = 0.001846

iter 23: cpu_time_cuda = 0.029328
iter 23: gpu_time_cuda = 0.074745
iter 23: download_copy_time_cuda = 0.001751
iter 23: upload_copy_time_cuda = 0.001835

iter 24: cpu_time_cuda = 0.029094
iter 24: gpu_time_cuda = 0.073753
iter 24: download_copy_time_cuda = 0.001733
iter 24: upload_copy_time_cuda = 0.001842

iter 25: cpu_time_cuda = 0.029072
iter 25: gpu_time_cuda = 0.073060
iter 25: download_copy_time_cuda = 0.001730
iter 25: upload_copy_time_cuda = 0.001819

iter 26: cpu_time_cuda = 0.028903
iter 26: gpu_time_cuda = 0.072880
iter 26: download_copy_time_cuda = 0.001724
iter 26: upload_copy_time_cuda = 0.001815

iter 27: cpu_time_cuda = 0.028793
iter 27: gpu_time_cuda = 0.071998
iter 27: download_copy_time_cuda = 0.001718
iter 27: upload_copy_time_cuda = 0.001818

iter 28: cpu_time_cuda = 0.028716
iter 28: gpu_time_cuda = 0.072228
iter 28: download_copy_time_cuda = 0.001710
iter 28: upload_copy_time_cuda = 0.001807

iter 29: cpu_time_cuda = 0.028674
iter 29: gpu_time_cuda = 0.071277
iter 29: download_copy_time_cuda = 0.001705
iter 29: upload_copy_time_cuda = 0.001802

iter 30: cpu_time_cuda = 0.028619
iter 30: gpu_time_cuda = 0.070944
iter 30: download_copy_time_cuda = 0.001698
iter 30: upload_copy_time_cuda = 0.001796

iter 31: cpu_time_cuda = 0.028706
iter 31: gpu_time_cuda = 0.070179
iter 31: download_copy_time_cuda = 0.001693
iter 31: upload_copy_time_cuda = 0.001799

iter 32: cpu_time_cuda = 0.028375
iter 32: gpu_time_cuda = 0.070185
iter 32: download_copy_time_cuda = 0.001689
iter 32: upload_copy_time_cuda = 0.001780

iter 33: cpu_time_cuda = 0.028342
iter 33: gpu_time_cuda = 0.068992
iter 33: download_copy_time_cuda = 0.001682
iter 33: upload_copy_time_cuda = 0.001775

iter 34: cpu_time_cuda = 0.028201
iter 34: gpu_time_cuda = 0.069364
iter 34: download_copy_time_cuda = 0.001678
iter 34: upload_copy_time_cuda = 0.001769

iter 35: cpu_time_cuda = 0.028170
iter 35: gpu_time_cuda = 0.067949
iter 35: download_copy_time_cuda = 0.001673
iter 35: upload_copy_time_cuda = 0.001761

iter 36: cpu_time_cuda = 0.028019
iter 36: gpu_time_cuda = 0.068226
iter 36: download_copy_time_cuda = 0.001667
iter 36: upload_copy_time_cuda = 0.001751

iter 37: cpu_time_cuda = 0.027964
iter 37: gpu_time_cuda = 0.067273
iter 37: download_copy_time_cuda = 0.001662
iter 37: upload_copy_time_cuda = 0.001749

iter 38: cpu_time_cuda = 0.027786
iter 38: gpu_time_cuda = 0.067175
iter 38: download_copy_time_cuda = 0.001655
iter 38: upload_copy_time_cuda = 0.001739

iter 39: cpu_time_cuda = 0.027772
iter 39: gpu_time_cuda = 0.065981
iter 39: download_copy_time_cuda = 0.001650
iter 39: upload_copy_time_cuda = 0.001738

iter 40: cpu_time_cuda = 0.027636
iter 40: gpu_time_cuda = 0.066179
iter 40: download_copy_time_cuda = 0.001644
iter 40: upload_copy_time_cuda = 0.001734

iter 41: cpu_time_cuda = 0.027697
iter 41: gpu_time_cuda = 0.066038
iter 41: download_copy_time_cuda = 0.001638
iter 41: upload_copy_time_cuda = 0.001728

iter 42: cpu_time_cuda = 0.027363
iter 42: gpu_time_cuda = 0.065546
iter 42: download_copy_time_cuda = 0.001630
iter 42: upload_copy_time_cuda = 0.001718

iter 43: cpu_time_cuda = 0.027350
iter 43: gpu_time_cuda = 0.064583
iter 43: download_copy_time_cuda = 0.001628
iter 43: upload_copy_time_cuda = 0.001709

iter 44: cpu_time_cuda = 0.027223
iter 44: gpu_time_cuda = 0.064222
iter 44: download_copy_time_cuda = 0.001621
iter 44: upload_copy_time_cuda = 0.001708

iter 45: cpu_time_cuda = 0.027117
iter 45: gpu_time_cuda = 0.063338
iter 45: download_copy_time_cuda = 0.001614
iter 45: upload_copy_time_cuda = 0.001701

iter 46: cpu_time_cuda = 0.026914
iter 46: gpu_time_cuda = 0.064073
iter 46: download_copy_time_cuda = 0.001607
iter 46: upload_copy_time_cuda = 0.001691

iter 47: cpu_time_cuda = 0.026849
iter 47: gpu_time_cuda = 0.063311
iter 47: download_copy_time_cuda = 0.001604
iter 47: upload_copy_time_cuda = 0.001686

iter 48: cpu_time_cuda = 0.026722
iter 48: gpu_time_cuda = 0.062961
iter 48: download_copy_time_cuda = 0.001595
iter 48: upload_copy_time_cuda = 0.001682

iter 49: cpu_time_cuda = 0.026618
iter 49: gpu_time_cuda = 0.061869
iter 49: download_copy_time_cuda = 0.001590
iter 49: upload_copy_time_cuda = 0.001676

iter 50: cpu_time_cuda = 0.026534
iter 50: gpu_time_cuda = 0.061466
iter 50: download_copy_time_cuda = 0.001586
iter 50: upload_copy_time_cuda = 0.001670

iter 51: cpu_time_cuda = 0.026470
iter 51: gpu_time_cuda = 0.060713
iter 51: download_copy_time_cuda = 0.001578
iter 51: upload_copy_time_cuda = 0.001665

iter 52: cpu_time_cuda = 0.026415
iter 52: gpu_time_cuda = 0.061351
iter 52: download_copy_time_cuda = 0.001573
iter 52: upload_copy_time_cuda = 0.001663

iter 53: cpu_time_cuda = 0.026306
iter 53: gpu_time_cuda = 0.060090
iter 53: download_copy_time_cuda = 0.001567
iter 53: upload_copy_time_cuda = 0.001653

iter 54: cpu_time_cuda = 0.026149
iter 54: gpu_time_cuda = 0.060095
iter 54: download_copy_time_cuda = 0.001560
iter 54: upload_copy_time_cuda = 0.001645

iter 55: cpu_time_cuda = 0.026099
iter 55: gpu_time_cuda = 0.059474
iter 55: download_copy_time_cuda = 0.001556
iter 55: upload_copy_time_cuda = 0.001639

iter 56: cpu_time_cuda = 0.026086
iter 56: gpu_time_cuda = 0.058895
iter 56: download_copy_time_cuda = 0.001557
iter 56: upload_copy_time_cuda = 0.001638

iter 57: cpu_time_cuda = 0.025963
iter 57: gpu_time_cuda = 0.058241
iter 57: download_copy_time_cuda = 0.001546
iter 57: upload_copy_time_cuda = 0.001640

iter 58: cpu_time_cuda = 0.025774
iter 58: gpu_time_cuda = 0.058235
iter 58: download_copy_time_cuda = 0.001539
iter 58: upload_copy_time_cuda = 0.001623

iter 59: cpu_time_cuda = 0.025649
iter 59: gpu_time_cuda = 0.057206
iter 59: download_copy_time_cuda = 0.001538
iter 59: upload_copy_time_cuda = 0.001614

iter 60: cpu_time_cuda = 0.025561
iter 60: gpu_time_cuda = 0.057533
iter 60: download_copy_time_cuda = 0.001527
iter 60: upload_copy_time_cuda = 0.001612

iter 61: cpu_time_cuda = 0.025462
iter 61: gpu_time_cuda = 0.056961
iter 61: download_copy_time_cuda = 0.001523
iter 61: upload_copy_time_cuda = 0.001613

iter 62: cpu_time_cuda = 0.025351
iter 62: gpu_time_cuda = 0.056382
iter 62: download_copy_time_cuda = 0.001516
iter 62: upload_copy_time_cuda = 0.001596

iter 63: cpu_time_cuda = 0.025322
iter 63: gpu_time_cuda = 0.055540
iter 63: download_copy_time_cuda = 0.001508
iter 63: upload_copy_time_cuda = 0.001590

iter 64: cpu_time_cuda = 0.025227
iter 64: gpu_time_cuda = 0.055691
iter 64: download_copy_time_cuda = 0.001502
iter 64: upload_copy_time_cuda = 0.001590

iter 65: cpu_time_cuda = 0.025035
iter 65: gpu_time_cuda = 0.054865
iter 65: download_copy_time_cuda = 0.001498
iter 65: upload_copy_time_cuda = 0.001580

iter 66: cpu_time_cuda = 0.024947
iter 66: gpu_time_cuda = 0.054694
iter 66: download_copy_time_cuda = 0.001492
iter 66: upload_copy_time_cuda = 0.001569

iter 67: cpu_time_cuda = 0.024903
iter 67: gpu_time_cuda = 0.054402
iter 67: download_copy_time_cuda = 0.001489
iter 67: upload_copy_time_cuda = 0.001579

iter 68: cpu_time_cuda = 0.024777
iter 68: gpu_time_cuda = 0.054280
iter 68: download_copy_time_cuda = 0.001480
iter 68: upload_copy_time_cuda = 0.001561

iter 69: cpu_time_cuda = 0.024720
iter 69: gpu_time_cuda = 0.053191
iter 69: download_copy_time_cuda = 0.001475
iter 69: upload_copy_time_cuda = 0.001555

iter 70: cpu_time_cuda = 0.024663
iter 70: gpu_time_cuda = 0.053170
iter 70: download_copy_time_cuda = 0.001469
iter 70: upload_copy_time_cuda = 0.001545

iter 71: cpu_time_cuda = 0.024492
iter 71: gpu_time_cuda = 0.052756
iter 71: download_copy_time_cuda = 0.001462
iter 71: upload_copy_time_cuda = 0.001543

iter 72: cpu_time_cuda = 0.024358
iter 72: gpu_time_cuda = 0.052538
iter 72: download_copy_time_cuda = 0.001457
iter 72: upload_copy_time_cuda = 0.001538

iter 73: cpu_time_cuda = 0.024262
iter 73: gpu_time_cuda = 0.051942
iter 73: download_copy_time_cuda = 0.001453
iter 73: upload_copy_time_cuda = 0.001532

iter 74: cpu_time_cuda = 0.024222
iter 74: gpu_time_cuda = 0.051432
iter 74: download_copy_time_cuda = 0.001445
iter 74: upload_copy_time_cuda = 0.001524

iter 75: cpu_time_cuda = 0.024325
iter 75: gpu_time_cuda = 0.050783
iter 75: download_copy_time_cuda = 0.001441
iter 75: upload_copy_time_cuda = 0.001530

iter 76: cpu_time_cuda = 0.023997
iter 76: gpu_time_cuda = 0.050556
iter 76: download_copy_time_cuda = 0.001434
iter 76: upload_copy_time_cuda = 0.001515

iter 77: cpu_time_cuda = 0.023904
iter 77: gpu_time_cuda = 0.049766
iter 77: download_copy_time_cuda = 0.001427
iter 77: upload_copy_time_cuda = 0.001505

iter 78: cpu_time_cuda = 0.023839
iter 78: gpu_time_cuda = 0.049884
iter 78: download_copy_time_cuda = 0.001422
iter 78: upload_copy_time_cuda = 0.001497

iter 79: cpu_time_cuda = 0.023770
iter 79: gpu_time_cuda = 0.048982
iter 79: download_copy_time_cuda = 0.001417
iter 79: upload_copy_time_cuda = 0.001502

iter 80: cpu_time_cuda = 0.023763
iter 80: gpu_time_cuda = 0.049148
iter 80: download_copy_time_cuda = 0.001419
iter 80: upload_copy_time_cuda = 0.001486

iter 81: cpu_time_cuda = 0.023515
iter 81: gpu_time_cuda = 0.048621
iter 81: download_copy_time_cuda = 0.001404
iter 81: upload_copy_time_cuda = 0.001485

iter 82: cpu_time_cuda = 0.023428
iter 82: gpu_time_cuda = 0.048447
iter 82: download_copy_time_cuda = 0.001398
iter 82: upload_copy_time_cuda = 0.001472

iter 83: cpu_time_cuda = 0.023322
iter 83: gpu_time_cuda = 0.047256
iter 83: download_copy_time_cuda = 0.001394
iter 83: upload_copy_time_cuda = 0.001465

iter 84: cpu_time_cuda = 0.023290
iter 84: gpu_time_cuda = 0.047353
iter 84: download_copy_time_cuda = 0.001386
iter 84: upload_copy_time_cuda = 0.001465

iter 85: cpu_time_cuda = 0.023098
iter 85: gpu_time_cuda = 0.046650
iter 85: download_copy_time_cuda = 0.001389
iter 85: upload_copy_time_cuda = 0.001458

iter 86: cpu_time_cuda = 0.022984
iter 86: gpu_time_cuda = 0.046831
iter 86: download_copy_time_cuda = 0.001374
iter 86: upload_copy_time_cuda = 0.001448

iter 87: cpu_time_cuda = 0.022983
iter 87: gpu_time_cuda = 0.046436
iter 87: download_copy_time_cuda = 0.001369
iter 87: upload_copy_time_cuda = 0.001443

iter 88: cpu_time_cuda = 0.023087
iter 88: gpu_time_cuda = 0.045776
iter 88: download_copy_time_cuda = 0.001362
iter 88: upload_copy_time_cuda = 0.001439

iter 89: cpu_time_cuda = 0.022729
iter 89: gpu_time_cuda = 0.044808
iter 89: download_copy_time_cuda = 0.001361
iter 89: upload_copy_time_cuda = 0.001430

iter 90: cpu_time_cuda = 0.022651
iter 90: gpu_time_cuda = 0.045017
iter 90: download_copy_time_cuda = 0.001352
iter 90: upload_copy_time_cuda = 0.001425

iter 91: cpu_time_cuda = 0.022645
iter 91: gpu_time_cuda = 0.044456
iter 91: download_copy_time_cuda = 0.001343
iter 91: upload_copy_time_cuda = 0.001419

iter 92: cpu_time_cuda = 0.022430
iter 92: gpu_time_cuda = 0.044931
iter 92: download_copy_time_cuda = 0.001342
iter 92: upload_copy_time_cuda = 0.001411

iter 93: cpu_time_cuda = 0.022362
iter 93: gpu_time_cuda = 0.043562
iter 93: download_copy_time_cuda = 0.001340
iter 93: upload_copy_time_cuda = 0.001404

iter 94: cpu_time_cuda = 0.022292
iter 94: gpu_time_cuda = 0.043371
iter 94: download_copy_time_cuda = 0.001329
iter 94: upload_copy_time_cuda = 0.001401

iter 95: cpu_time_cuda = 0.022153
iter 95: gpu_time_cuda = 0.043060
iter 95: download_copy_time_cuda = 0.001320
iter 95: upload_copy_time_cuda = 0.001396

iter 96: cpu_time_cuda = 0.022128
iter 96: gpu_time_cuda = 0.042634
iter 96: download_copy_time_cuda = 0.001315
iter 96: upload_copy_time_cuda = 0.001385

iter 97: cpu_time_cuda = 0.021959
iter 97: gpu_time_cuda = 0.041959
iter 97: download_copy_time_cuda = 0.001309
iter 97: upload_copy_time_cuda = 0.001385

iter 98: cpu_time_cuda = 0.021882
iter 98: gpu_time_cuda = 0.042192
iter 98: download_copy_time_cuda = 0.001302
iter 98: upload_copy_time_cuda = 0.001376

iter 99: cpu_time_cuda = 0.021791
iter 99: gpu_time_cuda = 0.041794
iter 99: download_copy_time_cuda = 0.001304
iter 99: upload_copy_time_cuda = 0.001367

iter 100: cpu_time_cuda = 0.021665
iter 100: gpu_time_cuda = 0.041556
iter 100: download_copy_time_cuda = 0.001296
iter 100: upload_copy_time_cuda = 0.001369

iter 101: cpu_time_cuda = 0.021567
iter 101: gpu_time_cuda = 0.040819
iter 101: download_copy_time_cuda = 0.001287
iter 101: upload_copy_time_cuda = 0.001358

iter 102: cpu_time_cuda = 0.021472
iter 102: gpu_time_cuda = 0.040371
iter 102: download_copy_time_cuda = 0.001277
iter 102: upload_copy_time_cuda = 0.001352

iter 103: cpu_time_cuda = 0.021387
iter 103: gpu_time_cuda = 0.039700
iter 103: download_copy_time_cuda = 0.001314
iter 103: upload_copy_time_cuda = 0.001345

iter 104: cpu_time_cuda = 0.021282
iter 104: gpu_time_cuda = 0.040133
iter 104: download_copy_time_cuda = 0.001269
iter 104: upload_copy_time_cuda = 0.001352

iter 105: cpu_time_cuda = 0.021182
iter 105: gpu_time_cuda = 0.039879
iter 105: download_copy_time_cuda = 0.001267
iter 105: upload_copy_time_cuda = 0.001333

iter 106: cpu_time_cuda = 0.021118
iter 106: gpu_time_cuda = 0.039253
iter 106: download_copy_time_cuda = 0.001258
iter 106: upload_copy_time_cuda = 0.001327

iter 107: cpu_time_cuda = 0.020976
iter 107: gpu_time_cuda = 0.038490
iter 107: download_copy_time_cuda = 0.001251
iter 107: upload_copy_time_cuda = 0.001316

iter 108: cpu_time_cuda = 0.020846
iter 108: gpu_time_cuda = 0.038258
iter 108: download_copy_time_cuda = 0.001249
iter 108: upload_copy_time_cuda = 0.001314

iter 109: cpu_time_cuda = 0.020882
iter 109: gpu_time_cuda = 0.037723
iter 109: download_copy_time_cuda = 0.001239
iter 109: upload_copy_time_cuda = 0.001310

iter 110: cpu_time_cuda = 0.020658
iter 110: gpu_time_cuda = 0.037924
iter 110: download_copy_time_cuda = 0.001232
iter 110: upload_copy_time_cuda = 0.001299

iter 111: cpu_time_cuda = 0.020634
iter 111: gpu_time_cuda = 0.037079
iter 111: download_copy_time_cuda = 0.001228
iter 111: upload_copy_time_cuda = 0.001304

iter 112: cpu_time_cuda = 0.020460
iter 112: gpu_time_cuda = 0.037010
iter 112: download_copy_time_cuda = 0.001223
iter 112: upload_copy_time_cuda = 0.001297

iter 113: cpu_time_cuda = 0.020375
iter 113: gpu_time_cuda = 0.036335
iter 113: download_copy_time_cuda = 0.001219
iter 113: upload_copy_time_cuda = 0.001286

iter 114: cpu_time_cuda = 0.020359
iter 114: gpu_time_cuda = 0.036182
iter 114: download_copy_time_cuda = 0.001215
iter 114: upload_copy_time_cuda = 0.001278

iter 115: cpu_time_cuda = 0.020205
iter 115: gpu_time_cuda = 0.035639
iter 115: download_copy_time_cuda = 0.001201
iter 115: upload_copy_time_cuda = 0.001271

iter 116: cpu_time_cuda = 0.020102
iter 116: gpu_time_cuda = 0.035791
iter 116: download_copy_time_cuda = 0.001196
iter 116: upload_copy_time_cuda = 0.001263

iter 117: cpu_time_cuda = 0.020029
iter 117: gpu_time_cuda = 0.034882
iter 117: download_copy_time_cuda = 0.001190
iter 117: upload_copy_time_cuda = 0.001259

iter 118: cpu_time_cuda = 0.019907
iter 118: gpu_time_cuda = 0.035373
iter 118: download_copy_time_cuda = 0.001184
iter 118: upload_copy_time_cuda = 0.001254

iter 119: cpu_time_cuda = 0.020054
iter 119: gpu_time_cuda = 0.034624
iter 119: download_copy_time_cuda = 0.001177
iter 119: upload_copy_time_cuda = 0.001251

iter 120: cpu_time_cuda = 0.019717
iter 120: gpu_time_cuda = 0.034407
iter 120: download_copy_time_cuda = 0.001179
iter 120: upload_copy_time_cuda = 0.001237

iter 121: cpu_time_cuda = 0.019614
iter 121: gpu_time_cuda = 0.033687
iter 121: download_copy_time_cuda = 0.001171
iter 121: upload_copy_time_cuda = 0.001232

iter 122: cpu_time_cuda = 0.019539
iter 122: gpu_time_cuda = 0.033796
iter 122: download_copy_time_cuda = 0.001167
iter 122: upload_copy_time_cuda = 0.001229

iter 123: cpu_time_cuda = 0.019431
iter 123: gpu_time_cuda = 0.033286
iter 123: download_copy_time_cuda = 0.001155
iter 123: upload_copy_time_cuda = 0.001227

iter 124: cpu_time_cuda = 0.019365
iter 124: gpu_time_cuda = 0.033762
iter 124: download_copy_time_cuda = 0.001149
iter 124: upload_copy_time_cuda = 0.001238

iter 125: cpu_time_cuda = 0.019260
iter 125: gpu_time_cuda = 0.032447
iter 125: download_copy_time_cuda = 0.001154
iter 125: upload_copy_time_cuda = 0.001209

iter 126: cpu_time_cuda = 0.019352
iter 126: gpu_time_cuda = 0.032263
iter 126: download_copy_time_cuda = 0.001137
iter 126: upload_copy_time_cuda = 0.001223

iter 127: cpu_time_cuda = 0.019052
iter 127: gpu_time_cuda = 0.031388
iter 127: download_copy_time_cuda = 0.001135
iter 127: upload_copy_time_cuda = 0.001202

iter 128: cpu_time_cuda = 0.018949
iter 128: gpu_time_cuda = 0.031607
iter 128: download_copy_time_cuda = 0.001132
iter 128: upload_copy_time_cuda = 0.001191

iter 129: cpu_time_cuda = 0.018854
iter 129: gpu_time_cuda = 0.030998
iter 129: download_copy_time_cuda = 0.001124
iter 129: upload_copy_time_cuda = 0.001182

iter 130: cpu_time_cuda = 0.018791
iter 130: gpu_time_cuda = 0.031483
iter 130: download_copy_time_cuda = 0.001117
iter 130: upload_copy_time_cuda = 0.001178

iter 131: cpu_time_cuda = 0.018617
iter 131: gpu_time_cuda = 0.030968
iter 131: download_copy_time_cuda = 0.001110
iter 131: upload_copy_time_cuda = 0.001172

iter 132: cpu_time_cuda = 0.018577
iter 132: gpu_time_cuda = 0.030340
iter 132: download_copy_time_cuda = 0.001105
iter 132: upload_copy_time_cuda = 0.001166

iter 133: cpu_time_cuda = 0.018444
iter 133: gpu_time_cuda = 0.029710
iter 133: download_copy_time_cuda = 0.001100
iter 133: upload_copy_time_cuda = 0.001167

iter 134: cpu_time_cuda = 0.018327
iter 134: gpu_time_cuda = 0.029730
iter 134: download_copy_time_cuda = 0.001097
iter 134: upload_copy_time_cuda = 0.001152

iter 135: cpu_time_cuda = 0.018271
iter 135: gpu_time_cuda = 0.029321
iter 135: download_copy_time_cuda = 0.001087
iter 135: upload_copy_time_cuda = 0.001146

iter 136: cpu_time_cuda = 0.018159
iter 136: gpu_time_cuda = 0.029267
iter 136: download_copy_time_cuda = 0.001078
iter 136: upload_copy_time_cuda = 0.001142

iter 137: cpu_time_cuda = 0.018145
iter 137: gpu_time_cuda = 0.028872
iter 137: download_copy_time_cuda = 0.001074
iter 137: upload_copy_time_cuda = 0.001138

iter 138: cpu_time_cuda = 0.017947
iter 138: gpu_time_cuda = 0.028478
iter 138: download_copy_time_cuda = 0.001069
iter 138: upload_copy_time_cuda = 0.001129

iter 139: cpu_time_cuda = 0.017853
iter 139: gpu_time_cuda = 0.028037
iter 139: download_copy_time_cuda = 0.001070
iter 139: upload_copy_time_cuda = 0.001122

iter 140: cpu_time_cuda = 0.017779
iter 140: gpu_time_cuda = 0.027845
iter 140: download_copy_time_cuda = 0.001055
iter 140: upload_copy_time_cuda = 0.001123

iter 141: cpu_time_cuda = 0.017691
iter 141: gpu_time_cuda = 0.027284
iter 141: download_copy_time_cuda = 0.001059
iter 141: upload_copy_time_cuda = 0.001111

iter 142: cpu_time_cuda = 0.017611
iter 142: gpu_time_cuda = 0.027415
iter 142: download_copy_time_cuda = 0.001047
iter 142: upload_copy_time_cuda = 0.001110

iter 143: cpu_time_cuda = 0.017492
iter 143: gpu_time_cuda = 0.026596
iter 143: download_copy_time_cuda = 0.001046
iter 143: upload_copy_time_cuda = 0.001103

iter 144: cpu_time_cuda = 0.017428
iter 144: gpu_time_cuda = 0.026884
iter 144: download_copy_time_cuda = 0.001034
iter 144: upload_copy_time_cuda = 0.001172

iter 145: cpu_time_cuda = 0.017266
iter 145: gpu_time_cuda = 0.026252
iter 145: download_copy_time_cuda = 0.001034
iter 145: upload_copy_time_cuda = 0.001087

iter 146: cpu_time_cuda = 0.017245
iter 146: gpu_time_cuda = 0.026707
iter 146: download_copy_time_cuda = 0.001021
iter 146: upload_copy_time_cuda = 0.001085

iter 147: cpu_time_cuda = 0.017078
iter 147: gpu_time_cuda = 0.025607
iter 147: download_copy_time_cuda = 0.001014
iter 147: upload_copy_time_cuda = 0.001075

iter 148: cpu_time_cuda = 0.017026
iter 148: gpu_time_cuda = 0.025674
iter 148: download_copy_time_cuda = 0.001011
iter 148: upload_copy_time_cuda = 0.001070

iter 149: cpu_time_cuda = 0.016896
iter 149: gpu_time_cuda = 0.025029
iter 149: download_copy_time_cuda = 0.001004
iter 149: upload_copy_time_cuda = 0.001064

iter 150: cpu_time_cuda = 0.016832
iter 150: gpu_time_cuda = 0.025398
iter 150: download_copy_time_cuda = 0.000998
iter 150: upload_copy_time_cuda = 0.001059

iter 151: cpu_time_cuda = 0.016669
iter 151: gpu_time_cuda = 0.025059
iter 151: download_copy_time_cuda = 0.000992
iter 151: upload_copy_time_cuda = 0.001057

iter 152: cpu_time_cuda = 0.016579
iter 152: gpu_time_cuda = 0.024579
iter 152: download_copy_time_cuda = 0.000993
iter 152: upload_copy_time_cuda = 0.001042

iter 153: cpu_time_cuda = 0.016505
iter 153: gpu_time_cuda = 0.023765
iter 153: download_copy_time_cuda = 0.000981
iter 153: upload_copy_time_cuda = 0.001038

iter 154: cpu_time_cuda = 0.016400
iter 154: gpu_time_cuda = 0.023615
iter 154: download_copy_time_cuda = 0.000974
iter 154: upload_copy_time_cuda = 0.001038

iter 155: cpu_time_cuda = 0.016354
iter 155: gpu_time_cuda = 0.023321
iter 155: download_copy_time_cuda = 0.000982
iter 155: upload_copy_time_cuda = 0.001026

iter 156: cpu_time_cuda = 0.016207
iter 156: gpu_time_cuda = 0.023657
iter 156: download_copy_time_cuda = 0.000965
iter 156: upload_copy_time_cuda = 0.001022

iter 157: cpu_time_cuda = 0.016113
iter 157: gpu_time_cuda = 0.022677
iter 157: download_copy_time_cuda = 0.000959
iter 157: upload_copy_time_cuda = 0.001020

iter 158: cpu_time_cuda = 0.016029
iter 158: gpu_time_cuda = 0.022867
iter 158: download_copy_time_cuda = 0.000958
iter 158: upload_copy_time_cuda = 0.001012

iter 159: cpu_time_cuda = 0.015960
iter 159: gpu_time_cuda = 0.022152
iter 159: download_copy_time_cuda = 0.000947
iter 159: upload_copy_time_cuda = 0.001002

iter 160: cpu_time_cuda = 0.015820
iter 160: gpu_time_cuda = 0.022548
iter 160: download_copy_time_cuda = 0.000940
iter 160: upload_copy_time_cuda = 0.001003

iter 161: cpu_time_cuda = 0.015713
iter 161: gpu_time_cuda = 0.021642
iter 161: download_copy_time_cuda = 0.000945
iter 161: upload_copy_time_cuda = 0.000989

iter 162: cpu_time_cuda = 0.015665
iter 162: gpu_time_cuda = 0.021969
iter 162: download_copy_time_cuda = 0.000931
iter 162: upload_copy_time_cuda = 0.000983

iter 163: cpu_time_cuda = 0.015689
iter 163: gpu_time_cuda = 0.023685
iter 163: download_copy_time_cuda = 0.000927
iter 163: upload_copy_time_cuda = 0.000975

iter 164: cpu_time_cuda = 0.015468
iter 164: gpu_time_cuda = 0.021124
iter 164: download_copy_time_cuda = 0.000921
iter 164: upload_copy_time_cuda = 0.000977

iter 165: cpu_time_cuda = 0.015398
iter 165: gpu_time_cuda = 0.020685
iter 165: download_copy_time_cuda = 0.000921
iter 165: upload_copy_time_cuda = 0.000964

iter 166: cpu_time_cuda = 0.015268
iter 166: gpu_time_cuda = 0.020433
iter 166: download_copy_time_cuda = 0.000907
iter 166: upload_copy_time_cuda = 0.000974

iter 167: cpu_time_cuda = 0.015247
iter 167: gpu_time_cuda = 0.020046
iter 167: download_copy_time_cuda = 0.000903
iter 167: upload_copy_time_cuda = 0.000952

iter 168: cpu_time_cuda = 0.015061
iter 168: gpu_time_cuda = 0.020435
iter 168: download_copy_time_cuda = 0.000895
iter 168: upload_copy_time_cuda = 0.000946

iter 169: cpu_time_cuda = 0.014988
iter 169: gpu_time_cuda = 0.019598
iter 169: download_copy_time_cuda = 0.000890
iter 169: upload_copy_time_cuda = 0.000938

iter 170: cpu_time_cuda = 0.014884
iter 170: gpu_time_cuda = 0.019641
iter 170: download_copy_time_cuda = 0.000892
iter 170: upload_copy_time_cuda = 0.000934

iter 171: cpu_time_cuda = 0.014750
iter 171: gpu_time_cuda = 0.019146
iter 171: download_copy_time_cuda = 0.000879
iter 171: upload_copy_time_cuda = 0.000927

iter 172: cpu_time_cuda = 0.014665
iter 172: gpu_time_cuda = 0.019123
iter 172: download_copy_time_cuda = 0.000874
iter 172: upload_copy_time_cuda = 0.000922

iter 173: cpu_time_cuda = 0.014528
iter 173: gpu_time_cuda = 0.019462
iter 173: download_copy_time_cuda = 0.000867
iter 173: upload_copy_time_cuda = 0.000917

iter 174: cpu_time_cuda = 0.014491
iter 174: gpu_time_cuda = 0.018610
iter 174: download_copy_time_cuda = 0.000862
iter 174: upload_copy_time_cuda = 0.000911

iter 175: cpu_time_cuda = 0.014489
iter 175: gpu_time_cuda = 0.018182
iter 175: download_copy_time_cuda = 0.000856
iter 175: upload_copy_time_cuda = 0.000905

iter 176: cpu_time_cuda = 0.014261
iter 176: gpu_time_cuda = 0.018288
iter 176: download_copy_time_cuda = 0.000846
iter 176: upload_copy_time_cuda = 0.000906

iter 177: cpu_time_cuda = 0.014156
iter 177: gpu_time_cuda = 0.018186
iter 177: download_copy_time_cuda = 0.000848
iter 177: upload_copy_time_cuda = 0.000900

iter 178: cpu_time_cuda = 0.014155
iter 178: gpu_time_cuda = 0.017789
iter 178: download_copy_time_cuda = 0.000843
iter 178: upload_copy_time_cuda = 0.000895

iter 179: cpu_time_cuda = 0.013982
iter 179: gpu_time_cuda = 0.017312
iter 179: download_copy_time_cuda = 0.000834
iter 179: upload_copy_time_cuda = 0.000880

iter 180: cpu_time_cuda = 0.013889
iter 180: gpu_time_cuda = 0.017187
iter 180: download_copy_time_cuda = 0.000826
iter 180: upload_copy_time_cuda = 0.000876

iter 181: cpu_time_cuda = 0.014016
iter 181: gpu_time_cuda = 0.016637
iter 181: download_copy_time_cuda = 0.000819
iter 181: upload_copy_time_cuda = 0.000867

iter 182: cpu_time_cuda = 0.013692
iter 182: gpu_time_cuda = 0.016947
iter 182: download_copy_time_cuda = 0.000816
iter 182: upload_copy_time_cuda = 0.000863

iter 183: cpu_time_cuda = 0.013587
iter 183: gpu_time_cuda = 0.017626
iter 183: download_copy_time_cuda = 0.000809
iter 183: upload_copy_time_cuda = 0.000857

iter 184: cpu_time_cuda = 0.013557
iter 184: gpu_time_cuda = 0.016309
iter 184: download_copy_time_cuda = 0.000803
iter 184: upload_copy_time_cuda = 0.000848

iter 185: cpu_time_cuda = 0.013386
iter 185: gpu_time_cuda = 0.015890
iter 185: download_copy_time_cuda = 0.000797
iter 185: upload_copy_time_cuda = 0.000842

iter 186: cpu_time_cuda = 0.013318
iter 186: gpu_time_cuda = 0.015785
iter 186: download_copy_time_cuda = 0.000790
iter 186: upload_copy_time_cuda = 0.000839

iter 187: cpu_time_cuda = 0.013398
iter 187: gpu_time_cuda = 0.015375
iter 187: download_copy_time_cuda = 0.000786
iter 187: upload_copy_time_cuda = 0.000831

iter 188: cpu_time_cuda = 0.013106
iter 188: gpu_time_cuda = 0.016756
iter 188: download_copy_time_cuda = 0.000779
iter 188: upload_copy_time_cuda = 0.000838

iter 189: cpu_time_cuda = 0.013010
iter 189: gpu_time_cuda = 0.014760
iter 189: download_copy_time_cuda = 0.000778
iter 189: upload_copy_time_cuda = 0.000819

iter 190: cpu_time_cuda = 0.012892
iter 190: gpu_time_cuda = 0.014870
iter 190: download_copy_time_cuda = 0.000769
iter 190: upload_copy_time_cuda = 0.000813

iter 191: cpu_time_cuda = 0.012793
iter 191: gpu_time_cuda = 0.014347
iter 191: download_copy_time_cuda = 0.000765
iter 191: upload_copy_time_cuda = 0.000804

iter 192: cpu_time_cuda = 0.012696
iter 192: gpu_time_cuda = 0.014466
iter 192: download_copy_time_cuda = 0.000758
iter 192: upload_copy_time_cuda = 0.000802

iter 193: cpu_time_cuda = 0.012579
iter 193: gpu_time_cuda = 0.014051
iter 193: download_copy_time_cuda = 0.000752
iter 193: upload_copy_time_cuda = 0.000800

iter 194: cpu_time_cuda = 0.012529
iter 194: gpu_time_cuda = 0.014275
iter 194: download_copy_time_cuda = 0.000747
iter 194: upload_copy_time_cuda = 0.000797

iter 195: cpu_time_cuda = 0.012393
iter 195: gpu_time_cuda = 0.013575
iter 195: download_copy_time_cuda = 0.000749
iter 195: upload_copy_time_cuda = 0.000782

iter 196: cpu_time_cuda = 0.012295
iter 196: gpu_time_cuda = 0.013613
iter 196: download_copy_time_cuda = 0.000735
iter 196: upload_copy_time_cuda = 0.000776

iter 197: cpu_time_cuda = 0.012215
iter 197: gpu_time_cuda = 0.013153
iter 197: download_copy_time_cuda = 0.000729
iter 197: upload_copy_time_cuda = 0.000769

iter 198: cpu_time_cuda = 0.012100
iter 198: gpu_time_cuda = 0.013302
iter 198: download_copy_time_cuda = 0.000722
iter 198: upload_copy_time_cuda = 0.000766

iter 199: cpu_time_cuda = 0.012004
iter 199: gpu_time_cuda = 0.012668
iter 199: download_copy_time_cuda = 0.000718
iter 199: upload_copy_time_cuda = 0.000759

iter 200: cpu_time_cuda = 0.011885
iter 200: gpu_time_cuda = 0.012883
iter 200: download_copy_time_cuda = 0.000713
iter 200: upload_copy_time_cuda = 0.000751

iter 201: cpu_time_cuda = 0.011959
iter 201: gpu_time_cuda = 0.012464
iter 201: download_copy_time_cuda = 0.000708
iter 201: upload_copy_time_cuda = 0.000751

iter 202: cpu_time_cuda = 0.011724
iter 202: gpu_time_cuda = 0.012319
iter 202: download_copy_time_cuda = 0.000707
iter 202: upload_copy_time_cuda = 0.000740

iter 203: cpu_time_cuda = 0.011621
iter 203: gpu_time_cuda = 0.012198
iter 203: download_copy_time_cuda = 0.000697
iter 203: upload_copy_time_cuda = 0.000733

iter 204: cpu_time_cuda = 0.011530
iter 204: gpu_time_cuda = 0.013168
iter 204: download_copy_time_cuda = 0.000691
iter 204: upload_copy_time_cuda = 0.000728

iter 205: cpu_time_cuda = 0.011458
iter 205: gpu_time_cuda = 0.011978
iter 205: download_copy_time_cuda = 0.000684
iter 205: upload_copy_time_cuda = 0.000724

iter 206: cpu_time_cuda = 0.011332
iter 206: gpu_time_cuda = 0.011694
iter 206: download_copy_time_cuda = 0.000679
iter 206: upload_copy_time_cuda = 0.000719

iter 207: cpu_time_cuda = 0.011230
iter 207: gpu_time_cuda = 0.011296
iter 207: download_copy_time_cuda = 0.000675
iter 207: upload_copy_time_cuda = 0.000709

iter 208: cpu_time_cuda = 0.011102
iter 208: gpu_time_cuda = 0.011304
iter 208: download_copy_time_cuda = 0.000673
iter 208: upload_copy_time_cuda = 0.000702

iter 209: cpu_time_cuda = 0.011048
iter 209: gpu_time_cuda = 0.011611
iter 209: download_copy_time_cuda = 0.000660
iter 209: upload_copy_time_cuda = 0.000698

iter 210: cpu_time_cuda = 0.010921
iter 210: gpu_time_cuda = 0.010680
iter 210: download_copy_time_cuda = 0.000653
iter 210: upload_copy_time_cuda = 0.000692

iter 211: cpu_time_cuda = 0.010822
iter 211: gpu_time_cuda = 0.010470
iter 211: download_copy_time_cuda = 0.000648
iter 211: upload_copy_time_cuda = 0.000691

iter 212: cpu_time_cuda = 0.010765
iter 212: gpu_time_cuda = 0.010323
iter 212: download_copy_time_cuda = 0.000649
iter 212: upload_copy_time_cuda = 0.000685

iter 213: cpu_time_cuda = 0.010727
iter 213: gpu_time_cuda = 0.010139
iter 213: download_copy_time_cuda = 0.000637
iter 213: upload_copy_time_cuda = 0.000669

iter 214: cpu_time_cuda = 0.010569
iter 214: gpu_time_cuda = 0.011065
iter 214: download_copy_time_cuda = 0.000630
iter 214: upload_copy_time_cuda = 0.000666

iter 215: cpu_time_cuda = 0.010425
iter 215: gpu_time_cuda = 0.009856
iter 215: download_copy_time_cuda = 0.000626
iter 215: upload_copy_time_cuda = 0.000661

iter 216: cpu_time_cuda = 0.010345
iter 216: gpu_time_cuda = 0.009632
iter 216: download_copy_time_cuda = 0.000620
iter 216: upload_copy_time_cuda = 0.000655

iter 217: cpu_time_cuda = 0.010256
iter 217: gpu_time_cuda = 0.009369
iter 217: download_copy_time_cuda = 0.000614
iter 217: upload_copy_time_cuda = 0.000650

iter 218: cpu_time_cuda = 0.010205
iter 218: gpu_time_cuda = 0.009498
iter 218: download_copy_time_cuda = 0.000611
iter 218: upload_copy_time_cuda = 0.000642

iter 219: cpu_time_cuda = 0.010040
iter 219: gpu_time_cuda = 0.010132
iter 219: download_copy_time_cuda = 0.000609
iter 219: upload_copy_time_cuda = 0.000635

iter 220: cpu_time_cuda = 0.009926
iter 220: gpu_time_cuda = 0.009000
iter 220: download_copy_time_cuda = 0.000596
iter 220: upload_copy_time_cuda = 0.000629

iter 221: cpu_time_cuda = 0.009853
iter 221: gpu_time_cuda = 0.008756
iter 221: download_copy_time_cuda = 0.000593
iter 221: upload_copy_time_cuda = 0.000625

iter 222: cpu_time_cuda = 0.009796
iter 222: gpu_time_cuda = 0.008626
iter 222: download_copy_time_cuda = 0.000593
iter 222: upload_copy_time_cuda = 0.000617

iter 223: cpu_time_cuda = 0.009648
iter 223: gpu_time_cuda = 0.008457
iter 223: download_copy_time_cuda = 0.000576
iter 223: upload_copy_time_cuda = 0.000611

iter 224: cpu_time_cuda = 0.009581
iter 224: gpu_time_cuda = 0.009324
iter 224: download_copy_time_cuda = 0.000572
iter 224: upload_copy_time_cuda = 0.000606

iter 225: cpu_time_cuda = 0.009475
iter 225: gpu_time_cuda = 0.008278
iter 225: download_copy_time_cuda = 0.000568
iter 225: upload_copy_time_cuda = 0.000598

iter 226: cpu_time_cuda = 0.009411
iter 226: gpu_time_cuda = 0.008311
iter 226: download_copy_time_cuda = 0.000562
iter 226: upload_copy_time_cuda = 0.000600

iter 227: cpu_time_cuda = 0.009404
iter 227: gpu_time_cuda = 0.007982
iter 227: download_copy_time_cuda = 0.000562
iter 227: upload_copy_time_cuda = 0.000586

iter 228: cpu_time_cuda = 0.009213
iter 228: gpu_time_cuda = 0.007621
iter 228: download_copy_time_cuda = 0.000550
iter 228: upload_copy_time_cuda = 0.000580

iter 229: cpu_time_cuda = 0.009089
iter 229: gpu_time_cuda = 0.008446
iter 229: download_copy_time_cuda = 0.000545
iter 229: upload_copy_time_cuda = 0.000583

iter 230: cpu_time_cuda = 0.009015
iter 230: gpu_time_cuda = 0.008685
iter 230: download_copy_time_cuda = 0.000546
iter 230: upload_copy_time_cuda = 0.000578

iter 231: cpu_time_cuda = 0.008928
iter 231: gpu_time_cuda = 0.008402
iter 231: download_copy_time_cuda = 0.000545
iter 231: upload_copy_time_cuda = 0.000576

iter 232: cpu_time_cuda = 0.008801
iter 232: gpu_time_cuda = 0.008287
iter 232: download_copy_time_cuda = 0.000536
iter 232: upload_copy_time_cuda = 0.000563

iter 233: cpu_time_cuda = 0.008700
iter 233: gpu_time_cuda = 0.007999
iter 233: download_copy_time_cuda = 0.000530
iter 233: upload_copy_time_cuda = 0.000557

iter 234: cpu_time_cuda = 0.008550
iter 234: gpu_time_cuda = 0.007935
iter 234: download_copy_time_cuda = 0.000523
iter 234: upload_copy_time_cuda = 0.000552

iter 235: cpu_time_cuda = 0.008618
iter 235: gpu_time_cuda = 0.007633
iter 235: download_copy_time_cuda = 0.000518
iter 235: upload_copy_time_cuda = 0.000545

iter 236: cpu_time_cuda = 0.008377
iter 236: gpu_time_cuda = 0.007557
iter 236: download_copy_time_cuda = 0.000513
iter 236: upload_copy_time_cuda = 0.000548

iter 237: cpu_time_cuda = 0.008280
iter 237: gpu_time_cuda = 0.007377
iter 237: download_copy_time_cuda = 0.000514
iter 237: upload_copy_time_cuda = 0.000533

iter 238: cpu_time_cuda = 0.008291
iter 238: gpu_time_cuda = 0.007391
iter 238: download_copy_time_cuda = 0.000502
iter 238: upload_copy_time_cuda = 0.000533

iter 239: cpu_time_cuda = 0.008113
iter 239: gpu_time_cuda = 0.006935
iter 239: download_copy_time_cuda = 0.000495
iter 239: upload_copy_time_cuda = 0.000522

iter 240: cpu_time_cuda = 0.007998
iter 240: gpu_time_cuda = 0.007000
iter 240: download_copy_time_cuda = 0.000489
iter 240: upload_copy_time_cuda = 0.000516

iter 241: cpu_time_cuda = 0.007881
iter 241: gpu_time_cuda = 0.006692
iter 241: download_copy_time_cuda = 0.000482
iter 241: upload_copy_time_cuda = 0.000509

iter 242: cpu_time_cuda = 0.007814
iter 242: gpu_time_cuda = 0.006610
iter 242: download_copy_time_cuda = 0.000476
iter 242: upload_copy_time_cuda = 0.000502

iter 243: cpu_time_cuda = 0.007689
iter 243: gpu_time_cuda = 0.006283
iter 243: download_copy_time_cuda = 0.000470
iter 243: upload_copy_time_cuda = 0.000497

iter 244: cpu_time_cuda = 0.007718
iter 244: gpu_time_cuda = 0.006291
iter 244: download_copy_time_cuda = 0.000463
iter 244: upload_copy_time_cuda = 0.000488

iter 245: cpu_time_cuda = 0.007502
iter 245: gpu_time_cuda = 0.006030
iter 245: download_copy_time_cuda = 0.000458
iter 245: upload_copy_time_cuda = 0.000486

iter 246: cpu_time_cuda = 0.007456
iter 246: gpu_time_cuda = 0.005933
iter 246: download_copy_time_cuda = 0.000454
iter 246: upload_copy_time_cuda = 0.000478

iter 247: cpu_time_cuda = 0.007321
iter 247: gpu_time_cuda = 0.005824
iter 247: download_copy_time_cuda = 0.000448
iter 247: upload_copy_time_cuda = 0.000473

iter 248: cpu_time_cuda = 0.007214
iter 248: gpu_time_cuda = 0.005736
iter 248: download_copy_time_cuda = 0.000443
iter 248: upload_copy_time_cuda = 0.000473

iter 249: cpu_time_cuda = 0.007087
iter 249: gpu_time_cuda = 0.005335
iter 249: download_copy_time_cuda = 0.000436
iter 249: upload_copy_time_cuda = 0.000460

iter 250: cpu_time_cuda = 0.006989
iter 250: gpu_time_cuda = 0.005475
iter 250: download_copy_time_cuda = 0.000429
iter 250: upload_copy_time_cuda = 0.000460

iter 251: cpu_time_cuda = 0.006947
iter 251: gpu_time_cuda = 0.005296
iter 251: download_copy_time_cuda = 0.000431
iter 251: upload_copy_time_cuda = 0.000448

iter 252: cpu_time_cuda = 0.007024
iter 252: gpu_time_cuda = 0.026450
iter 252: download_copy_time_cuda = 0.000418
iter 252: upload_copy_time_cuda = 0.001223

iter 253: cpu_time_cuda = 0.006914
iter 253: gpu_time_cuda = 0.026725
iter 253: download_copy_time_cuda = 0.001145
iter 253: upload_copy_time_cuda = 0.001199

iter 254: cpu_time_cuda = 0.006835
iter 254: gpu_time_cuda = 0.026460
iter 254: download_copy_time_cuda = 0.001139
iter 254: upload_copy_time_cuda = 0.001184

iter 255: cpu_time_cuda = 0.006715
iter 255: gpu_time_cuda = 0.025117
iter 255: download_copy_time_cuda = 0.001104
iter 255: upload_copy_time_cuda = 0.001162

iter 256: cpu_time_cuda = 0.006543
iter 256: gpu_time_cuda = 0.025782
iter 256: download_copy_time_cuda = 0.001072
iter 256: upload_copy_time_cuda = 0.001148

iter 257: cpu_time_cuda = 0.006425
iter 257: gpu_time_cuda = 0.024316
iter 257: download_copy_time_cuda = 0.001053
iter 257: upload_copy_time_cuda = 0.001135

iter 258: cpu_time_cuda = 0.006352
iter 258: gpu_time_cuda = 0.023779
iter 258: download_copy_time_cuda = 0.001035
iter 258: upload_copy_time_cuda = 0.001126

iter 259: cpu_time_cuda = 0.006272
iter 259: gpu_time_cuda = 0.021998
iter 259: download_copy_time_cuda = 0.001033
iter 259: upload_copy_time_cuda = 0.001105

iter 260: cpu_time_cuda = 0.006175
iter 260: gpu_time_cuda = 0.021868
iter 260: download_copy_time_cuda = 0.001005
iter 260: upload_copy_time_cuda = 0.001077

iter 261: cpu_time_cuda = 0.006058
iter 261: gpu_time_cuda = 0.020487
iter 261: download_copy_time_cuda = 0.000987
iter 261: upload_copy_time_cuda = 0.001063

iter 262: cpu_time_cuda = 0.005976
iter 262: gpu_time_cuda = 0.021202
iter 262: download_copy_time_cuda = 0.000963
iter 262: upload_copy_time_cuda = 0.001037

iter 263: cpu_time_cuda = 0.005874
iter 263: gpu_time_cuda = 0.020131
iter 263: download_copy_time_cuda = 0.000950
iter 263: upload_copy_time_cuda = 0.001028

iter 264: cpu_time_cuda = 0.005781
iter 264: gpu_time_cuda = 0.019062
iter 264: download_copy_time_cuda = 0.000936
iter 264: upload_copy_time_cuda = 0.001003

iter 265: cpu_time_cuda = 0.005667
iter 265: gpu_time_cuda = 0.018234
iter 265: download_copy_time_cuda = 0.000909
iter 265: upload_copy_time_cuda = 0.000991

iter 266: cpu_time_cuda = 0.005577
iter 266: gpu_time_cuda = 0.017975
iter 266: download_copy_time_cuda = 0.000885
iter 266: upload_copy_time_cuda = 0.000967

iter 267: cpu_time_cuda = 0.005520
iter 267: gpu_time_cuda = 0.017139
iter 267: download_copy_time_cuda = 0.000879
iter 267: upload_copy_time_cuda = 0.000948

iter 268: cpu_time_cuda = 0.005406
iter 268: gpu_time_cuda = 0.017102
iter 268: download_copy_time_cuda = 0.000866
iter 268: upload_copy_time_cuda = 0.000954

iter 269: cpu_time_cuda = 0.005274
iter 269: gpu_time_cuda = 0.015608
iter 269: download_copy_time_cuda = 0.000845
iter 269: upload_copy_time_cuda = 0.000909

iter 270: cpu_time_cuda = 0.005211
iter 270: gpu_time_cuda = 0.015532
iter 270: download_copy_time_cuda = 0.000830
iter 270: upload_copy_time_cuda = 0.000885

iter 271: cpu_time_cuda = 0.005106
iter 271: gpu_time_cuda = 0.014449
iter 271: download_copy_time_cuda = 0.000810
iter 271: upload_copy_time_cuda = 0.000871

iter 272: cpu_time_cuda = 0.005020
iter 272: gpu_time_cuda = 0.014806
iter 272: download_copy_time_cuda = 0.000791
iter 272: upload_copy_time_cuda = 0.000862

iter 273: cpu_time_cuda = 0.004918
iter 273: gpu_time_cuda = 0.013950
iter 273: download_copy_time_cuda = 0.000776
iter 273: upload_copy_time_cuda = 0.000838

iter 274: cpu_time_cuda = 0.004821
iter 274: gpu_time_cuda = 0.013215
iter 274: download_copy_time_cuda = 0.000748
iter 274: upload_copy_time_cuda = 0.000816

iter 275: cpu_time_cuda = 0.004738
iter 275: gpu_time_cuda = 0.012591
iter 275: download_copy_time_cuda = 0.000740
iter 275: upload_copy_time_cuda = 0.000796

iter 276: cpu_time_cuda = 0.004640
iter 276: gpu_time_cuda = 0.012105
iter 276: download_copy_time_cuda = 0.000712
iter 276: upload_copy_time_cuda = 0.000778

iter 277: cpu_time_cuda = 0.004514
iter 277: gpu_time_cuda = 0.011650
iter 277: download_copy_time_cuda = 0.000703
iter 277: upload_copy_time_cuda = 0.000765

iter 278: cpu_time_cuda = 0.004426
iter 278: gpu_time_cuda = 0.011632
iter 278: download_copy_time_cuda = 0.000689
iter 278: upload_copy_time_cuda = 0.000740

iter 279: cpu_time_cuda = 0.004313
iter 279: gpu_time_cuda = 0.010388
iter 279: download_copy_time_cuda = 0.000666
iter 279: upload_copy_time_cuda = 0.000721

iter 280: cpu_time_cuda = 0.004218
iter 280: gpu_time_cuda = 0.010387
iter 280: download_copy_time_cuda = 0.000652
iter 280: upload_copy_time_cuda = 0.000704

iter 281: cpu_time_cuda = 0.004134
iter 281: gpu_time_cuda = 0.009425
iter 281: download_copy_time_cuda = 0.000644
iter 281: upload_copy_time_cuda = 0.000679

iter 282: cpu_time_cuda = 0.004065
iter 282: gpu_time_cuda = 0.009654
iter 282: download_copy_time_cuda = 0.000626
iter 282: upload_copy_time_cuda = 0.000658

iter 283: cpu_time_cuda = 0.003925
iter 283: gpu_time_cuda = 0.008830
iter 283: download_copy_time_cuda = 0.000602
iter 283: upload_copy_time_cuda = 0.000642

iter 284: cpu_time_cuda = 0.003863
iter 284: gpu_time_cuda = 0.008452
iter 284: download_copy_time_cuda = 0.000583
iter 284: upload_copy_time_cuda = 0.000620

iter 285: cpu_time_cuda = 0.003760
iter 285: gpu_time_cuda = 0.007948
iter 285: download_copy_time_cuda = 0.000562
iter 285: upload_copy_time_cuda = 0.000614

iter 286: cpu_time_cuda = 0.003826
iter 286: gpu_time_cuda = 0.007494
iter 286: download_copy_time_cuda = 0.000551
iter 286: upload_copy_time_cuda = 0.000587

iter 287: cpu_time_cuda = 0.003576
iter 287: gpu_time_cuda = 0.007033
iter 287: download_copy_time_cuda = 0.000528
iter 287: upload_copy_time_cuda = 0.000575

iter 288: cpu_time_cuda = 0.003487
iter 288: gpu_time_cuda = 0.006774
iter 288: download_copy_time_cuda = 0.000514
iter 288: upload_copy_time_cuda = 0.000551

iter 289: cpu_time_cuda = 0.003364
iter 289: gpu_time_cuda = 0.006008
iter 289: download_copy_time_cuda = 0.000491
iter 289: upload_copy_time_cuda = 0.000535

iter 290: cpu_time_cuda = 0.003275
iter 290: gpu_time_cuda = 0.005845
iter 290: download_copy_time_cuda = 0.000477
iter 290: upload_copy_time_cuda = 0.000514

iter 291: cpu_time_cuda = 0.003208
iter 291: gpu_time_cuda = 0.005120
iter 291: download_copy_time_cuda = 0.000456
iter 291: upload_copy_time_cuda = 0.000498

iter 292: cpu_time_cuda = 0.003118
iter 292: gpu_time_cuda = 0.005125
iter 292: download_copy_time_cuda = 0.000446
iter 292: upload_copy_time_cuda = 0.000481

iter 293: cpu_time_cuda = 0.003017
iter 293: gpu_time_cuda = 0.004393
iter 293: download_copy_time_cuda = 0.000426
iter 293: upload_copy_time_cuda = 0.000467

iter 294: cpu_time_cuda = 0.002915
iter 294: gpu_time_cuda = 0.004663
iter 294: download_copy_time_cuda = 0.000413
iter 294: upload_copy_time_cuda = 0.000447

iter 295: cpu_time_cuda = 0.002817
iter 295: gpu_time_cuda = 0.003966
iter 295: download_copy_time_cuda = 0.000404
iter 295: upload_copy_time_cuda = 0.000431

iter 296: cpu_time_cuda = 0.002721
iter 296: gpu_time_cuda = 0.003904
iter 296: download_copy_time_cuda = 0.000385
iter 296: upload_copy_time_cuda = 0.000425

iter 297: cpu_time_cuda = 0.002616
iter 297: gpu_time_cuda = 0.003351
iter 297: download_copy_time_cuda = 0.000367
iter 297: upload_copy_time_cuda = 0.000412

iter 298: cpu_time_cuda = 0.002494
iter 298: gpu_time_cuda = 0.003415
iter 298: download_copy_time_cuda = 0.000355
iter 298: upload_copy_time_cuda = 0.000399

iter 299: cpu_time_cuda = 0.002421
iter 299: gpu_time_cuda = 0.002873
iter 299: download_copy_time_cuda = 0.000337
iter 299: upload_copy_time_cuda = 0.000383

iter 300: cpu_time_cuda = 0.002325
iter 300: gpu_time_cuda = 0.002778
iter 300: download_copy_time_cuda = 0.000328
iter 300: upload_copy_time_cuda = 0.000367

iter 301: cpu_time_cuda = 0.002224
iter 301: gpu_time_cuda = 0.002336
iter 301: download_copy_time_cuda = 0.000301
iter 301: upload_copy_time_cuda = 0.000358

iter 302: cpu_time_cuda = 0.002167
iter 302: gpu_time_cuda = 0.002267
iter 302: download_copy_time_cuda = 0.000283
iter 302: upload_copy_time_cuda = 0.000343

iter 303: cpu_time_cuda = 0.002040
iter 303: gpu_time_cuda = 0.001825
iter 303: download_copy_time_cuda = 0.000264
iter 303: upload_copy_time_cuda = 0.000332

iter 304: cpu_time_cuda = 0.001957
iter 304: gpu_time_cuda = 0.001913
iter 304: download_copy_time_cuda = 0.000249
iter 304: upload_copy_time_cuda = 0.000307

iter 305: cpu_time_cuda = 0.001816
iter 305: gpu_time_cuda = 0.001572
iter 305: download_copy_time_cuda = 0.000246
iter 305: upload_copy_time_cuda = 0.000298

iter 306: cpu_time_cuda = 0.001754
iter 306: gpu_time_cuda = 0.001526
iter 306: download_copy_time_cuda = 0.000230
iter 306: upload_copy_time_cuda = 0.000286

iter 307: cpu_time_cuda = 0.001663
iter 307: gpu_time_cuda = 0.001252
iter 307: download_copy_time_cuda = 0.000213
iter 307: upload_copy_time_cuda = 0.000273

iter 308: cpu_time_cuda = 0.001574
iter 308: gpu_time_cuda = 0.001089
iter 308: download_copy_time_cuda = 0.000191
iter 308: upload_copy_time_cuda = 0.000258

iter 309: cpu_time_cuda = 0.001489
iter 309: gpu_time_cuda = 0.000902
iter 309: download_copy_time_cuda = 0.000190
iter 309: upload_copy_time_cuda = 0.000244

iter 310: cpu_time_cuda = 0.001275
iter 310: gpu_time_cuda = 0.000899
iter 310: download_copy_time_cuda = 0.000183
iter 310: upload_copy_time_cuda = 0.000234

iter 311: cpu_time_cuda = 0.001202
iter 311: gpu_time_cuda = 0.000684
iter 311: download_copy_time_cuda = 0.000171
iter 311: upload_copy_time_cuda = 0.000219

iter 312: cpu_time_cuda = 0.001185
iter 312: gpu_time_cuda = 0.000695
iter 312: download_copy_time_cuda = 0.000151
iter 312: upload_copy_time_cuda = 0.000214

iter 313: cpu_time_cuda = 0.001106
iter 313: gpu_time_cuda = 0.000520
iter 313: download_copy_time_cuda = 0.000130
iter 313: upload_copy_time_cuda = 0.000206

iter 314: cpu_time_cuda = 0.000995
iter 314: gpu_time_cuda = 0.000367
iter 314: download_copy_time_cuda = 0.000122
iter 314: upload_copy_time_cuda = 0.000180

iter 315: cpu_time_cuda = 0.000952
iter 315: gpu_time_cuda = 0.000328
iter 315: download_copy_time_cuda = 0.000111
iter 315: upload_copy_time_cuda = 0.000168

iter 316: cpu_time_cuda = 0.000767
iter 316: gpu_time_cuda = 0.000297
iter 316: download_copy_time_cuda = 0.000102
iter 316: upload_copy_time_cuda = 0.000157

iter 317: cpu_time_cuda = 0.000672
iter 317: gpu_time_cuda = 0.000273
iter 317: download_copy_time_cuda = 0.000094
iter 317: upload_copy_time_cuda = 0.000144

iter 318: cpu_time_cuda = 0.000596
iter 318: gpu_time_cuda = 0.000245
iter 318: download_copy_time_cuda = 0.000085
iter 318: upload_copy_time_cuda = 0.000127

iter 319: cpu_time_cuda = 0.000587
iter 319: gpu_time_cuda = 0.000003
iter 319: download_copy_time_cuda = 0.000077
iter 319: upload_copy_time_cuda = 0.000085

total_cpu_time_cuda = 5.063820
total_gpu_time_cuda = 9.874024
total_copy_time_cuda = 0.672967
main_loop_time_cuda = 16.207947
20480 20480     ---   (  ---  )    309.02 (  18.53)     ---   
total_time = 32.036775
29.05user 5.22system 0:35.28elapsed 97%CPU (0avgtext+0avgdata 3430788maxresident)k
4504inputs+0outputs (1major+839716minor)pagefaults 0swaps
send out message: 22 3 log
