send out message: 24 37 /home/lchen/MAGMA/magma-1.3.0/results
send out message: 20 26 MAGMA_LU_GPUDVFS.total.pwr
MAGMA 1.3.0
device 0: Tesla K20c, 705.5 MHz clock, 4799.6 MB memory, capability 3.5

Usage: /home/lchen/MAGMA/magma-1.3.0/testing/testing_dgetrf -N <m,n> -c -c2 -l
  -N  can be repeated up to 10 times. If only m is given, then m=n.
  -c  or setting $MAGMA_TESTINGS_CHECK checks result, PA - LU.
  -c2 for square matrices, solves one RHS and checks residual, Ax - b.
  -l  or setting $MAGMA_RUN_LAPACK runs LAPACK.

    M     N   CPU GFlop/s (sec)   GPU GFlop/s (sec)   |PA-LU|/(N*|A|)
=========================================================================
init_time = 0.837798
iter 0: cpu_time_cuda = 0.000000
iter 0: gpu_time_cuda = 0.000000
iter 0: download_copy_time_cuda = 0.000000
iter 0: upload_copy_time_cuda = 0.000505

iter 1: cpu_time_cuda = 0.007730
iter 1: gpu_time_cuda = 0.005368
iter 1: download_copy_time_cuda = 0.000452
iter 1: upload_copy_time_cuda = 0.000501

iter 2: cpu_time_pred = 0.007631
iter 2: gpu_time_pred = 0.005232
!!Border found at iter 1
iter 2: ratio_split_freq = 0.073860
I love Wenyi!
iter 2: cpu_time_cuda = 0.007503
iter 2: gpu_time_cuda = 0.005488
iter 2: download_copy_time_cuda = 0.000448
iter 2: upload_copy_time_cuda = 0.000480

iter 3: cpu_time_pred = 0.007405
iter 3: gpu_time_pred = 0.005346
!!Border found at iter 2
iter 3: ratio_split_freq = 0.062010
I love Wenyi!
iter 3: cpu_time_cuda = 0.007407
iter 3: gpu_time_cuda = 0.004942
iter 3: download_copy_time_cuda = 0.000442
iter 3: upload_copy_time_cuda = 0.000475

iter 4: cpu_time_pred = 0.007309
iter 4: gpu_time_pred = 0.004813
!!Border found at iter 3
iter 4: ratio_split_freq = 0.083532
I love Wenyi!
iter 4: cpu_time_cuda = 0.007321
iter 4: gpu_time_cuda = 0.004905
iter 4: download_copy_time_cuda = 0.000436
iter 4: upload_copy_time_cuda = 0.000469

iter 5: cpu_time_pred = 0.007223
iter 5: gpu_time_pred = 0.004775
!!Border found at iter 4
iter 5: ratio_split_freq = 0.082531
I love Wenyi!
iter 5: cpu_time_cuda = 0.007221
iter 5: gpu_time_cuda = 0.004791
iter 5: download_copy_time_cuda = 0.000432
iter 5: upload_copy_time_cuda = 0.000461

iter 6: cpu_time_pred = 0.007123
iter 6: gpu_time_pred = 0.004663
!!Border found at iter 5
iter 6: ratio_split_freq = 0.084982
I love Wenyi!
iter 6: cpu_time_cuda = 0.007123
iter 6: gpu_time_cuda = 0.004781
iter 6: download_copy_time_cuda = 0.000427
iter 6: upload_copy_time_cuda = 0.000468

iter 7: cpu_time_pred = 0.007025
iter 7: gpu_time_pred = 0.004651
!!Border found at iter 6
iter 7: ratio_split_freq = 0.082196
I love Wenyi!
iter 7: cpu_time_cuda = 0.007027
iter 7: gpu_time_cuda = 0.004437
iter 7: download_copy_time_cuda = 0.000421
iter 7: upload_copy_time_cuda = 0.000462

iter 8: cpu_time_pred = 0.006929
iter 8: gpu_time_pred = 0.004315
!!Border found at iter 7
iter 8: ratio_split_freq = 0.097562
I love Wenyi!
iter 8: cpu_time_cuda = 0.006919
iter 8: gpu_time_cuda = 0.004465
iter 8: download_copy_time_cuda = 0.000416
iter 8: upload_copy_time_cuda = 0.000450

iter 9: cpu_time_pred = 0.006821
iter 9: gpu_time_pred = 0.004340
!!Border found at iter 8
iter 9: ratio_split_freq = 0.092051
I love Wenyi!
iter 9: cpu_time_cuda = 0.006824
iter 9: gpu_time_cuda = 0.004509
iter 9: download_copy_time_cuda = 0.000409
iter 9: upload_copy_time_cuda = 0.000442

iter 10: cpu_time_pred = 0.006727
iter 10: gpu_time_pred = 0.004381
!!Border found at iter 9
iter 10: ratio_split_freq = 0.086236
I love Wenyi!
iter 10: cpu_time_cuda = 0.006724
iter 10: gpu_time_cuda = 0.004376
iter 10: download_copy_time_cuda = 0.000405
iter 10: upload_copy_time_cuda = 0.000445

iter 11: cpu_time_pred = 0.006626
iter 11: gpu_time_pred = 0.004250
!!Border found at iter 10
iter 11: ratio_split_freq = 0.090053
I love Wenyi!
iter 11: cpu_time_cuda = 0.006646
iter 11: gpu_time_cuda = 0.004205
iter 11: download_copy_time_cuda = 0.000399
iter 11: upload_copy_time_cuda = 0.000426

iter 12: cpu_time_pred = 0.006549
iter 12: gpu_time_pred = 0.004083
!!Border found at iter 11
iter 12: ratio_split_freq = 0.097267
I love Wenyi!
iter 12: cpu_time_cuda = 0.006542
iter 12: gpu_time_cuda = 0.004092
iter 12: download_copy_time_cuda = 0.000393
iter 12: upload_copy_time_cuda = 0.000436

iter 13: cpu_time_pred = 0.006444
iter 13: gpu_time_pred = 0.003971
!!Border found at iter 12
iter 13: ratio_split_freq = 0.100312
I love Wenyi!
iter 13: cpu_time_cuda = 0.006446
iter 13: gpu_time_cuda = 0.003967
iter 13: download_copy_time_cuda = 0.000386
iter 13: upload_copy_time_cuda = 0.000420

iter 14: cpu_time_pred = 0.006349
iter 14: gpu_time_pred = 0.003848
!!Border found at iter 13
iter 14: ratio_split_freq = 0.104680
I love Wenyi!
iter 14: cpu_time_cuda = 0.006348
iter 14: gpu_time_cuda = 0.003888
iter 14: download_copy_time_cuda = 0.000381
iter 14: upload_copy_time_cuda = 0.000409

iter 15: cpu_time_pred = 0.006251
iter 15: gpu_time_pred = 0.003770
!!Border found at iter 14
iter 15: ratio_split_freq = 0.105992
I love Wenyi!
iter 15: cpu_time_cuda = 0.006246
iter 15: gpu_time_cuda = 0.003805
iter 15: download_copy_time_cuda = 0.000376
iter 15: upload_copy_time_cuda = 0.000407

iter 16: cpu_time_pred = 0.006148
iter 16: gpu_time_pred = 0.003687
!!Border found at iter 15
iter 16: ratio_split_freq = 0.107501
I love Wenyi!
iter 16: cpu_time_cuda = 0.006103
iter 16: gpu_time_cuda = 0.003728
iter 16: download_copy_time_cuda = 0.000371
iter 16: upload_copy_time_cuda = 0.000396

iter 17: cpu_time_pred = 0.006006
iter 17: gpu_time_pred = 0.003611
!!Border found at iter 16
iter 17: ratio_split_freq = 0.106820
I love Wenyi!
iter 17: cpu_time_cuda = 0.006021
iter 17: gpu_time_cuda = 0.003398
iter 17: download_copy_time_cuda = 0.000364
iter 17: upload_copy_time_cuda = 0.000393

iter 18: cpu_time_pred = 0.005924
iter 18: gpu_time_pred = 0.003289
!!Border found at iter 17
iter 18: ratio_split_freq = 0.128967
I love Wenyi!
iter 18: cpu_time_cuda = 0.005923
iter 18: gpu_time_cuda = 0.003483
iter 18: download_copy_time_cuda = 0.000360
iter 18: upload_copy_time_cuda = 0.000388

iter 19: cpu_time_pred = 0.005826
iter 19: gpu_time_pred = 0.003369
!!Border found at iter 18
iter 19: ratio_split_freq = 0.117383
I love Wenyi!
iter 19: cpu_time_cuda = 0.005827
iter 19: gpu_time_cuda = 0.003214
iter 19: download_copy_time_cuda = 0.000355
iter 19: upload_copy_time_cuda = 0.000391

iter 20: cpu_time_pred = 0.005730
iter 20: gpu_time_pred = 0.003108
!!Border found at iter 19
iter 20: ratio_split_freq = 0.135858
I love Wenyi!
iter 20: cpu_time_cuda = 0.005734
iter 20: gpu_time_cuda = 0.003152
iter 20: download_copy_time_cuda = 0.000349
iter 20: upload_copy_time_cuda = 0.000375

iter 21: cpu_time_pred = 0.005636
iter 21: gpu_time_pred = 0.003046
!!Border found at iter 20
iter 21: ratio_split_freq = 0.136984
I love Wenyi!
iter 21: cpu_time_cuda = 0.005624
iter 21: gpu_time_cuda = 0.003104
iter 21: download_copy_time_cuda = 0.000343
iter 21: upload_copy_time_cuda = 0.000372

iter 22: cpu_time_pred = 0.005527
iter 22: gpu_time_pred = 0.002998
!!Border found at iter 21
iter 22: ratio_split_freq = 0.135879
I love Wenyi!
iter 22: cpu_time_cuda = 0.005539
iter 22: gpu_time_cuda = 0.003033
iter 22: download_copy_time_cuda = 0.000337
iter 22: upload_copy_time_cuda = 0.000372

iter 23: cpu_time_pred = 0.005442
iter 23: gpu_time_pred = 0.002928
!!Border found at iter 22
iter 23: ratio_split_freq = 0.138288
I love Wenyi!
iter 23: cpu_time_cuda = 0.005431
iter 23: gpu_time_cuda = 0.002923
iter 23: download_copy_time_cuda = 0.000332
iter 23: upload_copy_time_cuda = 0.000360

iter 24: cpu_time_pred = 0.005334
iter 24: gpu_time_pred = 0.002819
!!Border found at iter 23
iter 24: ratio_split_freq = 0.143605
I love Wenyi!
iter 24: cpu_time_cuda = 0.005365
iter 24: gpu_time_cuda = 0.002868
iter 24: download_copy_time_cuda = 0.000327
iter 24: upload_copy_time_cuda = 0.000363

iter 25: cpu_time_pred = 0.005268
iter 25: gpu_time_pred = 0.002765
!!Border found at iter 24
iter 25: ratio_split_freq = 0.145801
I love Wenyi!
iter 25: cpu_time_cuda = 0.005251
iter 25: gpu_time_cuda = 0.002746
iter 25: download_copy_time_cuda = 0.000320
iter 25: upload_copy_time_cuda = 0.000349

iter 26: cpu_time_pred = 0.005153
iter 26: gpu_time_pred = 0.002645
!!Border found at iter 25
iter 26: ratio_split_freq = 0.152684
I love Wenyi!
iter 26: cpu_time_cuda = 0.005149
iter 26: gpu_time_cuda = 0.002569
iter 26: download_copy_time_cuda = 0.000315
iter 26: upload_copy_time_cuda = 0.000350

iter 27: cpu_time_pred = 0.005052
iter 27: gpu_time_pred = 0.002473
!!Border found at iter 26
iter 27: ratio_split_freq = 0.167968
I love Wenyi!
iter 27: cpu_time_cuda = 0.005056
iter 27: gpu_time_cuda = 0.002493
iter 27: download_copy_time_cuda = 0.000310
iter 27: upload_copy_time_cuda = 0.000333

iter 28: cpu_time_pred = 0.004959
iter 28: gpu_time_pred = 0.002398
!!Border found at iter 27
iter 28: ratio_split_freq = 0.171929
I love Wenyi!
iter 28: cpu_time_cuda = 0.004970
iter 28: gpu_time_cuda = 0.002440
iter 28: download_copy_time_cuda = 0.000305
iter 28: upload_copy_time_cuda = 0.000338

iter 29: cpu_time_pred = 0.004872
iter 29: gpu_time_pred = 0.002345
!!Border found at iter 28
iter 29: ratio_split_freq = 0.173499
I love Wenyi!
iter 29: cpu_time_cuda = 0.004867
iter 29: gpu_time_cuda = 0.002385
iter 29: download_copy_time_cuda = 0.000298
iter 29: upload_copy_time_cuda = 0.000325

iter 30: cpu_time_pred = 0.004769
iter 30: gpu_time_pred = 0.002290
!!Border found at iter 29
iter 30: ratio_split_freq = 0.174304
I love Wenyi!
iter 30: cpu_time_cuda = 0.004773
iter 30: gpu_time_cuda = 0.002258
iter 30: download_copy_time_cuda = 0.000293
iter 30: upload_copy_time_cuda = 0.000326

iter 31: cpu_time_pred = 0.004675
iter 31: gpu_time_pred = 0.002167
!!Border found at iter 30
iter 31: ratio_split_freq = 0.186461
I love Wenyi!
iter 31: cpu_time_cuda = 0.004675
iter 31: gpu_time_cuda = 0.002177
iter 31: download_copy_time_cuda = 0.000286
iter 31: upload_copy_time_cuda = 0.000319

iter 32: cpu_time_pred = 0.004578
iter 32: gpu_time_pred = 0.002087
!!Border found at iter 31
iter 32: ratio_split_freq = 0.192178
I love Wenyi!
iter 32: cpu_time_cuda = 0.004603
iter 32: gpu_time_cuda = 0.002065
iter 32: download_copy_time_cuda = 0.000281
iter 32: upload_copy_time_cuda = 0.000314

iter 33: cpu_time_pred = 0.004505
iter 33: gpu_time_pred = 0.001978
!!Border found at iter 32
iter 33: ratio_split_freq = 0.205696
I love Wenyi!
iter 33: cpu_time_cuda = 0.004504
iter 33: gpu_time_cuda = 0.002018
iter 33: download_copy_time_cuda = 0.000276
iter 33: upload_copy_time_cuda = 0.000300

iter 34: cpu_time_pred = 0.004407
iter 34: gpu_time_pred = 0.001931
!!Border found at iter 33
iter 34: ratio_split_freq = 0.206408
I love Wenyi!
iter 34: cpu_time_cuda = 0.004422
iter 34: gpu_time_cuda = 0.001929
iter 34: download_copy_time_cuda = 0.000270
iter 34: upload_copy_time_cuda = 0.000301

iter 35: cpu_time_pred = 0.004324
iter 35: gpu_time_pred = 0.001845
!!Border found at iter 34
iter 35: ratio_split_freq = 0.216471
I love Wenyi!
iter 35: cpu_time_cuda = 0.004323
iter 35: gpu_time_cuda = 0.001762
iter 35: download_copy_time_cuda = 0.000264
iter 35: upload_copy_time_cuda = 0.000296

iter 36: cpu_time_pred = 0.004225
iter 36: gpu_time_pred = 0.001683
!!Border found at iter 35
iter 36: ratio_split_freq = 0.243190
I love Wenyi!
iter 36: cpu_time_cuda = 0.004237
iter 36: gpu_time_cuda = 0.001734
iter 36: download_copy_time_cuda = 0.000260
iter 36: upload_copy_time_cuda = 0.000287

iter 37: cpu_time_pred = 0.004138
iter 37: gpu_time_pred = 0.001655
!!Border found at iter 36
iter 37: ratio_split_freq = 0.241738
I love Wenyi!
iter 37: cpu_time_cuda = 0.004107
iter 37: gpu_time_cuda = 0.001685
iter 37: download_copy_time_cuda = 0.000255
iter 37: upload_copy_time_cuda = 0.000277

iter 38: cpu_time_pred = 0.004009
iter 38: gpu_time_pred = 0.001606
!!Border found at iter 37
iter 38: ratio_split_freq = 0.240997
I love Wenyi!
iter 38: cpu_time_cuda = 0.004014
iter 38: gpu_time_cuda = 0.001680
iter 38: download_copy_time_cuda = 0.000249
iter 38: upload_copy_time_cuda = 0.000278

iter 39: cpu_time_pred = 0.003916
iter 39: gpu_time_pred = 0.001599
!!Border found at iter 38
iter 39: ratio_split_freq = 0.233330
I love Wenyi!
iter 39: cpu_time_cuda = 0.003913
iter 39: gpu_time_cuda = 0.001553
iter 39: download_copy_time_cuda = 0.000244
iter 39: upload_copy_time_cuda = 0.000273

iter 40: cpu_time_pred = 0.003815
iter 40: gpu_time_pred = 0.001476
!!Border found at iter 39
iter 40: ratio_split_freq = 0.255262
I love Wenyi!
iter 40: cpu_time_cuda = 0.003841
iter 40: gpu_time_cuda = 0.001542
iter 40: download_copy_time_cuda = 0.000238
iter 40: upload_copy_time_cuda = 0.000266

iter 41: cpu_time_pred = 0.003742
iter 41: gpu_time_pred = 0.001464
!!Border found at iter 40
iter 41: ratio_split_freq = 0.250732
I love Wenyi!
iter 41: cpu_time_cuda = 0.003784
iter 41: gpu_time_cuda = 0.001412
iter 41: download_copy_time_cuda = 0.000233
iter 41: upload_copy_time_cuda = 0.000247

iter 42: cpu_time_pred = 0.003685
iter 42: gpu_time_pred = 0.001339
!!Border found at iter 41
iter 42: ratio_split_freq = 0.282139
I love Wenyi!
iter 42: cpu_time_cuda = 0.003645
iter 42: gpu_time_cuda = 0.001394
iter 42: download_copy_time_cuda = 0.000228
iter 42: upload_copy_time_cuda = 0.000242

iter 43: cpu_time_pred = 0.003546
iter 43: gpu_time_pred = 0.001320
!!Border found at iter 42
iter 43: ratio_split_freq = 0.271640
I love Wenyi!
iter 43: cpu_time_cuda = 0.003550
iter 43: gpu_time_cuda = 0.001298
iter 43: download_copy_time_cuda = 0.000222
iter 43: upload_copy_time_cuda = 0.000250

iter 44: cpu_time_pred = 0.003452
iter 44: gpu_time_pred = 0.001227
!!Border found at iter 43
iter 44: ratio_split_freq = 0.291933
I love Wenyi!
iter 44: cpu_time_cuda = 0.003456
iter 44: gpu_time_cuda = 0.001208
iter 44: download_copy_time_cuda = 0.000217
iter 44: upload_copy_time_cuda = 0.000242

iter 45: cpu_time_pred = 0.003357
iter 45: gpu_time_pred = 0.001140
!!Border found at iter 44
iter 45: ratio_split_freq = 0.313094
I love Wenyi!
iter 45: cpu_time_cuda = 0.003361
iter 45: gpu_time_cuda = 0.001159
iter 45: download_copy_time_cuda = 0.000211
iter 45: upload_copy_time_cuda = 0.000229

iter 46: cpu_time_pred = 0.003262
iter 46: gpu_time_pred = 0.001092
!!Border found at iter 45
iter 46: ratio_split_freq = 0.319855
I love Wenyi!
iter 46: cpu_time_cuda = 0.003280
iter 46: gpu_time_cuda = 0.001077
iter 46: download_copy_time_cuda = 0.000206
iter 46: upload_copy_time_cuda = 0.000217

iter 47: cpu_time_pred = 0.003180
iter 47: gpu_time_pred = 0.001013
!!Border found at iter 46
iter 47: ratio_split_freq = 0.344527
I love Wenyi!
iter 47: cpu_time_cuda = 0.003165
iter 47: gpu_time_cuda = 0.001015
iter 47: download_copy_time_cuda = 0.000200
iter 47: upload_copy_time_cuda = 0.000209

iter 48: cpu_time_pred = 0.003066
iter 48: gpu_time_pred = 0.000953
!!Border found at iter 47
iter 48: ratio_split_freq = 0.357076
I love Wenyi!
iter 48: cpu_time_cuda = 0.003070
iter 48: gpu_time_cuda = 0.000977
iter 48: download_copy_time_cuda = 0.000194
iter 48: upload_copy_time_cuda = 0.000207

iter 49: cpu_time_pred = 0.002971
iter 49: gpu_time_pred = 0.000915
!!Border found at iter 48
iter 49: ratio_split_freq = 0.361616
I love Wenyi!
iter 49: cpu_time_cuda = 0.002982
iter 49: gpu_time_cuda = 0.000917
iter 49: download_copy_time_cuda = 0.000188
iter 49: upload_copy_time_cuda = 0.000198

iter 50: cpu_time_pred = 0.002882
iter 50: gpu_time_pred = 0.000857
!!Border found at iter 49
iter 50: ratio_split_freq = 0.380550
I love Wenyi!
iter 50: cpu_time_cuda = 0.002899
iter 50: gpu_time_cuda = 0.000906
iter 50: download_copy_time_cuda = 0.000184
iter 50: upload_copy_time_cuda = 0.000192

iter 51: cpu_time_pred = 0.002799
iter 51: gpu_time_pred = 0.000844
!!Border found at iter 50
iter 51: ratio_split_freq = 0.372740
I love Wenyi!
iter 51: cpu_time_cuda = 0.002800
iter 51: gpu_time_cuda = 0.000833
iter 51: download_copy_time_cuda = 0.000177
iter 51: upload_copy_time_cuda = 0.000187

iter 52: cpu_time_pred = 0.002700
iter 52: gpu_time_pred = 0.000774
!!Border found at iter 51
iter 52: ratio_split_freq = 0.400482
I love Wenyi!
iter 52: cpu_time_cuda = 0.002720
iter 52: gpu_time_cuda = 0.000795
iter 52: download_copy_time_cuda = 0.000172
iter 52: upload_copy_time_cuda = 0.000180

iter 53: cpu_time_pred = 0.002620
iter 53: gpu_time_pred = 0.000738
!!Border found at iter 52
iter 53: ratio_split_freq = 0.410850
I love Wenyi!
iter 53: cpu_time_cuda = 0.002614
iter 53: gpu_time_cuda = 0.000734
iter 53: download_copy_time_cuda = 0.000165
iter 53: upload_copy_time_cuda = 0.000181

iter 54: cpu_time_pred = 0.002514
iter 54: gpu_time_pred = 0.000678
!!Border found at iter 53
iter 54: ratio_split_freq = 0.435723
I love Wenyi!
iter 54: cpu_time_cuda = 0.002520
iter 54: gpu_time_cuda = 0.000690
iter 54: download_copy_time_cuda = 0.000167
iter 54: upload_copy_time_cuda = 0.000169

iter 55: cpu_time_pred = 0.002420
iter 55: gpu_time_pred = 0.000636
!!Border found at iter 54
iter 55: ratio_split_freq = 0.451763
I love Wenyi!
iter 55: cpu_time_cuda = 0.002428
iter 55: gpu_time_cuda = 0.000637
iter 55: download_copy_time_cuda = 0.000156
iter 55: upload_copy_time_cuda = 0.000163

iter 56: cpu_time_pred = 0.002327
iter 56: gpu_time_pred = 0.000585
!!Border found at iter 55
iter 56: ratio_split_freq = 0.479819
I love Wenyi!
iter 56: cpu_time_cuda = 0.002340
iter 56: gpu_time_cuda = 0.000567
iter 56: download_copy_time_cuda = 0.000150
iter 56: upload_copy_time_cuda = 0.000165

iter 57: cpu_time_pred = 0.002238
iter 57: gpu_time_pred = 0.000519
!!Border found at iter 56
iter 57: ratio_split_freq = 0.533770
I love Wenyi!
iter 57: cpu_time_cuda = 0.002238
iter 57: gpu_time_cuda = 0.000493
iter 57: download_copy_time_cuda = 0.000144
iter 57: upload_copy_time_cuda = 0.000159

iter 58: cpu_time_pred = 0.002136
iter 58: gpu_time_pred = 0.000449
!!Border found at iter 57
iter 58: ratio_split_freq = 0.604540
I love Wenyi!
iter 58: cpu_time_cuda = 0.002123
iter 58: gpu_time_cuda = 0.000454
iter 58: download_copy_time_cuda = 0.000140
iter 58: upload_copy_time_cuda = 0.000148

iter 59: cpu_time_pred = 0.002022
iter 59: gpu_time_pred = 0.000412
!!Border found at iter 58
iter 59: ratio_split_freq = 0.629541
I love Wenyi!
iter 59: cpu_time_cuda = 0.002012
iter 59: gpu_time_cuda = 0.000408
iter 59: download_copy_time_cuda = 0.000134
iter 59: upload_copy_time_cuda = 0.000140

iter 60: cpu_time_pred = 0.001911
iter 60: gpu_time_pred = 0.000369
!!Border found at iter 59
iter 60: ratio_split_freq = 0.674211
I love Wenyi!
iter 60: cpu_time_cuda = 0.001921
iter 60: gpu_time_cuda = 0.000403
iter 60: download_copy_time_cuda = 0.000129
iter 60: upload_copy_time_cuda = 0.000142

iter 61: cpu_time_pred = 0.001820
iter 61: gpu_time_pred = 0.000362
!!Border found at iter 60
iter 61: ratio_split_freq = 0.648977
I love Wenyi!
iter 61: cpu_time_cuda = 0.001831
iter 61: gpu_time_cuda = 0.000361
iter 61: download_copy_time_cuda = 0.000123
iter 61: upload_copy_time_cuda = 0.000134

iter 62: cpu_time_pred = 0.001729
iter 62: gpu_time_pred = 0.000322
!!Border found at iter 61
iter 62: ratio_split_freq = 0.704125
I love Wenyi!
iter 62: cpu_time_cuda = 0.001719
iter 62: gpu_time_cuda = 0.000342
iter 62: download_copy_time_cuda = 0.000116
iter 62: upload_copy_time_cuda = 0.000125

iter 63: cpu_time_pred = 0.001618
iter 63: gpu_time_pred = 0.000303
!!Border found at iter 62
iter 63: ratio_split_freq = 0.699153
I love Wenyi!
iter 63: cpu_time_cuda = 0.001630
iter 63: gpu_time_cuda = 0.000330
iter 63: download_copy_time_cuda = 0.000113
iter 63: upload_copy_time_cuda = 0.000118

iter 64: cpu_time_pred = 0.001528
iter 64: gpu_time_pred = 0.000290
!!Border found at iter 63
iter 64: ratio_split_freq = 0.688014
I love Wenyi!
iter 64: cpu_time_cuda = 0.001558
iter 64: gpu_time_cuda = 0.000298
iter 64: download_copy_time_cuda = 0.000107
iter 64: upload_copy_time_cuda = 0.000119

iter 65: cpu_time_pred = 0.001454
iter 65: gpu_time_pred = 0.000260
!!Border found at iter 64
iter 65: ratio_split_freq = 0.740783
I love Wenyi!
iter 65: cpu_time_cuda = 0.001445
iter 65: gpu_time_cuda = 0.000265
iter 65: download_copy_time_cuda = 0.000102
iter 65: upload_copy_time_cuda = 0.000107

iter 66: cpu_time_pred = 0.001342
iter 66: gpu_time_pred = 0.000228
!!Border found at iter 65
iter 66: ratio_split_freq = 0.786085
I love Wenyi!
iter 66: cpu_time_cuda = 0.001352
iter 66: gpu_time_cuda = 0.000222
iter 66: download_copy_time_cuda = 0.000097
iter 66: upload_copy_time_cuda = 0.000101

iter 67: cpu_time_pred = 0.001248
iter 67: gpu_time_pred = 0.000189
!!Border found at iter 66
iter 67: ratio_split_freq = 0.903325
I love Wenyi!
iter 67: cpu_time_cuda = 0.001260
iter 67: gpu_time_cuda = 0.000193
iter 67: download_copy_time_cuda = 0.000090
iter 67: upload_copy_time_cuda = 0.000097

iter 68: cpu_time_pred = 0.001155
iter 68: gpu_time_pred = 0.000162
!!Border found at iter 67
iter 68: ratio_split_freq = 0.984314
I love Wenyi!
iter 68: cpu_time_cuda = 0.001163
iter 68: gpu_time_cuda = 0.000186
iter 68: download_copy_time_cuda = 0.000086
iter 68: upload_copy_time_cuda = 0.000098

iter 69: cpu_time_pred = 0.001057
iter 69: gpu_time_pred = 0.000153
!!Border found at iter 68
iter 69: ratio_split_freq = 0.948757
I love Wenyi!
iter 69: cpu_time_cuda = 0.001069
iter 69: gpu_time_cuda = 0.000180
iter 69: download_copy_time_cuda = 0.000081
iter 69: upload_copy_time_cuda = 0.000092

iter 70: cpu_time_pred = 0.000962
iter 70: gpu_time_pred = 0.000146
!!Border found at iter 69
iter 70: ratio_split_freq = 0.899833
I love Wenyi!
iter 70: cpu_time_cuda = 0.000981
iter 70: gpu_time_cuda = 0.000136
iter 70: download_copy_time_cuda = 0.000076
iter 70: upload_copy_time_cuda = 0.000079

iter 71: cpu_time_pred = 0.000872
iter 71: gpu_time_pred = 0.000107
!!Border found at iter 70
iter 71: ratio_split_freq = 1.148192
I love Wenyi!
iter 71: cpu_time_cuda = 0.000874
iter 71: gpu_time_cuda = 0.000120
iter 71: download_copy_time_cuda = 0.000070
iter 71: upload_copy_time_cuda = 0.000075

iter 72: cpu_time_pred = 0.000765
iter 72: gpu_time_pred = 0.000092
!!Border found at iter 71
iter 72: ratio_split_freq = 1.180686
I love Wenyi!
iter 72: cpu_time_cuda = 0.000792
iter 72: gpu_time_cuda = 0.000107
iter 72: download_copy_time_cuda = 0.000065
iter 72: upload_copy_time_cuda = 0.000068

iter 73: cpu_time_pred = 0.000679
iter 73: gpu_time_pred = 0.000079
!!Border found at iter 72
iter 73: ratio_split_freq = 1.227384
I love Wenyi!
iter 73: cpu_time_cuda = 0.000722
iter 73: gpu_time_cuda = 0.000071
iter 73: download_copy_time_cuda = 0.000060
iter 73: upload_copy_time_cuda = 0.000063

iter 74: cpu_time_pred = 0.000602
iter 74: gpu_time_pred = 0.000049
!!Border found at iter 73
iter 74: ratio_split_freq = 1.816994
I love Wenyi!
iter 74: cpu_time_cuda = 0.000982
iter 74: gpu_time_cuda = 0.000064
iter 74: download_copy_time_cuda = 0.000056
iter 74: upload_copy_time_cuda = 0.000057

iter 75: cpu_time_pred = 0.000786
iter 75: gpu_time_pred = 0.000041
!!Border found at iter 74
iter 75: ratio_split_freq = 2.921874
I love Wenyi!
iter 75: cpu_time_cuda = 0.000549
iter 75: gpu_time_cuda = 0.000052
iter 75: download_copy_time_cuda = 0.000050
iter 75: upload_copy_time_cuda = 0.000052

iter 76: cpu_time_pred = 0.000412
iter 76: gpu_time_pred = 0.000029
!!Border found at iter 75
iter 76: ratio_split_freq = 2.123366
I love Wenyi!
iter 76: cpu_time_cuda = 0.000444
iter 76: gpu_time_cuda = 0.000049
iter 76: download_copy_time_cuda = 0.000045
iter 76: upload_copy_time_cuda = 0.000047

iter 77: cpu_time_pred = 0.000296
iter 77: gpu_time_pred = 0.000022
!!Border found at iter 76
iter 77: ratio_split_freq = 2.006473
I love Wenyi!
iter 77: cpu_time_cuda = 0.000358
iter 77: gpu_time_cuda = 0.000048
iter 77: download_copy_time_cuda = 0.000040
iter 77: upload_copy_time_cuda = 0.000044

iter 78: cpu_time_pred = 0.000179
iter 78: gpu_time_pred = 0.000012
!!Border found at iter 77
iter 78: ratio_split_freq = 2.231577
I love Wenyi!
iter 78: cpu_time_cuda = 0.000272
iter 78: gpu_time_cuda = 0.000048
iter 78: download_copy_time_cuda = 0.000076
iter 78: upload_copy_time_cuda = 0.000040

iter 79: cpu_time_pred = 0.000000
iter 79: gpu_time_pred = 0.000000
!!Border found at iter 78
iter 79: ratio_split_freq = -nan
iter 79: cpu_time_cuda = 0.000158
iter 79: gpu_time_cuda = 0.000002
iter 79: download_copy_time_cuda = 0.000037
iter 79: upload_copy_time_cuda = 0.000032

total_cpu_time_cuda = 0.304365
total_gpu_time_cuda = 0.150410
total_copy_time_cuda = 0.039946
main_loop_time_cuda = 0.543445
Normalized difference of predicted CPU runtime per iteration is: -3.419064%
Normalized difference of predicted GPU runtime per iteration is: -6.078343%
Normalized difference of predicted slack per iteration is: -2.689762%
 5120  5120     ---   (  ---  )    144.08 (   0.62)     ---   
total_time = 1.466317
1.55user 0.35system 0:02.72elapsed 70%CPU (0avgtext+0avgdata 358776maxresident)k
4504inputs+0outputs (1major+71711minor)pagefaults 0swaps
send out message: 22 3 log
