send out message: 24 37 /home/lchen/MAGMA/magma-1.3.0/results
send out message: 20 26 MAGMA_LU_GPUDVFS.total.pwr
MAGMA 1.3.0
device 0: Tesla K20c, 705.5 MHz clock, 4799.6 MB memory, capability 3.5

Usage: /home/lchen/MAGMA/magma-1.3.0/testing/testing_dgetrf -N <m,n> -c -c2 -l
  -N  can be repeated up to 10 times. If only m is given, then m=n.
  -c  or setting $MAGMA_TESTINGS_CHECK checks result, PA - LU.
  -c2 for square matrices, solves one RHS and checks residual, Ax - b.
  -l  or setting $MAGMA_RUN_LAPACK runs LAPACK.

    M     N   CPU GFlop/s (sec)   GPU GFlop/s (sec)   |PA-LU|/(N*|A|)
=========================================================================
init_time = 12.903113
echo 2600000 > /sys/devices/system/cpu/cpu0/cpufreq/scaling_setspeed
echo 2600000 > /sys/devices/system/cpu/cpu1/cpufreq/scaling_setspeed
echo 2600000 > /sys/devices/system/cpu/cpu2/cpufreq/scaling_setspeed
echo 2600000 > /sys/devices/system/cpu/cpu3/cpufreq/scaling_setspeed
echo 2600000 > /sys/devices/system/cpu/cpu4/cpufreq/scaling_setspeed
echo 2600000 > /sys/devices/system/cpu/cpu5/cpufreq/scaling_setspeed
echo 2600000 > /sys/devices/system/cpu/cpu6/cpufreq/scaling_setspeed
echo 2600000 > /sys/devices/system/cpu/cpu7/cpufreq/scaling_setspeed
echo 2600000 > /sys/devices/system/cpu/cpu8/cpufreq/scaling_setspeed
echo 2600000 > /sys/devices/system/cpu/cpu9/cpufreq/scaling_setspeed
echo 2600000 > /sys/devices/system/cpu/cpu10/cpufreq/scaling_setspeed
echo 2600000 > /sys/devices/system/cpu/cpu11/cpufreq/scaling_setspeed
echo 2600000 > /sys/devices/system/cpu/cpu12/cpufreq/scaling_setspeed
echo 2600000 > /sys/devices/system/cpu/cpu13/cpufreq/scaling_setspeed
echo 2600000 > /sys/devices/system/cpu/cpu14/cpufreq/scaling_setspeed
echo 2600000 > /sys/devices/system/cpu/cpu15/cpufreq/scaling_setspeed
20000 20000     ---   (  ---  )    329.95 (  16.16)     ---   
total_time = 29.070506
26.39user 4.97system 0:32.30elapsed 97%CPU (0avgtext+0avgdata 13124112maxresident)k
4360inputs+0outputs (1major+802134minor)pagefaults 0swaps
send out message: 22 3 log
