send out message: 24 37 /home/lchen/MAGMA/magma-1.3.0/results
send out message: 20 26 MAGMA_LU_GPUDVFS.total.pwr
MAGMA 1.3.0
device 0: Tesla K20c, 705.5 MHz clock, 4799.6 MB memory, capability 3.5

Usage: /home/lchen/MAGMA/magma-1.3.0/testing/testing_dgetrf -N <m,n> -c -c2 -l
  -N  can be repeated up to 10 times. If only m is given, then m=n.
  -c  or setting $MAGMA_TESTINGS_CHECK checks result, PA - LU.
  -c2 for square matrices, solves one RHS and checks residual, Ax - b.
  -l  or setting $MAGMA_RUN_LAPACK runs LAPACK.

    M     N   CPU GFlop/s (sec)   GPU GFlop/s (sec)   |PA-LU|/(N*|A|)
=========================================================================
init_time = 0.843691
iter 0: cpu_time_cuda = 0.000000
iter 0: gpu_time_cuda = 0.000000
iter 0: download_copy_time_cuda = 0.000000
iter 0: upload_copy_time_cuda = 0.000487

iter 1: cpu_time_cuda = 0.007604
iter 1: gpu_time_cuda = 0.005360
iter 1: download_copy_time_cuda = 0.000453
iter 1: upload_copy_time_cuda = 0.000482

iter 2: cpu_time_pred = 0.007506
iter 2: gpu_time_pred = 0.005224
!!Border found at iter 1
iter 2: ratio_split_freq = 0.070374
1.06user 0.30system 0:02.14elapsed 64%CPU (0avgtext+0avgdata 358776maxresident)k
4504inputs+0outputs (1major+71566minor)pagefaults 0swaps
send out message: 22 3 log
