cpu0
2601000
cpu1
2601000
cpu2
2601000
cpu3
2601000
cpu4
2601000
cpu5
2601000
cpu6
2601000
cpu7
2601000
cpu8
2601000
cpu9
2601000
cpu10
2601000
cpu11
2601000
cpu12
2601000
cpu13
2601000
cpu14
2601000
cpu15
2601000
send out message: 24 37 /home/lchen/MAGMA/magma-1.3.0/results
send out message: 20 26 MAGMA_LU_GPUDVFS.total.pwr
MAGMA 1.3.0
device 0: Tesla K20c, 705.5 MHz clock, 4799.6 MB memory, capability 3.5

Usage: /home/lchen/MAGMA/magma-1.3.0/testing/testing_dgetrf -N <m,n> -c -c2 -l
  -N  can be repeated up to 10 times. If only m is given, then m=n.
  -c  or setting $MAGMA_TESTINGS_CHECK checks result, PA - LU.
  -c2 for square matrices, solves one RHS and checks residual, Ax - b.
  -l  or setting $MAGMA_RUN_LAPACK runs LAPACK.

    M     N   CPU GFlop/s (sec)   GPU GFlop/s (sec)   |PA-LU|/(N*|A|)
=========================================================================
init_time = 6.257062
iter 0: cpu_time_cuda = 0.000000
iter 0: gpu_time_cuda = -0.000000
iter 0: download_copy_time_cuda = 0.000000
iter 0: upload_copy_time_cuda = 0.007618

iter 1: cpu_time_cuda = 0.310246
iter 1: gpu_time_cuda = 1.061488
iter 1: download_copy_time_cuda = 0.006671
iter 1: upload_copy_time_cuda = 0.018614

iter 2: cpu_time_cuda = 0.305933
iter 2: gpu_time_cuda = 1.037354
iter 2: download_copy_time_cuda = 0.017108
iter 2: upload_copy_time_cuda = 0.018367

iter 3: cpu_time_cuda = 0.301239
iter 3: gpu_time_cuda = 1.007157
iter 3: download_copy_time_cuda = 0.016870
iter 3: upload_copy_time_cuda = 0.018128

iter 4: cpu_time_cuda = 0.297729
iter 4: gpu_time_cuda = 0.982679
iter 4: download_copy_time_cuda = 0.016624
iter 4: upload_copy_time_cuda = 0.017919

iter 5: cpu_time_cuda = 0.294060
iter 5: gpu_time_cuda = 0.956723
iter 5: download_copy_time_cuda = 0.016400
iter 5: upload_copy_time_cuda = 0.017629

iter 6: cpu_time_cuda = 0.290422
iter 6: gpu_time_cuda = 0.930596
iter 6: download_copy_time_cuda = 0.016189
iter 6: upload_copy_time_cuda = 0.017411

iter 7: cpu_time_cuda = 0.285748
iter 7: gpu_time_cuda = 0.903768
iter 7: download_copy_time_cuda = 0.015953
iter 7: upload_copy_time_cuda = 0.017160

iter 8: cpu_time_cuda = 0.281647
iter 8: gpu_time_cuda = 0.880676
iter 8: download_copy_time_cuda = 0.015727
iter 8: upload_copy_time_cuda = 0.016939

iter 9: cpu_time_cuda = 0.277624
iter 9: gpu_time_cuda = 0.857603
iter 9: download_copy_time_cuda = 0.015533
iter 9: upload_copy_time_cuda = 0.016680

iter 10: cpu_time_cuda = 0.273700
iter 10: gpu_time_cuda = 0.830219
iter 10: download_copy_time_cuda = 0.015291
iter 10: upload_copy_time_cuda = 0.016449

iter 11: cpu_time_cuda = 0.269590
iter 11: gpu_time_cuda = 0.807142
iter 11: download_copy_time_cuda = 0.015034
iter 11: upload_copy_time_cuda = 0.016186

iter 12: cpu_time_cuda = 0.265339
iter 12: gpu_time_cuda = 0.784097
iter 12: download_copy_time_cuda = 0.014823
iter 12: upload_copy_time_cuda = 0.016024

iter 13: cpu_time_cuda = 0.261258
iter 13: gpu_time_cuda = 0.758987
iter 13: download_copy_time_cuda = 0.014613
iter 13: upload_copy_time_cuda = 0.015733

iter 14: cpu_time_cuda = 0.257411
iter 14: gpu_time_cuda = 0.736907
iter 14: download_copy_time_cuda = 0.014371
iter 14: upload_copy_time_cuda = 0.015490

iter 15: cpu_time_cuda = 0.253240
iter 15: gpu_time_cuda = 0.712925
iter 15: download_copy_time_cuda = 0.014157
iter 15: upload_copy_time_cuda = 0.015237

iter 16: cpu_time_cuda = 0.249284
iter 16: gpu_time_cuda = 0.692356
iter 16: download_copy_time_cuda = 0.013955
iter 16: upload_copy_time_cuda = 0.014989

iter 17: cpu_time_cuda = 0.245038
iter 17: gpu_time_cuda = 0.671759
iter 17: download_copy_time_cuda = 0.013708
iter 17: upload_copy_time_cuda = 0.014740

iter 18: cpu_time_cuda = 0.241012
iter 18: gpu_time_cuda = 0.647279
iter 18: download_copy_time_cuda = 0.013480
iter 18: upload_copy_time_cuda = 0.014484

iter 19: cpu_time_cuda = 0.236594
iter 19: gpu_time_cuda = 0.627374
iter 19: download_copy_time_cuda = 0.013288
iter 19: upload_copy_time_cuda = 0.014215

iter 20: cpu_time_cuda = 0.232765
iter 20: gpu_time_cuda = 0.607333
iter 20: download_copy_time_cuda = 0.013022
iter 20: upload_copy_time_cuda = 0.013940

iter 21: cpu_time_cuda = 0.228828
iter 21: gpu_time_cuda = 0.586620
iter 21: download_copy_time_cuda = 0.012791
iter 21: upload_copy_time_cuda = 0.013603

iter 22: cpu_time_cuda = 0.224675
iter 22: gpu_time_cuda = 0.564336
iter 22: download_copy_time_cuda = 0.012589
iter 22: upload_copy_time_cuda = 0.013367

iter 23: cpu_time_cuda = 0.220402
iter 23: gpu_time_cuda = 0.547487
iter 23: download_copy_time_cuda = 0.012360
iter 23: upload_copy_time_cuda = 0.013056

iter 24: cpu_time_cuda = 0.216251
iter 24: gpu_time_cuda = 0.526724
iter 24: download_copy_time_cuda = 0.012127
iter 24: upload_copy_time_cuda = 0.012826

iter 25: cpu_time_cuda = 0.212136
iter 25: gpu_time_cuda = 0.506379
iter 25: download_copy_time_cuda = 0.011893
iter 25: upload_copy_time_cuda = 0.012558

iter 26: cpu_time_cuda = 0.207939
iter 26: gpu_time_cuda = 0.490448
iter 26: download_copy_time_cuda = 0.011605
iter 26: upload_copy_time_cuda = 0.012319

iter 27: cpu_time_cuda = 0.203680
iter 27: gpu_time_cuda = 0.470428
iter 27: download_copy_time_cuda = 0.011455
iter 27: upload_copy_time_cuda = 0.012098

iter 28: cpu_time_cuda = 0.199691
iter 28: gpu_time_cuda = 0.452008
iter 28: download_copy_time_cuda = 0.011256
iter 28: upload_copy_time_cuda = 0.011846

iter 29: cpu_time_cuda = 0.195651
iter 29: gpu_time_cuda = 0.436541
iter 29: download_copy_time_cuda = 0.011017
iter 29: upload_copy_time_cuda = 0.011596

iter 30: cpu_time_cuda = 0.191098
iter 30: gpu_time_cuda = 0.417968
iter 30: download_copy_time_cuda = 0.010783
iter 30: upload_copy_time_cuda = 0.011351

iter 31: cpu_time_cuda = 0.187349
iter 31: gpu_time_cuda = 0.399626
iter 31: download_copy_time_cuda = 0.010547
iter 31: upload_copy_time_cuda = 0.011117

iter 32: cpu_time_cuda = 0.183081
iter 32: gpu_time_cuda = 0.383721
iter 32: download_copy_time_cuda = 0.010294
iter 32: upload_copy_time_cuda = 0.010925

iter 33: cpu_time_cuda = 0.178806
iter 33: gpu_time_cuda = 0.368360
iter 33: download_copy_time_cuda = 0.010117
iter 33: upload_copy_time_cuda = 0.010654

iter 34: cpu_time_cuda = 0.175064
iter 34: gpu_time_cuda = 0.351341
iter 34: download_copy_time_cuda = 0.009906
iter 34: upload_copy_time_cuda = 0.010418

iter 35: cpu_time_cuda = 0.170556
iter 35: gpu_time_cuda = 0.337106
iter 35: download_copy_time_cuda = 0.009665
iter 35: upload_copy_time_cuda = 0.010159

iter 36: cpu_time_cuda = 0.166384
iter 36: gpu_time_cuda = 0.321566
iter 36: download_copy_time_cuda = 0.009391
iter 36: upload_copy_time_cuda = 0.009958

iter 37: cpu_time_cuda = 0.162224
iter 37: gpu_time_cuda = 0.305574
iter 37: download_copy_time_cuda = 0.009245
iter 37: upload_copy_time_cuda = 0.009737

iter 38: cpu_time_cuda = 0.158320
iter 38: gpu_time_cuda = 0.291696
iter 38: download_copy_time_cuda = 0.008935
iter 38: upload_copy_time_cuda = 0.009470

iter 39: cpu_time_cuda = 0.154226
iter 39: gpu_time_cuda = 0.277757
iter 39: download_copy_time_cuda = 0.008756
iter 39: upload_copy_time_cuda = 0.009235

iter 40: cpu_time_cuda = 0.150377
iter 40: gpu_time_cuda = 0.263280
iter 40: download_copy_time_cuda = 0.008522
iter 40: upload_copy_time_cuda = 0.008988

iter 41: cpu_time_cuda = 0.146000
iter 41: gpu_time_cuda = 0.250233
iter 41: download_copy_time_cuda = 0.008292
iter 41: upload_copy_time_cuda = 0.008782

iter 42: cpu_time_cuda = 0.142158
iter 42: gpu_time_cuda = 0.236514
iter 42: download_copy_time_cuda = 0.008074
iter 42: upload_copy_time_cuda = 0.008510

iter 43: cpu_time_cuda = 0.137965
iter 43: gpu_time_cuda = 0.224198
iter 43: download_copy_time_cuda = 0.007851
iter 43: upload_copy_time_cuda = 0.008298

iter 44: cpu_time_cuda = 0.133810
iter 44: gpu_time_cuda = 0.211468
iter 44: download_copy_time_cuda = 0.007596
iter 44: upload_copy_time_cuda = 0.008064

iter 45: cpu_time_cuda = 0.130400
iter 45: gpu_time_cuda = 0.200060
iter 45: download_copy_time_cuda = 0.007403
iter 45: upload_copy_time_cuda = 0.007839

iter 46: cpu_time_cuda = 0.126026
iter 46: gpu_time_cuda = 0.188325
iter 46: download_copy_time_cuda = 0.007177
iter 46: upload_copy_time_cuda = 0.007580

iter 47: cpu_time_cuda = 0.122000
iter 47: gpu_time_cuda = 0.177106
iter 47: download_copy_time_cuda = 0.006929
iter 47: upload_copy_time_cuda = 0.007341

iter 48: cpu_time_cuda = 0.118347
iter 48: gpu_time_cuda = 0.166569
iter 48: download_copy_time_cuda = 0.006736
iter 48: upload_copy_time_cuda = 0.007108

iter 49: cpu_time_cuda = 0.114039
iter 49: gpu_time_cuda = 0.154847
iter 49: download_copy_time_cuda = 0.006516
iter 49: upload_copy_time_cuda = 0.006873

iter 50: cpu_time_cuda = 0.110086
iter 50: gpu_time_cuda = 0.144874
iter 50: download_copy_time_cuda = 0.006272
iter 50: upload_copy_time_cuda = 0.006618

iter 51: cpu_time_cuda = 0.105877
iter 51: gpu_time_cuda = 0.135259
iter 51: download_copy_time_cuda = 0.006090
iter 51: upload_copy_time_cuda = 0.006385

iter 52: cpu_time_cuda = 0.101621
iter 52: gpu_time_cuda = 0.124904
iter 52: download_copy_time_cuda = 0.005818
iter 52: upload_copy_time_cuda = 0.006148

iter 53: cpu_time_cuda = 0.097742
iter 53: gpu_time_cuda = 0.116470
iter 53: download_copy_time_cuda = 0.005619
iter 53: upload_copy_time_cuda = 0.005888

iter 54: cpu_time_cuda = 0.093825
iter 54: gpu_time_cuda = 0.107603
iter 54: download_copy_time_cuda = 0.005384
iter 54: upload_copy_time_cuda = 0.005663

iter 55: cpu_time_cuda = 0.089890
iter 55: gpu_time_cuda = 0.098860
iter 55: download_copy_time_cuda = 0.005182
iter 55: upload_copy_time_cuda = 0.005459

iter 56: cpu_time_cuda = 0.085954
iter 56: gpu_time_cuda = 0.091035
iter 56: download_copy_time_cuda = 0.004937
iter 56: upload_copy_time_cuda = 0.005216

iter 57: cpu_time_cuda = 0.082035
iter 57: gpu_time_cuda = 0.083040
iter 57: download_copy_time_cuda = 0.004712
iter 57: upload_copy_time_cuda = 0.004957

iter 58: cpu_time_cuda = 0.078112
iter 58: gpu_time_cuda = 0.075019
iter 58: download_copy_time_cuda = 0.004508
iter 58: upload_copy_time_cuda = 0.004728

iter 59: cpu_time_cuda = 0.074287
iter 59: gpu_time_cuda = 0.068061
iter 59: download_copy_time_cuda = 0.004271
iter 59: upload_copy_time_cuda = 0.004483

iter 60: cpu_time_cuda = 0.070365
iter 60: gpu_time_cuda = 0.061796
iter 60: download_copy_time_cuda = 0.004070
iter 60: upload_copy_time_cuda = 0.004266

iter 61: cpu_time_cuda = 0.066446
iter 61: gpu_time_cuda = 0.055480
iter 61: download_copy_time_cuda = 0.003830
iter 61: upload_copy_time_cuda = 0.004010

iter 62: cpu_time_cuda = 0.062487
iter 62: gpu_time_cuda = 0.049113
iter 62: download_copy_time_cuda = 0.003616
iter 62: upload_copy_time_cuda = 0.003765

iter 63: cpu_time_cuda = 0.058667
iter 63: gpu_time_cuda = 0.043483
iter 63: download_copy_time_cuda = 0.003383
iter 63: upload_copy_time_cuda = 0.003547

iter 64: cpu_time_cuda = 0.054704
iter 64: gpu_time_cuda = 0.038279
iter 64: download_copy_time_cuda = 0.003139
iter 64: upload_copy_time_cuda = 0.003305

iter 65: cpu_time_cuda = 0.050570
iter 65: gpu_time_cuda = 0.032922
iter 65: download_copy_time_cuda = 0.002931
iter 65: upload_copy_time_cuda = 0.003073

iter 66: cpu_time_cuda = 0.046614
iter 66: gpu_time_cuda = 0.028473
iter 66: download_copy_time_cuda = 0.002738
iter 66: upload_copy_time_cuda = 0.002827

iter 67: cpu_time_cuda = 0.042811
iter 67: gpu_time_cuda = 0.024395
iter 67: download_copy_time_cuda = 0.002527
iter 67: upload_copy_time_cuda = 0.002604

iter 68: cpu_time_cuda = 0.038866
iter 68: gpu_time_cuda = 0.020588
iter 68: download_copy_time_cuda = 0.002312
iter 68: upload_copy_time_cuda = 0.002365

iter 69: cpu_time_cuda = 0.034904
iter 69: gpu_time_cuda = 0.016750
iter 69: download_copy_time_cuda = 0.002118
iter 69: upload_copy_time_cuda = 0.002129

iter 70: cpu_time_cuda = 0.031017
iter 70: gpu_time_cuda = 0.013712
iter 70: download_copy_time_cuda = 0.001931
iter 70: upload_copy_time_cuda = 0.001932

iter 71: cpu_time_cuda = 0.027146
iter 71: gpu_time_cuda = 0.010308
iter 71: download_copy_time_cuda = 0.001740
iter 71: upload_copy_time_cuda = 0.001743

iter 72: cpu_time_cuda = 0.023264
iter 72: gpu_time_cuda = 0.007556
iter 72: download_copy_time_cuda = 0.001562
iter 72: upload_copy_time_cuda = 0.001557

iter 73: cpu_time_cuda = 0.019579
iter 73: gpu_time_cuda = 0.005311
iter 73: download_copy_time_cuda = 0.001357
iter 73: upload_copy_time_cuda = 0.001374

iter 74: cpu_time_cuda = 0.015506
iter 74: gpu_time_cuda = 0.003593
iter 74: download_copy_time_cuda = 0.001165
iter 74: upload_copy_time_cuda = 0.001168

iter 75: cpu_time_cuda = 0.011616
iter 75: gpu_time_cuda = 0.002263
iter 75: download_copy_time_cuda = 0.000954
iter 75: upload_copy_time_cuda = 0.000972

iter 76: cpu_time_cuda = 0.007774
iter 76: gpu_time_cuda = 0.001339
iter 76: download_copy_time_cuda = 0.000745
iter 76: upload_copy_time_cuda = 0.000761

iter 77: cpu_time_cuda = 0.003869
iter 77: gpu_time_cuda = 0.001030
iter 77: download_copy_time_cuda = 0.000560
iter 77: upload_copy_time_cuda = 0.000566

total_cpu_time_cuda = 11.972993
total_gpu_time_cuda = 28.064213
total_copy_time_cuda = 1.393253
main_loop_time_cuda = 42.979862
20000 20000     ---   (  ---  )    120.26 (  44.35)     ---   
total_time = 50.604081
send out message: 22 3 log
cpu0
2600000
cpu1
2600000
cpu2
2600000
cpu3
2600000
cpu4
2600000
cpu5
2600000
cpu6
2600000
cpu7
2600000
cpu8
2600000
cpu9
2600000
cpu10
2600000
cpu11
2600000
cpu12
2600000
cpu13
2600000
cpu14
2600000
cpu15
2600000
