send out message: 24 37 /home/lchen/MAGMA/magma-1.3.0/results
send out message: 20 26 MAGMA_LU_GPUDVFS.total.pwr
MAGMA 1.3.0
device 0: Tesla K20c, 705.5 MHz clock, 4799.6 MB memory, capability 3.5

Usage: /home/lchen/MAGMA/magma-1.3.0/testing/testing_dgetrf -N <m,n> -c -c2 -l
  -N  can be repeated up to 10 times. If only m is given, then m=n.
  -c  or setting $MAGMA_TESTINGS_CHECK checks result, PA - LU.
  -c2 for square matrices, solves one RHS and checks residual, Ax - b.
  -l  or setting $MAGMA_RUN_LAPACK runs LAPACK.

    M     N   CPU GFlop/s (sec)   GPU GFlop/s (sec)   |PA-LU|/(N*|A|)
=========================================================================
init_time = 0.841171
iter 0: cpu_time_cuda = 0.000000
iter 0: gpu_time_cuda = 0.000000
iter 0: download_copy_time_cuda = 0.000000
iter 0: upload_copy_time_cuda = 0.000506

iter 1: cpu_time_cuda = 0.007739
iter 1: gpu_time_cuda = 0.005558
iter 1: download_copy_time_cuda = 0.000454
iter 1: upload_copy_time_cuda = 0.000481

iter 2: cpu_time_pred = 0.007639
iter 2: gpu_time_pred = 0.005416
!!Border found at iter 1
iter 2: ratio_split_freq = 0.066096
iter 2: cpu_time_cuda = 0.007507
iter 2: gpu_time_cuda = 0.033152
iter 2: download_copy_time_cuda = 0.000451
iter 2: upload_copy_time_cuda = 0.001207

iter 3: cpu_time_pred = 0.007540
iter 3: gpu_time_pred = 0.005276
iter 3: ratio_split_freq = 0.069084
iter 3: cpu_time_cuda = 0.007413
iter 3: gpu_time_cuda = 0.031985
iter 3: download_copy_time_cuda = 0.001104
iter 3: upload_copy_time_cuda = 0.001178

iter 4: cpu_time_pred = 0.007441
iter 4: gpu_time_pred = 0.005139
iter 4: ratio_split_freq = 0.072153
iter 4: cpu_time_cuda = 0.007321
iter 4: gpu_time_cuda = 0.031444
iter 4: download_copy_time_cuda = 0.001089
iter 4: upload_copy_time_cuda = 0.001161

iter 5: cpu_time_pred = 0.007342
iter 5: gpu_time_pred = 0.005002
iter 5: ratio_split_freq = 0.075304
iter 5: cpu_time_cuda = 0.007226
iter 5: gpu_time_cuda = 0.030583
iter 5: download_copy_time_cuda = 0.001075
iter 5: upload_copy_time_cuda = 0.001141

iter 6: cpu_time_pred = 0.007242
iter 6: gpu_time_pred = 0.004868
iter 6: ratio_split_freq = 0.078541
iter 6: cpu_time_cuda = 0.007121
iter 6: gpu_time_cuda = 0.030010
iter 6: download_copy_time_cuda = 0.001066
iter 6: upload_copy_time_cuda = 0.001132

iter 7: cpu_time_pred = 0.007143
iter 7: gpu_time_pred = 0.004736
iter 7: ratio_split_freq = 0.081868
iter 7: cpu_time_cuda = 0.007056
iter 7: gpu_time_cuda = 0.029018
iter 7: download_copy_time_cuda = 0.001049
iter 7: upload_copy_time_cuda = 0.001123

iter 8: cpu_time_pred = 0.007044
iter 8: gpu_time_pred = 0.004605
iter 8: ratio_split_freq = 0.085290
iter 8: cpu_time_cuda = 0.006922
iter 8: gpu_time_cuda = 0.028349
iter 8: download_copy_time_cuda = 0.001036
iter 8: upload_copy_time_cuda = 0.001105

iter 9: cpu_time_pred = 0.006945
iter 9: gpu_time_pred = 0.004476
iter 9: ratio_split_freq = 0.088808
iter 9: cpu_time_cuda = 0.006831
iter 9: gpu_time_cuda = 0.004431
iter 9: download_copy_time_cuda = 0.001020
iter 9: upload_copy_time_cuda = 0.000428

iter 10: cpu_time_pred = 0.006846
iter 10: gpu_time_pred = 0.004349
!!Border found at iter 9
iter 10: ratio_split_freq = 0.092429
iter 10: cpu_time_cuda = 0.006732
iter 10: gpu_time_cuda = 0.007091
iter 10: download_copy_time_cuda = 0.000404
iter 10: upload_copy_time_cuda = 0.000430

iter 11: cpu_time_pred = 0.006746
iter 11: gpu_time_pred = 0.004224
iter 11: ratio_split_freq = 0.096157
iter 11: cpu_time_cuda = 0.006653
iter 11: gpu_time_cuda = 0.006847
iter 11: download_copy_time_cuda = 0.000399
iter 11: upload_copy_time_cuda = 0.000415

iter 12: cpu_time_pred = 0.006647
iter 12: gpu_time_pred = 0.004101
iter 12: ratio_split_freq = 0.099995
iter 12: cpu_time_cuda = 0.006595
iter 12: gpu_time_cuda = 0.006738
iter 12: download_copy_time_cuda = 0.000393
iter 12: upload_copy_time_cuda = 0.000410

iter 13: cpu_time_pred = 0.006548
iter 13: gpu_time_pred = 0.003979
iter 13: ratio_split_freq = 0.103950
iter 13: cpu_time_cuda = 0.006451
iter 13: gpu_time_cuda = 0.006737
iter 13: download_copy_time_cuda = 0.000387
iter 13: upload_copy_time_cuda = 0.000413

iter 14: cpu_time_pred = 0.006449
iter 14: gpu_time_pred = 0.003860
iter 14: ratio_split_freq = 0.108027
iter 14: cpu_time_cuda = 0.006391
iter 14: gpu_time_cuda = 0.006567
iter 14: download_copy_time_cuda = 0.000382
iter 14: upload_copy_time_cuda = 0.000398

iter 15: cpu_time_pred = 0.006350
iter 15: gpu_time_pred = 0.003742
iter 15: ratio_split_freq = 0.112231
iter 15: cpu_time_cuda = 0.006259
iter 15: gpu_time_cuda = 0.006353
iter 15: download_copy_time_cuda = 0.000375
iter 15: upload_copy_time_cuda = 0.000404

iter 16: cpu_time_pred = 0.006250
iter 16: gpu_time_pred = 0.003626
iter 16: ratio_split_freq = 0.116568
iter 16: cpu_time_cuda = 0.006111
iter 16: gpu_time_cuda = 0.006539
iter 16: download_copy_time_cuda = 0.000370
iter 16: upload_copy_time_cuda = 0.000393

iter 17: cpu_time_pred = 0.006151
iter 17: gpu_time_pred = 0.003512
iter 17: ratio_split_freq = 0.121046
iter 17: cpu_time_cuda = 0.006010
iter 17: gpu_time_cuda = 0.006264
iter 17: download_copy_time_cuda = 0.000364
iter 17: upload_copy_time_cuda = 0.000380

iter 18: cpu_time_pred = 0.006052
iter 18: gpu_time_pred = 0.003399
iter 18: ratio_split_freq = 0.125670
iter 18: cpu_time_cuda = 0.005923
iter 18: gpu_time_cuda = 0.006212
iter 18: download_copy_time_cuda = 0.000360
iter 18: upload_copy_time_cuda = 0.000390

iter 19: cpu_time_pred = 0.005953
iter 19: gpu_time_pred = 0.003289
iter 19: ratio_split_freq = 0.130448
iter 19: cpu_time_cuda = 0.005822
iter 19: gpu_time_cuda = 0.006114
iter 19: download_copy_time_cuda = 0.000355
iter 19: upload_copy_time_cuda = 0.000377

iter 20: cpu_time_pred = 0.005854
iter 20: gpu_time_pred = 0.003180
iter 20: ratio_split_freq = 0.135389
iter 20: cpu_time_cuda = 0.005738
iter 20: gpu_time_cuda = 0.006088
iter 20: download_copy_time_cuda = 0.000348
iter 20: upload_copy_time_cuda = 0.000363

iter 21: cpu_time_pred = 0.005754
iter 21: gpu_time_pred = 0.003073
iter 21: ratio_split_freq = 0.140499
iter 21: cpu_time_cuda = 0.005628
iter 21: gpu_time_cuda = 0.005834
iter 21: download_copy_time_cuda = 0.000343
iter 21: upload_copy_time_cuda = 0.000366

iter 22: cpu_time_pred = 0.005655
iter 22: gpu_time_pred = 0.002968
iter 22: ratio_split_freq = 0.145789
iter 22: cpu_time_cuda = 0.005539
iter 22: gpu_time_cuda = 0.005789
iter 22: download_copy_time_cuda = 0.000338
iter 22: upload_copy_time_cuda = 0.000360

iter 23: cpu_time_pred = 0.005556
iter 23: gpu_time_pred = 0.002865
iter 23: ratio_split_freq = 0.151268
iter 23: cpu_time_cuda = 0.005437
iter 23: gpu_time_cuda = 0.005677
iter 23: download_copy_time_cuda = 0.000333
iter 23: upload_copy_time_cuda = 0.000348

iter 24: cpu_time_pred = 0.005457
iter 24: gpu_time_pred = 0.002763
iter 24: ratio_split_freq = 0.156946
iter 24: cpu_time_cuda = 0.005344
iter 24: gpu_time_cuda = 0.005626
iter 24: download_copy_time_cuda = 0.000326
iter 24: upload_copy_time_cuda = 0.000341

iter 25: cpu_time_pred = 0.005357
iter 25: gpu_time_pred = 0.002664
iter 25: ratio_split_freq = 0.162835
iter 25: cpu_time_cuda = 0.005249
iter 25: gpu_time_cuda = 0.005533
iter 25: download_copy_time_cuda = 0.000321
iter 25: upload_copy_time_cuda = 0.000340

iter 26: cpu_time_pred = 0.005258
iter 26: gpu_time_pred = 0.002566
iter 26: ratio_split_freq = 0.168946
iter 26: cpu_time_cuda = 0.005152
iter 26: gpu_time_cuda = 0.005545
iter 26: download_copy_time_cuda = 0.000314
iter 26: upload_copy_time_cuda = 0.000337

iter 27: cpu_time_pred = 0.005159
iter 27: gpu_time_pred = 0.002470
iter 27: ratio_split_freq = 0.175291
iter 27: cpu_time_cuda = 0.005063
iter 27: gpu_time_cuda = 0.005315
iter 27: download_copy_time_cuda = 0.000309
iter 27: upload_copy_time_cuda = 0.000324

iter 28: cpu_time_pred = 0.005060
iter 28: gpu_time_pred = 0.002376
iter 28: ratio_split_freq = 0.181886
iter 28: cpu_time_cuda = 0.004971
iter 28: gpu_time_cuda = 0.005217
iter 28: download_copy_time_cuda = 0.000304
iter 28: upload_copy_time_cuda = 0.000319

iter 29: cpu_time_pred = 0.004961
iter 29: gpu_time_pred = 0.002284
iter 29: ratio_split_freq = 0.188744
iter 29: cpu_time_cuda = 0.004867
iter 29: gpu_time_cuda = 0.005158
iter 29: download_copy_time_cuda = 0.000298
iter 29: upload_copy_time_cuda = 0.000311

iter 30: cpu_time_pred = 0.004861
iter 30: gpu_time_pred = 0.002193
iter 30: ratio_split_freq = 0.195882
iter 30: cpu_time_cuda = 0.004769
iter 30: gpu_time_cuda = 0.005059
iter 30: download_copy_time_cuda = 0.000293
iter 30: upload_copy_time_cuda = 0.000306

iter 31: cpu_time_pred = 0.004762
iter 31: gpu_time_pred = 0.002105
iter 31: ratio_split_freq = 0.203318
iter 31: cpu_time_cuda = 0.004677
iter 31: gpu_time_cuda = 0.004982
iter 31: download_copy_time_cuda = 0.000287
iter 31: upload_copy_time_cuda = 0.000299

iter 32: cpu_time_pred = 0.004663
iter 32: gpu_time_pred = 0.002018
iter 32: ratio_split_freq = 0.211070
iter 32: cpu_time_cuda = 0.004620
iter 32: gpu_time_cuda = 0.004888
iter 32: download_copy_time_cuda = 0.000281
iter 32: upload_copy_time_cuda = 0.000294

iter 33: cpu_time_pred = 0.004564
iter 33: gpu_time_pred = 0.001933
iter 33: ratio_split_freq = 0.219159
iter 33: cpu_time_cuda = 0.004495
iter 33: gpu_time_cuda = 0.004759
iter 33: download_copy_time_cuda = 0.000277
iter 33: upload_copy_time_cuda = 0.000288

iter 34: cpu_time_pred = 0.004465
iter 34: gpu_time_pred = 0.001850
iter 34: ratio_split_freq = 0.227608
iter 34: cpu_time_cuda = 0.004397
iter 34: gpu_time_cuda = 0.004706
iter 34: download_copy_time_cuda = 0.000270
iter 34: upload_copy_time_cuda = 0.000283

iter 35: cpu_time_pred = 0.004365
iter 35: gpu_time_pred = 0.001769
iter 35: ratio_split_freq = 0.236441
iter 35: cpu_time_cuda = 0.004309
iter 35: gpu_time_cuda = 0.004579
iter 35: download_copy_time_cuda = 0.000266
iter 35: upload_copy_time_cuda = 0.000277

iter 36: cpu_time_pred = 0.004266
iter 36: gpu_time_pred = 0.001689
iter 36: ratio_split_freq = 0.245684
iter 36: cpu_time_cuda = 0.004269
iter 36: gpu_time_cuda = 0.004490
iter 36: download_copy_time_cuda = 0.000261
iter 36: upload_copy_time_cuda = 0.000278

iter 37: cpu_time_pred = 0.004167
iter 37: gpu_time_pred = 0.001611
iter 37: ratio_split_freq = 0.255368
iter 37: cpu_time_cuda = 0.004086
iter 37: gpu_time_cuda = 0.004375
iter 37: download_copy_time_cuda = 0.000254
iter 37: upload_copy_time_cuda = 0.000272

iter 38: cpu_time_pred = 0.004068
iter 38: gpu_time_pred = 0.001536
iter 38: ratio_split_freq = 0.265524
iter 38: cpu_time_cuda = 0.003987
iter 38: gpu_time_cuda = 0.004294
iter 38: download_copy_time_cuda = 0.000249
iter 38: upload_copy_time_cuda = 0.000259

iter 39: cpu_time_pred = 0.003968
iter 39: gpu_time_pred = 0.001462
iter 39: ratio_split_freq = 0.276188
iter 39: cpu_time_cuda = 0.003898
iter 39: gpu_time_cuda = 0.006006
iter 39: download_copy_time_cuda = 0.000244
iter 39: upload_copy_time_cuda = 0.000258

iter 40: cpu_time_pred = 0.003869
iter 40: gpu_time_pred = 0.001389
iter 40: ratio_split_freq = 0.287398
iter 40: cpu_time_cuda = 0.003796
iter 40: gpu_time_cuda = 0.006266
iter 40: download_copy_time_cuda = 0.000238
iter 40: upload_copy_time_cuda = 0.000253

iter 41: cpu_time_pred = 0.003770
iter 41: gpu_time_pred = 0.001319
iter 41: ratio_split_freq = 0.299199
iter 41: cpu_time_cuda = 0.003726
iter 41: gpu_time_cuda = 0.008327
iter 41: download_copy_time_cuda = 0.000232
iter 41: upload_copy_time_cuda = 0.000572

iter 42: cpu_time_pred = 0.003671
iter 42: gpu_time_pred = 0.001251
iter 42: ratio_split_freq = 0.311638
iter 42: cpu_time_cuda = 0.003617
iter 42: gpu_time_cuda = 0.008106
iter 42: download_copy_time_cuda = 0.000514
iter 42: upload_copy_time_cuda = 0.000564

iter 43: cpu_time_pred = 0.003572
iter 43: gpu_time_pred = 0.001184
iter 43: ratio_split_freq = 0.324768
iter 43: cpu_time_cuda = 0.003516
iter 43: gpu_time_cuda = 0.007506
iter 43: download_copy_time_cuda = 0.000505
iter 43: upload_copy_time_cuda = 0.000546

iter 44: cpu_time_pred = 0.003472
iter 44: gpu_time_pred = 0.001119
iter 44: ratio_split_freq = 0.338648
iter 44: cpu_time_cuda = 0.003420
iter 44: gpu_time_cuda = 0.007169
iter 44: download_copy_time_cuda = 0.000479
iter 44: upload_copy_time_cuda = 0.000528

iter 45: cpu_time_pred = 0.003373
iter 45: gpu_time_pred = 0.001056
iter 45: ratio_split_freq = 0.353344
iter 45: cpu_time_cuda = 0.003333
iter 45: gpu_time_cuda = 0.006695
iter 45: download_copy_time_cuda = 0.000463
iter 45: upload_copy_time_cuda = 0.000507

iter 46: cpu_time_pred = 0.003274
iter 46: gpu_time_pred = 0.000995
iter 46: ratio_split_freq = 0.368931
iter 46: cpu_time_cuda = 0.003243
iter 46: gpu_time_cuda = 0.006375
iter 46: download_copy_time_cuda = 0.000447
iter 46: upload_copy_time_cuda = 0.000501

iter 47: cpu_time_pred = 0.003175
iter 47: gpu_time_pred = 0.000935
iter 47: ratio_split_freq = 0.385492
iter 47: cpu_time_cuda = 0.003144
iter 47: gpu_time_cuda = 0.005985
iter 47: download_copy_time_cuda = 0.000441
iter 47: upload_copy_time_cuda = 0.000472

iter 48: cpu_time_pred = 0.003076
iter 48: gpu_time_pred = 0.000878
iter 48: ratio_split_freq = 0.403122
iter 48: cpu_time_cuda = 0.003039
iter 48: gpu_time_cuda = 0.005711
iter 48: download_copy_time_cuda = 0.000414
iter 48: upload_copy_time_cuda = 0.000462

iter 49: cpu_time_pred = 0.002976
iter 49: gpu_time_pred = 0.000822
iter 49: ratio_split_freq = 0.421927
iter 49: cpu_time_cuda = 0.002963
iter 49: gpu_time_cuda = 0.005266
iter 49: download_copy_time_cuda = 0.000415
iter 49: upload_copy_time_cuda = 0.000445

iter 50: cpu_time_pred = 0.002877
iter 50: gpu_time_pred = 0.000768
iter 50: ratio_split_freq = 0.442029
iter 50: cpu_time_cuda = 0.002868
iter 50: gpu_time_cuda = 0.005003
iter 50: download_copy_time_cuda = 0.000387
iter 50: upload_copy_time_cuda = 0.000426

iter 51: cpu_time_pred = 0.002778
iter 51: gpu_time_pred = 0.000716
iter 51: ratio_split_freq = 0.463567
iter 51: cpu_time_cuda = 0.002823
iter 51: gpu_time_cuda = 0.004684
iter 51: download_copy_time_cuda = 0.000366
iter 51: upload_copy_time_cuda = 0.000410

iter 52: cpu_time_pred = 0.002679
iter 52: gpu_time_pred = 0.000666
iter 52: ratio_split_freq = 0.486700
iter 52: cpu_time_cuda = 0.002687
iter 52: gpu_time_cuda = 0.004354
iter 52: download_copy_time_cuda = 0.000357
iter 52: upload_copy_time_cuda = 0.000396

iter 53: cpu_time_pred = 0.002580
iter 53: gpu_time_pred = 0.000618
iter 53: ratio_split_freq = 0.511613
iter 53: cpu_time_cuda = 0.002576
iter 53: gpu_time_cuda = 0.003967
iter 53: download_copy_time_cuda = 0.000340
iter 53: upload_copy_time_cuda = 0.000380

iter 54: cpu_time_pred = 0.002480
iter 54: gpu_time_pred = 0.000571
iter 54: ratio_split_freq = 0.538519
iter 54: cpu_time_cuda = 0.002485
iter 54: gpu_time_cuda = 0.003777
iter 54: download_copy_time_cuda = 0.000328
iter 54: upload_copy_time_cuda = 0.000367

iter 55: cpu_time_pred = 0.002381
iter 55: gpu_time_pred = 0.000526
iter 55: ratio_split_freq = 0.567667
iter 55: cpu_time_cuda = 0.002396
iter 55: gpu_time_cuda = 0.003464
iter 55: download_copy_time_cuda = 0.000315
iter 55: upload_copy_time_cuda = 0.000353

iter 56: cpu_time_pred = 0.002282
iter 56: gpu_time_pred = 0.000483
iter 56: ratio_split_freq = 0.599349
iter 56: cpu_time_cuda = 0.002310
iter 56: gpu_time_cuda = 0.003232
iter 56: download_copy_time_cuda = 0.000303
iter 56: upload_copy_time_cuda = 0.000335

iter 57: cpu_time_pred = 0.002183
iter 57: gpu_time_pred = 0.000442
iter 57: ratio_split_freq = 0.633912
iter 57: cpu_time_cuda = 0.002210
iter 57: gpu_time_cuda = 0.002884
iter 57: download_copy_time_cuda = 0.000289
iter 57: upload_copy_time_cuda = 0.000326

iter 58: cpu_time_pred = 0.002083
iter 58: gpu_time_pred = 0.000403
iter 58: ratio_split_freq = 0.671766
iter 58: cpu_time_cuda = 0.002110
iter 58: gpu_time_cuda = 0.002694
iter 58: download_copy_time_cuda = 0.000277
iter 58: upload_copy_time_cuda = 0.000307

iter 59: cpu_time_pred = 0.001984
iter 59: gpu_time_pred = 0.000365
iter 59: ratio_split_freq = 0.713406
iter 59: cpu_time_cuda = 0.001975
iter 59: gpu_time_cuda = 0.002406
iter 59: download_copy_time_cuda = 0.000265
iter 59: upload_copy_time_cuda = 0.000290

iter 60: cpu_time_pred = 0.001885
iter 60: gpu_time_pred = 0.000330
iter 60: ratio_split_freq = 0.759429
iter 60: cpu_time_cuda = 0.001886
iter 60: gpu_time_cuda = 0.002269
iter 60: download_copy_time_cuda = 0.000254
iter 60: upload_copy_time_cuda = 0.000276

iter 61: cpu_time_pred = 0.001786
iter 61: gpu_time_pred = 0.000296
iter 61: ratio_split_freq = 0.810566
iter 61: cpu_time_cuda = 0.001794
iter 61: gpu_time_cuda = 0.002007
iter 61: download_copy_time_cuda = 0.000242
iter 61: upload_copy_time_cuda = 0.000261

iter 62: cpu_time_pred = 0.001687
iter 62: gpu_time_pred = 0.000264
iter 62: ratio_split_freq = 0.867718
iter 62: cpu_time_cuda = 0.001692
iter 62: gpu_time_cuda = 0.001821
iter 62: download_copy_time_cuda = 0.000229
iter 62: upload_copy_time_cuda = 0.000249

iter 63: cpu_time_pred = 0.001587
iter 63: gpu_time_pred = 0.000234
iter 63: ratio_split_freq = 0.932015
iter 63: cpu_time_cuda = 0.001589
iter 63: gpu_time_cuda = 0.001620
iter 63: download_copy_time_cuda = 0.000218
iter 63: upload_copy_time_cuda = 0.000235

iter 64: cpu_time_pred = 0.001488
iter 64: gpu_time_pred = 0.000206
iter 64: ratio_split_freq = 1.004885
iter 64: cpu_time_cuda = 0.006349
iter 64: gpu_time_cuda = 0.001463
iter 64: download_copy_time_cuda = 0.000207
iter 64: upload_copy_time_cuda = 0.000108

iter 65: cpu_time_pred = 0.001389
iter 65: gpu_time_pred = 0.000179
!!Border found at iter 64
iter 65: ratio_split_freq = 1.088165
iter 65: cpu_time_cuda = 0.006180
iter 65: gpu_time_cuda = 0.001292
iter 65: download_copy_time_cuda = 0.000103
iter 65: upload_copy_time_cuda = 0.000106

iter 66: cpu_time_pred = 0.001290
iter 66: gpu_time_pred = 0.000154
!!Border found at iter 65
iter 66: ratio_split_freq = 1.184257
iter 66: cpu_time_cuda = 0.006669
iter 66: gpu_time_cuda = 0.001161
iter 66: download_copy_time_cuda = 0.000098
iter 66: upload_copy_time_cuda = 0.000101

iter 67: cpu_time_pred = 0.001191
iter 67: gpu_time_pred = 0.000132
!!Border found at iter 66
iter 67: ratio_split_freq = 1.296364
iter 67: cpu_time_cuda = 0.006010
iter 67: gpu_time_cuda = 0.000938
iter 67: download_copy_time_cuda = 0.000091
iter 67: upload_copy_time_cuda = 0.000095

iter 68: cpu_time_pred = 0.001091
iter 68: gpu_time_pred = 0.000111
!!Border found at iter 67
iter 68: ratio_split_freq = 1.428854
iter 68: cpu_time_cuda = 0.005957
iter 68: gpu_time_cuda = 0.000871
iter 68: download_copy_time_cuda = 0.000086
iter 68: upload_copy_time_cuda = 0.000092

iter 69: cpu_time_pred = 0.000992
iter 69: gpu_time_pred = 0.000091
!!Border found at iter 68
iter 69: ratio_split_freq = 1.587843
iter 69: cpu_time_cuda = 0.005913
iter 69: gpu_time_cuda = 0.000759
iter 69: download_copy_time_cuda = 0.000081
iter 69: upload_copy_time_cuda = 0.000085

iter 70: cpu_time_pred = 0.000893
iter 70: gpu_time_pred = 0.000074
!!Border found at iter 69
iter 70: ratio_split_freq = 1.782162
iter 70: cpu_time_cuda = 0.005781
iter 70: gpu_time_cuda = 0.000625
iter 70: download_copy_time_cuda = 0.000076
iter 70: upload_copy_time_cuda = 0.000079

iter 71: cpu_time_pred = 0.000794
iter 71: gpu_time_pred = 0.000058
!!Border found at iter 70
iter 71: ratio_split_freq = 2.025061
iter 71: cpu_time_cuda = 0.005686
iter 71: gpu_time_cuda = 0.000534
iter 71: download_copy_time_cuda = 0.000071
iter 71: upload_copy_time_cuda = 0.000075

iter 72: cpu_time_pred = 0.000694
iter 72: gpu_time_pred = 0.000045
!!Border found at iter 71
iter 72: ratio_split_freq = 2.337360
iter 72: cpu_time_cuda = 0.005514
iter 72: gpu_time_cuda = 0.000449
iter 72: download_copy_time_cuda = 0.000066
iter 72: upload_copy_time_cuda = 0.000068

iter 73: cpu_time_pred = 0.000595
iter 73: gpu_time_pred = 0.000033
!!Border found at iter 72
iter 73: ratio_split_freq = 2.753758
iter 73: cpu_time_cuda = 0.005582
iter 73: gpu_time_cuda = 0.000286
iter 73: download_copy_time_cuda = 0.000059
iter 73: upload_copy_time_cuda = 0.000063

iter 74: cpu_time_pred = 0.000496
iter 74: gpu_time_pred = 0.000023
!!Border found at iter 73
iter 74: ratio_split_freq = 3.336716
iter 74: cpu_time_cuda = 0.005413
iter 74: gpu_time_cuda = 0.000235
iter 74: download_copy_time_cuda = 0.000056
iter 74: upload_copy_time_cuda = 0.000058

iter 75: cpu_time_pred = 0.000397
iter 75: gpu_time_pred = 0.000015
!!Border found at iter 74
iter 75: ratio_split_freq = 4.211153
iter 75: cpu_time_cuda = 0.005419
iter 75: gpu_time_cuda = 0.000185
iter 75: download_copy_time_cuda = 0.000050
iter 75: upload_copy_time_cuda = 0.000052

iter 76: cpu_time_pred = 0.000298
iter 76: gpu_time_pred = 0.000008
!!Border found at iter 75
iter 76: ratio_split_freq = 5.668547
iter 76: cpu_time_cuda = 0.014387
iter 76: gpu_time_cuda = 0.000159
iter 76: download_copy_time_cuda = 0.000046
iter 76: upload_copy_time_cuda = 0.000049

iter 77: cpu_time_pred = 0.000198
iter 77: gpu_time_pred = 0.000004
!!Border found at iter 76
iter 77: ratio_split_freq = 8.583336
iter 77: cpu_time_cuda = 0.005130
iter 77: gpu_time_cuda = 0.000141
iter 77: download_copy_time_cuda = 0.000041
iter 77: upload_copy_time_cuda = 0.000045

iter 78: cpu_time_pred = 0.000099
iter 78: gpu_time_pred = 0.000001
!!Border found at iter 77
iter 78: ratio_split_freq = 17.327703
iter 78: cpu_time_cuda = 0.000268
iter 78: gpu_time_cuda = 0.000137
iter 78: download_copy_time_cuda = 0.000039
iter 78: upload_copy_time_cuda = 0.000042

iter 79: cpu_time_pred = 0.000000
iter 79: gpu_time_pred = 0.000000
!!Border found at iter 78
iter 79: ratio_split_freq = -nan
iter 79: cpu_time_cuda = 0.000157
iter 79: gpu_time_cuda = 0.000003
iter 79: download_copy_time_cuda = 0.000037
iter 79: upload_copy_time_cuda = 0.000071

total_cpu_time_cuda = 0.380194
total_gpu_time_cuda = 0.514736
total_copy_time_cuda = 0.057916
main_loop_time_cuda = 1.304761
Normalized difference of predicted CPU runtime per iteration is: -16.207998%
Normalized difference of predicted GPU runtime per iteration is: -70.175433%
Normalized difference of predicted slack per iteration is: -594.544365%
 5120  5120     ---   (  ---  )     62.17 (   1.44)     ---   
total_time = 2.286965
1.83user 0.74system 0:03.55elapsed 72%CPU (0avgtext+0avgdata 358800maxresident)k
4512inputs+0outputs (1major+71721minor)pagefaults 0swaps
send out message: 22 3 log
