cpu0
2600000
cpu1
2600000
cpu2
2600000
cpu3
2600000
cpu4
2600000
cpu5
2600000
cpu6
2600000
cpu7
2600000
cpu8
2600000
cpu9
2600000
cpu10
2600000
cpu11
2600000
cpu12
2600000
cpu13
2600000
cpu14
2600000
cpu15
2600000
send out message: 24 37 /home/lchen/MAGMA/magma-1.3.0/results
send out message: 20 26 MAGMA_LU_GPUDVFS.total.pwr
MAGMA 1.3.0
device 0: Tesla K20c, 705.5 MHz clock, 4799.6 MB memory, capability 3.5

Usage: /home/lchen/MAGMA/magma-1.3.0/testing/testing_dgetrf -N <m,n> -c -c2 -l
  -N  can be repeated up to 10 times. If only m is given, then m=n.
  -c  or setting $MAGMA_TESTINGS_CHECK checks result, PA - LU.
  -c2 for square matrices, solves one RHS and checks residual, Ax - b.
  -l  or setting $MAGMA_RUN_LAPACK runs LAPACK.

    M     N   CPU GFlop/s (sec)   GPU GFlop/s (sec)   |PA-LU|/(N*|A|)
=========================================================================
init_time = 7.334324
TX256TXiter2: 0.210953TX0.357263
iter3: 0.210953TX0.357263
iter4: 0.210953TX0.357263
iter5: 0.210953TX0.357263
iter6: 0.210953TX0.357263
iter7: 0.210953TX0.357263
iter8: 0.210953TX0.357263
iter9: 0.210953TX0.357263
iter10: 0.210953TX0.357263
iter11: 0.210953TX0.357263
iter12: 0.210953TX0.357263
iter13: 0.210953TX0.357263
iter14: 0.210953TX0.357263
iter15: 0.210953TX0.357263
iter16: 0.210953TX0.357263
iter17: 0.210953TX0.357263
iter18: 0.210953TX0.357263
iter19: 0.210953TX0.357263
iter20: 0.210953TX0.357263
iter21: 0.210953TX0.357263
iter22: 0.210953TX0.357263
iter23: 0.210953TX0.357263
iter24: 0.210953TX0.357263
iter25: 0.210953TX0.357263
iter26: 0.210953TX0.357263
iter27: 0.210953TX0.357263
iter28: 0.210953TX0.357263
iter29: 0.210953TX0.357263
iter30: 0.210953TX0.357263
iter31: 0.210953TX0.357263
iter32: 0.210953TX0.357263
iter33: 0.210953TX0.357263
iter34: 0.210953TX0.357263
iter35: 0.210953TX0.357263
iter36: 0.210953TX0.357263
iter37: 0.210953TX0.357263
iter38: 0.210953TX0.357263
iter39: 0.210953TX0.357263
iter40: 0.210953TX0.357263
iter41: 0.210953TX0.357263
iter42: 0.210953TX0.357263
iter43: 0.210953TX0.357263
iter44: 0.210953TX0.357263
iter45: 0.210953TX0.357263
iter46: 0.210953TX0.357263
iter47: 0.210953TX0.357263
iter48: 0.210953TX0.357263
iter49: 0.210953TX0.357263
iter50: 0.210953TX0.357263
iter51: 0.210953TX0.357263
iter52: 0.210953TX0.357263
iter53: 0.210953TX0.357263
iter54: 0.210953TX0.357263
iter55: 0.210953TX0.357263
iter56: 0.210953TX0.357263
iter57: 0.210953TX0.357263
iter58: 0.210953TX0.357263
iter59: 0.210953TX0.357263
iter60: 0.210953TX0.357263
iter61: 0.210953TX0.357263
iter62: 0.210953TX0.357263
iter63: 0.210953TX0.357263
iter64: 0.210953TX0.357263
iter65: 0.210953TX0.357263
iter66: 0.210953TX0.357263
iter67: 0.210953TX0.357263
iter68: 0.210953TX0.357263
iter69: 0.210953TX0.357263
iter70: 0.210953TX0.357263
iter71: 0.210953TX0.357263
iter72: 0.210953TX0.357263
iter73: 0.210953TX0.357263
iter74: 0.210953TX0.357263
iter75: 0.210953TX0.357263
iter76: 0.210953TX0.357263
iter77: 0.210953TX0.357263
20000 20000     ---   (  ---  )    329.31 (  16.19)     ---   
total_time = 23.532966
send out message: 22 3 log
cpu0
2600000
cpu1
2600000
cpu2
2600000
cpu3
2600000
cpu4
2600000
cpu5
2600000
cpu6
2600000
cpu7
2600000
cpu8
2600000
cpu9
2600000
cpu10
2600000
cpu11
2600000
cpu12
2600000
cpu13
2600000
cpu14
2600000
cpu15
2600000
