sandy
cpu0
ssh sandy 2600000
2600000
cpu1
ssh sandy 2600000
2600000
cpu2
ssh sandy 2600000
2600000
cpu3
ssh sandy 2600000
2600000
cpu4
ssh sandy 2600000
2600000
cpu5
ssh sandy 2600000
2600000
cpu6
ssh sandy 2600000
2600000
cpu7
ssh sandy 2600000
2600000
cpu8
ssh sandy 2600000
2600000
cpu9
ssh sandy 2600000
2600000
cpu10
ssh sandy 2600000
2600000
cpu11
ssh sandy 2600000
2600000
cpu12
ssh sandy 2600000
2600000
cpu13
ssh sandy 2600000
2600000
cpu14
ssh sandy 2600000
2600000
cpu15
ssh sandy 2600000
2600000
send out message: 24 37 /home/lchen/MAGMA/magma-1.3.0/results
send out message: 20 26 MAGMA_LU_GPUDVFS.total.pwr
terminate called after throwing an instance of 'MSRException'
  what():  std::exception
/home/lchen/MAGMA/magma-1.3.0/testing/testing_dgetrf: error while loading shared libraries: libcublas.so.5.0: cannot open shared object file: No such file or directory
0.00user 0.00system 0:00.00elapsed 25%CPU (0avgtext+0avgdata 656maxresident)k
0inputs+0outputs (0major+54minor)pagefaults 0swaps
send out message: 22 3 log
sandy
cpu0
ssh sandy 2600000
2600000
cpu1
ssh sandy 2600000
2600000
cpu2
ssh sandy 2600000
2600000
cpu3
ssh sandy 2600000
2600000
cpu4
ssh sandy 2600000
2600000
cpu5
ssh sandy 2600000
2600000
cpu6
ssh sandy 2600000
2600000
cpu7
ssh sandy 2600000
2600000
cpu8
ssh sandy 2600000
2600000
cpu9
ssh sandy 2600000
2600000
cpu10
ssh sandy 2600000
2600000
cpu11
ssh sandy 2600000
2600000
cpu12
ssh sandy 2600000
2600000
cpu13
ssh sandy 2600000
2600000
cpu14
ssh sandy 2600000
2600000
cpu15
ssh sandy 2600000
2600000
