send out message: 24 37 /home/lchen/MAGMA/magma-1.3.0/results
send out message: 20 26 MAGMA_LU_GPUDVFS.total.pwr
MAGMA 1.3.0
device 0: Tesla K20c, 705.5 MHz clock, 4799.6 MB memory, capability 3.5

Usage: /home/lchen/MAGMA/magma-1.3.0/testing/testing_dgetrf -N <m,n> -c -c2 -l
  -N  can be repeated up to 10 times. If only m is given, then m=n.
  -c  or setting $MAGMA_TESTINGS_CHECK checks result, PA - LU.
  -c2 for square matrices, solves one RHS and checks residual, Ax - b.
  -l  or setting $MAGMA_RUN_LAPACK runs LAPACK.

    M     N   CPU GFlop/s (sec)   GPU GFlop/s (sec)   |PA-LU|/(N*|A|)
=========================================================================
init_time = 13.675176
iter 0: cpu_time_cuda = 0.000000
iter 0: gpu_time_cuda = 88599875326836736.000000
iter 0: download_copy_time_cuda = 0.000000
iter 0: upload_copy_time_cuda = 0.001989

iter 1: cpu_time_cuda = 0.041590
iter 1: gpu_time_cuda = 0.085564
iter 1: download_copy_time_cuda = 0.020034
iter 1: upload_copy_time_cuda = 0.002013

iter 2: cpu_time_cuda = 0.041429
iter 2: gpu_time_cuda = 0.085864
iter 2: download_copy_time_cuda = 0.002399
iter 2: upload_copy_time_cuda = 0.002009

iter 3: cpu_time_cuda = 0.041498
iter 3: gpu_time_cuda = 0.095000
iter 3: download_copy_time_cuda = 0.005407
iter 3: upload_copy_time_cuda = 0.001961

iter 4: cpu_time_cuda = 0.041229
iter 4: gpu_time_cuda = 0.084483
iter 4: download_copy_time_cuda = 0.023416
iter 4: upload_copy_time_cuda = 0.001997

iter 5: cpu_time_cuda = 0.041173
iter 5: gpu_time_cuda = 0.083631
iter 5: download_copy_time_cuda = 0.019299
iter 5: upload_copy_time_cuda = 0.001986

iter 6: cpu_time_cuda = 0.041122
iter 6: gpu_time_cuda = 0.092460
iter 6: download_copy_time_cuda = 0.002331
iter 6: upload_copy_time_cuda = 0.001943

iter 7: cpu_time_cuda = 0.040945
iter 7: gpu_time_cuda = 0.083254
iter 7: download_copy_time_cuda = 0.019111
iter 7: upload_copy_time_cuda = 0.001978

iter 8: cpu_time_cuda = 0.041226
iter 8: gpu_time_cuda = 0.083131
iter 8: download_copy_time_cuda = 0.004721
iter 8: upload_copy_time_cuda = 0.001968

iter 9: cpu_time_cuda = 0.041182
iter 9: gpu_time_cuda = 0.089922
iter 9: download_copy_time_cuda = 0.023650
iter 9: upload_copy_time_cuda = 0.001961

iter 10: cpu_time_cuda = 0.041240
iter 10: gpu_time_cuda = 0.082432
iter 10: download_copy_time_cuda = 0.022784
iter 10: upload_copy_time_cuda = 0.001910

iter 11: cpu_time_cuda = 0.041044
iter 11: gpu_time_cuda = 0.080721
iter 11: download_copy_time_cuda = 0.002640
iter 11: upload_copy_time_cuda = 0.001909

iter 12: cpu_time_cuda = 0.040885
iter 12: gpu_time_cuda = 0.080553
iter 12: download_copy_time_cuda = 0.002580
iter 12: upload_copy_time_cuda = 0.001905

iter 13: cpu_time_cuda = 0.041085
iter 13: gpu_time_cuda = 0.087620
iter 13: download_copy_time_cuda = 0.009466
iter 13: upload_copy_time_cuda = 0.001895

iter 14: cpu_time_cuda = 0.040641
iter 14: gpu_time_cuda = 0.079597
iter 14: download_copy_time_cuda = 0.024644
iter 14: upload_copy_time_cuda = 0.001891

iter 15: cpu_time_cuda = 0.040605
iter 15: gpu_time_cuda = 0.078687
iter 15: download_copy_time_cuda = 0.018884
iter 15: upload_copy_time_cuda = 0.001879

iter 16: cpu_time_cuda = 0.040446
iter 16: gpu_time_cuda = 0.086721
iter 16: download_copy_time_cuda = 0.018451
iter 16: upload_copy_time_cuda = 0.001875

iter 17: cpu_time_cuda = 0.043705
iter 17: gpu_time_cuda = 0.078152
iter 17: download_copy_time_cuda = 0.020288
iter 17: upload_copy_time_cuda = 0.001927

iter 18: cpu_time_cuda = 0.040363
iter 18: gpu_time_cuda = 0.077434
iter 18: download_copy_time_cuda = 0.014907
iter 18: upload_copy_time_cuda = 0.001865

iter 19: cpu_time_cuda = 0.040176
iter 19: gpu_time_cuda = 0.076332
iter 19: download_copy_time_cuda = 0.014502
iter 19: upload_copy_time_cuda = 0.001857

iter 20: cpu_time_cuda = 0.043578
iter 20: gpu_time_cuda = 0.084930
iter 20: download_copy_time_cuda = 0.010023
iter 20: upload_copy_time_cuda = 0.001895

iter 21: cpu_time_cuda = 0.041151
iter 21: gpu_time_cuda = 0.075472
iter 21: download_copy_time_cuda = 0.019820
iter 21: upload_copy_time_cuda = 0.001848

iter 22: cpu_time_cuda = 0.039892
iter 22: gpu_time_cuda = 0.075747
iter 22: download_copy_time_cuda = 0.015277
iter 22: upload_copy_time_cuda = 0.001859

iter 23: cpu_time_cuda = 0.040000
iter 23: gpu_time_cuda = 0.074858
iter 23: download_copy_time_cuda = 0.019643
iter 23: upload_copy_time_cuda = 0.001882

iter 24: cpu_time_cuda = 0.043901
iter 24: gpu_time_cuda = 0.084047
iter 24: download_copy_time_cuda = 0.016822
iter 24: upload_copy_time_cuda = 0.001858

iter 25: cpu_time_cuda = 0.039570
iter 25: gpu_time_cuda = 0.073640
iter 25: download_copy_time_cuda = 0.013344
iter 25: upload_copy_time_cuda = 0.001822

iter 26: cpu_time_cuda = 0.039460
iter 26: gpu_time_cuda = 0.073539
iter 26: download_copy_time_cuda = 0.016742
iter 26: upload_copy_time_cuda = 0.001815

iter 27: cpu_time_cuda = 0.039370
iter 27: gpu_time_cuda = 0.072494
iter 27: download_copy_time_cuda = 0.017274
iter 27: upload_copy_time_cuda = 0.001807

iter 28: cpu_time_cuda = 0.039281
iter 28: gpu_time_cuda = 0.072853
iter 28: download_copy_time_cuda = 0.019654
iter 28: upload_copy_time_cuda = 0.001804

iter 29: cpu_time_cuda = 0.046273
iter 29: gpu_time_cuda = 0.079733
iter 29: download_copy_time_cuda = 0.006975
iter 29: upload_copy_time_cuda = 0.001841

iter 30: cpu_time_cuda = 0.042476
iter 30: gpu_time_cuda = 0.071467
iter 30: download_copy_time_cuda = 0.002133
iter 30: upload_copy_time_cuda = 0.001803

iter 31: cpu_time_cuda = 0.038960
iter 31: gpu_time_cuda = 0.070979
iter 31: download_copy_time_cuda = 0.009698
iter 31: upload_copy_time_cuda = 0.001788

iter 32: cpu_time_cuda = 0.040069
iter 32: gpu_time_cuda = 0.070448
iter 32: download_copy_time_cuda = 0.010414
iter 32: upload_copy_time_cuda = 0.001819

iter 33: cpu_time_cuda = 0.038749
iter 33: gpu_time_cuda = 0.069789
iter 33: download_copy_time_cuda = 0.019023
iter 33: upload_copy_time_cuda = 0.001777

iter 34: cpu_time_cuda = 0.038620
iter 34: gpu_time_cuda = 0.069682
iter 34: download_copy_time_cuda = 0.016447
iter 34: upload_copy_time_cuda = 0.001771

iter 35: cpu_time_cuda = 0.038567
iter 35: gpu_time_cuda = 0.069149
iter 35: download_copy_time_cuda = 0.015345
iter 35: upload_copy_time_cuda = 0.001806

iter 36: cpu_time_cuda = 0.038485
iter 36: gpu_time_cuda = 0.068711
iter 36: download_copy_time_cuda = 0.002446
iter 36: upload_copy_time_cuda = 0.001795

iter 37: cpu_time_cuda = 0.043460
iter 37: gpu_time_cuda = 0.076096
iter 37: download_copy_time_cuda = 0.010188
iter 37: upload_copy_time_cuda = 0.001787

iter 38: cpu_time_cuda = 0.043448
iter 38: gpu_time_cuda = 0.070605
iter 38: download_copy_time_cuda = 0.001657
iter 38: upload_copy_time_cuda = 0.001744

iter 39: cpu_time_cuda = 0.043448
iter 39: gpu_time_cuda = 0.069305
iter 39: download_copy_time_cuda = 0.001651
iter 39: upload_copy_time_cuda = 0.001774

iter 40: cpu_time_cuda = 0.043367
iter 40: gpu_time_cuda = 0.069753
iter 40: download_copy_time_cuda = 0.001646
iter 40: upload_copy_time_cuda = 0.001738

iter 41: cpu_time_cuda = 0.042963
iter 41: gpu_time_cuda = 0.070568
iter 41: download_copy_time_cuda = 0.001640
iter 41: upload_copy_time_cuda = 0.001730

iter 42: cpu_time_cuda = 0.043060
iter 42: gpu_time_cuda = 0.068965
iter 42: download_copy_time_cuda = 0.001633
iter 42: upload_copy_time_cuda = 0.001758

iter 43: cpu_time_cuda = 0.037722
iter 43: gpu_time_cuda = 0.068193
iter 43: download_copy_time_cuda = 0.001627
iter 43: upload_copy_time_cuda = 0.001724

iter 44: cpu_time_cuda = 0.037634
iter 44: gpu_time_cuda = 0.072972
iter 44: download_copy_time_cuda = 0.001627
iter 44: upload_copy_time_cuda = 0.001723

iter 45: cpu_time_cuda = 0.037566
iter 45: gpu_time_cuda = 0.071816
iter 45: download_copy_time_cuda = 0.001621
iter 45: upload_copy_time_cuda = 0.001743

iter 46: cpu_time_cuda = 0.037467
iter 46: gpu_time_cuda = 0.072365
iter 46: download_copy_time_cuda = 0.001615
iter 46: upload_copy_time_cuda = 0.001693

iter 47: cpu_time_cuda = 0.037610
iter 47: gpu_time_cuda = 0.071061
iter 47: download_copy_time_cuda = 0.001609
iter 47: upload_copy_time_cuda = 0.001685

iter 48: cpu_time_cuda = 0.037243
iter 48: gpu_time_cuda = 0.071284
iter 48: download_copy_time_cuda = 0.001605
iter 48: upload_copy_time_cuda = 0.001721

iter 49: cpu_time_cuda = 0.037197
iter 49: gpu_time_cuda = 0.070501
iter 49: download_copy_time_cuda = 0.001593
iter 49: upload_copy_time_cuda = 0.001677

iter 50: cpu_time_cuda = 0.037007
iter 50: gpu_time_cuda = 0.070135
iter 50: download_copy_time_cuda = 0.002833
iter 50: upload_copy_time_cuda = 0.001669

iter 51: cpu_time_cuda = 0.036896
iter 51: gpu_time_cuda = 0.069192
iter 51: download_copy_time_cuda = 0.002347
iter 51: upload_copy_time_cuda = 0.001705

iter 52: cpu_time_cuda = 0.036872
iter 52: gpu_time_cuda = 0.069672
iter 52: download_copy_time_cuda = 0.002866
iter 52: upload_copy_time_cuda = 0.001697

iter 53: cpu_time_cuda = 0.036763
iter 53: gpu_time_cuda = 0.068606
iter 53: download_copy_time_cuda = 0.002449
iter 53: upload_copy_time_cuda = 0.001687

iter 54: cpu_time_cuda = 0.036650
iter 54: gpu_time_cuda = 0.060844
iter 54: download_copy_time_cuda = 0.002434
iter 54: upload_copy_time_cuda = 0.001648

iter 55: cpu_time_cuda = 0.036538
iter 55: gpu_time_cuda = 0.060430
iter 55: download_copy_time_cuda = 0.002485
iter 55: upload_copy_time_cuda = 0.001640

iter 56: cpu_time_cuda = 0.036517
iter 56: gpu_time_cuda = 0.061212
iter 56: download_copy_time_cuda = 0.015391
iter 56: upload_copy_time_cuda = 0.001633

iter 57: cpu_time_cuda = 0.036362
iter 57: gpu_time_cuda = 0.059093
iter 57: download_copy_time_cuda = 0.005612
iter 57: upload_copy_time_cuda = 0.001665

iter 58: cpu_time_cuda = 0.036293
iter 58: gpu_time_cuda = 0.058866
iter 58: download_copy_time_cuda = 0.002272
iter 58: upload_copy_time_cuda = 0.001662

iter 59: cpu_time_cuda = 0.036135
iter 59: gpu_time_cuda = 0.058053
iter 59: download_copy_time_cuda = 0.021926
iter 59: upload_copy_time_cuda = 0.001652

iter 60: cpu_time_cuda = 0.036135
iter 60: gpu_time_cuda = 0.066389
iter 60: download_copy_time_cuda = 0.012747
iter 60: upload_copy_time_cuda = 0.001629

iter 61: cpu_time_cuda = 0.035987
iter 61: gpu_time_cuda = 0.065093
iter 61: download_copy_time_cuda = 0.006836
iter 61: upload_copy_time_cuda = 0.001605

iter 62: cpu_time_cuda = 0.035790
iter 62: gpu_time_cuda = 0.057228
iter 62: download_copy_time_cuda = 0.002082
iter 62: upload_copy_time_cuda = 0.001600

iter 63: cpu_time_cuda = 0.035768
iter 63: gpu_time_cuda = 0.056301
iter 63: download_copy_time_cuda = 0.013052
iter 63: upload_copy_time_cuda = 0.001591

iter 64: cpu_time_cuda = 0.035545
iter 64: gpu_time_cuda = 0.056390
iter 64: download_copy_time_cuda = 0.002165
iter 64: upload_copy_time_cuda = 0.001618

iter 65: cpu_time_cuda = 0.035534
iter 65: gpu_time_cuda = 0.055402
iter 65: download_copy_time_cuda = 0.015538
iter 65: upload_copy_time_cuda = 0.001579

iter 66: cpu_time_cuda = 0.035454
iter 66: gpu_time_cuda = 0.055447
iter 66: download_copy_time_cuda = 0.013367
iter 66: upload_copy_time_cuda = 0.001573

iter 67: cpu_time_cuda = 0.035488
iter 67: gpu_time_cuda = 0.055214
iter 67: download_copy_time_cuda = 0.009754
iter 67: upload_copy_time_cuda = 0.001602

iter 68: cpu_time_cuda = 0.035165
iter 68: gpu_time_cuda = 0.054540
iter 68: download_copy_time_cuda = 0.002184
iter 68: upload_copy_time_cuda = 0.001600

iter 69: cpu_time_cuda = 0.035095
iter 69: gpu_time_cuda = 0.053882
iter 69: download_copy_time_cuda = 0.013081
iter 69: upload_copy_time_cuda = 0.001552

iter 70: cpu_time_cuda = 0.036414
iter 70: gpu_time_cuda = 0.053529
iter 70: download_copy_time_cuda = 0.011125
iter 70: upload_copy_time_cuda = 0.001581

iter 71: cpu_time_cuda = 0.034836
iter 71: gpu_time_cuda = 0.052879
iter 71: download_copy_time_cuda = 0.002186
iter 71: upload_copy_time_cuda = 0.001579

iter 72: cpu_time_cuda = 0.034792
iter 72: gpu_time_cuda = 0.053110
iter 72: download_copy_time_cuda = 0.009095
iter 72: upload_copy_time_cuda = 0.001570

iter 73: cpu_time_cuda = 0.034707
iter 73: gpu_time_cuda = 0.052384
iter 73: download_copy_time_cuda = 0.022508
iter 73: upload_copy_time_cuda = 0.001532

iter 74: cpu_time_cuda = 0.035965
iter 74: gpu_time_cuda = 0.052190
iter 74: download_copy_time_cuda = 0.002208
iter 74: upload_copy_time_cuda = 0.001522

iter 75: cpu_time_cuda = 0.034447
iter 75: gpu_time_cuda = 0.054912
iter 75: download_copy_time_cuda = 0.001441
iter 75: upload_copy_time_cuda = 0.001555

iter 76: cpu_time_cuda = 0.034478
iter 76: gpu_time_cuda = 0.051019
iter 76: download_copy_time_cuda = 0.006769
iter 76: upload_copy_time_cuda = 0.001517

iter 77: cpu_time_cuda = 0.034375
iter 77: gpu_time_cuda = 0.050218
iter 77: download_copy_time_cuda = 0.013436
iter 77: upload_copy_time_cuda = 0.001510

iter 78: cpu_time_cuda = 0.034221
iter 78: gpu_time_cuda = 0.050381
iter 78: download_copy_time_cuda = 0.011523
iter 78: upload_copy_time_cuda = 0.001534

iter 79: cpu_time_cuda = 0.034107
iter 79: gpu_time_cuda = 0.049904
iter 79: download_copy_time_cuda = 0.008195
iter 79: upload_copy_time_cuda = 0.001528

iter 80: cpu_time_cuda = 0.041246
iter 80: gpu_time_cuda = 0.049674
iter 80: download_copy_time_cuda = 0.011667
iter 80: upload_copy_time_cuda = 0.001525

iter 81: cpu_time_cuda = 0.033899
iter 81: gpu_time_cuda = 0.049398
iter 81: download_copy_time_cuda = 0.017315
iter 81: upload_copy_time_cuda = 0.001489

iter 82: cpu_time_cuda = 0.041498
iter 82: gpu_time_cuda = 0.048687
iter 82: download_copy_time_cuda = 0.009235
iter 82: upload_copy_time_cuda = 0.001522

iter 83: cpu_time_cuda = 0.033666
iter 83: gpu_time_cuda = 0.048018
iter 83: download_copy_time_cuda = 0.012497
iter 83: upload_copy_time_cuda = 0.001506

iter 84: cpu_time_cuda = 0.033551
iter 84: gpu_time_cuda = 0.057679
iter 84: download_copy_time_cuda = 0.010295
iter 84: upload_copy_time_cuda = 0.001468

iter 85: cpu_time_cuda = 0.033535
iter 85: gpu_time_cuda = 0.047229
iter 85: download_copy_time_cuda = 0.015456
iter 85: upload_copy_time_cuda = 0.001461

iter 86: cpu_time_cuda = 0.033375
iter 86: gpu_time_cuda = 0.047273
iter 86: download_copy_time_cuda = 0.005825
iter 86: upload_copy_time_cuda = 0.001485

iter 87: cpu_time_cuda = 0.035294
iter 87: gpu_time_cuda = 0.046587
iter 87: download_copy_time_cuda = 0.020405
iter 87: upload_copy_time_cuda = 0.001447

iter 88: cpu_time_cuda = 0.034111
iter 88: gpu_time_cuda = 0.046526
iter 88: download_copy_time_cuda = 0.020670
iter 88: upload_copy_time_cuda = 0.001473

iter 89: cpu_time_cuda = 0.034648
iter 89: gpu_time_cuda = 0.045608
iter 89: download_copy_time_cuda = 0.021034
iter 89: upload_copy_time_cuda = 0.001462

iter 90: cpu_time_cuda = 0.032910
iter 90: gpu_time_cuda = 0.045699
iter 90: download_copy_time_cuda = 0.001659
iter 90: upload_copy_time_cuda = 0.001458

iter 91: cpu_time_cuda = 0.032898
iter 91: gpu_time_cuda = 0.044923
iter 91: download_copy_time_cuda = 0.001653
iter 91: upload_copy_time_cuda = 0.001425

iter 92: cpu_time_cuda = 0.035291
iter 92: gpu_time_cuda = 0.045541
iter 92: download_copy_time_cuda = 0.007660
iter 92: upload_copy_time_cuda = 0.001413

iter 93: cpu_time_cuda = 0.035235
iter 93: gpu_time_cuda = 0.044227
iter 93: download_copy_time_cuda = 0.009845
iter 93: upload_copy_time_cuda = 0.001440

iter 94: cpu_time_cuda = 0.032637
iter 94: gpu_time_cuda = 0.044177
iter 94: download_copy_time_cuda = 0.010058
iter 94: upload_copy_time_cuda = 0.001445

iter 95: cpu_time_cuda = 0.032395
iter 95: gpu_time_cuda = 0.043899
iter 95: download_copy_time_cuda = 0.002728
iter 95: upload_copy_time_cuda = 0.001426

iter 96: cpu_time_cuda = 0.032403
iter 96: gpu_time_cuda = 0.043523
iter 96: download_copy_time_cuda = 0.014904
iter 96: upload_copy_time_cuda = 0.001422

iter 97: cpu_time_cuda = 0.032224
iter 97: gpu_time_cuda = 0.042480
iter 97: download_copy_time_cuda = 0.006929
iter 97: upload_copy_time_cuda = 0.001412

iter 98: cpu_time_cuda = 0.032199
iter 98: gpu_time_cuda = 0.042632
iter 98: download_copy_time_cuda = 0.011821
iter 98: upload_copy_time_cuda = 0.001409

iter 99: cpu_time_cuda = 0.032037
iter 99: gpu_time_cuda = 0.051995
iter 99: download_copy_time_cuda = 0.015788
iter 99: upload_copy_time_cuda = 0.001404

iter 100: cpu_time_cuda = 0.032125
iter 100: gpu_time_cuda = 0.042052
iter 100: download_copy_time_cuda = 0.008289
iter 100: upload_copy_time_cuda = 0.001367

iter 101: cpu_time_cuda = 0.032825
iter 101: gpu_time_cuda = 0.041130
iter 101: download_copy_time_cuda = 0.009030
iter 101: upload_copy_time_cuda = 0.001362

iter 102: cpu_time_cuda = 0.031789
iter 102: gpu_time_cuda = 0.041270
iter 102: download_copy_time_cuda = 0.002614
iter 102: upload_copy_time_cuda = 0.001351

iter 103: cpu_time_cuda = 0.031666
iter 103: gpu_time_cuda = 0.050204
iter 103: download_copy_time_cuda = 0.006289
iter 103: upload_copy_time_cuda = 0.001377

iter 104: cpu_time_cuda = 0.031539
iter 104: gpu_time_cuda = 0.041123
iter 104: download_copy_time_cuda = 0.011832
iter 104: upload_copy_time_cuda = 0.001340

iter 105: cpu_time_cuda = 0.032354
iter 105: gpu_time_cuda = 0.040203
iter 105: download_copy_time_cuda = 0.017303
iter 105: upload_copy_time_cuda = 0.001336

iter 106: cpu_time_cuda = 0.031410
iter 106: gpu_time_cuda = 0.039854
iter 106: download_copy_time_cuda = 0.008710
iter 106: upload_copy_time_cuda = 0.001370

iter 107: cpu_time_cuda = 0.031442
iter 107: gpu_time_cuda = 0.049237
iter 107: download_copy_time_cuda = 0.018286
iter 107: upload_copy_time_cuda = 0.001323

iter 108: cpu_time_cuda = 0.031193
iter 108: gpu_time_cuda = 0.038929
iter 108: download_copy_time_cuda = 0.009906
iter 108: upload_copy_time_cuda = 0.001318

iter 109: cpu_time_cuda = 0.035635
iter 109: gpu_time_cuda = 0.038666
iter 109: download_copy_time_cuda = 0.002807
iter 109: upload_copy_time_cuda = 0.001339

iter 110: cpu_time_cuda = 0.031020
iter 110: gpu_time_cuda = 0.038534
iter 110: download_copy_time_cuda = 0.010935
iter 110: upload_copy_time_cuda = 0.001372

iter 111: cpu_time_cuda = 0.030748
iter 111: gpu_time_cuda = 0.037623
iter 111: download_copy_time_cuda = 0.003596
iter 111: upload_copy_time_cuda = 0.001300

iter 112: cpu_time_cuda = 0.032813
iter 112: gpu_time_cuda = 0.037571
iter 112: download_copy_time_cuda = 0.005948
iter 112: upload_copy_time_cuda = 0.001286

iter 113: cpu_time_cuda = 0.030589
iter 113: gpu_time_cuda = 0.037149
iter 113: download_copy_time_cuda = 0.019776
iter 113: upload_copy_time_cuda = 0.001312

iter 114: cpu_time_cuda = 0.030516
iter 114: gpu_time_cuda = 0.037489
iter 114: download_copy_time_cuda = 0.004573
iter 114: upload_copy_time_cuda = 0.001309

iter 115: cpu_time_cuda = 0.030435
iter 115: gpu_time_cuda = 0.036710
iter 115: download_copy_time_cuda = 0.004766
iter 115: upload_copy_time_cuda = 0.001274

iter 116: cpu_time_cuda = 0.030399
iter 116: gpu_time_cuda = 0.036214
iter 116: download_copy_time_cuda = 0.010011
iter 116: upload_copy_time_cuda = 0.001290

iter 117: cpu_time_cuda = 0.030389
iter 117: gpu_time_cuda = 0.035409
iter 117: download_copy_time_cuda = 0.002542
iter 117: upload_copy_time_cuda = 0.001287

iter 118: cpu_time_cuda = 0.030168
iter 118: gpu_time_cuda = 0.035940
iter 118: download_copy_time_cuda = 0.008510
iter 118: upload_copy_time_cuda = 0.001281

iter 119: cpu_time_cuda = 0.030056
iter 119: gpu_time_cuda = 0.035347
iter 119: download_copy_time_cuda = 0.008689
iter 119: upload_copy_time_cuda = 0.001247

iter 120: cpu_time_cuda = 0.029956
iter 120: gpu_time_cuda = 0.035369
iter 120: download_copy_time_cuda = 0.002913
iter 120: upload_copy_time_cuda = 0.001249

iter 121: cpu_time_cuda = 0.029832
iter 121: gpu_time_cuda = 0.034493
iter 121: download_copy_time_cuda = 0.012571
iter 121: upload_copy_time_cuda = 0.001235

iter 122: cpu_time_cuda = 0.030101
iter 122: gpu_time_cuda = 0.034230
iter 122: download_copy_time_cuda = 0.016532
iter 122: upload_copy_time_cuda = 0.001259

iter 123: cpu_time_cuda = 0.029703
iter 123: gpu_time_cuda = 0.043436
iter 123: download_copy_time_cuda = 0.006835
iter 123: upload_copy_time_cuda = 0.001220

iter 124: cpu_time_cuda = 0.030537
iter 124: gpu_time_cuda = 0.033372
iter 124: download_copy_time_cuda = 0.002636
iter 124: upload_copy_time_cuda = 0.001243

iter 125: cpu_time_cuda = 0.029376
iter 125: gpu_time_cuda = 0.033199
iter 125: download_copy_time_cuda = 0.009588
iter 125: upload_copy_time_cuda = 0.001235

iter 126: cpu_time_cuda = 0.029466
iter 126: gpu_time_cuda = 0.032741
iter 126: download_copy_time_cuda = 0.004226
iter 126: upload_copy_time_cuda = 0.001210

iter 127: cpu_time_cuda = 0.039346
iter 127: gpu_time_cuda = 0.032217
iter 127: download_copy_time_cuda = 0.001132
iter 127: upload_copy_time_cuda = 0.001237

iter 128: cpu_time_cuda = 0.029068
iter 128: gpu_time_cuda = 0.032061
iter 128: download_copy_time_cuda = 0.002889
iter 128: upload_copy_time_cuda = 0.001191

iter 129: cpu_time_cuda = 0.035285
iter 129: gpu_time_cuda = 0.031528
iter 129: download_copy_time_cuda = 0.007987
iter 129: upload_copy_time_cuda = 0.001183

iter 130: cpu_time_cuda = 0.028848
iter 130: gpu_time_cuda = 0.031810
iter 130: download_copy_time_cuda = 0.002427
iter 130: upload_copy_time_cuda = 0.001180

iter 131: cpu_time_cuda = 0.028852
iter 131: gpu_time_cuda = 0.040924
iter 131: download_copy_time_cuda = 0.017117
iter 131: upload_copy_time_cuda = 0.001174

iter 132: cpu_time_cuda = 0.033416
iter 132: gpu_time_cuda = 0.031011
iter 132: download_copy_time_cuda = 0.008723
iter 132: upload_copy_time_cuda = 0.001168

iter 133: cpu_time_cuda = 0.028715
iter 133: gpu_time_cuda = 0.030389
iter 133: download_copy_time_cuda = 0.012161
iter 133: upload_copy_time_cuda = 0.001185

iter 134: cpu_time_cuda = 0.028691
iter 134: gpu_time_cuda = 0.030186
iter 134: download_copy_time_cuda = 0.002095
iter 134: upload_copy_time_cuda = 0.001185

iter 135: cpu_time_cuda = 0.037855
iter 135: gpu_time_cuda = 0.029795
iter 135: download_copy_time_cuda = 0.011498
iter 135: upload_copy_time_cuda = 0.001166

iter 136: cpu_time_cuda = 0.028362
iter 136: gpu_time_cuda = 0.030219
iter 136: download_copy_time_cuda = 0.002912
iter 136: upload_copy_time_cuda = 0.001140

iter 137: cpu_time_cuda = 0.028290
iter 137: gpu_time_cuda = 0.029390
iter 137: download_copy_time_cuda = 0.003023
iter 137: upload_copy_time_cuda = 0.001162

iter 138: cpu_time_cuda = 0.028158
iter 138: gpu_time_cuda = 0.029161
iter 138: download_copy_time_cuda = 0.016116
iter 138: upload_copy_time_cuda = 0.001133

iter 139: cpu_time_cuda = 0.028080
iter 139: gpu_time_cuda = 0.028910
iter 139: download_copy_time_cuda = 0.011673
iter 139: upload_copy_time_cuda = 0.001123

iter 140: cpu_time_cuda = 0.028711
iter 140: gpu_time_cuda = 0.028718
iter 140: download_copy_time_cuda = 0.002306
iter 140: upload_copy_time_cuda = 0.001149

iter 141: cpu_time_cuda = 0.028088
iter 141: gpu_time_cuda = 0.033737
iter 141: download_copy_time_cuda = 0.001052
iter 141: upload_copy_time_cuda = 0.001110

iter 142: cpu_time_cuda = 0.028375
iter 142: gpu_time_cuda = 0.028214
iter 142: download_copy_time_cuda = 0.012836
iter 142: upload_copy_time_cuda = 0.001105

iter 143: cpu_time_cuda = 0.027614
iter 143: gpu_time_cuda = 0.027264
iter 143: download_copy_time_cuda = 0.007441
iter 143: upload_copy_time_cuda = 0.001125

iter 144: cpu_time_cuda = 0.033815
iter 144: gpu_time_cuda = 0.027370
iter 144: download_copy_time_cuda = 0.001036
iter 144: upload_copy_time_cuda = 0.001188

iter 145: cpu_time_cuda = 0.027359
iter 145: gpu_time_cuda = 0.027379
iter 145: download_copy_time_cuda = 0.009267
iter 145: upload_copy_time_cuda = 0.001088

iter 146: cpu_time_cuda = 0.027318
iter 146: gpu_time_cuda = 0.036630
iter 146: download_copy_time_cuda = 0.013065
iter 146: upload_copy_time_cuda = 0.001083

iter 147: cpu_time_cuda = 0.035955
iter 147: gpu_time_cuda = 0.026192
iter 147: download_copy_time_cuda = 0.001181
iter 147: upload_copy_time_cuda = 0.001160

iter 148: cpu_time_cuda = 0.027088
iter 148: gpu_time_cuda = 0.026515
iter 148: download_copy_time_cuda = 0.001199
iter 148: upload_copy_time_cuda = 0.001094

iter 149: cpu_time_cuda = 0.029004
iter 149: gpu_time_cuda = 0.025808
iter 149: download_copy_time_cuda = 0.008098
iter 149: upload_copy_time_cuda = 0.001095

iter 150: cpu_time_cuda = 0.026967
iter 150: gpu_time_cuda = 0.026407
iter 150: download_copy_time_cuda = 0.010205
iter 150: upload_copy_time_cuda = 0.001082

iter 151: cpu_time_cuda = 0.027724
iter 151: gpu_time_cuda = 0.025531
iter 151: download_copy_time_cuda = 0.006887
iter 151: upload_copy_time_cuda = 0.001075

iter 152: cpu_time_cuda = 0.026674
iter 152: gpu_time_cuda = 0.024956
iter 152: download_copy_time_cuda = 0.012279
iter 152: upload_copy_time_cuda = 0.001070

iter 153: cpu_time_cuda = 0.026743
iter 153: gpu_time_cuda = 0.024434
iter 153: download_copy_time_cuda = 0.012799
iter 153: upload_copy_time_cuda = 0.001064

iter 154: cpu_time_cuda = 0.026512
iter 154: gpu_time_cuda = 0.024375
iter 154: download_copy_time_cuda = 0.001134
iter 154: upload_copy_time_cuda = 0.001056

iter 155: cpu_time_cuda = 0.028362
iter 155: gpu_time_cuda = 0.024397
iter 155: download_copy_time_cuda = 0.002177
iter 155: upload_copy_time_cuda = 0.001051

iter 156: cpu_time_cuda = 0.026202
iter 156: gpu_time_cuda = 0.024887
iter 156: download_copy_time_cuda = 0.002073
iter 156: upload_copy_time_cuda = 0.001040

iter 157: cpu_time_cuda = 0.029609
iter 157: gpu_time_cuda = 0.023469
iter 157: download_copy_time_cuda = 0.005902
iter 157: upload_copy_time_cuda = 0.001038

iter 158: cpu_time_cuda = 0.026107
iter 158: gpu_time_cuda = 0.023284
iter 158: download_copy_time_cuda = 0.002498
iter 158: upload_copy_time_cuda = 0.001012

iter 159: cpu_time_cuda = 0.032903
iter 159: gpu_time_cuda = 0.022757
iter 159: download_copy_time_cuda = 0.007465
iter 159: upload_copy_time_cuda = 0.001002

iter 160: cpu_time_cuda = 0.025863
iter 160: gpu_time_cuda = 0.022972
iter 160: download_copy_time_cuda = 0.002812
iter 160: upload_copy_time_cuda = 0.001000

iter 161: cpu_time_cuda = 0.034832
iter 161: gpu_time_cuda = 0.022245
iter 161: download_copy_time_cuda = 0.005868
iter 161: upload_copy_time_cuda = 0.000990

iter 162: cpu_time_cuda = 0.025745
iter 162: gpu_time_cuda = 0.022521
iter 162: download_copy_time_cuda = 0.002394
iter 162: upload_copy_time_cuda = 0.001021

iter 163: cpu_time_cuda = 0.026698
iter 163: gpu_time_cuda = 0.022399
iter 163: download_copy_time_cuda = 0.002973
iter 163: upload_copy_time_cuda = 0.001000

iter 164: cpu_time_cuda = 0.025511
iter 164: gpu_time_cuda = 0.021808
iter 164: download_copy_time_cuda = 0.002307
iter 164: upload_copy_time_cuda = 0.000994

iter 165: cpu_time_cuda = 0.032771
iter 165: gpu_time_cuda = 0.021273
iter 165: download_copy_time_cuda = 0.001072
iter 165: upload_copy_time_cuda = 0.000992

iter 166: cpu_time_cuda = 0.025362
iter 166: gpu_time_cuda = 0.022080
iter 166: download_copy_time_cuda = 0.001168
iter 166: upload_copy_time_cuda = 0.000959

iter 167: cpu_time_cuda = 0.030160
iter 167: gpu_time_cuda = 0.020874
iter 167: download_copy_time_cuda = 0.010518
iter 167: upload_copy_time_cuda = 0.000992

iter 168: cpu_time_cuda = 0.025195
iter 168: gpu_time_cuda = 0.025428
iter 168: download_copy_time_cuda = 0.002801
iter 168: upload_copy_time_cuda = 0.000968

iter 169: cpu_time_cuda = 0.025139
iter 169: gpu_time_cuda = 0.020178
iter 169: download_copy_time_cuda = 0.001033
iter 169: upload_copy_time_cuda = 0.000960

iter 170: cpu_time_cuda = 0.024969
iter 170: gpu_time_cuda = 0.020317
iter 170: download_copy_time_cuda = 0.001000
iter 170: upload_copy_time_cuda = 0.000954

iter 171: cpu_time_cuda = 0.024785
iter 171: gpu_time_cuda = 0.019649
iter 171: download_copy_time_cuda = 0.004723
iter 171: upload_copy_time_cuda = 0.000950

iter 172: cpu_time_cuda = 0.030349
iter 172: gpu_time_cuda = 0.019824
iter 172: download_copy_time_cuda = 0.005850
iter 172: upload_copy_time_cuda = 0.000923

iter 173: cpu_time_cuda = 0.024677
iter 173: gpu_time_cuda = 0.019166
iter 173: download_copy_time_cuda = 0.006314
iter 173: upload_copy_time_cuda = 0.000935

iter 174: cpu_time_cuda = 0.026769
iter 174: gpu_time_cuda = 0.019329
iter 174: download_copy_time_cuda = 0.002680
iter 174: upload_copy_time_cuda = 0.000931

iter 175: cpu_time_cuda = 0.024424
iter 175: gpu_time_cuda = 0.018842
iter 175: download_copy_time_cuda = 0.004405
iter 175: upload_copy_time_cuda = 0.000904

iter 176: cpu_time_cuda = 0.024268
iter 176: gpu_time_cuda = 0.018942
iter 176: download_copy_time_cuda = 0.000986
iter 176: upload_copy_time_cuda = 0.000917

iter 177: cpu_time_cuda = 0.024117
iter 177: gpu_time_cuda = 0.018519
iter 177: download_copy_time_cuda = 0.000941
iter 177: upload_copy_time_cuda = 0.000915

iter 178: cpu_time_cuda = 0.024215
iter 178: gpu_time_cuda = 0.018375
iter 178: download_copy_time_cuda = 0.007997
iter 178: upload_copy_time_cuda = 0.000909

iter 179: cpu_time_cuda = 0.033683
iter 179: gpu_time_cuda = 0.017756
iter 179: download_copy_time_cuda = 0.001186
iter 179: upload_copy_time_cuda = 0.000883

iter 180: cpu_time_cuda = 0.023951
iter 180: gpu_time_cuda = 0.017644
iter 180: download_copy_time_cuda = 0.007689
iter 180: upload_copy_time_cuda = 0.000895

iter 181: cpu_time_cuda = 0.029346
iter 181: gpu_time_cuda = 0.017452
iter 181: download_copy_time_cuda = 0.000938
iter 181: upload_copy_time_cuda = 0.000886

iter 182: cpu_time_cuda = 0.023732
iter 182: gpu_time_cuda = 0.018095
iter 182: download_copy_time_cuda = 0.005492
iter 182: upload_copy_time_cuda = 0.000865

iter 183: cpu_time_cuda = 0.023568
iter 183: gpu_time_cuda = 0.017303
iter 183: download_copy_time_cuda = 0.009730
iter 183: upload_copy_time_cuda = 0.000875

iter 184: cpu_time_cuda = 0.023458
iter 184: gpu_time_cuda = 0.016879
iter 184: download_copy_time_cuda = 0.001381
iter 184: upload_copy_time_cuda = 0.000868

iter 185: cpu_time_cuda = 0.023432
iter 185: gpu_time_cuda = 0.016394
iter 185: download_copy_time_cuda = 0.011006
iter 185: upload_copy_time_cuda = 0.000854

iter 186: cpu_time_cuda = 0.024290
iter 186: gpu_time_cuda = 0.016294
iter 186: download_copy_time_cuda = 0.002240
iter 186: upload_copy_time_cuda = 0.000840

iter 187: cpu_time_cuda = 0.023191
iter 187: gpu_time_cuda = 0.016231
iter 187: download_copy_time_cuda = 0.000875
iter 187: upload_copy_time_cuda = 0.000843

iter 188: cpu_time_cuda = 0.023480
iter 188: gpu_time_cuda = 0.016770
iter 188: download_copy_time_cuda = 0.002412
iter 188: upload_copy_time_cuda = 0.000830

iter 189: cpu_time_cuda = 0.023024
iter 189: gpu_time_cuda = 0.025722
iter 189: download_copy_time_cuda = 0.009595
iter 189: upload_copy_time_cuda = 0.000839

iter 190: cpu_time_cuda = 0.023019
iter 190: gpu_time_cuda = 0.015483
iter 190: download_copy_time_cuda = 0.000876
iter 190: upload_copy_time_cuda = 0.000832

iter 191: cpu_time_cuda = 0.024638
iter 191: gpu_time_cuda = 0.015193
iter 191: download_copy_time_cuda = 0.000847
iter 191: upload_copy_time_cuda = 0.000826

iter 192: cpu_time_cuda = 0.022712
iter 192: gpu_time_cuda = 0.015204
iter 192: download_copy_time_cuda = 0.008789
iter 192: upload_copy_time_cuda = 0.000818

iter 193: cpu_time_cuda = 0.022510
iter 193: gpu_time_cuda = 0.014627
iter 193: download_copy_time_cuda = 0.000831
iter 193: upload_copy_time_cuda = 0.000813

iter 194: cpu_time_cuda = 0.028121
iter 194: gpu_time_cuda = 0.014907
iter 194: download_copy_time_cuda = 0.001047
iter 194: upload_copy_time_cuda = 0.000793

iter 195: cpu_time_cuda = 0.022339
iter 195: gpu_time_cuda = 0.014278
iter 195: download_copy_time_cuda = 0.009427
iter 195: upload_copy_time_cuda = 0.000803

iter 196: cpu_time_cuda = 0.032137
iter 196: gpu_time_cuda = 0.014230
iter 196: download_copy_time_cuda = 0.005947
iter 196: upload_copy_time_cuda = 0.000796

iter 197: cpu_time_cuda = 0.022175
iter 197: gpu_time_cuda = 0.015179
iter 197: download_copy_time_cuda = 0.006638
iter 197: upload_copy_time_cuda = 0.000772

iter 198: cpu_time_cuda = 0.022017
iter 198: gpu_time_cuda = 0.013977
iter 198: download_copy_time_cuda = 0.002078
iter 198: upload_copy_time_cuda = 0.000783

iter 199: cpu_time_cuda = 0.024118
iter 199: gpu_time_cuda = 0.014140
iter 199: download_copy_time_cuda = 0.001938
iter 199: upload_copy_time_cuda = 0.000772

iter 200: cpu_time_cuda = 0.021850
iter 200: gpu_time_cuda = 0.014148
iter 200: download_copy_time_cuda = 0.000997
iter 200: upload_copy_time_cuda = 0.000756

iter 201: cpu_time_cuda = 0.021756
iter 201: gpu_time_cuda = 0.013039
iter 201: download_copy_time_cuda = 0.008252
iter 201: upload_copy_time_cuda = 0.000749

iter 202: cpu_time_cuda = 0.024153
iter 202: gpu_time_cuda = 0.012962
iter 202: download_copy_time_cuda = 0.003438
iter 202: upload_copy_time_cuda = 0.000758

iter 203: cpu_time_cuda = 0.021760
iter 203: gpu_time_cuda = 0.012704
iter 203: download_copy_time_cuda = 0.007820
iter 203: upload_copy_time_cuda = 0.000752

iter 204: cpu_time_cuda = 0.021728
iter 204: gpu_time_cuda = 0.013454
iter 204: download_copy_time_cuda = 0.007155
iter 204: upload_copy_time_cuda = 0.000743

iter 205: cpu_time_cuda = 0.027342
iter 205: gpu_time_cuda = 0.012301
iter 205: download_copy_time_cuda = 0.002807
iter 205: upload_copy_time_cuda = 0.000740

iter 206: cpu_time_cuda = 0.021310
iter 206: gpu_time_cuda = 0.012352
iter 206: download_copy_time_cuda = 0.008634
iter 206: upload_copy_time_cuda = 0.000734

iter 207: cpu_time_cuda = 0.021237
iter 207: gpu_time_cuda = 0.011825
iter 207: download_copy_time_cuda = 0.007886
iter 207: upload_copy_time_cuda = 0.000726

iter 208: cpu_time_cuda = 0.021064
iter 208: gpu_time_cuda = 0.019642
iter 208: download_copy_time_cuda = 0.001823
iter 208: upload_copy_time_cuda = 0.000720

iter 209: cpu_time_cuda = 0.021131
iter 209: gpu_time_cuda = 0.012053
iter 209: download_copy_time_cuda = 0.004276
iter 209: upload_copy_time_cuda = 0.000713

iter 210: cpu_time_cuda = 0.030789
iter 210: gpu_time_cuda = 0.011435
iter 210: download_copy_time_cuda = 0.002892
iter 210: upload_copy_time_cuda = 0.000705

iter 211: cpu_time_cuda = 0.020784
iter 211: gpu_time_cuda = 0.012205
iter 211: download_copy_time_cuda = 0.001670
iter 211: upload_copy_time_cuda = 0.000686

iter 212: cpu_time_cuda = 0.020768
iter 212: gpu_time_cuda = 0.011008
iter 212: download_copy_time_cuda = 0.002137
iter 212: upload_copy_time_cuda = 0.000679

iter 213: cpu_time_cuda = 0.020528
iter 213: gpu_time_cuda = 0.010696
iter 213: download_copy_time_cuda = 0.000702
iter 213: upload_copy_time_cuda = 0.000688

iter 214: cpu_time_cuda = 0.020714
iter 214: gpu_time_cuda = 0.016089
iter 214: download_copy_time_cuda = 0.005490
iter 214: upload_copy_time_cuda = 0.000681

iter 215: cpu_time_cuda = 0.020410
iter 215: gpu_time_cuda = 0.011512
iter 215: download_copy_time_cuda = 0.004006
iter 215: upload_copy_time_cuda = 0.000676

iter 216: cpu_time_cuda = 0.020227
iter 216: gpu_time_cuda = 0.010351
iter 216: download_copy_time_cuda = 0.000680
iter 216: upload_copy_time_cuda = 0.000684

iter 217: cpu_time_cuda = 0.020244
iter 217: gpu_time_cuda = 0.018422
iter 217: download_copy_time_cuda = 0.000673
iter 217: upload_copy_time_cuda = 0.000662

iter 218: cpu_time_cuda = 0.020108
iter 218: gpu_time_cuda = 0.009942
iter 218: download_copy_time_cuda = 0.000662
iter 218: upload_copy_time_cuda = 0.000657

iter 219: cpu_time_cuda = 0.020010
iter 219: gpu_time_cuda = 0.009933
iter 219: download_copy_time_cuda = 0.000860
iter 219: upload_copy_time_cuda = 0.000651

iter 220: cpu_time_cuda = 0.026117
iter 220: gpu_time_cuda = 0.009687
iter 220: download_copy_time_cuda = 0.001982
iter 220: upload_copy_time_cuda = 0.000642

iter 221: cpu_time_cuda = 0.019779
iter 221: gpu_time_cuda = 0.009344
iter 221: download_copy_time_cuda = 0.002889
iter 221: upload_copy_time_cuda = 0.000641

iter 222: cpu_time_cuda = 0.019669
iter 222: gpu_time_cuda = 0.009235
iter 222: download_copy_time_cuda = 0.000637
iter 222: upload_copy_time_cuda = 0.000633

iter 223: cpu_time_cuda = 0.025698
iter 223: gpu_time_cuda = 0.008943
iter 223: download_copy_time_cuda = 0.004294
iter 223: upload_copy_time_cuda = 0.000639

iter 224: cpu_time_cuda = 0.019486
iter 224: gpu_time_cuda = 0.011279
iter 224: download_copy_time_cuda = 0.000622
iter 224: upload_copy_time_cuda = 0.000608

iter 225: cpu_time_cuda = 0.019424
iter 225: gpu_time_cuda = 0.008796
iter 225: download_copy_time_cuda = 0.005345
iter 225: upload_copy_time_cuda = 0.000602

iter 226: cpu_time_cuda = 0.019336
iter 226: gpu_time_cuda = 0.008815
iter 226: download_copy_time_cuda = 0.002681
iter 226: upload_copy_time_cuda = 0.000593

iter 227: cpu_time_cuda = 0.022890
iter 227: gpu_time_cuda = 0.009038
iter 227: download_copy_time_cuda = 0.000600
iter 227: upload_copy_time_cuda = 0.000602

iter 228: cpu_time_cuda = 0.019152
iter 228: gpu_time_cuda = 0.008268
iter 228: download_copy_time_cuda = 0.000597
iter 228: upload_copy_time_cuda = 0.000596

iter 229: cpu_time_cuda = 0.019006
iter 229: gpu_time_cuda = 0.008009
iter 229: download_copy_time_cuda = 0.001246
iter 229: upload_copy_time_cuda = 0.000589

iter 230: cpu_time_cuda = 0.019104
iter 230: gpu_time_cuda = 0.007992
iter 230: download_copy_time_cuda = 0.000581
iter 230: upload_copy_time_cuda = 0.000585

iter 231: cpu_time_cuda = 0.018925
iter 231: gpu_time_cuda = 0.015994
iter 231: download_copy_time_cuda = 0.002647
iter 231: upload_copy_time_cuda = 0.000576

iter 232: cpu_time_cuda = 0.018604
iter 232: gpu_time_cuda = 0.007779
iter 232: download_copy_time_cuda = 0.000577
iter 232: upload_copy_time_cuda = 0.000572

iter 233: cpu_time_cuda = 0.018775
iter 233: gpu_time_cuda = 0.007427
iter 233: download_copy_time_cuda = 0.004745
iter 233: upload_copy_time_cuda = 0.000566

iter 234: cpu_time_cuda = 0.022634
iter 234: gpu_time_cuda = 0.007484
iter 234: download_copy_time_cuda = 0.000553
iter 234: upload_copy_time_cuda = 0.000557

iter 235: cpu_time_cuda = 0.018333
iter 235: gpu_time_cuda = 0.008482
iter 235: download_copy_time_cuda = 0.000546
iter 235: upload_copy_time_cuda = 0.000540

iter 236: cpu_time_cuda = 0.018408
iter 236: gpu_time_cuda = 0.007296
iter 236: download_copy_time_cuda = 0.000540
iter 236: upload_copy_time_cuda = 0.000544

iter 237: cpu_time_cuda = 0.018213
iter 237: gpu_time_cuda = 0.007181
iter 237: download_copy_time_cuda = 0.001109
iter 237: upload_copy_time_cuda = 0.000540

iter 238: cpu_time_cuda = 0.027207
iter 238: gpu_time_cuda = 0.006824
iter 238: download_copy_time_cuda = 0.000533
iter 238: upload_copy_time_cuda = 0.000533

iter 239: cpu_time_cuda = 0.017964
iter 239: gpu_time_cuda = 0.007824
iter 239: download_copy_time_cuda = 0.000520
iter 239: upload_copy_time_cuda = 0.000527

iter 240: cpu_time_cuda = 0.018093
iter 240: gpu_time_cuda = 0.006672
iter 240: download_copy_time_cuda = 0.000511
iter 240: upload_copy_time_cuda = 0.000512

iter 241: cpu_time_cuda = 0.017719
iter 241: gpu_time_cuda = 0.007200
iter 241: download_copy_time_cuda = 0.001733
iter 241: upload_copy_time_cuda = 0.000505

iter 242: cpu_time_cuda = 0.018399
iter 242: gpu_time_cuda = 0.006345
iter 242: download_copy_time_cuda = 0.001201
iter 242: upload_copy_time_cuda = 0.000510

iter 243: cpu_time_cuda = 0.017671
iter 243: gpu_time_cuda = 0.013631
iter 243: download_copy_time_cuda = 0.000489
iter 243: upload_copy_time_cuda = 0.000507

iter 244: cpu_time_cuda = 0.017483
iter 244: gpu_time_cuda = 0.006072
iter 244: download_copy_time_cuda = 0.000481
iter 244: upload_copy_time_cuda = 0.000497

iter 245: cpu_time_cuda = 0.017408
iter 245: gpu_time_cuda = 0.005711
iter 245: download_copy_time_cuda = 0.000476
iter 245: upload_copy_time_cuda = 0.000480

iter 246: cpu_time_cuda = 0.017249
iter 246: gpu_time_cuda = 0.006034
iter 246: download_copy_time_cuda = 0.000470
iter 246: upload_copy_time_cuda = 0.000475

iter 247: cpu_time_cuda = 0.024715
iter 247: gpu_time_cuda = 0.006194
iter 247: download_copy_time_cuda = 0.000462
iter 247: upload_copy_time_cuda = 0.000468

iter 248: cpu_time_cuda = 0.017016
iter 248: gpu_time_cuda = 0.005609
iter 248: download_copy_time_cuda = 0.000455
iter 248: upload_copy_time_cuda = 0.000463

iter 249: cpu_time_cuda = 0.016937
iter 249: gpu_time_cuda = 0.005272
iter 249: download_copy_time_cuda = 0.000450
iter 249: upload_copy_time_cuda = 0.000455

iter 250: cpu_time_cuda = 0.016827
iter 250: gpu_time_cuda = 0.005193
iter 250: download_copy_time_cuda = 0.000443
iter 250: upload_copy_time_cuda = 0.000461

iter 251: cpu_time_cuda = 0.017447
iter 251: gpu_time_cuda = 0.005640
iter 251: download_copy_time_cuda = 0.000436
iter 251: upload_copy_time_cuda = 0.000467

iter 252: cpu_time_cuda = 0.016634
iter 252: gpu_time_cuda = 0.011428
iter 252: download_copy_time_cuda = 0.001770
iter 252: upload_copy_time_cuda = 0.000438

iter 253: cpu_time_cuda = 0.016422
iter 253: gpu_time_cuda = 0.004844
iter 253: download_copy_time_cuda = 0.000722
iter 253: upload_copy_time_cuda = 0.000439

iter 254: cpu_time_cuda = 0.016424
iter 254: gpu_time_cuda = 0.004775
iter 254: download_copy_time_cuda = 0.000417
iter 254: upload_copy_time_cuda = 0.000434

iter 255: cpu_time_cuda = 0.016301
iter 255: gpu_time_cuda = 0.004461
iter 255: download_copy_time_cuda = 0.000409
iter 255: upload_copy_time_cuda = 0.000419

iter 256: cpu_time_cuda = 0.023422
iter 256: gpu_time_cuda = 0.004658
iter 256: download_copy_time_cuda = 0.000401
iter 256: upload_copy_time_cuda = 0.000421

iter 257: cpu_time_cuda = 0.016013
iter 257: gpu_time_cuda = 0.005842
iter 257: download_copy_time_cuda = 0.000395
iter 257: upload_copy_time_cuda = 0.000407

iter 258: cpu_time_cuda = 0.015980
iter 258: gpu_time_cuda = 0.004420
iter 258: download_copy_time_cuda = 0.000388
iter 258: upload_copy_time_cuda = 0.000409

iter 259: cpu_time_cuda = 0.015854
iter 259: gpu_time_cuda = 0.004124
iter 259: download_copy_time_cuda = 0.000381
iter 259: upload_copy_time_cuda = 0.000410

iter 260: cpu_time_cuda = 0.015795
iter 260: gpu_time_cuda = 0.004175
iter 260: download_copy_time_cuda = 0.000376
iter 260: upload_copy_time_cuda = 0.000386

iter 261: cpu_time_cuda = 0.025914
iter 261: gpu_time_cuda = 0.003993
iter 261: download_copy_time_cuda = 0.000375
iter 261: upload_copy_time_cuda = 0.000387

iter 262: cpu_time_cuda = 0.015565
iter 262: gpu_time_cuda = 0.005117
iter 262: download_copy_time_cuda = 0.000364
iter 262: upload_copy_time_cuda = 0.000377

iter 263: cpu_time_cuda = 0.015449
iter 263: gpu_time_cuda = 0.004076
iter 263: download_copy_time_cuda = 0.000356
iter 263: upload_copy_time_cuda = 0.000379

iter 264: cpu_time_cuda = 0.015309
iter 264: gpu_time_cuda = 0.003785
iter 264: download_copy_time_cuda = 0.000350
iter 264: upload_copy_time_cuda = 0.000370

iter 265: cpu_time_cuda = 0.015478
iter 265: gpu_time_cuda = 0.003565
iter 265: download_copy_time_cuda = 0.000344
iter 265: upload_copy_time_cuda = 0.000356

iter 266: cpu_time_cuda = 0.015924
iter 266: gpu_time_cuda = 0.003674
iter 266: download_copy_time_cuda = 0.000335
iter 266: upload_copy_time_cuda = 0.000350

iter 267: cpu_time_cuda = 0.015131
iter 267: gpu_time_cuda = 0.012354
iter 267: download_copy_time_cuda = 0.000328
iter 267: upload_copy_time_cuda = 0.000345

iter 268: cpu_time_cuda = 0.014938
iter 268: gpu_time_cuda = 0.003356
iter 268: download_copy_time_cuda = 0.000322
iter 268: upload_copy_time_cuda = 0.000338

iter 269: cpu_time_cuda = 0.014925
iter 269: gpu_time_cuda = 0.003225
iter 269: download_copy_time_cuda = 0.000317
iter 269: upload_copy_time_cuda = 0.000330

iter 270: cpu_time_cuda = 0.014893
iter 270: gpu_time_cuda = 0.003203
iter 270: download_copy_time_cuda = 0.000309
iter 270: upload_copy_time_cuda = 0.000325

iter 271: cpu_time_cuda = 0.014613
iter 271: gpu_time_cuda = 0.003002
iter 271: download_copy_time_cuda = 0.000305
iter 271: upload_copy_time_cuda = 0.000318

iter 272: cpu_time_cuda = 0.020413
iter 272: gpu_time_cuda = 0.003163
iter 272: download_copy_time_cuda = 0.000298
iter 272: upload_copy_time_cuda = 0.000320

iter 273: cpu_time_cuda = 0.014505
iter 273: gpu_time_cuda = 0.004262
iter 273: download_copy_time_cuda = 0.000293
iter 273: upload_copy_time_cuda = 0.000308

iter 274: cpu_time_cuda = 0.014449
iter 274: gpu_time_cuda = 0.002786
iter 274: download_copy_time_cuda = 0.000286
iter 274: upload_copy_time_cuda = 0.000305

iter 275: cpu_time_cuda = 0.014292
iter 275: gpu_time_cuda = 0.002703
iter 275: download_copy_time_cuda = 0.000291
iter 275: upload_copy_time_cuda = 0.000295

iter 276: cpu_time_cuda = 0.014181
iter 276: gpu_time_cuda = 0.002680
iter 276: download_copy_time_cuda = 0.000275
iter 276: upload_copy_time_cuda = 0.000295

iter 277: cpu_time_cuda = 0.014062
iter 277: gpu_time_cuda = 0.002678
iter 277: download_copy_time_cuda = 0.000269
iter 277: upload_copy_time_cuda = 0.000288

iter 278: cpu_time_cuda = 0.023162
iter 278: gpu_time_cuda = 0.002541
iter 278: download_copy_time_cuda = 0.000263
iter 278: upload_copy_time_cuda = 0.000282

iter 279: cpu_time_cuda = 0.013897
iter 279: gpu_time_cuda = 0.003586
iter 279: download_copy_time_cuda = 0.000258
iter 279: upload_copy_time_cuda = 0.000269

iter 280: cpu_time_cuda = 0.013803
iter 280: gpu_time_cuda = 0.002348
iter 280: download_copy_time_cuda = 0.001363
iter 280: upload_copy_time_cuda = 0.000265

iter 281: cpu_time_cuda = 0.013636
iter 281: gpu_time_cuda = 0.002204
iter 281: download_copy_time_cuda = 0.000245
iter 281: upload_copy_time_cuda = 0.000263

iter 282: cpu_time_cuda = 0.013577
iter 282: gpu_time_cuda = 0.002339
iter 282: download_copy_time_cuda = 0.000239
iter 282: upload_copy_time_cuda = 0.000253

iter 283: cpu_time_cuda = 0.013541
iter 283: gpu_time_cuda = 0.002215
iter 283: download_copy_time_cuda = 0.000233
iter 283: upload_copy_time_cuda = 0.000247

iter 284: cpu_time_cuda = 0.014326
iter 284: gpu_time_cuda = 0.002081
iter 284: download_copy_time_cuda = 0.000226
iter 284: upload_copy_time_cuda = 0.000245

iter 285: cpu_time_cuda = 0.014762
iter 285: gpu_time_cuda = 0.010874
iter 285: download_copy_time_cuda = 0.000220
iter 285: upload_copy_time_cuda = 0.000238

iter 286: cpu_time_cuda = 0.013228
iter 286: gpu_time_cuda = 0.001934
iter 286: download_copy_time_cuda = 0.000236
iter 286: upload_copy_time_cuda = 0.000227

iter 287: cpu_time_cuda = 0.013086
iter 287: gpu_time_cuda = 0.001919
iter 287: download_copy_time_cuda = 0.000210
iter 287: upload_copy_time_cuda = 0.000221

iter 288: cpu_time_cuda = 0.012943
iter 288: gpu_time_cuda = 0.001773
iter 288: download_copy_time_cuda = 0.000203
iter 288: upload_copy_time_cuda = 0.000218

iter 289: cpu_time_cuda = 0.012926
iter 289: gpu_time_cuda = 0.001756
iter 289: download_copy_time_cuda = 0.000196
iter 289: upload_copy_time_cuda = 0.000213

iter 290: cpu_time_cuda = 0.012754
iter 290: gpu_time_cuda = 0.001676
iter 290: download_copy_time_cuda = 0.000192
iter 290: upload_copy_time_cuda = 0.000208

iter 291: cpu_time_cuda = 0.017659
iter 291: gpu_time_cuda = 0.001612
iter 291: download_copy_time_cuda = 0.000186
iter 291: upload_copy_time_cuda = 0.000200

iter 292: cpu_time_cuda = 0.013697
iter 292: gpu_time_cuda = 0.010620
iter 292: download_copy_time_cuda = 0.000180
iter 292: upload_copy_time_cuda = 0.000191

iter 293: cpu_time_cuda = 0.012455
iter 293: gpu_time_cuda = 0.001542
iter 293: download_copy_time_cuda = 0.000174
iter 293: upload_copy_time_cuda = 0.000188

iter 294: cpu_time_cuda = 0.012349
iter 294: gpu_time_cuda = 0.001490
iter 294: download_copy_time_cuda = 0.000168
iter 294: upload_copy_time_cuda = 0.000177

iter 295: cpu_time_cuda = 0.012282
iter 295: gpu_time_cuda = 0.001394
iter 295: download_copy_time_cuda = 0.000164
iter 295: upload_copy_time_cuda = 0.000171

iter 296: cpu_time_cuda = 0.012167
iter 296: gpu_time_cuda = 0.001348
iter 296: download_copy_time_cuda = 0.000158
iter 296: upload_copy_time_cuda = 0.000166

iter 297: cpu_time_cuda = 0.012187
iter 297: gpu_time_cuda = 0.001289
iter 297: download_copy_time_cuda = 0.000151
iter 297: upload_copy_time_cuda = 0.000162

iter 298: cpu_time_cuda = 0.013066
iter 298: gpu_time_cuda = 0.001336
iter 298: download_copy_time_cuda = 0.000152
iter 298: upload_copy_time_cuda = 0.000157

iter 299: cpu_time_cuda = 0.021359
iter 299: gpu_time_cuda = 0.001234
iter 299: download_copy_time_cuda = 0.000140
iter 299: upload_copy_time_cuda = 0.000151

iter 300: cpu_time_cuda = 0.012129
iter 300: gpu_time_cuda = 0.002422
iter 300: download_copy_time_cuda = 0.000134
iter 300: upload_copy_time_cuda = 0.000145

iter 301: cpu_time_cuda = 0.011723
iter 301: gpu_time_cuda = 0.001130
iter 301: download_copy_time_cuda = 0.000127
iter 301: upload_copy_time_cuda = 0.000140

iter 302: cpu_time_cuda = 0.011649
iter 302: gpu_time_cuda = 0.001091
iter 302: download_copy_time_cuda = 0.000123
iter 302: upload_copy_time_cuda = 0.000131

iter 303: cpu_time_cuda = 0.011490
iter 303: gpu_time_cuda = 0.001069
iter 303: download_copy_time_cuda = 0.000116
iter 303: upload_copy_time_cuda = 0.000142

iter 304: cpu_time_cuda = 0.011479
iter 304: gpu_time_cuda = 0.001014
iter 304: download_copy_time_cuda = 0.000109
iter 304: upload_copy_time_cuda = 0.000119

iter 305: cpu_time_cuda = 0.012819
iter 305: gpu_time_cuda = 0.001069
iter 305: download_copy_time_cuda = 0.000103
iter 305: upload_copy_time_cuda = 0.000115

iter 306: cpu_time_cuda = 0.011193
iter 306: gpu_time_cuda = 0.000960
iter 306: download_copy_time_cuda = 0.000098
iter 306: upload_copy_time_cuda = 0.000109

iter 307: cpu_time_cuda = 0.021010
iter 307: gpu_time_cuda = 0.000907
iter 307: download_copy_time_cuda = 0.000093
iter 307: upload_copy_time_cuda = 0.000100

iter 308: cpu_time_cuda = 0.011769
iter 308: gpu_time_cuda = 0.002154
iter 308: download_copy_time_cuda = 0.000375
iter 308: upload_copy_time_cuda = 0.000096

iter 309: cpu_time_cuda = 0.011005
iter 309: gpu_time_cuda = 0.000871
iter 309: download_copy_time_cuda = 0.000083
iter 309: upload_copy_time_cuda = 0.000090

iter 310: cpu_time_cuda = 0.010804
iter 310: gpu_time_cuda = 0.000863
iter 310: download_copy_time_cuda = 0.000078
iter 310: upload_copy_time_cuda = 0.000084

iter 311: cpu_time_cuda = 0.010838
iter 311: gpu_time_cuda = 0.000792
iter 311: download_copy_time_cuda = 0.000073
iter 311: upload_copy_time_cuda = 0.000078

iter 312: cpu_time_cuda = 0.012672
iter 312: gpu_time_cuda = 0.000869
iter 312: download_copy_time_cuda = 0.000068
iter 312: upload_copy_time_cuda = 0.000077

iter 313: cpu_time_cuda = 0.010788
iter 313: gpu_time_cuda = 0.000744
iter 313: download_copy_time_cuda = 0.000064
iter 313: upload_copy_time_cuda = 0.000074

iter 314: cpu_time_cuda = 0.010499
iter 314: gpu_time_cuda = 0.000745
iter 314: download_copy_time_cuda = 0.000059
iter 314: upload_copy_time_cuda = 0.000069

iter 315: cpu_time_cuda = 0.010401
iter 315: gpu_time_cuda = 0.000739
iter 315: download_copy_time_cuda = 0.000056
iter 315: upload_copy_time_cuda = 0.000066

iter 316: cpu_time_cuda = 0.021624
iter 316: gpu_time_cuda = 0.000711
iter 316: download_copy_time_cuda = 0.000053
iter 316: upload_copy_time_cuda = 0.000066

iter 317: cpu_time_cuda = 0.011071
iter 317: gpu_time_cuda = 0.002002
iter 317: download_copy_time_cuda = 0.000049
iter 317: upload_copy_time_cuda = 0.000056

iter 318: cpu_time_cuda = 0.010163
iter 318: gpu_time_cuda = 0.000703
iter 318: download_copy_time_cuda = 0.000046
iter 318: upload_copy_time_cuda = 0.000050

iter 319: cpu_time_cuda = 0.010007
iter 319: gpu_time_cuda = 0.000639
iter 319: download_copy_time_cuda = 0.000043
iter 319: upload_copy_time_cuda = 0.000038

total_cpu_time_cuda = 8.629005
total_gpu_time_cuda = 9.865086
total_copy_time_cuda = 2.063408
main_loop_time_cuda = 20.900990
20480 20480     ---   (  ---  )    257.41 (  22.25)     ---   
total_time = 35.924893
29.42user 7.80system 0:39.20elapsed 94%CPU (0avgtext+0avgdata 13731232maxresident)k
4344inputs+0outputs (1major+840079minor)pagefaults 0swaps
send out message: 22 3 log
