send out message: 24 37 /home/lchen/MAGMA/magma-1.3.0/results
send out message: 20 26 MAGMA_LU_GPUDVFS.total.pwr
MAGMA 1.3.0
device 0: Tesla K20c, 705.5 MHz clock, 4799.6 MB memory, capability 3.5

Usage: /home/lchen/MAGMA/magma-1.3.0/testing/testing_dgetrf -N <m,n> -c -c2 -l
  -N  can be repeated up to 10 times. If only m is given, then m=n.
  -c  or setting $MAGMA_TESTINGS_CHECK checks result, PA - LU.
  -c2 for square matrices, solves one RHS and checks residual, Ax - b.
  -l  or setting $MAGMA_RUN_LAPACK runs LAPACK.

    M     N   CPU GFlop/s (sec)   GPU GFlop/s (sec)   |PA-LU|/(N*|A|)
=========================================================================
init_time = 13.480368
iter 0: cpu_time_cuda = 0.000000
iter 0: gpu_time_cuda = -0.007274
iter 0: download_copy_time_cuda = 0.000000
iter 0: upload_copy_time_cuda = 0.001985

iter 1: cpu_time_cuda = 0.031090
iter 1: gpu_time_cuda = 0.085054
iter 1: download_copy_time_cuda = 0.001870
iter 1: upload_copy_time_cuda = 0.001978

iter1: GPU=0.085054, CPU=0.031090
iter 2: cpu_time_cuda = 0.031014
iter 2: gpu_time_cuda = 0.085241
iter 2: download_copy_time_cuda = 0.001862
iter 2: upload_copy_time_cuda = 0.001994

iter 3: cpu_time_cuda = 0.030899
iter 3: gpu_time_cuda = 0.084420
iter 3: download_copy_time_cuda = 0.001858
iter 3: upload_copy_time_cuda = 0.001955

iter 4: cpu_time_cuda = 0.031017
iter 4: gpu_time_cuda = 0.084204
iter 4: download_copy_time_cuda = 0.001864
iter 4: upload_copy_time_cuda = 0.001952

iter 5: cpu_time_cuda = 0.030886
iter 5: gpu_time_cuda = 0.083338
iter 5: download_copy_time_cuda = 0.001844
iter 5: upload_copy_time_cuda = 0.001938

iter 6: cpu_time_cuda = 0.030982
iter 6: gpu_time_cuda = 0.083245
iter 6: download_copy_time_cuda = 0.001842
iter 6: upload_copy_time_cuda = 0.001939

iter 7: cpu_time_cuda = 0.030744
iter 7: gpu_time_cuda = 0.082316
iter 7: download_copy_time_cuda = 0.001842
iter 7: upload_copy_time_cuda = 0.001931

iter 8: cpu_time_cuda = 0.030623
iter 8: gpu_time_cuda = 0.082310
iter 8: download_copy_time_cuda = 0.001843
iter 8: upload_copy_time_cuda = 0.001929

iter 9: cpu_time_cuda = 0.030782
iter 9: gpu_time_cuda = 0.081522
iter 9: download_copy_time_cuda = 0.001833
iter 9: upload_copy_time_cuda = 0.001929

iter 10: cpu_time_cuda = 0.030450
iter 10: gpu_time_cuda = 0.081253
iter 10: download_copy_time_cuda = 0.001818
iter 10: upload_copy_time_cuda = 0.001916

iter 11: cpu_time_cuda = 0.030305
iter 11: gpu_time_cuda = 0.080001
iter 11: download_copy_time_cuda = 0.001811
iter 11: upload_copy_time_cuda = 0.001903

iter 12: cpu_time_cuda = 0.030438
iter 12: gpu_time_cuda = 0.079742
iter 12: download_copy_time_cuda = 0.001805
iter 12: upload_copy_time_cuda = 0.001905

iter 13: cpu_time_cuda = 0.030199
iter 13: gpu_time_cuda = 0.079075
iter 13: download_copy_time_cuda = 0.001798
iter 13: upload_copy_time_cuda = 0.001898

iter 14: cpu_time_cuda = 0.030026
iter 14: gpu_time_cuda = 0.078929
iter 14: download_copy_time_cuda = 0.001792
iter 14: upload_copy_time_cuda = 0.001890

iter 15: cpu_time_cuda = 0.029918
iter 15: gpu_time_cuda = 0.078224
iter 15: download_copy_time_cuda = 0.001786
iter 15: upload_copy_time_cuda = 0.001880

iter 16: cpu_time_cuda = 0.029817
iter 16: gpu_time_cuda = 0.078024
iter 16: download_copy_time_cuda = 0.001780
iter 16: upload_copy_time_cuda = 0.001873

iter 17: cpu_time_cuda = 0.029732
iter 17: gpu_time_cuda = 0.076819
iter 17: download_copy_time_cuda = 0.001778
iter 17: upload_copy_time_cuda = 0.001866

iter 18: cpu_time_cuda = 0.029677
iter 18: gpu_time_cuda = 0.076664
iter 18: download_copy_time_cuda = 0.001770
iter 18: upload_copy_time_cuda = 0.001868

iter 19: cpu_time_cuda = 0.029531
iter 19: gpu_time_cuda = 0.075748
iter 19: download_copy_time_cuda = 0.001762
iter 19: upload_copy_time_cuda = 0.001859

iter 20: cpu_time_cuda = 0.029565
iter 20: gpu_time_cuda = 0.075891
iter 20: download_copy_time_cuda = 0.001761
iter 20: upload_copy_time_cuda = 0.001853

iter 21: cpu_time_cuda = 0.029567
iter 21: gpu_time_cuda = 0.074972
iter 21: download_copy_time_cuda = 0.001758
iter 21: upload_copy_time_cuda = 0.001846

iter 22: cpu_time_cuda = 0.029296
iter 22: gpu_time_cuda = 0.074970
iter 22: download_copy_time_cuda = 0.001745
iter 22: upload_copy_time_cuda = 0.001841

iter 23: cpu_time_cuda = 0.029172
iter 23: gpu_time_cuda = 0.074143
iter 23: download_copy_time_cuda = 0.001750
iter 23: upload_copy_time_cuda = 0.001838

iter 24: cpu_time_cuda = 0.029030
iter 24: gpu_time_cuda = 0.073868
iter 24: download_copy_time_cuda = 0.001733
iter 24: upload_copy_time_cuda = 0.001829

iter 25: cpu_time_cuda = 0.028929
iter 25: gpu_time_cuda = 0.072819
iter 25: download_copy_time_cuda = 0.001729
iter 25: upload_copy_time_cuda = 0.001822

iter 26: cpu_time_cuda = 0.028916
iter 26: gpu_time_cuda = 0.072987
iter 26: download_copy_time_cuda = 0.001720
iter 26: upload_copy_time_cuda = 0.001818

iter 27: cpu_time_cuda = 0.028844
iter 27: gpu_time_cuda = 0.072069
iter 27: download_copy_time_cuda = 0.001716
iter 27: upload_copy_time_cuda = 0.001819

iter 28: cpu_time_cuda = 0.028671
iter 28: gpu_time_cuda = 0.072424
iter 28: download_copy_time_cuda = 0.001720
iter 28: upload_copy_time_cuda = 0.001806

iter 29: cpu_time_cuda = 0.028597
iter 29: gpu_time_cuda = 0.071255
iter 29: download_copy_time_cuda = 0.001705
iter 29: upload_copy_time_cuda = 0.001801

iter 30: cpu_time_cuda = 0.028535
iter 30: gpu_time_cuda = 0.071006
iter 30: download_copy_time_cuda = 0.001699
iter 30: upload_copy_time_cuda = 0.001795

iter 31: cpu_time_cuda = 0.028417
iter 31: gpu_time_cuda = 0.070038
iter 31: download_copy_time_cuda = 0.001692
iter 31: upload_copy_time_cuda = 0.001805

iter 32: cpu_time_cuda = 0.028283
iter 32: gpu_time_cuda = 0.069642
iter 32: download_copy_time_cuda = 0.001690
iter 32: upload_copy_time_cuda = 0.001778

iter 33: cpu_time_cuda = 0.028186
iter 33: gpu_time_cuda = 0.068942
iter 33: download_copy_time_cuda = 0.001683
iter 33: upload_copy_time_cuda = 0.001775

iter 34: cpu_time_cuda = 0.028109
iter 34: gpu_time_cuda = 0.069432
iter 34: download_copy_time_cuda = 0.001678
iter 34: upload_copy_time_cuda = 0.001767

iter 35: cpu_time_cuda = 0.027990
iter 35: gpu_time_cuda = 0.068440
iter 35: download_copy_time_cuda = 0.001672
iter 35: upload_copy_time_cuda = 0.001763

iter 36: cpu_time_cuda = 0.027870
iter 36: gpu_time_cuda = 0.068288
iter 36: download_copy_time_cuda = 0.001666
iter 36: upload_copy_time_cuda = 0.001755

iter 37: cpu_time_cuda = 0.027824
iter 37: gpu_time_cuda = 0.067339
iter 37: download_copy_time_cuda = 0.001662
iter 37: upload_copy_time_cuda = 0.001758

iter 38: cpu_time_cuda = 0.027696
iter 38: gpu_time_cuda = 0.067067
iter 38: download_copy_time_cuda = 0.001655
iter 38: upload_copy_time_cuda = 0.001744

iter 39: cpu_time_cuda = 0.027635
iter 39: gpu_time_cuda = 0.066082
iter 39: download_copy_time_cuda = 0.001648
iter 39: upload_copy_time_cuda = 0.001734

iter 40: cpu_time_cuda = 0.027530
iter 40: gpu_time_cuda = 0.066290
iter 40: download_copy_time_cuda = 0.001647
iter 40: upload_copy_time_cuda = 0.001734

iter 41: cpu_time_cuda = 0.027414
iter 41: gpu_time_cuda = 0.065636
iter 41: download_copy_time_cuda = 0.001642
iter 41: upload_copy_time_cuda = 0.001726

iter 42: cpu_time_cuda = 0.027294
iter 42: gpu_time_cuda = 0.065486
iter 42: download_copy_time_cuda = 0.001636
iter 42: upload_copy_time_cuda = 0.001719

iter 43: cpu_time_cuda = 0.027186
iter 43: gpu_time_cuda = 0.064614
iter 43: download_copy_time_cuda = 0.001629
iter 43: upload_copy_time_cuda = 0.001714

iter 44: cpu_time_cuda = 0.027147
iter 44: gpu_time_cuda = 0.064307
iter 44: download_copy_time_cuda = 0.001619
iter 44: upload_copy_time_cuda = 0.001710

iter 45: cpu_time_cuda = 0.027000
iter 45: gpu_time_cuda = 0.063312
iter 45: download_copy_time_cuda = 0.001614
iter 45: upload_copy_time_cuda = 0.001696

iter 46: cpu_time_cuda = 0.026904
iter 46: gpu_time_cuda = 0.063476
iter 46: download_copy_time_cuda = 0.001607
iter 46: upload_copy_time_cuda = 0.001697

iter 47: cpu_time_cuda = 0.026885
iter 47: gpu_time_cuda = 0.062726
iter 47: download_copy_time_cuda = 0.001610
iter 47: upload_copy_time_cuda = 0.001683

iter 48: cpu_time_cuda = 0.026720
iter 48: gpu_time_cuda = 0.062924
iter 48: download_copy_time_cuda = 0.001598
iter 48: upload_copy_time_cuda = 0.001678

iter 49: cpu_time_cuda = 0.026626
iter 49: gpu_time_cuda = 0.061856
iter 49: download_copy_time_cuda = 0.001588
iter 49: upload_copy_time_cuda = 0.001679

iter 50: cpu_time_cuda = 0.026542
iter 50: gpu_time_cuda = 0.061475
iter 50: download_copy_time_cuda = 0.001585
iter 50: upload_copy_time_cuda = 0.001667

iter 51: cpu_time_cuda = 0.026493
iter 51: gpu_time_cuda = 0.060760
iter 51: download_copy_time_cuda = 0.001578
iter 51: upload_copy_time_cuda = 0.001661

iter 52: cpu_time_cuda = 0.026379
iter 52: gpu_time_cuda = 0.060939
iter 52: download_copy_time_cuda = 0.001583
iter 52: upload_copy_time_cuda = 0.001656

iter 53: cpu_time_cuda = 0.026299
iter 53: gpu_time_cuda = 0.060186
iter 53: download_copy_time_cuda = 0.001567
iter 53: upload_copy_time_cuda = 0.001668

iter 54: cpu_time_cuda = 0.026276
iter 54: gpu_time_cuda = 0.060003
iter 54: download_copy_time_cuda = 0.001568
iter 54: upload_copy_time_cuda = 0.001642

iter 55: cpu_time_cuda = 0.026083
iter 55: gpu_time_cuda = 0.059846
iter 55: download_copy_time_cuda = 0.001557
iter 55: upload_copy_time_cuda = 0.001641

iter 56: cpu_time_cuda = 0.025942
iter 56: gpu_time_cuda = 0.058881
iter 56: download_copy_time_cuda = 0.001558
iter 56: upload_copy_time_cuda = 0.001637

iter 57: cpu_time_cuda = 0.025839
iter 57: gpu_time_cuda = 0.058111
iter 57: download_copy_time_cuda = 0.001544
iter 57: upload_copy_time_cuda = 0.001628

iter 58: cpu_time_cuda = 0.025818
iter 58: gpu_time_cuda = 0.058097
iter 58: download_copy_time_cuda = 0.001539
iter 58: upload_copy_time_cuda = 0.001642

iter 59: cpu_time_cuda = 0.025661
iter 59: gpu_time_cuda = 0.057416
iter 59: download_copy_time_cuda = 0.001544
iter 59: upload_copy_time_cuda = 0.001616

iter 60: cpu_time_cuda = 0.025565
iter 60: gpu_time_cuda = 0.057646
iter 60: download_copy_time_cuda = 0.001530
iter 60: upload_copy_time_cuda = 0.001609

iter 61: cpu_time_cuda = 0.025509
iter 61: gpu_time_cuda = 0.057406
iter 61: download_copy_time_cuda = 0.001519
iter 61: upload_copy_time_cuda = 0.001606

iter 62: cpu_time_cuda = 0.025560
iter 62: gpu_time_cuda = 0.056396
iter 62: download_copy_time_cuda = 0.001516
iter 62: upload_copy_time_cuda = 0.001600

iter 63: cpu_time_cuda = 0.025301
iter 63: gpu_time_cuda = 0.055568
iter 63: download_copy_time_cuda = 0.001508
iter 63: upload_copy_time_cuda = 0.001591

iter 64: cpu_time_cuda = 0.025157
iter 64: gpu_time_cuda = 0.055786
iter 64: download_copy_time_cuda = 0.001505
iter 64: upload_copy_time_cuda = 0.001583

iter 65: cpu_time_cuda = 0.025015
iter 65: gpu_time_cuda = 0.054954
iter 65: download_copy_time_cuda = 0.001498
iter 65: upload_copy_time_cuda = 0.001574

iter 66: cpu_time_cuda = 0.024947
iter 66: gpu_time_cuda = 0.054984
iter 66: download_copy_time_cuda = 0.001501
iter 66: upload_copy_time_cuda = 0.001573

iter 67: cpu_time_cuda = 0.024876
iter 67: gpu_time_cuda = 0.054563
iter 67: download_copy_time_cuda = 0.001493
iter 67: upload_copy_time_cuda = 0.001566

iter 68: cpu_time_cuda = 0.024813
iter 68: gpu_time_cuda = 0.054092
iter 68: download_copy_time_cuda = 0.001478
iter 68: upload_copy_time_cuda = 0.001557

iter 69: cpu_time_cuda = 0.024648
iter 69: gpu_time_cuda = 0.053110
iter 69: download_copy_time_cuda = 0.001483
iter 69: upload_copy_time_cuda = 0.001551

iter 70: cpu_time_cuda = 0.024609
iter 70: gpu_time_cuda = 0.052868
iter 70: download_copy_time_cuda = 0.001469
iter 70: upload_copy_time_cuda = 0.001548

iter 71: cpu_time_cuda = 0.024474
iter 71: gpu_time_cuda = 0.052425
iter 71: download_copy_time_cuda = 0.001462
iter 71: upload_copy_time_cuda = 0.001540

iter 72: cpu_time_cuda = 0.024354
iter 72: gpu_time_cuda = 0.052412
iter 72: download_copy_time_cuda = 0.001456
iter 72: upload_copy_time_cuda = 0.001535

iter 73: cpu_time_cuda = 0.024347
iter 73: gpu_time_cuda = 0.051644
iter 73: download_copy_time_cuda = 0.001456
iter 73: upload_copy_time_cuda = 0.001525

iter 74: cpu_time_cuda = 0.024378
iter 74: gpu_time_cuda = 0.051348
iter 74: download_copy_time_cuda = 0.001446
iter 74: upload_copy_time_cuda = 0.001540

iter 75: cpu_time_cuda = 0.024112
iter 75: gpu_time_cuda = 0.050601
iter 75: download_copy_time_cuda = 0.001443
iter 75: upload_copy_time_cuda = 0.001520

iter 76: cpu_time_cuda = 0.024006
iter 76: gpu_time_cuda = 0.050563
iter 76: download_copy_time_cuda = 0.001432
iter 76: upload_copy_time_cuda = 0.001514

iter 77: cpu_time_cuda = 0.023945
iter 77: gpu_time_cuda = 0.049965
iter 77: download_copy_time_cuda = 0.001428
iter 77: upload_copy_time_cuda = 0.001506

iter 78: cpu_time_cuda = 0.023842
iter 78: gpu_time_cuda = 0.050506
iter 78: download_copy_time_cuda = 0.001421
iter 78: upload_copy_time_cuda = 0.001500

iter 79: cpu_time_cuda = 0.023719
iter 79: gpu_time_cuda = 0.049128
iter 79: download_copy_time_cuda = 0.001414
iter 79: upload_copy_time_cuda = 0.001490

iter 80: cpu_time_cuda = 0.023611
iter 80: gpu_time_cuda = 0.049106
iter 80: download_copy_time_cuda = 0.001410
iter 80: upload_copy_time_cuda = 0.001489

iter 81: cpu_time_cuda = 0.023541
iter 81: gpu_time_cuda = 0.048598
iter 81: download_copy_time_cuda = 0.001406
iter 81: upload_copy_time_cuda = 0.001485

iter 82: cpu_time_cuda = 0.023456
iter 82: gpu_time_cuda = 0.048142
iter 82: download_copy_time_cuda = 0.001400
iter 82: upload_copy_time_cuda = 0.001482

iter 83: cpu_time_cuda = 0.023311
iter 83: gpu_time_cuda = 0.047480
iter 83: download_copy_time_cuda = 0.001403
iter 83: upload_copy_time_cuda = 0.001469

iter 84: cpu_time_cuda = 0.023178
iter 84: gpu_time_cuda = 0.047484
iter 84: download_copy_time_cuda = 0.001385
iter 84: upload_copy_time_cuda = 0.001466

iter 85: cpu_time_cuda = 0.023080
iter 85: gpu_time_cuda = 0.046528
iter 85: download_copy_time_cuda = 0.001380
iter 85: upload_copy_time_cuda = 0.001456

iter 86: cpu_time_cuda = 0.023034
iter 86: gpu_time_cuda = 0.046935
iter 86: download_copy_time_cuda = 0.001373
iter 86: upload_copy_time_cuda = 0.001449

iter 87: cpu_time_cuda = 0.023067
iter 87: gpu_time_cuda = 0.046855
iter 87: download_copy_time_cuda = 0.001367
iter 87: upload_copy_time_cuda = 0.001445

iter 88: cpu_time_cuda = 0.022787
iter 88: gpu_time_cuda = 0.045744
iter 88: download_copy_time_cuda = 0.001364
iter 88: upload_copy_time_cuda = 0.001442

iter 89: cpu_time_cuda = 0.022745
iter 89: gpu_time_cuda = 0.044847
iter 89: download_copy_time_cuda = 0.001364
iter 89: upload_copy_time_cuda = 0.001432

iter 90: cpu_time_cuda = 0.022691
iter 90: gpu_time_cuda = 0.045124
iter 90: download_copy_time_cuda = 0.001352
iter 90: upload_copy_time_cuda = 0.001426

iter 91: cpu_time_cuda = 0.022525
iter 91: gpu_time_cuda = 0.044867
iter 91: download_copy_time_cuda = 0.001346
iter 91: upload_copy_time_cuda = 0.001418

iter 92: cpu_time_cuda = 0.022455
iter 92: gpu_time_cuda = 0.044925
iter 92: download_copy_time_cuda = 0.001338
iter 92: upload_copy_time_cuda = 0.001430

iter 93: cpu_time_cuda = 0.022400
iter 93: gpu_time_cuda = 0.043945
iter 93: download_copy_time_cuda = 0.001333
iter 93: upload_copy_time_cuda = 0.001405

iter 94: cpu_time_cuda = 0.022221
iter 94: gpu_time_cuda = 0.043482
iter 94: download_copy_time_cuda = 0.001327
iter 94: upload_copy_time_cuda = 0.001396

iter 95: cpu_time_cuda = 0.022160
iter 95: gpu_time_cuda = 0.043226
iter 95: download_copy_time_cuda = 0.001322
iter 95: upload_copy_time_cuda = 0.001392

iter 96: cpu_time_cuda = 0.022035
iter 96: gpu_time_cuda = 0.042654
iter 96: download_copy_time_cuda = 0.001314
iter 96: upload_copy_time_cuda = 0.001386

iter 97: cpu_time_cuda = 0.022006
iter 97: gpu_time_cuda = 0.041982
iter 97: download_copy_time_cuda = 0.001311
iter 97: upload_copy_time_cuda = 0.001381

iter 98: cpu_time_cuda = 0.021868
iter 98: gpu_time_cuda = 0.041993
iter 98: download_copy_time_cuda = 0.001302
iter 98: upload_copy_time_cuda = 0.001374

iter 99: cpu_time_cuda = 0.021764
iter 99: gpu_time_cuda = 0.041581
iter 99: download_copy_time_cuda = 0.001297
iter 99: upload_copy_time_cuda = 0.001365

iter 100: cpu_time_cuda = 0.021647
iter 100: gpu_time_cuda = 0.041309
iter 100: download_copy_time_cuda = 0.001291
iter 100: upload_copy_time_cuda = 0.001363

iter 101: cpu_time_cuda = 0.021583
iter 101: gpu_time_cuda = 0.040659
iter 101: download_copy_time_cuda = 0.001288
iter 101: upload_copy_time_cuda = 0.001358

iter 102: cpu_time_cuda = 0.021518
iter 102: gpu_time_cuda = 0.040407
iter 102: download_copy_time_cuda = 0.001279
iter 102: upload_copy_time_cuda = 0.001353

iter 103: cpu_time_cuda = 0.021398
iter 103: gpu_time_cuda = 0.039938
iter 103: download_copy_time_cuda = 0.001273
iter 103: upload_copy_time_cuda = 0.001342

iter 104: cpu_time_cuda = 0.021249
iter 104: gpu_time_cuda = 0.040160
iter 104: download_copy_time_cuda = 0.001268
iter 104: upload_copy_time_cuda = 0.001336

iter 105: cpu_time_cuda = 0.021168
iter 105: gpu_time_cuda = 0.039525
iter 105: download_copy_time_cuda = 0.001262
iter 105: upload_copy_time_cuda = 0.001330

iter 106: cpu_time_cuda = 0.021039
iter 106: gpu_time_cuda = 0.039238
iter 106: download_copy_time_cuda = 0.001258
iter 106: upload_copy_time_cuda = 0.001326

iter 107: cpu_time_cuda = 0.020954
iter 107: gpu_time_cuda = 0.038426
iter 107: download_copy_time_cuda = 0.001249
iter 107: upload_copy_time_cuda = 0.001321

iter 108: cpu_time_cuda = 0.020905
iter 108: gpu_time_cuda = 0.038198
iter 108: download_copy_time_cuda = 0.001244
iter 108: upload_copy_time_cuda = 0.001312

iter 109: cpu_time_cuda = 0.020796
iter 109: gpu_time_cuda = 0.037809
iter 109: download_copy_time_cuda = 0.001239
iter 109: upload_copy_time_cuda = 0.001306

iter 110: cpu_time_cuda = 0.020664
iter 110: gpu_time_cuda = 0.037739
iter 110: download_copy_time_cuda = 0.001233
iter 110: upload_copy_time_cuda = 0.001302

iter 111: cpu_time_cuda = 0.020575
iter 111: gpu_time_cuda = 0.037150
iter 111: download_copy_time_cuda = 0.001226
iter 111: upload_copy_time_cuda = 0.001298

iter 112: cpu_time_cuda = 0.020472
iter 112: gpu_time_cuda = 0.037071
iter 112: download_copy_time_cuda = 0.001217
iter 112: upload_copy_time_cuda = 0.001291

iter 113: cpu_time_cuda = 0.020442
iter 113: gpu_time_cuda = 0.036373
iter 113: download_copy_time_cuda = 0.001215
iter 113: upload_copy_time_cuda = 0.001285

iter 114: cpu_time_cuda = 0.020298
iter 114: gpu_time_cuda = 0.036850
iter 114: download_copy_time_cuda = 0.001206
iter 114: upload_copy_time_cuda = 0.001278

iter 115: cpu_time_cuda = 0.020183
iter 115: gpu_time_cuda = 0.035662
iter 115: download_copy_time_cuda = 0.001203
iter 115: upload_copy_time_cuda = 0.001273

iter 116: cpu_time_cuda = 0.020167
iter 116: gpu_time_cuda = 0.035659
iter 116: download_copy_time_cuda = 0.001201
iter 116: upload_copy_time_cuda = 0.001263

iter 117: cpu_time_cuda = 0.019994
iter 117: gpu_time_cuda = 0.034989
iter 117: download_copy_time_cuda = 0.001187
iter 117: upload_copy_time_cuda = 0.001258

iter 118: cpu_time_cuda = 0.019962
iter 118: gpu_time_cuda = 0.035160
iter 118: download_copy_time_cuda = 0.001184
iter 118: upload_copy_time_cuda = 0.001254

iter 119: cpu_time_cuda = 0.019811
iter 119: gpu_time_cuda = 0.034983
iter 119: download_copy_time_cuda = 0.001178
iter 119: upload_copy_time_cuda = 0.001246

iter 120: cpu_time_cuda = 0.019692
iter 120: gpu_time_cuda = 0.034554
iter 120: download_copy_time_cuda = 0.001171
iter 120: upload_copy_time_cuda = 0.001241

iter 121: cpu_time_cuda = 0.019593
iter 121: gpu_time_cuda = 0.033737
iter 121: download_copy_time_cuda = 0.001167
iter 121: upload_copy_time_cuda = 0.001234

iter 122: cpu_time_cuda = 0.019529
iter 122: gpu_time_cuda = 0.033797
iter 122: download_copy_time_cuda = 0.001168
iter 122: upload_copy_time_cuda = 0.001226

iter 123: cpu_time_cuda = 0.019526
iter 123: gpu_time_cuda = 0.033229
iter 123: download_copy_time_cuda = 0.001153
iter 123: upload_copy_time_cuda = 0.001223

iter 124: cpu_time_cuda = 0.019366
iter 124: gpu_time_cuda = 0.032945
iter 124: download_copy_time_cuda = 0.001147
iter 124: upload_copy_time_cuda = 0.001211

iter 125: cpu_time_cuda = 0.019274
iter 125: gpu_time_cuda = 0.032685
iter 125: download_copy_time_cuda = 0.001143
iter 125: upload_copy_time_cuda = 0.001208

iter 126: cpu_time_cuda = 0.019114
iter 126: gpu_time_cuda = 0.032231
iter 126: download_copy_time_cuda = 0.001136
iter 126: upload_copy_time_cuda = 0.001206

iter 127: cpu_time_cuda = 0.019003
iter 127: gpu_time_cuda = 0.031657
iter 127: download_copy_time_cuda = 0.001132
iter 127: upload_copy_time_cuda = 0.001197

iter 128: cpu_time_cuda = 0.018886
iter 128: gpu_time_cuda = 0.031466
iter 128: download_copy_time_cuda = 0.001124
iter 128: upload_copy_time_cuda = 0.001194

iter 129: cpu_time_cuda = 0.018814
iter 129: gpu_time_cuda = 0.030847
iter 129: download_copy_time_cuda = 0.001132
iter 129: upload_copy_time_cuda = 0.001183

iter 130: cpu_time_cuda = 0.018712
iter 130: gpu_time_cuda = 0.031869
iter 130: download_copy_time_cuda = 0.001123
iter 130: upload_copy_time_cuda = 0.001178

iter 131: cpu_time_cuda = 0.018608
iter 131: gpu_time_cuda = 0.030830
iter 131: download_copy_time_cuda = 0.001109
iter 131: upload_copy_time_cuda = 0.001171

iter 132: cpu_time_cuda = 0.018519
iter 132: gpu_time_cuda = 0.030309
iter 132: download_copy_time_cuda = 0.001104
iter 132: upload_copy_time_cuda = 0.001167

iter 133: cpu_time_cuda = 0.018432
iter 133: gpu_time_cuda = 0.029751
iter 133: download_copy_time_cuda = 0.001099
iter 133: upload_copy_time_cuda = 0.001160

iter 134: cpu_time_cuda = 0.018342
iter 134: gpu_time_cuda = 0.029555
iter 134: download_copy_time_cuda = 0.001090
iter 134: upload_copy_time_cuda = 0.001153

iter 135: cpu_time_cuda = 0.018229
iter 135: gpu_time_cuda = 0.029212
iter 135: download_copy_time_cuda = 0.001085
iter 135: upload_copy_time_cuda = 0.001146

iter 136: cpu_time_cuda = 0.018323
iter 136: gpu_time_cuda = 0.029563
iter 136: download_copy_time_cuda = 0.001079
iter 136: upload_copy_time_cuda = 0.001144

iter 137: cpu_time_cuda = 0.018062
iter 137: gpu_time_cuda = 0.028766
iter 137: download_copy_time_cuda = 0.001079
iter 137: upload_copy_time_cuda = 0.001133

iter 138: cpu_time_cuda = 0.017971
iter 138: gpu_time_cuda = 0.028471
iter 138: download_copy_time_cuda = 0.001067
iter 138: upload_copy_time_cuda = 0.001129

iter 139: cpu_time_cuda = 0.017891
iter 139: gpu_time_cuda = 0.028017
iter 139: download_copy_time_cuda = 0.001061
iter 139: upload_copy_time_cuda = 0.001123

iter 140: cpu_time_cuda = 0.017782
iter 140: gpu_time_cuda = 0.027911
iter 140: download_copy_time_cuda = 0.001057
iter 140: upload_copy_time_cuda = 0.001115

iter 141: cpu_time_cuda = 0.017654
iter 141: gpu_time_cuda = 0.027807
iter 141: download_copy_time_cuda = 0.001050
iter 141: upload_copy_time_cuda = 0.001108

iter 142: cpu_time_cuda = 0.017574
iter 142: gpu_time_cuda = 0.027427
iter 142: download_copy_time_cuda = 0.001045
iter 142: upload_copy_time_cuda = 0.001103

iter 143: cpu_time_cuda = 0.017487
iter 143: gpu_time_cuda = 0.026705
iter 143: download_copy_time_cuda = 0.001039
iter 143: upload_copy_time_cuda = 0.001100

iter 144: cpu_time_cuda = 0.017397
iter 144: gpu_time_cuda = 0.026929
iter 144: download_copy_time_cuda = 0.001032
iter 144: upload_copy_time_cuda = 0.001167

iter 145: cpu_time_cuda = 0.017281
iter 145: gpu_time_cuda = 0.026564
iter 145: download_copy_time_cuda = 0.001026
iter 145: upload_copy_time_cuda = 0.001087

iter 146: cpu_time_cuda = 0.017190
iter 146: gpu_time_cuda = 0.026856
iter 146: download_copy_time_cuda = 0.001022
iter 146: upload_copy_time_cuda = 0.001082

iter 147: cpu_time_cuda = 0.017082
iter 147: gpu_time_cuda = 0.025636
iter 147: download_copy_time_cuda = 0.001014
iter 147: upload_copy_time_cuda = 0.001073

iter 148: cpu_time_cuda = 0.016947
iter 148: gpu_time_cuda = 0.025798
iter 148: download_copy_time_cuda = 0.001009
iter 148: upload_copy_time_cuda = 0.001071

iter 149: cpu_time_cuda = 0.016938
iter 149: gpu_time_cuda = 0.024883
iter 149: download_copy_time_cuda = 0.001004
iter 149: upload_copy_time_cuda = 0.001062

iter 150: cpu_time_cuda = 0.016765
iter 150: gpu_time_cuda = 0.026426
iter 150: download_copy_time_cuda = 0.000996
iter 150: upload_copy_time_cuda = 0.001058

iter 151: cpu_time_cuda = 0.016740
iter 151: gpu_time_cuda = 0.024923
iter 151: download_copy_time_cuda = 0.000992
iter 151: upload_copy_time_cuda = 0.001049

iter 152: cpu_time_cuda = 0.016591
iter 152: gpu_time_cuda = 0.024359
iter 152: download_copy_time_cuda = 0.000984
iter 152: upload_copy_time_cuda = 0.001044

iter 153: cpu_time_cuda = 0.016489
iter 153: gpu_time_cuda = 0.023752
iter 153: download_copy_time_cuda = 0.000980
iter 153: upload_copy_time_cuda = 0.001039

iter 154: cpu_time_cuda = 0.016387
iter 154: gpu_time_cuda = 0.023846
iter 154: download_copy_time_cuda = 0.000973
iter 154: upload_copy_time_cuda = 0.001031

iter 155: cpu_time_cuda = 0.016323
iter 155: gpu_time_cuda = 0.023290
iter 155: download_copy_time_cuda = 0.000975
iter 155: upload_copy_time_cuda = 0.001026

iter 156: cpu_time_cuda = 0.016207
iter 156: gpu_time_cuda = 0.023483
iter 156: download_copy_time_cuda = 0.000963
iter 156: upload_copy_time_cuda = 0.001020

iter 157: cpu_time_cuda = 0.016115
iter 157: gpu_time_cuda = 0.022624
iter 157: download_copy_time_cuda = 0.000958
iter 157: upload_copy_time_cuda = 0.001012

iter 158: cpu_time_cuda = 0.016075
iter 158: gpu_time_cuda = 0.022676
iter 158: download_copy_time_cuda = 0.000952
iter 158: upload_copy_time_cuda = 0.001010

iter 159: cpu_time_cuda = 0.015941
iter 159: gpu_time_cuda = 0.022147
iter 159: download_copy_time_cuda = 0.000950
iter 159: upload_copy_time_cuda = 0.001015

iter 160: cpu_time_cuda = 0.015852
iter 160: gpu_time_cuda = 0.022691
iter 160: download_copy_time_cuda = 0.000942
iter 160: upload_copy_time_cuda = 0.000993

iter 161: cpu_time_cuda = 0.015708
iter 161: gpu_time_cuda = 0.021619
iter 161: download_copy_time_cuda = 0.000936
iter 161: upload_copy_time_cuda = 0.000988

iter 162: cpu_time_cuda = 0.015647
iter 162: gpu_time_cuda = 0.021733
iter 162: download_copy_time_cuda = 0.000931
iter 162: upload_copy_time_cuda = 0.000983

iter 163: cpu_time_cuda = 0.015590
iter 163: gpu_time_cuda = 0.023690
iter 163: download_copy_time_cuda = 0.000925
iter 163: upload_copy_time_cuda = 0.000976

iter 164: cpu_time_cuda = 0.015431
iter 164: gpu_time_cuda = 0.021082
iter 164: download_copy_time_cuda = 0.000921
iter 164: upload_copy_time_cuda = 0.000971

iter 165: cpu_time_cuda = 0.015342
iter 165: gpu_time_cuda = 0.020848
iter 165: download_copy_time_cuda = 0.000914
iter 165: upload_copy_time_cuda = 0.000965

iter 166: cpu_time_cuda = 0.015227
iter 166: gpu_time_cuda = 0.020493
iter 166: download_copy_time_cuda = 0.000907
iter 166: upload_copy_time_cuda = 0.000961

iter 167: cpu_time_cuda = 0.015140
iter 167: gpu_time_cuda = 0.020098
iter 167: download_copy_time_cuda = 0.000899
iter 167: upload_copy_time_cuda = 0.000954

iter 168: cpu_time_cuda = 0.015078
iter 168: gpu_time_cuda = 0.020078
iter 168: download_copy_time_cuda = 0.000895
iter 168: upload_copy_time_cuda = 0.000945

iter 169: cpu_time_cuda = 0.014922
iter 169: gpu_time_cuda = 0.019750
iter 169: download_copy_time_cuda = 0.000890
iter 169: upload_copy_time_cuda = 0.000941

iter 170: cpu_time_cuda = 0.014812
iter 170: gpu_time_cuda = 0.019662
iter 170: download_copy_time_cuda = 0.000885
iter 170: upload_copy_time_cuda = 0.000934

iter 171: cpu_time_cuda = 0.014769
iter 171: gpu_time_cuda = 0.019047
iter 171: download_copy_time_cuda = 0.000877
iter 171: upload_copy_time_cuda = 0.000928

iter 172: cpu_time_cuda = 0.014620
iter 172: gpu_time_cuda = 0.019256
iter 172: download_copy_time_cuda = 0.000872
iter 172: upload_copy_time_cuda = 0.000921

iter 173: cpu_time_cuda = 0.014546
iter 173: gpu_time_cuda = 0.018925
iter 173: download_copy_time_cuda = 0.000868
iter 173: upload_copy_time_cuda = 0.000914

iter 174: cpu_time_cuda = 0.014433
iter 174: gpu_time_cuda = 0.018616
iter 174: download_copy_time_cuda = 0.000861
iter 174: upload_copy_time_cuda = 0.000908

iter 175: cpu_time_cuda = 0.014351
iter 175: gpu_time_cuda = 0.018064
iter 175: download_copy_time_cuda = 0.000855
iter 175: upload_copy_time_cuda = 0.000905

iter 176: cpu_time_cuda = 0.014228
iter 176: gpu_time_cuda = 0.018237
iter 176: download_copy_time_cuda = 0.000848
iter 176: upload_copy_time_cuda = 0.000899

iter 177: cpu_time_cuda = 0.014144
iter 177: gpu_time_cuda = 0.017789
iter 177: download_copy_time_cuda = 0.000843
iter 177: upload_copy_time_cuda = 0.000893

iter 178: cpu_time_cuda = 0.014048
iter 178: gpu_time_cuda = 0.018393
iter 178: download_copy_time_cuda = 0.000837
iter 178: upload_copy_time_cuda = 0.000886

iter 179: cpu_time_cuda = 0.014027
iter 179: gpu_time_cuda = 0.017313
iter 179: download_copy_time_cuda = 0.000831
iter 179: upload_copy_time_cuda = 0.000879

iter 180: cpu_time_cuda = 0.013876
iter 180: gpu_time_cuda = 0.017087
iter 180: download_copy_time_cuda = 0.000824
iter 180: upload_copy_time_cuda = 0.000875

iter 181: cpu_time_cuda = 0.013772
iter 181: gpu_time_cuda = 0.016645
iter 181: download_copy_time_cuda = 0.000822
iter 181: upload_copy_time_cuda = 0.000869

iter 182: cpu_time_cuda = 0.013664
iter 182: gpu_time_cuda = 0.016656
iter 182: download_copy_time_cuda = 0.000814
iter 182: upload_copy_time_cuda = 0.000861

iter 183: cpu_time_cuda = 0.013567
iter 183: gpu_time_cuda = 0.016272
iter 183: download_copy_time_cuda = 0.000809
iter 183: upload_copy_time_cuda = 0.000853

iter 184: cpu_time_cuda = 0.013443
iter 184: gpu_time_cuda = 0.016251
iter 184: download_copy_time_cuda = 0.000801
iter 184: upload_copy_time_cuda = 0.000848

iter 185: cpu_time_cuda = 0.013380
iter 185: gpu_time_cuda = 0.015714
iter 185: download_copy_time_cuda = 0.000796
iter 185: upload_copy_time_cuda = 0.000843

iter 186: cpu_time_cuda = 0.013281
iter 186: gpu_time_cuda = 0.015740
iter 186: download_copy_time_cuda = 0.000790
iter 186: upload_copy_time_cuda = 0.000835

iter 187: cpu_time_cuda = 0.013205
iter 187: gpu_time_cuda = 0.015496
iter 187: download_copy_time_cuda = 0.000784
iter 187: upload_copy_time_cuda = 0.000839

iter 188: cpu_time_cuda = 0.013100
iter 188: gpu_time_cuda = 0.017118
iter 188: download_copy_time_cuda = 0.000788
iter 188: upload_copy_time_cuda = 0.000826

iter 189: cpu_time_cuda = 0.012974
iter 189: gpu_time_cuda = 0.014953
iter 189: download_copy_time_cuda = 0.000774
iter 189: upload_copy_time_cuda = 0.000818

iter 190: cpu_time_cuda = 0.012877
iter 190: gpu_time_cuda = 0.014862
iter 190: download_copy_time_cuda = 0.000767
iter 190: upload_copy_time_cuda = 0.000811

iter 191: cpu_time_cuda = 0.012759
iter 191: gpu_time_cuda = 0.014449
iter 191: download_copy_time_cuda = 0.000764
iter 191: upload_copy_time_cuda = 0.000805

iter 192: cpu_time_cuda = 0.012686
iter 192: gpu_time_cuda = 0.014608
iter 192: download_copy_time_cuda = 0.000757
iter 192: upload_copy_time_cuda = 0.000800

iter 193: cpu_time_cuda = 0.012572
iter 193: gpu_time_cuda = 0.013965
iter 193: download_copy_time_cuda = 0.000753
iter 193: upload_copy_time_cuda = 0.000794

iter 194: cpu_time_cuda = 0.012469
iter 194: gpu_time_cuda = 0.014887
iter 194: download_copy_time_cuda = 0.000746
iter 194: upload_copy_time_cuda = 0.000787

iter 195: cpu_time_cuda = 0.012355
iter 195: gpu_time_cuda = 0.013813
iter 195: download_copy_time_cuda = 0.000742
iter 195: upload_copy_time_cuda = 0.000780

iter 196: cpu_time_cuda = 0.012264
iter 196: gpu_time_cuda = 0.013555
iter 196: download_copy_time_cuda = 0.000733
iter 196: upload_copy_time_cuda = 0.000776

iter 197: cpu_time_cuda = 0.012179
iter 197: gpu_time_cuda = 0.013217
iter 197: download_copy_time_cuda = 0.000729
iter 197: upload_copy_time_cuda = 0.000771

iter 198: cpu_time_cuda = 0.012118
iter 198: gpu_time_cuda = 0.013454
iter 198: download_copy_time_cuda = 0.000725
iter 198: upload_copy_time_cuda = 0.000765

iter 199: cpu_time_cuda = 0.012038
iter 199: gpu_time_cuda = 0.013273
iter 199: download_copy_time_cuda = 0.000717
iter 199: upload_copy_time_cuda = 0.000758

iter 200: cpu_time_cuda = 0.011899
iter 200: gpu_time_cuda = 0.012825
iter 200: download_copy_time_cuda = 0.000711
iter 200: upload_copy_time_cuda = 0.000751

iter 201: cpu_time_cuda = 0.011804
iter 201: gpu_time_cuda = 0.012255
iter 201: download_copy_time_cuda = 0.000709
iter 201: upload_copy_time_cuda = 0.000746

iter 202: cpu_time_cuda = 0.011721
iter 202: gpu_time_cuda = 0.012328
iter 202: download_copy_time_cuda = 0.000700
iter 202: upload_copy_time_cuda = 0.000739

iter 203: cpu_time_cuda = 0.011606
iter 203: gpu_time_cuda = 0.012166
iter 203: download_copy_time_cuda = 0.000695
iter 203: upload_copy_time_cuda = 0.000734

iter 204: cpu_time_cuda = 0.011507
iter 204: gpu_time_cuda = 0.012263
iter 204: download_copy_time_cuda = 0.000689
iter 204: upload_copy_time_cuda = 0.000727

iter 205: cpu_time_cuda = 0.011408
iter 205: gpu_time_cuda = 0.011717
iter 205: download_copy_time_cuda = 0.000684
iter 205: upload_copy_time_cuda = 0.000721

iter 206: cpu_time_cuda = 0.011314
iter 206: gpu_time_cuda = 0.011731
iter 206: download_copy_time_cuda = 0.000678
iter 206: upload_copy_time_cuda = 0.000714

iter 207: cpu_time_cuda = 0.011255
iter 207: gpu_time_cuda = 0.011190
iter 207: download_copy_time_cuda = 0.000671
iter 207: upload_copy_time_cuda = 0.000710

iter 208: cpu_time_cuda = 0.011126
iter 208: gpu_time_cuda = 0.011478
iter 208: download_copy_time_cuda = 0.000665
iter 208: upload_copy_time_cuda = 0.000704

iter 209: cpu_time_cuda = 0.011002
iter 209: gpu_time_cuda = 0.011510
iter 209: download_copy_time_cuda = 0.000659
iter 209: upload_copy_time_cuda = 0.000698

iter 210: cpu_time_cuda = 0.010900
iter 210: gpu_time_cuda = 0.010850
iter 210: download_copy_time_cuda = 0.000651
iter 210: upload_copy_time_cuda = 0.000690

iter 211: cpu_time_cuda = 0.010820
iter 211: gpu_time_cuda = 0.010507
iter 211: download_copy_time_cuda = 0.000655
iter 211: upload_copy_time_cuda = 0.000685

iter 212: cpu_time_cuda = 0.010706
iter 212: gpu_time_cuda = 0.010400
iter 212: download_copy_time_cuda = 0.000641
iter 212: upload_copy_time_cuda = 0.000680

iter 213: cpu_time_cuda = 0.010630
iter 213: gpu_time_cuda = 0.010152
iter 213: download_copy_time_cuda = 0.000643
iter 213: upload_copy_time_cuda = 0.000671

iter 214: cpu_time_cuda = 0.010537
iter 214: gpu_time_cuda = 0.011662
iter 214: download_copy_time_cuda = 0.000630
iter 214: upload_copy_time_cuda = 0.000666

iter 215: cpu_time_cuda = 0.010481
iter 215: gpu_time_cuda = 0.010525
iter 215: download_copy_time_cuda = 0.000626
iter 215: upload_copy_time_cuda = 0.000659

iter 216: cpu_time_cuda = 0.010312
iter 216: gpu_time_cuda = 0.009727
iter 216: download_copy_time_cuda = 0.000630
iter 216: upload_copy_time_cuda = 0.000655

iter 217: cpu_time_cuda = 0.010213
iter 217: gpu_time_cuda = 0.009334
iter 217: download_copy_time_cuda = 0.000614
iter 217: upload_copy_time_cuda = 0.000647

iter 218: cpu_time_cuda = 0.010132
iter 218: gpu_time_cuda = 0.009348
iter 218: download_copy_time_cuda = 0.000607
iter 218: upload_copy_time_cuda = 0.000642

iter 219: cpu_time_cuda = 0.010044
iter 219: gpu_time_cuda = 0.010131
iter 219: download_copy_time_cuda = 0.000601
iter 219: upload_copy_time_cuda = 0.000636

iter 220: cpu_time_cuda = 0.009926
iter 220: gpu_time_cuda = 0.009178
iter 220: download_copy_time_cuda = 0.000595
iter 220: upload_copy_time_cuda = 0.000628

iter 221: cpu_time_cuda = 0.009846
iter 221: gpu_time_cuda = 0.008743
iter 221: download_copy_time_cuda = 0.000590
iter 221: upload_copy_time_cuda = 0.000623

iter 222: cpu_time_cuda = 0.009792
iter 222: gpu_time_cuda = 0.008623
iter 222: download_copy_time_cuda = 0.000585
iter 222: upload_copy_time_cuda = 0.000626

iter 223: cpu_time_cuda = 0.009675
iter 223: gpu_time_cuda = 0.008437
iter 223: download_copy_time_cuda = 0.000580
iter 223: upload_copy_time_cuda = 0.000610

iter 224: cpu_time_cuda = 0.009654
iter 224: gpu_time_cuda = 0.009075
iter 224: download_copy_time_cuda = 0.000574
iter 224: upload_copy_time_cuda = 0.000605

iter 225: cpu_time_cuda = 0.009443
iter 225: gpu_time_cuda = 0.008084
iter 225: download_copy_time_cuda = 0.000563
iter 225: upload_copy_time_cuda = 0.000599

iter 226: cpu_time_cuda = 0.009364
iter 226: gpu_time_cuda = 0.008098
iter 226: download_copy_time_cuda = 0.000561
iter 226: upload_copy_time_cuda = 0.000594

iter 227: cpu_time_cuda = 0.009290
iter 227: gpu_time_cuda = 0.007882
iter 227: download_copy_time_cuda = 0.000556
iter 227: upload_copy_time_cuda = 0.000586

iter 228: cpu_time_cuda = 0.009164
iter 228: gpu_time_cuda = 0.007699
iter 228: download_copy_time_cuda = 0.000549
iter 228: upload_copy_time_cuda = 0.000581

iter 229: cpu_time_cuda = 0.009082
iter 229: gpu_time_cuda = 0.007398
iter 229: download_copy_time_cuda = 0.000544
iter 229: upload_copy_time_cuda = 0.000575

iter 230: cpu_time_cuda = 0.008991
iter 230: gpu_time_cuda = 0.007414
iter 230: download_copy_time_cuda = 0.000538
iter 230: upload_copy_time_cuda = 0.000569

iter 231: cpu_time_cuda = 0.008878
iter 231: gpu_time_cuda = 0.007567
iter 231: download_copy_time_cuda = 0.000533
iter 231: upload_copy_time_cuda = 0.000563

iter 232: cpu_time_cuda = 0.008761
iter 232: gpu_time_cuda = 0.007122
iter 232: download_copy_time_cuda = 0.000527
iter 232: upload_copy_time_cuda = 0.000557

iter 233: cpu_time_cuda = 0.008646
iter 233: gpu_time_cuda = 0.006792
iter 233: download_copy_time_cuda = 0.000522
iter 233: upload_copy_time_cuda = 0.000550

iter 234: cpu_time_cuda = 0.008541
iter 234: gpu_time_cuda = 0.006847
iter 234: download_copy_time_cuda = 0.000515
iter 234: upload_copy_time_cuda = 0.000552

iter 235: cpu_time_cuda = 0.008619
iter 235: gpu_time_cuda = 0.006574
iter 235: download_copy_time_cuda = 0.000513
iter 235: upload_copy_time_cuda = 0.000537

iter 236: cpu_time_cuda = 0.008370
iter 236: gpu_time_cuda = 0.006799
iter 236: download_copy_time_cuda = 0.000506
iter 236: upload_copy_time_cuda = 0.000533

iter 237: cpu_time_cuda = 0.008261
iter 237: gpu_time_cuda = 0.006391
iter 237: download_copy_time_cuda = 0.000500
iter 237: upload_copy_time_cuda = 0.000526

iter 238: cpu_time_cuda = 0.008154
iter 238: gpu_time_cuda = 0.006199
iter 238: download_copy_time_cuda = 0.000493
iter 238: upload_copy_time_cuda = 0.000522

iter 239: cpu_time_cuda = 0.008068
iter 239: gpu_time_cuda = 0.005989
iter 239: download_copy_time_cuda = 0.000486
iter 239: upload_copy_time_cuda = 0.000514

iter 240: cpu_time_cuda = 0.007951
iter 240: gpu_time_cuda = 0.006133
iter 240: download_copy_time_cuda = 0.000481
iter 240: upload_copy_time_cuda = 0.000508

iter 241: cpu_time_cuda = 0.007950
iter 241: gpu_time_cuda = 0.006559
iter 241: download_copy_time_cuda = 0.000475
iter 241: upload_copy_time_cuda = 0.000499

iter 242: cpu_time_cuda = 0.007765
iter 242: gpu_time_cuda = 0.005722
iter 242: download_copy_time_cuda = 0.000469
iter 242: upload_copy_time_cuda = 0.000496

iter 243: cpu_time_cuda = 0.007678
iter 243: gpu_time_cuda = 0.005366
iter 243: download_copy_time_cuda = 0.000463
iter 243: upload_copy_time_cuda = 0.000489

iter 244: cpu_time_cuda = 0.007573
iter 244: gpu_time_cuda = 0.005352
iter 244: download_copy_time_cuda = 0.000456
iter 244: upload_copy_time_cuda = 0.000482

iter 245: cpu_time_cuda = 0.007499
iter 245: gpu_time_cuda = 0.005279
iter 245: download_copy_time_cuda = 0.000452
iter 245: upload_copy_time_cuda = 0.000478

iter 246: cpu_time_cuda = 0.007390
iter 246: gpu_time_cuda = 0.005636
iter 246: download_copy_time_cuda = 0.000448
iter 246: upload_copy_time_cuda = 0.000469

iter 247: cpu_time_cuda = 0.007289
iter 247: gpu_time_cuda = 0.005203
iter 247: download_copy_time_cuda = 0.000440
iter 247: upload_copy_time_cuda = 0.000465

iter 248: cpu_time_cuda = 0.007292
iter 248: gpu_time_cuda = 0.004844
iter 248: download_copy_time_cuda = 0.000434
iter 248: upload_copy_time_cuda = 0.000463

iter 249: cpu_time_cuda = 0.007068
iter 249: gpu_time_cuda = 0.004602
iter 249: download_copy_time_cuda = 0.000427
iter 249: upload_copy_time_cuda = 0.000457

iter 250: cpu_time_cuda = 0.006976
iter 250: gpu_time_cuda = 0.004814
iter 250: download_copy_time_cuda = 0.000424
iter 250: upload_copy_time_cuda = 0.000446

iter 251: cpu_time_cuda = 0.006880
iter 251: gpu_time_cuda = 0.004918
iter 251: download_copy_time_cuda = 0.000418
iter 251: upload_copy_time_cuda = 0.000441

iter 252: cpu_time_cuda = 0.006779
iter 252: gpu_time_cuda = 0.004519
iter 252: download_copy_time_cuda = 0.000412
iter 252: upload_copy_time_cuda = 0.000435

iter 253: cpu_time_cuda = 0.006680
iter 253: gpu_time_cuda = 0.004174
iter 253: download_copy_time_cuda = 0.000405
iter 253: upload_copy_time_cuda = 0.000429

iter 254: cpu_time_cuda = 0.006591
iter 254: gpu_time_cuda = 0.004143
iter 254: download_copy_time_cuda = 0.000400
iter 254: upload_copy_time_cuda = 0.000425

iter 255: cpu_time_cuda = 0.006481
iter 255: gpu_time_cuda = 0.003955
iter 255: download_copy_time_cuda = 0.000393
iter 255: upload_copy_time_cuda = 0.000417

iter 256: cpu_time_cuda = 0.006550
iter 256: gpu_time_cuda = 0.004133
iter 256: download_copy_time_cuda = 0.000386
iter 256: upload_copy_time_cuda = 0.000410

iter 257: cpu_time_cuda = 0.006196
iter 257: gpu_time_cuda = 0.003991
iter 257: download_copy_time_cuda = 0.000382
iter 257: upload_copy_time_cuda = 0.000408

iter 258: cpu_time_cuda = 0.006111
iter 258: gpu_time_cuda = 0.003842
iter 258: download_copy_time_cuda = 0.000376
iter 258: upload_copy_time_cuda = 0.000398

iter 259: cpu_time_cuda = 0.006027
iter 259: gpu_time_cuda = 0.003493
iter 259: download_copy_time_cuda = 0.000371
iter 259: upload_copy_time_cuda = 0.000391

iter 260: cpu_time_cuda = 0.005922
iter 260: gpu_time_cuda = 0.003544
iter 260: download_copy_time_cuda = 0.000364
iter 260: upload_copy_time_cuda = 0.000386

iter 261: cpu_time_cuda = 0.005815
iter 261: gpu_time_cuda = 0.003240
iter 261: download_copy_time_cuda = 0.000359
iter 261: upload_copy_time_cuda = 0.000380

iter 262: cpu_time_cuda = 0.005727
iter 262: gpu_time_cuda = 0.003334
iter 262: download_copy_time_cuda = 0.000353
iter 262: upload_copy_time_cuda = 0.000373

iter 263: cpu_time_cuda = 0.005628
iter 263: gpu_time_cuda = 0.003464
iter 263: download_copy_time_cuda = 0.000348
iter 263: upload_copy_time_cuda = 0.000367

iter 264: cpu_time_cuda = 0.005551
iter 264: gpu_time_cuda = 0.003277
iter 264: download_copy_time_cuda = 0.000342
iter 264: upload_copy_time_cuda = 0.000362

iter 265: cpu_time_cuda = 0.005498
iter 265: gpu_time_cuda = 0.002987
iter 265: download_copy_time_cuda = 0.000344
iter 265: upload_copy_time_cuda = 0.000352

iter 266: cpu_time_cuda = 0.005344
iter 266: gpu_time_cuda = 0.002995
iter 266: download_copy_time_cuda = 0.000328
iter 266: upload_copy_time_cuda = 0.000348

iter 267: cpu_time_cuda = 0.005273
iter 267: gpu_time_cuda = 0.003073
iter 267: download_copy_time_cuda = 0.000324
iter 267: upload_copy_time_cuda = 0.000342

iter 268: cpu_time_cuda = 0.005180
iter 268: gpu_time_cuda = 0.002820
iter 268: download_copy_time_cuda = 0.000319
iter 268: upload_copy_time_cuda = 0.000336

iter 269: cpu_time_cuda = 0.005073
iter 269: gpu_time_cuda = 0.002538
iter 269: download_copy_time_cuda = 0.000313
iter 269: upload_copy_time_cuda = 0.000330

iter 270: cpu_time_cuda = 0.004961
iter 270: gpu_time_cuda = 0.002509
iter 270: download_copy_time_cuda = 0.000307
iter 270: upload_copy_time_cuda = 0.000324

iter 271: cpu_time_cuda = 0.004865
iter 271: gpu_time_cuda = 0.002365
iter 271: download_copy_time_cuda = 0.000300
iter 271: upload_copy_time_cuda = 0.000317

iter 272: cpu_time_cuda = 0.004786
iter 272: gpu_time_cuda = 0.002428
iter 272: download_copy_time_cuda = 0.000294
iter 272: upload_copy_time_cuda = 0.000312

iter 273: cpu_time_cuda = 0.004703
iter 273: gpu_time_cuda = 0.002406
iter 273: download_copy_time_cuda = 0.000290
iter 273: upload_copy_time_cuda = 0.000304

iter 274: cpu_time_cuda = 0.004619
iter 274: gpu_time_cuda = 0.002181
iter 274: download_copy_time_cuda = 0.000283
iter 274: upload_copy_time_cuda = 0.000299

iter 275: cpu_time_cuda = 0.004506
iter 275: gpu_time_cuda = 0.002025
iter 275: download_copy_time_cuda = 0.000276
iter 275: upload_copy_time_cuda = 0.000293

iter 276: cpu_time_cuda = 0.004389
iter 276: gpu_time_cuda = 0.002067
iter 276: download_copy_time_cuda = 0.000271
iter 276: upload_copy_time_cuda = 0.000288

iter 277: cpu_time_cuda = 0.004346
iter 277: gpu_time_cuda = 0.002065
iter 277: download_copy_time_cuda = 0.000267
iter 277: upload_copy_time_cuda = 0.000281

iter 278: cpu_time_cuda = 0.004177
iter 278: gpu_time_cuda = 0.001919
iter 278: download_copy_time_cuda = 0.000260
iter 278: upload_copy_time_cuda = 0.000275

iter 279: cpu_time_cuda = 0.004108
iter 279: gpu_time_cuda = 0.001730
iter 279: download_copy_time_cuda = 0.000255
iter 279: upload_copy_time_cuda = 0.000268

iter 280: cpu_time_cuda = 0.003991
iter 280: gpu_time_cuda = 0.001692
iter 280: download_copy_time_cuda = 0.000249
iter 280: upload_copy_time_cuda = 0.000263

iter 281: cpu_time_cuda = 0.003892
iter 281: gpu_time_cuda = 0.001586
iter 281: download_copy_time_cuda = 0.000242
iter 281: upload_copy_time_cuda = 0.000257

iter 282: cpu_time_cuda = 0.003837
iter 282: gpu_time_cuda = 0.001532
iter 282: download_copy_time_cuda = 0.000237
iter 282: upload_copy_time_cuda = 0.000250

iter 283: cpu_time_cuda = 0.003714
iter 283: gpu_time_cuda = 0.001570
iter 283: download_copy_time_cuda = 0.000231
iter 283: upload_copy_time_cuda = 0.000244

iter 284: cpu_time_cuda = 0.003623
iter 284: gpu_time_cuda = 0.001429
iter 284: download_copy_time_cuda = 0.000223
iter 284: upload_copy_time_cuda = 0.000238

iter 285: cpu_time_cuda = 0.003542
iter 285: gpu_time_cuda = 0.001295
iter 285: download_copy_time_cuda = 0.000218
iter 285: upload_copy_time_cuda = 0.000231

iter 286: cpu_time_cuda = 0.003436
iter 286: gpu_time_cuda = 0.001274
iter 286: download_copy_time_cuda = 0.000212
iter 286: upload_copy_time_cuda = 0.000225

iter 287: cpu_time_cuda = 0.003357
iter 287: gpu_time_cuda = 0.001265
iter 287: download_copy_time_cuda = 0.000207
iter 287: upload_copy_time_cuda = 0.000217

iter 288: cpu_time_cuda = 0.003233
iter 288: gpu_time_cuda = 0.001217
iter 288: download_copy_time_cuda = 0.000201
iter 288: upload_copy_time_cuda = 0.000212

iter 289: cpu_time_cuda = 0.003144
iter 289: gpu_time_cuda = 0.001119
iter 289: download_copy_time_cuda = 0.000195
iter 289: upload_copy_time_cuda = 0.000205

iter 290: cpu_time_cuda = 0.003050
iter 290: gpu_time_cuda = 0.001088
iter 290: download_copy_time_cuda = 0.000190
iter 290: upload_copy_time_cuda = 0.000201

iter 291: cpu_time_cuda = 0.002988
iter 291: gpu_time_cuda = 0.000989
iter 291: download_copy_time_cuda = 0.000184
iter 291: upload_copy_time_cuda = 0.000193

iter 292: cpu_time_cuda = 0.002859
iter 292: gpu_time_cuda = 0.000981
iter 292: download_copy_time_cuda = 0.000177
iter 292: upload_copy_time_cuda = 0.000188

iter 293: cpu_time_cuda = 0.002880
iter 293: gpu_time_cuda = 0.000886
iter 293: download_copy_time_cuda = 0.000172
iter 293: upload_copy_time_cuda = 0.000179

iter 294: cpu_time_cuda = 0.002717
iter 294: gpu_time_cuda = 0.000859
iter 294: download_copy_time_cuda = 0.000172
iter 294: upload_copy_time_cuda = 0.000176

iter 295: cpu_time_cuda = 0.002574
iter 295: gpu_time_cuda = 0.000784
iter 295: download_copy_time_cuda = 0.000161
iter 295: upload_copy_time_cuda = 0.000170

iter 296: cpu_time_cuda = 0.002478
iter 296: gpu_time_cuda = 0.000748
iter 296: download_copy_time_cuda = 0.000155
iter 296: upload_copy_time_cuda = 0.000164

iter 297: cpu_time_cuda = 0.002398
iter 297: gpu_time_cuda = 0.000630
iter 297: download_copy_time_cuda = 0.000150
iter 297: upload_copy_time_cuda = 0.000158

iter 298: cpu_time_cuda = 0.002303
iter 298: gpu_time_cuda = 0.000662
iter 298: download_copy_time_cuda = 0.000144
iter 298: upload_copy_time_cuda = 0.000151

iter 299: cpu_time_cuda = 0.002172
iter 299: gpu_time_cuda = 0.000572
iter 299: download_copy_time_cuda = 0.000150
iter 299: upload_copy_time_cuda = 0.000147

iter 300: cpu_time_cuda = 0.002095
iter 300: gpu_time_cuda = 0.000562
iter 300: download_copy_time_cuda = 0.000132
iter 300: upload_copy_time_cuda = 0.000140

iter 301: cpu_time_cuda = 0.001987
iter 301: gpu_time_cuda = 0.000499
iter 301: download_copy_time_cuda = 0.000127
iter 301: upload_copy_time_cuda = 0.000134

iter 302: cpu_time_cuda = 0.001900
iter 302: gpu_time_cuda = 0.000476
iter 302: download_copy_time_cuda = 0.000120
iter 302: upload_copy_time_cuda = 0.000127

iter 303: cpu_time_cuda = 0.001781
iter 303: gpu_time_cuda = 0.000407
iter 303: download_copy_time_cuda = 0.000114
iter 303: upload_copy_time_cuda = 0.000122

iter 304: cpu_time_cuda = 0.001695
iter 304: gpu_time_cuda = 0.000412
iter 304: download_copy_time_cuda = 0.000107
iter 304: upload_copy_time_cuda = 0.000115

iter 305: cpu_time_cuda = 0.001598
iter 305: gpu_time_cuda = 0.000375
iter 305: download_copy_time_cuda = 0.000102
iter 305: upload_copy_time_cuda = 0.000110

iter 306: cpu_time_cuda = 0.001530
iter 306: gpu_time_cuda = 0.000331
iter 306: download_copy_time_cuda = 0.000097
iter 306: upload_copy_time_cuda = 0.000104

iter 307: cpu_time_cuda = 0.001419
iter 307: gpu_time_cuda = 0.000281
iter 307: download_copy_time_cuda = 0.000091
iter 307: upload_copy_time_cuda = 0.000097

iter 308: cpu_time_cuda = 0.001355
iter 308: gpu_time_cuda = 0.000264
iter 308: download_copy_time_cuda = 0.000085
iter 308: upload_copy_time_cuda = 0.000093

iter 309: cpu_time_cuda = 0.001249
iter 309: gpu_time_cuda = 0.000236
iter 309: download_copy_time_cuda = 0.000080
iter 309: upload_copy_time_cuda = 0.000087

iter 310: cpu_time_cuda = 0.001161
iter 310: gpu_time_cuda = 0.000216
iter 310: download_copy_time_cuda = 0.000076
iter 310: upload_copy_time_cuda = 0.000082

iter 311: cpu_time_cuda = 0.001082
iter 311: gpu_time_cuda = 0.000203
iter 311: download_copy_time_cuda = 0.000071
iter 311: upload_copy_time_cuda = 0.000077

iter 312: cpu_time_cuda = 0.000986
iter 312: gpu_time_cuda = 0.000173
iter 312: download_copy_time_cuda = 0.000066
iter 312: upload_copy_time_cuda = 0.000075

iter 313: cpu_time_cuda = 0.000892
iter 313: gpu_time_cuda = 0.000133
iter 313: download_copy_time_cuda = 0.000061
iter 313: upload_copy_time_cuda = 0.000071

iter 314: cpu_time_cuda = 0.000822
iter 314: gpu_time_cuda = 0.000122
iter 314: download_copy_time_cuda = 0.000057
iter 314: upload_copy_time_cuda = 0.000066

iter 315: cpu_time_cuda = 0.000707
iter 315: gpu_time_cuda = 0.000112
iter 315: download_copy_time_cuda = 0.000054
iter 315: upload_copy_time_cuda = 0.000064

iter 316: cpu_time_cuda = 0.000644
iter 316: gpu_time_cuda = 0.000103
iter 316: download_copy_time_cuda = 0.000051
iter 316: upload_copy_time_cuda = 0.000058

iter 317: cpu_time_cuda = 0.000559
iter 317: gpu_time_cuda = 0.000100
iter 317: download_copy_time_cuda = 0.000048
iter 317: upload_copy_time_cuda = 0.000055

iter 318: cpu_time_cuda = 0.000445
iter 318: gpu_time_cuda = 0.000096
iter 318: download_copy_time_cuda = 0.000044
iter 318: upload_copy_time_cuda = 0.000048

iter 319: cpu_time_cuda = 0.000425
iter 319: gpu_time_cuda = 0.000002
iter 319: download_copy_time_cuda = 0.000041
iter 319: upload_copy_time_cuda = 0.000036

total_cpu_time_cuda = 5.040237
total_gpu_time_cuda = 9.299772
total_copy_time_cuda = 0.621658
main_loop_time_cuda = 15.297784
20480 20480     ---   (  ---  )    346.87 (  16.51)     ---   
total_time = 29.992948
27.56user 5.19system 0:33.24elapsed 98%CPU (0avgtext+0avgdata 13731312maxresident)k
4344inputs+0outputs (1major+840085minor)pagefaults 0swaps
send out message: 22 3 log
