cpu0
2600000
cpu1
2600000
cpu2
2600000
cpu3
2600000
cpu4
2600000
cpu5
2600000
cpu6
2600000
cpu7
2600000
cpu8
2600000
cpu9
2600000
cpu10
2600000
cpu11
2600000
cpu12
2600000
cpu13
2600000
cpu14
2600000
cpu15
2600000
send out message: 24 37 /home/lchen/MAGMA/magma-1.3.0/results
send out message: 20 26 MAGMA_LU_GPUDVFS.total.pwr
MAGMA 1.3.0
device 0: Tesla K20c, 705.5 MHz clock, 4799.6 MB memory, capability 3.5

Usage: /home/lchen/MAGMA/magma-1.3.0/testing/testing_dgetrf -N <m,n> -c -c2 -l
  -N  can be repeated up to 10 times. If only m is given, then m=n.
  -c  or setting $MAGMA_TESTINGS_CHECK checks result, PA - LU.
  -c2 for square matrices, solves one RHS and checks residual, Ax - b.
  -l  or setting $MAGMA_RUN_LAPACK runs LAPACK.

    M     N   CPU GFlop/s (sec)   GPU GFlop/s (sec)   |PA-LU|/(N*|A|)
=========================================================================
init_time = 7.233795
iter2: 0.211755TX0.355373
iter3: 0.211755TX0.355373
iter4: 0.211755TX0.355373
iter5: 0.211755TX0.355373
iter6: 0.211755TX0.355373
iter7: 0.211755TX0.355373
iter8: 0.211755TX0.355373
iter9: 0.211755TX0.355373
iter10: 0.211755TX0.355373
iter11: 0.211755TX0.355373
iter12: 0.211755TX0.355373
iter13: 0.211755TX0.355373
iter14: 0.211755TX0.355373
iter15: 0.211755TX0.355373
iter16: 0.211755TX0.355373
iter17: 0.211755TX0.355373
iter18: 0.211755TX0.355373
iter19: 0.211755TX0.355373
iter20: 0.211755TX0.355373
iter21: 0.211755TX0.355373
iter22: 0.211755TX0.355373
iter23: 0.211755TX0.355373
iter24: 0.211755TX0.355373
iter25: 0.211755TX0.355373
iter26: 0.211755TX0.355373
iter27: 0.211755TX0.355373
iter28: 0.211755TX0.355373
iter29: 0.211755TX0.355373
iter30: 0.211755TX0.355373
iter31: 0.211755TX0.355373
iter32: 0.211755TX0.355373
iter33: 0.211755TX0.355373
iter34: 0.211755TX0.355373
iter35: 0.211755TX0.355373
iter36: 0.211755TX0.355373
iter37: 0.211755TX0.355373
iter38: 0.211755TX0.355373
iter39: 0.211755TX0.355373
iter40: 0.211755TX0.355373
iter41: 0.211755TX0.355373
iter42: 0.211755TX0.355373
iter43: 0.211755TX0.355373
iter44: 0.211755TX0.355373
iter45: 0.211755TX0.355373
iter46: 0.211755TX0.355373
iter47: 0.211755TX0.355373
iter48: 0.211755TX0.355373
iter49: 0.211755TX0.355373
iter50: 0.211755TX0.355373
iter51: 0.211755TX0.355373
iter52: 0.211755TX0.355373
iter53: 0.211755TX0.355373
iter54: 0.211755TX0.355373
iter55: 0.211755TX0.355373
iter56: 0.211755TX0.355373
iter57: 0.211755TX0.355373
iter58: 0.211755TX0.355373
iter59: 0.211755TX0.355373
iter60: 0.211755TX0.355373
iter61: 0.211755TX0.355373
iter62: 0.211755TX0.355373
iter63: 0.211755TX0.355373
iter64: 0.211755TX0.355373
iter65: 0.211755TX0.355373
iter66: 0.211755TX0.355373
iter67: 0.211755TX0.355373
iter68: 0.211755TX0.355373
iter69: 0.211755TX0.355373
iter70: 0.211755TX0.355373
iter71: 0.211755TX0.355373
iter72: 0.211755TX0.355373
iter73: 0.211755TX0.355373
iter74: 0.211755TX0.355373
iter75: 0.211755TX0.355373
iter76: 0.211755TX0.355373
iter77: 0.211755TX0.355373
20000 20000     ---   (  ---  )    329.20 (  16.20)     ---   
total_time = 23.438086
send out message: 22 3 log
cpu0
2600000
cpu1
2600000
cpu2
2600000
cpu3
2600000
cpu4
2600000
cpu5
2600000
cpu6
2600000
cpu7
2600000
cpu8
2600000
cpu9
2600000
cpu10
2600000
cpu11
2600000
cpu12
2600000
cpu13
2600000
cpu14
2600000
cpu15
2600000
