send out message: 24 37 /home/lchen/MAGMA/magma-1.3.0/results
send out message: 20 26 MAGMA_LU_GPUDVFS.total.pwr
MAGMA 1.3.0
device 0: Tesla K20c, 705.5 MHz clock, 4799.6 MB memory, capability 3.5

Usage: /home/lchen/MAGMA/magma-1.3.0/testing/testing_dgetrf -N <m,n> -c -c2 -l
  -N  can be repeated up to 10 times. If only m is given, then m=n.
  -c  or setting $MAGMA_TESTINGS_CHECK checks result, PA - LU.
  -c2 for square matrices, solves one RHS and checks residual, Ax - b.
  -l  or setting $MAGMA_RUN_LAPACK runs LAPACK.

    M     N   CPU GFlop/s (sec)   GPU GFlop/s (sec)   |PA-LU|/(N*|A|)
=========================================================================
init_time = 13.484338
iter 0: cpu_time_cuda = 0.000000
iter 0: gpu_time_cuda = 0.000000
iter 0: download_copy_time_cuda = 0.000000
iter 0: upload_copy_time_cuda = 0.002035

iter 1: cpu_time_cuda = 0.031162
iter 1: gpu_time_cuda = 0.083565
iter 1: download_copy_time_cuda = 0.001878
iter 1: upload_copy_time_cuda = 0.002013

iter 2: cpu_time_pred = 0.031064
iter 2: gpu_time_pred = 0.083040
iter 2: cpu_time_cuda = 0.031095
iter 2: gpu_time_cuda = 0.083878
iter 2: download_copy_time_cuda = 0.001871
iter 2: upload_copy_time_cuda = 0.002011

iter 3: cpu_time_pred = 0.030966
iter 3: gpu_time_pred = 0.082517
iter 3: cpu_time_cuda = 0.031483
iter 3: gpu_time_cuda = 0.083054
iter 3: download_copy_time_cuda = 0.001864
iter 3: upload_copy_time_cuda = 0.002008

iter 4: cpu_time_pred = 0.030868
iter 4: gpu_time_pred = 0.081996
iter 4: cpu_time_cuda = 0.031093
iter 4: gpu_time_cuda = 0.082772
iter 4: download_copy_time_cuda = 0.001857
iter 4: upload_copy_time_cuda = 0.002000

iter 5: cpu_time_pred = 0.030770
iter 5: gpu_time_pred = 0.081476
iter 5: cpu_time_cuda = 0.030984
iter 5: gpu_time_cuda = 0.081703
iter 5: download_copy_time_cuda = 0.001853
iter 5: upload_copy_time_cuda = 0.001996

iter 6: cpu_time_pred = 0.030672
iter 6: gpu_time_pred = 0.080958
iter 6: cpu_time_cuda = 0.030837
iter 6: gpu_time_cuda = 0.081414
iter 6: download_copy_time_cuda = 0.001841
iter 6: upload_copy_time_cuda = 0.001986

iter 7: cpu_time_pred = 0.030574
iter 7: gpu_time_pred = 0.080442
iter 7: cpu_time_cuda = 0.030754
iter 7: gpu_time_cuda = 0.081130
iter 7: download_copy_time_cuda = 0.001843
iter 7: upload_copy_time_cuda = 0.001978

iter 8: cpu_time_pred = 0.030476
iter 8: gpu_time_pred = 0.079927
iter 8: cpu_time_cuda = 0.030725
iter 8: gpu_time_cuda = 0.081063
iter 8: download_copy_time_cuda = 0.001839
iter 8: upload_copy_time_cuda = 0.001964

iter 9: cpu_time_pred = 0.030378
iter 9: gpu_time_pred = 0.079414
iter 9: cpu_time_cuda = 0.030781
iter 9: gpu_time_cuda = 0.079751
iter 9: download_copy_time_cuda = 0.001825
iter 9: upload_copy_time_cuda = 0.001958

iter 10: cpu_time_pred = 0.030280
iter 10: gpu_time_pred = 0.078902
iter 10: cpu_time_cuda = 0.030529
iter 10: gpu_time_cuda = 0.079693
iter 10: download_copy_time_cuda = 0.001818
iter 10: upload_copy_time_cuda = 0.001970

iter 11: cpu_time_pred = 0.030182
iter 11: gpu_time_pred = 0.078392
iter 11: cpu_time_cuda = 0.030425
iter 11: gpu_time_cuda = 0.078417
iter 11: download_copy_time_cuda = 0.001834
iter 11: upload_copy_time_cuda = 0.001952

iter 12: cpu_time_pred = 0.030084
iter 12: gpu_time_pred = 0.077884
iter 12: cpu_time_cuda = 0.030269
iter 12: gpu_time_cuda = 0.078175
iter 12: download_copy_time_cuda = 0.001815
iter 12: upload_copy_time_cuda = 0.001945

iter 13: cpu_time_pred = 0.029986
iter 13: gpu_time_pred = 0.077377
iter 13: cpu_time_cuda = 0.030219
iter 13: gpu_time_cuda = 0.077509
iter 13: download_copy_time_cuda = 0.001806
iter 13: upload_copy_time_cuda = 0.001940

iter 14: cpu_time_pred = 0.029888
iter 14: gpu_time_pred = 0.076872
iter 14: cpu_time_cuda = 0.030101
iter 14: gpu_time_cuda = 0.077528
iter 14: download_copy_time_cuda = 0.001804
iter 14: upload_copy_time_cuda = 0.001940

iter 15: cpu_time_pred = 0.029790
iter 15: gpu_time_pred = 0.076369
iter 15: cpu_time_cuda = 0.030097
iter 15: gpu_time_cuda = 0.076653
iter 15: download_copy_time_cuda = 0.001796
iter 15: upload_copy_time_cuda = 0.001932

iter 16: cpu_time_pred = 0.029692
iter 16: gpu_time_pred = 0.075868
iter 16: cpu_time_cuda = 0.029932
iter 16: gpu_time_cuda = 0.076631
iter 16: download_copy_time_cuda = 0.001789
iter 16: upload_copy_time_cuda = 0.001926

iter 17: cpu_time_pred = 0.029594
iter 17: gpu_time_pred = 0.075368
iter 17: cpu_time_cuda = 0.029849
iter 17: gpu_time_cuda = 0.075812
iter 17: download_copy_time_cuda = 0.001783
iter 17: upload_copy_time_cuda = 0.001923

iter 18: cpu_time_pred = 0.029496
iter 18: gpu_time_pred = 0.074869
iter 18: cpu_time_cuda = 0.029731
iter 18: gpu_time_cuda = 0.075261
iter 18: download_copy_time_cuda = 0.001778
iter 18: upload_copy_time_cuda = 0.001915

iter 19: cpu_time_pred = 0.029398
iter 19: gpu_time_pred = 0.074373
iter 19: cpu_time_cuda = 0.029634
iter 19: gpu_time_cuda = 0.074417
iter 19: download_copy_time_cuda = 0.001770
iter 19: upload_copy_time_cuda = 0.001906

iter 20: cpu_time_pred = 0.029300
iter 20: gpu_time_pred = 0.073878
iter 20: cpu_time_cuda = 0.029520
iter 20: gpu_time_cuda = 0.074710
iter 20: download_copy_time_cuda = 0.001768
iter 20: upload_copy_time_cuda = 0.001903

iter 21: cpu_time_pred = 0.029202
iter 21: gpu_time_pred = 0.073384
iter 21: cpu_time_cuda = 0.029431
iter 21: gpu_time_cuda = 0.073608
iter 21: download_copy_time_cuda = 0.001766
iter 21: upload_copy_time_cuda = 0.001894

iter 22: cpu_time_pred = 0.029104
iter 22: gpu_time_pred = 0.072893
iter 22: cpu_time_cuda = 0.029311
iter 22: gpu_time_cuda = 0.073519
iter 22: download_copy_time_cuda = 0.001754
iter 22: upload_copy_time_cuda = 0.001884

iter 23: cpu_time_pred = 0.029006
iter 23: gpu_time_pred = 0.072403
iter 23: cpu_time_cuda = 0.029201
iter 23: gpu_time_cuda = 0.072823
iter 23: download_copy_time_cuda = 0.001755
iter 23: upload_copy_time_cuda = 0.001879

iter 24: cpu_time_pred = 0.028908
iter 24: gpu_time_pred = 0.071914
iter 24: cpu_time_cuda = 0.029143
iter 24: gpu_time_cuda = 0.072768
iter 24: download_copy_time_cuda = 0.001736
iter 24: upload_copy_time_cuda = 0.001867

iter 25: cpu_time_pred = 0.028810
iter 25: gpu_time_pred = 0.071428
iter 25: cpu_time_cuda = 0.029095
iter 25: gpu_time_cuda = 0.071716
iter 25: download_copy_time_cuda = 0.001729
iter 25: upload_copy_time_cuda = 0.001865

iter 26: cpu_time_pred = 0.028712
iter 26: gpu_time_pred = 0.070942
iter 26: cpu_time_cuda = 0.028983
iter 26: gpu_time_cuda = 0.071596
iter 26: download_copy_time_cuda = 0.001746
iter 26: upload_copy_time_cuda = 0.001860

iter 27: cpu_time_pred = 0.028614
iter 27: gpu_time_pred = 0.070459
iter 27: cpu_time_cuda = 0.028834
iter 27: gpu_time_cuda = 0.070463
iter 27: download_copy_time_cuda = 0.001726
iter 27: upload_copy_time_cuda = 0.001860

iter 28: cpu_time_pred = 0.028516
iter 28: gpu_time_pred = 0.069977
iter 28: cpu_time_cuda = 0.028753
iter 28: gpu_time_cuda = 0.070886
iter 28: download_copy_time_cuda = 0.001717
iter 28: upload_copy_time_cuda = 0.001849

iter 29: cpu_time_pred = 0.028418
iter 29: gpu_time_pred = 0.069497
iter 29: cpu_time_cuda = 0.028648
iter 29: gpu_time_cuda = 0.069503
iter 29: download_copy_time_cuda = 0.001715
iter 29: upload_copy_time_cuda = 0.001849

iter 30: cpu_time_pred = 0.028320
iter 30: gpu_time_pred = 0.069019
iter 30: cpu_time_cuda = 0.028603
iter 30: gpu_time_cuda = 0.069569
iter 30: download_copy_time_cuda = 0.001706
iter 30: upload_copy_time_cuda = 0.001837

iter 31: cpu_time_pred = 0.028222
iter 31: gpu_time_pred = 0.068542
iter 31: cpu_time_cuda = 0.028475
iter 31: gpu_time_cuda = 0.068618
iter 31: download_copy_time_cuda = 0.001706
iter 31: upload_copy_time_cuda = 0.001841

iter 32: cpu_time_pred = 0.028124
iter 32: gpu_time_pred = 0.068067
iter 32: cpu_time_cuda = 0.028315
iter 32: gpu_time_cuda = 0.068521
iter 32: download_copy_time_cuda = 0.001696
iter 32: upload_copy_time_cuda = 0.001826

iter 33: cpu_time_pred = 0.028026
iter 33: gpu_time_pred = 0.067593
iter 33: cpu_time_cuda = 0.028223
iter 33: gpu_time_cuda = 0.067934
iter 33: download_copy_time_cuda = 0.001686
iter 33: upload_copy_time_cuda = 0.001823

iter 34: cpu_time_pred = 0.027928
iter 34: gpu_time_pred = 0.067121
iter 34: cpu_time_cuda = 0.028151
iter 34: gpu_time_cuda = 0.067817
iter 34: download_copy_time_cuda = 0.001688
iter 34: upload_copy_time_cuda = 0.001812

iter 35: cpu_time_pred = 0.027830
iter 35: gpu_time_pred = 0.066651
iter 35: cpu_time_cuda = 0.028074
iter 35: gpu_time_cuda = 0.067275
iter 35: download_copy_time_cuda = 0.001681
iter 35: upload_copy_time_cuda = 0.001801

iter 36: cpu_time_pred = 0.027732
iter 36: gpu_time_pred = 0.066183
iter 36: cpu_time_cuda = 0.027978
iter 36: gpu_time_cuda = 0.066971
iter 36: download_copy_time_cuda = 0.001682
iter 36: upload_copy_time_cuda = 0.001804

iter 37: cpu_time_pred = 0.027634
iter 37: gpu_time_pred = 0.065716
iter 37: cpu_time_cuda = 0.027876
iter 37: gpu_time_cuda = 0.066049
iter 37: download_copy_time_cuda = 0.001669
iter 37: upload_copy_time_cuda = 0.001788

iter 38: cpu_time_pred = 0.027536
iter 38: gpu_time_pred = 0.065250
iter 38: cpu_time_cuda = 0.027782
iter 38: gpu_time_cuda = 0.065743
iter 38: download_copy_time_cuda = 0.001654
iter 38: upload_copy_time_cuda = 0.001789

iter 39: cpu_time_pred = 0.027438
iter 39: gpu_time_pred = 0.064787
iter 39: cpu_time_cuda = 0.027696
iter 39: gpu_time_cuda = 0.065045
iter 39: download_copy_time_cuda = 0.001657
iter 39: upload_copy_time_cuda = 0.001782

iter 40: cpu_time_pred = 0.027340
iter 40: gpu_time_pred = 0.064325
iter 40: cpu_time_cuda = 0.027607
iter 40: gpu_time_cuda = 0.064896
iter 40: download_copy_time_cuda = 0.001653
iter 40: upload_copy_time_cuda = 0.001773

iter 41: cpu_time_pred = 0.027242
iter 41: gpu_time_pred = 0.063865
iter 41: cpu_time_cuda = 0.027469
iter 41: gpu_time_cuda = 0.064935
iter 41: download_copy_time_cuda = 0.001646
iter 41: upload_copy_time_cuda = 0.001770

iter 42: cpu_time_pred = 0.027144
iter 42: gpu_time_pred = 0.063406
iter 42: cpu_time_cuda = 0.027313
iter 42: gpu_time_cuda = 0.064164
iter 42: download_copy_time_cuda = 0.001639
iter 42: upload_copy_time_cuda = 0.001763

iter 43: cpu_time_pred = 0.027046
iter 43: gpu_time_pred = 0.062949
iter 43: cpu_time_cuda = 0.027250
iter 43: gpu_time_cuda = 0.063048
iter 43: download_copy_time_cuda = 0.001634
iter 43: upload_copy_time_cuda = 0.001760

iter 44: cpu_time_pred = 0.026948
iter 44: gpu_time_pred = 0.062494
iter 44: cpu_time_cuda = 0.027195
iter 44: gpu_time_cuda = 0.063073
iter 44: download_copy_time_cuda = 0.001628
iter 44: upload_copy_time_cuda = 0.001756

iter 45: cpu_time_pred = 0.026850
iter 45: gpu_time_pred = 0.062040
iter 45: cpu_time_cuda = 0.027073
iter 45: gpu_time_cuda = 0.062183
iter 45: download_copy_time_cuda = 0.001624
iter 45: upload_copy_time_cuda = 0.001748

iter 46: cpu_time_pred = 0.026752
iter 46: gpu_time_pred = 0.061588
iter 46: cpu_time_cuda = 0.027013
iter 46: gpu_time_cuda = 0.062802
iter 46: download_copy_time_cuda = 0.001617
iter 46: upload_copy_time_cuda = 0.001740

iter 47: cpu_time_pred = 0.026654
iter 47: gpu_time_pred = 0.061138
iter 47: cpu_time_cuda = 0.026898
iter 47: gpu_time_cuda = 0.061375
iter 47: download_copy_time_cuda = 0.001611
iter 47: upload_copy_time_cuda = 0.001729

iter 48: cpu_time_pred = 0.026556
iter 48: gpu_time_pred = 0.060689
iter 48: cpu_time_cuda = 0.027026
iter 48: gpu_time_cuda = 0.061328
iter 48: download_copy_time_cuda = 0.001604
iter 48: upload_copy_time_cuda = 0.001728

iter 49: cpu_time_pred = 0.026458
iter 49: gpu_time_pred = 0.060242
iter 49: cpu_time_cuda = 0.026744
iter 49: gpu_time_cuda = 0.060599
iter 49: download_copy_time_cuda = 0.001597
iter 49: upload_copy_time_cuda = 0.001719

iter 50: cpu_time_pred = 0.026360
iter 50: gpu_time_pred = 0.059796
iter 50: cpu_time_cuda = 0.026767
iter 50: gpu_time_cuda = 0.060058
iter 50: download_copy_time_cuda = 0.001593
iter 50: upload_copy_time_cuda = 0.001712

iter 51: cpu_time_pred = 0.026262
iter 51: gpu_time_pred = 0.059353
iter 51: cpu_time_cuda = 0.026464
iter 51: gpu_time_cuda = 0.059489
iter 51: download_copy_time_cuda = 0.001589
iter 51: upload_copy_time_cuda = 0.001712

iter 52: cpu_time_pred = 0.026164
iter 52: gpu_time_pred = 0.058911
iter 52: cpu_time_cuda = 0.026377
iter 52: gpu_time_cuda = 0.059562
iter 52: download_copy_time_cuda = 0.001579
iter 52: upload_copy_time_cuda = 0.001716

iter 53: cpu_time_pred = 0.026066
iter 53: gpu_time_pred = 0.058470
iter 53: cpu_time_cuda = 0.026293
iter 53: gpu_time_cuda = 0.058876
iter 53: download_copy_time_cuda = 0.001574
iter 53: upload_copy_time_cuda = 0.001699

iter 54: cpu_time_pred = 0.025968
iter 54: gpu_time_pred = 0.058031
iter 54: cpu_time_cuda = 0.026190
iter 54: gpu_time_cuda = 0.058770
iter 54: download_copy_time_cuda = 0.001575
iter 54: upload_copy_time_cuda = 0.001684

iter 55: cpu_time_pred = 0.025870
iter 55: gpu_time_pred = 0.057594
iter 55: cpu_time_cuda = 0.026143
iter 55: gpu_time_cuda = 0.058270
iter 55: download_copy_time_cuda = 0.001564
iter 55: upload_copy_time_cuda = 0.001685

iter 56: cpu_time_pred = 0.025772
iter 56: gpu_time_pred = 0.057159
iter 56: cpu_time_cuda = 0.026023
iter 56: gpu_time_cuda = 0.057720
iter 56: download_copy_time_cuda = 0.001564
iter 56: upload_copy_time_cuda = 0.001670

iter 57: cpu_time_pred = 0.025674
iter 57: gpu_time_pred = 0.056725
iter 57: cpu_time_cuda = 0.025932
iter 57: gpu_time_cuda = 0.057001
iter 57: download_copy_time_cuda = 0.001545
iter 57: upload_copy_time_cuda = 0.001670

iter 58: cpu_time_pred = 0.025576
iter 58: gpu_time_pred = 0.056293
iter 58: cpu_time_cuda = 0.025861
iter 58: gpu_time_cuda = 0.056891
iter 58: download_copy_time_cuda = 0.001546
iter 58: upload_copy_time_cuda = 0.001666

iter 59: cpu_time_pred = 0.025478
iter 59: gpu_time_pred = 0.055862
iter 59: cpu_time_cuda = 0.025839
iter 59: gpu_time_cuda = 0.056141
iter 59: download_copy_time_cuda = 0.001545
iter 59: upload_copy_time_cuda = 0.001656

iter 60: cpu_time_pred = 0.025380
iter 60: gpu_time_pred = 0.055433
iter 60: cpu_time_cuda = 0.025639
iter 60: gpu_time_cuda = 0.056529
iter 60: download_copy_time_cuda = 0.001532
iter 60: upload_copy_time_cuda = 0.001651

iter 61: cpu_time_pred = 0.025282
iter 61: gpu_time_pred = 0.055006
iter 61: cpu_time_cuda = 0.025546
iter 61: gpu_time_cuda = 0.055795
iter 61: download_copy_time_cuda = 0.001527
iter 61: upload_copy_time_cuda = 0.001647

iter 62: cpu_time_pred = 0.025184
iter 62: gpu_time_pred = 0.054580
iter 62: cpu_time_cuda = 0.025386
iter 62: gpu_time_cuda = 0.055136
iter 62: download_copy_time_cuda = 0.001524
iter 62: upload_copy_time_cuda = 0.001642

iter 63: cpu_time_pred = 0.025086
iter 63: gpu_time_pred = 0.054157
iter 63: cpu_time_cuda = 0.025386
iter 63: gpu_time_cuda = 0.054264
iter 63: download_copy_time_cuda = 0.001521
iter 63: upload_copy_time_cuda = 0.001635

iter 64: cpu_time_pred = 0.024988
iter 64: gpu_time_pred = 0.053734
iter 64: cpu_time_cuda = 0.025210
iter 64: gpu_time_cuda = 0.054303
iter 64: download_copy_time_cuda = 0.001510
iter 64: upload_copy_time_cuda = 0.001621

iter 65: cpu_time_pred = 0.024890
iter 65: gpu_time_pred = 0.053314
iter 65: cpu_time_cuda = 0.025126
iter 65: gpu_time_cuda = 0.053579
iter 65: download_copy_time_cuda = 0.001503
iter 65: upload_copy_time_cuda = 0.001622

iter 66: cpu_time_pred = 0.024792
iter 66: gpu_time_pred = 0.052895
iter 66: cpu_time_cuda = 0.025088
iter 66: gpu_time_cuda = 0.053507
iter 66: download_copy_time_cuda = 0.001499
iter 66: upload_copy_time_cuda = 0.001614

iter 67: cpu_time_pred = 0.024694
iter 67: gpu_time_pred = 0.052477
iter 67: cpu_time_cuda = 0.024896
iter 67: gpu_time_cuda = 0.053049
iter 67: download_copy_time_cuda = 0.001493
iter 67: upload_copy_time_cuda = 0.001615

iter 68: cpu_time_pred = 0.024596
iter 68: gpu_time_pred = 0.052062
iter 68: cpu_time_cuda = 0.024821
iter 68: gpu_time_cuda = 0.052777
iter 68: download_copy_time_cuda = 0.001487
iter 68: upload_copy_time_cuda = 0.001603

iter 69: cpu_time_pred = 0.024498
iter 69: gpu_time_pred = 0.051648
iter 69: cpu_time_cuda = 0.024708
iter 69: gpu_time_cuda = 0.051921
iter 69: download_copy_time_cuda = 0.001483
iter 69: upload_copy_time_cuda = 0.001594

iter 70: cpu_time_pred = 0.024400
iter 70: gpu_time_pred = 0.051235
iter 70: cpu_time_cuda = 0.024617
iter 70: gpu_time_cuda = 0.051927
iter 70: download_copy_time_cuda = 0.001477
iter 70: upload_copy_time_cuda = 0.001586

iter 71: cpu_time_pred = 0.024302
iter 71: gpu_time_pred = 0.050825
iter 71: cpu_time_cuda = 0.024542
iter 71: gpu_time_cuda = 0.050988
iter 71: download_copy_time_cuda = 0.001472
iter 71: upload_copy_time_cuda = 0.001583

iter 72: cpu_time_pred = 0.024204
iter 72: gpu_time_pred = 0.050416
iter 72: cpu_time_cuda = 0.024528
iter 72: gpu_time_cuda = 0.051535
iter 72: download_copy_time_cuda = 0.001464
iter 72: upload_copy_time_cuda = 0.001573

iter 73: cpu_time_pred = 0.024106
iter 73: gpu_time_pred = 0.050008
iter 73: cpu_time_cuda = 0.024350
iter 73: gpu_time_cuda = 0.050503
iter 73: download_copy_time_cuda = 0.001470
iter 73: upload_copy_time_cuda = 0.001571

iter 74: cpu_time_pred = 0.024008
iter 74: gpu_time_pred = 0.049602
iter 74: cpu_time_cuda = 0.024223
iter 74: gpu_time_cuda = 0.050371
iter 74: download_copy_time_cuda = 0.001453
iter 74: upload_copy_time_cuda = 0.001565

iter 75: cpu_time_pred = 0.023911
iter 75: gpu_time_pred = 0.049198
iter 75: cpu_time_cuda = 0.024176
iter 75: gpu_time_cuda = 0.049867
iter 75: download_copy_time_cuda = 0.001448
iter 75: upload_copy_time_cuda = 0.001561

iter 76: cpu_time_pred = 0.023813
iter 76: gpu_time_pred = 0.048796
iter 76: cpu_time_cuda = 0.024088
iter 76: gpu_time_cuda = 0.049323
iter 76: download_copy_time_cuda = 0.001439
iter 76: upload_copy_time_cuda = 0.001554

iter 77: cpu_time_pred = 0.023715
iter 77: gpu_time_pred = 0.048395
iter 77: cpu_time_cuda = 0.023931
iter 77: gpu_time_cuda = 0.048769
iter 77: download_copy_time_cuda = 0.001443
iter 77: upload_copy_time_cuda = 0.001545

iter 78: cpu_time_pred = 0.023617
iter 78: gpu_time_pred = 0.047996
iter 78: cpu_time_cuda = 0.023892
iter 78: gpu_time_cuda = 0.049034
iter 78: download_copy_time_cuda = 0.001431
iter 78: upload_copy_time_cuda = 0.001541

iter 79: cpu_time_pred = 0.023519
iter 79: gpu_time_pred = 0.047599
iter 79: cpu_time_cuda = 0.023760
iter 79: gpu_time_cuda = 0.047960
iter 79: download_copy_time_cuda = 0.001423
iter 79: upload_copy_time_cuda = 0.001528

iter 80: cpu_time_pred = 0.023421
iter 80: gpu_time_pred = 0.047203
iter 80: cpu_time_cuda = 0.023646
iter 80: gpu_time_cuda = 0.047876
iter 80: download_copy_time_cuda = 0.001412
iter 80: upload_copy_time_cuda = 0.001529

iter 81: cpu_time_pred = 0.023323
iter 81: gpu_time_pred = 0.046809
iter 81: cpu_time_cuda = 0.023667
iter 81: gpu_time_cuda = 0.047380
iter 81: download_copy_time_cuda = 0.001414
iter 81: upload_copy_time_cuda = 0.001533

iter 82: cpu_time_pred = 0.023225
iter 82: gpu_time_pred = 0.046416
iter 82: cpu_time_cuda = 0.023479
iter 82: gpu_time_cuda = 0.046939
iter 82: download_copy_time_cuda = 0.001422
iter 82: upload_copy_time_cuda = 0.001507

iter 83: cpu_time_pred = 0.023127
iter 83: gpu_time_pred = 0.046025
iter 83: cpu_time_cuda = 0.023344
iter 83: gpu_time_cuda = 0.046161
iter 83: download_copy_time_cuda = 0.001395
iter 83: upload_copy_time_cuda = 0.001510

iter 84: cpu_time_pred = 0.023029
iter 84: gpu_time_pred = 0.045636
iter 84: cpu_time_cuda = 0.023257
iter 84: gpu_time_cuda = 0.046214
iter 84: download_copy_time_cuda = 0.001394
iter 84: upload_copy_time_cuda = 0.001511

iter 85: cpu_time_pred = 0.022931
iter 85: gpu_time_pred = 0.045248
iter 85: cpu_time_cuda = 0.023199
iter 85: gpu_time_cuda = 0.045581
iter 85: download_copy_time_cuda = 0.001389
iter 85: upload_copy_time_cuda = 0.001491

iter 86: cpu_time_pred = 0.022833
iter 86: gpu_time_pred = 0.044862
iter 86: cpu_time_cuda = 0.023097
iter 86: gpu_time_cuda = 0.045648
iter 86: download_copy_time_cuda = 0.001376
iter 86: upload_copy_time_cuda = 0.001492

iter 87: cpu_time_pred = 0.022735
iter 87: gpu_time_pred = 0.044478
iter 87: cpu_time_cuda = 0.022965
iter 87: gpu_time_cuda = 0.045266
iter 87: download_copy_time_cuda = 0.001378
iter 87: upload_copy_time_cuda = 0.001490

iter 88: cpu_time_pred = 0.022637
iter 88: gpu_time_pred = 0.044096
iter 88: cpu_time_cuda = 0.022910
iter 88: gpu_time_cuda = 0.044734
iter 88: download_copy_time_cuda = 0.001378
iter 88: upload_copy_time_cuda = 0.001476

iter 89: cpu_time_pred = 0.022539
iter 89: gpu_time_pred = 0.043715
iter 89: cpu_time_cuda = 0.022837
iter 89: gpu_time_cuda = 0.043689
iter 89: download_copy_time_cuda = 0.001365
iter 89: upload_copy_time_cuda = 0.001473

iter 90: cpu_time_pred = 0.022441
iter 90: gpu_time_pred = 0.043335
iter 90: cpu_time_cuda = 0.022701
iter 90: gpu_time_cuda = 0.043840
iter 90: download_copy_time_cuda = 0.001358
iter 90: upload_copy_time_cuda = 0.001465

iter 91: cpu_time_pred = 0.022343
iter 91: gpu_time_pred = 0.042958
iter 91: cpu_time_cuda = 0.022563
iter 91: gpu_time_cuda = 0.043184
iter 91: download_copy_time_cuda = 0.001353
iter 91: upload_copy_time_cuda = 0.001459

iter 92: cpu_time_pred = 0.022245
iter 92: gpu_time_pred = 0.042582
iter 92: cpu_time_cuda = 0.022536
iter 92: gpu_time_cuda = 0.043666
iter 92: download_copy_time_cuda = 0.001354
iter 92: upload_copy_time_cuda = 0.001449

iter 93: cpu_time_pred = 0.022147
iter 93: gpu_time_pred = 0.042207
iter 93: cpu_time_cuda = 0.022402
iter 93: gpu_time_cuda = 0.042554
iter 93: download_copy_time_cuda = 0.001343
iter 93: upload_copy_time_cuda = 0.001444

iter 94: cpu_time_pred = 0.022049
iter 94: gpu_time_pred = 0.041835
iter 94: cpu_time_cuda = 0.022313
iter 94: gpu_time_cuda = 0.042281
iter 94: download_copy_time_cuda = 0.001334
iter 94: upload_copy_time_cuda = 0.001438

iter 95: cpu_time_pred = 0.021951
iter 95: gpu_time_pred = 0.041464
iter 95: cpu_time_cuda = 0.022249
iter 95: gpu_time_cuda = 0.041594
iter 95: download_copy_time_cuda = 0.001329
iter 95: upload_copy_time_cuda = 0.001431

iter 96: cpu_time_pred = 0.021853
iter 96: gpu_time_pred = 0.041094
iter 96: cpu_time_cuda = 0.022100
iter 96: gpu_time_cuda = 0.041521
iter 96: download_copy_time_cuda = 0.001324
iter 96: upload_copy_time_cuda = 0.001424

iter 97: cpu_time_pred = 0.021755
iter 97: gpu_time_pred = 0.040726
iter 97: cpu_time_cuda = 0.021994
iter 97: gpu_time_cuda = 0.040927
iter 97: download_copy_time_cuda = 0.001311
iter 97: upload_copy_time_cuda = 0.001427

iter 98: cpu_time_pred = 0.021657
iter 98: gpu_time_pred = 0.040360
iter 98: cpu_time_cuda = 0.021942
iter 98: gpu_time_cuda = 0.041030
iter 98: download_copy_time_cuda = 0.001311
iter 98: upload_copy_time_cuda = 0.001422

iter 99: cpu_time_pred = 0.021559
iter 99: gpu_time_pred = 0.039996
iter 99: cpu_time_cuda = 0.021937
iter 99: gpu_time_cuda = 0.040318
iter 99: download_copy_time_cuda = 0.001306
iter 99: upload_copy_time_cuda = 0.001407

iter 100: cpu_time_pred = 0.021461
iter 100: gpu_time_pred = 0.039633
iter 100: cpu_time_cuda = 0.021729
iter 100: gpu_time_cuda = 0.040155
iter 100: download_copy_time_cuda = 0.001301
iter 100: upload_copy_time_cuda = 0.001401

iter 101: cpu_time_pred = 0.021363
iter 101: gpu_time_pred = 0.039272
iter 101: cpu_time_cuda = 0.021668
iter 101: gpu_time_cuda = 0.039651
iter 101: download_copy_time_cuda = 0.001295
iter 101: upload_copy_time_cuda = 0.001395

iter 102: cpu_time_pred = 0.021265
iter 102: gpu_time_pred = 0.038913
iter 102: cpu_time_cuda = 0.021537
iter 102: gpu_time_cuda = 0.039664
iter 102: download_copy_time_cuda = 0.001283
iter 102: upload_copy_time_cuda = 0.001388

iter 103: cpu_time_pred = 0.021167
iter 103: gpu_time_pred = 0.038555
iter 103: cpu_time_cuda = 0.021462
iter 103: gpu_time_cuda = 0.038774
iter 103: download_copy_time_cuda = 0.001280
iter 103: upload_copy_time_cuda = 0.001384

iter 104: cpu_time_pred = 0.021069
iter 104: gpu_time_pred = 0.038199
iter 104: cpu_time_cuda = 0.021385
iter 104: gpu_time_cuda = 0.039837
iter 104: download_copy_time_cuda = 0.001276
iter 104: upload_copy_time_cuda = 0.001379

iter 105: cpu_time_pred = 0.020971
iter 105: gpu_time_pred = 0.037844
iter 105: cpu_time_cuda = 0.021166
iter 105: gpu_time_cuda = 0.038532
iter 105: download_copy_time_cuda = 0.001271
iter 105: upload_copy_time_cuda = 0.001370

iter 106: cpu_time_pred = 0.020873
iter 106: gpu_time_pred = 0.037491
iter 106: cpu_time_cuda = 0.021109
iter 106: gpu_time_cuda = 0.038058
iter 106: download_copy_time_cuda = 0.001264
iter 106: upload_copy_time_cuda = 0.001365

iter 107: cpu_time_pred = 0.020775
iter 107: gpu_time_pred = 0.037140
iter 107: cpu_time_cuda = 0.021079
iter 107: gpu_time_cuda = 0.037424
iter 107: download_copy_time_cuda = 0.001258
iter 107: upload_copy_time_cuda = 0.001358

iter 108: cpu_time_pred = 0.020677
iter 108: gpu_time_pred = 0.036791
iter 108: cpu_time_cuda = 0.020902
iter 108: gpu_time_cuda = 0.037306
iter 108: download_copy_time_cuda = 0.001254
iter 108: upload_copy_time_cuda = 0.001343

iter 109: cpu_time_pred = 0.020579
iter 109: gpu_time_pred = 0.036443
iter 109: cpu_time_cuda = 0.020826
iter 109: gpu_time_cuda = 0.036715
iter 109: download_copy_time_cuda = 0.001239
iter 109: upload_copy_time_cuda = 0.001342

iter 110: cpu_time_pred = 0.020481
iter 110: gpu_time_pred = 0.036096
iter 110: cpu_time_cuda = 0.020874
iter 110: gpu_time_cuda = 0.036813
iter 110: download_copy_time_cuda = 0.001239
iter 110: upload_copy_time_cuda = 0.001343

iter 111: cpu_time_pred = 0.020383
iter 111: gpu_time_pred = 0.035752
iter 111: cpu_time_cuda = 0.020626
iter 111: gpu_time_cuda = 0.036098
iter 111: download_copy_time_cuda = 0.001237
iter 111: upload_copy_time_cuda = 0.001330

iter 112: cpu_time_pred = 0.020285
iter 112: gpu_time_pred = 0.035409
iter 112: cpu_time_cuda = 0.020532
iter 112: gpu_time_cuda = 0.036056
iter 112: download_copy_time_cuda = 0.001230
iter 112: upload_copy_time_cuda = 0.001324

iter 113: cpu_time_pred = 0.020187
iter 113: gpu_time_pred = 0.035068
iter 113: cpu_time_cuda = 0.020447
iter 113: gpu_time_cuda = 0.035392
iter 113: download_copy_time_cuda = 0.001221
iter 113: upload_copy_time_cuda = 0.001324

iter 114: cpu_time_pred = 0.020089
iter 114: gpu_time_pred = 0.034728
iter 114: cpu_time_cuda = 0.020379
iter 114: gpu_time_cuda = 0.035383
iter 114: download_copy_time_cuda = 0.001217
iter 114: upload_copy_time_cuda = 0.001319

iter 115: cpu_time_pred = 0.019991
iter 115: gpu_time_pred = 0.034390
iter 115: cpu_time_cuda = 0.020290
iter 115: gpu_time_cuda = 0.034637
iter 115: download_copy_time_cuda = 0.001217
iter 115: upload_copy_time_cuda = 0.001307

iter 116: cpu_time_pred = 0.019893
iter 116: gpu_time_pred = 0.034054
iter 116: cpu_time_cuda = 0.020151
iter 116: gpu_time_cuda = 0.034761
iter 116: download_copy_time_cuda = 0.001203
iter 116: upload_copy_time_cuda = 0.001298

iter 117: cpu_time_pred = 0.019795
iter 117: gpu_time_pred = 0.033719
iter 117: cpu_time_cuda = 0.020050
iter 117: gpu_time_cuda = 0.033881
iter 117: download_copy_time_cuda = 0.001197
iter 117: upload_copy_time_cuda = 0.001293

iter 118: cpu_time_pred = 0.019697
iter 118: gpu_time_pred = 0.033386
iter 118: cpu_time_cuda = 0.019948
iter 118: gpu_time_cuda = 0.034374
iter 118: download_copy_time_cuda = 0.001192
iter 118: upload_copy_time_cuda = 0.001286

iter 119: cpu_time_pred = 0.019599
iter 119: gpu_time_pred = 0.033055
iter 119: cpu_time_cuda = 0.019870
iter 119: gpu_time_cuda = 0.034210
iter 119: download_copy_time_cuda = 0.001183
iter 119: upload_copy_time_cuda = 0.001279

iter 120: cpu_time_pred = 0.019501
iter 120: gpu_time_pred = 0.032725
iter 120: cpu_time_cuda = 0.019938
iter 120: gpu_time_cuda = 0.033679
iter 120: download_copy_time_cuda = 0.001181
iter 120: upload_copy_time_cuda = 0.001276

iter 121: cpu_time_pred = 0.019403
iter 121: gpu_time_pred = 0.032397
iter 121: cpu_time_cuda = 0.019677
iter 121: gpu_time_cuda = 0.032788
iter 121: download_copy_time_cuda = 0.001170
iter 121: upload_copy_time_cuda = 0.001259

iter 122: cpu_time_pred = 0.019305
iter 122: gpu_time_pred = 0.032070
iter 122: cpu_time_cuda = 0.019622
iter 122: gpu_time_cuda = 0.032891
iter 122: download_copy_time_cuda = 0.001169
iter 122: upload_copy_time_cuda = 0.001263

iter 123: cpu_time_pred = 0.019207
iter 123: gpu_time_pred = 0.031746
iter 123: cpu_time_cuda = 0.019479
iter 123: gpu_time_cuda = 0.032305
iter 123: download_copy_time_cuda = 0.001163
iter 123: upload_copy_time_cuda = 0.001257

iter 124: cpu_time_pred = 0.019109
iter 124: gpu_time_pred = 0.031422
iter 124: cpu_time_cuda = 0.019378
iter 124: gpu_time_cuda = 0.032053
iter 124: download_copy_time_cuda = 0.001156
iter 124: upload_copy_time_cuda = 0.001248

iter 125: cpu_time_pred = 0.019011
iter 125: gpu_time_pred = 0.031101
iter 125: cpu_time_cuda = 0.019304
iter 125: gpu_time_cuda = 0.031598
iter 125: download_copy_time_cuda = 0.001151
iter 125: upload_copy_time_cuda = 0.001241

iter 126: cpu_time_pred = 0.018913
iter 126: gpu_time_pred = 0.030781
iter 126: cpu_time_cuda = 0.019176
iter 126: gpu_time_cuda = 0.031287
iter 126: download_copy_time_cuda = 0.001152
iter 126: upload_copy_time_cuda = 0.001237

iter 127: cpu_time_pred = 0.018815
iter 127: gpu_time_pred = 0.030463
iter 127: cpu_time_cuda = 0.019107
iter 127: gpu_time_cuda = 0.030779
iter 127: download_copy_time_cuda = 0.001139
iter 127: upload_copy_time_cuda = 0.001229

iter 128: cpu_time_pred = 0.018717
iter 128: gpu_time_pred = 0.030147
iter 128: cpu_time_cuda = 0.018958
iter 128: gpu_time_cuda = 0.030620
iter 128: download_copy_time_cuda = 0.001131
iter 128: upload_copy_time_cuda = 0.001229

iter 129: cpu_time_pred = 0.018619
iter 129: gpu_time_pred = 0.029832
iter 129: cpu_time_cuda = 0.018858
iter 129: gpu_time_cuda = 0.030049
iter 129: download_copy_time_cuda = 0.001136
iter 129: upload_copy_time_cuda = 0.001219

iter 130: cpu_time_pred = 0.018521
iter 130: gpu_time_pred = 0.029519
iter 130: cpu_time_cuda = 0.018774
iter 130: gpu_time_cuda = 0.031243
iter 130: download_copy_time_cuda = 0.001121
iter 130: upload_copy_time_cuda = 0.001211

iter 131: cpu_time_pred = 0.018423
iter 131: gpu_time_pred = 0.029207
iter 131: cpu_time_cuda = 0.018713
iter 131: gpu_time_cuda = 0.029858
iter 131: download_copy_time_cuda = 0.001118
iter 131: upload_copy_time_cuda = 0.001211

iter 132: cpu_time_pred = 0.018325
iter 132: gpu_time_pred = 0.028897
iter 132: cpu_time_cuda = 0.018575
iter 132: gpu_time_cuda = 0.029446
iter 132: download_copy_time_cuda = 0.001119
iter 132: upload_copy_time_cuda = 0.001198

iter 133: cpu_time_pred = 0.018227
iter 133: gpu_time_pred = 0.028589
iter 133: cpu_time_cuda = 0.018524
iter 133: gpu_time_cuda = 0.028791
iter 133: download_copy_time_cuda = 0.001109
iter 133: upload_copy_time_cuda = 0.001193

iter 134: cpu_time_pred = 0.018129
iter 134: gpu_time_pred = 0.028282
iter 134: cpu_time_cuda = 0.018414
iter 134: gpu_time_cuda = 0.028657
iter 134: download_copy_time_cuda = 0.001098
iter 134: upload_copy_time_cuda = 0.001187

iter 135: cpu_time_pred = 0.018031
iter 135: gpu_time_pred = 0.027977
iter 135: cpu_time_cuda = 0.018466
iter 135: gpu_time_cuda = 0.028447
iter 135: download_copy_time_cuda = 0.001101
iter 135: upload_copy_time_cuda = 0.001182

iter 136: cpu_time_pred = 0.017933
iter 136: gpu_time_pred = 0.027674
iter 136: cpu_time_cuda = 0.018220
iter 136: gpu_time_cuda = 0.028907
iter 136: download_copy_time_cuda = 0.001087
iter 136: upload_copy_time_cuda = 0.001171

iter 137: cpu_time_pred = 0.017835
iter 137: gpu_time_pred = 0.027372
iter 137: cpu_time_cuda = 0.018139
iter 137: gpu_time_cuda = 0.028036
iter 137: download_copy_time_cuda = 0.001083
iter 137: upload_copy_time_cuda = 0.001169

iter 138: cpu_time_pred = 0.017737
iter 138: gpu_time_pred = 0.027072
iter 138: cpu_time_cuda = 0.018000
iter 138: gpu_time_cuda = 0.027592
iter 138: download_copy_time_cuda = 0.001078
iter 138: upload_copy_time_cuda = 0.001155

iter 139: cpu_time_pred = 0.017639
iter 139: gpu_time_pred = 0.026774
iter 139: cpu_time_cuda = 0.017958
iter 139: gpu_time_cuda = 0.027038
iter 139: download_copy_time_cuda = 0.001063
iter 139: upload_copy_time_cuda = 0.001156

iter 140: cpu_time_pred = 0.017541
iter 140: gpu_time_pred = 0.026478
iter 140: cpu_time_cuda = 0.017834
iter 140: gpu_time_cuda = 0.027030
iter 140: download_copy_time_cuda = 0.001065
iter 140: upload_copy_time_cuda = 0.001147

iter 141: cpu_time_pred = 0.017443
iter 141: gpu_time_pred = 0.026183
iter 141: cpu_time_cuda = 0.017765
iter 141: gpu_time_cuda = 0.026748
iter 141: download_copy_time_cuda = 0.001053
iter 141: upload_copy_time_cuda = 0.001142

iter 142: cpu_time_pred = 0.017345
iter 142: gpu_time_pred = 0.025889
iter 142: cpu_time_cuda = 0.017615
iter 142: gpu_time_cuda = 0.026538
iter 142: download_copy_time_cuda = 0.001053
iter 142: upload_copy_time_cuda = 0.001134

iter 143: cpu_time_pred = 0.017247
iter 143: gpu_time_pred = 0.025597
iter 143: cpu_time_cuda = 0.017555
iter 143: gpu_time_cuda = 0.025911
iter 143: download_copy_time_cuda = 0.001048
iter 143: upload_copy_time_cuda = 0.001130

iter 144: cpu_time_pred = 0.017149
iter 144: gpu_time_pred = 0.025307
iter 144: cpu_time_cuda = 0.017402
iter 144: gpu_time_cuda = 0.025900
iter 144: download_copy_time_cuda = 0.001047
iter 144: upload_copy_time_cuda = 0.001197

iter 145: cpu_time_pred = 0.017051
iter 145: gpu_time_pred = 0.025019
iter 145: cpu_time_cuda = 0.017425
iter 145: gpu_time_cuda = 0.025721
iter 145: download_copy_time_cuda = 0.001034
iter 145: upload_copy_time_cuda = 0.001110

iter 146: cpu_time_pred = 0.016953
iter 146: gpu_time_pred = 0.024732
iter 146: cpu_time_cuda = 0.017261
iter 146: gpu_time_cuda = 0.025705
iter 146: download_copy_time_cuda = 0.001022
iter 146: upload_copy_time_cuda = 0.001114

iter 147: cpu_time_pred = 0.016855
iter 147: gpu_time_pred = 0.024447
iter 147: cpu_time_cuda = 0.017181
iter 147: gpu_time_cuda = 0.024628
iter 147: download_copy_time_cuda = 0.001024
iter 147: upload_copy_time_cuda = 0.001109

iter 148: cpu_time_pred = 0.016757
iter 148: gpu_time_pred = 0.024164
iter 148: cpu_time_cuda = 0.017030
iter 148: gpu_time_cuda = 0.024740
iter 148: download_copy_time_cuda = 0.001017
iter 148: upload_copy_time_cuda = 0.001100

iter 149: cpu_time_pred = 0.016659
iter 149: gpu_time_pred = 0.023882
iter 149: cpu_time_cuda = 0.016934
iter 149: gpu_time_cuda = 0.024097
iter 149: download_copy_time_cuda = 0.001012
iter 149: upload_copy_time_cuda = 0.001092

iter 150: cpu_time_pred = 0.016561
iter 150: gpu_time_pred = 0.023602
iter 150: cpu_time_cuda = 0.016847
iter 150: gpu_time_cuda = 0.025035
iter 150: download_copy_time_cuda = 0.001004
iter 150: upload_copy_time_cuda = 0.001081

iter 151: cpu_time_pred = 0.016463
iter 151: gpu_time_pred = 0.023323
iter 151: cpu_time_cuda = 0.016711
iter 151: gpu_time_cuda = 0.023667
iter 151: download_copy_time_cuda = 0.001004
iter 151: upload_copy_time_cuda = 0.001079

iter 152: cpu_time_pred = 0.016365
iter 152: gpu_time_pred = 0.023046
iter 152: cpu_time_cuda = 0.016626
iter 152: gpu_time_cuda = 0.023474
iter 152: download_copy_time_cuda = 0.000995
iter 152: upload_copy_time_cuda = 0.001071

iter 153: cpu_time_pred = 0.016267
iter 153: gpu_time_pred = 0.022771
iter 153: cpu_time_cuda = 0.016521
iter 153: gpu_time_cuda = 0.022950
iter 153: download_copy_time_cuda = 0.000990
iter 153: upload_copy_time_cuda = 0.001074

iter 154: cpu_time_pred = 0.016169
iter 154: gpu_time_pred = 0.022498
iter 154: cpu_time_cuda = 0.016497
iter 154: gpu_time_cuda = 0.022989
iter 154: download_copy_time_cuda = 0.000982
iter 154: upload_copy_time_cuda = 0.001062

iter 155: cpu_time_pred = 0.016071
iter 155: gpu_time_pred = 0.022226
iter 155: cpu_time_cuda = 0.016337
iter 155: gpu_time_cuda = 0.022954
iter 155: download_copy_time_cuda = 0.000983
iter 155: upload_copy_time_cuda = 0.001058

iter 156: cpu_time_pred = 0.015973
iter 156: gpu_time_pred = 0.021956
iter 156: cpu_time_cuda = 0.016390
iter 156: gpu_time_cuda = 0.023404
iter 156: download_copy_time_cuda = 0.000973
iter 156: upload_copy_time_cuda = 0.001045

iter 157: cpu_time_pred = 0.015875
iter 157: gpu_time_pred = 0.021687
iter 157: cpu_time_cuda = 0.016175
iter 157: gpu_time_cuda = 0.022013
iter 157: download_copy_time_cuda = 0.000970
iter 157: upload_copy_time_cuda = 0.001043

iter 158: cpu_time_pred = 0.015777
iter 158: gpu_time_pred = 0.021420
iter 158: cpu_time_cuda = 0.016091
iter 158: gpu_time_cuda = 0.021785
iter 158: download_copy_time_cuda = 0.000960
iter 158: upload_copy_time_cuda = 0.001038

iter 159: cpu_time_pred = 0.015679
iter 159: gpu_time_pred = 0.021155
iter 159: cpu_time_cuda = 0.016023
iter 159: gpu_time_cuda = 0.021492
iter 159: download_copy_time_cuda = 0.000956
iter 159: upload_copy_time_cuda = 0.001036

iter 160: cpu_time_pred = 0.015581
iter 160: gpu_time_pred = 0.020891
iter 160: cpu_time_cuda = 0.015891
iter 160: gpu_time_cuda = 0.021707
iter 160: download_copy_time_cuda = 0.000949
iter 160: upload_copy_time_cuda = 0.001022

iter 161: cpu_time_pred = 0.015483
iter 161: gpu_time_pred = 0.020629
iter 161: cpu_time_cuda = 0.015915
iter 161: gpu_time_cuda = 0.020827
iter 161: download_copy_time_cuda = 0.000945
iter 161: upload_copy_time_cuda = 0.001015

iter 162: cpu_time_pred = 0.015385
iter 162: gpu_time_pred = 0.020369
iter 162: cpu_time_cuda = 0.015680
iter 162: gpu_time_cuda = 0.021195
iter 162: download_copy_time_cuda = 0.000949
iter 162: upload_copy_time_cuda = 0.001011

iter 163: cpu_time_pred = 0.015287
iter 163: gpu_time_pred = 0.020110
iter 163: cpu_time_cuda = 0.015573
iter 163: gpu_time_cuda = 0.022535
iter 163: download_copy_time_cuda = 0.000941
iter 163: upload_copy_time_cuda = 0.000998

iter 164: cpu_time_pred = 0.015189
iter 164: gpu_time_pred = 0.019853
iter 164: cpu_time_cuda = 0.015517
iter 164: gpu_time_cuda = 0.020324
iter 164: download_copy_time_cuda = 0.000929
iter 164: upload_copy_time_cuda = 0.000997

iter 165: cpu_time_pred = 0.015091
iter 165: gpu_time_pred = 0.019598
iter 165: cpu_time_cuda = 0.015389
iter 165: gpu_time_cuda = 0.019814
iter 165: download_copy_time_cuda = 0.000923
iter 165: upload_copy_time_cuda = 0.000996

iter 166: cpu_time_pred = 0.014993
iter 166: gpu_time_pred = 0.019344
iter 166: cpu_time_cuda = 0.015460
iter 166: gpu_time_cuda = 0.019737
iter 166: download_copy_time_cuda = 0.000915
iter 166: upload_copy_time_cuda = 0.000984

iter 167: cpu_time_pred = 0.014895
iter 167: gpu_time_pred = 0.019092
iter 167: cpu_time_cuda = 0.015208
iter 167: gpu_time_cuda = 0.019438
iter 167: download_copy_time_cuda = 0.000928
iter 167: upload_copy_time_cuda = 0.000975

iter 168: cpu_time_pred = 0.014797
iter 168: gpu_time_pred = 0.018842
iter 168: cpu_time_cuda = 0.015131
iter 168: gpu_time_cuda = 0.019481
iter 168: download_copy_time_cuda = 0.000903
iter 168: upload_copy_time_cuda = 0.000975

iter 169: cpu_time_pred = 0.014699
iter 169: gpu_time_pred = 0.018593
iter 169: cpu_time_cuda = 0.015030
iter 169: gpu_time_cuda = 0.018742
iter 169: download_copy_time_cuda = 0.000898
iter 169: upload_copy_time_cuda = 0.000959

iter 170: cpu_time_pred = 0.014601
iter 170: gpu_time_pred = 0.018346
iter 170: cpu_time_cuda = 0.014898
iter 170: gpu_time_cuda = 0.018894
iter 170: download_copy_time_cuda = 0.000885
iter 170: upload_copy_time_cuda = 0.000961

iter 171: cpu_time_pred = 0.014503
iter 171: gpu_time_pred = 0.018101
iter 171: cpu_time_cuda = 0.014830
iter 171: gpu_time_cuda = 0.018318
iter 171: download_copy_time_cuda = 0.000886
iter 171: upload_copy_time_cuda = 0.000956

iter 172: cpu_time_pred = 0.014405
iter 172: gpu_time_pred = 0.017857
iter 172: cpu_time_cuda = 0.014664
iter 172: gpu_time_cuda = 0.018511
iter 172: download_copy_time_cuda = 0.000880
iter 172: upload_copy_time_cuda = 0.000955

iter 173: cpu_time_pred = 0.014307
iter 173: gpu_time_pred = 0.017615
iter 173: cpu_time_cuda = 0.014586
iter 173: gpu_time_cuda = 0.018116
iter 173: download_copy_time_cuda = 0.000884
iter 173: upload_copy_time_cuda = 0.000947

iter 174: cpu_time_pred = 0.014209
iter 174: gpu_time_pred = 0.017374
iter 174: cpu_time_cuda = 0.014477
iter 174: gpu_time_cuda = 0.017872
iter 174: download_copy_time_cuda = 0.000870
iter 174: upload_copy_time_cuda = 0.000935

iter 175: cpu_time_pred = 0.014111
iter 175: gpu_time_pred = 0.017135
iter 175: cpu_time_cuda = 0.014398
iter 175: gpu_time_cuda = 0.017440
iter 175: download_copy_time_cuda = 0.000861
iter 175: upload_copy_time_cuda = 0.000932

iter 176: cpu_time_pred = 0.014013
iter 176: gpu_time_pred = 0.016898
iter 176: cpu_time_cuda = 0.014285
iter 176: gpu_time_cuda = 0.017499
iter 176: download_copy_time_cuda = 0.000857
iter 176: upload_copy_time_cuda = 0.000924

iter 177: cpu_time_pred = 0.013915
iter 177: gpu_time_pred = 0.016663
iter 177: cpu_time_cuda = 0.014248
iter 177: gpu_time_cuda = 0.017282
iter 177: download_copy_time_cuda = 0.000850
iter 177: upload_copy_time_cuda = 0.000921

iter 178: cpu_time_pred = 0.013817
iter 178: gpu_time_pred = 0.016429
iter 178: cpu_time_cuda = 0.014151
iter 178: gpu_time_cuda = 0.017302
iter 178: download_copy_time_cuda = 0.000846
iter 178: upload_copy_time_cuda = 0.000915

iter 179: cpu_time_pred = 0.013719
iter 179: gpu_time_pred = 0.016197
iter 179: cpu_time_cuda = 0.014138
iter 179: gpu_time_cuda = 0.016577
iter 179: download_copy_time_cuda = 0.000839
iter 179: upload_copy_time_cuda = 0.000909

iter 180: cpu_time_pred = 0.013621
iter 180: gpu_time_pred = 0.015966
iter 180: cpu_time_cuda = 0.013984
iter 180: gpu_time_cuda = 0.016500
iter 180: download_copy_time_cuda = 0.000834
iter 180: upload_copy_time_cuda = 0.000902

iter 181: cpu_time_pred = 0.013523
iter 181: gpu_time_pred = 0.015737
iter 181: cpu_time_cuda = 0.013821
iter 181: gpu_time_cuda = 0.016021
iter 181: download_copy_time_cuda = 0.000829
iter 181: upload_copy_time_cuda = 0.000893

iter 182: cpu_time_pred = 0.013425
iter 182: gpu_time_pred = 0.015510
iter 182: cpu_time_cuda = 0.013825
iter 182: gpu_time_cuda = 0.016177
iter 182: download_copy_time_cuda = 0.000822
iter 182: upload_copy_time_cuda = 0.000883

iter 183: cpu_time_pred = 0.013327
iter 183: gpu_time_pred = 0.015284
iter 183: cpu_time_cuda = 0.013793
iter 183: gpu_time_cuda = 0.016221
iter 183: download_copy_time_cuda = 0.000813
iter 183: upload_copy_time_cuda = 0.000879

iter 184: cpu_time_pred = 0.013229
iter 184: gpu_time_pred = 0.015060
iter 184: cpu_time_cuda = 0.013539
iter 184: gpu_time_cuda = 0.015433
iter 184: download_copy_time_cuda = 0.000812
iter 184: upload_copy_time_cuda = 0.000875

iter 185: cpu_time_pred = 0.013131
iter 185: gpu_time_pred = 0.014838
iter 185: cpu_time_cuda = 0.013393
iter 185: gpu_time_cuda = 0.015277
iter 185: download_copy_time_cuda = 0.000806
iter 185: upload_copy_time_cuda = 0.000868

iter 186: cpu_time_pred = 0.013033
iter 186: gpu_time_pred = 0.014618
iter 186: cpu_time_cuda = 0.013506
iter 186: gpu_time_cuda = 0.015097
iter 186: download_copy_time_cuda = 0.000798
iter 186: upload_copy_time_cuda = 0.000863

iter 187: cpu_time_pred = 0.012935
iter 187: gpu_time_pred = 0.014399
iter 187: cpu_time_cuda = 0.013226
iter 187: gpu_time_cuda = 0.014943
iter 187: download_copy_time_cuda = 0.000794
iter 187: upload_copy_time_cuda = 0.000858

iter 188: cpu_time_pred = 0.012837
iter 188: gpu_time_pred = 0.014181
iter 188: cpu_time_cuda = 0.013124
iter 188: gpu_time_cuda = 0.015193
iter 188: download_copy_time_cuda = 0.000791
iter 188: upload_copy_time_cuda = 0.000852

iter 189: cpu_time_pred = 0.012739
iter 189: gpu_time_pred = 0.013966
iter 189: cpu_time_cuda = 0.013119
iter 189: gpu_time_cuda = 0.014534
iter 189: download_copy_time_cuda = 0.000783
iter 189: upload_copy_time_cuda = 0.000838

iter 190: cpu_time_pred = 0.012641
iter 190: gpu_time_pred = 0.013752
iter 190: cpu_time_cuda = 0.012927
iter 190: gpu_time_cuda = 0.014192
iter 190: download_copy_time_cuda = 0.000777
iter 190: upload_copy_time_cuda = 0.000839

iter 191: cpu_time_pred = 0.012543
iter 191: gpu_time_pred = 0.013539
iter 191: cpu_time_cuda = 0.012815
iter 191: gpu_time_cuda = 0.013949
iter 191: download_copy_time_cuda = 0.000770
iter 191: upload_copy_time_cuda = 0.000830

iter 192: cpu_time_pred = 0.012445
iter 192: gpu_time_pred = 0.013328
iter 192: cpu_time_cuda = 0.012688
iter 192: gpu_time_cuda = 0.013717
iter 192: download_copy_time_cuda = 0.000766
iter 192: upload_copy_time_cuda = 0.000825

iter 193: cpu_time_pred = 0.012347
iter 193: gpu_time_pred = 0.013119
iter 193: cpu_time_cuda = 0.012594
iter 193: gpu_time_cuda = 0.013445
iter 193: download_copy_time_cuda = 0.000761
iter 193: upload_copy_time_cuda = 0.000820

iter 194: cpu_time_pred = 0.012249
iter 194: gpu_time_pred = 0.012912
iter 194: cpu_time_cuda = 0.012502
iter 194: gpu_time_cuda = 0.013647
iter 194: download_copy_time_cuda = 0.000754
iter 194: upload_copy_time_cuda = 0.000813

iter 195: cpu_time_pred = 0.012151
iter 195: gpu_time_pred = 0.012706
iter 195: cpu_time_cuda = 0.012459
iter 195: gpu_time_cuda = 0.013013
iter 195: download_copy_time_cuda = 0.000749
iter 195: upload_copy_time_cuda = 0.000806

iter 196: cpu_time_pred = 0.012053
iter 196: gpu_time_pred = 0.012502
iter 196: cpu_time_cuda = 0.012557
iter 196: gpu_time_cuda = 0.012978
iter 196: download_copy_time_cuda = 0.000742
iter 196: upload_copy_time_cuda = 0.000802

iter 197: cpu_time_pred = 0.011955
iter 197: gpu_time_pred = 0.012300
iter 197: cpu_time_cuda = 0.012233
iter 197: gpu_time_cuda = 0.012452
iter 197: download_copy_time_cuda = 0.000737
iter 197: upload_copy_time_cuda = 0.000794

iter 198: cpu_time_pred = 0.011857
iter 198: gpu_time_pred = 0.012099
iter 198: cpu_time_cuda = 0.012161
iter 198: gpu_time_cuda = 0.012777
iter 198: download_copy_time_cuda = 0.000732
iter 198: upload_copy_time_cuda = 0.000793

iter 199: cpu_time_pred = 0.011759
iter 199: gpu_time_pred = 0.011900
iter 199: cpu_time_cuda = 0.012033
iter 199: gpu_time_cuda = 0.012465
iter 199: download_copy_time_cuda = 0.000732
iter 199: upload_copy_time_cuda = 0.000781

iter 200: cpu_time_pred = 0.011661
iter 200: gpu_time_pred = 0.011702
iter 200: cpu_time_cuda = 0.012012
iter 200: gpu_time_cuda = 0.012234
iter 200: download_copy_time_cuda = 0.000720
iter 200: upload_copy_time_cuda = 0.000778

iter 201: cpu_time_pred = 0.011563
iter 201: gpu_time_pred = 0.011506
iter 201: cpu_time_cuda = 0.011842
iter 201: gpu_time_cuda = 0.011752
iter 201: download_copy_time_cuda = 0.000716
iter 201: upload_copy_time_cuda = 0.000770

iter 202: cpu_time_pred = 0.011465
iter 202: gpu_time_pred = 0.011312
!!Border found at iter 201
iter 202: cpu_time_cuda = 0.011766
iter 202: gpu_time_cuda = 0.011776
iter 202: download_copy_time_cuda = 0.000707
iter 202: upload_copy_time_cuda = 0.000762

iter 203: cpu_time_pred = 0.011367
iter 203: gpu_time_pred = 0.011120
iter 203: cpu_time_cuda = 0.011714
iter 203: gpu_time_cuda = 0.011380
iter 203: download_copy_time_cuda = 0.000703
iter 203: upload_copy_time_cuda = 0.000757

iter 204: cpu_time_pred = 0.011269
iter 204: gpu_time_pred = 0.010929
!!Border found at iter 203
iter 204: cpu_time_cuda = 0.011587
iter 204: gpu_time_cuda = 0.012143
iter 204: download_copy_time_cuda = 0.000698
iter 204: upload_copy_time_cuda = 0.000757

iter 205: cpu_time_pred = 0.011171
iter 205: gpu_time_pred = 0.010739
iter 205: cpu_time_cuda = 0.011468
iter 205: gpu_time_cuda = 0.011046
iter 205: download_copy_time_cuda = 0.000699
iter 205: upload_copy_time_cuda = 0.000739

iter 206: cpu_time_pred = 0.011073
iter 206: gpu_time_pred = 0.010552
!!Border found at iter 205
iter 206: cpu_time_cuda = 0.011381
iter 206: gpu_time_cuda = 0.011101
iter 206: download_copy_time_cuda = 0.000680
iter 206: upload_copy_time_cuda = 0.000738

iter 207: cpu_time_pred = 0.010975
iter 207: gpu_time_pred = 0.010366
!!Border found at iter 206
iter 207: cpu_time_cuda = 0.011288
iter 207: gpu_time_cuda = 0.010644
iter 207: download_copy_time_cuda = 0.000679
iter 207: upload_copy_time_cuda = 0.000732

iter 208: cpu_time_pred = 0.010877
iter 208: gpu_time_pred = 0.010182
!!Border found at iter 207
iter 208: cpu_time_cuda = 0.011171
iter 208: gpu_time_cuda = 0.010616
iter 208: download_copy_time_cuda = 0.000673
iter 208: upload_copy_time_cuda = 0.000725

iter 209: cpu_time_pred = 0.010779
iter 209: gpu_time_pred = 0.009999
!!Border found at iter 208
iter 209: cpu_time_cuda = 0.011054
iter 209: gpu_time_cuda = 0.010437
iter 209: download_copy_time_cuda = 0.000667
iter 209: upload_copy_time_cuda = 0.000719

iter 210: cpu_time_pred = 0.010681
iter 210: gpu_time_pred = 0.009818
!!Border found at iter 209
iter 210: cpu_time_cuda = 0.010953
iter 210: gpu_time_cuda = 0.010180
iter 210: download_copy_time_cuda = 0.000668
iter 210: upload_copy_time_cuda = 0.000714

iter 211: cpu_time_pred = 0.010583
iter 211: gpu_time_pred = 0.009639
!!Border found at iter 210
iter 211: cpu_time_cuda = 0.011046
iter 211: gpu_time_cuda = 0.009862
iter 211: download_copy_time_cuda = 0.000657
iter 211: upload_copy_time_cuda = 0.000706

iter 212: cpu_time_pred = 0.010485
iter 212: gpu_time_pred = 0.009461
!!Border found at iter 211
iter 212: cpu_time_cuda = 0.010759
iter 212: gpu_time_cuda = 0.009806
iter 212: download_copy_time_cuda = 0.000652
iter 212: upload_copy_time_cuda = 0.000701

iter 213: cpu_time_pred = 0.010387
iter 213: gpu_time_pred = 0.009285
!!Border found at iter 212
iter 213: cpu_time_cuda = 0.010691
iter 213: gpu_time_cuda = 0.009787
iter 213: download_copy_time_cuda = 0.000644
iter 213: upload_copy_time_cuda = 0.000694

iter 214: cpu_time_pred = 0.010289
iter 214: gpu_time_pred = 0.009111
!!Border found at iter 213
iter 214: cpu_time_cuda = 0.010571
iter 214: gpu_time_cuda = 0.011272
iter 214: download_copy_time_cuda = 0.000639
iter 214: upload_copy_time_cuda = 0.000688

iter 215: cpu_time_pred = 0.010191
iter 215: gpu_time_pred = 0.008938
iter 215: cpu_time_cuda = 0.010485
iter 215: gpu_time_cuda = 0.010143
iter 215: download_copy_time_cuda = 0.000634
iter 215: upload_copy_time_cuda = 0.000682

iter 216: cpu_time_pred = 0.010093
iter 216: gpu_time_pred = 0.008767
!!Border found at iter 215
iter 216: cpu_time_cuda = 0.010409
iter 216: gpu_time_cuda = 0.009095
iter 216: download_copy_time_cuda = 0.000628
iter 216: upload_copy_time_cuda = 0.000681

iter 217: cpu_time_pred = 0.009995
iter 217: gpu_time_pred = 0.008597
!!Border found at iter 216
iter 217: cpu_time_cuda = 0.010294
iter 217: gpu_time_cuda = 0.008859
iter 217: download_copy_time_cuda = 0.000621
iter 217: upload_copy_time_cuda = 0.000669

iter 218: cpu_time_pred = 0.009897
iter 218: gpu_time_pred = 0.008430
!!Border found at iter 217
iter 218: cpu_time_cuda = 0.010158
iter 218: gpu_time_cuda = 0.008879
iter 218: download_copy_time_cuda = 0.000616
iter 218: upload_copy_time_cuda = 0.000662

iter 219: cpu_time_pred = 0.009799
iter 219: gpu_time_pred = 0.008264
!!Border found at iter 218
iter 219: cpu_time_cuda = 0.010141
iter 219: gpu_time_cuda = 0.009082
iter 219: download_copy_time_cuda = 0.000610
iter 219: upload_copy_time_cuda = 0.000658

iter 220: cpu_time_pred = 0.009701
iter 220: gpu_time_pred = 0.008099
!!Border found at iter 219
iter 220: cpu_time_cuda = 0.010184
iter 220: gpu_time_cuda = 0.008630
iter 220: download_copy_time_cuda = 0.000605
iter 220: upload_copy_time_cuda = 0.000650

iter 221: cpu_time_pred = 0.009603
iter 221: gpu_time_pred = 0.007936
!!Border found at iter 220
iter 221: cpu_time_cuda = 0.009899
iter 221: gpu_time_cuda = 0.008286
iter 221: download_copy_time_cuda = 0.000601
iter 221: upload_copy_time_cuda = 0.000645

iter 222: cpu_time_pred = 0.009505
iter 222: gpu_time_pred = 0.007775
!!Border found at iter 221
iter 222: cpu_time_cuda = 0.009828
iter 222: gpu_time_cuda = 0.008084
iter 222: download_copy_time_cuda = 0.000593
iter 222: upload_copy_time_cuda = 0.000644

iter 223: cpu_time_pred = 0.009407
iter 223: gpu_time_pred = 0.007616
!!Border found at iter 222
iter 223: cpu_time_cuda = 0.009708
iter 223: gpu_time_cuda = 0.007794
iter 223: download_copy_time_cuda = 0.000587
iter 223: upload_copy_time_cuda = 0.000633

iter 224: cpu_time_pred = 0.009309
iter 224: gpu_time_pred = 0.007458
!!Border found at iter 223
iter 224: cpu_time_cuda = 0.009606
iter 224: gpu_time_cuda = 0.008027
iter 224: download_copy_time_cuda = 0.000582
iter 224: upload_copy_time_cuda = 0.000623

iter 225: cpu_time_pred = 0.009211
iter 225: gpu_time_pred = 0.007302
!!Border found at iter 224
iter 225: cpu_time_cuda = 0.009533
iter 225: gpu_time_cuda = 0.007507
iter 225: download_copy_time_cuda = 0.000575
iter 225: upload_copy_time_cuda = 0.000616

iter 226: cpu_time_pred = 0.009113
iter 226: gpu_time_pred = 0.007147
!!Border found at iter 225
iter 226: cpu_time_cuda = 0.009400
iter 226: gpu_time_cuda = 0.007586
iter 226: download_copy_time_cuda = 0.000570
iter 226: upload_copy_time_cuda = 0.000613

iter 227: cpu_time_pred = 0.009015
iter 227: gpu_time_pred = 0.006994
!!Border found at iter 226
iter 227: cpu_time_cuda = 0.009329
iter 227: gpu_time_cuda = 0.007314
iter 227: download_copy_time_cuda = 0.000564
iter 227: upload_copy_time_cuda = 0.000608

iter 228: cpu_time_pred = 0.008917
iter 228: gpu_time_pred = 0.006843
!!Border found at iter 227
iter 228: cpu_time_cuda = 0.009273
iter 228: gpu_time_cuda = 0.007159
iter 228: download_copy_time_cuda = 0.000558
iter 228: upload_copy_time_cuda = 0.000594

iter 229: cpu_time_pred = 0.008819
iter 229: gpu_time_pred = 0.006694
!!Border found at iter 228
iter 229: cpu_time_cuda = 0.009127
iter 229: gpu_time_cuda = 0.006928
iter 229: download_copy_time_cuda = 0.000553
iter 229: upload_copy_time_cuda = 0.000596

iter 230: cpu_time_pred = 0.008721
iter 230: gpu_time_pred = 0.006546
!!Border found at iter 229
iter 230: cpu_time_cuda = 0.009086
iter 230: gpu_time_cuda = 0.006748
iter 230: download_copy_time_cuda = 0.000546
iter 230: upload_copy_time_cuda = 0.000589

iter 231: cpu_time_pred = 0.008623
iter 231: gpu_time_pred = 0.006399
!!Border found at iter 230
iter 231: cpu_time_cuda = 0.008955
iter 231: gpu_time_cuda = 0.007053
iter 231: download_copy_time_cuda = 0.000548
iter 231: upload_copy_time_cuda = 0.000575

iter 232: cpu_time_pred = 0.008525
iter 232: gpu_time_pred = 0.006255
!!Border found at iter 231
iter 232: cpu_time_cuda = 0.008835
iter 232: gpu_time_cuda = 0.006923
iter 232: download_copy_time_cuda = 0.000538
iter 232: upload_copy_time_cuda = 0.000581

iter 233: cpu_time_pred = 0.008427
iter 233: gpu_time_pred = 0.006112
!!Border found at iter 232
iter 233: cpu_time_cuda = 0.008705
iter 233: gpu_time_cuda = 0.006450
iter 233: download_copy_time_cuda = 0.000528
iter 233: upload_copy_time_cuda = 0.000569

iter 234: cpu_time_pred = 0.008329
iter 234: gpu_time_pred = 0.005970
!!Border found at iter 233
iter 234: cpu_time_cuda = 0.008607
iter 234: gpu_time_cuda = 0.006439
iter 234: download_copy_time_cuda = 0.000526
iter 234: upload_copy_time_cuda = 0.000564

iter 235: cpu_time_pred = 0.008231
iter 235: gpu_time_pred = 0.005831
!!Border found at iter 234
iter 235: cpu_time_cuda = 0.008493
iter 235: gpu_time_cuda = 0.006206
iter 235: download_copy_time_cuda = 0.000520
iter 235: upload_copy_time_cuda = 0.000557

iter 236: cpu_time_pred = 0.008133
iter 236: gpu_time_pred = 0.005693
!!Border found at iter 235
iter 236: cpu_time_cuda = 0.008391
iter 236: gpu_time_cuda = 0.006275
iter 236: download_copy_time_cuda = 0.000512
iter 236: upload_copy_time_cuda = 0.000548

iter 237: cpu_time_pred = 0.008035
iter 237: gpu_time_pred = 0.005556
!!Border found at iter 236
iter 237: cpu_time_cuda = 0.008296
iter 237: gpu_time_cuda = 0.005943
iter 237: download_copy_time_cuda = 0.000505
iter 237: upload_copy_time_cuda = 0.000545

iter 238: cpu_time_pred = 0.007938
iter 238: gpu_time_pred = 0.005422
!!Border found at iter 237
iter 238: cpu_time_cuda = 0.008203
iter 238: gpu_time_cuda = 0.005782
iter 238: download_copy_time_cuda = 0.000502
iter 238: upload_copy_time_cuda = 0.000541

iter 239: cpu_time_pred = 0.007840
iter 239: gpu_time_pred = 0.005289
!!Border found at iter 238
iter 239: cpu_time_cuda = 0.008134
iter 239: gpu_time_cuda = 0.005479
iter 239: download_copy_time_cuda = 0.000496
iter 239: upload_copy_time_cuda = 0.000533

iter 240: cpu_time_pred = 0.007742
iter 240: gpu_time_pred = 0.005157
!!Border found at iter 239
iter 240: cpu_time_cuda = 0.008024
iter 240: gpu_time_cuda = 0.005537
iter 240: download_copy_time_cuda = 0.000489
iter 240: upload_copy_time_cuda = 0.000526

iter 241: cpu_time_pred = 0.007644
iter 241: gpu_time_pred = 0.005028
!!Border found at iter 240
iter 241: cpu_time_cuda = 0.007918
iter 241: gpu_time_cuda = 0.006206
iter 241: download_copy_time_cuda = 0.000477
iter 241: upload_copy_time_cuda = 0.000518

iter 242: cpu_time_pred = 0.007546
iter 242: gpu_time_pred = 0.004900
!!Border found at iter 241
iter 242: cpu_time_cuda = 0.007880
iter 242: gpu_time_cuda = 0.005307
iter 242: download_copy_time_cuda = 0.000479
iter 242: upload_copy_time_cuda = 0.000514

iter 243: cpu_time_pred = 0.007448
iter 243: gpu_time_pred = 0.004773
!!Border found at iter 242
iter 243: cpu_time_cuda = 0.007780
iter 243: gpu_time_cuda = 0.004969
iter 243: download_copy_time_cuda = 0.000472
iter 243: upload_copy_time_cuda = 0.000508

iter 244: cpu_time_pred = 0.007350
iter 244: gpu_time_pred = 0.004648
!!Border found at iter 243
iter 244: cpu_time_cuda = 0.007638
iter 244: gpu_time_cuda = 0.005062
iter 244: download_copy_time_cuda = 0.000460
iter 244: upload_copy_time_cuda = 0.000500

iter 245: cpu_time_pred = 0.007252
iter 245: gpu_time_pred = 0.004525
!!Border found at iter 244
iter 245: cpu_time_cuda = 0.007535
iter 245: gpu_time_cuda = 0.004839
iter 245: download_copy_time_cuda = 0.000460
iter 245: upload_copy_time_cuda = 0.000495

iter 246: cpu_time_pred = 0.007154
iter 246: gpu_time_pred = 0.004404
!!Border found at iter 245
iter 246: cpu_time_cuda = 0.007457
iter 246: gpu_time_cuda = 0.004792
iter 246: download_copy_time_cuda = 0.000456
iter 246: upload_copy_time_cuda = 0.000493

iter 247: cpu_time_pred = 0.007056
iter 247: gpu_time_pred = 0.004284
!!Border found at iter 246
iter 247: cpu_time_cuda = 0.007330
iter 247: gpu_time_cuda = 0.005181
iter 247: download_copy_time_cuda = 0.000459
iter 247: upload_copy_time_cuda = 0.000482

iter 248: cpu_time_pred = 0.006958
iter 248: gpu_time_pred = 0.004166
!!Border found at iter 247
iter 248: cpu_time_cuda = 0.007232
iter 248: gpu_time_cuda = 0.004417
iter 248: download_copy_time_cuda = 0.000443
iter 248: upload_copy_time_cuda = 0.000481

iter 249: cpu_time_pred = 0.006860
iter 249: gpu_time_pred = 0.004049
!!Border found at iter 248
iter 249: cpu_time_cuda = 0.007140
iter 249: gpu_time_cuda = 0.004263
iter 249: download_copy_time_cuda = 0.000437
iter 249: upload_copy_time_cuda = 0.000472

iter 250: cpu_time_pred = 0.006762
iter 250: gpu_time_pred = 0.003934
!!Border found at iter 249
iter 250: cpu_time_cuda = 0.007088
iter 250: gpu_time_cuda = 0.004299
iter 250: download_copy_time_cuda = 0.000432
iter 250: upload_copy_time_cuda = 0.000464

iter 251: cpu_time_pred = 0.006664
iter 251: gpu_time_pred = 0.003821
!!Border found at iter 250
iter 251: cpu_time_cuda = 0.006934
iter 251: gpu_time_cuda = 0.004566
iter 251: download_copy_time_cuda = 0.000427
iter 251: upload_copy_time_cuda = 0.000458

iter 252: cpu_time_pred = 0.006566
iter 252: gpu_time_pred = 0.003710
!!Border found at iter 251
iter 252: cpu_time_cuda = 0.006861
iter 252: gpu_time_cuda = 0.004098
iter 252: download_copy_time_cuda = 0.000420
iter 252: upload_copy_time_cuda = 0.000452

iter 253: cpu_time_pred = 0.006468
iter 253: gpu_time_pred = 0.003600
!!Border found at iter 252
iter 253: cpu_time_cuda = 0.006782
iter 253: gpu_time_cuda = 0.003745
iter 253: download_copy_time_cuda = 0.000414
iter 253: upload_copy_time_cuda = 0.000443

iter 254: cpu_time_pred = 0.006370
iter 254: gpu_time_pred = 0.003491
!!Border found at iter 253
iter 254: cpu_time_cuda = 0.006671
iter 254: gpu_time_cuda = 0.003808
iter 254: download_copy_time_cuda = 0.000409
iter 254: upload_copy_time_cuda = 0.000438

iter 255: cpu_time_pred = 0.006272
iter 255: gpu_time_pred = 0.003385
!!Border found at iter 254
iter 255: cpu_time_cuda = 0.006534
iter 255: gpu_time_cuda = 0.003694
iter 255: download_copy_time_cuda = 0.000395
iter 255: upload_copy_time_cuda = 0.000432

iter 256: cpu_time_pred = 0.006174
iter 256: gpu_time_pred = 0.003280
!!Border found at iter 255
iter 256: cpu_time_cuda = 0.006354
iter 256: gpu_time_cuda = 0.003618
iter 256: download_copy_time_cuda = 0.000389
iter 256: upload_copy_time_cuda = 0.000428

iter 257: cpu_time_pred = 0.006076
iter 257: gpu_time_pred = 0.003177
!!Border found at iter 256
iter 257: cpu_time_cuda = 0.006266
iter 257: gpu_time_cuda = 0.003572
iter 257: download_copy_time_cuda = 0.000383
iter 257: upload_copy_time_cuda = 0.000421

iter 258: cpu_time_pred = 0.005978
iter 258: gpu_time_pred = 0.003075
!!Border found at iter 257
iter 258: cpu_time_cuda = 0.006202
iter 258: gpu_time_cuda = 0.003510
iter 258: download_copy_time_cuda = 0.000378
iter 258: upload_copy_time_cuda = 0.000415

iter 259: cpu_time_pred = 0.005880
iter 259: gpu_time_pred = 0.002975
!!Border found at iter 258
iter 259: cpu_time_cuda = 0.006054
iter 259: gpu_time_cuda = 0.003158
iter 259: download_copy_time_cuda = 0.000381
iter 259: upload_copy_time_cuda = 0.000408

iter 260: cpu_time_pred = 0.005782
iter 260: gpu_time_pred = 0.002877
!!Border found at iter 259
iter 260: cpu_time_cuda = 0.005961
iter 260: gpu_time_cuda = 0.003184
iter 260: download_copy_time_cuda = 0.000366
iter 260: upload_copy_time_cuda = 0.000402

iter 261: cpu_time_pred = 0.005684
iter 261: gpu_time_pred = 0.002780
!!Border found at iter 260
iter 261: cpu_time_cuda = 0.005872
iter 261: gpu_time_cuda = 0.003053
iter 261: download_copy_time_cuda = 0.000361
iter 261: upload_copy_time_cuda = 0.000392

iter 262: cpu_time_pred = 0.005586
iter 262: gpu_time_pred = 0.002685
!!Border found at iter 261
iter 262: cpu_time_cuda = 0.005759
iter 262: gpu_time_cuda = 0.003113
iter 262: download_copy_time_cuda = 0.000355
iter 262: upload_copy_time_cuda = 0.000381

iter 263: cpu_time_pred = 0.005488
iter 263: gpu_time_pred = 0.002591
!!Border found at iter 262
iter 263: cpu_time_cuda = 0.005640
iter 263: gpu_time_cuda = 0.003096
iter 263: download_copy_time_cuda = 0.000349
iter 263: upload_copy_time_cuda = 0.000376

iter 264: cpu_time_pred = 0.005390
iter 264: gpu_time_pred = 0.002500
!!Border found at iter 263
iter 264: cpu_time_cuda = 0.005573
iter 264: gpu_time_cuda = 0.002980
iter 264: download_copy_time_cuda = 0.000345
iter 264: upload_copy_time_cuda = 0.000374

iter 265: cpu_time_pred = 0.005292
iter 265: gpu_time_pred = 0.002410
!!Border found at iter 264
iter 265: cpu_time_cuda = 0.005471
iter 265: gpu_time_cuda = 0.002762
iter 265: download_copy_time_cuda = 0.000350
iter 265: upload_copy_time_cuda = 0.000361

iter 266: cpu_time_pred = 0.005194
iter 266: gpu_time_pred = 0.002321
!!Border found at iter 265
iter 266: cpu_time_cuda = 0.005374
iter 266: gpu_time_cuda = 0.002648
iter 266: download_copy_time_cuda = 0.000331
iter 266: upload_copy_time_cuda = 0.000356

iter 267: cpu_time_pred = 0.005096
iter 267: gpu_time_pred = 0.002234
!!Border found at iter 266
iter 267: cpu_time_cuda = 0.005407
iter 267: gpu_time_cuda = 0.002791
iter 267: download_copy_time_cuda = 0.000326
iter 267: upload_copy_time_cuda = 0.000350

iter 268: cpu_time_pred = 0.004998
iter 268: gpu_time_pred = 0.002149
!!Border found at iter 267
iter 268: cpu_time_cuda = 0.005208
iter 268: gpu_time_cuda = 0.002503
iter 268: download_copy_time_cuda = 0.000320
iter 268: upload_copy_time_cuda = 0.000344

iter 269: cpu_time_pred = 0.004900
iter 269: gpu_time_pred = 0.002066
!!Border found at iter 268
iter 269: cpu_time_cuda = 0.005095
iter 269: gpu_time_cuda = 0.002263
iter 269: download_copy_time_cuda = 0.000314
iter 269: upload_copy_time_cuda = 0.000337

iter 270: cpu_time_pred = 0.004802
iter 270: gpu_time_pred = 0.001984
!!Border found at iter 269
iter 270: cpu_time_cuda = 0.005000
iter 270: gpu_time_cuda = 0.002235
iter 270: download_copy_time_cuda = 0.000307
iter 270: upload_copy_time_cuda = 0.000331

iter 271: cpu_time_pred = 0.004704
iter 271: gpu_time_pred = 0.001904
!!Border found at iter 270
iter 271: cpu_time_cuda = 0.004904
iter 271: gpu_time_cuda = 0.002116
iter 271: download_copy_time_cuda = 0.000303
iter 271: upload_copy_time_cuda = 0.000329

iter 272: cpu_time_pred = 0.004606
iter 272: gpu_time_pred = 0.001825
!!Border found at iter 271
iter 272: cpu_time_cuda = 0.004800
iter 272: gpu_time_cuda = 0.002299
iter 272: download_copy_time_cuda = 0.000296
iter 272: upload_copy_time_cuda = 0.000319

iter 273: cpu_time_pred = 0.004508
iter 273: gpu_time_pred = 0.001749
!!Border found at iter 272
iter 273: cpu_time_cuda = 0.004722
iter 273: gpu_time_cuda = 0.002166
iter 273: download_copy_time_cuda = 0.000290
iter 273: upload_copy_time_cuda = 0.000313

iter 274: cpu_time_pred = 0.004410
iter 274: gpu_time_pred = 0.001673
!!Border found at iter 273
iter 274: cpu_time_cuda = 0.004618
iter 274: gpu_time_cuda = 0.001965
iter 274: download_copy_time_cuda = 0.000284
iter 274: upload_copy_time_cuda = 0.000307

iter 275: cpu_time_pred = 0.004312
iter 275: gpu_time_pred = 0.001600
!!Border found at iter 274
iter 275: cpu_time_cuda = 0.004545
iter 275: gpu_time_cuda = 0.001762
iter 275: download_copy_time_cuda = 0.000278
iter 275: upload_copy_time_cuda = 0.000305

iter 276: cpu_time_pred = 0.004214
iter 276: gpu_time_pred = 0.001528
!!Border found at iter 275
iter 276: cpu_time_cuda = 0.004438
iter 276: gpu_time_cuda = 0.001850
iter 276: download_copy_time_cuda = 0.000273
iter 276: upload_copy_time_cuda = 0.000294

iter 277: cpu_time_pred = 0.004116
iter 277: gpu_time_pred = 0.001458
!!Border found at iter 276
iter 277: cpu_time_cuda = 0.004355
iter 277: gpu_time_cuda = 0.001839
iter 277: download_copy_time_cuda = 0.000268
iter 277: upload_copy_time_cuda = 0.000286

iter 278: cpu_time_pred = 0.004018
iter 278: gpu_time_pred = 0.001389
!!Border found at iter 277
iter 278: cpu_time_cuda = 0.004210
iter 278: gpu_time_cuda = 0.001680
iter 278: download_copy_time_cuda = 0.000262
iter 278: upload_copy_time_cuda = 0.000281

iter 279: cpu_time_pred = 0.003920
iter 279: gpu_time_pred = 0.001322
!!Border found at iter 278
iter 279: cpu_time_cuda = 0.004212
iter 279: gpu_time_cuda = 0.001507
iter 279: download_copy_time_cuda = 0.000257
iter 279: upload_copy_time_cuda = 0.000276

iter 280: cpu_time_pred = 0.003822
iter 280: gpu_time_pred = 0.001257
!!Border found at iter 279
iter 280: cpu_time_cuda = 0.004018
iter 280: gpu_time_cuda = 0.001484
iter 280: download_copy_time_cuda = 0.000250
iter 280: upload_copy_time_cuda = 0.000268

iter 281: cpu_time_pred = 0.003724
iter 281: gpu_time_pred = 0.001193
!!Border found at iter 280
iter 281: cpu_time_cuda = 0.003927
iter 281: gpu_time_cuda = 0.001324
iter 281: download_copy_time_cuda = 0.000244
iter 281: upload_copy_time_cuda = 0.000263

iter 282: cpu_time_pred = 0.003626
iter 282: gpu_time_pred = 0.001131
!!Border found at iter 281
iter 282: cpu_time_cuda = 0.003830
iter 282: gpu_time_cuda = 0.001460
iter 282: download_copy_time_cuda = 0.000238
iter 282: upload_copy_time_cuda = 0.000256

iter 283: cpu_time_pred = 0.003528
iter 283: gpu_time_pred = 0.001071
!!Border found at iter 282
iter 283: cpu_time_cuda = 0.003758
iter 283: gpu_time_cuda = 0.001348
iter 283: download_copy_time_cuda = 0.000232
iter 283: upload_copy_time_cuda = 0.000250

iter 284: cpu_time_pred = 0.003430
iter 284: gpu_time_pred = 0.001012
!!Border found at iter 283
iter 284: cpu_time_cuda = 0.003654
iter 284: gpu_time_cuda = 0.001238
iter 284: download_copy_time_cuda = 0.000227
iter 284: upload_copy_time_cuda = 0.000246

iter 285: cpu_time_pred = 0.003332
iter 285: gpu_time_pred = 0.000955
!!Border found at iter 284
iter 285: cpu_time_cuda = 0.003564
iter 285: gpu_time_cuda = 0.001117
iter 285: download_copy_time_cuda = 0.000221
iter 285: upload_copy_time_cuda = 0.000235

iter 286: cpu_time_pred = 0.003234
iter 286: gpu_time_pred = 0.000900
!!Border found at iter 285
iter 286: cpu_time_cuda = 0.003451
iter 286: gpu_time_cuda = 0.001137
iter 286: download_copy_time_cuda = 0.000215
iter 286: upload_copy_time_cuda = 0.000228

iter 287: cpu_time_pred = 0.003136
iter 287: gpu_time_pred = 0.000846
!!Border found at iter 286
iter 287: cpu_time_cuda = 0.003348
iter 287: gpu_time_cuda = 0.001116
iter 287: download_copy_time_cuda = 0.000213
iter 287: upload_copy_time_cuda = 0.000224

iter 288: cpu_time_pred = 0.003038
iter 288: gpu_time_pred = 0.000794
!!Border found at iter 287
iter 288: cpu_time_cuda = 0.003263
iter 288: gpu_time_cuda = 0.001069
iter 288: download_copy_time_cuda = 0.000204
iter 288: upload_copy_time_cuda = 0.000217

iter 289: cpu_time_pred = 0.002940
iter 289: gpu_time_pred = 0.000744
!!Border found at iter 288
iter 289: cpu_time_cuda = 0.003315
iter 289: gpu_time_cuda = 0.000972
iter 289: download_copy_time_cuda = 0.000195
iter 289: upload_copy_time_cuda = 0.000217

iter 290: cpu_time_pred = 0.002842
iter 290: gpu_time_pred = 0.000695
!!Border found at iter 289
iter 290: cpu_time_cuda = 0.003100
iter 290: gpu_time_cuda = 0.000907
iter 290: download_copy_time_cuda = 0.000191
iter 290: upload_copy_time_cuda = 0.000212

iter 291: cpu_time_pred = 0.002744
iter 291: gpu_time_pred = 0.000648
!!Border found at iter 290
iter 291: cpu_time_cuda = 0.002982
iter 291: gpu_time_cuda = 0.000818
iter 291: download_copy_time_cuda = 0.000186
iter 291: upload_copy_time_cuda = 0.000199

iter 292: cpu_time_pred = 0.002646
iter 292: gpu_time_pred = 0.000602
!!Border found at iter 291
iter 292: cpu_time_cuda = 0.002936
iter 292: gpu_time_cuda = 0.000824
iter 292: download_copy_time_cuda = 0.000179
iter 292: upload_copy_time_cuda = 0.000193

iter 293: cpu_time_pred = 0.002548
iter 293: gpu_time_pred = 0.000559
!!Border found at iter 292
iter 293: cpu_time_cuda = 0.002833
iter 293: gpu_time_cuda = 0.000731
iter 293: download_copy_time_cuda = 0.000174
iter 293: upload_copy_time_cuda = 0.000191

iter 294: cpu_time_pred = 0.002450
iter 294: gpu_time_pred = 0.000516
!!Border found at iter 293
iter 294: cpu_time_cuda = 0.002724
iter 294: gpu_time_cuda = 0.000728
iter 294: download_copy_time_cuda = 0.000168
iter 294: upload_copy_time_cuda = 0.000180

iter 295: cpu_time_pred = 0.002352
iter 295: gpu_time_pred = 0.000476
!!Border found at iter 294
iter 295: cpu_time_cuda = 0.002610
iter 295: gpu_time_cuda = 0.000648
iter 295: download_copy_time_cuda = 0.000164
iter 295: upload_copy_time_cuda = 0.000174

iter 296: cpu_time_pred = 0.002254
iter 296: gpu_time_pred = 0.000437
!!Border found at iter 295
iter 296: cpu_time_cuda = 0.002542
iter 296: gpu_time_cuda = 0.000599
iter 296: download_copy_time_cuda = 0.000157
iter 296: upload_copy_time_cuda = 0.000173

iter 297: cpu_time_pred = 0.002156
iter 297: gpu_time_pred = 0.000400
!!Border found at iter 296
iter 297: cpu_time_cuda = 0.002515
iter 297: gpu_time_cuda = 0.000509
iter 297: download_copy_time_cuda = 0.000149
iter 297: upload_copy_time_cuda = 0.000162

iter 298: cpu_time_pred = 0.002058
iter 298: gpu_time_pred = 0.000364
!!Border found at iter 297
iter 298: cpu_time_cuda = 0.002301
iter 298: gpu_time_cuda = 0.000523
iter 298: download_copy_time_cuda = 0.000147
iter 298: upload_copy_time_cuda = 0.000155

iter 299: cpu_time_pred = 0.001960
iter 299: gpu_time_pred = 0.000331
!!Border found at iter 298
iter 299: cpu_time_cuda = 0.002205
iter 299: gpu_time_cuda = 0.000455
iter 299: download_copy_time_cuda = 0.000139
iter 299: upload_copy_time_cuda = 0.000150

iter 300: cpu_time_pred = 0.001862
iter 300: gpu_time_pred = 0.000298
!!Border found at iter 299
iter 300: cpu_time_cuda = 0.002108
iter 300: gpu_time_cuda = 0.000430
iter 300: download_copy_time_cuda = 0.000134
iter 300: upload_copy_time_cuda = 0.000143

iter 301: cpu_time_pred = 0.001764
iter 301: gpu_time_pred = 0.000268
!!Border found at iter 300
iter 301: cpu_time_cuda = 0.002005
iter 301: gpu_time_cuda = 0.000398
iter 301: download_copy_time_cuda = 0.000128
iter 301: upload_copy_time_cuda = 0.000138

iter 302: cpu_time_pred = 0.001666
iter 302: gpu_time_pred = 0.000239
!!Border found at iter 301
iter 302: cpu_time_cuda = 0.001914
iter 302: gpu_time_cuda = 0.000349
iter 302: download_copy_time_cuda = 0.000123
iter 302: upload_copy_time_cuda = 0.000130

iter 303: cpu_time_pred = 0.001568
iter 303: gpu_time_pred = 0.000212
!!Border found at iter 302
iter 303: cpu_time_cuda = 0.001835
iter 303: gpu_time_cuda = 0.000341
iter 303: download_copy_time_cuda = 0.000117
iter 303: upload_copy_time_cuda = 0.000126

iter 304: cpu_time_pred = 0.001470
iter 304: gpu_time_pred = 0.000186
!!Border found at iter 303
iter 304: cpu_time_cuda = 0.001734
iter 304: gpu_time_cuda = 0.000309
iter 304: download_copy_time_cuda = 0.000110
iter 304: upload_copy_time_cuda = 0.000119

iter 305: cpu_time_pred = 0.001372
iter 305: gpu_time_pred = 0.000162
!!Border found at iter 304
iter 305: cpu_time_cuda = 0.001645
iter 305: gpu_time_cuda = 0.000266
iter 305: download_copy_time_cuda = 0.000104
iter 305: upload_copy_time_cuda = 0.000111

iter 306: cpu_time_pred = 0.001274
iter 306: gpu_time_pred = 0.000140
!!Border found at iter 305
iter 306: cpu_time_cuda = 0.001569
iter 306: gpu_time_cuda = 0.000249
iter 306: download_copy_time_cuda = 0.000099
iter 306: upload_copy_time_cuda = 0.000105

iter 307: cpu_time_pred = 0.001176
iter 307: gpu_time_pred = 0.000119
!!Border found at iter 306
iter 307: cpu_time_cuda = 0.001455
iter 307: gpu_time_cuda = 0.000201
iter 307: download_copy_time_cuda = 0.000092
iter 307: upload_copy_time_cuda = 0.000101

iter 308: cpu_time_pred = 0.001078
iter 308: gpu_time_pred = 0.000100
!!Border found at iter 307
iter 308: cpu_time_cuda = 0.001393
iter 308: gpu_time_cuda = 0.000176
iter 308: download_copy_time_cuda = 0.000087
iter 308: upload_copy_time_cuda = 0.000093

iter 309: cpu_time_pred = 0.000980
iter 309: gpu_time_pred = 0.000083
!!Border found at iter 308
iter 309: cpu_time_cuda = 0.001302
iter 309: gpu_time_cuda = 0.000184
iter 309: download_copy_time_cuda = 0.000082
iter 309: upload_copy_time_cuda = 0.000089

iter 310: cpu_time_pred = 0.000882
iter 310: gpu_time_pred = 0.000067
!!Border found at iter 309
iter 310: cpu_time_cuda = 0.001194
iter 310: gpu_time_cuda = 0.000150
iter 310: download_copy_time_cuda = 0.000078
iter 310: upload_copy_time_cuda = 0.000081

iter 311: cpu_time_pred = 0.000784
iter 311: gpu_time_pred = 0.000053
!!Border found at iter 310
iter 311: cpu_time_cuda = 0.001263
iter 311: gpu_time_cuda = 0.000127
iter 311: download_copy_time_cuda = 0.000073
iter 311: upload_copy_time_cuda = 0.000078

iter 312: cpu_time_pred = 0.000686
iter 312: gpu_time_pred = 0.000040
!!Border found at iter 311
iter 312: cpu_time_cuda = 0.001027
iter 312: gpu_time_cuda = 0.000109
iter 312: download_copy_time_cuda = 0.000069
iter 312: upload_copy_time_cuda = 0.000074

iter 313: cpu_time_pred = 0.000588
iter 313: gpu_time_pred = 0.000030
!!Border found at iter 312
iter 313: cpu_time_cuda = 0.000920
iter 313: gpu_time_cuda = 0.000077
iter 313: download_copy_time_cuda = 0.000063
iter 313: upload_copy_time_cuda = 0.000071

iter 314: cpu_time_pred = 0.000490
iter 314: gpu_time_pred = 0.000021
!!Border found at iter 313
iter 314: cpu_time_cuda = 0.000840
iter 314: gpu_time_cuda = 0.000067
iter 314: download_copy_time_cuda = 0.000059
iter 314: upload_copy_time_cuda = 0.000068

iter 315: cpu_time_pred = 0.000392
iter 315: gpu_time_pred = 0.000013
!!Border found at iter 314
iter 315: cpu_time_cuda = 0.000748
iter 315: gpu_time_cuda = 0.000055
iter 315: download_copy_time_cuda = 0.000056
iter 315: upload_copy_time_cuda = 0.000064

iter 316: cpu_time_pred = 0.000294
iter 316: gpu_time_pred = 0.000007
!!Border found at iter 315
iter 316: cpu_time_cuda = 0.000688
iter 316: gpu_time_cuda = 0.000053
iter 316: download_copy_time_cuda = 0.000052
iter 316: upload_copy_time_cuda = 0.000059

iter 317: cpu_time_pred = 0.000196
iter 317: gpu_time_pred = 0.000003
!!Border found at iter 316
iter 317: cpu_time_cuda = 0.000588
iter 317: gpu_time_cuda = 0.000050
iter 317: download_copy_time_cuda = 0.000049
iter 317: upload_copy_time_cuda = 0.000054

iter 318: cpu_time_pred = 0.000098
iter 318: gpu_time_pred = 0.000001
!!Border found at iter 317
iter 318: cpu_time_cuda = 0.000468
iter 318: gpu_time_cuda = 0.000049
iter 318: download_copy_time_cuda = 0.000046
iter 318: upload_copy_time_cuda = 0.000049

iter 319: cpu_time_pred = 0.000000
iter 319: gpu_time_pred = 0.000000
!!Border found at iter 318
iter 319: cpu_time_cuda = 0.000433
iter 319: gpu_time_cuda = 0.000002
iter 319: download_copy_time_cuda = 0.000043
iter 319: upload_copy_time_cuda = 0.000036

total_cpu_time_cuda = 5.058845
total_gpu_time_cuda = 9.046311
total_copy_time_cuda = 0.632537
main_loop_time_cuda = 15.336667
Normalized difference of predicted CPU runtime per iteration is: -4.460972%
Normalized difference of predicted GPU runtime per iteration is: -8.207123%
Normalized difference of predicted slack per iteration is: -8.238788%
20480 20480     ---   (  ---  )    345.79 (  16.56)     ---   
total_time = 30.048304
27.57user 4.70system 0:33.41elapsed 96%CPU (0avgtext+0avgdata 3430744maxresident)k
4504inputs+0outputs (1major+839762minor)pagefaults 0swaps
send out message: 22 3 log
