send out message: 24 37 /home/lchen/MAGMA/magma-1.3.0/results
send out message: 20 26 MAGMA_LU_GPUDVFS.total.pwr
MAGMA 1.3.0
device 0: Tesla K20c, 705.5 MHz clock, 4799.6 MB memory, capability 3.5

Usage: /home/lchen/MAGMA/magma-1.3.0/testing/testing_dgetrf -N <m,n> -c -c2 -l
  -N  can be repeated up to 10 times. If only m is given, then m=n.
  -c  or setting $MAGMA_TESTINGS_CHECK checks result, PA - LU.
  -c2 for square matrices, solves one RHS and checks residual, Ax - b.
  -l  or setting $MAGMA_RUN_LAPACK runs LAPACK.

    M     N   CPU GFlop/s (sec)   GPU GFlop/s (sec)   |PA-LU|/(N*|A|)
=========================================================================
init_time = 13.423428
iter 0: cpu_time_cuda = 0.000000
iter 0: gpu_time_cuda = 0.000000
iter 0: download_copy_time_cuda = 0.000000
iter 0: upload_copy_time_cuda = 0.001999

iter 1: cpu_time_cuda = 0.031205
iter 1: gpu_time_cuda = 0.085275
iter 1: download_copy_time_cuda = 0.001876
iter 1: upload_copy_time_cuda = 0.001975

iter 2: cpu_time_cuda = 0.031027
iter 2: gpu_time_cuda = 0.085284
iter 2: download_copy_time_cuda = 0.001863
iter 2: upload_copy_time_cuda = 0.001971

iter 3: cpu_time_cuda = 0.030928
iter 3: gpu_time_cuda = 0.084326
iter 3: download_copy_time_cuda = 0.001858
iter 3: upload_copy_time_cuda = 0.001965

iter 4: cpu_time_cuda = 0.030929
iter 4: gpu_time_cuda = 0.084520
iter 4: download_copy_time_cuda = 0.001853
iter 4: upload_copy_time_cuda = 0.001952

iter 5: cpu_time_cuda = 0.031066
iter 5: gpu_time_cuda = 0.083249
iter 5: download_copy_time_cuda = 0.001849
iter 5: upload_copy_time_cuda = 0.001977

iter 6: cpu_time_cuda = 0.031258
iter 6: gpu_time_cuda = 0.083047
iter 6: download_copy_time_cuda = 0.001842
iter 6: upload_copy_time_cuda = 0.001934

iter 7: cpu_time_cuda = 0.030760
iter 7: gpu_time_cuda = 0.082576
iter 7: download_copy_time_cuda = 0.001836
iter 7: upload_copy_time_cuda = 0.001942

iter 8: cpu_time_cuda = 0.030652
iter 8: gpu_time_cuda = 0.082372
iter 8: download_copy_time_cuda = 0.001831
iter 8: upload_copy_time_cuda = 0.001930

iter 9: cpu_time_cuda = 0.030718
iter 9: gpu_time_cuda = 0.081418
iter 9: download_copy_time_cuda = 0.001825
iter 9: upload_copy_time_cuda = 0.001932

iter 10: cpu_time_cuda = 0.030814
iter 10: gpu_time_cuda = 0.081078
iter 10: download_copy_time_cuda = 0.001818
iter 10: upload_copy_time_cuda = 0.001923

iter 11: cpu_time_cuda = 0.030357
iter 11: gpu_time_cuda = 0.080311
iter 11: download_copy_time_cuda = 0.001814
iter 11: upload_copy_time_cuda = 0.001911

iter 12: cpu_time_cuda = 0.030310
iter 12: gpu_time_cuda = 0.079753
iter 12: download_copy_time_cuda = 0.001809
iter 12: upload_copy_time_cuda = 0.001905

iter 13: cpu_time_cuda = 0.030141
iter 13: gpu_time_cuda = 0.078964
iter 13: download_copy_time_cuda = 0.001805
iter 13: upload_copy_time_cuda = 0.001899

iter 14: cpu_time_cuda = 0.030089
iter 14: gpu_time_cuda = 0.078808
iter 14: download_copy_time_cuda = 0.001795
iter 14: upload_copy_time_cuda = 0.001887

iter 15: cpu_time_cuda = 0.030024
iter 15: gpu_time_cuda = 0.078220
iter 15: download_copy_time_cuda = 0.001787
iter 15: upload_copy_time_cuda = 0.001884

iter 16: cpu_time_cuda = 0.030110
iter 16: gpu_time_cuda = 0.078092
iter 16: download_copy_time_cuda = 0.001785
iter 16: upload_copy_time_cuda = 0.001881

iter 17: cpu_time_cuda = 0.029974
iter 17: gpu_time_cuda = 0.077133
iter 17: download_copy_time_cuda = 0.001774
iter 17: upload_copy_time_cuda = 0.001889

iter 18: cpu_time_cuda = 0.029714
iter 18: gpu_time_cuda = 0.076715
iter 18: download_copy_time_cuda = 0.001769
iter 18: upload_copy_time_cuda = 0.001866

iter 19: cpu_time_cuda = 0.029558
iter 19: gpu_time_cuda = 0.076015
iter 19: download_copy_time_cuda = 0.001764
iter 19: upload_copy_time_cuda = 0.001866

iter 20: cpu_time_cuda = 0.029489
iter 20: gpu_time_cuda = 0.075917
iter 20: download_copy_time_cuda = 0.001766
iter 20: upload_copy_time_cuda = 0.001853

iter 21: cpu_time_cuda = 0.029407
iter 21: gpu_time_cuda = 0.074930
iter 21: download_copy_time_cuda = 0.001751
iter 21: upload_copy_time_cuda = 0.001849

iter 22: cpu_time_cuda = 0.029380
iter 22: gpu_time_cuda = 0.075019
iter 22: download_copy_time_cuda = 0.001747
iter 22: upload_copy_time_cuda = 0.001844

iter 23: cpu_time_cuda = 0.029228
iter 23: gpu_time_cuda = 0.074355
iter 23: download_copy_time_cuda = 0.001751
iter 23: upload_copy_time_cuda = 0.001840

iter 24: cpu_time_cuda = 0.029055
iter 24: gpu_time_cuda = 0.073611
iter 24: download_copy_time_cuda = 0.001736
iter 24: upload_copy_time_cuda = 0.001836

iter 25: cpu_time_cuda = 0.028968
iter 25: gpu_time_cuda = 0.073061
iter 25: download_copy_time_cuda = 0.001735
iter 25: upload_copy_time_cuda = 0.001829

iter 26: cpu_time_cuda = 0.029049
iter 26: gpu_time_cuda = 0.072702
iter 26: download_copy_time_cuda = 0.001718
iter 26: upload_copy_time_cuda = 0.001812

iter 27: cpu_time_cuda = 0.028857
iter 27: gpu_time_cuda = 0.072084
iter 27: download_copy_time_cuda = 0.001725
iter 27: upload_copy_time_cuda = 0.001820

iter 28: cpu_time_cuda = 0.028780
iter 28: gpu_time_cuda = 0.072231
iter 28: download_copy_time_cuda = 0.001712
iter 28: upload_copy_time_cuda = 0.001805

iter 29: cpu_time_cuda = 0.028630
iter 29: gpu_time_cuda = 0.071155
iter 29: download_copy_time_cuda = 0.001705
iter 29: upload_copy_time_cuda = 0.001798

iter 30: cpu_time_cuda = 0.028601
iter 30: gpu_time_cuda = 0.070946
iter 30: download_copy_time_cuda = 0.001701
iter 30: upload_copy_time_cuda = 0.001795

iter 31: cpu_time_cuda = 0.028459
iter 31: gpu_time_cuda = 0.069957
iter 31: download_copy_time_cuda = 0.001693
iter 31: upload_copy_time_cuda = 0.001788

iter 32: cpu_time_cuda = 0.028315
iter 32: gpu_time_cuda = 0.069997
iter 32: download_copy_time_cuda = 0.001690
iter 32: upload_copy_time_cuda = 0.001780

iter 33: cpu_time_cuda = 0.028419
iter 33: gpu_time_cuda = 0.068865
iter 33: download_copy_time_cuda = 0.001683
iter 33: upload_copy_time_cuda = 0.001777

iter 34: cpu_time_cuda = 0.028073
iter 34: gpu_time_cuda = 0.069095
iter 34: download_copy_time_cuda = 0.001678
iter 34: upload_copy_time_cuda = 0.001770

iter 35: cpu_time_cuda = 0.027996
iter 35: gpu_time_cuda = 0.068748
iter 35: download_copy_time_cuda = 0.001674
iter 35: upload_copy_time_cuda = 0.001762

iter 36: cpu_time_cuda = 0.028000
iter 36: gpu_time_cuda = 0.068220
iter 36: download_copy_time_cuda = 0.001675
iter 36: upload_copy_time_cuda = 0.001766

iter 37: cpu_time_cuda = 0.027863
iter 37: gpu_time_cuda = 0.067178
iter 37: download_copy_time_cuda = 0.001663
iter 37: upload_copy_time_cuda = 0.001745

iter 38: cpu_time_cuda = 0.027747
iter 38: gpu_time_cuda = 0.066910
iter 38: download_copy_time_cuda = 0.001656
iter 38: upload_copy_time_cuda = 0.001761

iter 39: cpu_time_cuda = 0.027617
iter 39: gpu_time_cuda = 0.066336
iter 39: download_copy_time_cuda = 0.001654
iter 39: upload_copy_time_cuda = 0.001737

iter 40: cpu_time_cuda = 0.027481
iter 40: gpu_time_cuda = 0.066040
iter 40: download_copy_time_cuda = 0.001646
iter 40: upload_copy_time_cuda = 0.001734

iter 41: cpu_time_cuda = 0.027393
iter 41: gpu_time_cuda = 0.066403
iter 41: download_copy_time_cuda = 0.001638
iter 41: upload_copy_time_cuda = 0.001729

iter 42: cpu_time_cuda = 0.027341
iter 42: gpu_time_cuda = 0.065516
iter 42: download_copy_time_cuda = 0.001631
iter 42: upload_copy_time_cuda = 0.001719

iter 43: cpu_time_cuda = 0.027263
iter 43: gpu_time_cuda = 0.064331
iter 43: download_copy_time_cuda = 0.001627
iter 43: upload_copy_time_cuda = 0.001726

iter 44: cpu_time_cuda = 0.027272
iter 44: gpu_time_cuda = 0.064311
iter 44: download_copy_time_cuda = 0.001624
iter 44: upload_copy_time_cuda = 0.001705

iter 45: cpu_time_cuda = 0.027076
iter 45: gpu_time_cuda = 0.063441
iter 45: download_copy_time_cuda = 0.001617
iter 45: upload_copy_time_cuda = 0.001700

iter 46: cpu_time_cuda = 0.027134
iter 46: gpu_time_cuda = 0.063634
iter 46: download_copy_time_cuda = 0.001610
iter 46: upload_copy_time_cuda = 0.001697

iter 47: cpu_time_cuda = 0.026894
iter 47: gpu_time_cuda = 0.062708
iter 47: download_copy_time_cuda = 0.001606
iter 47: upload_copy_time_cuda = 0.001688

iter 48: cpu_time_cuda = 0.026812
iter 48: gpu_time_cuda = 0.062681
iter 48: download_copy_time_cuda = 0.001597
iter 48: upload_copy_time_cuda = 0.001690

iter 49: cpu_time_cuda = 0.026607
iter 49: gpu_time_cuda = 0.061814
iter 49: download_copy_time_cuda = 0.001590
iter 49: upload_copy_time_cuda = 0.001670

iter 50: cpu_time_cuda = 0.026533
iter 50: gpu_time_cuda = 0.061470
iter 50: download_copy_time_cuda = 0.001586
iter 50: upload_copy_time_cuda = 0.001667

iter 51: cpu_time_cuda = 0.026459
iter 51: gpu_time_cuda = 0.060671
iter 51: download_copy_time_cuda = 0.001579
iter 51: upload_copy_time_cuda = 0.001669

iter 52: cpu_time_cuda = 0.026392
iter 52: gpu_time_cuda = 0.061187
iter 52: download_copy_time_cuda = 0.001573
iter 52: upload_copy_time_cuda = 0.001669

iter 53: cpu_time_cuda = 0.026278
iter 53: gpu_time_cuda = 0.060042
iter 53: download_copy_time_cuda = 0.001574
iter 53: upload_copy_time_cuda = 0.001652

iter 54: cpu_time_cuda = 0.026394
iter 54: gpu_time_cuda = 0.060152
iter 54: download_copy_time_cuda = 0.001562
iter 54: upload_copy_time_cuda = 0.001646

iter 55: cpu_time_cuda = 0.026159
iter 55: gpu_time_cuda = 0.059420
iter 55: download_copy_time_cuda = 0.001557
iter 55: upload_copy_time_cuda = 0.001643

iter 56: cpu_time_cuda = 0.025972
iter 56: gpu_time_cuda = 0.058800
iter 56: download_copy_time_cuda = 0.001558
iter 56: upload_copy_time_cuda = 0.001637

iter 57: cpu_time_cuda = 0.026076
iter 57: gpu_time_cuda = 0.058057
iter 57: download_copy_time_cuda = 0.001545
iter 57: upload_copy_time_cuda = 0.001639

iter 58: cpu_time_cuda = 0.025853
iter 58: gpu_time_cuda = 0.058195
iter 58: download_copy_time_cuda = 0.001545
iter 58: upload_copy_time_cuda = 0.001623

iter 59: cpu_time_cuda = 0.025656
iter 59: gpu_time_cuda = 0.057209
iter 59: download_copy_time_cuda = 0.001534
iter 59: upload_copy_time_cuda = 0.001625

iter 60: cpu_time_cuda = 0.025587
iter 60: gpu_time_cuda = 0.057713
iter 60: download_copy_time_cuda = 0.001526
iter 60: upload_copy_time_cuda = 0.001607

iter 61: cpu_time_cuda = 0.025460
iter 61: gpu_time_cuda = 0.056799
iter 61: download_copy_time_cuda = 0.001520
iter 61: upload_copy_time_cuda = 0.001613

iter 62: cpu_time_cuda = 0.025352
iter 62: gpu_time_cuda = 0.056388
iter 62: download_copy_time_cuda = 0.001523
iter 62: upload_copy_time_cuda = 0.001596

iter 63: cpu_time_cuda = 0.025273
iter 63: gpu_time_cuda = 0.055724
iter 63: download_copy_time_cuda = 0.001507
iter 63: upload_copy_time_cuda = 0.001589

iter 64: cpu_time_cuda = 0.025131
iter 64: gpu_time_cuda = 0.055629
iter 64: download_copy_time_cuda = 0.001505
iter 64: upload_copy_time_cuda = 0.001589

iter 65: cpu_time_cuda = 0.025119
iter 65: gpu_time_cuda = 0.054592
iter 65: download_copy_time_cuda = 0.001499
iter 65: upload_copy_time_cuda = 0.001577

iter 66: cpu_time_cuda = 0.024961
iter 66: gpu_time_cuda = 0.054919
iter 66: download_copy_time_cuda = 0.001492
iter 66: upload_copy_time_cuda = 0.001575

iter 67: cpu_time_cuda = 0.024888
iter 67: gpu_time_cuda = 0.054604
iter 67: download_copy_time_cuda = 0.001488
iter 67: upload_copy_time_cuda = 0.001573

iter 68: cpu_time_cuda = 0.024834
iter 68: gpu_time_cuda = 0.054122
iter 68: download_copy_time_cuda = 0.001488
iter 68: upload_copy_time_cuda = 0.001562

iter 69: cpu_time_cuda = 0.024727
iter 69: gpu_time_cuda = 0.053141
iter 69: download_copy_time_cuda = 0.001479
iter 69: upload_copy_time_cuda = 0.001571

iter 70: cpu_time_cuda = 0.024550
iter 70: gpu_time_cuda = 0.052822
iter 70: download_copy_time_cuda = 0.001469
iter 70: upload_copy_time_cuda = 0.001548

iter 71: cpu_time_cuda = 0.024599
iter 71: gpu_time_cuda = 0.052259
iter 71: download_copy_time_cuda = 0.001463
iter 71: upload_copy_time_cuda = 0.001539

iter 72: cpu_time_cuda = 0.024386
iter 72: gpu_time_cuda = 0.052480
iter 72: download_copy_time_cuda = 0.001458
iter 72: upload_copy_time_cuda = 0.001531

iter 73: cpu_time_cuda = 0.024268
iter 73: gpu_time_cuda = 0.051487
iter 73: download_copy_time_cuda = 0.001451
iter 73: upload_copy_time_cuda = 0.001532

iter 74: cpu_time_cuda = 0.024192
iter 74: gpu_time_cuda = 0.051366
iter 74: download_copy_time_cuda = 0.001446
iter 74: upload_copy_time_cuda = 0.001526

iter 75: cpu_time_cuda = 0.024101
iter 75: gpu_time_cuda = 0.050781
iter 75: download_copy_time_cuda = 0.001439
iter 75: upload_copy_time_cuda = 0.001519

iter 76: cpu_time_cuda = 0.024235
iter 76: gpu_time_cuda = 0.050590
iter 76: download_copy_time_cuda = 0.001435
iter 76: upload_copy_time_cuda = 0.001514

iter 77: cpu_time_cuda = 0.023909
iter 77: gpu_time_cuda = 0.049526
iter 77: download_copy_time_cuda = 0.001428
iter 77: upload_copy_time_cuda = 0.001518

iter 78: cpu_time_cuda = 0.023788
iter 78: gpu_time_cuda = 0.050052
iter 78: download_copy_time_cuda = 0.001423
iter 78: upload_copy_time_cuda = 0.001501

iter 79: cpu_time_cuda = 0.023811
iter 79: gpu_time_cuda = 0.049231
iter 79: download_copy_time_cuda = 0.001417
iter 79: upload_copy_time_cuda = 0.001507

iter 80: cpu_time_cuda = 0.023695
iter 80: gpu_time_cuda = 0.049195
iter 80: download_copy_time_cuda = 0.001412
iter 80: upload_copy_time_cuda = 0.001489

iter 81: cpu_time_cuda = 0.023526
iter 81: gpu_time_cuda = 0.048547
iter 81: download_copy_time_cuda = 0.001406
iter 81: upload_copy_time_cuda = 0.001483

iter 82: cpu_time_cuda = 0.023526
iter 82: gpu_time_cuda = 0.048233
iter 82: download_copy_time_cuda = 0.001398
iter 82: upload_copy_time_cuda = 0.001485

iter 83: cpu_time_cuda = 0.023349
iter 83: gpu_time_cuda = 0.047291
iter 83: download_copy_time_cuda = 0.001395
iter 83: upload_copy_time_cuda = 0.001468

iter 84: cpu_time_cuda = 0.023346
iter 84: gpu_time_cuda = 0.047387
iter 84: download_copy_time_cuda = 0.001387
iter 84: upload_copy_time_cuda = 0.001470

iter 85: cpu_time_cuda = 0.023149
iter 85: gpu_time_cuda = 0.046586
iter 85: download_copy_time_cuda = 0.001383
iter 85: upload_copy_time_cuda = 0.001467

iter 86: cpu_time_cuda = 0.022986
iter 86: gpu_time_cuda = 0.046963
iter 86: download_copy_time_cuda = 0.001378
iter 86: upload_copy_time_cuda = 0.001449

iter 87: cpu_time_cuda = 0.022910
iter 87: gpu_time_cuda = 0.046358
iter 87: download_copy_time_cuda = 0.001369
iter 87: upload_copy_time_cuda = 0.001446

iter 88: cpu_time_cuda = 0.022892
iter 88: gpu_time_cuda = 0.046062
iter 88: download_copy_time_cuda = 0.001364
iter 88: upload_copy_time_cuda = 0.001446

iter 89: cpu_time_cuda = 0.022800
iter 89: gpu_time_cuda = 0.044750
iter 89: download_copy_time_cuda = 0.001369
iter 89: upload_copy_time_cuda = 0.001439

iter 90: cpu_time_cuda = 0.022655
iter 90: gpu_time_cuda = 0.044851
iter 90: download_copy_time_cuda = 0.001358
iter 90: upload_copy_time_cuda = 0.001427

iter 91: cpu_time_cuda = 0.022553
iter 91: gpu_time_cuda = 0.045019
iter 91: download_copy_time_cuda = 0.001345
iter 91: upload_copy_time_cuda = 0.001417

iter 92: cpu_time_cuda = 0.022515
iter 92: gpu_time_cuda = 0.044559
iter 92: download_copy_time_cuda = 0.001338
iter 92: upload_copy_time_cuda = 0.001419

iter 93: cpu_time_cuda = 0.022341
iter 93: gpu_time_cuda = 0.043705
iter 93: download_copy_time_cuda = 0.001335
iter 93: upload_copy_time_cuda = 0.001403

iter 94: cpu_time_cuda = 0.022289
iter 94: gpu_time_cuda = 0.043573
iter 94: download_copy_time_cuda = 0.001329
iter 94: upload_copy_time_cuda = 0.001397

iter 95: cpu_time_cuda = 0.022268
iter 95: gpu_time_cuda = 0.043130
iter 95: download_copy_time_cuda = 0.001323
iter 95: upload_copy_time_cuda = 0.001402

iter 96: cpu_time_cuda = 0.022051
iter 96: gpu_time_cuda = 0.042708
iter 96: download_copy_time_cuda = 0.001317
iter 96: upload_copy_time_cuda = 0.001389

iter 97: cpu_time_cuda = 0.022004
iter 97: gpu_time_cuda = 0.041905
iter 97: download_copy_time_cuda = 0.001311
iter 97: upload_copy_time_cuda = 0.001386

iter 98: cpu_time_cuda = 0.022001
iter 98: gpu_time_cuda = 0.042252
iter 98: download_copy_time_cuda = 0.001307
iter 98: upload_copy_time_cuda = 0.001377

iter 99: cpu_time_cuda = 0.021790
iter 99: gpu_time_cuda = 0.041839
iter 99: download_copy_time_cuda = 0.001297
iter 99: upload_copy_time_cuda = 0.001374

iter 100: cpu_time_cuda = 0.021673
iter 100: gpu_time_cuda = 0.041286
iter 100: download_copy_time_cuda = 0.001300
iter 100: upload_copy_time_cuda = 0.001368

iter 101: cpu_time_cuda = 0.021674
iter 101: gpu_time_cuda = 0.040932
iter 101: download_copy_time_cuda = 0.001287
iter 101: upload_copy_time_cuda = 0.001354

iter 102: cpu_time_cuda = 0.021510
iter 102: gpu_time_cuda = 0.040449
iter 102: download_copy_time_cuda = 0.001280
iter 102: upload_copy_time_cuda = 0.001349

iter 103: cpu_time_cuda = 0.021386
iter 103: gpu_time_cuda = 0.039680
iter 103: download_copy_time_cuda = 0.001279
iter 103: upload_copy_time_cuda = 0.001345

iter 104: cpu_time_cuda = 0.021476
iter 104: gpu_time_cuda = 0.040414
iter 104: download_copy_time_cuda = 0.001269
iter 104: upload_copy_time_cuda = 0.001341

iter 105: cpu_time_cuda = 0.021162
iter 105: gpu_time_cuda = 0.039892
iter 105: download_copy_time_cuda = 0.001264
iter 105: upload_copy_time_cuda = 0.001333

iter 106: cpu_time_cuda = 0.021299
iter 106: gpu_time_cuda = 0.039211
iter 106: download_copy_time_cuda = 0.001257
iter 106: upload_copy_time_cuda = 0.001331

iter 107: cpu_time_cuda = 0.021071
iter 107: gpu_time_cuda = 0.038352
iter 107: download_copy_time_cuda = 0.001253
iter 107: upload_copy_time_cuda = 0.001324

iter 108: cpu_time_cuda = 0.020862
iter 108: gpu_time_cuda = 0.038131
iter 108: download_copy_time_cuda = 0.001245
iter 108: upload_copy_time_cuda = 0.001315

iter 109: cpu_time_cuda = 0.020830
iter 109: gpu_time_cuda = 0.037788
iter 109: download_copy_time_cuda = 0.001239
iter 109: upload_copy_time_cuda = 0.001312

iter 110: cpu_time_cuda = 0.020727
iter 110: gpu_time_cuda = 0.037932
iter 110: download_copy_time_cuda = 0.001232
iter 110: upload_copy_time_cuda = 0.001305

iter 111: cpu_time_cuda = 0.020604
iter 111: gpu_time_cuda = 0.037151
iter 111: download_copy_time_cuda = 0.001228
iter 111: upload_copy_time_cuda = 0.001298

iter 112: cpu_time_cuda = 0.020595
iter 112: gpu_time_cuda = 0.037194
iter 112: download_copy_time_cuda = 0.001221
iter 112: upload_copy_time_cuda = 0.001295

iter 113: cpu_time_cuda = 0.020391
iter 113: gpu_time_cuda = 0.036394
iter 113: download_copy_time_cuda = 0.001223
iter 113: upload_copy_time_cuda = 0.001283

iter 114: cpu_time_cuda = 0.020311
iter 114: gpu_time_cuda = 0.036365
iter 114: download_copy_time_cuda = 0.001217
iter 114: upload_copy_time_cuda = 0.001278

iter 115: cpu_time_cuda = 0.020185
iter 115: gpu_time_cuda = 0.035724
iter 115: download_copy_time_cuda = 0.001203
iter 115: upload_copy_time_cuda = 0.001269

iter 116: cpu_time_cuda = 0.020159
iter 116: gpu_time_cuda = 0.035718
iter 116: download_copy_time_cuda = 0.001194
iter 116: upload_copy_time_cuda = 0.001265

iter 117: cpu_time_cuda = 0.020143
iter 117: gpu_time_cuda = 0.034833
iter 117: download_copy_time_cuda = 0.001196
iter 117: upload_copy_time_cuda = 0.001256

iter 118: cpu_time_cuda = 0.019934
iter 118: gpu_time_cuda = 0.035190
iter 118: download_copy_time_cuda = 0.001183
iter 118: upload_copy_time_cuda = 0.001250

iter 119: cpu_time_cuda = 0.019845
iter 119: gpu_time_cuda = 0.034970
iter 119: download_copy_time_cuda = 0.001178
iter 119: upload_copy_time_cuda = 0.001244

iter 120: cpu_time_cuda = 0.019848
iter 120: gpu_time_cuda = 0.034604
iter 120: download_copy_time_cuda = 0.001172
iter 120: upload_copy_time_cuda = 0.001238

iter 121: cpu_time_cuda = 0.019635
iter 121: gpu_time_cuda = 0.033807
iter 121: download_copy_time_cuda = 0.001170
iter 121: upload_copy_time_cuda = 0.001237

iter 122: cpu_time_cuda = 0.019583
iter 122: gpu_time_cuda = 0.033960
iter 122: download_copy_time_cuda = 0.001168
iter 122: upload_copy_time_cuda = 0.001231

iter 123: cpu_time_cuda = 0.019439
iter 123: gpu_time_cuda = 0.033392
iter 123: download_copy_time_cuda = 0.001155
iter 123: upload_copy_time_cuda = 0.001224

iter 124: cpu_time_cuda = 0.019445
iter 124: gpu_time_cuda = 0.033261
iter 124: download_copy_time_cuda = 0.001148
iter 124: upload_copy_time_cuda = 0.001218

iter 125: cpu_time_cuda = 0.019260
iter 125: gpu_time_cuda = 0.032371
iter 125: download_copy_time_cuda = 0.001145
iter 125: upload_copy_time_cuda = 0.001207

iter 126: cpu_time_cuda = 0.019125
iter 126: gpu_time_cuda = 0.032251
iter 126: download_copy_time_cuda = 0.001136
iter 126: upload_copy_time_cuda = 0.001204

iter 127: cpu_time_cuda = 0.019046
iter 127: gpu_time_cuda = 0.031704
iter 127: download_copy_time_cuda = 0.001132
iter 127: upload_copy_time_cuda = 0.001201

iter 128: cpu_time_cuda = 0.018920
iter 128: gpu_time_cuda = 0.031412
iter 128: download_copy_time_cuda = 0.001125
iter 128: upload_copy_time_cuda = 0.001191

iter 129: cpu_time_cuda = 0.018865
iter 129: gpu_time_cuda = 0.030955
iter 129: download_copy_time_cuda = 0.001121
iter 129: upload_copy_time_cuda = 0.001185

iter 130: cpu_time_cuda = 0.018762
iter 130: gpu_time_cuda = 0.030982
iter 130: download_copy_time_cuda = 0.001115
iter 130: upload_copy_time_cuda = 0.001187

iter 131: cpu_time_cuda = 0.018621
iter 131: gpu_time_cuda = 0.030616
iter 131: download_copy_time_cuda = 0.001110
iter 131: upload_copy_time_cuda = 0.001172

iter 132: cpu_time_cuda = 0.018535
iter 132: gpu_time_cuda = 0.030379
iter 132: download_copy_time_cuda = 0.001105
iter 132: upload_copy_time_cuda = 0.001165

iter 133: cpu_time_cuda = 0.018433
iter 133: gpu_time_cuda = 0.029703
iter 133: download_copy_time_cuda = 0.001098
iter 133: upload_copy_time_cuda = 0.001167

iter 134: cpu_time_cuda = 0.018388
iter 134: gpu_time_cuda = 0.029720
iter 134: download_copy_time_cuda = 0.001087
iter 134: upload_copy_time_cuda = 0.001155

iter 135: cpu_time_cuda = 0.018354
iter 135: gpu_time_cuda = 0.029179
iter 135: download_copy_time_cuda = 0.001085
iter 135: upload_copy_time_cuda = 0.001147

iter 136: cpu_time_cuda = 0.018181
iter 136: gpu_time_cuda = 0.029691
iter 136: download_copy_time_cuda = 0.001079
iter 136: upload_copy_time_cuda = 0.001161

iter 137: cpu_time_cuda = 0.018138
iter 137: gpu_time_cuda = 0.028658
iter 137: download_copy_time_cuda = 0.001075
iter 137: upload_copy_time_cuda = 0.001135

iter 138: cpu_time_cuda = 0.017949
iter 138: gpu_time_cuda = 0.028581
iter 138: download_copy_time_cuda = 0.001069
iter 138: upload_copy_time_cuda = 0.001133

iter 139: cpu_time_cuda = 0.018096
iter 139: gpu_time_cuda = 0.027944
iter 139: download_copy_time_cuda = 0.001065
iter 139: upload_copy_time_cuda = 0.001118

iter 140: cpu_time_cuda = 0.017833
iter 140: gpu_time_cuda = 0.028104
iter 140: download_copy_time_cuda = 0.001064
iter 140: upload_copy_time_cuda = 0.001124

iter 141: cpu_time_cuda = 0.017661
iter 141: gpu_time_cuda = 0.027372
iter 141: download_copy_time_cuda = 0.001059
iter 141: upload_copy_time_cuda = 0.001115

iter 142: cpu_time_cuda = 0.017800
iter 142: gpu_time_cuda = 0.027326
iter 142: download_copy_time_cuda = 0.001042
iter 142: upload_copy_time_cuda = 0.001111

iter 143: cpu_time_cuda = 0.017472
iter 143: gpu_time_cuda = 0.026699
iter 143: download_copy_time_cuda = 0.001049
iter 143: upload_copy_time_cuda = 0.001100

iter 144: cpu_time_cuda = 0.017376
iter 144: gpu_time_cuda = 0.026846
iter 144: download_copy_time_cuda = 0.001034
iter 144: upload_copy_time_cuda = 0.001188

iter 145: cpu_time_cuda = 0.017461
iter 145: gpu_time_cuda = 0.026459
iter 145: download_copy_time_cuda = 0.001035
iter 145: upload_copy_time_cuda = 0.001107

iter 146: cpu_time_cuda = 0.017170
iter 146: gpu_time_cuda = 0.026518
iter 146: download_copy_time_cuda = 0.001021
iter 146: upload_copy_time_cuda = 0.001081

iter 147: cpu_time_cuda = 0.017096
iter 147: gpu_time_cuda = 0.025528
iter 147: download_copy_time_cuda = 0.001020
iter 147: upload_copy_time_cuda = 0.001078

iter 148: cpu_time_cuda = 0.016983
iter 148: gpu_time_cuda = 0.025609
iter 148: download_copy_time_cuda = 0.001011
iter 148: upload_copy_time_cuda = 0.001069

iter 149: cpu_time_cuda = 0.016880
iter 149: gpu_time_cuda = 0.024835
iter 149: download_copy_time_cuda = 0.001003
iter 149: upload_copy_time_cuda = 0.001063

iter 150: cpu_time_cuda = 0.016831
iter 150: gpu_time_cuda = 0.025606
iter 150: download_copy_time_cuda = 0.001005
iter 150: upload_copy_time_cuda = 0.001055

iter 151: cpu_time_cuda = 0.016751
iter 151: gpu_time_cuda = 0.024694
iter 151: download_copy_time_cuda = 0.000993
iter 151: upload_copy_time_cuda = 0.001056

iter 152: cpu_time_cuda = 0.016689
iter 152: gpu_time_cuda = 0.024345
iter 152: download_copy_time_cuda = 0.000989
iter 152: upload_copy_time_cuda = 0.001043

iter 153: cpu_time_cuda = 0.016469
iter 153: gpu_time_cuda = 0.023641
iter 153: download_copy_time_cuda = 0.000983
iter 153: upload_copy_time_cuda = 0.001040

iter 154: cpu_time_cuda = 0.016404
iter 154: gpu_time_cuda = 0.023670
iter 154: download_copy_time_cuda = 0.000975
iter 154: upload_copy_time_cuda = 0.001044

iter 155: cpu_time_cuda = 0.016322
iter 155: gpu_time_cuda = 0.023603
iter 155: download_copy_time_cuda = 0.000977
iter 155: upload_copy_time_cuda = 0.001028

iter 156: cpu_time_cuda = 0.016219
iter 156: gpu_time_cuda = 0.023266
iter 156: download_copy_time_cuda = 0.000966
iter 156: upload_copy_time_cuda = 0.001022

iter 157: cpu_time_cuda = 0.016128
iter 157: gpu_time_cuda = 0.022652
iter 157: download_copy_time_cuda = 0.000960
iter 157: upload_copy_time_cuda = 0.001025

iter 158: cpu_time_cuda = 0.016003
iter 158: gpu_time_cuda = 0.022791
iter 158: download_copy_time_cuda = 0.000953
iter 158: upload_copy_time_cuda = 0.001008

iter 159: cpu_time_cuda = 0.016002
iter 159: gpu_time_cuda = 0.022252
iter 159: download_copy_time_cuda = 0.000947
iter 159: upload_copy_time_cuda = 0.001001

iter 160: cpu_time_cuda = 0.015838
iter 160: gpu_time_cuda = 0.022509
iter 160: download_copy_time_cuda = 0.000943
iter 160: upload_copy_time_cuda = 0.000997

iter 161: cpu_time_cuda = 0.015762
iter 161: gpu_time_cuda = 0.021582
iter 161: download_copy_time_cuda = 0.000947
iter 161: upload_copy_time_cuda = 0.000992

iter 162: cpu_time_cuda = 0.015618
iter 162: gpu_time_cuda = 0.022182
iter 162: download_copy_time_cuda = 0.000931
iter 162: upload_copy_time_cuda = 0.000983

iter 163: cpu_time_cuda = 0.015514
iter 163: gpu_time_cuda = 0.023769
iter 163: download_copy_time_cuda = 0.000926
iter 163: upload_copy_time_cuda = 0.000977

iter 164: cpu_time_cuda = 0.015524
iter 164: gpu_time_cuda = 0.021168
iter 164: download_copy_time_cuda = 0.000920
iter 164: upload_copy_time_cuda = 0.000979

iter 165: cpu_time_cuda = 0.015603
iter 165: gpu_time_cuda = 0.020480
iter 165: download_copy_time_cuda = 0.000916
iter 165: upload_copy_time_cuda = 0.000966

iter 166: cpu_time_cuda = 0.015258
iter 166: gpu_time_cuda = 0.020518
iter 166: download_copy_time_cuda = 0.000905
iter 166: upload_copy_time_cuda = 0.000960

iter 167: cpu_time_cuda = 0.015185
iter 167: gpu_time_cuda = 0.020019
iter 167: download_copy_time_cuda = 0.000902
iter 167: upload_copy_time_cuda = 0.000953

iter 168: cpu_time_cuda = 0.015037
iter 168: gpu_time_cuda = 0.020502
iter 168: download_copy_time_cuda = 0.000895
iter 168: upload_copy_time_cuda = 0.000947

iter 169: cpu_time_cuda = 0.014943
iter 169: gpu_time_cuda = 0.019596
iter 169: download_copy_time_cuda = 0.000896
iter 169: upload_copy_time_cuda = 0.000945

iter 170: cpu_time_cuda = 0.014825
iter 170: gpu_time_cuda = 0.019585
iter 170: download_copy_time_cuda = 0.000889
iter 170: upload_copy_time_cuda = 0.000935

iter 171: cpu_time_cuda = 0.014717
iter 171: gpu_time_cuda = 0.019210
iter 171: download_copy_time_cuda = 0.000880
iter 171: upload_copy_time_cuda = 0.000927

iter 172: cpu_time_cuda = 0.014754
iter 172: gpu_time_cuda = 0.019555
iter 172: download_copy_time_cuda = 0.000875
iter 172: upload_copy_time_cuda = 0.000921

iter 173: cpu_time_cuda = 0.014534
iter 173: gpu_time_cuda = 0.018590
iter 173: download_copy_time_cuda = 0.000867
iter 173: upload_copy_time_cuda = 0.000917

iter 174: cpu_time_cuda = 0.014428
iter 174: gpu_time_cuda = 0.018624
iter 174: download_copy_time_cuda = 0.000862
iter 174: upload_copy_time_cuda = 0.000911

iter 175: cpu_time_cuda = 0.014408
iter 175: gpu_time_cuda = 0.018268
iter 175: download_copy_time_cuda = 0.000855
iter 175: upload_copy_time_cuda = 0.000905

iter 176: cpu_time_cuda = 0.014255
iter 176: gpu_time_cuda = 0.018228
iter 176: download_copy_time_cuda = 0.000855
iter 176: upload_copy_time_cuda = 0.000908

iter 177: cpu_time_cuda = 0.014207
iter 177: gpu_time_cuda = 0.017969
iter 177: download_copy_time_cuda = 0.000844
iter 177: upload_copy_time_cuda = 0.000901

iter 178: cpu_time_cuda = 0.014074
iter 178: gpu_time_cuda = 0.018121
iter 178: download_copy_time_cuda = 0.000838
iter 178: upload_copy_time_cuda = 0.000888

iter 179: cpu_time_cuda = 0.014007
iter 179: gpu_time_cuda = 0.017312
iter 179: download_copy_time_cuda = 0.000833
iter 179: upload_copy_time_cuda = 0.000881

iter 180: cpu_time_cuda = 0.013865
iter 180: gpu_time_cuda = 0.017094
iter 180: download_copy_time_cuda = 0.000828
iter 180: upload_copy_time_cuda = 0.000873

iter 181: cpu_time_cuda = 0.013799
iter 181: gpu_time_cuda = 0.016627
iter 181: download_copy_time_cuda = 0.000820
iter 181: upload_copy_time_cuda = 0.000868

iter 182: cpu_time_cuda = 0.013715
iter 182: gpu_time_cuda = 0.016884
iter 182: download_copy_time_cuda = 0.000815
iter 182: upload_copy_time_cuda = 0.000862

iter 183: cpu_time_cuda = 0.013573
iter 183: gpu_time_cuda = 0.016477
iter 183: download_copy_time_cuda = 0.000809
iter 183: upload_copy_time_cuda = 0.000855

iter 184: cpu_time_cuda = 0.013503
iter 184: gpu_time_cuda = 0.016385
iter 184: download_copy_time_cuda = 0.000803
iter 184: upload_copy_time_cuda = 0.000856

iter 185: cpu_time_cuda = 0.013370
iter 185: gpu_time_cuda = 0.015870
iter 185: download_copy_time_cuda = 0.000797
iter 185: upload_copy_time_cuda = 0.000848

iter 186: cpu_time_cuda = 0.013311
iter 186: gpu_time_cuda = 0.015582
iter 186: download_copy_time_cuda = 0.000792
iter 186: upload_copy_time_cuda = 0.000838

iter 187: cpu_time_cuda = 0.013197
iter 187: gpu_time_cuda = 0.015403
iter 187: download_copy_time_cuda = 0.000786
iter 187: upload_copy_time_cuda = 0.000833

iter 188: cpu_time_cuda = 0.013095
iter 188: gpu_time_cuda = 0.016392
iter 188: download_copy_time_cuda = 0.000786
iter 188: upload_copy_time_cuda = 0.000828

iter 189: cpu_time_cuda = 0.013030
iter 189: gpu_time_cuda = 0.015237
iter 189: download_copy_time_cuda = 0.000774
iter 189: upload_copy_time_cuda = 0.000822

iter 190: cpu_time_cuda = 0.012990
iter 190: gpu_time_cuda = 0.014794
iter 190: download_copy_time_cuda = 0.000769
iter 190: upload_copy_time_cuda = 0.000814

iter 191: cpu_time_cuda = 0.012790
iter 191: gpu_time_cuda = 0.014468
iter 191: download_copy_time_cuda = 0.000765
iter 191: upload_copy_time_cuda = 0.000819

iter 192: cpu_time_cuda = 0.012650
iter 192: gpu_time_cuda = 0.014535
iter 192: download_copy_time_cuda = 0.000759
iter 192: upload_copy_time_cuda = 0.000802

iter 193: cpu_time_cuda = 0.012569
iter 193: gpu_time_cuda = 0.014163
iter 193: download_copy_time_cuda = 0.000754
iter 193: upload_copy_time_cuda = 0.000799

iter 194: cpu_time_cuda = 0.012480
iter 194: gpu_time_cuda = 0.014071
iter 194: download_copy_time_cuda = 0.000752
iter 194: upload_copy_time_cuda = 0.000798

iter 195: cpu_time_cuda = 0.012361
iter 195: gpu_time_cuda = 0.013651
iter 195: download_copy_time_cuda = 0.000750
iter 195: upload_copy_time_cuda = 0.000783

iter 196: cpu_time_cuda = 0.012288
iter 196: gpu_time_cuda = 0.013576
iter 196: download_copy_time_cuda = 0.000736
iter 196: upload_copy_time_cuda = 0.000778

iter 197: cpu_time_cuda = 0.012477
iter 197: gpu_time_cuda = 0.013178
iter 197: download_copy_time_cuda = 0.000731
iter 197: upload_copy_time_cuda = 0.000771

iter 198: cpu_time_cuda = 0.012095
iter 198: gpu_time_cuda = 0.013458
iter 198: download_copy_time_cuda = 0.000724
iter 198: upload_copy_time_cuda = 0.000764

iter 199: cpu_time_cuda = 0.011990
iter 199: gpu_time_cuda = 0.013279
iter 199: download_copy_time_cuda = 0.000717
iter 199: upload_copy_time_cuda = 0.000758

iter 200: cpu_time_cuda = 0.011889
iter 200: gpu_time_cuda = 0.012676
iter 200: download_copy_time_cuda = 0.000715
iter 200: upload_copy_time_cuda = 0.000754

iter 201: cpu_time_cuda = 0.011806
iter 201: gpu_time_cuda = 0.012461
iter 201: download_copy_time_cuda = 0.000707
iter 201: upload_copy_time_cuda = 0.000751

iter 202: cpu_time_cuda = 0.011700
iter 202: gpu_time_cuda = 0.012342
iter 202: download_copy_time_cuda = 0.000707
iter 202: upload_copy_time_cuda = 0.000739

iter 203: cpu_time_cuda = 0.011612
iter 203: gpu_time_cuda = 0.012114
iter 203: download_copy_time_cuda = 0.000697
iter 203: upload_copy_time_cuda = 0.000733

iter 204: cpu_time_cuda = 0.011600
iter 204: gpu_time_cuda = 0.012449
iter 204: download_copy_time_cuda = 0.000690
iter 204: upload_copy_time_cuda = 0.000733

iter 205: cpu_time_cuda = 0.011415
iter 205: gpu_time_cuda = 0.011658
iter 205: download_copy_time_cuda = 0.000683
iter 205: upload_copy_time_cuda = 0.000723

iter 206: cpu_time_cuda = 0.011332
iter 206: gpu_time_cuda = 0.011808
iter 206: download_copy_time_cuda = 0.000681
iter 206: upload_copy_time_cuda = 0.000721

iter 207: cpu_time_cuda = 0.011260
iter 207: gpu_time_cuda = 0.011215
iter 207: download_copy_time_cuda = 0.000674
iter 207: upload_copy_time_cuda = 0.000718

iter 208: cpu_time_cuda = 0.011186
iter 208: gpu_time_cuda = 0.011265
iter 208: download_copy_time_cuda = 0.000666
iter 208: upload_copy_time_cuda = 0.000702

iter 209: cpu_time_cuda = 0.010998
iter 209: gpu_time_cuda = 0.011653
iter 209: download_copy_time_cuda = 0.000658
iter 209: upload_copy_time_cuda = 0.000698

iter 210: cpu_time_cuda = 0.010937
iter 210: gpu_time_cuda = 0.010663
iter 210: download_copy_time_cuda = 0.000655
iter 210: upload_copy_time_cuda = 0.000692

iter 211: cpu_time_cuda = 0.010826
iter 211: gpu_time_cuda = 0.010463
iter 211: download_copy_time_cuda = 0.000648
iter 211: upload_copy_time_cuda = 0.000685

iter 212: cpu_time_cuda = 0.010720
iter 212: gpu_time_cuda = 0.010441
iter 212: download_copy_time_cuda = 0.000643
iter 212: upload_copy_time_cuda = 0.000681

iter 213: cpu_time_cuda = 0.010638
iter 213: gpu_time_cuda = 0.010216
iter 213: download_copy_time_cuda = 0.000636
iter 213: upload_copy_time_cuda = 0.000672

iter 214: cpu_time_cuda = 0.010536
iter 214: gpu_time_cuda = 0.010728
iter 214: download_copy_time_cuda = 0.000633
iter 214: upload_copy_time_cuda = 0.000674

iter 215: cpu_time_cuda = 0.010420
iter 215: gpu_time_cuda = 0.010606
iter 215: download_copy_time_cuda = 0.000627
iter 215: upload_copy_time_cuda = 0.000660

iter 216: cpu_time_cuda = 0.010371
iter 216: gpu_time_cuda = 0.009609
iter 216: download_copy_time_cuda = 0.000620
iter 216: upload_copy_time_cuda = 0.000655

iter 217: cpu_time_cuda = 0.010269
iter 217: gpu_time_cuda = 0.009380
iter 217: download_copy_time_cuda = 0.000615
iter 217: upload_copy_time_cuda = 0.000648

iter 218: cpu_time_cuda = 0.010155
iter 218: gpu_time_cuda = 0.009718
iter 218: download_copy_time_cuda = 0.000607
iter 218: upload_copy_time_cuda = 0.000642

iter 219: cpu_time_cuda = 0.010051
iter 219: gpu_time_cuda = 0.009262
iter 219: download_copy_time_cuda = 0.000602
iter 219: upload_copy_time_cuda = 0.000637

iter 220: cpu_time_cuda = 0.009949
iter 220: gpu_time_cuda = 0.009068
iter 220: download_copy_time_cuda = 0.000597
iter 220: upload_copy_time_cuda = 0.000631

iter 221: cpu_time_cuda = 0.009955
iter 221: gpu_time_cuda = 0.008747
iter 221: download_copy_time_cuda = 0.000593
iter 221: upload_copy_time_cuda = 0.000622

iter 222: cpu_time_cuda = 0.009747
iter 222: gpu_time_cuda = 0.008596
iter 222: download_copy_time_cuda = 0.000586
iter 222: upload_copy_time_cuda = 0.000620

iter 223: cpu_time_cuda = 0.009676
iter 223: gpu_time_cuda = 0.008324
iter 223: download_copy_time_cuda = 0.000581
iter 223: upload_copy_time_cuda = 0.000612

iter 224: cpu_time_cuda = 0.009555
iter 224: gpu_time_cuda = 0.009301
iter 224: download_copy_time_cuda = 0.000573
iter 224: upload_copy_time_cuda = 0.000604

iter 225: cpu_time_cuda = 0.009462
iter 225: gpu_time_cuda = 0.008281
iter 225: download_copy_time_cuda = 0.000567
iter 225: upload_copy_time_cuda = 0.000600

iter 226: cpu_time_cuda = 0.009389
iter 226: gpu_time_cuda = 0.008087
iter 226: download_copy_time_cuda = 0.000562
iter 226: upload_copy_time_cuda = 0.000600

iter 227: cpu_time_cuda = 0.009261
iter 227: gpu_time_cuda = 0.007762
iter 227: download_copy_time_cuda = 0.000563
iter 227: upload_copy_time_cuda = 0.000587

iter 228: cpu_time_cuda = 0.009214
iter 228: gpu_time_cuda = 0.007701
iter 228: download_copy_time_cuda = 0.000550
iter 228: upload_copy_time_cuda = 0.000582

iter 229: cpu_time_cuda = 0.009082
iter 229: gpu_time_cuda = 0.007423
iter 229: download_copy_time_cuda = 0.000546
iter 229: upload_copy_time_cuda = 0.000576

iter 230: cpu_time_cuda = 0.009034
iter 230: gpu_time_cuda = 0.007425
iter 230: download_copy_time_cuda = 0.000540
iter 230: upload_copy_time_cuda = 0.000575

iter 231: cpu_time_cuda = 0.008961
iter 231: gpu_time_cuda = 0.007634
iter 231: download_copy_time_cuda = 0.000534
iter 231: upload_copy_time_cuda = 0.000570

iter 232: cpu_time_cuda = 0.008888
iter 232: gpu_time_cuda = 0.007197
iter 232: download_copy_time_cuda = 0.000529
iter 232: upload_copy_time_cuda = 0.000558

iter 233: cpu_time_cuda = 0.008655
iter 233: gpu_time_cuda = 0.006814
iter 233: download_copy_time_cuda = 0.000524
iter 233: upload_copy_time_cuda = 0.000559

iter 234: cpu_time_cuda = 0.008545
iter 234: gpu_time_cuda = 0.006789
iter 234: download_copy_time_cuda = 0.000524
iter 234: upload_copy_time_cuda = 0.000544

iter 235: cpu_time_cuda = 0.008475
iter 235: gpu_time_cuda = 0.006633
iter 235: download_copy_time_cuda = 0.000511
iter 235: upload_copy_time_cuda = 0.000539

iter 236: cpu_time_cuda = 0.008356
iter 236: gpu_time_cuda = 0.006933
iter 236: download_copy_time_cuda = 0.000506
iter 236: upload_copy_time_cuda = 0.000531

iter 237: cpu_time_cuda = 0.008257
iter 237: gpu_time_cuda = 0.006419
iter 237: download_copy_time_cuda = 0.000501
iter 237: upload_copy_time_cuda = 0.000527

iter 238: cpu_time_cuda = 0.008219
iter 238: gpu_time_cuda = 0.006263
iter 238: download_copy_time_cuda = 0.000494
iter 238: upload_copy_time_cuda = 0.000522

iter 239: cpu_time_cuda = 0.008097
iter 239: gpu_time_cuda = 0.005985
iter 239: download_copy_time_cuda = 0.000488
iter 239: upload_copy_time_cuda = 0.000513

iter 240: cpu_time_cuda = 0.008211
iter 240: gpu_time_cuda = 0.006183
iter 240: download_copy_time_cuda = 0.000481
iter 240: upload_copy_time_cuda = 0.000508

iter 241: cpu_time_cuda = 0.007897
iter 241: gpu_time_cuda = 0.006489
iter 241: download_copy_time_cuda = 0.000477
iter 241: upload_copy_time_cuda = 0.000501

iter 242: cpu_time_cuda = 0.007794
iter 242: gpu_time_cuda = 0.005792
iter 242: download_copy_time_cuda = 0.000471
iter 242: upload_copy_time_cuda = 0.000496

iter 243: cpu_time_cuda = 0.007698
iter 243: gpu_time_cuda = 0.005387
iter 243: download_copy_time_cuda = 0.000464
iter 243: upload_copy_time_cuda = 0.000490

iter 244: cpu_time_cuda = 0.007708
iter 244: gpu_time_cuda = 0.005375
iter 244: download_copy_time_cuda = 0.000457
iter 244: upload_copy_time_cuda = 0.000484

iter 245: cpu_time_cuda = 0.007514
iter 245: gpu_time_cuda = 0.005227
iter 245: download_copy_time_cuda = 0.000452
iter 245: upload_copy_time_cuda = 0.000489

iter 246: cpu_time_cuda = 0.007426
iter 246: gpu_time_cuda = 0.005765
iter 246: download_copy_time_cuda = 0.000446
iter 246: upload_copy_time_cuda = 0.000469

iter 247: cpu_time_cuda = 0.007298
iter 247: gpu_time_cuda = 0.005590
iter 247: download_copy_time_cuda = 0.000441
iter 247: upload_copy_time_cuda = 0.000472

iter 248: cpu_time_cuda = 0.007175
iter 248: gpu_time_cuda = 0.004878
iter 248: download_copy_time_cuda = 0.000437
iter 248: upload_copy_time_cuda = 0.000460

iter 249: cpu_time_cuda = 0.007082
iter 249: gpu_time_cuda = 0.004592
iter 249: download_copy_time_cuda = 0.000430
iter 249: upload_copy_time_cuda = 0.000453

iter 250: cpu_time_cuda = 0.006972
iter 250: gpu_time_cuda = 0.004744
iter 250: download_copy_time_cuda = 0.000424
iter 250: upload_copy_time_cuda = 0.000448

iter 251: cpu_time_cuda = 0.006981
iter 251: gpu_time_cuda = 0.004983
iter 251: download_copy_time_cuda = 0.000419
iter 251: upload_copy_time_cuda = 0.000441

iter 252: cpu_time_cuda = 0.006791
iter 252: gpu_time_cuda = 0.004465
iter 252: download_copy_time_cuda = 0.000413
iter 252: upload_copy_time_cuda = 0.000443

iter 253: cpu_time_cuda = 0.006706
iter 253: gpu_time_cuda = 0.004097
iter 253: download_copy_time_cuda = 0.000407
iter 253: upload_copy_time_cuda = 0.000430

iter 254: cpu_time_cuda = 0.006600
iter 254: gpu_time_cuda = 0.004120
iter 254: download_copy_time_cuda = 0.000401
iter 254: upload_copy_time_cuda = 0.000424

iter 255: cpu_time_cuda = 0.006488
iter 255: gpu_time_cuda = 0.003937
iter 255: download_copy_time_cuda = 0.000394
iter 255: upload_copy_time_cuda = 0.000418

iter 256: cpu_time_cuda = 0.006324
iter 256: gpu_time_cuda = 0.004178
iter 256: download_copy_time_cuda = 0.000390
iter 256: upload_copy_time_cuda = 0.000412

iter 257: cpu_time_cuda = 0.006216
iter 257: gpu_time_cuda = 0.004031
iter 257: download_copy_time_cuda = 0.000382
iter 257: upload_copy_time_cuda = 0.000413

iter 258: cpu_time_cuda = 0.006118
iter 258: gpu_time_cuda = 0.003718
iter 258: download_copy_time_cuda = 0.000377
iter 258: upload_copy_time_cuda = 0.000398

iter 259: cpu_time_cuda = 0.006036
iter 259: gpu_time_cuda = 0.003539
iter 259: download_copy_time_cuda = 0.000373
iter 259: upload_copy_time_cuda = 0.000390

iter 260: cpu_time_cuda = 0.005952
iter 260: gpu_time_cuda = 0.003490
iter 260: download_copy_time_cuda = 0.000363
iter 260: upload_copy_time_cuda = 0.000387

iter 261: cpu_time_cuda = 0.005838
iter 261: gpu_time_cuda = 0.003287
iter 261: download_copy_time_cuda = 0.000360
iter 261: upload_copy_time_cuda = 0.000381

iter 262: cpu_time_cuda = 0.005753
iter 262: gpu_time_cuda = 0.003544
iter 262: download_copy_time_cuda = 0.000355
iter 262: upload_copy_time_cuda = 0.000374

iter 263: cpu_time_cuda = 0.005639
iter 263: gpu_time_cuda = 0.003081
iter 263: download_copy_time_cuda = 0.000350
iter 263: upload_copy_time_cuda = 0.000367

iter 264: cpu_time_cuda = 0.005564
iter 264: gpu_time_cuda = 0.003258
iter 264: download_copy_time_cuda = 0.000343
iter 264: upload_copy_time_cuda = 0.000363

iter 265: cpu_time_cuda = 0.005440
iter 265: gpu_time_cuda = 0.003043
iter 265: download_copy_time_cuda = 0.000337
iter 265: upload_copy_time_cuda = 0.000355

iter 266: cpu_time_cuda = 0.005361
iter 266: gpu_time_cuda = 0.003017
iter 266: download_copy_time_cuda = 0.000330
iter 266: upload_copy_time_cuda = 0.000348

iter 267: cpu_time_cuda = 0.005258
iter 267: gpu_time_cuda = 0.003058
iter 267: download_copy_time_cuda = 0.000325
iter 267: upload_copy_time_cuda = 0.000343

iter 268: cpu_time_cuda = 0.005182
iter 268: gpu_time_cuda = 0.002767
iter 268: download_copy_time_cuda = 0.000319
iter 268: upload_copy_time_cuda = 0.000337

iter 269: cpu_time_cuda = 0.005196
iter 269: gpu_time_cuda = 0.002557
iter 269: download_copy_time_cuda = 0.000313
iter 269: upload_copy_time_cuda = 0.000328

iter 270: cpu_time_cuda = 0.005036
iter 270: gpu_time_cuda = 0.002517
iter 270: download_copy_time_cuda = 0.000305
iter 270: upload_copy_time_cuda = 0.000325

iter 271: cpu_time_cuda = 0.004875
iter 271: gpu_time_cuda = 0.002369
iter 271: download_copy_time_cuda = 0.000301
iter 271: upload_copy_time_cuda = 0.000317

iter 272: cpu_time_cuda = 0.004782
iter 272: gpu_time_cuda = 0.002537
iter 272: download_copy_time_cuda = 0.000295
iter 272: upload_copy_time_cuda = 0.000314

iter 273: cpu_time_cuda = 0.004694
iter 273: gpu_time_cuda = 0.002366
iter 273: download_copy_time_cuda = 0.000290
iter 273: upload_copy_time_cuda = 0.000306

iter 274: cpu_time_cuda = 0.004613
iter 274: gpu_time_cuda = 0.002162
iter 274: download_copy_time_cuda = 0.000284
iter 274: upload_copy_time_cuda = 0.000299

iter 275: cpu_time_cuda = 0.004509
iter 275: gpu_time_cuda = 0.002022
iter 275: download_copy_time_cuda = 0.000278
iter 275: upload_copy_time_cuda = 0.000293

iter 276: cpu_time_cuda = 0.004415
iter 276: gpu_time_cuda = 0.002047
iter 276: download_copy_time_cuda = 0.000273
iter 276: upload_copy_time_cuda = 0.000288

iter 277: cpu_time_cuda = 0.004282
iter 277: gpu_time_cuda = 0.002017
iter 277: download_copy_time_cuda = 0.000267
iter 277: upload_copy_time_cuda = 0.000284

iter 278: cpu_time_cuda = 0.004214
iter 278: gpu_time_cuda = 0.001989
iter 278: download_copy_time_cuda = 0.000262
iter 278: upload_copy_time_cuda = 0.000276

iter 279: cpu_time_cuda = 0.004091
iter 279: gpu_time_cuda = 0.001724
iter 279: download_copy_time_cuda = 0.000256
iter 279: upload_copy_time_cuda = 0.000269

iter 280: cpu_time_cuda = 0.004002
iter 280: gpu_time_cuda = 0.001686
iter 280: download_copy_time_cuda = 0.000251
iter 280: upload_copy_time_cuda = 0.000264

iter 281: cpu_time_cuda = 0.003932
iter 281: gpu_time_cuda = 0.001570
iter 281: download_copy_time_cuda = 0.000244
iter 281: upload_copy_time_cuda = 0.000257

iter 282: cpu_time_cuda = 0.003908
iter 282: gpu_time_cuda = 0.001703
iter 282: download_copy_time_cuda = 0.000238
iter 282: upload_copy_time_cuda = 0.000248

iter 283: cpu_time_cuda = 0.003788
iter 283: gpu_time_cuda = 0.001544
iter 283: download_copy_time_cuda = 0.000233
iter 283: upload_copy_time_cuda = 0.000244

iter 284: cpu_time_cuda = 0.003630
iter 284: gpu_time_cuda = 0.001426
iter 284: download_copy_time_cuda = 0.000227
iter 284: upload_copy_time_cuda = 0.000237

iter 285: cpu_time_cuda = 0.003534
iter 285: gpu_time_cuda = 0.001305
iter 285: download_copy_time_cuda = 0.000220
iter 285: upload_copy_time_cuda = 0.000231

iter 286: cpu_time_cuda = 0.003450
iter 286: gpu_time_cuda = 0.001302
iter 286: download_copy_time_cuda = 0.000214
iter 286: upload_copy_time_cuda = 0.000224

iter 287: cpu_time_cuda = 0.003365
iter 287: gpu_time_cuda = 0.001275
iter 287: download_copy_time_cuda = 0.000209
iter 287: upload_copy_time_cuda = 0.000218

iter 288: cpu_time_cuda = 0.003244
iter 288: gpu_time_cuda = 0.001237
iter 288: download_copy_time_cuda = 0.000202
iter 288: upload_copy_time_cuda = 0.000213

iter 289: cpu_time_cuda = 0.003196
iter 289: gpu_time_cuda = 0.001107
iter 289: download_copy_time_cuda = 0.000197
iter 289: upload_copy_time_cuda = 0.000207

iter 290: cpu_time_cuda = 0.003058
iter 290: gpu_time_cuda = 0.001077
iter 290: download_copy_time_cuda = 0.000192
iter 290: upload_copy_time_cuda = 0.000201

iter 291: cpu_time_cuda = 0.002991
iter 291: gpu_time_cuda = 0.000971
iter 291: download_copy_time_cuda = 0.000185
iter 291: upload_copy_time_cuda = 0.000194

iter 292: cpu_time_cuda = 0.002914
iter 292: gpu_time_cuda = 0.000940
iter 292: download_copy_time_cuda = 0.000179
iter 292: upload_copy_time_cuda = 0.000188

iter 293: cpu_time_cuda = 0.002811
iter 293: gpu_time_cuda = 0.000879
iter 293: download_copy_time_cuda = 0.000174
iter 293: upload_copy_time_cuda = 0.000183

iter 294: cpu_time_cuda = 0.002721
iter 294: gpu_time_cuda = 0.000866
iter 294: download_copy_time_cuda = 0.000168
iter 294: upload_copy_time_cuda = 0.000177

iter 295: cpu_time_cuda = 0.002633
iter 295: gpu_time_cuda = 0.000788
iter 295: download_copy_time_cuda = 0.000162
iter 295: upload_copy_time_cuda = 0.000170

iter 296: cpu_time_cuda = 0.002528
iter 296: gpu_time_cuda = 0.000740
iter 296: download_copy_time_cuda = 0.000156
iter 296: upload_copy_time_cuda = 0.000167

iter 297: cpu_time_cuda = 0.002404
iter 297: gpu_time_cuda = 0.000667
iter 297: download_copy_time_cuda = 0.000152
iter 297: upload_copy_time_cuda = 0.000158

iter 298: cpu_time_cuda = 0.002299
iter 298: gpu_time_cuda = 0.000630
iter 298: download_copy_time_cuda = 0.000145
iter 298: upload_copy_time_cuda = 0.000152

iter 299: cpu_time_cuda = 0.002178
iter 299: gpu_time_cuda = 0.000588
iter 299: download_copy_time_cuda = 0.000139
iter 299: upload_copy_time_cuda = 0.000148

iter 300: cpu_time_cuda = 0.002092
iter 300: gpu_time_cuda = 0.000542
iter 300: download_copy_time_cuda = 0.000132
iter 300: upload_copy_time_cuda = 0.000141

iter 301: cpu_time_cuda = 0.002002
iter 301: gpu_time_cuda = 0.000508
iter 301: download_copy_time_cuda = 0.000127
iter 301: upload_copy_time_cuda = 0.000134

iter 302: cpu_time_cuda = 0.001919
iter 302: gpu_time_cuda = 0.000488
iter 302: download_copy_time_cuda = 0.000122
iter 302: upload_copy_time_cuda = 0.000129

iter 303: cpu_time_cuda = 0.001890
iter 303: gpu_time_cuda = 0.000438
iter 303: download_copy_time_cuda = 0.000116
iter 303: upload_copy_time_cuda = 0.000122

iter 304: cpu_time_cuda = 0.001890
iter 304: gpu_time_cuda = 0.000407
iter 304: download_copy_time_cuda = 0.000107
iter 304: upload_copy_time_cuda = 0.000116

iter 305: cpu_time_cuda = 0.001622
iter 305: gpu_time_cuda = 0.000370
iter 305: download_copy_time_cuda = 0.000104
iter 305: upload_copy_time_cuda = 0.000110

iter 306: cpu_time_cuda = 0.001552
iter 306: gpu_time_cuda = 0.000336
iter 306: download_copy_time_cuda = 0.000098
iter 306: upload_copy_time_cuda = 0.000103

iter 307: cpu_time_cuda = 0.001424
iter 307: gpu_time_cuda = 0.000286
iter 307: download_copy_time_cuda = 0.000093
iter 307: upload_copy_time_cuda = 0.000098

iter 308: cpu_time_cuda = 0.001325
iter 308: gpu_time_cuda = 0.000264
iter 308: download_copy_time_cuda = 0.000086
iter 308: upload_copy_time_cuda = 0.000092

iter 309: cpu_time_cuda = 0.001249
iter 309: gpu_time_cuda = 0.000235
iter 309: download_copy_time_cuda = 0.000082
iter 309: upload_copy_time_cuda = 0.000088

iter 310: cpu_time_cuda = 0.001157
iter 310: gpu_time_cuda = 0.000218
iter 310: download_copy_time_cuda = 0.000077
iter 310: upload_copy_time_cuda = 0.000082

iter 311: cpu_time_cuda = 0.001066
iter 311: gpu_time_cuda = 0.000204
iter 311: download_copy_time_cuda = 0.000072
iter 311: upload_copy_time_cuda = 0.000079

iter 312: cpu_time_cuda = 0.000977
iter 312: gpu_time_cuda = 0.000172
iter 312: download_copy_time_cuda = 0.000068
iter 312: upload_copy_time_cuda = 0.000075

iter 313: cpu_time_cuda = 0.000872
iter 313: gpu_time_cuda = 0.000136
iter 313: download_copy_time_cuda = 0.000062
iter 313: upload_copy_time_cuda = 0.000071

iter 314: cpu_time_cuda = 0.000804
iter 314: gpu_time_cuda = 0.000123
iter 314: download_copy_time_cuda = 0.000059
iter 314: upload_copy_time_cuda = 0.000066

iter 315: cpu_time_cuda = 0.000697
iter 315: gpu_time_cuda = 0.000111
iter 315: download_copy_time_cuda = 0.000060
iter 315: upload_copy_time_cuda = 0.000063

iter 316: cpu_time_cuda = 0.000633
iter 316: gpu_time_cuda = 0.000103
iter 316: download_copy_time_cuda = 0.000052
iter 316: upload_copy_time_cuda = 0.000058

iter 317: cpu_time_cuda = 0.000535
iter 317: gpu_time_cuda = 0.000100
iter 317: download_copy_time_cuda = 0.000049
iter 317: upload_copy_time_cuda = 0.000055

iter 318: cpu_time_cuda = 0.000475
iter 318: gpu_time_cuda = 0.000098
iter 318: download_copy_time_cuda = 0.000045
iter 318: upload_copy_time_cuda = 0.000048

iter 319: cpu_time_cuda = 0.000418
iter 319: gpu_time_cuda = 0.000002
iter 319: download_copy_time_cuda = 0.000042
iter 319: upload_copy_time_cuda = 0.000036

total_cpu_time_cuda = 5.049481
total_gpu_time_cuda = 9.294694
total_copy_time_cuda = 0.622650
main_loop_time_cuda = 15.313430
20480 20480     ---   (  ---  )    346.56 (  16.52)     ---   
total_time = 29.950363
27.64user 4.54system 0:32.92elapsed 97%CPU (0avgtext+0avgdata 3430788maxresident)k
4504inputs+0outputs (1major+839715minor)pagefaults 0swaps
send out message: 22 3 log
