send out message: 24 37 /home/lchen/MAGMA/magma-1.3.0/results
send out message: 20 26 MAGMA_LU_GPUDVFS.total.pwr
MAGMA 1.3.0
device 0: Tesla K20c, 705.5 MHz clock, 4799.6 MB memory, capability 3.5

Usage: /home/lchen/MAGMA/magma-1.3.0/testing/testing_dgetrf -N <m,n> -c -c2 -l
  -N  can be repeated up to 10 times. If only m is given, then m=n.
  -c  or setting $MAGMA_TESTINGS_CHECK checks result, PA - LU.
  -c2 for square matrices, solves one RHS and checks residual, Ax - b.
  -l  or setting $MAGMA_RUN_LAPACK runs LAPACK.

    M     N   CPU GFlop/s (sec)   GPU GFlop/s (sec)   |PA-LU|/(N*|A|)
=========================================================================
init_time = 13.482759
iter 0: cpu_time_cuda = 0.000000
iter 0: gpu_time_cuda = 0.000000
iter 0: download_copy_time_cuda = 0.000000
iter 0: upload_copy_time_cuda = 0.002032

iter 1: cpu_time_cuda = 0.067998
iter 1: gpu_time_cuda = 0.088954
iter 1: download_copy_time_cuda = 0.001871
iter 1: upload_copy_time_cuda = 0.002054

iter 2: cpu_time_pred = 0.067784
iter 2: gpu_time_pred = 0.088395
iter 2: cpu_time_cuda = 0.067750
iter 2: gpu_time_cuda = 0.085217
iter 2: download_copy_time_cuda = 0.001864
iter 2: upload_copy_time_cuda = 0.002020

iter 3: cpu_time_pred = 0.067536
iter 3: gpu_time_pred = 0.084680
iter 3: cpu_time_cuda = 0.067808
iter 3: gpu_time_cuda = 0.084500
iter 3: download_copy_time_cuda = 0.001858
iter 3: upload_copy_time_cuda = 0.002014

iter 4: cpu_time_pred = 0.067593
iter 4: gpu_time_pred = 0.083966
iter 4: cpu_time_cuda = 0.067781
iter 4: gpu_time_cuda = 0.084322
iter 4: download_copy_time_cuda = 0.001872
iter 4: upload_copy_time_cuda = 0.002005

iter 5: cpu_time_pred = 0.067566
iter 5: gpu_time_pred = 0.083788
iter 5: cpu_time_cuda = 0.067037
iter 5: gpu_time_cuda = 0.083315
iter 5: download_copy_time_cuda = 0.001860
iter 5: upload_copy_time_cuda = 0.001994

iter 6: cpu_time_pred = 0.066823
iter 6: gpu_time_pred = 0.082785
iter 6: cpu_time_cuda = 0.067071
iter 6: gpu_time_cuda = 0.083032
iter 6: download_copy_time_cuda = 0.001863
iter 6: upload_copy_time_cuda = 0.002004

iter 7: cpu_time_pred = 0.066857
iter 7: gpu_time_pred = 0.082502
iter 7: cpu_time_cuda = 0.066732
iter 7: gpu_time_cuda = 0.082359
iter 7: download_copy_time_cuda = 0.001864
iter 7: upload_copy_time_cuda = 0.001979

iter 8: cpu_time_pred = 0.066518
iter 8: gpu_time_pred = 0.081832
iter 8: cpu_time_cuda = 0.066460
iter 8: gpu_time_cuda = 0.082485
iter 8: download_copy_time_cuda = 0.001841
iter 8: upload_copy_time_cuda = 0.001989

iter 9: cpu_time_pred = 0.066247
iter 9: gpu_time_pred = 0.081956
iter 9: cpu_time_cuda = 0.066206
iter 9: gpu_time_cuda = 0.081561
iter 9: download_copy_time_cuda = 0.001837
iter 9: upload_copy_time_cuda = 0.001977

iter 10: cpu_time_pred = 0.065993
iter 10: gpu_time_pred = 0.081036
iter 10: cpu_time_cuda = 0.065946
iter 10: gpu_time_cuda = 0.081459
iter 10: download_copy_time_cuda = 0.001834
iter 10: upload_copy_time_cuda = 0.001968

iter 11: cpu_time_pred = 0.065732
iter 11: gpu_time_pred = 0.080933
iter 11: cpu_time_cuda = 0.066247
iter 11: gpu_time_cuda = 0.080352
iter 11: download_copy_time_cuda = 0.001827
iter 11: upload_copy_time_cuda = 0.001967

iter 12: cpu_time_pred = 0.066032
iter 12: gpu_time_pred = 0.079831
iter 12: cpu_time_cuda = 0.065549
iter 12: gpu_time_cuda = 0.079797
iter 12: download_copy_time_cuda = 0.001819
iter 12: upload_copy_time_cuda = 0.001956

iter 13: cpu_time_pred = 0.065335
iter 13: gpu_time_pred = 0.079278
iter 13: cpu_time_cuda = 0.065459
iter 13: gpu_time_cuda = 0.078987
iter 13: download_copy_time_cuda = 0.001821
iter 13: upload_copy_time_cuda = 0.001959

iter 14: cpu_time_pred = 0.065245
iter 14: gpu_time_pred = 0.078472
iter 14: cpu_time_cuda = 0.065103
iter 14: gpu_time_cuda = 0.078858
iter 14: download_copy_time_cuda = 0.001815
iter 14: upload_copy_time_cuda = 0.001948

iter 15: cpu_time_pred = 0.064889
iter 15: gpu_time_pred = 0.078342
iter 15: cpu_time_cuda = 0.065031
iter 15: gpu_time_cuda = 0.077951
iter 15: download_copy_time_cuda = 0.001798
iter 15: upload_copy_time_cuda = 0.001937

iter 16: cpu_time_pred = 0.064817
iter 16: gpu_time_pred = 0.077439
iter 16: cpu_time_cuda = 0.064668
iter 16: gpu_time_cuda = 0.078015
iter 16: download_copy_time_cuda = 0.001796
iter 16: upload_copy_time_cuda = 0.001927

iter 17: cpu_time_pred = 0.064454
iter 17: gpu_time_pred = 0.077501
iter 17: cpu_time_cuda = 0.064584
iter 17: gpu_time_cuda = 0.077270
iter 17: download_copy_time_cuda = 0.001797
iter 17: upload_copy_time_cuda = 0.001923

iter 18: cpu_time_pred = 0.064370
iter 18: gpu_time_pred = 0.076759
iter 18: cpu_time_cuda = 0.064353
iter 18: gpu_time_cuda = 0.076711
iter 18: download_copy_time_cuda = 0.001785
iter 18: upload_copy_time_cuda = 0.001924

iter 19: cpu_time_pred = 0.064139
iter 19: gpu_time_pred = 0.076202
iter 19: cpu_time_cuda = 0.064163
iter 19: gpu_time_cuda = 0.075607
iter 19: download_copy_time_cuda = 0.001776
iter 19: upload_copy_time_cuda = 0.001905

iter 20: cpu_time_pred = 0.063950
iter 20: gpu_time_pred = 0.075104
iter 20: cpu_time_cuda = 0.063883
iter 20: gpu_time_cuda = 0.075981
iter 20: download_copy_time_cuda = 0.001779
iter 20: upload_copy_time_cuda = 0.001909

iter 21: cpu_time_pred = 0.063669
iter 21: gpu_time_pred = 0.075473
iter 21: cpu_time_cuda = 0.063585
iter 21: gpu_time_cuda = 0.074956
iter 21: download_copy_time_cuda = 0.001764
iter 21: upload_copy_time_cuda = 0.001891

iter 22: cpu_time_pred = 0.063372
iter 22: gpu_time_pred = 0.074454
iter 22: cpu_time_cuda = 0.063468
iter 22: gpu_time_cuda = 0.075147
iter 22: download_copy_time_cuda = 0.001770
iter 22: upload_copy_time_cuda = 0.001894

iter 23: cpu_time_pred = 0.063255
iter 23: gpu_time_pred = 0.074642
iter 23: cpu_time_cuda = 0.063252
iter 23: gpu_time_cuda = 0.074229
iter 23: download_copy_time_cuda = 0.001763
iter 23: upload_copy_time_cuda = 0.001886

iter 24: cpu_time_pred = 0.063038
iter 24: gpu_time_pred = 0.073729
iter 24: cpu_time_cuda = 0.062971
iter 24: gpu_time_cuda = 0.074023
iter 24: download_copy_time_cuda = 0.001747
iter 24: upload_copy_time_cuda = 0.001885

iter 25: cpu_time_pred = 0.062758
iter 25: gpu_time_pred = 0.073522
iter 25: cpu_time_cuda = 0.062781
iter 25: gpu_time_cuda = 0.073162
iter 25: download_copy_time_cuda = 0.001745
iter 25: upload_copy_time_cuda = 0.001873

iter 26: cpu_time_pred = 0.062567
iter 26: gpu_time_pred = 0.072665
iter 26: cpu_time_cuda = 0.062648
iter 26: gpu_time_cuda = 0.072923
iter 26: download_copy_time_cuda = 0.001737
iter 26: upload_copy_time_cuda = 0.001869

iter 27: cpu_time_pred = 0.062435
iter 27: gpu_time_pred = 0.072426
iter 27: cpu_time_cuda = 0.062543
iter 27: gpu_time_cuda = 0.072015
iter 27: download_copy_time_cuda = 0.001739
iter 27: upload_copy_time_cuda = 0.001860

iter 28: cpu_time_pred = 0.062329
iter 28: gpu_time_pred = 0.071523
iter 28: cpu_time_cuda = 0.062114
iter 28: gpu_time_cuda = 0.072285
iter 28: download_copy_time_cuda = 0.001722
iter 28: upload_copy_time_cuda = 0.001851

iter 29: cpu_time_pred = 0.061901
iter 29: gpu_time_pred = 0.071789
iter 29: cpu_time_cuda = 0.062126
iter 29: gpu_time_cuda = 0.071218
iter 29: download_copy_time_cuda = 0.001719
iter 29: upload_copy_time_cuda = 0.001856

iter 30: cpu_time_pred = 0.061912
iter 30: gpu_time_pred = 0.070728
iter 30: cpu_time_cuda = 0.061787
iter 30: gpu_time_cuda = 0.070932
iter 30: download_copy_time_cuda = 0.001714
iter 30: upload_copy_time_cuda = 0.001840

iter 31: cpu_time_pred = 0.061573
iter 31: gpu_time_pred = 0.070442
iter 31: cpu_time_cuda = 0.061521
iter 31: gpu_time_cuda = 0.069965
iter 31: download_copy_time_cuda = 0.001706
iter 31: upload_copy_time_cuda = 0.001833

iter 32: cpu_time_pred = 0.061308
iter 32: gpu_time_pred = 0.069480
iter 32: cpu_time_cuda = 0.061738
iter 32: gpu_time_cuda = 0.070012
iter 32: download_copy_time_cuda = 0.001699
iter 32: upload_copy_time_cuda = 0.001831

iter 33: cpu_time_pred = 0.061523
iter 33: gpu_time_pred = 0.069525
iter 33: cpu_time_cuda = 0.061075
iter 33: gpu_time_cuda = 0.069042
iter 33: download_copy_time_cuda = 0.001706
iter 33: upload_copy_time_cuda = 0.001831

iter 34: cpu_time_pred = 0.060861
iter 34: gpu_time_pred = 0.068560
iter 34: cpu_time_cuda = 0.060956
iter 34: gpu_time_cuda = 0.069185
iter 34: download_copy_time_cuda = 0.001699
iter 34: upload_copy_time_cuda = 0.001824

iter 35: cpu_time_pred = 0.060742
iter 35: gpu_time_pred = 0.068701
iter 35: cpu_time_cuda = 0.060814
iter 35: gpu_time_cuda = 0.068206
iter 35: download_copy_time_cuda = 0.001694
iter 35: upload_copy_time_cuda = 0.001807

iter 36: cpu_time_pred = 0.060599
iter 36: gpu_time_pred = 0.067727
iter 36: cpu_time_cuda = 0.060483
iter 36: gpu_time_cuda = 0.068191
iter 36: download_copy_time_cuda = 0.001680
iter 36: upload_copy_time_cuda = 0.001804

iter 37: cpu_time_pred = 0.060269
iter 37: gpu_time_pred = 0.067710
iter 37: cpu_time_cuda = 0.060258
iter 37: gpu_time_cuda = 0.067521
iter 37: download_copy_time_cuda = 0.001682
iter 37: upload_copy_time_cuda = 0.001801

iter 38: cpu_time_pred = 0.060044
iter 38: gpu_time_pred = 0.067043
iter 38: cpu_time_cuda = 0.060454
iter 38: gpu_time_cuda = 0.067011
iter 38: download_copy_time_cuda = 0.001666
iter 38: upload_copy_time_cuda = 0.001792

iter 39: cpu_time_pred = 0.060238
iter 39: gpu_time_pred = 0.066535
iter 39: cpu_time_cuda = 0.060122
iter 39: gpu_time_cuda = 0.066056
iter 39: download_copy_time_cuda = 0.001663
iter 39: upload_copy_time_cuda = 0.001793

iter 40: cpu_time_pred = 0.059908
iter 40: gpu_time_pred = 0.065585
iter 40: cpu_time_cuda = 0.059646
iter 40: gpu_time_cuda = 0.066340
iter 40: download_copy_time_cuda = 0.001664
iter 40: upload_copy_time_cuda = 0.001786

iter 41: cpu_time_pred = 0.059432
iter 41: gpu_time_pred = 0.065866
iter 41: cpu_time_cuda = 0.059506
iter 41: gpu_time_cuda = 0.065796
iter 41: download_copy_time_cuda = 0.001659
iter 41: upload_copy_time_cuda = 0.001772

iter 42: cpu_time_pred = 0.059291
iter 42: gpu_time_pred = 0.065323
iter 42: cpu_time_cuda = 0.059409
iter 42: gpu_time_cuda = 0.065485
iter 42: download_copy_time_cuda = 0.001656
iter 42: upload_copy_time_cuda = 0.001768

iter 43: cpu_time_pred = 0.059194
iter 43: gpu_time_pred = 0.065013
iter 43: cpu_time_cuda = 0.058968
iter 43: gpu_time_cuda = 0.064658
iter 43: download_copy_time_cuda = 0.001640
iter 43: upload_copy_time_cuda = 0.001758

iter 44: cpu_time_pred = 0.058754
iter 44: gpu_time_pred = 0.064191
iter 44: cpu_time_cuda = 0.058878
iter 44: gpu_time_cuda = 0.064337
iter 44: download_copy_time_cuda = 0.001644
iter 44: upload_copy_time_cuda = 0.001750

iter 45: cpu_time_pred = 0.058664
iter 45: gpu_time_pred = 0.063870
iter 45: cpu_time_cuda = 0.058564
iter 45: gpu_time_cuda = 0.063476
iter 45: download_copy_time_cuda = 0.001628
iter 45: upload_copy_time_cuda = 0.001752

iter 46: cpu_time_pred = 0.058350
iter 46: gpu_time_pred = 0.063013
iter 46: cpu_time_cuda = 0.058312
iter 46: gpu_time_cuda = 0.063910
iter 46: download_copy_time_cuda = 0.001624
iter 46: upload_copy_time_cuda = 0.001742

iter 47: cpu_time_pred = 0.058098
iter 47: gpu_time_pred = 0.063442
iter 47: cpu_time_cuda = 0.058207
iter 47: gpu_time_cuda = 0.062763
iter 47: download_copy_time_cuda = 0.001615
iter 47: upload_copy_time_cuda = 0.001731

iter 48: cpu_time_pred = 0.057993
iter 48: gpu_time_pred = 0.062302
iter 48: cpu_time_cuda = 0.057981
iter 48: gpu_time_cuda = 0.062975
iter 48: download_copy_time_cuda = 0.001608
iter 48: upload_copy_time_cuda = 0.001736

iter 49: cpu_time_pred = 0.057767
iter 49: gpu_time_pred = 0.062511
iter 49: cpu_time_cuda = 0.057903
iter 49: gpu_time_cuda = 0.061684
iter 49: download_copy_time_cuda = 0.001604
iter 49: upload_copy_time_cuda = 0.001728

iter 50: cpu_time_pred = 0.057688
iter 50: gpu_time_pred = 0.061228
iter 50: cpu_time_cuda = 0.057565
iter 50: gpu_time_cuda = 0.061544
iter 50: download_copy_time_cuda = 0.001601
iter 50: upload_copy_time_cuda = 0.001714

iter 51: cpu_time_pred = 0.057351
iter 51: gpu_time_pred = 0.061087
iter 51: cpu_time_cuda = 0.057277
iter 51: gpu_time_cuda = 0.060710
iter 51: download_copy_time_cuda = 0.001602
iter 51: upload_copy_time_cuda = 0.001712

iter 52: cpu_time_pred = 0.057063
iter 52: gpu_time_pred = 0.060257
iter 52: cpu_time_cuda = 0.057261
iter 52: gpu_time_cuda = 0.060950
iter 52: download_copy_time_cuda = 0.001585
iter 52: upload_copy_time_cuda = 0.001723

iter 53: cpu_time_pred = 0.057047
iter 53: gpu_time_pred = 0.060494
iter 53: cpu_time_cuda = 0.056939
iter 53: gpu_time_cuda = 0.060048
iter 53: download_copy_time_cuda = 0.001580
iter 53: upload_copy_time_cuda = 0.001702

iter 54: cpu_time_pred = 0.056725
iter 54: gpu_time_pred = 0.059597
iter 54: cpu_time_cuda = 0.056710
iter 54: gpu_time_cuda = 0.060168
iter 54: download_copy_time_cuda = 0.001571
iter 54: upload_copy_time_cuda = 0.001688

iter 55: cpu_time_pred = 0.056496
iter 55: gpu_time_pred = 0.059715
iter 55: cpu_time_cuda = 0.056708
iter 55: gpu_time_cuda = 0.059698
iter 55: download_copy_time_cuda = 0.001580
iter 55: upload_copy_time_cuda = 0.001688

iter 56: cpu_time_pred = 0.056493
iter 56: gpu_time_pred = 0.059247
iter 56: cpu_time_cuda = 0.056274
iter 56: gpu_time_cuda = 0.059330
iter 56: download_copy_time_cuda = 0.001588
iter 56: upload_copy_time_cuda = 0.001679

iter 57: cpu_time_pred = 0.056060
iter 57: gpu_time_pred = 0.058879
iter 57: cpu_time_cuda = 0.056157
iter 57: gpu_time_cuda = 0.058197
iter 57: download_copy_time_cuda = 0.001566
iter 57: upload_copy_time_cuda = 0.001674

iter 58: cpu_time_pred = 0.055943
iter 58: gpu_time_pred = 0.057754
iter 58: cpu_time_cuda = 0.055861
iter 58: gpu_time_cuda = 0.058133
iter 58: download_copy_time_cuda = 0.001559
iter 58: upload_copy_time_cuda = 0.001672

iter 59: cpu_time_pred = 0.055647
iter 59: gpu_time_pred = 0.057689
iter 59: cpu_time_cuda = 0.055655
iter 59: gpu_time_cuda = 0.057356
iter 59: download_copy_time_cuda = 0.001534
iter 59: upload_copy_time_cuda = 0.001661

iter 60: cpu_time_pred = 0.055441
iter 60: gpu_time_pred = 0.056916
iter 60: cpu_time_cuda = 0.055365
iter 60: gpu_time_cuda = 0.057843
iter 60: download_copy_time_cuda = 0.001537
iter 60: upload_copy_time_cuda = 0.001652

iter 61: cpu_time_pred = 0.055151
iter 61: gpu_time_pred = 0.057397
iter 61: cpu_time_cuda = 0.055146
iter 61: gpu_time_cuda = 0.056912
iter 61: download_copy_time_cuda = 0.001532
iter 61: upload_copy_time_cuda = 0.001647

iter 62: cpu_time_pred = 0.054933
iter 62: gpu_time_pred = 0.056471
iter 62: cpu_time_cuda = 0.055476
iter 62: gpu_time_cuda = 0.056286
iter 62: download_copy_time_cuda = 0.001530
iter 62: upload_copy_time_cuda = 0.001644

iter 63: cpu_time_pred = 0.055260
iter 63: gpu_time_pred = 0.055848
iter 63: cpu_time_cuda = 0.054749
iter 63: gpu_time_cuda = 0.055512
iter 63: download_copy_time_cuda = 0.001521
iter 63: upload_copy_time_cuda = 0.001635

iter 64: cpu_time_pred = 0.054535
iter 64: gpu_time_pred = 0.055079
iter 64: cpu_time_cuda = 0.054585
iter 64: gpu_time_cuda = 0.055715
iter 64: download_copy_time_cuda = 0.001522
iter 64: upload_copy_time_cuda = 0.001635

iter 65: cpu_time_pred = 0.054371
iter 65: gpu_time_pred = 0.055279
iter 65: cpu_time_cuda = 0.054356
iter 65: gpu_time_cuda = 0.054887
iter 65: download_copy_time_cuda = 0.001517
iter 65: upload_copy_time_cuda = 0.001621

iter 66: cpu_time_pred = 0.054142
iter 66: gpu_time_pred = 0.054455
iter 66: cpu_time_cuda = 0.054120
iter 66: gpu_time_cuda = 0.054856
iter 66: download_copy_time_cuda = 0.001506
iter 66: upload_copy_time_cuda = 0.001625

iter 67: cpu_time_pred = 0.053906
iter 67: gpu_time_pred = 0.054423
iter 67: cpu_time_cuda = 0.053887
iter 67: gpu_time_cuda = 0.054269
iter 67: download_copy_time_cuda = 0.001500
iter 67: upload_copy_time_cuda = 0.001610

iter 68: cpu_time_pred = 0.053673
iter 68: gpu_time_pred = 0.053839
iter 68: cpu_time_cuda = 0.053610
iter 68: gpu_time_cuda = 0.053816
iter 68: download_copy_time_cuda = 0.001504
iter 68: upload_copy_time_cuda = 0.001611

iter 69: cpu_time_pred = 0.053396
iter 69: gpu_time_pred = 0.053388
iter 69: cpu_time_cuda = 0.024829
iter 69: gpu_time_cuda = 0.052909
iter 69: download_copy_time_cuda = 0.001488
iter 69: upload_copy_time_cuda = 0.001605

iter 70: cpu_time_pred = 0.024730
iter 70: gpu_time_pred = 0.052487
iter 70: cpu_time_cuda = 0.024649
iter 70: gpu_time_cuda = 0.052923
iter 70: download_copy_time_cuda = 0.001470
iter 70: upload_copy_time_cuda = 0.001581

iter 71: cpu_time_pred = 0.024550
iter 71: gpu_time_pred = 0.052499
iter 71: cpu_time_cuda = 0.024481
iter 71: gpu_time_cuda = 0.052229
iter 71: download_copy_time_cuda = 0.001466
iter 71: upload_copy_time_cuda = 0.001577

iter 72: cpu_time_pred = 0.024382
iter 72: gpu_time_pred = 0.051809
iter 72: cpu_time_cuda = 0.024504
iter 72: gpu_time_cuda = 0.053193
iter 72: download_copy_time_cuda = 0.001457
iter 72: upload_copy_time_cuda = 0.001570

iter 73: cpu_time_pred = 0.024405
iter 73: gpu_time_pred = 0.052763
iter 73: cpu_time_cuda = 0.024371
iter 73: gpu_time_cuda = 0.051315
iter 73: download_copy_time_cuda = 0.001452
iter 73: upload_copy_time_cuda = 0.001562

iter 74: cpu_time_pred = 0.024272
iter 74: gpu_time_pred = 0.050899
iter 74: cpu_time_cuda = 0.024228
iter 74: gpu_time_cuda = 0.051615
iter 74: download_copy_time_cuda = 0.001445
iter 74: upload_copy_time_cuda = 0.001559

iter 75: cpu_time_pred = 0.024129
iter 75: gpu_time_pred = 0.051194
iter 75: cpu_time_cuda = 0.024090
iter 75: gpu_time_cuda = 0.050680
iter 75: download_copy_time_cuda = 0.001441
iter 75: upload_copy_time_cuda = 0.001552

iter 76: cpu_time_pred = 0.023991
iter 76: gpu_time_pred = 0.050266
iter 76: cpu_time_cuda = 0.024016
iter 76: gpu_time_cuda = 0.050357
iter 76: download_copy_time_cuda = 0.001434
iter 76: upload_copy_time_cuda = 0.001546

iter 77: cpu_time_pred = 0.023918
iter 77: gpu_time_pred = 0.049944
iter 77: cpu_time_cuda = 0.024045
iter 77: gpu_time_cuda = 0.049859
iter 77: download_copy_time_cuda = 0.001429
iter 77: upload_copy_time_cuda = 0.001539

iter 78: cpu_time_pred = 0.023945
iter 78: gpu_time_pred = 0.049448
iter 78: cpu_time_cuda = 0.023861
iter 78: gpu_time_cuda = 0.050222
iter 78: download_copy_time_cuda = 0.001423
iter 78: upload_copy_time_cuda = 0.001540

iter 79: cpu_time_pred = 0.023762
iter 79: gpu_time_pred = 0.049806
iter 79: cpu_time_cuda = 0.023737
iter 79: gpu_time_cuda = 0.049209
iter 79: download_copy_time_cuda = 0.001415
iter 79: upload_copy_time_cuda = 0.001526

iter 80: cpu_time_pred = 0.023638
iter 80: gpu_time_pred = 0.048800
iter 80: cpu_time_cuda = 0.023603
iter 80: gpu_time_cuda = 0.049116
iter 80: download_copy_time_cuda = 0.001411
iter 80: upload_copy_time_cuda = 0.001526

iter 81: cpu_time_pred = 0.023504
iter 81: gpu_time_pred = 0.048706
iter 81: cpu_time_cuda = 0.023563
iter 81: gpu_time_cuda = 0.048646
iter 81: download_copy_time_cuda = 0.001413
iter 81: upload_copy_time_cuda = 0.001511

iter 82: cpu_time_pred = 0.023464
iter 82: gpu_time_pred = 0.048238
iter 82: cpu_time_cuda = 0.023600
iter 82: gpu_time_cuda = 0.048022
iter 82: download_copy_time_cuda = 0.001404
iter 82: upload_copy_time_cuda = 0.001506

iter 83: cpu_time_pred = 0.023501
iter 83: gpu_time_pred = 0.047617
iter 83: cpu_time_cuda = 0.023321
iter 83: gpu_time_cuda = 0.047452
iter 83: download_copy_time_cuda = 0.001394
iter 83: upload_copy_time_cuda = 0.001503

iter 84: cpu_time_pred = 0.023223
iter 84: gpu_time_pred = 0.047051
iter 84: cpu_time_cuda = 0.023269
iter 84: gpu_time_cuda = 0.047355
iter 84: download_copy_time_cuda = 0.001387
iter 84: upload_copy_time_cuda = 0.001497

iter 85: cpu_time_pred = 0.023170
iter 85: gpu_time_pred = 0.046953
iter 85: cpu_time_cuda = 0.023248
iter 85: gpu_time_cuda = 0.046630
iter 85: download_copy_time_cuda = 0.001382
iter 85: upload_copy_time_cuda = 0.001487

iter 86: cpu_time_pred = 0.023149
iter 86: gpu_time_pred = 0.046233
iter 86: cpu_time_cuda = 0.023003
iter 86: gpu_time_cuda = 0.046779
iter 86: download_copy_time_cuda = 0.001377
iter 86: upload_copy_time_cuda = 0.001491

iter 87: cpu_time_pred = 0.022904
iter 87: gpu_time_pred = 0.046378
iter 87: cpu_time_cuda = 0.022946
iter 87: gpu_time_cuda = 0.046699
iter 87: download_copy_time_cuda = 0.001369
iter 87: upload_copy_time_cuda = 0.001474

iter 88: cpu_time_pred = 0.022848
iter 88: gpu_time_pred = 0.046297
iter 88: cpu_time_cuda = 0.022825
iter 88: gpu_time_cuda = 0.045842
iter 88: download_copy_time_cuda = 0.001363
iter 88: upload_copy_time_cuda = 0.001469

iter 89: cpu_time_pred = 0.022726
iter 89: gpu_time_pred = 0.045446
iter 89: cpu_time_cuda = 0.022801
iter 89: gpu_time_cuda = 0.044977
iter 89: download_copy_time_cuda = 0.001365
iter 89: upload_copy_time_cuda = 0.001464

iter 90: cpu_time_pred = 0.022701
iter 90: gpu_time_pred = 0.044587
iter 90: cpu_time_cuda = 0.022683
iter 90: gpu_time_cuda = 0.044908
iter 90: download_copy_time_cuda = 0.001360
iter 90: upload_copy_time_cuda = 0.001459

iter 91: cpu_time_pred = 0.022584
iter 91: gpu_time_pred = 0.044517
iter 91: cpu_time_cuda = 0.022597
iter 91: gpu_time_cuda = 0.044578
iter 91: download_copy_time_cuda = 0.001345
iter 91: upload_copy_time_cuda = 0.001451

iter 92: cpu_time_pred = 0.022498
iter 92: gpu_time_pred = 0.044187
iter 92: cpu_time_cuda = 0.022468
iter 92: gpu_time_cuda = 0.045004
iter 92: download_copy_time_cuda = 0.001339
iter 92: upload_copy_time_cuda = 0.001444

iter 93: cpu_time_pred = 0.022369
iter 93: gpu_time_pred = 0.044609
iter 93: cpu_time_cuda = 0.022489
iter 93: gpu_time_cuda = 0.043743
iter 93: download_copy_time_cuda = 0.001335
iter 93: upload_copy_time_cuda = 0.001437

iter 94: cpu_time_pred = 0.022390
iter 94: gpu_time_pred = 0.043356
iter 94: cpu_time_cuda = 0.022230
iter 94: gpu_time_cuda = 0.043742
iter 94: download_copy_time_cuda = 0.001332
iter 94: upload_copy_time_cuda = 0.001438

iter 95: cpu_time_pred = 0.022131
iter 95: gpu_time_pred = 0.043354
iter 95: cpu_time_cuda = 0.022179
iter 95: gpu_time_cuda = 0.042688
iter 95: download_copy_time_cuda = 0.001330
iter 95: upload_copy_time_cuda = 0.001425

iter 96: cpu_time_pred = 0.022080
iter 96: gpu_time_pred = 0.042308
iter 96: cpu_time_cuda = 0.022185
iter 96: gpu_time_cuda = 0.042802
iter 96: download_copy_time_cuda = 0.001317
iter 96: upload_copy_time_cuda = 0.001414

iter 97: cpu_time_pred = 0.022086
iter 97: gpu_time_pred = 0.042419
iter 97: cpu_time_cuda = 0.021959
iter 97: gpu_time_cuda = 0.041985
iter 97: download_copy_time_cuda = 0.001310
iter 97: upload_copy_time_cuda = 0.001411

iter 98: cpu_time_pred = 0.021860
iter 98: gpu_time_pred = 0.041608
iter 98: cpu_time_cuda = 0.021886
iter 98: gpu_time_cuda = 0.042341
iter 98: download_copy_time_cuda = 0.001304
iter 98: upload_copy_time_cuda = 0.001407

iter 99: cpu_time_pred = 0.021787
iter 99: gpu_time_pred = 0.041959
iter 99: cpu_time_cuda = 0.021925
iter 99: gpu_time_cuda = 0.041846
iter 99: download_copy_time_cuda = 0.001297
iter 99: upload_copy_time_cuda = 0.001399

iter 100: cpu_time_pred = 0.021826
iter 100: gpu_time_pred = 0.041466
iter 100: cpu_time_cuda = 0.021671
iter 100: gpu_time_cuda = 0.041523
iter 100: download_copy_time_cuda = 0.001294
iter 100: upload_copy_time_cuda = 0.001394

iter 101: cpu_time_pred = 0.021572
iter 101: gpu_time_pred = 0.041145
iter 101: cpu_time_cuda = 0.021798
iter 101: gpu_time_cuda = 0.040626
iter 101: download_copy_time_cuda = 0.001287
iter 101: upload_copy_time_cuda = 0.001384

iter 102: cpu_time_pred = 0.021698
iter 102: gpu_time_pred = 0.040255
iter 102: cpu_time_cuda = 0.021578
iter 102: gpu_time_cuda = 0.040269
iter 102: download_copy_time_cuda = 0.001284
iter 102: upload_copy_time_cuda = 0.001381

iter 103: cpu_time_pred = 0.021479
iter 103: gpu_time_pred = 0.039899
iter 103: cpu_time_cuda = 0.021392
iter 103: gpu_time_cuda = 0.039829
iter 103: download_copy_time_cuda = 0.001281
iter 103: upload_copy_time_cuda = 0.001372

iter 104: cpu_time_pred = 0.021293
iter 104: gpu_time_pred = 0.039461
iter 104: cpu_time_cuda = 0.021328
iter 104: gpu_time_cuda = 0.040514
iter 104: download_copy_time_cuda = 0.001277
iter 104: upload_copy_time_cuda = 0.001374

iter 105: cpu_time_pred = 0.021229
iter 105: gpu_time_pred = 0.040138
iter 105: cpu_time_cuda = 0.021258
iter 105: gpu_time_cuda = 0.039916
iter 105: download_copy_time_cuda = 0.001268
iter 105: upload_copy_time_cuda = 0.001369

iter 106: cpu_time_pred = 0.021159
iter 106: gpu_time_pred = 0.039544
iter 106: cpu_time_cuda = 0.021116
iter 106: gpu_time_cuda = 0.039053
iter 106: download_copy_time_cuda = 0.001265
iter 106: upload_copy_time_cuda = 0.001353

iter 107: cpu_time_pred = 0.021016
iter 107: gpu_time_pred = 0.038687
iter 107: cpu_time_cuda = 0.020979
iter 107: gpu_time_cuda = 0.038590
iter 107: download_copy_time_cuda = 0.001250
iter 107: upload_copy_time_cuda = 0.001354

iter 108: cpu_time_pred = 0.020880
iter 108: gpu_time_pred = 0.038227
iter 108: cpu_time_cuda = 0.020891
iter 108: gpu_time_cuda = 0.038463
iter 108: download_copy_time_cuda = 0.001253
iter 108: upload_copy_time_cuda = 0.001348

iter 109: cpu_time_pred = 0.020792
iter 109: gpu_time_pred = 0.038099
iter 109: cpu_time_cuda = 0.020773
iter 109: gpu_time_cuda = 0.037778
iter 109: download_copy_time_cuda = 0.001245
iter 109: upload_copy_time_cuda = 0.001336

iter 110: cpu_time_pred = 0.020674
iter 110: gpu_time_pred = 0.037419
iter 110: cpu_time_cuda = 0.020763
iter 110: gpu_time_cuda = 0.037955
iter 110: download_copy_time_cuda = 0.001240
iter 110: upload_copy_time_cuda = 0.001331

iter 111: cpu_time_pred = 0.020664
iter 111: gpu_time_pred = 0.037593
iter 111: cpu_time_cuda = 0.020585
iter 111: gpu_time_cuda = 0.037289
iter 111: download_copy_time_cuda = 0.001235
iter 111: upload_copy_time_cuda = 0.001322

iter 112: cpu_time_pred = 0.020486
iter 112: gpu_time_pred = 0.036931
iter 112: cpu_time_cuda = 0.020498
iter 112: gpu_time_cuda = 0.036980
iter 112: download_copy_time_cuda = 0.001220
iter 112: upload_copy_time_cuda = 0.001316

iter 113: cpu_time_pred = 0.020399
iter 113: gpu_time_pred = 0.036624
iter 113: cpu_time_cuda = 0.020440
iter 113: gpu_time_cuda = 0.036286
iter 113: download_copy_time_cuda = 0.001216
iter 113: upload_copy_time_cuda = 0.001309

iter 114: cpu_time_pred = 0.020341
iter 114: gpu_time_pred = 0.035935
iter 114: cpu_time_cuda = 0.020285
iter 114: gpu_time_cuda = 0.036824
iter 114: download_copy_time_cuda = 0.001210
iter 114: upload_copy_time_cuda = 0.001306

iter 115: cpu_time_pred = 0.020186
iter 115: gpu_time_pred = 0.036466
iter 115: cpu_time_cuda = 0.020264
iter 115: gpu_time_cuda = 0.035427
iter 115: download_copy_time_cuda = 0.001201
iter 115: upload_copy_time_cuda = 0.001296

iter 116: cpu_time_pred = 0.020165
iter 116: gpu_time_pred = 0.035080
iter 116: cpu_time_cuda = 0.020139
iter 116: gpu_time_cuda = 0.035607
iter 116: download_copy_time_cuda = 0.001195
iter 116: upload_copy_time_cuda = 0.001291

iter 117: cpu_time_pred = 0.020040
iter 117: gpu_time_pred = 0.035257
iter 117: cpu_time_cuda = 0.020241
iter 117: gpu_time_cuda = 0.035192
iter 117: download_copy_time_cuda = 0.001190
iter 117: upload_copy_time_cuda = 0.001291

iter 118: cpu_time_pred = 0.020141
iter 118: gpu_time_pred = 0.034844
iter 118: cpu_time_cuda = 0.020018
iter 118: gpu_time_cuda = 0.035257
iter 118: download_copy_time_cuda = 0.001184
iter 118: upload_copy_time_cuda = 0.001277

iter 119: cpu_time_pred = 0.019918
iter 119: gpu_time_pred = 0.034907
iter 119: cpu_time_cuda = 0.019809
iter 119: gpu_time_cuda = 0.034490
iter 119: download_copy_time_cuda = 0.001185
iter 119: upload_copy_time_cuda = 0.001276

iter 120: cpu_time_pred = 0.019710
iter 120: gpu_time_pred = 0.034146
iter 120: cpu_time_cuda = 0.019765
iter 120: gpu_time_cuda = 0.034720
iter 120: download_copy_time_cuda = 0.001172
iter 120: upload_copy_time_cuda = 0.001266

iter 121: cpu_time_pred = 0.019665
iter 121: gpu_time_pred = 0.034372
iter 121: cpu_time_cuda = 0.019723
iter 121: gpu_time_cuda = 0.033578
iter 121: download_copy_time_cuda = 0.001167
iter 121: upload_copy_time_cuda = 0.001259

iter 122: cpu_time_pred = 0.019623
iter 122: gpu_time_pred = 0.033240
iter 122: cpu_time_cuda = 0.019567
iter 122: gpu_time_cuda = 0.033901
iter 122: download_copy_time_cuda = 0.001169
iter 122: upload_copy_time_cuda = 0.001260

iter 123: cpu_time_pred = 0.019468
iter 123: gpu_time_pred = 0.033558
iter 123: cpu_time_cuda = 0.019428
iter 123: gpu_time_cuda = 0.033024
iter 123: download_copy_time_cuda = 0.001156
iter 123: upload_copy_time_cuda = 0.001249

iter 124: cpu_time_pred = 0.019329
iter 124: gpu_time_pred = 0.032687
iter 124: cpu_time_cuda = 0.019373
iter 124: gpu_time_cuda = 0.032975
iter 124: download_copy_time_cuda = 0.001147
iter 124: upload_copy_time_cuda = 0.001240

iter 125: cpu_time_pred = 0.019274
iter 125: gpu_time_pred = 0.032638
iter 125: cpu_time_cuda = 0.019351
iter 125: gpu_time_cuda = 0.032482
iter 125: download_copy_time_cuda = 0.001142
iter 125: upload_copy_time_cuda = 0.001235

iter 126: cpu_time_pred = 0.019251
iter 126: gpu_time_pred = 0.032148
iter 126: cpu_time_cuda = 0.019193
iter 126: gpu_time_cuda = 0.032267
iter 126: download_copy_time_cuda = 0.001136
iter 126: upload_copy_time_cuda = 0.001233

iter 127: cpu_time_pred = 0.019093
iter 127: gpu_time_pred = 0.031933
iter 127: cpu_time_cuda = 0.019080
iter 127: gpu_time_cuda = 0.031440
iter 127: download_copy_time_cuda = 0.001132
iter 127: upload_copy_time_cuda = 0.001225

iter 128: cpu_time_pred = 0.018981
iter 128: gpu_time_pred = 0.031114
iter 128: cpu_time_cuda = 0.018923
iter 128: gpu_time_cuda = 0.031519
iter 128: download_copy_time_cuda = 0.001127
iter 128: upload_copy_time_cuda = 0.001218

iter 129: cpu_time_pred = 0.018824
iter 129: gpu_time_pred = 0.031190
iter 129: cpu_time_cuda = 0.019005
iter 129: gpu_time_cuda = 0.030830
iter 129: download_copy_time_cuda = 0.001120
iter 129: upload_copy_time_cuda = 0.001225

iter 130: cpu_time_pred = 0.018905
iter 130: gpu_time_pred = 0.030506
iter 130: cpu_time_cuda = 0.018716
iter 130: gpu_time_cuda = 0.031269
iter 130: download_copy_time_cuda = 0.001116
iter 130: upload_copy_time_cuda = 0.001204

iter 131: cpu_time_pred = 0.018617
iter 131: gpu_time_pred = 0.030939
iter 131: cpu_time_cuda = 0.018638
iter 131: gpu_time_cuda = 0.031288
iter 131: download_copy_time_cuda = 0.001109
iter 131: upload_copy_time_cuda = 0.001196

iter 132: cpu_time_pred = 0.018539
iter 132: gpu_time_pred = 0.030956
iter 132: cpu_time_cuda = 0.018591
iter 132: gpu_time_cuda = 0.030282
iter 132: download_copy_time_cuda = 0.001103
iter 132: upload_copy_time_cuda = 0.001198

iter 133: cpu_time_pred = 0.018491
iter 133: gpu_time_pred = 0.029959
iter 133: cpu_time_cuda = 0.018449
iter 133: gpu_time_cuda = 0.029756
iter 133: download_copy_time_cuda = 0.001099
iter 133: upload_copy_time_cuda = 0.001188

iter 134: cpu_time_pred = 0.018350
iter 134: gpu_time_pred = 0.029437
iter 134: cpu_time_cuda = 0.018337
iter 134: gpu_time_cuda = 0.029581
iter 134: download_copy_time_cuda = 0.001091
iter 134: upload_copy_time_cuda = 0.001178

iter 135: cpu_time_pred = 0.018238
iter 135: gpu_time_pred = 0.029262
iter 135: cpu_time_cuda = 0.018257
iter 135: gpu_time_cuda = 0.029149
iter 135: download_copy_time_cuda = 0.001086
iter 135: upload_copy_time_cuda = 0.001174

iter 136: cpu_time_pred = 0.018157
iter 136: gpu_time_pred = 0.028833
iter 136: cpu_time_cuda = 0.018156
iter 136: gpu_time_cuda = 0.029731
iter 136: download_copy_time_cuda = 0.001086
iter 136: upload_copy_time_cuda = 0.001168

iter 137: cpu_time_pred = 0.018057
iter 137: gpu_time_pred = 0.029407
iter 137: cpu_time_cuda = 0.018095
iter 137: gpu_time_cuda = 0.028665
iter 137: download_copy_time_cuda = 0.001074
iter 137: upload_copy_time_cuda = 0.001165

iter 138: cpu_time_pred = 0.017995
iter 138: gpu_time_pred = 0.028351
iter 138: cpu_time_cuda = 0.017955
iter 138: gpu_time_cuda = 0.028540
iter 138: download_copy_time_cuda = 0.001070
iter 138: upload_copy_time_cuda = 0.001156

iter 139: cpu_time_pred = 0.017856
iter 139: gpu_time_pred = 0.028226
iter 139: cpu_time_cuda = 0.017886
iter 139: gpu_time_cuda = 0.027900
iter 139: download_copy_time_cuda = 0.001064
iter 139: upload_copy_time_cuda = 0.001148

iter 140: cpu_time_pred = 0.017787
iter 140: gpu_time_pred = 0.027591
iter 140: cpu_time_cuda = 0.017844
iter 140: gpu_time_cuda = 0.027801
iter 140: download_copy_time_cuda = 0.001061
iter 140: upload_copy_time_cuda = 0.001144

iter 141: cpu_time_pred = 0.017745
iter 141: gpu_time_pred = 0.027491
iter 141: cpu_time_cuda = 0.017687
iter 141: gpu_time_cuda = 0.027324
iter 141: download_copy_time_cuda = 0.001053
iter 141: upload_copy_time_cuda = 0.001134

iter 142: cpu_time_pred = 0.017587
iter 142: gpu_time_pred = 0.027018
iter 142: cpu_time_cuda = 0.017566
iter 142: gpu_time_cuda = 0.027440
iter 142: download_copy_time_cuda = 0.001052
iter 142: upload_copy_time_cuda = 0.001128

iter 143: cpu_time_pred = 0.017467
iter 143: gpu_time_pred = 0.027131
iter 143: cpu_time_cuda = 0.017501
iter 143: gpu_time_cuda = 0.026727
iter 143: download_copy_time_cuda = 0.001042
iter 143: upload_copy_time_cuda = 0.001124

iter 144: cpu_time_pred = 0.017402
iter 144: gpu_time_pred = 0.026424
iter 144: cpu_time_cuda = 0.017364
iter 144: gpu_time_cuda = 0.026868
iter 144: download_copy_time_cuda = 0.001037
iter 144: upload_copy_time_cuda = 0.001202

iter 145: cpu_time_pred = 0.017265
iter 145: gpu_time_pred = 0.026562
iter 145: cpu_time_cuda = 0.017406
iter 145: gpu_time_cuda = 0.026282
iter 145: download_copy_time_cuda = 0.001028
iter 145: upload_copy_time_cuda = 0.001112

iter 146: cpu_time_pred = 0.017306
iter 146: gpu_time_pred = 0.025981
iter 146: cpu_time_cuda = 0.017217
iter 146: gpu_time_cuda = 0.026383
iter 146: download_copy_time_cuda = 0.001023
iter 146: upload_copy_time_cuda = 0.001103

iter 147: cpu_time_pred = 0.017117
iter 147: gpu_time_pred = 0.026079
iter 147: cpu_time_cuda = 0.017157
iter 147: gpu_time_cuda = 0.025391
iter 147: download_copy_time_cuda = 0.001014
iter 147: upload_copy_time_cuda = 0.001105

iter 148: cpu_time_pred = 0.017057
iter 148: gpu_time_pred = 0.025097
iter 148: cpu_time_cuda = 0.016978
iter 148: gpu_time_cuda = 0.025567
iter 148: download_copy_time_cuda = 0.001018
iter 148: upload_copy_time_cuda = 0.001096

iter 149: cpu_time_pred = 0.016879
iter 149: gpu_time_pred = 0.025269
iter 149: cpu_time_cuda = 0.016953
iter 149: gpu_time_cuda = 0.024921
iter 149: download_copy_time_cuda = 0.001004
iter 149: upload_copy_time_cuda = 0.001089

iter 150: cpu_time_pred = 0.016853
iter 150: gpu_time_pred = 0.024629
iter 150: cpu_time_cuda = 0.016766
iter 150: gpu_time_cuda = 0.026112
iter 150: download_copy_time_cuda = 0.001006
iter 150: upload_copy_time_cuda = 0.001078

iter 151: cpu_time_pred = 0.016667
iter 151: gpu_time_pred = 0.025804
iter 151: cpu_time_cuda = 0.016694
iter 151: gpu_time_cuda = 0.025602
iter 151: download_copy_time_cuda = 0.000993
iter 151: upload_copy_time_cuda = 0.001074

iter 152: cpu_time_pred = 0.016595
iter 152: gpu_time_pred = 0.025299
iter 152: cpu_time_cuda = 0.016599
iter 152: gpu_time_cuda = 0.024256
iter 152: download_copy_time_cuda = 0.000987
iter 152: upload_copy_time_cuda = 0.001067

iter 153: cpu_time_pred = 0.016500
iter 153: gpu_time_pred = 0.023966
iter 153: cpu_time_cuda = 0.016659
iter 153: gpu_time_cuda = 0.023687
iter 153: download_copy_time_cuda = 0.000981
iter 153: upload_copy_time_cuda = 0.001059

iter 154: cpu_time_pred = 0.016558
iter 154: gpu_time_pred = 0.023402
iter 154: cpu_time_cuda = 0.016403
iter 154: gpu_time_cuda = 0.023651
iter 154: download_copy_time_cuda = 0.000974
iter 154: upload_copy_time_cuda = 0.001054

iter 155: cpu_time_pred = 0.016304
iter 155: gpu_time_pred = 0.023365
iter 155: cpu_time_cuda = 0.016306
iter 155: gpu_time_cuda = 0.023434
iter 155: download_copy_time_cuda = 0.000976
iter 155: upload_copy_time_cuda = 0.001049

iter 156: cpu_time_pred = 0.016207
iter 156: gpu_time_pred = 0.023149
iter 156: cpu_time_cuda = 0.016240
iter 156: gpu_time_cuda = 0.024528
iter 156: download_copy_time_cuda = 0.000966
iter 156: upload_copy_time_cuda = 0.001042

iter 157: cpu_time_pred = 0.016140
iter 157: gpu_time_pred = 0.024228
iter 157: cpu_time_cuda = 0.016349
iter 157: gpu_time_cuda = 0.022697
iter 157: download_copy_time_cuda = 0.000960
iter 157: upload_copy_time_cuda = 0.001037

iter 158: cpu_time_pred = 0.016248
iter 158: gpu_time_pred = 0.022418
iter 158: cpu_time_cuda = 0.016019
iter 158: gpu_time_cuda = 0.022811
iter 158: download_copy_time_cuda = 0.000953
iter 158: upload_copy_time_cuda = 0.001030

iter 159: cpu_time_pred = 0.015919
iter 159: gpu_time_pred = 0.022528
iter 159: cpu_time_cuda = 0.015927
iter 159: gpu_time_cuda = 0.022071
iter 159: download_copy_time_cuda = 0.000948
iter 159: upload_copy_time_cuda = 0.001024

iter 160: cpu_time_pred = 0.015828
iter 160: gpu_time_pred = 0.021796
iter 160: cpu_time_cuda = 0.015836
iter 160: gpu_time_cuda = 0.022396
iter 160: download_copy_time_cuda = 0.000941
iter 160: upload_copy_time_cuda = 0.001014

iter 161: cpu_time_pred = 0.015736
iter 161: gpu_time_pred = 0.022115
iter 161: cpu_time_cuda = 0.015798
iter 161: gpu_time_cuda = 0.021588
iter 161: download_copy_time_cuda = 0.000937
iter 161: upload_copy_time_cuda = 0.001011

iter 162: cpu_time_pred = 0.015698
iter 162: gpu_time_pred = 0.021316
iter 162: cpu_time_cuda = 0.015638
iter 162: gpu_time_cuda = 0.022039
iter 162: download_copy_time_cuda = 0.000941
iter 162: upload_copy_time_cuda = 0.001003

iter 163: cpu_time_pred = 0.015538
iter 163: gpu_time_pred = 0.021759
iter 163: cpu_time_cuda = 0.015668
iter 163: gpu_time_cuda = 0.024102
iter 163: download_copy_time_cuda = 0.000926
iter 163: upload_copy_time_cuda = 0.000996

iter 164: cpu_time_pred = 0.015568
iter 164: gpu_time_pred = 0.023794
iter 164: cpu_time_cuda = 0.015458
iter 164: gpu_time_cuda = 0.021069
iter 164: download_copy_time_cuda = 0.000923
iter 164: upload_copy_time_cuda = 0.000990

iter 165: cpu_time_pred = 0.015358
iter 165: gpu_time_pred = 0.020798
iter 165: cpu_time_cuda = 0.015366
iter 165: gpu_time_cuda = 0.020541
iter 165: download_copy_time_cuda = 0.000917
iter 165: upload_copy_time_cuda = 0.000993

iter 166: cpu_time_pred = 0.015266
iter 166: gpu_time_pred = 0.020275
iter 166: cpu_time_cuda = 0.015260
iter 166: gpu_time_cuda = 0.020515
iter 166: download_copy_time_cuda = 0.000908
iter 166: upload_copy_time_cuda = 0.000978

iter 167: cpu_time_pred = 0.015161
iter 167: gpu_time_pred = 0.020248
iter 167: cpu_time_cuda = 0.015176
iter 167: gpu_time_cuda = 0.019993
iter 167: download_copy_time_cuda = 0.000902
iter 167: upload_copy_time_cuda = 0.000972

iter 168: cpu_time_pred = 0.015076
iter 168: gpu_time_pred = 0.019731
iter 168: cpu_time_cuda = 0.015044
iter 168: gpu_time_cuda = 0.020350
iter 168: download_copy_time_cuda = 0.000896
iter 168: upload_copy_time_cuda = 0.000968

iter 169: cpu_time_pred = 0.014944
iter 169: gpu_time_pred = 0.020082
iter 169: cpu_time_cuda = 0.014923
iter 169: gpu_time_cuda = 0.019617
iter 169: download_copy_time_cuda = 0.000891
iter 169: upload_copy_time_cuda = 0.000963

iter 170: cpu_time_pred = 0.014823
iter 170: gpu_time_pred = 0.019356
iter 170: cpu_time_cuda = 0.014818
iter 170: gpu_time_cuda = 0.019629
iter 170: download_copy_time_cuda = 0.000885
iter 170: upload_copy_time_cuda = 0.000964

iter 171: cpu_time_pred = 0.014719
iter 171: gpu_time_pred = 0.019366
iter 171: cpu_time_cuda = 0.014783
iter 171: gpu_time_cuda = 0.019053
iter 171: download_copy_time_cuda = 0.000887
iter 171: upload_copy_time_cuda = 0.000946

iter 172: cpu_time_pred = 0.014683
iter 172: gpu_time_pred = 0.018796
iter 172: cpu_time_cuda = 0.014659
iter 172: gpu_time_cuda = 0.018936
iter 172: download_copy_time_cuda = 0.000876
iter 172: upload_copy_time_cuda = 0.000942

iter 173: cpu_time_pred = 0.014560
iter 173: gpu_time_pred = 0.018679
iter 173: cpu_time_cuda = 0.014519
iter 173: gpu_time_cuda = 0.019437
iter 173: download_copy_time_cuda = 0.000867
iter 173: upload_copy_time_cuda = 0.000936

iter 174: cpu_time_pred = 0.014420
iter 174: gpu_time_pred = 0.019172
iter 174: cpu_time_cuda = 0.014547
iter 174: gpu_time_cuda = 0.018715
iter 174: download_copy_time_cuda = 0.000862
iter 174: upload_copy_time_cuda = 0.000930

iter 175: cpu_time_pred = 0.014447
iter 175: gpu_time_pred = 0.018457
iter 175: cpu_time_cuda = 0.014343
iter 175: gpu_time_cuda = 0.018211
iter 175: download_copy_time_cuda = 0.000856
iter 175: upload_copy_time_cuda = 0.000924

iter 176: cpu_time_pred = 0.014243
iter 176: gpu_time_pred = 0.017959
iter 176: cpu_time_cuda = 0.014270
iter 176: gpu_time_cuda = 0.018275
iter 176: download_copy_time_cuda = 0.000851
iter 176: upload_copy_time_cuda = 0.000920

iter 177: cpu_time_pred = 0.014170
iter 177: gpu_time_pred = 0.018020
iter 177: cpu_time_cuda = 0.014167
iter 177: gpu_time_cuda = 0.017871
iter 177: download_copy_time_cuda = 0.000843
iter 177: upload_copy_time_cuda = 0.000913

iter 178: cpu_time_pred = 0.014068
iter 178: gpu_time_pred = 0.017621
iter 178: cpu_time_cuda = 0.014063
iter 178: gpu_time_cuda = 0.018145
iter 178: download_copy_time_cuda = 0.000837
iter 178: upload_copy_time_cuda = 0.000913

iter 179: cpu_time_pred = 0.013963
iter 179: gpu_time_pred = 0.017889
iter 179: cpu_time_cuda = 0.014063
iter 179: gpu_time_cuda = 0.017485
iter 179: download_copy_time_cuda = 0.000841
iter 179: upload_copy_time_cuda = 0.000907

iter 180: cpu_time_pred = 0.013962
iter 180: gpu_time_pred = 0.017236
iter 180: cpu_time_cuda = 0.013908
iter 180: gpu_time_cuda = 0.017241
iter 180: download_copy_time_cuda = 0.000834
iter 180: upload_copy_time_cuda = 0.000900

iter 181: cpu_time_pred = 0.013808
iter 181: gpu_time_pred = 0.016994
iter 181: cpu_time_cuda = 0.013817
iter 181: gpu_time_cuda = 0.016618
iter 181: download_copy_time_cuda = 0.000822
iter 181: upload_copy_time_cuda = 0.000886

iter 182: cpu_time_pred = 0.013717
iter 182: gpu_time_pred = 0.016378
iter 182: cpu_time_cuda = 0.013673
iter 182: gpu_time_cuda = 0.016848
iter 182: download_copy_time_cuda = 0.000814
iter 182: upload_copy_time_cuda = 0.000881

iter 183: cpu_time_pred = 0.013573
iter 183: gpu_time_pred = 0.016603
iter 183: cpu_time_cuda = 0.013587
iter 183: gpu_time_cuda = 0.016297
iter 183: download_copy_time_cuda = 0.000810
iter 183: upload_copy_time_cuda = 0.000873

iter 184: cpu_time_pred = 0.013487
iter 184: gpu_time_pred = 0.016059
iter 184: cpu_time_cuda = 0.013717
iter 184: gpu_time_cuda = 0.016322
iter 184: download_copy_time_cuda = 0.000803
iter 184: upload_copy_time_cuda = 0.000867

iter 185: cpu_time_pred = 0.013615
iter 185: gpu_time_pred = 0.016081
iter 185: cpu_time_cuda = 0.013401
iter 185: gpu_time_cuda = 0.015772
iter 185: download_copy_time_cuda = 0.000797
iter 185: upload_copy_time_cuda = 0.000863

iter 186: cpu_time_pred = 0.013301
iter 186: gpu_time_pred = 0.015537
iter 186: cpu_time_cuda = 0.013330
iter 186: gpu_time_cuda = 0.015689
iter 186: download_copy_time_cuda = 0.000791
iter 186: upload_copy_time_cuda = 0.000856

iter 187: cpu_time_pred = 0.013230
iter 187: gpu_time_pred = 0.015454
iter 187: cpu_time_cuda = 0.013205
iter 187: gpu_time_cuda = 0.015409
iter 187: download_copy_time_cuda = 0.000787
iter 187: upload_copy_time_cuda = 0.000850

iter 188: cpu_time_pred = 0.013105
iter 188: gpu_time_pred = 0.015177
iter 188: cpu_time_cuda = 0.013085
iter 188: gpu_time_cuda = 0.016137
iter 188: download_copy_time_cuda = 0.000782
iter 188: upload_copy_time_cuda = 0.000845

iter 189: cpu_time_pred = 0.012985
iter 189: gpu_time_pred = 0.015892
iter 189: cpu_time_cuda = 0.013074
iter 189: gpu_time_cuda = 0.015287
iter 189: download_copy_time_cuda = 0.000777
iter 189: upload_copy_time_cuda = 0.000837

iter 190: cpu_time_pred = 0.012974
iter 190: gpu_time_pred = 0.015052
iter 190: cpu_time_cuda = 0.012903
iter 190: gpu_time_cuda = 0.014871
iter 190: download_copy_time_cuda = 0.000770
iter 190: upload_copy_time_cuda = 0.000836

iter 191: cpu_time_pred = 0.012803
iter 191: gpu_time_pred = 0.014642
iter 191: cpu_time_cuda = 0.012793
iter 191: gpu_time_cuda = 0.014688
iter 191: download_copy_time_cuda = 0.000763
iter 191: upload_copy_time_cuda = 0.000831

iter 192: cpu_time_pred = 0.012693
iter 192: gpu_time_pred = 0.014460
iter 192: cpu_time_cuda = 0.012831
iter 192: gpu_time_cuda = 0.014532
iter 192: download_copy_time_cuda = 0.000765
iter 192: upload_copy_time_cuda = 0.000817

iter 193: cpu_time_pred = 0.012730
iter 193: gpu_time_pred = 0.014304
iter 193: cpu_time_cuda = 0.012554
iter 193: gpu_time_cuda = 0.014162
iter 193: download_copy_time_cuda = 0.000753
iter 193: upload_copy_time_cuda = 0.000811

iter 194: cpu_time_pred = 0.012454
iter 194: gpu_time_pred = 0.013938
iter 194: cpu_time_cuda = 0.012470
iter 194: gpu_time_cuda = 0.014849
iter 194: download_copy_time_cuda = 0.000754
iter 194: upload_copy_time_cuda = 0.000807

iter 195: cpu_time_pred = 0.012370
iter 195: gpu_time_pred = 0.014613
iter 195: cpu_time_cuda = 0.012371
iter 195: gpu_time_cuda = 0.013659
iter 195: download_copy_time_cuda = 0.000741
iter 195: upload_copy_time_cuda = 0.000799

iter 196: cpu_time_pred = 0.012271
iter 196: gpu_time_pred = 0.013439
iter 196: cpu_time_cuda = 0.012328
iter 196: gpu_time_cuda = 0.013632
iter 196: download_copy_time_cuda = 0.000736
iter 196: upload_copy_time_cuda = 0.000793

iter 197: cpu_time_pred = 0.012228
iter 197: gpu_time_pred = 0.013411
iter 197: cpu_time_cuda = 0.012337
iter 197: gpu_time_cuda = 0.013174
iter 197: download_copy_time_cuda = 0.000731
iter 197: upload_copy_time_cuda = 0.000787

iter 198: cpu_time_pred = 0.012236
iter 198: gpu_time_pred = 0.012959
iter 198: cpu_time_cuda = 0.012086
iter 198: gpu_time_cuda = 0.013267
iter 198: download_copy_time_cuda = 0.000724
iter 198: upload_copy_time_cuda = 0.000780

iter 199: cpu_time_pred = 0.011986
iter 199: gpu_time_pred = 0.013049
iter 199: cpu_time_cuda = 0.012106
iter 199: gpu_time_cuda = 0.014078
iter 199: download_copy_time_cuda = 0.000719
iter 199: upload_copy_time_cuda = 0.000775

iter 200: cpu_time_pred = 0.012005
iter 200: gpu_time_pred = 0.013844
iter 200: cpu_time_cuda = 0.011934
iter 200: gpu_time_cuda = 0.012892
iter 200: download_copy_time_cuda = 0.000714
iter 200: upload_copy_time_cuda = 0.000775

iter 201: cpu_time_pred = 0.011834
iter 201: gpu_time_pred = 0.012676
iter 201: cpu_time_cuda = 0.011803
iter 201: gpu_time_cuda = 0.012391
iter 201: download_copy_time_cuda = 0.000708
iter 201: upload_copy_time_cuda = 0.000764

iter 202: cpu_time_pred = 0.011703
iter 202: gpu_time_pred = 0.012182
iter 202: cpu_time_cuda = 0.011705
iter 202: gpu_time_cuda = 0.012375
iter 202: download_copy_time_cuda = 0.000702
iter 202: upload_copy_time_cuda = 0.000756

iter 203: cpu_time_pred = 0.011605
iter 203: gpu_time_pred = 0.012165
iter 203: cpu_time_cuda = 0.011678
iter 203: gpu_time_cuda = 0.012107
iter 203: download_copy_time_cuda = 0.000698
iter 203: upload_copy_time_cuda = 0.000749

iter 204: cpu_time_pred = 0.011578
iter 204: gpu_time_pred = 0.011899
iter 204: cpu_time_cuda = 0.011541
iter 204: gpu_time_cuda = 0.012564
iter 204: download_copy_time_cuda = 0.000691
iter 204: upload_copy_time_cuda = 0.000743

iter 205: cpu_time_pred = 0.011441
iter 205: gpu_time_pred = 0.012346
iter 205: cpu_time_cuda = 0.011429
iter 205: gpu_time_cuda = 0.011671
iter 205: download_copy_time_cuda = 0.000687
iter 205: upload_copy_time_cuda = 0.000738

iter 206: cpu_time_pred = 0.011329
iter 206: gpu_time_pred = 0.011467
iter 206: cpu_time_cuda = 0.011330
iter 206: gpu_time_cuda = 0.011729
iter 206: download_copy_time_cuda = 0.000680
iter 206: upload_copy_time_cuda = 0.000738

iter 207: cpu_time_pred = 0.011230
iter 207: gpu_time_pred = 0.011522
iter 207: cpu_time_cuda = 0.011291
iter 207: gpu_time_cuda = 0.011273
iter 207: download_copy_time_cuda = 0.000680
iter 207: upload_copy_time_cuda = 0.000726

iter 208: cpu_time_pred = 0.011191
iter 208: gpu_time_pred = 0.011073
iter 208: cpu_time_cuda = 0.011106
iter 208: gpu_time_cuda = 0.011276
iter 208: download_copy_time_cuda = 0.000669
iter 208: upload_copy_time_cuda = 0.000719

iter 209: cpu_time_pred = 0.011006
iter 209: gpu_time_pred = 0.011074
iter 209: cpu_time_cuda = 0.011022
iter 209: gpu_time_cuda = 0.011832
iter 209: download_copy_time_cuda = 0.000660
iter 209: upload_copy_time_cuda = 0.000720

iter 210: cpu_time_pred = 0.010922
iter 210: gpu_time_pred = 0.011618
iter 210: cpu_time_cuda = 0.010944
iter 210: gpu_time_cuda = 0.010778
iter 210: download_copy_time_cuda = 0.000654
iter 210: upload_copy_time_cuda = 0.000714

iter 211: cpu_time_pred = 0.010844
iter 211: gpu_time_pred = 0.010581
iter 211: cpu_time_cuda = 0.010872
iter 211: gpu_time_cuda = 0.010488
iter 211: download_copy_time_cuda = 0.000647
iter 211: upload_copy_time_cuda = 0.000700

iter 212: cpu_time_pred = 0.010771
iter 212: gpu_time_pred = 0.010294
iter 212: cpu_time_cuda = 0.010727
iter 212: gpu_time_cuda = 0.010425
iter 212: download_copy_time_cuda = 0.000642
iter 212: upload_copy_time_cuda = 0.000694

iter 213: cpu_time_pred = 0.010626
iter 213: gpu_time_pred = 0.010231
iter 213: cpu_time_cuda = 0.010640
iter 213: gpu_time_cuda = 0.010322
iter 213: download_copy_time_cuda = 0.000636
iter 213: upload_copy_time_cuda = 0.000687

iter 214: cpu_time_pred = 0.010540
iter 214: gpu_time_pred = 0.010129
iter 214: cpu_time_cuda = 0.010633
iter 214: gpu_time_cuda = 0.010933
iter 214: download_copy_time_cuda = 0.000632
iter 214: upload_copy_time_cuda = 0.000688

iter 215: cpu_time_pred = 0.010532
iter 215: gpu_time_pred = 0.010725
iter 215: cpu_time_cuda = 0.010579
iter 215: gpu_time_cuda = 0.011083
iter 215: download_copy_time_cuda = 0.000634
iter 215: upload_copy_time_cuda = 0.000673

iter 216: cpu_time_pred = 0.010477
iter 216: gpu_time_pred = 0.010871
iter 216: cpu_time_cuda = 0.010317
iter 216: gpu_time_cuda = 0.009653
iter 216: download_copy_time_cuda = 0.000621
iter 216: upload_copy_time_cuda = 0.000670

iter 217: cpu_time_pred = 0.010217
iter 217: gpu_time_pred = 0.009466
iter 217: cpu_time_cuda = 0.010221
iter 217: gpu_time_cuda = 0.009383
iter 217: download_copy_time_cuda = 0.000614
iter 217: upload_copy_time_cuda = 0.000662

iter 218: cpu_time_pred = 0.010120
iter 218: gpu_time_pred = 0.009200
iter 218: cpu_time_cuda = 0.010145
iter 218: gpu_time_cuda = 0.009403
iter 218: download_copy_time_cuda = 0.000608
iter 218: upload_copy_time_cuda = 0.000656

iter 219: cpu_time_pred = 0.010045
iter 219: gpu_time_pred = 0.009218
iter 219: cpu_time_cuda = 0.010041
iter 219: gpu_time_cuda = 0.009633
iter 219: download_copy_time_cuda = 0.000603
iter 219: upload_copy_time_cuda = 0.000650

iter 220: cpu_time_pred = 0.009941
iter 220: gpu_time_pred = 0.009442
iter 220: cpu_time_cuda = 0.009951
iter 220: gpu_time_cuda = 0.009205
iter 220: download_copy_time_cuda = 0.000596
iter 220: upload_copy_time_cuda = 0.000642

iter 221: cpu_time_pred = 0.009851
iter 221: gpu_time_pred = 0.009020
iter 221: cpu_time_cuda = 0.009877
iter 221: gpu_time_cuda = 0.008775
iter 221: download_copy_time_cuda = 0.000593
iter 221: upload_copy_time_cuda = 0.000637

iter 222: cpu_time_pred = 0.009776
iter 222: gpu_time_pred = 0.008597
iter 222: cpu_time_cuda = 0.009966
iter 222: gpu_time_cuda = 0.008700
iter 222: download_copy_time_cuda = 0.000586
iter 222: upload_copy_time_cuda = 0.000633

iter 223: cpu_time_pred = 0.009864
iter 223: gpu_time_pred = 0.008522
iter 223: cpu_time_cuda = 0.009692
iter 223: gpu_time_cuda = 0.008247
iter 223: download_copy_time_cuda = 0.000580
iter 223: upload_copy_time_cuda = 0.000623

iter 224: cpu_time_pred = 0.009591
iter 224: gpu_time_pred = 0.008077
iter 224: cpu_time_cuda = 0.009587
iter 224: gpu_time_cuda = 0.009414
iter 224: download_copy_time_cuda = 0.000573
iter 224: upload_copy_time_cuda = 0.000617

iter 225: cpu_time_pred = 0.009486
iter 225: gpu_time_pred = 0.009217
iter 225: cpu_time_cuda = 0.009479
iter 225: gpu_time_cuda = 0.008049
iter 225: download_copy_time_cuda = 0.000566
iter 225: upload_copy_time_cuda = 0.000612

iter 226: cpu_time_pred = 0.009378
iter 226: gpu_time_pred = 0.007879
iter 226: cpu_time_cuda = 0.009367
iter 226: gpu_time_cuda = 0.008129
iter 226: download_copy_time_cuda = 0.000563
iter 226: upload_copy_time_cuda = 0.000613

iter 227: cpu_time_pred = 0.009266
iter 227: gpu_time_pred = 0.007955
iter 227: cpu_time_cuda = 0.009279
iter 227: gpu_time_cuda = 0.007790
iter 227: download_copy_time_cuda = 0.000564
iter 227: upload_copy_time_cuda = 0.000599

iter 228: cpu_time_pred = 0.009178
iter 228: gpu_time_pred = 0.007622
iter 228: cpu_time_cuda = 0.009202
iter 228: gpu_time_cuda = 0.007613
iter 228: download_copy_time_cuda = 0.000551
iter 228: upload_copy_time_cuda = 0.000593

iter 229: cpu_time_pred = 0.009101
iter 229: gpu_time_pred = 0.007446
iter 229: cpu_time_cuda = 0.009077
iter 229: gpu_time_cuda = 0.007394
iter 229: download_copy_time_cuda = 0.000545
iter 229: upload_copy_time_cuda = 0.000587

iter 230: cpu_time_pred = 0.008976
iter 230: gpu_time_pred = 0.007231
iter 230: cpu_time_cuda = 0.009020
iter 230: gpu_time_cuda = 0.007353
iter 230: download_copy_time_cuda = 0.000540
iter 230: upload_copy_time_cuda = 0.000580

iter 231: cpu_time_pred = 0.008919
iter 231: gpu_time_pred = 0.007189
iter 231: cpu_time_cuda = 0.008904
iter 231: gpu_time_cuda = 0.007687
iter 231: download_copy_time_cuda = 0.000535
iter 231: upload_copy_time_cuda = 0.000573

iter 232: cpu_time_pred = 0.008803
iter 232: gpu_time_pred = 0.007514
iter 232: cpu_time_cuda = 0.008764
iter 232: gpu_time_cuda = 0.007103
iter 232: download_copy_time_cuda = 0.000534
iter 232: upload_copy_time_cuda = 0.000570

iter 233: cpu_time_pred = 0.008664
iter 233: gpu_time_pred = 0.006941
iter 233: cpu_time_cuda = 0.008668
iter 233: gpu_time_cuda = 0.006762
iter 233: download_copy_time_cuda = 0.000524
iter 233: upload_copy_time_cuda = 0.000569

iter 234: cpu_time_pred = 0.008567
iter 234: gpu_time_pred = 0.006606
iter 234: cpu_time_cuda = 0.008553
iter 234: gpu_time_cuda = 0.006905
iter 234: download_copy_time_cuda = 0.000525
iter 234: upload_copy_time_cuda = 0.000557

iter 235: cpu_time_pred = 0.008453
iter 235: gpu_time_pred = 0.006743
iter 235: cpu_time_cuda = 0.008549
iter 235: gpu_time_cuda = 0.006642
iter 235: download_copy_time_cuda = 0.000512
iter 235: upload_copy_time_cuda = 0.000557

iter 236: cpu_time_pred = 0.008448
iter 236: gpu_time_pred = 0.006485
iter 236: cpu_time_cuda = 0.008363
iter 236: gpu_time_cuda = 0.006955
iter 236: download_copy_time_cuda = 0.000506
iter 236: upload_copy_time_cuda = 0.000543

iter 237: cpu_time_pred = 0.008262
iter 237: gpu_time_pred = 0.006788
iter 237: cpu_time_cuda = 0.008274
iter 237: gpu_time_cuda = 0.006615
iter 237: download_copy_time_cuda = 0.000500
iter 237: upload_copy_time_cuda = 0.000538

iter 238: cpu_time_pred = 0.008173
iter 238: gpu_time_pred = 0.006455
iter 238: cpu_time_cuda = 0.008165
iter 238: gpu_time_cuda = 0.006217
iter 238: download_copy_time_cuda = 0.000495
iter 238: upload_copy_time_cuda = 0.000530

iter 239: cpu_time_pred = 0.008064
iter 239: gpu_time_pred = 0.006064
iter 239: cpu_time_cuda = 0.008143
iter 239: gpu_time_cuda = 0.005961
iter 239: download_copy_time_cuda = 0.000488
iter 239: upload_copy_time_cuda = 0.000525

iter 240: cpu_time_pred = 0.008041
iter 240: gpu_time_pred = 0.005813
iter 240: cpu_time_cuda = 0.007976
iter 240: gpu_time_cuda = 0.005971
iter 240: download_copy_time_cuda = 0.000481
iter 240: upload_copy_time_cuda = 0.000519

iter 241: cpu_time_pred = 0.007875
iter 241: gpu_time_pred = 0.005820
iter 241: cpu_time_cuda = 0.007908
iter 241: gpu_time_cuda = 0.006533
iter 241: download_copy_time_cuda = 0.000476
iter 241: upload_copy_time_cuda = 0.000509

iter 242: cpu_time_pred = 0.007807
iter 242: gpu_time_pred = 0.006367
iter 242: cpu_time_cuda = 0.007774
iter 242: gpu_time_cuda = 0.005579
iter 242: download_copy_time_cuda = 0.000468
iter 242: upload_copy_time_cuda = 0.000507

iter 243: cpu_time_pred = 0.007673
iter 243: gpu_time_pred = 0.005435
iter 243: cpu_time_cuda = 0.007692
iter 243: gpu_time_cuda = 0.005446
iter 243: download_copy_time_cuda = 0.000464
iter 243: upload_copy_time_cuda = 0.000506

iter 244: cpu_time_pred = 0.007591
iter 244: gpu_time_pred = 0.005303
iter 244: cpu_time_cuda = 0.007617
iter 244: gpu_time_cuda = 0.005314
iter 244: download_copy_time_cuda = 0.000458
iter 244: upload_copy_time_cuda = 0.000493

iter 245: cpu_time_pred = 0.007515
iter 245: gpu_time_pred = 0.005173
iter 245: cpu_time_cuda = 0.007526
iter 245: gpu_time_cuda = 0.005229
iter 245: download_copy_time_cuda = 0.000452
iter 245: upload_copy_time_cuda = 0.000495

iter 246: cpu_time_pred = 0.007424
iter 246: gpu_time_pred = 0.005089
iter 246: cpu_time_cuda = 0.007405
iter 246: gpu_time_cuda = 0.005236
iter 246: download_copy_time_cuda = 0.000454
iter 246: upload_copy_time_cuda = 0.000480

iter 247: cpu_time_pred = 0.007304
iter 247: gpu_time_pred = 0.005094
iter 247: cpu_time_cuda = 0.007295
iter 247: gpu_time_cuda = 0.005381
iter 247: download_copy_time_cuda = 0.000442
iter 247: upload_copy_time_cuda = 0.000476

iter 248: cpu_time_pred = 0.007193
iter 248: gpu_time_pred = 0.005233
iter 248: cpu_time_cuda = 0.007336
iter 248: gpu_time_cuda = 0.004860
iter 248: download_copy_time_cuda = 0.000443
iter 248: upload_copy_time_cuda = 0.000468

iter 249: cpu_time_pred = 0.007233
iter 249: gpu_time_pred = 0.004724
iter 249: cpu_time_cuda = 0.007072
iter 249: gpu_time_cuda = 0.004635
iter 249: download_copy_time_cuda = 0.000429
iter 249: upload_copy_time_cuda = 0.000463

iter 250: cpu_time_pred = 0.006971
iter 250: gpu_time_pred = 0.004504
iter 250: cpu_time_cuda = 0.006984
iter 250: gpu_time_cuda = 0.004762
iter 250: download_copy_time_cuda = 0.000424
iter 250: upload_copy_time_cuda = 0.000457

iter 251: cpu_time_pred = 0.006883
iter 251: gpu_time_pred = 0.004625
iter 251: cpu_time_cuda = 0.006894
iter 251: gpu_time_cuda = 0.004952
iter 251: download_copy_time_cuda = 0.000419
iter 251: upload_copy_time_cuda = 0.000450

iter 252: cpu_time_pred = 0.006793
iter 252: gpu_time_pred = 0.004807
iter 252: cpu_time_cuda = 0.007026
iter 252: gpu_time_cuda = 0.024945
iter 252: download_copy_time_cuda = 0.000412
iter 252: upload_copy_time_cuda = 0.001227

iter 253: cpu_time_pred = 0.006921
iter 253: gpu_time_pred = 0.024206
iter 253: cpu_time_cuda = 0.006957
iter 253: gpu_time_cuda = 0.026757
iter 253: download_copy_time_cuda = 0.001143
iter 253: upload_copy_time_cuda = 0.001201

iter 254: cpu_time_pred = 0.006851
iter 254: gpu_time_pred = 0.025952
iter 254: cpu_time_cuda = 0.006846
iter 254: gpu_time_cuda = 0.026451
iter 254: download_copy_time_cuda = 0.001122
iter 254: upload_copy_time_cuda = 0.001187

iter 255: cpu_time_pred = 0.006741
iter 255: gpu_time_pred = 0.025643
iter 255: cpu_time_cuda = 0.006738
iter 255: gpu_time_cuda = 0.025039
iter 255: download_copy_time_cuda = 0.001097
iter 255: upload_copy_time_cuda = 0.001162

iter 256: cpu_time_pred = 0.006632
iter 256: gpu_time_pred = 0.024262
iter 256: cpu_time_cuda = 0.006562
iter 256: gpu_time_cuda = 0.025877
iter 256: download_copy_time_cuda = 0.001079
iter 256: upload_copy_time_cuda = 0.001149

iter 257: cpu_time_pred = 0.006458
iter 257: gpu_time_pred = 0.025062
iter 257: cpu_time_cuda = 0.006449
iter 257: gpu_time_cuda = 0.024242
iter 257: download_copy_time_cuda = 0.001054
iter 257: upload_copy_time_cuda = 0.001145

iter 258: cpu_time_pred = 0.006345
iter 258: gpu_time_pred = 0.023466
iter 258: cpu_time_cuda = 0.006367
iter 258: gpu_time_cuda = 0.023994
iter 258: download_copy_time_cuda = 0.001052
iter 258: upload_copy_time_cuda = 0.001120

iter 259: cpu_time_pred = 0.006263
iter 259: gpu_time_pred = 0.023214
iter 259: cpu_time_cuda = 0.006245
iter 259: gpu_time_cuda = 0.021972
iter 259: download_copy_time_cuda = 0.001019
iter 259: upload_copy_time_cuda = 0.001101

iter 260: cpu_time_pred = 0.006140
iter 260: gpu_time_pred = 0.021246
iter 260: cpu_time_cuda = 0.006241
iter 260: gpu_time_cuda = 0.021903
iter 260: download_copy_time_cuda = 0.001006
iter 260: upload_copy_time_cuda = 0.001083

iter 261: cpu_time_pred = 0.006136
iter 261: gpu_time_pred = 0.021167
iter 261: cpu_time_cuda = 0.006076
iter 261: gpu_time_cuda = 0.020393
iter 261: download_copy_time_cuda = 0.000990
iter 261: upload_copy_time_cuda = 0.001061

iter 262: cpu_time_pred = 0.005971
iter 262: gpu_time_pred = 0.019695
iter 262: cpu_time_cuda = 0.005970
iter 262: gpu_time_cuda = 0.021150
iter 262: download_copy_time_cuda = 0.000968
iter 262: upload_copy_time_cuda = 0.001052

iter 263: cpu_time_pred = 0.005865
iter 263: gpu_time_pred = 0.020415
iter 263: cpu_time_cuda = 0.005858
iter 263: gpu_time_cuda = 0.020145
iter 263: download_copy_time_cuda = 0.000953
iter 263: upload_copy_time_cuda = 0.001023

iter 264: cpu_time_pred = 0.005753
iter 264: gpu_time_pred = 0.019432
iter 264: cpu_time_cuda = 0.005777
iter 264: gpu_time_cuda = 0.019071
iter 264: download_copy_time_cuda = 0.000934
iter 264: upload_copy_time_cuda = 0.001001

iter 265: cpu_time_pred = 0.005672
iter 265: gpu_time_pred = 0.018384
iter 265: cpu_time_cuda = 0.005653
iter 265: gpu_time_cuda = 0.018377
iter 265: download_copy_time_cuda = 0.000911
iter 265: upload_copy_time_cuda = 0.000995

iter 266: cpu_time_pred = 0.005548
iter 266: gpu_time_pred = 0.017703
iter 266: cpu_time_cuda = 0.005572
iter 266: gpu_time_cuda = 0.017600
iter 266: download_copy_time_cuda = 0.000898
iter 266: upload_copy_time_cuda = 0.000967

iter 267: cpu_time_pred = 0.005467
iter 267: gpu_time_pred = 0.016943
iter 267: cpu_time_cuda = 0.005632
iter 267: gpu_time_cuda = 0.017115
iter 267: download_copy_time_cuda = 0.000879
iter 267: upload_copy_time_cuda = 0.000948

iter 268: cpu_time_pred = 0.005524
iter 268: gpu_time_pred = 0.016463
iter 268: cpu_time_cuda = 0.005396
iter 268: gpu_time_cuda = 0.017112
iter 268: download_copy_time_cuda = 0.000862
iter 268: upload_copy_time_cuda = 0.000933

iter 269: cpu_time_pred = 0.005290
iter 269: gpu_time_pred = 0.016447
iter 269: cpu_time_cuda = 0.005318
iter 269: gpu_time_cuda = 0.015659
iter 269: download_copy_time_cuda = 0.000846
iter 269: upload_copy_time_cuda = 0.000917

iter 270: cpu_time_pred = 0.005212
iter 270: gpu_time_pred = 0.015039
iter 270: cpu_time_cuda = 0.005176
iter 270: gpu_time_cuda = 0.015587
iter 270: download_copy_time_cuda = 0.000828
iter 270: upload_copy_time_cuda = 0.000910

iter 271: cpu_time_pred = 0.005070
iter 271: gpu_time_pred = 0.014958
iter 271: cpu_time_cuda = 0.005088
iter 271: gpu_time_cuda = 0.014421
iter 271: download_copy_time_cuda = 0.000805
iter 271: upload_copy_time_cuda = 0.000874

iter 272: cpu_time_pred = 0.004982
iter 272: gpu_time_pred = 0.013826
iter 272: cpu_time_cuda = 0.005015
iter 272: gpu_time_cuda = 0.014786
iter 272: download_copy_time_cuda = 0.000790
iter 272: upload_copy_time_cuda = 0.000864

iter 273: cpu_time_pred = 0.004908
iter 273: gpu_time_pred = 0.014164
iter 273: cpu_time_cuda = 0.004889
iter 273: gpu_time_cuda = 0.013839
iter 273: download_copy_time_cuda = 0.000774
iter 273: upload_copy_time_cuda = 0.000841

iter 274: cpu_time_pred = 0.004783
iter 274: gpu_time_pred = 0.013244
iter 274: cpu_time_cuda = 0.004818
iter 274: gpu_time_cuda = 0.013234
iter 274: download_copy_time_cuda = 0.000751
iter 274: upload_copy_time_cuda = 0.000821

iter 275: cpu_time_pred = 0.004711
iter 275: gpu_time_pred = 0.012653
iter 275: cpu_time_cuda = 0.004706
iter 275: gpu_time_cuda = 0.012664
iter 275: download_copy_time_cuda = 0.000736
iter 275: upload_copy_time_cuda = 0.000806

iter 276: cpu_time_pred = 0.004599
iter 276: gpu_time_pred = 0.012095
iter 276: cpu_time_cuda = 0.004642
iter 276: gpu_time_cuda = 0.012012
iter 276: download_copy_time_cuda = 0.000718
iter 276: upload_copy_time_cuda = 0.000781

iter 277: cpu_time_pred = 0.004534
iter 277: gpu_time_pred = 0.011460
iter 277: cpu_time_cuda = 0.004520
iter 277: gpu_time_cuda = 0.011598
iter 277: download_copy_time_cuda = 0.000697
iter 277: upload_copy_time_cuda = 0.000756

iter 278: cpu_time_pred = 0.004412
iter 278: gpu_time_pred = 0.011052
iter 278: cpu_time_cuda = 0.004392
iter 278: gpu_time_cuda = 0.011356
iter 278: download_copy_time_cuda = 0.000679
iter 278: upload_copy_time_cuda = 0.000748

iter 279: cpu_time_pred = 0.004285
iter 279: gpu_time_pred = 0.010809
iter 279: cpu_time_cuda = 0.004283
iter 279: gpu_time_cuda = 0.010423
iter 279: download_copy_time_cuda = 0.000671
iter 279: upload_copy_time_cuda = 0.000725

iter 280: cpu_time_pred = 0.004176
iter 280: gpu_time_pred = 0.009908
iter 280: cpu_time_cuda = 0.004236
iter 280: gpu_time_cuda = 0.010416
iter 280: download_copy_time_cuda = 0.000651
iter 280: upload_copy_time_cuda = 0.000694

iter 281: cpu_time_pred = 0.004127
iter 281: gpu_time_pred = 0.009889
iter 281: cpu_time_cuda = 0.004268
iter 281: gpu_time_cuda = 0.009405
iter 281: download_copy_time_cuda = 0.000641
iter 281: upload_copy_time_cuda = 0.000682

iter 282: cpu_time_pred = 0.004156
iter 282: gpu_time_pred = 0.008917
iter 282: cpu_time_cuda = 0.004048
iter 282: gpu_time_cuda = 0.009539
iter 282: download_copy_time_cuda = 0.000622
iter 282: upload_copy_time_cuda = 0.000662

iter 283: cpu_time_pred = 0.003938
iter 283: gpu_time_pred = 0.009030
iter 283: cpu_time_cuda = 0.003955
iter 283: gpu_time_cuda = 0.008911
iter 283: download_copy_time_cuda = 0.000599
iter 283: upload_copy_time_cuda = 0.000651

iter 284: cpu_time_pred = 0.003845
iter 284: gpu_time_pred = 0.008423
iter 284: cpu_time_cuda = 0.003834
iter 284: gpu_time_cuda = 0.008432
iter 284: download_copy_time_cuda = 0.000592
iter 284: upload_copy_time_cuda = 0.000625

iter 285: cpu_time_pred = 0.003725
iter 285: gpu_time_pred = 0.007957
iter 285: cpu_time_cuda = 0.003729
iter 285: gpu_time_cuda = 0.007968
iter 285: download_copy_time_cuda = 0.000566
iter 285: upload_copy_time_cuda = 0.000606

iter 286: cpu_time_pred = 0.003620
iter 286: gpu_time_pred = 0.007506
iter 286: cpu_time_cuda = 0.003680
iter 286: gpu_time_cuda = 0.007450
iter 286: download_copy_time_cuda = 0.000546
iter 286: upload_copy_time_cuda = 0.000586

iter 287: cpu_time_pred = 0.003569
iter 287: gpu_time_pred = 0.007005
iter 287: cpu_time_cuda = 0.003568
iter 287: gpu_time_cuda = 0.007162
iter 287: download_copy_time_cuda = 0.000531
iter 287: upload_copy_time_cuda = 0.000569

iter 288: cpu_time_pred = 0.003457
iter 288: gpu_time_pred = 0.006722
iter 288: cpu_time_cuda = 0.003449
iter 288: gpu_time_cuda = 0.006818
iter 288: download_copy_time_cuda = 0.000514
iter 288: upload_copy_time_cuda = 0.000548

iter 289: cpu_time_pred = 0.003338
iter 289: gpu_time_pred = 0.006385
iter 289: cpu_time_cuda = 0.003393
iter 289: gpu_time_cuda = 0.005936
iter 289: download_copy_time_cuda = 0.000492
iter 289: upload_copy_time_cuda = 0.000536

iter 290: cpu_time_pred = 0.003280
iter 290: gpu_time_pred = 0.005547
iter 290: cpu_time_cuda = 0.003272
iter 290: gpu_time_cuda = 0.005945
iter 290: download_copy_time_cuda = 0.000479
iter 290: upload_copy_time_cuda = 0.000517

iter 291: cpu_time_pred = 0.003159
iter 291: gpu_time_pred = 0.005543
iter 291: cpu_time_cuda = 0.003197
iter 291: gpu_time_cuda = 0.005079
iter 291: download_copy_time_cuda = 0.000460
iter 291: upload_copy_time_cuda = 0.000499

iter 292: cpu_time_pred = 0.003082
iter 292: gpu_time_pred = 0.004722
iter 292: cpu_time_cuda = 0.003096
iter 292: gpu_time_cuda = 0.005028
iter 292: download_copy_time_cuda = 0.000436
iter 292: upload_copy_time_cuda = 0.000477

iter 293: cpu_time_pred = 0.002982
iter 293: gpu_time_pred = 0.004662
iter 293: cpu_time_cuda = 0.002997
iter 293: gpu_time_cuda = 0.004380
iter 293: download_copy_time_cuda = 0.000424
iter 293: upload_copy_time_cuda = 0.000469

iter 294: cpu_time_pred = 0.002882
iter 294: gpu_time_pred = 0.004050
iter 294: cpu_time_cuda = 0.002928
iter 294: gpu_time_cuda = 0.004652
iter 294: download_copy_time_cuda = 0.000412
iter 294: upload_copy_time_cuda = 0.000450

iter 295: cpu_time_pred = 0.002811
iter 295: gpu_time_pred = 0.004287
iter 295: cpu_time_cuda = 0.002822
iter 295: gpu_time_cuda = 0.003974
iter 295: download_copy_time_cuda = 0.000407
iter 295: upload_copy_time_cuda = 0.000432

iter 296: cpu_time_pred = 0.002704
iter 296: gpu_time_pred = 0.003650
iter 296: cpu_time_cuda = 0.002698
iter 296: gpu_time_cuda = 0.003884
iter 296: download_copy_time_cuda = 0.000394
iter 296: upload_copy_time_cuda = 0.000424

iter 297: cpu_time_pred = 0.002581
iter 297: gpu_time_pred = 0.003554
iter 297: cpu_time_cuda = 0.002629
iter 297: gpu_time_cuda = 0.003387
iter 297: download_copy_time_cuda = 0.000370
iter 297: upload_copy_time_cuda = 0.000414

iter 298: cpu_time_pred = 0.002510
iter 298: gpu_time_pred = 0.003086
iter 298: cpu_time_cuda = 0.002517
iter 298: gpu_time_cuda = 0.003315
iter 298: download_copy_time_cuda = 0.000355
iter 298: upload_copy_time_cuda = 0.000392

iter 299: cpu_time_pred = 0.002398
iter 299: gpu_time_pred = 0.003007
iter 299: cpu_time_cuda = 0.002403
iter 299: gpu_time_cuda = 0.002819
iter 299: download_copy_time_cuda = 0.000337
iter 299: upload_copy_time_cuda = 0.000387

iter 300: cpu_time_pred = 0.002283
iter 300: gpu_time_pred = 0.002544
iter 300: cpu_time_cuda = 0.002291
iter 300: gpu_time_cuda = 0.002752
iter 300: download_copy_time_cuda = 0.000331
iter 300: upload_copy_time_cuda = 0.000368

iter 301: cpu_time_pred = 0.002170
iter 301: gpu_time_pred = 0.002470
iter 301: cpu_time_cuda = 0.002220
iter 301: gpu_time_cuda = 0.002302
iter 301: download_copy_time_cuda = 0.000304
iter 301: upload_copy_time_cuda = 0.000352

iter 302: cpu_time_pred = 0.002097
iter 302: gpu_time_pred = 0.002053
iter 302: cpu_time_cuda = 0.002101
iter 302: gpu_time_cuda = 0.002300
iter 302: download_copy_time_cuda = 0.000284
iter 302: upload_copy_time_cuda = 0.000336

iter 303: cpu_time_pred = 0.001977
iter 303: gpu_time_pred = 0.002038
iter 303: cpu_time_cuda = 0.002042
iter 303: gpu_time_cuda = 0.001844
iter 303: download_copy_time_cuda = 0.000264
iter 303: upload_copy_time_cuda = 0.000326

iter 304: cpu_time_pred = 0.001914
iter 304: gpu_time_pred = 0.001620
iter 304: cpu_time_cuda = 0.001922
iter 304: gpu_time_cuda = 0.001865
iter 304: download_copy_time_cuda = 0.000250
iter 304: upload_copy_time_cuda = 0.000309

iter 305: cpu_time_pred = 0.001794
iter 305: gpu_time_pred = 0.001624
iter 305: cpu_time_cuda = 0.001836
iter 305: gpu_time_cuda = 0.001581
iter 305: download_copy_time_cuda = 0.000246
iter 305: upload_copy_time_cuda = 0.000295

iter 306: cpu_time_pred = 0.001705
iter 306: gpu_time_pred = 0.001363
iter 306: cpu_time_cuda = 0.001744
iter 306: gpu_time_cuda = 0.001505
iter 306: download_copy_time_cuda = 0.000229
iter 306: upload_copy_time_cuda = 0.000286

iter 307: cpu_time_pred = 0.001610
iter 307: gpu_time_pred = 0.001283
iter 307: cpu_time_cuda = 0.001648
iter 307: gpu_time_cuda = 0.001243
iter 307: download_copy_time_cuda = 0.000211
iter 307: upload_copy_time_cuda = 0.000268

iter 308: cpu_time_pred = 0.001510
iter 308: gpu_time_pred = 0.001044
iter 308: cpu_time_cuda = 0.001541
iter 308: gpu_time_cuda = 0.001088
iter 308: download_copy_time_cuda = 0.000193
iter 308: upload_copy_time_cuda = 0.000256

iter 309: cpu_time_pred = 0.001401
iter 309: gpu_time_pred = 0.000899
iter 309: cpu_time_cuda = 0.001461
iter 309: gpu_time_cuda = 0.000986
iter 309: download_copy_time_cuda = 0.000189
iter 309: upload_copy_time_cuda = 0.000246

iter 310: cpu_time_pred = 0.001315
iter 310: gpu_time_pred = 0.000799
iter 310: cpu_time_cuda = 0.001353
iter 310: gpu_time_cuda = 0.000852
iter 310: download_copy_time_cuda = 0.000185
iter 310: upload_copy_time_cuda = 0.000236

iter 311: cpu_time_pred = 0.001203
iter 311: gpu_time_pred = 0.000674
iter 311: cpu_time_cuda = 0.001158
iter 311: gpu_time_cuda = 0.000759
iter 311: download_copy_time_cuda = 0.000170
iter 311: upload_copy_time_cuda = 0.000223

iter 312: cpu_time_pred = 0.001013
iter 312: gpu_time_pred = 0.000581
iter 312: cpu_time_cuda = 0.001212
iter 312: gpu_time_cuda = 0.000692
iter 312: download_copy_time_cuda = 0.000149
iter 312: upload_copy_time_cuda = 0.000209

iter 313: cpu_time_pred = 0.001039
iter 313: gpu_time_pred = 0.000508
iter 313: cpu_time_cuda = 0.001048
iter 313: gpu_time_cuda = 0.000504
iter 313: download_copy_time_cuda = 0.000130
iter 313: upload_copy_time_cuda = 0.000201

iter 314: cpu_time_pred = 0.000873
iter 314: gpu_time_pred = 0.000350
iter 314: cpu_time_cuda = 0.000999
iter 314: gpu_time_cuda = 0.000375
iter 314: download_copy_time_cuda = 0.000122
iter 314: upload_copy_time_cuda = 0.000181

iter 315: cpu_time_pred = 0.000799
iter 315: gpu_time_pred = 0.000240
iter 315: cpu_time_cuda = 0.000942
iter 315: gpu_time_cuda = 0.000332
iter 315: download_copy_time_cuda = 0.000112
iter 315: upload_copy_time_cuda = 0.000169

iter 316: cpu_time_pred = 0.000707
iter 316: gpu_time_pred = 0.000187
iter 316: cpu_time_cuda = 0.000919
iter 316: gpu_time_cuda = 0.000299
iter 316: download_copy_time_cuda = 0.000101
iter 316: upload_copy_time_cuda = 0.000158

iter 317: cpu_time_pred = 0.000613
iter 317: gpu_time_pred = 0.000133
iter 317: cpu_time_cuda = 0.000660
iter 317: gpu_time_cuda = 0.000274
iter 317: download_copy_time_cuda = 0.000095
iter 317: upload_copy_time_cuda = 0.000145

iter 318: cpu_time_pred = 0.000330
iter 318: gpu_time_pred = 0.000068
iter 318: cpu_time_cuda = 0.000592
iter 318: gpu_time_cuda = 0.000241
iter 318: download_copy_time_cuda = 0.000089
iter 318: upload_copy_time_cuda = 0.000127

iter 319: cpu_time_pred = 0.000000
iter 319: gpu_time_pred = 0.000000
iter 319: cpu_time_cuda = 0.000602
iter 319: gpu_time_cuda = 0.000003
iter 319: download_copy_time_cuda = 0.000079
iter 319: upload_copy_time_cuda = 0.000085

total_cpu_time_cuda = 7.292655
total_gpu_time_cuda = 9.856609
total_copy_time_cuda = 0.681137
main_loop_time_cuda = 18.442413
20480 20480     ---   (  ---  )    275.61 (  20.78)     ---   
total_time = 34.263347
31.43user 5.02system 0:37.23elapsed 97%CPU (0avgtext+0avgdata 3430784maxresident)k
4504inputs+0outputs (1major+841170minor)pagefaults 0swaps
send out message: 22 3 log
