send out message: 24 37 /home/lchen/MAGMA/magma-1.3.0/results
send out message: 20 26 MAGMA_LU_GPUDVFS.total.pwr
MAGMA 1.3.0
device 0: Tesla K20c, 705.5 MHz clock, 4799.6 MB memory, capability 3.5

Usage: /home/lchen/MAGMA/magma-1.3.0/testing/testing_dgetrf -N <m,n> -c -c2 -l
  -N  can be repeated up to 10 times. If only m is given, then m=n.
  -c  or setting $MAGMA_TESTINGS_CHECK checks result, PA - LU.
  -c2 for square matrices, solves one RHS and checks residual, Ax - b.
  -l  or setting $MAGMA_RUN_LAPACK runs LAPACK.

    M     N   CPU GFlop/s (sec)   GPU GFlop/s (sec)   |PA-LU|/(N*|A|)
=========================================================================
init_time = 0.841419
iter 0: cpu_time_cuda = 0.000000
iter 0: gpu_time_cuda = 0.000000
iter 0: download_copy_time_cuda = 0.000000
iter 0: upload_copy_time_cuda = 0.000483

iter 1: cpu_time_cuda = 0.007735
iter 1: gpu_time_cuda = 0.005496
iter 1: download_copy_time_cuda = 0.000453
iter 1: upload_copy_time_cuda = 0.000472

iter 2: cpu_time_pred = 0.007636
iter 2: gpu_time_pred = 0.005356
!!Border found at iter 1
iter 2: cpu_time_cuda = 0.007500
iter 2: gpu_time_cuda = 0.005278
iter 2: download_copy_time_cuda = 0.000444
iter 2: upload_copy_time_cuda = 0.000467

iter 3: cpu_time_pred = 0.007537
iter 3: gpu_time_pred = 0.005218
!!Border found at iter 2
iter 3: cpu_time_cuda = 0.007412
iter 3: gpu_time_cuda = 0.005320
iter 3: download_copy_time_cuda = 0.000441
iter 3: upload_copy_time_cuda = 0.000459

iter 4: cpu_time_pred = 0.007438
iter 4: gpu_time_pred = 0.005082
!!Border found at iter 3
iter 4: cpu_time_cuda = 0.007330
iter 4: gpu_time_cuda = 0.005228
iter 4: download_copy_time_cuda = 0.000437
iter 4: upload_copy_time_cuda = 0.000455

iter 5: cpu_time_pred = 0.007338
iter 5: gpu_time_pred = 0.004947
!!Border found at iter 4
iter 5: cpu_time_cuda = 0.007221
iter 5: gpu_time_cuda = 0.004812
iter 5: download_copy_time_cuda = 0.000430
iter 5: upload_copy_time_cuda = 0.000448

iter 6: cpu_time_pred = 0.007239
iter 6: gpu_time_pred = 0.004814
!!Border found at iter 5
iter 6: cpu_time_cuda = 0.007127
iter 6: gpu_time_cuda = 0.004747
iter 6: download_copy_time_cuda = 0.000426
iter 6: upload_copy_time_cuda = 0.000443

iter 7: cpu_time_pred = 0.007140
iter 7: gpu_time_pred = 0.004683
!!Border found at iter 6
iter 7: cpu_time_cuda = 0.007024
iter 7: gpu_time_cuda = 0.004596
iter 7: download_copy_time_cuda = 0.000421
iter 7: upload_copy_time_cuda = 0.000438

iter 8: cpu_time_pred = 0.007041
iter 8: gpu_time_pred = 0.004554
!!Border found at iter 7
iter 8: cpu_time_cuda = 0.006926
iter 8: gpu_time_cuda = 0.004615
iter 8: download_copy_time_cuda = 0.000416
iter 8: upload_copy_time_cuda = 0.000433

iter 9: cpu_time_pred = 0.006942
iter 9: gpu_time_pred = 0.004427
!!Border found at iter 8
iter 9: cpu_time_cuda = 0.006831
iter 9: gpu_time_cuda = 0.004440
iter 9: download_copy_time_cuda = 0.000408
iter 9: upload_copy_time_cuda = 0.000426

iter 10: cpu_time_pred = 0.006843
iter 10: gpu_time_pred = 0.004301
!!Border found at iter 9
iter 10: cpu_time_cuda = 0.006750
iter 10: gpu_time_cuda = 0.004363
iter 10: download_copy_time_cuda = 0.000409
iter 10: upload_copy_time_cuda = 0.000421

iter 11: cpu_time_pred = 0.006743
iter 11: gpu_time_pred = 0.004177
!!Border found at iter 10
iter 11: cpu_time_cuda = 0.006654
iter 11: gpu_time_cuda = 0.004027
iter 11: download_copy_time_cuda = 0.000398
iter 11: upload_copy_time_cuda = 0.000414

iter 12: cpu_time_pred = 0.006644
iter 12: gpu_time_pred = 0.004055
!!Border found at iter 11
iter 12: cpu_time_cuda = 0.006556
iter 12: gpu_time_cuda = 0.004084
iter 12: download_copy_time_cuda = 0.000392
iter 12: upload_copy_time_cuda = 0.000408

iter 13: cpu_time_pred = 0.006545
iter 13: gpu_time_pred = 0.003935
!!Border found at iter 12
iter 13: cpu_time_cuda = 0.006457
iter 13: gpu_time_cuda = 0.003864
iter 13: download_copy_time_cuda = 0.000386
iter 13: upload_copy_time_cuda = 0.000402

iter 14: cpu_time_pred = 0.006446
iter 14: gpu_time_pred = 0.003817
!!Border found at iter 13
iter 14: cpu_time_cuda = 0.006350
iter 14: gpu_time_cuda = 0.003746
iter 14: download_copy_time_cuda = 0.000381
iter 14: upload_copy_time_cuda = 0.000398

iter 15: cpu_time_pred = 0.006347
iter 15: gpu_time_pred = 0.003700
!!Border found at iter 14
iter 15: cpu_time_cuda = 0.006255
iter 15: gpu_time_cuda = 0.003721
iter 15: download_copy_time_cuda = 0.000376
iter 15: upload_copy_time_cuda = 0.000389

iter 16: cpu_time_pred = 0.006248
iter 16: gpu_time_pred = 0.003586
!!Border found at iter 15
iter 16: cpu_time_cuda = 0.006107
iter 16: gpu_time_cuda = 0.003552
iter 16: download_copy_time_cuda = 0.000370
iter 16: upload_copy_time_cuda = 0.000390

iter 17: cpu_time_pred = 0.006148
iter 17: gpu_time_pred = 0.003473
!!Border found at iter 16
iter 17: cpu_time_cuda = 0.006016
iter 17: gpu_time_cuda = 0.003436
iter 17: download_copy_time_cuda = 0.000364
iter 17: upload_copy_time_cuda = 0.000380

iter 18: cpu_time_pred = 0.006049
iter 18: gpu_time_pred = 0.003362
!!Border found at iter 17
iter 18: cpu_time_cuda = 0.005922
iter 18: gpu_time_cuda = 0.003450
iter 18: download_copy_time_cuda = 0.000359
iter 18: upload_copy_time_cuda = 0.000373

iter 19: cpu_time_pred = 0.005950
iter 19: gpu_time_pred = 0.003252
!!Border found at iter 18
iter 19: cpu_time_cuda = 0.005856
iter 19: gpu_time_cuda = 0.003421
iter 19: download_copy_time_cuda = 0.000353
iter 19: upload_copy_time_cuda = 0.000368

iter 20: cpu_time_pred = 0.005851
iter 20: gpu_time_pred = 0.003145
!!Border found at iter 19
iter 20: cpu_time_cuda = 0.005750
iter 20: gpu_time_cuda = 0.003217
iter 20: download_copy_time_cuda = 0.000348
iter 20: upload_copy_time_cuda = 0.000363

iter 21: cpu_time_pred = 0.005752
iter 21: gpu_time_pred = 0.003039
!!Border found at iter 20
iter 21: cpu_time_cuda = 0.005641
iter 21: gpu_time_cuda = 0.003082
iter 21: download_copy_time_cuda = 0.000342
iter 21: upload_copy_time_cuda = 0.000358

iter 22: cpu_time_pred = 0.005653
iter 22: gpu_time_pred = 0.002935
!!Border found at iter 21
iter 22: cpu_time_cuda = 0.005542
iter 22: gpu_time_cuda = 0.002960
iter 22: download_copy_time_cuda = 0.000337
iter 22: upload_copy_time_cuda = 0.000353

iter 23: cpu_time_pred = 0.005553
iter 23: gpu_time_pred = 0.002833
!!Border found at iter 22
iter 23: cpu_time_cuda = 0.005443
iter 23: gpu_time_cuda = 0.002802
iter 23: download_copy_time_cuda = 0.000332
iter 23: upload_copy_time_cuda = 0.000346

iter 24: cpu_time_pred = 0.005454
iter 24: gpu_time_pred = 0.002733
!!Border found at iter 23
iter 24: cpu_time_cuda = 0.005340
iter 24: gpu_time_cuda = 0.002735
iter 24: download_copy_time_cuda = 0.000326
iter 24: upload_copy_time_cuda = 0.000341

iter 25: cpu_time_pred = 0.005355
iter 25: gpu_time_pred = 0.002634
!!Border found at iter 24
iter 25: cpu_time_cuda = 0.005249
iter 25: gpu_time_cuda = 0.002695
iter 25: download_copy_time_cuda = 0.000321
iter 25: upload_copy_time_cuda = 0.000334

iter 26: cpu_time_pred = 0.005256
iter 26: gpu_time_pred = 0.002538
!!Border found at iter 25
iter 26: cpu_time_cuda = 0.005150
iter 26: gpu_time_cuda = 0.002658
iter 26: download_copy_time_cuda = 0.000316
iter 26: upload_copy_time_cuda = 0.000327

iter 27: cpu_time_pred = 0.005157
iter 27: gpu_time_pred = 0.002443
!!Border found at iter 26
iter 27: cpu_time_cuda = 0.005059
iter 27: gpu_time_cuda = 0.002653
iter 27: download_copy_time_cuda = 0.000309
iter 27: upload_copy_time_cuda = 0.000323

iter 28: cpu_time_pred = 0.005058
iter 28: gpu_time_pred = 0.002350
!!Border found at iter 27
iter 28: cpu_time_cuda = 0.004962
iter 28: gpu_time_cuda = 0.002378
iter 28: download_copy_time_cuda = 0.000305
iter 28: upload_copy_time_cuda = 0.000318

iter 29: cpu_time_pred = 0.004958
iter 29: gpu_time_pred = 0.002259
!!Border found at iter 28
iter 29: cpu_time_cuda = 0.004865
iter 29: gpu_time_cuda = 0.002332
iter 29: download_copy_time_cuda = 0.000298
iter 29: upload_copy_time_cuda = 0.000310

iter 30: cpu_time_pred = 0.004859
iter 30: gpu_time_pred = 0.002169
!!Border found at iter 29
iter 30: cpu_time_cuda = 0.004788
iter 30: gpu_time_cuda = 0.002282
iter 30: download_copy_time_cuda = 0.000293
iter 30: upload_copy_time_cuda = 0.000305

iter 31: cpu_time_pred = 0.004760
iter 31: gpu_time_pred = 0.002081
!!Border found at iter 30
iter 31: cpu_time_cuda = 0.004686
iter 31: gpu_time_cuda = 0.002190
iter 31: download_copy_time_cuda = 0.000286
iter 31: upload_copy_time_cuda = 0.000299

iter 32: cpu_time_pred = 0.004661
iter 32: gpu_time_pred = 0.001996
!!Border found at iter 31
iter 32: cpu_time_cuda = 0.004577
iter 32: gpu_time_cuda = 0.002121
iter 32: download_copy_time_cuda = 0.000281
iter 32: upload_copy_time_cuda = 0.000293

iter 33: cpu_time_pred = 0.004562
iter 33: gpu_time_pred = 0.001912
!!Border found at iter 32
iter 33: cpu_time_cuda = 0.004488
iter 33: gpu_time_cuda = 0.001993
iter 33: download_copy_time_cuda = 0.000275
iter 33: upload_copy_time_cuda = 0.000287

iter 34: cpu_time_pred = 0.004463
iter 34: gpu_time_pred = 0.001829
!!Border found at iter 33
iter 34: cpu_time_cuda = 0.004394
iter 34: gpu_time_cuda = 0.001951
iter 34: download_copy_time_cuda = 0.000271
iter 34: upload_copy_time_cuda = 0.000281

iter 35: cpu_time_pred = 0.004363
iter 35: gpu_time_pred = 0.001749
!!Border found at iter 34
iter 35: cpu_time_cuda = 0.004303
iter 35: gpu_time_cuda = 0.001883
iter 35: download_copy_time_cuda = 0.000265
iter 35: upload_copy_time_cuda = 0.000275

iter 36: cpu_time_pred = 0.004264
iter 36: gpu_time_pred = 0.001670
!!Border found at iter 35
iter 36: cpu_time_cuda = 0.004205
iter 36: gpu_time_cuda = 0.001791
iter 36: download_copy_time_cuda = 0.000264
iter 36: upload_copy_time_cuda = 0.000270

iter 37: cpu_time_pred = 0.004165
iter 37: gpu_time_pred = 0.001594
!!Border found at iter 36
iter 37: cpu_time_cuda = 0.004077
iter 37: gpu_time_cuda = 0.001672
iter 37: download_copy_time_cuda = 0.000254
iter 37: upload_copy_time_cuda = 0.000264

iter 38: cpu_time_pred = 0.004066
iter 38: gpu_time_pred = 0.001519
!!Border found at iter 37
iter 38: cpu_time_cuda = 0.003986
iter 38: gpu_time_cuda = 0.001631
iter 38: download_copy_time_cuda = 0.000249
iter 38: upload_copy_time_cuda = 0.000258

iter 39: cpu_time_pred = 0.003967
iter 39: gpu_time_pred = 0.001445
!!Border found at iter 38
iter 39: cpu_time_cuda = 0.003951
iter 39: gpu_time_cuda = 0.001549
iter 39: download_copy_time_cuda = 0.000243
iter 39: upload_copy_time_cuda = 0.000253

iter 40: cpu_time_pred = 0.003868
iter 40: gpu_time_pred = 0.001374
!!Border found at iter 39
iter 40: cpu_time_cuda = 0.003794
iter 40: gpu_time_cuda = 0.001494
iter 40: download_copy_time_cuda = 0.000237
iter 40: upload_copy_time_cuda = 0.000244

iter 41: cpu_time_pred = 0.003768
iter 41: gpu_time_pred = 0.001305
!!Border found at iter 40
iter 41: cpu_time_cuda = 0.003713
iter 41: gpu_time_cuda = 0.001377
iter 41: download_copy_time_cuda = 0.000231
iter 41: upload_copy_time_cuda = 0.000241

iter 42: cpu_time_pred = 0.003669
iter 42: gpu_time_pred = 0.001237
!!Border found at iter 41
iter 42: cpu_time_cuda = 0.003613
iter 42: gpu_time_cuda = 0.001369
iter 42: download_copy_time_cuda = 0.000227
iter 42: upload_copy_time_cuda = 0.000235

iter 43: cpu_time_pred = 0.003570
iter 43: gpu_time_pred = 0.001171
!!Border found at iter 42
iter 43: cpu_time_cuda = 0.003517
iter 43: gpu_time_cuda = 0.001286
iter 43: download_copy_time_cuda = 0.000222
iter 43: upload_copy_time_cuda = 0.000230

iter 44: cpu_time_pred = 0.003471
iter 44: gpu_time_pred = 0.001107
!!Border found at iter 43
iter 44: cpu_time_cuda = 0.003421
iter 44: gpu_time_cuda = 0.001246
iter 44: download_copy_time_cuda = 0.000216
iter 44: upload_copy_time_cuda = 0.000223

iter 45: cpu_time_pred = 0.003372
iter 45: gpu_time_pred = 0.001044
!!Border found at iter 44
iter 45: cpu_time_cuda = 0.003328
iter 45: gpu_time_cuda = 0.001171
iter 45: download_copy_time_cuda = 0.000211
iter 45: upload_copy_time_cuda = 0.000218

iter 46: cpu_time_pred = 0.003273
iter 46: gpu_time_pred = 0.000984
!!Border found at iter 45
iter 46: cpu_time_cuda = 0.003231
iter 46: gpu_time_cuda = 0.001136
iter 46: download_copy_time_cuda = 0.000206
iter 46: upload_copy_time_cuda = 0.000213

iter 47: cpu_time_pred = 0.003173
iter 47: gpu_time_pred = 0.000925
!!Border found at iter 46
iter 47: cpu_time_cuda = 0.003138
iter 47: gpu_time_cuda = 0.001035
iter 47: download_copy_time_cuda = 0.000199
iter 47: upload_copy_time_cuda = 0.000206

iter 48: cpu_time_pred = 0.003074
iter 48: gpu_time_pred = 0.000868
!!Border found at iter 47
iter 48: cpu_time_cuda = 0.003045
iter 48: gpu_time_cuda = 0.000985
iter 48: download_copy_time_cuda = 0.000193
iter 48: upload_copy_time_cuda = 0.000201

iter 49: cpu_time_pred = 0.002975
iter 49: gpu_time_pred = 0.000813
!!Border found at iter 48
iter 49: cpu_time_cuda = 0.002950
iter 49: gpu_time_cuda = 0.000914
iter 49: download_copy_time_cuda = 0.000187
iter 49: upload_copy_time_cuda = 0.000194

iter 50: cpu_time_pred = 0.002876
iter 50: gpu_time_pred = 0.000760
!!Border found at iter 49
iter 50: cpu_time_cuda = 0.002873
iter 50: gpu_time_cuda = 0.000890
iter 50: download_copy_time_cuda = 0.000183
iter 50: upload_copy_time_cuda = 0.000188

iter 51: cpu_time_pred = 0.002777
iter 51: gpu_time_pred = 0.000708
!!Border found at iter 50
iter 51: cpu_time_cuda = 0.002770
iter 51: gpu_time_cuda = 0.000831
iter 51: download_copy_time_cuda = 0.000177
iter 51: upload_copy_time_cuda = 0.000184

iter 52: cpu_time_pred = 0.002678
iter 52: gpu_time_pred = 0.000659
!!Border found at iter 51
iter 52: cpu_time_cuda = 0.002678
iter 52: gpu_time_cuda = 0.000765
iter 52: download_copy_time_cuda = 0.000171
iter 52: upload_copy_time_cuda = 0.000177

iter 53: cpu_time_pred = 0.002578
iter 53: gpu_time_pred = 0.000611
!!Border found at iter 52
iter 53: cpu_time_cuda = 0.002584
iter 53: gpu_time_cuda = 0.000744
iter 53: download_copy_time_cuda = 0.000166
iter 53: upload_copy_time_cuda = 0.000171

iter 54: cpu_time_pred = 0.002479
iter 54: gpu_time_pred = 0.000565
!!Border found at iter 53
iter 54: cpu_time_cuda = 0.002501
iter 54: gpu_time_cuda = 0.000697
iter 54: download_copy_time_cuda = 0.000160
iter 54: upload_copy_time_cuda = 0.000165

iter 55: cpu_time_pred = 0.002380
iter 55: gpu_time_pred = 0.000520
!!Border found at iter 54
iter 55: cpu_time_cuda = 0.002389
iter 55: gpu_time_cuda = 0.000636
iter 55: download_copy_time_cuda = 0.000156
iter 55: upload_copy_time_cuda = 0.000159

iter 56: cpu_time_pred = 0.002281
iter 56: gpu_time_pred = 0.000478
!!Border found at iter 55
iter 56: cpu_time_cuda = 0.002297
iter 56: gpu_time_cuda = 0.000599
iter 56: download_copy_time_cuda = 0.000150
iter 56: upload_copy_time_cuda = 0.000156

iter 57: cpu_time_pred = 0.002182
iter 57: gpu_time_pred = 0.000437
!!Border found at iter 56
iter 57: cpu_time_cuda = 0.002203
iter 57: gpu_time_cuda = 0.000497
iter 57: download_copy_time_cuda = 0.000144
iter 57: upload_copy_time_cuda = 0.000149

iter 58: cpu_time_pred = 0.002083
iter 58: gpu_time_pred = 0.000398
!!Border found at iter 57
iter 58: cpu_time_cuda = 0.002131
iter 58: gpu_time_cuda = 0.000462
iter 58: download_copy_time_cuda = 0.000139
iter 58: upload_copy_time_cuda = 0.000144

iter 59: cpu_time_pred = 0.001983
iter 59: gpu_time_pred = 0.000361
!!Border found at iter 58
iter 59: cpu_time_cuda = 0.001981
iter 59: gpu_time_cuda = 0.000480
iter 59: download_copy_time_cuda = 0.000134
iter 59: upload_copy_time_cuda = 0.000138

iter 60: cpu_time_pred = 0.001884
iter 60: gpu_time_pred = 0.000326
!!Border found at iter 59
iter 60: cpu_time_cuda = 0.001891
iter 60: gpu_time_cuda = 0.000403
iter 60: download_copy_time_cuda = 0.000128
iter 60: upload_copy_time_cuda = 0.000133

iter 61: cpu_time_pred = 0.001785
iter 61: gpu_time_pred = 0.000293
!!Border found at iter 60
iter 61: cpu_time_cuda = 0.001795
iter 61: gpu_time_cuda = 0.000367
iter 61: download_copy_time_cuda = 0.000122
iter 61: upload_copy_time_cuda = 0.000128

iter 62: cpu_time_pred = 0.001686
iter 62: gpu_time_pred = 0.000261
!!Border found at iter 61
iter 62: cpu_time_cuda = 0.001694
iter 62: gpu_time_cuda = 0.000357
iter 62: download_copy_time_cuda = 0.000118
iter 62: upload_copy_time_cuda = 0.000120

iter 63: cpu_time_pred = 0.001587
iter 63: gpu_time_pred = 0.000231
!!Border found at iter 62
iter 63: cpu_time_cuda = 0.001616
iter 63: gpu_time_cuda = 0.000333
iter 63: download_copy_time_cuda = 0.000110
iter 63: upload_copy_time_cuda = 0.000114

iter 64: cpu_time_pred = 0.001488
iter 64: gpu_time_pred = 0.000203
!!Border found at iter 63
iter 64: cpu_time_cuda = 0.001514
iter 64: gpu_time_cuda = 0.000294
iter 64: download_copy_time_cuda = 0.000105
iter 64: upload_copy_time_cuda = 0.000111

iter 65: cpu_time_pred = 0.001388
iter 65: gpu_time_pred = 0.000177
!!Border found at iter 64
iter 65: cpu_time_cuda = 0.001422
iter 65: gpu_time_cuda = 0.000266
iter 65: download_copy_time_cuda = 0.000101
iter 65: upload_copy_time_cuda = 0.000105

iter 66: cpu_time_pred = 0.001289
iter 66: gpu_time_pred = 0.000153
!!Border found at iter 65
iter 66: cpu_time_cuda = 0.001323
iter 66: gpu_time_cuda = 0.000221
iter 66: download_copy_time_cuda = 0.000096
iter 66: upload_copy_time_cuda = 0.000099

iter 67: cpu_time_pred = 0.001190
iter 67: gpu_time_pred = 0.000130
!!Border found at iter 66
iter 67: cpu_time_cuda = 0.001232
iter 67: gpu_time_cuda = 0.000194
iter 67: download_copy_time_cuda = 0.000090
iter 67: upload_copy_time_cuda = 0.000094

iter 68: cpu_time_pred = 0.001091
iter 68: gpu_time_pred = 0.000109
!!Border found at iter 67
iter 68: cpu_time_cuda = 0.001135
iter 68: gpu_time_cuda = 0.000173
iter 68: download_copy_time_cuda = 0.000086
iter 68: upload_copy_time_cuda = 0.000088

iter 69: cpu_time_pred = 0.000992
iter 69: gpu_time_pred = 0.000090
!!Border found at iter 68
iter 69: cpu_time_cuda = 0.001041
iter 69: gpu_time_cuda = 0.000183
iter 69: download_copy_time_cuda = 0.000080
iter 69: upload_copy_time_cuda = 0.000083

iter 70: cpu_time_pred = 0.000893
iter 70: gpu_time_pred = 0.000073
!!Border found at iter 69
iter 70: cpu_time_cuda = 0.000947
iter 70: gpu_time_cuda = 0.000141
iter 70: download_copy_time_cuda = 0.000075
iter 70: upload_copy_time_cuda = 0.000079

iter 71: cpu_time_pred = 0.000793
iter 71: gpu_time_pred = 0.000058
!!Border found at iter 70
iter 71: cpu_time_cuda = 0.000854
iter 71: gpu_time_cuda = 0.000134
iter 71: download_copy_time_cuda = 0.000070
iter 71: upload_copy_time_cuda = 0.000072

iter 72: cpu_time_pred = 0.000694
iter 72: gpu_time_pred = 0.000044
!!Border found at iter 71
iter 72: cpu_time_cuda = 0.000754
iter 72: gpu_time_cuda = 0.000106
iter 72: download_copy_time_cuda = 0.000065
iter 72: upload_copy_time_cuda = 0.000067

iter 73: cpu_time_pred = 0.000595
iter 73: gpu_time_pred = 0.000033
!!Border found at iter 72
iter 73: cpu_time_cuda = 0.000792
iter 73: gpu_time_cuda = 0.000071
iter 73: download_copy_time_cuda = 0.000060
iter 73: upload_copy_time_cuda = 0.000062

iter 74: cpu_time_pred = 0.000496
iter 74: gpu_time_pred = 0.000023
!!Border found at iter 73
iter 74: cpu_time_cuda = 0.000603
iter 74: gpu_time_cuda = 0.000065
iter 74: download_copy_time_cuda = 0.000054
iter 74: upload_copy_time_cuda = 0.000056

iter 75: cpu_time_pred = 0.000397
iter 75: gpu_time_pred = 0.000014
!!Border found at iter 74
iter 75: cpu_time_cuda = 0.000518
iter 75: gpu_time_cuda = 0.000052
iter 75: download_copy_time_cuda = 0.000049
iter 75: upload_copy_time_cuda = 0.000051

iter 76: cpu_time_pred = 0.000298
iter 76: gpu_time_pred = 0.000008
!!Border found at iter 75
iter 76: cpu_time_cuda = 0.000435
iter 76: gpu_time_cuda = 0.000050
iter 76: download_copy_time_cuda = 0.000045
iter 76: upload_copy_time_cuda = 0.000047

iter 77: cpu_time_pred = 0.000198
iter 77: gpu_time_pred = 0.000004
!!Border found at iter 76
iter 77: cpu_time_cuda = 0.000353
iter 77: gpu_time_cuda = 0.000048
iter 77: download_copy_time_cuda = 0.000040
iter 77: upload_copy_time_cuda = 0.000043

iter 78: cpu_time_pred = 0.000099
iter 78: gpu_time_pred = 0.000001
!!Border found at iter 77
iter 78: cpu_time_cuda = 0.000273
iter 78: gpu_time_cuda = 0.000048
iter 78: download_copy_time_cuda = 0.000038
iter 78: upload_copy_time_cuda = 0.000040

iter 79: cpu_time_pred = 0.000000
iter 79: gpu_time_pred = 0.000000
!!Border found at iter 78
iter 79: cpu_time_cuda = 0.000156
iter 79: gpu_time_cuda = 0.000002
iter 79: download_copy_time_cuda = 0.000036
iter 79: upload_copy_time_cuda = 0.000032

total_cpu_time_cuda = 0.302990
total_gpu_time_cuda = 0.150893
total_copy_time_cuda = 0.038935
main_loop_time_cuda = 0.540694
Normalized difference of predicted CPU runtime per iteration is: -3.428366%
Normalized difference of predicted GPU runtime per iteration is: -17.390785%
Normalized difference of predicted slack per iteration is: 1.637392%
 5120  5120     ---   (  ---  )    144.94 (   0.62)     ---   
total_time = 1.462158
1.58user 0.32system 0:02.76elapsed 69%CPU (0avgtext+0avgdata 358772maxresident)k
4504inputs+0outputs (1major+71712minor)pagefaults 0swaps
send out message: 22 3 log
