send out message: 24 37 /home/lchen/MAGMA/magma-1.3.0/results
send out message: 20 26 MAGMA_LU_GPUDVFS.total.pwr
MAGMA 1.3.0
device 0: Tesla K20c, 705.5 MHz clock, 4799.6 MB memory, capability 3.5

Usage: /home/lchen/MAGMA/magma-1.3.0/testing/testing_dgetrf -N <m,n> -c -c2 -l
  -N  can be repeated up to 10 times. If only m is given, then m=n.
  -c  or setting $MAGMA_TESTINGS_CHECK checks result, PA - LU.
  -c2 for square matrices, solves one RHS and checks residual, Ax - b.
  -l  or setting $MAGMA_RUN_LAPACK runs LAPACK.

    M     N   CPU GFlop/s (sec)   GPU GFlop/s (sec)   |PA-LU|/(N*|A|)
=========================================================================
init_time = 0.843077
iter 0: cpu_time_cuda = 0.000000
iter 0: gpu_time_cuda = 0.000000
iter 0: download_copy_time_cuda = 0.000000
iter 0: upload_copy_time_cuda = 0.000497

iter 1: cpu_time_cuda = 0.007738
iter 1: gpu_time_cuda = 0.009048
iter 1: download_copy_time_cuda = 0.000460
iter 1: upload_copy_time_cuda = 0.000483

iter 2: cpu_time_pred = 0.007639
iter 2: gpu_time_pred = 0.008818
iter 2: cpu_time_cuda = 0.007504
iter 2: gpu_time_cuda = 0.006779
iter 2: download_copy_time_cuda = 0.000459
iter 2: upload_copy_time_cuda = 0.000474

iter 3: cpu_time_pred = 0.007407
iter 3: gpu_time_pred = 0.006604
!!Border found at iter 2
iter 3: cpu_time_cuda = 0.007409
iter 3: gpu_time_cuda = 0.006485
iter 3: download_copy_time_cuda = 0.000446
iter 3: upload_copy_time_cuda = 0.000465

iter 4: cpu_time_pred = 0.007311
iter 4: gpu_time_pred = 0.006315
!!Border found at iter 3
iter 4: cpu_time_cuda = 0.007319
iter 4: gpu_time_cuda = 0.006574
iter 4: download_copy_time_cuda = 0.000446
iter 4: upload_copy_time_cuda = 0.000459

iter 5: cpu_time_pred = 0.007221
iter 5: gpu_time_pred = 0.006399
!!Border found at iter 4
iter 5: cpu_time_cuda = 0.007221
iter 5: gpu_time_cuda = 0.006246
iter 5: download_copy_time_cuda = 0.000435
iter 5: upload_copy_time_cuda = 0.000453

iter 6: cpu_time_pred = 0.007124
iter 6: gpu_time_pred = 0.006078
!!Border found at iter 5
iter 6: cpu_time_cuda = 0.007133
iter 6: gpu_time_cuda = 0.005923
iter 6: download_copy_time_cuda = 0.000429
iter 6: upload_copy_time_cuda = 0.000447

iter 7: cpu_time_pred = 0.007035
iter 7: gpu_time_pred = 0.005762
!!Border found at iter 6
iter 7: cpu_time_cuda = 0.007028
iter 7: gpu_time_cuda = 0.005923
iter 7: download_copy_time_cuda = 0.000425
iter 7: upload_copy_time_cuda = 0.000442

iter 8: cpu_time_pred = 0.006930
iter 8: gpu_time_pred = 0.005760
!!Border found at iter 7
iter 8: cpu_time_cuda = 0.006939
iter 8: gpu_time_cuda = 0.005802
iter 8: download_copy_time_cuda = 0.000419
iter 8: upload_copy_time_cuda = 0.000437

iter 9: cpu_time_pred = 0.006841
iter 9: gpu_time_pred = 0.005639
!!Border found at iter 8
iter 9: cpu_time_cuda = 0.006832
iter 9: gpu_time_cuda = 0.005517
iter 9: download_copy_time_cuda = 0.000414
iter 9: upload_copy_time_cuda = 0.000430

iter 10: cpu_time_pred = 0.006734
iter 10: gpu_time_pred = 0.005360
!!Border found at iter 9
iter 10: cpu_time_cuda = 0.006742
iter 10: gpu_time_cuda = 0.005386
iter 10: download_copy_time_cuda = 0.000409
iter 10: upload_copy_time_cuda = 0.000431

iter 11: cpu_time_pred = 0.006645
iter 11: gpu_time_pred = 0.005231
!!Border found at iter 10
iter 11: cpu_time_cuda = 0.006642
iter 11: gpu_time_cuda = 0.005441
iter 11: download_copy_time_cuda = 0.000403
iter 11: upload_copy_time_cuda = 0.000419

iter 12: cpu_time_pred = 0.006544
iter 12: gpu_time_pred = 0.005282
!!Border found at iter 11
iter 12: cpu_time_cuda = 0.006541
iter 12: gpu_time_cuda = 0.005242
iter 12: download_copy_time_cuda = 0.000397
iter 12: upload_copy_time_cuda = 0.000412

iter 13: cpu_time_pred = 0.006444
iter 13: gpu_time_pred = 0.005087
!!Border found at iter 12
iter 13: cpu_time_cuda = 0.006475
iter 13: gpu_time_cuda = 0.005327
iter 13: download_copy_time_cuda = 0.000392
iter 13: upload_copy_time_cuda = 0.000406

iter 14: cpu_time_pred = 0.006376
iter 14: gpu_time_pred = 0.005167
!!Border found at iter 13
iter 14: cpu_time_cuda = 0.006351
iter 14: gpu_time_cuda = 0.005022
iter 14: download_copy_time_cuda = 0.000385
iter 14: upload_copy_time_cuda = 0.000402

iter 15: cpu_time_pred = 0.006253
iter 15: gpu_time_pred = 0.004868
!!Border found at iter 14
iter 15: cpu_time_cuda = 0.006242
iter 15: gpu_time_cuda = 0.004469
iter 15: download_copy_time_cuda = 0.000380
iter 15: upload_copy_time_cuda = 0.000400

iter 16: cpu_time_pred = 0.006144
iter 16: gpu_time_pred = 0.004330
!!Border found at iter 15
iter 16: cpu_time_cuda = 0.006110
iter 16: gpu_time_cuda = 0.004531
iter 16: download_copy_time_cuda = 0.000372
iter 16: upload_copy_time_cuda = 0.000390

iter 17: cpu_time_pred = 0.006014
iter 17: gpu_time_pred = 0.004389
!!Border found at iter 16
iter 17: cpu_time_cuda = 0.006024
iter 17: gpu_time_cuda = 0.004527
iter 17: download_copy_time_cuda = 0.000368
iter 17: upload_copy_time_cuda = 0.000383

iter 18: cpu_time_pred = 0.005927
iter 18: gpu_time_pred = 0.004382
!!Border found at iter 17
iter 18: cpu_time_cuda = 0.005917
iter 18: gpu_time_cuda = 0.004564
iter 18: download_copy_time_cuda = 0.000363
iter 18: upload_copy_time_cuda = 0.000377

iter 19: cpu_time_pred = 0.005820
iter 19: gpu_time_pred = 0.004416
!!Border found at iter 18
iter 19: cpu_time_cuda = 0.005824
iter 19: gpu_time_cuda = 0.004102
iter 19: download_copy_time_cuda = 0.000358
iter 19: upload_copy_time_cuda = 0.000372

iter 20: cpu_time_pred = 0.005727
iter 20: gpu_time_pred = 0.003967
!!Border found at iter 19
iter 20: cpu_time_cuda = 0.005743
iter 20: gpu_time_cuda = 0.004162
iter 20: download_copy_time_cuda = 0.000352
iter 20: upload_copy_time_cuda = 0.000366

iter 21: cpu_time_pred = 0.005646
iter 21: gpu_time_pred = 0.004022
!!Border found at iter 20
iter 21: cpu_time_cuda = 0.005638
iter 21: gpu_time_cuda = 0.003853
iter 21: download_copy_time_cuda = 0.000348
iter 21: upload_copy_time_cuda = 0.000361

iter 22: cpu_time_pred = 0.005541
iter 22: gpu_time_pred = 0.003722
!!Border found at iter 21
iter 22: cpu_time_cuda = 0.005533
iter 22: gpu_time_cuda = 0.003872
iter 22: download_copy_time_cuda = 0.000342
iter 22: upload_copy_time_cuda = 0.000356

iter 23: cpu_time_pred = 0.005436
iter 23: gpu_time_pred = 0.003737
!!Border found at iter 22
iter 23: cpu_time_cuda = 0.005435
iter 23: gpu_time_cuda = 0.003741
iter 23: download_copy_time_cuda = 0.000335
iter 23: upload_copy_time_cuda = 0.000349

iter 24: cpu_time_pred = 0.005338
iter 24: gpu_time_pred = 0.003609
!!Border found at iter 23
iter 24: cpu_time_cuda = 0.005351
iter 24: gpu_time_cuda = 0.003709
iter 24: download_copy_time_cuda = 0.000330
iter 24: upload_copy_time_cuda = 0.000341

iter 25: cpu_time_pred = 0.005254
iter 25: gpu_time_pred = 0.003575
!!Border found at iter 24
iter 25: cpu_time_cuda = 0.005244
iter 25: gpu_time_cuda = 0.003661
iter 25: download_copy_time_cuda = 0.000322
iter 25: upload_copy_time_cuda = 0.000338

iter 26: cpu_time_pred = 0.005147
iter 26: gpu_time_pred = 0.003527
!!Border found at iter 25
iter 26: cpu_time_cuda = 0.005154
iter 26: gpu_time_cuda = 0.003394
iter 26: download_copy_time_cuda = 0.000319
iter 26: upload_copy_time_cuda = 0.000332

iter 27: cpu_time_pred = 0.005057
iter 27: gpu_time_pred = 0.003268
!!Border found at iter 26
iter 27: cpu_time_cuda = 0.005070
iter 27: gpu_time_cuda = 0.003484
iter 27: download_copy_time_cuda = 0.000313
iter 27: upload_copy_time_cuda = 0.000327

iter 28: cpu_time_pred = 0.004973
iter 28: gpu_time_pred = 0.003351
!!Border found at iter 27
iter 28: cpu_time_cuda = 0.004957
iter 28: gpu_time_cuda = 0.003288
iter 28: download_copy_time_cuda = 0.000308
iter 28: upload_copy_time_cuda = 0.000320

iter 29: cpu_time_pred = 0.004860
iter 29: gpu_time_pred = 0.003160
!!Border found at iter 28
iter 29: cpu_time_cuda = 0.004866
iter 29: gpu_time_cuda = 0.003070
iter 29: download_copy_time_cuda = 0.000303
iter 29: upload_copy_time_cuda = 0.000314

iter 30: cpu_time_pred = 0.004769
iter 30: gpu_time_pred = 0.002948
!!Border found at iter 29
iter 30: cpu_time_cuda = 0.004772
iter 30: gpu_time_cuda = 0.003055
iter 30: download_copy_time_cuda = 0.000301
iter 30: upload_copy_time_cuda = 0.000309

iter 31: cpu_time_pred = 0.004675
iter 31: gpu_time_pred = 0.002931
!!Border found at iter 30
iter 31: cpu_time_cuda = 0.004675
iter 31: gpu_time_cuda = 0.002824
iter 31: download_copy_time_cuda = 0.000290
iter 31: upload_copy_time_cuda = 0.000302

iter 32: cpu_time_pred = 0.004578
iter 32: gpu_time_pred = 0.002707
!!Border found at iter 31
iter 32: cpu_time_cuda = 0.004596
iter 32: gpu_time_cuda = 0.002726
iter 32: download_copy_time_cuda = 0.000286
iter 32: upload_copy_time_cuda = 0.000298

iter 33: cpu_time_pred = 0.004498
iter 33: gpu_time_pred = 0.002612
!!Border found at iter 32
iter 33: cpu_time_cuda = 0.004541
iter 33: gpu_time_cuda = 0.002779
iter 33: download_copy_time_cuda = 0.000278
iter 33: upload_copy_time_cuda = 0.000291

iter 34: cpu_time_pred = 0.004442
iter 34: gpu_time_pred = 0.002660
!!Border found at iter 33
iter 34: cpu_time_cuda = 0.004398
iter 34: gpu_time_cuda = 0.002655
iter 34: download_copy_time_cuda = 0.000275
iter 34: upload_copy_time_cuda = 0.000284

iter 35: cpu_time_pred = 0.004300
iter 35: gpu_time_pred = 0.002538
!!Border found at iter 34
iter 35: cpu_time_cuda = 0.004314
iter 35: gpu_time_cuda = 0.002433
iter 35: download_copy_time_cuda = 0.000269
iter 35: upload_copy_time_cuda = 0.000280

iter 36: cpu_time_pred = 0.004216
iter 36: gpu_time_pred = 0.002324
!!Border found at iter 35
iter 36: cpu_time_cuda = 0.004207
iter 36: gpu_time_cuda = 0.002421
iter 36: download_copy_time_cuda = 0.000264
iter 36: upload_copy_time_cuda = 0.000273

iter 37: cpu_time_pred = 0.004109
iter 37: gpu_time_pred = 0.002310
!!Border found at iter 36
iter 37: cpu_time_cuda = 0.004081
iter 37: gpu_time_cuda = 0.002240
iter 37: download_copy_time_cuda = 0.000258
iter 37: upload_copy_time_cuda = 0.000268

iter 38: cpu_time_pred = 0.003984
iter 38: gpu_time_pred = 0.002134
!!Border found at iter 37
iter 38: cpu_time_cuda = 0.003989
iter 38: gpu_time_cuda = 0.002161
iter 38: download_copy_time_cuda = 0.000252
iter 38: upload_copy_time_cuda = 0.000263

iter 39: cpu_time_pred = 0.003892
iter 39: gpu_time_pred = 0.002057
!!Border found at iter 38
iter 39: cpu_time_cuda = 0.003894
iter 39: gpu_time_cuda = 0.002106
iter 39: download_copy_time_cuda = 0.000246
iter 39: upload_copy_time_cuda = 0.000257

iter 40: cpu_time_pred = 0.003796
iter 40: gpu_time_pred = 0.002002
!!Border found at iter 39
iter 40: cpu_time_cuda = 0.003793
iter 40: gpu_time_cuda = 0.002005
iter 40: download_copy_time_cuda = 0.000241
iter 40: upload_copy_time_cuda = 0.000250

iter 41: cpu_time_pred = 0.003696
iter 41: gpu_time_pred = 0.001903
!!Border found at iter 40
iter 41: cpu_time_cuda = 0.003706
iter 41: gpu_time_cuda = 0.001961
iter 41: download_copy_time_cuda = 0.000237
iter 41: upload_copy_time_cuda = 0.000244

iter 42: cpu_time_pred = 0.003609
iter 42: gpu_time_pred = 0.001860
!!Border found at iter 41
iter 42: cpu_time_cuda = 0.003614
iter 42: gpu_time_cuda = 0.001895
iter 42: download_copy_time_cuda = 0.000230
iter 42: upload_copy_time_cuda = 0.000239

iter 43: cpu_time_pred = 0.003517
iter 43: gpu_time_pred = 0.001794
!!Border found at iter 42
iter 43: cpu_time_cuda = 0.003517
iter 43: gpu_time_cuda = 0.001736
iter 43: download_copy_time_cuda = 0.000225
iter 43: upload_copy_time_cuda = 0.000232

iter 44: cpu_time_pred = 0.003420
iter 44: gpu_time_pred = 0.001640
!!Border found at iter 43
iter 44: cpu_time_cuda = 0.003437
iter 44: gpu_time_cuda = 0.001706
iter 44: download_copy_time_cuda = 0.000220
iter 44: upload_copy_time_cuda = 0.000226

iter 45: cpu_time_pred = 0.003339
iter 45: gpu_time_pred = 0.001610
!!Border found at iter 44
iter 45: cpu_time_cuda = 0.003331
iter 45: gpu_time_cuda = 0.001594
iter 45: download_copy_time_cuda = 0.000214
iter 45: upload_copy_time_cuda = 0.000221

iter 46: cpu_time_pred = 0.003233
iter 46: gpu_time_pred = 0.001502
!!Border found at iter 45
iter 46: cpu_time_cuda = 0.003234
iter 46: gpu_time_cuda = 0.001574
iter 46: download_copy_time_cuda = 0.000209
iter 46: upload_copy_time_cuda = 0.000215

iter 47: cpu_time_pred = 0.003136
iter 47: gpu_time_pred = 0.001480
!!Border found at iter 46
iter 47: cpu_time_cuda = 0.003150
iter 47: gpu_time_cuda = 0.015073
iter 47: download_copy_time_cuda = 0.000201
iter 47: upload_copy_time_cuda = 0.000486

iter 48: cpu_time_pred = 0.003052
iter 48: gpu_time_pred = 0.014146
iter 48: cpu_time_cuda = 0.003047
iter 48: gpu_time_cuda = 0.006146
iter 48: download_copy_time_cuda = 0.000413
iter 48: upload_copy_time_cuda = 0.000457

iter 49: cpu_time_pred = 0.002948
iter 49: gpu_time_pred = 0.005756
iter 49: cpu_time_cuda = 0.002952
iter 49: gpu_time_cuda = 0.005687
iter 49: download_copy_time_cuda = 0.000397
iter 49: upload_copy_time_cuda = 0.000445

iter 50: cpu_time_pred = 0.002854
iter 50: gpu_time_pred = 0.005314
iter 50: cpu_time_cuda = 0.002867
iter 50: gpu_time_cuda = 0.005415
iter 50: download_copy_time_cuda = 0.000386
iter 50: upload_copy_time_cuda = 0.000424

iter 51: cpu_time_pred = 0.002768
iter 51: gpu_time_pred = 0.005048
iter 51: cpu_time_cuda = 0.002763
iter 51: gpu_time_cuda = 0.005046
iter 51: download_copy_time_cuda = 0.000367
iter 51: upload_copy_time_cuda = 0.000410

iter 52: cpu_time_pred = 0.002664
iter 52: gpu_time_pred = 0.004692
iter 52: cpu_time_cuda = 0.002682
iter 52: gpu_time_cuda = 0.004733
iter 52: download_copy_time_cuda = 0.000355
iter 52: upload_copy_time_cuda = 0.000395

iter 53: cpu_time_pred = 0.002583
iter 53: gpu_time_pred = 0.004389
iter 53: cpu_time_cuda = 0.002580
iter 53: gpu_time_cuda = 0.004355
iter 53: download_copy_time_cuda = 0.000341
iter 53: upload_copy_time_cuda = 0.000383

iter 54: cpu_time_pred = 0.002480
iter 54: gpu_time_pred = 0.004027
iter 54: cpu_time_cuda = 0.002477
iter 54: gpu_time_cuda = 0.004144
iter 54: download_copy_time_cuda = 0.000326
iter 54: upload_copy_time_cuda = 0.000368

iter 55: cpu_time_pred = 0.002378
iter 55: gpu_time_pred = 0.003819
iter 55: cpu_time_cuda = 0.002379
iter 55: gpu_time_cuda = 0.003717
iter 55: download_copy_time_cuda = 0.000316
iter 55: upload_copy_time_cuda = 0.000352

iter 56: cpu_time_pred = 0.002280
iter 56: gpu_time_pred = 0.003414
iter 56: cpu_time_cuda = 0.002288
iter 56: gpu_time_cuda = 0.003568
iter 56: download_copy_time_cuda = 0.000301
iter 56: upload_copy_time_cuda = 0.000334

iter 57: cpu_time_pred = 0.002188
iter 57: gpu_time_pred = 0.003265
iter 57: cpu_time_cuda = 0.002201
iter 57: gpu_time_cuda = 0.003170
iter 57: download_copy_time_cuda = 0.000288
iter 57: upload_copy_time_cuda = 0.000325

iter 58: cpu_time_pred = 0.002101
iter 58: gpu_time_pred = 0.002888
iter 58: cpu_time_cuda = 0.002079
iter 58: gpu_time_cuda = 0.003016
iter 58: download_copy_time_cuda = 0.000275
iter 58: upload_copy_time_cuda = 0.000305

iter 59: cpu_time_pred = 0.001980
iter 59: gpu_time_pred = 0.002735
iter 59: cpu_time_cuda = 0.001970
iter 59: gpu_time_cuda = 0.002743
iter 59: download_copy_time_cuda = 0.000267
iter 59: upload_copy_time_cuda = 0.000296

iter 60: cpu_time_pred = 0.001872
iter 60: gpu_time_pred = 0.002475
iter 60: cpu_time_cuda = 0.001884
iter 60: gpu_time_cuda = 0.002507
iter 60: download_copy_time_cuda = 0.000254
iter 60: upload_copy_time_cuda = 0.000280

iter 61: cpu_time_pred = 0.001785
iter 61: gpu_time_pred = 0.002250
iter 61: cpu_time_cuda = 0.001788
iter 61: gpu_time_cuda = 0.002255
iter 61: download_copy_time_cuda = 0.000242
iter 61: upload_copy_time_cuda = 0.000264

iter 62: cpu_time_pred = 0.001688
iter 62: gpu_time_pred = 0.002011
iter 62: cpu_time_cuda = 0.001694
iter 62: gpu_time_cuda = 0.001965
iter 62: download_copy_time_cuda = 0.000228
iter 62: upload_copy_time_cuda = 0.000247

iter 63: cpu_time_pred = 0.001594
iter 63: gpu_time_pred = 0.001741
iter 63: cpu_time_cuda = 0.001601
iter 63: gpu_time_cuda = 0.001778
iter 63: download_copy_time_cuda = 0.000218
iter 63: upload_copy_time_cuda = 0.000234

iter 64: cpu_time_pred = 0.001501
iter 64: gpu_time_pred = 0.001562
iter 64: cpu_time_cuda = 0.001524
iter 64: gpu_time_cuda = 0.001619
iter 64: download_copy_time_cuda = 0.000206
iter 64: upload_copy_time_cuda = 0.000220

iter 65: cpu_time_pred = 0.001422
iter 65: gpu_time_pred = 0.001410
iter 65: cpu_time_cuda = 0.001412
iter 65: gpu_time_cuda = 0.001488
iter 65: download_copy_time_cuda = 0.000195
iter 65: upload_copy_time_cuda = 0.000210

iter 66: cpu_time_pred = 0.001311
iter 66: gpu_time_pred = 0.001283
iter 66: cpu_time_cuda = 0.001321
iter 66: gpu_time_cuda = 0.001341
iter 66: download_copy_time_cuda = 0.000183
iter 66: upload_copy_time_cuda = 0.000199

iter 67: cpu_time_pred = 0.001219
iter 67: gpu_time_pred = 0.001143
iter 67: cpu_time_cuda = 0.001231
iter 67: gpu_time_cuda = 0.001124
iter 67: download_copy_time_cuda = 0.000174
iter 67: upload_copy_time_cuda = 0.000187

iter 68: cpu_time_pred = 0.001128
iter 68: gpu_time_pred = 0.000945
!!Border found at iter 67
iter 68: cpu_time_cuda = 0.001131
iter 68: gpu_time_cuda = 0.000948
iter 68: download_copy_time_cuda = 0.000162
iter 68: upload_copy_time_cuda = 0.000176

iter 69: cpu_time_pred = 0.001029
iter 69: gpu_time_pred = 0.000784
!!Border found at iter 68
iter 69: cpu_time_cuda = 0.001048
iter 69: gpu_time_cuda = 0.000876
iter 69: download_copy_time_cuda = 0.000154
iter 69: upload_copy_time_cuda = 0.000165

iter 70: cpu_time_pred = 0.000943
iter 70: gpu_time_pred = 0.000709
!!Border found at iter 69
iter 70: cpu_time_cuda = 0.000953
iter 70: gpu_time_cuda = 0.000774
iter 70: download_copy_time_cuda = 0.000142
iter 70: upload_copy_time_cuda = 0.000153

iter 71: cpu_time_pred = 0.000847
iter 71: gpu_time_pred = 0.000611
!!Border found at iter 70
iter 71: cpu_time_cuda = 0.000851
iter 71: gpu_time_cuda = 0.000678
iter 71: download_copy_time_cuda = 0.000131
iter 71: upload_copy_time_cuda = 0.000144

iter 72: cpu_time_pred = 0.000745
iter 72: gpu_time_pred = 0.000519
!!Border found at iter 71
iter 72: cpu_time_cuda = 0.000755
iter 72: gpu_time_cuda = 0.000601
iter 72: download_copy_time_cuda = 0.000119
iter 72: upload_copy_time_cuda = 0.000142

iter 73: cpu_time_pred = 0.000647
iter 73: gpu_time_pred = 0.000441
!!Border found at iter 72
iter 73: cpu_time_cuda = 0.000680
iter 73: gpu_time_cuda = 0.000410
iter 73: download_copy_time_cuda = 0.000109
iter 73: upload_copy_time_cuda = 0.000136

iter 74: cpu_time_pred = 0.000567
iter 74: gpu_time_pred = 0.000285
!!Border found at iter 73
iter 74: cpu_time_cuda = 0.000595
iter 74: gpu_time_cuda = 0.000354
iter 74: download_copy_time_cuda = 0.000098
iter 74: upload_copy_time_cuda = 0.000132

iter 75: cpu_time_pred = 0.000476
iter 75: gpu_time_pred = 0.000226
!!Border found at iter 74
iter 75: cpu_time_cuda = 0.000513
iter 75: gpu_time_cuda = 0.000302
iter 75: download_copy_time_cuda = 0.000089
iter 75: upload_copy_time_cuda = 0.000123

iter 76: cpu_time_pred = 0.000384
iter 76: gpu_time_pred = 0.000170
!!Border found at iter 75
iter 76: cpu_time_cuda = 0.000437
iter 76: gpu_time_cuda = 0.000257
iter 76: download_copy_time_cuda = 0.000080
iter 76: upload_copy_time_cuda = 0.000120

iter 77: cpu_time_pred = 0.000291
iter 77: gpu_time_pred = 0.000114
!!Border found at iter 76
iter 77: cpu_time_cuda = 0.000352
iter 77: gpu_time_cuda = 0.000242
iter 77: download_copy_time_cuda = 0.000074
iter 77: upload_copy_time_cuda = 0.000112

iter 78: cpu_time_pred = 0.000176
iter 78: gpu_time_pred = 0.000061
!!Border found at iter 77
iter 78: cpu_time_cuda = 0.000264
iter 78: gpu_time_cuda = 0.000238
iter 78: download_copy_time_cuda = 0.000067
iter 78: upload_copy_time_cuda = 0.000098

iter 79: cpu_time_pred = 0.000000
iter 79: gpu_time_pred = 0.000000
!!Border found at iter 78
iter 79: cpu_time_cuda = 0.000158
iter 79: gpu_time_cuda = 0.000003
iter 79: download_copy_time_cuda = 0.000065
iter 79: upload_copy_time_cuda = 0.000070

total_cpu_time_cuda = 0.302707
total_gpu_time_cuda = 0.267585
total_copy_time_cuda = 0.047375
main_loop_time_cuda = 0.681119
 5120  5120     ---   (  ---  )    109.74 (   0.82)     ---   
total_time = 1.661779
1.65user 0.45system 0:02.94elapsed 71%CPU (0avgtext+0avgdata 358512maxresident)k
4504inputs+0outputs (1major+71697minor)pagefaults 0swaps
send out message: 22 3 log
