cpu0
2601000
cpu1
2601000
cpu2
2601000
cpu3
2601000
cpu4
2601000
cpu5
2601000
cpu6
2601000
cpu7
2601000
cpu8
2601000
cpu9
2601000
cpu10
2601000
cpu11
2601000
cpu12
2601000
cpu13
2601000
cpu14
2601000
cpu15
2601000
send out message: 24 37 /home/lchen/MAGMA/magma-1.3.0/results
send out message: 20 26 MAGMA_LU_GPUDVFS.total.pwr
MAGMA 1.3.0
device 0: Tesla K20c, 705.5 MHz clock, 4799.6 MB memory, capability 3.5

Usage: /home/lchen/MAGMA/magma-1.3.0/testing/testing_dgetrf -N <m,n> -c -c2 -l
  -N  can be repeated up to 10 times. If only m is given, then m=n.
  -c  or setting $MAGMA_TESTINGS_CHECK checks result, PA - LU.
  -c2 for square matrices, solves one RHS and checks residual, Ax - b.
  -l  or setting $MAGMA_RUN_LAPACK runs LAPACK.

    M     N   CPU GFlop/s (sec)   GPU GFlop/s (sec)   |PA-LU|/(N*|A|)
=========================================================================
init_time = 6.259662
iter2: 0.211558TX0.306623
iter3: 0.211558TX0.306623
iter4: 0.211558TX0.306623
iter5: 0.211558TX0.306623
iter6: 0.211558TX0.306623
iter7: 0.211558TX0.306623
iter8: 0.211558TX0.306623
iter9: 0.211558TX0.306623
iter10: 0.211558TX0.306623
iter11: 0.211558TX0.306623
iter12: 0.211558TX0.306623
iter13: 0.211558TX0.306623
iter14: 0.211558TX0.306623
iter15: 0.211558TX0.306623
iter16: 0.211558TX0.306623
iter17: 0.211558TX0.306623
iter18: 0.211558TX0.306623
iter19: 0.211558TX0.306623
iter20: 0.211558TX0.306623
iter21: 0.211558TX0.306623
iter22: 0.211558TX0.306623
iter23: 0.211558TX0.306623
iter24: 0.211558TX0.306623
iter25: 0.211558TX0.306623
iter26: 0.211558TX0.306623
iter27: 0.211558TX0.306623
iter28: 0.211558TX0.306623
iter29: 0.211558TX0.306623
iter30: 0.211558TX0.306623
iter31: 0.211558TX0.306623
iter32: 0.211558TX0.306623
iter33: 0.211558TX0.306623
iter34: 0.211558TX0.306623
iter35: 0.211558TX0.306623
iter36: 0.211558TX0.306623
iter37: 0.211558TX0.306623
iter38: 0.211558TX0.306623
iter39: 0.211558TX0.306623
iter40: 0.211558TX0.306623
iter41: 0.211558TX0.306623
iter42: 0.211558TX0.306623
iter43: 0.211558TX0.306623
iter44: 0.211558TX0.306623
iter45: 0.211558TX0.306623
iter46: 0.211558TX0.306623
iter47: 0.211558TX0.306623
iter48: 0.211558TX0.306623
iter49: 0.211558TX0.306623
iter50: 0.211558TX0.306623
iter51: 0.211558TX0.306623
iter52: 0.211558TX0.306623
iter53: 0.211558TX0.306623
iter54: 0.211558TX0.306623
iter55: 0.211558TX0.306623
iter56: 0.211558TX0.306623
iter57: 0.211558TX0.306623
iter58: 0.211558TX0.306623
iter59: 0.211558TX0.306623
iter60: 0.211558TX0.306623
iter61: 0.211558TX0.306623
iter62: 0.211558TX0.306623
iter63: 0.211558TX0.306623
iter64: 0.211558TX0.306623
iter65: 0.211558TX0.306623
iter66: 0.211558TX0.306623
iter67: 0.211558TX0.306623
iter68: 0.211558TX0.306623
iter69: 0.211558TX0.306623
iter70: 0.211558TX0.306623
iter71: 0.211558TX0.306623
iter72: 0.211558TX0.306623
iter73: 0.211558TX0.306623
iter74: 0.211558TX0.306623
iter75: 0.211558TX0.306623
iter76: 0.211558TX0.306623
iter77: 0.211558TX0.306623
20000 20000     ---   (  ---  )    373.72 (  14.27)     ---   
total_time = 20.531641
send out message: 22 3 log
cpu0
2600000
cpu1
2600000
cpu2
2600000
cpu3
2600000
cpu4
2600000
cpu5
2600000
cpu6
2600000
cpu7
2600000
cpu8
2600000
cpu9
2600000
cpu10
2600000
cpu11
2600000
cpu12
2600000
cpu13
2600000
cpu14
2600000
cpu15
2600000
